 Cartesian Coordinates are in [bohr]
 Creating new Variables:
 HX1               0.00000000
 HY1               0.00000000
 HZ1               1.36203410
 HX2               0.00000000
 HY2               0.00000000
 HZ2              -0.03922582
 Task   1   Incrementing variable HX1   by    0.010 BOH (Skipping negative increment due to symmetry).
 Task   2   Incrementing variable HY1   by    0.010 BOH (Skipping negative increment due to symmetry).
 Task   3   Incrementing variable HZ1   by    0.010 BOH
 Task   4   Incrementing variable HZ1   by   -0.010 BOH
 Task   5   Incrementing variable HX2   by    0.010 BOH (Skipping negative increment due to symmetry).
 Task   6   Incrementing variable HY2   by    0.010 BOH (Skipping negative increment due to symmetry).
 Task   7   Incrementing variable HZ2   by    0.010 BOH
 Task   8   Incrementing variable HZ2   by   -0.010 BOH

 Switching to mppx mode, nproc=  8

 Starting task   1.  CPU=     0.00 sec, Elapsed=     0.01 sec
 Incrementing variable HX1              by  0.010000 BOH   to    0.010000 BOH


 Using spherical harmonics



 PROGRAM * SEWARD (Integral evaluation for generally contracted gaussian basis sets)     Author: Roland Lindh, 1990

 Geometry written to block  1 of record 702


 Point group  Cs  



 ATOMIC COORDINATES

 NR  ATOM    CHARGE       X              Y              Z

   1  H       1.00    0.010000000    0.000000000    1.362034102
   2  H       1.00    0.000000000    0.000000000   -0.039225815

 Bond lengths in Bohr (Angstrom)

 1-2  1.401295599
     ( 0.741533697)

 NUCLEAR CHARGE:                    2
 NUMBER OF PRIMITIVE AOS:         100
 NUMBER OF SYMMETRY AOS:           92
 NUMBER OF CONTRACTIONS:           28   (   20A'  +    8A"  )
 NUMBER OF INNER CORE ORBITALS:     0   (    0A'  +    0A"  )
 NUMBER OF OUTER CORE ORBITALS:     0   (    0A'  +    0A"  )
 NUMBER OF VALENCE ORBITALS:        2   (    2A'  +    0A"  )


 NUCLEAR REPULSION ENERGY    0.71362531

 Eigenvalues of metric

         1 0.732E-03 0.254E-01 0.417E-01 0.465E-01 0.487E+00 0.489E+00 0.498E+00 0.657E+00
         2 0.254E-01 0.487E+00 0.498E+00 0.689E+00 0.136E+01 0.143E+01 0.151E+01 0.200E+01


 Contracted 2-electron integrals neglected if value below      1.0D-18
 AO integral compression algorithm  1   Integral accuracy      1.0D-18

     0.524 MB (compressed) written to integral file (100.0%)


 NUMBER OF SORTED TWO-ELECTRON INTEGRALS:      45501.     BUFFER LENGTH:  32768
 NUMBER OF SEGMENTS:   1  SEGMENT LENGTH:      45501      RECORD LENGTH: 524288

 Memory used in sort:       0.60 MW

 SORT1 READ       61631. AND WROTE       40751. INTEGRALS IN      1 RECORDS. CPU TIME:     0.00 SEC, REAL TIME:     0.00 SEC
 SORT2 READ       40751. AND WROTE       45501. INTEGRALS IN      2 RECORDS. CPU TIME:     0.01 SEC, REAL TIME:     0.01 SEC

 FILE SIZES:   FILE 1:    30.9 MBYTE,  FILE 4:     4.2 MBYTE,   TOTAL:     35.2 MBYTE

 OPERATOR DM      FOR CENTER  0  COORDINATES:    0.000000    0.000000    0.000000

 Program * Restricted Hartree-Fock

 Molecular orbitals read from record     2100.2  Type=RHF/CANONICAL  

 Present basis size:       20    8
 Previous basis size:      14    6    6    2
 Previous occupation:       1    0    0    0
 Previous closed-shells:    1    0    0    0
 Present occupation:        1    0
 Present closed-shells:     1    0
 Wavefunction symmetry:    1   Singlet 

 Orbital overlap <old|new>:  < 1.1| 1.1> = 1.000000


 NELEC=    2   SYM=1   MS2= 0   THRE=1.0D-12   THRD=1.0D-07   THRG=1.0D-07  HFMA2=F  DIIS_START=2   DIIS_MAX=10   DIIS_INCORE=F

 Level shifts:    0.00 (CLOSED)    0.00 (OPEN)    0.30 (GAP_MIN)

 ITER           ETOT              DE          GRAD        DDIFF     DIIS  NEXP   TIME(IT)  TIME(TOT)  DIAG
   1       -1.13337388      -1.13337388     0.00D+00     0.64D-01     0     0       0.00      0.00    start
   2       -1.13341338      -0.00003950     0.16D-02     0.27D-03     1     0       0.00      0.00    diag
   3       -1.13341440      -0.00000102     0.21D-03     0.58D-04     2     0       0.00      0.00    diag
   4       -1.13341440      -0.00000001     0.16D-04     0.74D-05     3     0       0.01      0.01    diag
   5       -1.13341440      -0.00000000     0.29D-06     0.75D-07     4     0       0.00      0.01    diag
   6       -1.13341440      -0.00000000     0.17D-07     0.12D-07     5     0       0.00      0.01    diag
   7       -1.13341440       0.00000000     0.95D-09     0.52D-09     0     0       0.00      0.01    diag

 Final occupancy:   1   0

 !RHF STATE 1.1 Energy                 -1.133414404756
  RHF One-electron energy              -2.504235646766
  RHF Two-electron energy               0.657195936676
  RHF Kinetic energy                    1.120817082790
  RHF Nuclear energy                    0.713625305333
  RHF Virial quotient                  -1.011239409320

 !RHF STATE 1.1 Dipole moment           0.00000000     0.00000000     0.00000000
 Dipole moment /Debye                   0.00000000     0.00000000     0.00000000

 Orbital energies:

           1.1          2.1          3.1
     -0.594922     0.243789     0.499794

           1.2          2.2
      0.579661     1.088744


 HOMO      1.1    -0.594922 =     -16.1886eV
 LUMO      2.1     0.243789 =       6.6338eV
 LUMO-HOMO         0.838711 =      22.8225eV

 Orbitals saved in record  2101.1


 **********************************************************************************************************************************
 DATASETS  * FILE   NREC   LENGTH (MB)   RECORD NAMES
              1      21       29.45       500      610      700      702      900      950      970     1001      129      960   
                                          VAR    BASINP    GEOM     GEOM    SYMINP    ZMAT    AOBASIS   BASIS     P2S    ABASIS    
                                         1100     1400     1410     1200     1210     1080     1600     1650     1300     1700   
                                           S        T        V       H0       H01     AOSYM     SMH    MOLCAS    ERIS     OPER   
                                         2101   
                                          RHF  

              2       9        0.78       700     1000      520     2100     8500      701     5500      702     1001   
                                         GEOM     BASIS   MCVARS     RHF     CPHF     GEOM     HINFO    GEOM     BASIS   

 PROGRAMS   *        TOTAL    HF-SCF   CCSD(T)    HF-SCF       INT
 CPU TIMES  *         1.36      0.56      0.15      0.16      0.34
 REAL TIME  *         2.63 SEC
 DISK USED  *        34.37 MB
 SF USED    *         0.58 MB
 **********************************************************************************************************************************


 PROGRAM * CCSD (Closed-shell coupled cluster)     Authors: C. Hampel, H.-J. Werner, 1991, M. Deegan, P.J. Knowles, 1992


 Convergence thresholds:  THRVAR = 1.00D-16  THRDEN = 1.00D-12

 CCSD(T)     terms to be evaluated (factor= 1.000)


 Using ITF CCSD(T) gradient implementation

 Number of closed-shell orbitals:   1 (   1   0 )
 Number of external orbitals:      27 (  19   8 )

 Molecular orbitals read from record     2101.1  Type=RHF/CANONICAL (state 1.1)

 Integral transformation finished. Total CPU:   0.00 sec, npass=  1  Memory used:   0.08 MW
 Time for re-packing tensors:             0.00 sec
  Reference energy                     -1.133414404756

  MP2 correlation energy               -0.031877309871
  MP2 total energy                     -1.165291714628

 ITER.      SQ.NORM     CORR.ENERGY   TOTAL ENERGY   ENERGY CHANGE        DEN1      VAR(S)    VAR(P)  DIIS     TIME
   1      1.01487652    -0.03877721    -1.17219161    -0.00689990    -0.00496263  3.69e-05  5.13e-04  1  1     0.00
   2      1.01690598    -0.03952663    -1.17294103    -0.00074942    -0.00173155  4.56e-06  8.38e-05  2  2     0.00
   3      1.01795944    -0.03964874    -1.17306314    -0.00012211    -0.00076363  9.75e-08  9.03e-06  3  3     0.01
   4      1.01824575    -0.03964727    -1.17306167     0.00000147    -0.00020858  2.43e-08  1.07e-06  4  4     0.01
   5      1.01836405    -0.03964525    -1.17305966     0.00000202    -0.00007411  7.12e-10  8.04e-08  5  5     0.01
   6      1.01839367    -0.03964401    -1.17305841     0.00000125    -0.00001967  1.56e-11  4.14e-09  6  0     0.01
   7      1.01839978    -0.03964365    -1.17305805     0.00000036    -0.00000468  2.56e-13  2.16e-10  6  1     0.01
   8      1.01840108    -0.03964356    -1.17305797     0.00000009    -0.00000107  8.56e-15  1.12e-11  6  2     0.01
   9      1.01840138    -0.03964354    -1.17305795     0.00000002    -0.00000025  1.28e-15  5.95e-13  6  3     0.01
  10      1.01840145    -0.03964354    -1.17305794     0.00000000    -0.00000006  1.34e-16  3.17e-14  6  4     0.01
  11      1.01840146    -0.03964354    -1.17305794     0.00000000    -0.00000001  5.88e-18  1.74e-15  6  5     0.02
  12      1.01840147    -0.03964354    -1.17305794     0.00000000    -0.00000000  3.90e-19  1.06e-16  6  0     0.02
  13      1.01840147    -0.03964354    -1.17305794     0.00000000    -0.00000000  2.64e-20  7.16e-18  6  1     0.02
  14      1.01840147    -0.03964354    -1.17305794     0.00000000    -0.00000000  1.37e-21  4.22e-19  6  2     0.02
  15      1.01840147    -0.03964354    -1.17305794     0.00000000    -0.00000000  2.45e-23  2.38e-20  6  3     0.02
  16      1.01840147    -0.03964354    -1.17305794     0.00000000    -0.00000000  1.65e-24  1.23e-21           0.02

 Norm of t1 vector:      0.01031078     S-energy:      0.00000000   T1 diagnostic:  0.00515539

 Time per iteration:                      0.00 sec

 RESULTS
 =======

  Reference energy                     -1.133414404756
  CCSD correlation energy              -0.039643538511
  CCSD total energy                    -1.173057943267

  Triples (T) contribution              0.000000000000
  Total correlation energy             -0.039643538511
  CCSD[T] total energy                 -1.173057943267
 !CCSD(T) total energy                 -1.173057943267

 Starting CP-CCSD(T) iterations.   Author: W. Gyorffy (2015)

 ITER.      NRM1           NRM2      VAR(S)+VAR(P)   DIIS    TIME
   1     0.00010170     0.01783583     3.14e-06      1  1    0.00
   2     0.00009832     0.01771378     2.60e-07      2  2    0.00
   3     0.00009692     0.01766474     2.58e-08      3  3    0.00
   4     0.00009631     0.01764380     9.50e-10      4  4    0.01
   5     0.00009619     0.01764050     3.90e-11      5  5    0.01
   6     0.00009617     0.01764001     4.18e-13      6  0    0.01
   7     0.00009616     0.01763998     4.14e-15      6  1    0.01
   8     0.00009616     0.01763998     1.24e-16      6  2    0.01
   9     0.00009616     0.01763998     3.83e-18      6  3    0.01
  10     0.00009616     0.01763998     6.51e-20      6  4    0.01
  11     0.00009616     0.01763998     1.37e-21              0.01


 Time per iteration:                      0.00 sec


 CPHF trial vector read from record  8500.2

 Starting Coupled-perturbed Hartree-Fock, convergence threshold= 1.0D-06

 ITER  FOCK  DIIS      VAR         VARC       CPU
   2     1     1    0.95D-08    0.00D+00     0.00

 CPHF convergence reached in  1 macroiterations and    0 microiterations.   Accuracy: 9.5150D-09

 Dipole moments (unrelaxed):           -0.00000000     0.00000000    -0.00000000
 Orbital relaxation contribution:       0.00000000    -0.00000000     0.00000000
 !CCSD(T) STATE 1.1 Dipole moment       0.00000000     0.00000000     0.00000000
 Dipole moment /Debye                   0.00000000     0.00000000     0.00000000

 CPU-time for coupled-perturbed hartree-fock:          0.00 sec

 Number of N-1 electron functions:               1
 Number of N-2 electron functions:               1
 Number of singly external CSFs:                19
 Number of doubly external CSFs:               226
 Total number of CSFs:                         246

 CCSD(T) gradient info saved on record        55555.1




 **********************************************************************************************************************************
 DATASETS  * FILE   NREC   LENGTH (MB)   RECORD NAMES
              1      24       29.59       500      610      700      702      900      950      970     1001      129      960   
                                          VAR    BASINP    GEOM     GEOM    SYMINP    ZMAT    AOBASIS   BASIS     P2S    ABASIS    
                                         1100     1400     1410     1200     1210     1080     1600     1650     1300     1700   
                                           S        T        V       H0       H01     AOSYM     SMH    MOLCAS    ERIS     OPER   
                                         2101     1380     3791    55555   
                                          RHF     JKOP             CCSD(T)    

              2       9        0.78       700     1000      520     2100     8500      701     5500      702     1001   
                                         GEOM     BASIS   MCVARS     RHF     CPHF     GEOM     HINFO    GEOM     BASIS   

 PROGRAMS   *        TOTAL   CCSD(T)   CCSD(T)    HF-SCF       INT
 CPU TIMES  *         1.48      0.12      0.15      0.16      0.34
 REAL TIME  *         2.85 SEC
 DISK USED  *        34.37 MB
 SF USED    *         0.58 MB
 **********************************************************************************************************************************

 PROGRAM * ALASKA (Gradient of the energy)     Author: R. Lindh


 CCSD(T) Gradient info restored from record   55555.1

 Number of closed-shell orbitals:   1 (   1   0 )
 Number of external orbitals:      27 (  19   8 )

 Integral thresholds in T2TRAN:            1.0D-10 (PROD)

 4-index transformation of triples contribution
    CPU used (ia|bd)=>(ia|AB):     0.00 secs
    algorithm:                     fully in-core
        memory used:               0.32 MW
    CPU used (ia|AB)=>(AB|ia):     0.00 secs
    CPU used (AB|ia)=>(AB|CD):     0.00 secs

 Available memory for Transformation:1497865628 words
 Memory needed for incore algorithm:       6764 words
 Minimum memory needed:                    5100 words

 Memory used for transformation:           0.01 MW
 Available memory for gradients:        1499.86 MW

 CPU for transformation:                   0.00 sec
 CPU for integrals and gradient:           0.30 sec
 Total CPU:                                0.30 sec

 Prescreening statistics:
 ========================

 Total number of shell quadruplets:        2.31D+02
 Number of shell quadruplets processed:    2.31D+02 (100.00%)

 CCSD(T) GRADIENT FOR STATE 1.1

 Atom          dE/dx               dE/dy               dE/dz

   1        -0.000014020         0.000000000        -0.001964627
   2         0.000014020         0.000000000         0.001964627

 Nuclear force contribution to virial =        -0.002753093

 Tasks on processor    0 finished.  CPU=      1.33 sec, Elapsed=      1.44 sec. Waiting for other processors...

 Switching back to mpp mode, nproc=  8


 Recomputing wavefunction at initial geometry


 Using spherical harmonics



 PROGRAM * SEWARD (Integral evaluation for generally contracted gaussian basis sets)     Author: Roland Lindh, 1990

 Geometry written to block  1 of record 700


 Point group  C2v 



 ATOMIC COORDINATES

 NR  ATOM    CHARGE       X              Y              Z

   1  H       1.00    0.000000000    0.000000000    1.362034102
   2  H       1.00    0.000000000    0.000000000   -0.039225815

 Bond lengths in Bohr (Angstrom)

 1-2  1.401259918
     ( 0.741514815)

 NUCLEAR CHARGE:                    2
 NUMBER OF PRIMITIVE AOS:         100
 NUMBER OF SYMMETRY AOS:           92
 NUMBER OF CONTRACTIONS:           28   (   14A1  +    6B1  +    6B2  +    2A2  )
 NUMBER OF INNER CORE ORBITALS:     0   (    0A1  +    0B1  +    0B2  +    0A2  )
 NUMBER OF OUTER CORE ORBITALS:     0   (    0A1  +    0B1  +    0B2  +    0A2  )
 NUMBER OF VALENCE ORBITALS:        2   (    2A1  +    0B1  +    0B2  +    0A2  )


 NUCLEAR REPULSION ENERGY    0.71364348

 EXTRA SYMMETRY OF AOS IN SYMMETRY 1:   1 1 1 1 1 1 2 1 1 1   1 1 1 2

 Eigenvalues of metric

         1 0.732E-03 0.417E-01 0.465E-01 0.487E+00 0.489E+00 0.657E+00 0.761E+00 0.120E+01
         2 0.254E-01 0.498E+00 0.689E+00 0.136E+01 0.143E+01 0.200E+01
         3 0.254E-01 0.498E+00 0.689E+00 0.136E+01 0.143E+01 0.200E+01
         4 0.487E+00 0.151E+01


 Contracted 2-electron integrals neglected if value below      1.0D-18
 AO integral compression algorithm  1   Integral accuracy      1.0D-18

     2.097 MB (compressed) written to integral file (100.0%)

     Node minimum: 0.262 MB, node maximum: 0.262 MB


 NUMBER OF SORTED TWO-ELECTRON INTEGRALS:       2666.     BUFFER LENGTH:  32768
 NUMBER OF SEGMENTS:   1  SEGMENT LENGTH:       2666      RECORD LENGTH: 524288

 Memory used in sort:       0.56 MW

 SORT1 READ       32016. AND WROTE        2336. INTEGRALS IN      1 RECORDS. CPU TIME:     0.01 SEC, REAL TIME:     0.02 SEC
 SORT2 READ       21136. AND WROTE       24933. INTEGRALS IN      8 RECORDS. CPU TIME:     0.00 SEC, REAL TIME:     0.00 SEC

 Node minimum:        2380.  Node maximum:        3821. integrals

 OPERATOR DM      FOR CENTER  0  COORDINATES:    0.000000    0.000000    0.000000

 Program * Restricted Hartree-Fock

 Molecular orbitals read from record     2100.2  Type=RHF/CANONICAL  

 NELEC=    2   SYM=1   MS2= 0   THRE=1.0D-12   THRD=1.0D-06   THRG=1.0D-06  HFMA2=F  DIIS_START=2   DIIS_MAX=10   DIIS_INCORE=F

 Level shifts:    0.00 (CLOSED)    0.00 (OPEN)    0.30 (GAP_MIN)

 ITER           ETOT              DE          GRAD        DDIFF     DIIS  NEXP   TIME(IT)  TIME(TOT)  DIAG
   1       -1.13341457      -1.13341457     0.00D+00     0.82D-01     0     0       0.00      0.00    start
   2       -1.13341457      -0.00000000     0.12D-08     0.39D-09     1     0       0.00      0.00    diag

 Final occupancy:   1   0   0   0

 !RHF STATE 1.1 Energy                 -1.133414572138
  RHF One-electron energy              -2.504260483251
  RHF Two-electron energy               0.657202434006
  RHF Kinetic energy                    1.120835426124
  RHF Nuclear energy                    0.713643477107
  RHF Virial quotient                  -1.011223008945

 !RHF STATE 1.1 Dipole moment           0.00000000     0.00000000    -0.00000000
 Dipole moment /Debye                   0.00000000     0.00000000    -0.00000000

 Orbital energies:

           1.1          2.1          3.1
     -0.594928     0.243793     0.499792

           1.2          2.2
      0.579663     1.088750

           1.3          2.3
      0.579663     1.088750

           1.4          2.4
      2.104285     3.148120


 HOMO      1.1    -0.594928 =     -16.1888eV
 LUMO      2.1     0.243793 =       6.6340eV
 LUMO-HOMO         0.838721 =      22.8228eV

 Orbitals saved in record  2100.2


 **********************************************************************************************************************************
 DATASETS  * FILE   NREC   LENGTH (MB)   RECORD NAMES
              1      18       28.81       500      610      700      900      950      970     1000      129      960     1100   
                                          VAR    BASINP    GEOM    SYMINP    ZMAT    AOBASIS   BASIS     P2S    ABASIS      S 
                                         1400     1410     1200     1210     1080     1600     1650     1700   
                                           T        V       H0       H01     AOSYM     SMH    MOLCAS    OPER   

              2       8        0.38       700     1000      520     2100     8500     5300     5450     5400   
                                         GEOM     BASIS   MCVARS     RHF     CPHF     HESS     NMOD     FREQ   

 PROGRAMS   *        TOTAL    HF-SCF   CCSD(T)    HF-SCF       INT
 CPU TIMES  *         3.12      1.03      0.15      0.16      0.34
 REAL TIME  *         5.27 SEC
 DISK USED  *        34.37 MB (local),      305.44 MB (total)
 SF USED    *         0.58 MB
 GA USED    *         0.00 MB       (max)       0.00 MB       (current)
 **********************************************************************************************************************************


 PROGRAM * CCSD (Closed-shell coupled cluster)     Authors: C. Hampel, H.-J. Werner, 1991, M. Deegan, P.J. Knowles, 1992


 Convergence thresholds:  THRVAR = 1.00D-16  THRDEN = 1.00D-12

 CCSD(T)     terms to be evaluated (factor= 1.000)


 Using ITF CCSD(T) gradient implementation

 Number of closed-shell orbitals:   1 (   1   0   0   0 )
 Number of external orbitals:      27 (  13   6   6   2 )

 Molecular orbitals read from record     2100.2  Type=RHF/CANONICAL (state 1.1)

 Integral transformation finished. Total CPU:   0.00 sec, npass=  1  Memory used:   0.07 MW
 Time for re-packing tensors:             0.00 sec
  Reference energy                     -1.133414572138

  MP2 correlation energy               -0.031877216659
  MP2 total energy                     -1.165291788797

 ITER.      SQ.NORM     CORR.ENERGY   TOTAL ENERGY   ENERGY CHANGE        DEN1      VAR(S)    VAR(P)  DIIS     TIME
   1      1.01487615    -0.03877701    -1.17219159    -0.00689980    -0.00496259  3.69e-05  5.13e-04  1  1     0.00
   2      1.01690550    -0.03952640    -1.17294097    -0.00074939    -0.00173150  4.56e-06  8.38e-05  2  2     0.01
   3      1.01795888    -0.03964850    -1.17306307    -0.00012210    -0.00076359  9.75e-08  9.03e-06  3  3     0.01
   4      1.01824517    -0.03964703    -1.17306160     0.00000147    -0.00020857  2.43e-08  1.07e-06  4  4     0.01
   5      1.01836346    -0.03964501    -1.17305959     0.00000202    -0.00007410  7.12e-10  8.04e-08  5  5     0.01
   6      1.01839307    -0.03964377    -1.17305834     0.00000125    -0.00001966  1.56e-11  4.13e-09  6  0     0.01
   7      1.01839918    -0.03964341    -1.17305798     0.00000036    -0.00000468  2.56e-13  2.15e-10  6  1     0.01
   8      1.01840048    -0.03964333    -1.17305790     0.00000009    -0.00000107  8.55e-15  1.12e-11  6  2     0.02
   9      1.01840078    -0.03964331    -1.17305788     0.00000002    -0.00000025  1.28e-15  5.95e-13  6  3     0.02
  10      1.01840085    -0.03964330    -1.17305787     0.00000000    -0.00000006  1.33e-16  3.17e-14  6  4     0.02
  11      1.01840086    -0.03964330    -1.17305787     0.00000000    -0.00000001  5.88e-18  1.74e-15  6  5     0.02
  12      1.01840087    -0.03964330    -1.17305787     0.00000000    -0.00000000  3.89e-19  1.06e-16  6  0     0.03
  13      1.01840087    -0.03964330    -1.17305787     0.00000000    -0.00000000  2.64e-20  7.16e-18  6  1     0.03
  14      1.01840087    -0.03964330    -1.17305787     0.00000000    -0.00000000  1.37e-21  4.22e-19  6  2     0.03
  15      1.01840087    -0.03964330    -1.17305787     0.00000000    -0.00000000  2.45e-23  2.38e-20  6  3     0.03
  16      1.01840087    -0.03964330    -1.17305787     0.00000000    -0.00000000  1.66e-24  1.23e-21           0.03

 Norm of t1 vector:      0.01031021     S-energy:      0.00000000   T1 diagnostic:  0.00515510

 Time per iteration:                      0.00 sec

 RESULTS
 =======

  Reference energy                     -1.133414572138
  CCSD correlation energy              -0.039643300784
  CCSD total energy                    -1.173057872922

  Triples (T) contribution              0.000000000000
  Total correlation energy             -0.039643300784
  CCSD[T] total energy                 -1.173057872922
 !CCSD(T) total energy                 -1.173057872922

 Starting CP-CCSD(T) iterations.   Author: W. Gyorffy (2015)

 ITER.      NRM1           NRM2      VAR(S)+VAR(P)   DIIS    TIME
   1     0.00010168     0.01783527     3.14e-06      1  1    0.01
   2     0.00009831     0.01771322     2.60e-07      2  2    0.01
   3     0.00009691     0.01766419     2.58e-08      3  3    0.01
   4     0.00009630     0.01764326     9.50e-10      4  4    0.01
   5     0.00009618     0.01763996     3.90e-11      5  5    0.01
   6     0.00009616     0.01763946     4.18e-13      6  0    0.01
   7     0.00009615     0.01763943     4.14e-15      6  1    0.02
   8     0.00009615     0.01763943     1.24e-16      6  2    0.02
   9     0.00009615     0.01763943     3.83e-18      6  3    0.02
  10     0.00009615     0.01763943     6.51e-20      6  4    0.02
  11     0.00009615     0.01763943     1.37e-21              0.02


 Time per iteration:                      0.00 sec


 CPHF trial vector read from record  8500.2

 Starting Coupled-perturbed Hartree-Fock, convergence threshold= 1.0D-06

 ITER  FOCK  DIIS      VAR         VARC       CPU
   2     1     1    0.71D-08    0.00D+00     0.00

 CPHF convergence reached in  1 macroiterations and    0 microiterations.   Accuracy: 7.0606D-09

 CPHF solution written to record  8500.2

 Dipole moments (unrelaxed):            0.00000000     0.00000000    -0.00000000
 Orbital relaxation contribution:      -0.00000000    -0.00000000    -0.00000000
 !CCSD(T) STATE 1.1 Dipole moment       0.00000000     0.00000000    -0.00000000
 Dipole moment /Debye                   0.00000000     0.00000000    -0.00000000

 CPU-time for coupled-perturbed hartree-fock:          0.00 sec

 Number of N-1 electron functions:               1
 Number of N-2 electron functions:               1
 Number of singly external CSFs:                13
 Number of doubly external CSFs:               136
 Total number of CSFs:                         150

 CCSD(T) gradient info saved on record        55555.1




 **********************************************************************************************************************************
 DATASETS  * FILE   NREC   LENGTH (MB)   RECORD NAMES
              1      21       28.89       500      610      700      900      950      970     1000      129      960     1100   
                                          VAR    BASINP    GEOM    SYMINP    ZMAT    AOBASIS   BASIS     P2S    ABASIS      S 
                                         1400     1410     1200     1210     1080     1600     1650     1700     1380     3791   
                                           T        V       H0       H01     AOSYM     SMH    MOLCAS    OPER     JKOP   
                                        55555   
                                        CCSD(T)    

              2       8        0.38       700     1000      520     2100     8500     5300     5450     5400   
                                         GEOM     BASIS   MCVARS     RHF     CPHF     HESS     NMOD     FREQ   

 PROGRAMS   *        TOTAL   CCSD(T)   CCSD(T)    HF-SCF       INT
 CPU TIMES  *         3.28      0.15      0.15      0.16      0.34
 REAL TIME  *         5.44 SEC
 DISK USED  *        34.37 MB (local),      305.44 MB (total)
 SF USED    *         0.58 MB
 GA USED    *         0.00 MB       (max)       0.00 MB       (current)
 **********************************************************************************************************************************
