 Cartesian Coordinates are in [bohr]
 Creating new Variables:
 HX1               0.00000000
 HY1               0.00000000
 HZ1               1.36203410
 HX2               0.00000000
 HY2               0.00000000
 HZ2              -0.03922582
 Task   1   Incrementing variable HX1   by    0.010 BOH (Skipping negative increment due to symmetry).
 Task   2   Incrementing variable HY1   by    0.010 BOH (Skipping negative increment due to symmetry).
 Task   3   Incrementing variable HZ1   by    0.010 BOH
 Task   4   Incrementing variable HZ1   by   -0.010 BOH
 Task   5   Incrementing variable HX2   by    0.010 BOH (Skipping negative increment due to symmetry).
 Task   6   Incrementing variable HY2   by    0.010 BOH (Skipping negative increment due to symmetry).
 Task   7   Incrementing variable HZ2   by    0.010 BOH
 Task   8   Incrementing variable HZ2   by   -0.010 BOH

 Switching to mppx mode, nproc=  8

 Starting task   1.  CPU=     0.01 sec, Elapsed=     0.01 sec
 Incrementing variable HX1              by  0.010000 BOH   to    0.010000 BOH


 Recomputing integrals since geometry changed


 PROGRAM * SEWARD (Integral evaluation for generally contracted gaussian basis sets)     Author: Roland Lindh, 1990

 Geometry written to block  1 of record 701


 Point group  C1  



 ATOMIC COORDINATES

 NR  ATOM    CHARGE       X              Y              Z

   1  H       1.00    0.010000000    0.000000000    1.362034102
   2  H       1.00    0.000000000    0.000000000   -0.039225815

 Bond lengths in Bohr (Angstrom)

 1-2  1.401295599
     ( 0.741533697)

 NUCLEAR CHARGE:                    2
 NUMBER OF PRIMITIVE AOS:          84
 NUMBER OF SYMMETRY AOS:           74
 NUMBER OF CONTRACTIONS:           68   (   68A   )
 NUMBER OF INNER CORE ORBITALS:     0   (    0A   )
 NUMBER OF OUTER CORE ORBITALS:     0   (    0A   )
 NUMBER OF VALENCE ORBITALS:        2   (    2A   )


 NUCLEAR REPULSION ENERGY    0.71362531

 EXTRA SYMMETRY OF AOS IN SYMMETRY 1:   1 1 1 1 1 1 2 1 1 2   1 1 2 1 1 2 1 1 2 1   1 2 1 2 1 1 2 1 2 1   1 2 2 1 1 1 1 1 1 1
                                        2 1 1 2 1 1 2 1 1 2   1 1 2 1 1 2 1 2 1 1   2 1 2 1 1 2 2 1

 Eigenvalues of metric

         1 0.289E-04 0.249E-03 0.531E-03 0.563E-03 0.147E-02 0.147E-02 0.273E-02 0.896E-02


 OPERATOR DM      FOR CENTER  0  COORDINATES:    0.000000    0.000000    0.000000

 Program * Restricted Hartree-Fock

 Basis set VQZ-F12/JKFIT generated.      Number of basis functions:   152 
 Coulomb and exchange fitting
 Thresholds for fitting:       THRAO_COUL= 1.0D-17    THRAO_EXCH= 1.0D-15    THRMO= 1.0D-14    THRPROD= 1.0D-14    THRASM= 1.0D-14
                               THR2HLF=    1.0D-14

 Basis set VQZ-F12-JKFIT loaded. Number of basis functions: 152

 Molecular orbitals read from record     2100.2  Type=RHF/CANONICAL  

 NELEC=    2   SYM=1   MS2= 0   THRE=1.0D-12   THRD=1.0D-07   THRG=1.0D-07  HFMA2=F  DIIS_START=2   DIIS_MAX=10   DIIS_INCORE=F

 Level shifts:    0.00 (CLOSED)    0.00 (OPEN)    0.30 (GAP_MIN)

 ITER           ETOT              DE          GRAD        DDIFF     DIIS  NEXP   TIME(IT)  TIME(TOT)  DIAG
   1       -1.13358476      -1.13358476     0.00D+00     0.50D-01     0     0       0.01      0.01    start
   2       -1.13358485      -0.00000009     0.57D-04     0.10D-04     1     0       0.02      0.03    diag
   3       -1.13358485      -0.00000000     0.61D-05     0.21D-05     2     0       0.01      0.04    diag
   4       -1.13358485      -0.00000000     0.57D-06     0.48D-06     3     0       0.01      0.05    diag
   5       -1.13358485      -0.00000000     0.50D-07     0.79D-07     4     0       0.01      0.06    diag
   6       -1.13358485       0.00000000     0.27D-08     0.55D-08     0     0       0.01      0.07    diag

 Final occupancy:   1

 !RHF STATE 1.1 Energy                 -1.133584853789
  RHF One-electron energy              -2.505540634745
  RHF Two-electron energy               0.658330475623
  RHF Kinetic energy                    1.125243566375
  RHF Nuclear energy                    0.713625305333
  RHF Virial quotient                  -1.007412872789

 !RHF STATE 1.1 Dipole moment           0.00000000     0.00000000     0.00000000
 Dipole moment /Debye                   0.00000000     0.00000000     0.00000000

 Orbital energies:

           1.1          2.1          3.1
     -0.594440     0.119313     0.156596


 HOMO      1.1    -0.594440 =     -16.1755eV
 LUMO      2.1     0.119313 =       3.2467eV
 LUMO-HOMO         0.713753 =      19.4222eV

 Orbitals saved in record  2100.1


 **********************************************************************************************************************************
 DATASETS  * FILE   NREC   LENGTH (MB)   RECORD NAMES
              1      20       29.10       500      610      700      900      701      950      970     1000      129      960   
                                          VAR    BASINP    GEOM    SYMINP    GEOM     ZMAT    AOBASIS   BASIS     P2S    ABASIS    
                                         1100     1400     1410     1200     1210     1080     1600     1650     1700     2100   
                                           S        T        V       H0       H01     AOSYM     SMH    MOLCAS    OPER      RHF  

              2       8        0.78       700     1000      520     2100    57001     8500      701     5500   
                                         GEOM     BASIS   MCVARS     RHF              CPHF     GEOM     HINFO   

 PROGRAMS   *        TOTAL     DF-HF   MP2-F12     DF-HF       INT
 CPU TIMES  *         1.97      0.38      0.94      0.25      0.25
 REAL TIME  *         3.62 SEC
 DISK USED  *        30.36 MB
 SF USED    *       511.80 MB
 **********************************************************************************************************************************


 PROGRAM * MP2 (Closed-shell)     Authors: C. Hampel, H.-J. Werner, 1991, M. Deegan, P.J. Knowles, 1992

                                   MP2-F12 implementation by H.-J. Werner, 2007

                   Density fitting integral evaluation by F.R. Manby, 2003,2007, G. Knizia, 2010


 Basis set CC-PVQZ-F12/OPTRI generated.  Number of basis functions:   100 
 Basis set CC-PVQZ-F12/CABS generated.   Number of basis functions:   168 
 Basis set VQZ-F12/MP2FIT generated.     Number of basis functions:   160 

 Convergence thresholds:  THRVAR = 1.00D-16  THRDEN = 1.00D-12

 Using ITF DF-MP2-F12 gradient implementation

 Number of closed-shell orbitals:   1 (   1 )
 Number of external orbitals:      67 (  67 )

 Molecular orbitals read from record     2100.1  Type=RHF/CANONICAL (state 1.1)
 Ansatz: F12/3*C(FIX,HY1)
 Enter DF-MP2-F12 [ITF]

 Geminal basis:    OPTFULL  GEM_TYPE=SLATER  BETA=1.0  NGEM=6

 Optimizing Gaussian exponents for each gem_beta

 Geminal optimization for beta= 1.0000
 Weight function:   m=0, omega= 1.4646

 Augmented Hessian optimization of geminal fit. Trust ratio= 0.40000
 Convergence reached after   2 iterations. Final gradient= 8.66D-16, Step= 4.23D-06, Delta= 1.28D-09

 Alpha:                 0.19532     0.81920     2.85917     9.50073    35.69989   197.79328
 Coeff:                 0.27070     0.30552     0.18297     0.10986     0.06810     0.04224


  SCS-MP2 correlation energy:           -0.03934715   (PS=  1.200000  PT=  0.333333)
  SCS-MP2 total energy                 -1.172932007409

  Norm of first-order wave function     0.010425759401

  Reference energy                     -1.133584853789
  MP2 singlet pair energy              -0.032789294684
  MP2 triplet pair energy               0.000000000000
  MP2 correlation energy               -0.032789294684
 !MP2 total energy                     -1.166374148473


  DF-MP2-F12 energy corrections:
  ==============================
  Approx.                                    Total
  DF-MP2-F12/3*C(DX,FIX):              -0.001516043090
  DF-MP2-F12/3*C(FIX):                 -0.001472041903

  DF-MP2-F12 correlation energies:
  ================================
  Approx.                                    Ecorr
  DF-MP2:                              -0.032789294684
  DF-MP2-F12/3*C(DX,FIX):              -0.034305337774
  DF-MP2-F12/3*C(FIX):                 -0.034261336587

  Reference energy                     -1.133584853789
  MP2-F12 correlation energy           -0.034261336587

 !MP2-F12 total energy                 -1.167846190375


 ===============================================================
 One-body density matrix check:   DF-MP2-F12 energy corrections:
  DF-MP2-F12/3*C(FIX)(1rdm):           -0.001472041903
 ===============================================================

  CPHF trial vector read from disk.
 Starting coupled-perturbed Hartree-Fock, convergence threshold= 1e-06

 ITER   MIC  DIIS         VAR       VAReC       VARec      CPU
    1           1    1.85e-05    0.00e+00    1.85e-05     0.01
    2           2    4.44e-06    0.00e+00    4.44e-06     0.02
    3                2.62e-07    0.00e+00    2.62e-07     0.03

 CPHF convergence reached in 3 macroiterations. Accuracy: 2.62e-07
  Timings in the CPHF solver


 Dipole moments (unrelaxed,MP2):       -0.00000000    -0.00000000    -0.00000000
 Dipole moments (unrelaxed,F12):       -0.00000000     0.00000000    -0.00000000

 Dipole moments (unrelaxed):           -0.00000000     0.00000000    -0.00000000
 Orbital relaxation contribution:      -0.00000000     0.00000000    -0.00000000
 ! STATE 1.1 Dipole moment             -0.00000000     0.00000000    -0.00000000
 Dipole moment /Debye                  -0.00000000     0.00000000    -0.00000000

 Number of N-1 electron functions:               1
 Number of N-2 electron functions:               1
 Number of singly external CSFs:                67
 Number of doubly external CSFs:              2278
 Total number of CSFs:                        2346

 DF-MP2-F12 gradient info saved on record        55555.1




 **********************************************************************************************************************************
 DATASETS  * FILE   NREC   LENGTH (MB)   RECORD NAMES
              1      21       29.26       500      610      700      900      701      950      970     1000      129      960   
                                          VAR    BASINP    GEOM    SYMINP    GEOM     ZMAT    AOBASIS   BASIS     P2S    ABASIS    
                                         1100     1400     1410     1200     1210     1080     1600     1650     1700     2100   
                                           S        T        V       H0       H01     AOSYM     SMH    MOLCAS    OPER      RHF  
                                        55555   
                                          MP2  

              2       8        0.78       700     1000      520     2100    57001     8500      701     5500   
                                         GEOM     BASIS   MCVARS     RHF              CPHF     GEOM     HINFO   

 PROGRAMS   *        TOTAL   MP2-F12   MP2-F12     DF-HF       INT
 CPU TIMES  *         5.97      4.01      0.94      0.25      0.25
 REAL TIME  *         8.50 SEC
 DISK USED  *       541.90 MB
 SF USED    *       511.80 MB
 **********************************************************************************************************************************

 PROGRAM * ALASKA (Gradient of the energy)     Author: R. Lindh


 MP2      Gradient info restored from record   55555.1

 Number of closed-shell orbitals:   1 (   1 )
 Number of external orbitals:      67 (  67 )

 DF-MP2-F12 GRADIENT FOR STATE 1.1

 Atom          dE/dx               dE/dy               dE/dz

   1         0.000029301        -0.000000000         0.004105838
   2        -0.000029301         0.000000000        -0.004105838

 Nuclear force contribution to virial =         0.005753639

 Tasks on processor    0 finished.  CPU=      5.14 sec, Elapsed=      5.64 sec. Waiting for other processors...

 Switching back to mpp mode, nproc=  8


 Recomputing wavefunction at initial geometry


 Using spherical harmonics

 Library entry H      S cc-pVQZ-F12          selected for orbital group  1
 Library entry H      P cc-pVQZ-F12          selected for orbital group  1
 Library entry H      D cc-pVQZ-F12          selected for orbital group  1
 Library entry H      F cc-pVQZ-F12          selected for orbital group  1


 PROGRAM * SEWARD (Integral evaluation for generally contracted gaussian basis sets)     Author: Roland Lindh, 1990

 Geometry written to block  1 of record 700


 Point group  C1  



 ATOMIC COORDINATES

 NR  ATOM    CHARGE       X              Y              Z

   1  H       1.00    0.000000000    0.000000000    1.362034102
   2  H       1.00    0.000000000    0.000000000   -0.039225815

 Bond lengths in Bohr (Angstrom)

 1-2  1.401259918
     ( 0.741514815)

 NUCLEAR CHARGE:                    2
 NUMBER OF PRIMITIVE AOS:          84
 NUMBER OF SYMMETRY AOS:           74
 NUMBER OF CONTRACTIONS:           68   (   68A   )
 NUMBER OF INNER CORE ORBITALS:     0   (    0A   )
 NUMBER OF OUTER CORE ORBITALS:     0   (    0A   )
 NUMBER OF VALENCE ORBITALS:        2   (    2A   )


 NUCLEAR REPULSION ENERGY    0.71364348

 EXTRA SYMMETRY OF AOS IN SYMMETRY 1:   1 1 1 1 1 2 3 1 2 3   1 2 3 1 2 3 1 1 4 2   5 3 1 4 2 5 3 2 3 1   6 4 7 5 1 1 1 1 1 2
                                        3 1 2 3 1 2 3 1 2 3   1 1 4 2 5 3 1 4 2 5   3 2 3 1 6 4 7 5

 Eigenvalues of metric

         1 0.289E-04 0.249E-03 0.531E-03 0.563E-03 0.147E-02 0.147E-02 0.273E-02 0.896E-02


 OPERATOR DM      FOR CENTER  0  COORDINATES:    0.000000    0.000000    0.000000

 Program * Restricted Hartree-Fock

 Basis set VQZ-F12/JKFIT generated.      Number of basis functions:   152 
 Coulomb and exchange fitting
 Thresholds for fitting:       THRAO_COUL= 1.0D-15    THRAO_EXCH= 1.0D-13    THRMO= 1.0D-12    THRPROD= 1.0D-12    THRASM= 1.0D-12
                               THR2HLF=    1.0D-12

 Basis set VQZ-F12-JKFIT loaded. Number of basis functions: 152

 Molecular orbitals read from record     2100.2  Type=RHF/CANONICAL  

 NELEC=    2   SYM=1   MS2= 0   THRE=1.0D-12   THRD=1.0D-06   THRG=1.0D-06  HFMA2=F  DIIS_START=2   DIIS_MAX=10   DIIS_INCORE=F

 Level shifts:    0.00 (CLOSED)    0.00 (OPEN)    0.30 (GAP_MIN)

 ITER           ETOT              DE          GRAD        DDIFF     DIIS  NEXP   TIME(IT)  TIME(TOT)  DIAG
   1       -1.13358506      -1.13358506     0.00D+00     0.50D-01     0     0       0.00      0.01    start
   2       -1.13358506      -0.00000000     0.26D-09     0.36D-09     1     0       0.01      0.02    diag

 Final occupancy:   1

 !RHF STATE 1.1 Energy                 -1.133585061576
  RHF One-electron energy              -2.505565746603
  RHF Two-electron energy               0.658337207920
  RHF Kinetic energy                    1.125263030690
  RHF Nuclear energy                    0.713643477107
  RHF Virial quotient                  -1.007395631652

 !RHF STATE 1.1 Dipole moment           0.00000000    -0.00000000    -0.00000000
 Dipole moment /Debye                   0.00000000    -0.00000000    -0.00000000

 Orbital energies:

           1.1          2.1          3.1
     -0.594446     0.119314     0.156595


 HOMO      1.1    -0.594446 =     -16.1757eV
 LUMO      2.1     0.119314 =       3.2467eV
 LUMO-HOMO         0.713760 =      19.4224eV

 Orbitals saved in record  2100.2


 **********************************************************************************************************************************
 DATASETS  * FILE   NREC   LENGTH (MB)   RECORD NAMES
              1      18       28.74       500      610      700      900      950      970     1000      129      960     1100   
                                          VAR    BASINP    GEOM    SYMINP    ZMAT    AOBASIS   BASIS     P2S    ABASIS      S 
                                         1400     1410     1200     1210     1080     1600     1650     1700   
                                           T        V       H0       H01     AOSYM     SMH    MOLCAS    OPER   

              2       9        0.59       700     1000      520     2100    57001     8500     5300     5450     5400   
                                         GEOM     BASIS   MCVARS     RHF              CPHF     HESS     NMOD     FREQ   

 PROGRAMS   *        TOTAL     DF-HF   MP2-F12     DF-HF       INT
 CPU TIMES  *         8.60      0.99      0.94      0.25      0.25
 REAL TIME  *        12.06 SEC
 DISK USED  *       541.90 MB (local),        4.23 GB (total)
 SF USED    *       511.94 MB
 GA USED    *         0.00 MB       (max)       0.00 MB       (current)
 **********************************************************************************************************************************


 PROGRAM * MP2 (Closed-shell)     Authors: C. Hampel, H.-J. Werner, 1991, M. Deegan, P.J. Knowles, 1992

                                   MP2-F12 implementation by H.-J. Werner, 2007

                   Density fitting integral evaluation by F.R. Manby, 2003,2007, G. Knizia, 2010


 Basis set CC-PVQZ-F12/OPTRI generated.  Number of basis functions:   100 
 Basis set CC-PVQZ-F12/CABS generated.   Number of basis functions:   168 
 Basis set VQZ-F12/MP2FIT generated.     Number of basis functions:   160 

 Convergence thresholds:  THRVAR = 1.00D-16  THRDEN = 1.00D-12

 Using ITF DF-MP2-F12 gradient implementation

 Number of closed-shell orbitals:   1 (   1 )
 Number of external orbitals:      67 (  67 )

 Molecular orbitals read from record     2100.2  Type=RHF/CANONICAL (state 1.1)
 Ansatz: F12/3*C(FIX,HY1)
 Enter DF-MP2-F12 [ITF]

 Geminal basis:    OPTFULL  GEM_TYPE=SLATER  BETA=1.0  NGEM=6

 Optimizing Gaussian exponents for each gem_beta

 Geminal optimization for beta= 1.0000
 Weight function:   m=0, omega= 1.4646

 Augmented Hessian optimization of geminal fit. Trust ratio= 0.40000
 Convergence reached after   2 iterations. Final gradient= 8.66D-16, Step= 4.23D-06, Delta= 1.28D-09

 Alpha:                 0.19532     0.81920     2.85917     9.50073    35.69989   197.79328
 Coeff:                 0.27070     0.30552     0.18297     0.10986     0.06810     0.04224


  SCS-MP2 correlation energy:           -0.03934706   (PS=  1.200000  PT=  0.333333)
  SCS-MP2 total energy                 -1.172932120597

  Norm of first-order wave function     0.010425530547

  Reference energy                     -1.133585061576
  MP2 singlet pair energy              -0.032789215850
  MP2 triplet pair energy               0.000000000000
  MP2 correlation energy               -0.032789215850
 !MP2 total energy                     -1.166374277427


  DF-MP2-F12 energy corrections:
  ==============================
  Approx.                                    Total
  DF-MP2-F12/3*C(DX,FIX):              -0.001516063230
  DF-MP2-F12/3*C(FIX):                 -0.001472059205

  DF-MP2-F12 correlation energies:
  ================================
  Approx.                                    Ecorr
  DF-MP2:                              -0.032789215850
  DF-MP2-F12/3*C(DX,FIX):              -0.034305279080
  DF-MP2-F12/3*C(FIX):                 -0.034261275055

  Reference energy                     -1.133585061576
  MP2-F12 correlation energy           -0.034261275055

 !MP2-F12 total energy                 -1.167846336632


 ===============================================================
 One-body density matrix check:   DF-MP2-F12 energy corrections:
  DF-MP2-F12/3*C(FIX)(1rdm):           -0.001472059205
 ===============================================================

  CPHF trial vector read from disk.
 Starting coupled-perturbed Hartree-Fock, convergence threshold= 1e-06

 ITER   MIC  DIIS         VAR       VAReC       VARec      CPU
    1           1    1.84e-05    0.00e+00    1.84e-05     0.00
    2           2    4.43e-06    0.00e+00    4.43e-06     0.01
    3                2.63e-07    0.00e+00    2.63e-07     0.01

 CPHF convergence reached in 3 macroiterations. Accuracy: 2.63e-07
  Timings in the CPHF solver


 Dipole moments (unrelaxed,MP2):        0.00000000    -0.00000000     0.00000000
 Dipole moments (unrelaxed,F12):        0.00000000    -0.00000000     0.00000000

 CPHF solution written to record  8500.2

 Dipole moments (unrelaxed):            0.00000000    -0.00000000     0.00000000
 Orbital relaxation contribution:       0.00000000     0.00000000     0.00000000
 ! STATE 1.1 Dipole moment              0.00000000    -0.00000000     0.00000000
 Dipole moment /Debye                   0.00000000    -0.00000000     0.00000000

 Number of N-1 electron functions:               1
 Number of N-2 electron functions:               1
 Number of singly external CSFs:                67
 Number of doubly external CSFs:              2278
 Total number of CSFs:                        2346

 DF-MP2-F12 gradient info saved on record        55555.1




 **********************************************************************************************************************************
 DATASETS  * FILE   NREC   LENGTH (MB)   RECORD NAMES
              1      19       28.85       500      610      700      900      950      970     1000      129      960     1100   
                                          VAR    BASINP    GEOM    SYMINP    ZMAT    AOBASIS   BASIS     P2S    ABASIS      S 
                                         1400     1410     1200     1210     1080     1600     1650     1700    55555   
                                           T        V       H0       H01     AOSYM     SMH    MOLCAS    OPER      MP2  

              2       9        0.59       700     1000      520     2100    57001     8500     5300     5450     5400   
                                         GEOM     BASIS   MCVARS     RHF              CPHF     HESS     NMOD     FREQ   

 PROGRAMS   *        TOTAL   MP2-F12   MP2-F12     DF-HF       INT
 CPU TIMES  *         9.54      0.92      0.94      0.25      0.25
 REAL TIME  *        13.38 SEC
 DISK USED  *       541.90 MB (local),        4.23 GB (total)
 SF USED    *       511.94 MB
 GA USED    *         0.00 MB       (max)       0.00 MB       (current)
 **********************************************************************************************************************************
