
 Working directory              : /scratch/emmanous/h2.opt.com.49146/molpro.UN1VMVb52o/
 Global scratch directory       : /scratch/emmanous/h2.opt.com.49146/molpro.UN1VMVb52o/
 Wavefunction directory         : /home/emmanous/wfu/
 Main file repository           : /scratch/emmanous/h2.opt.com.49146/molpro.UN1VMVb52o/

 id        : wis

 Nodes     nprocs
 cff147       8
 GA implementation: MPI file
 GA implementation (serial work in mppx): MPI file

 Using DEFAULT tuning parameter for ncache   :   16384
 Using DEFAULT tuning parameter for mflopdgm :   10000
 Using DEFAULT tuning parameter for mflopdgv :    4000
 Using DEFAULT tuning parameter for mflopmxm :    5000
 Using DEFAULT tuning parameter for mflopmxv :    4000
 Using DEFAULT tuning parameter for mindgm   :       1
 Using DEFAULT tuning parameter for mindgc   :       4
 Using DEFAULT tuning parameter for mindgf   :    5000
 Using DEFAULT tuning parameter for mindgl   :       4
 Using DEFAULT tuning parameter for mindgr   :       1
 Using DEFAULT tuning parameter for mindgv   :      20
 Using DEFAULT tuning parameter for mincuda  :     500
 Using DEFAULT tuning parameter for mxmblk   :      64
 Using DEFAULT tuning parameter for mxmbln   :      64
 Using DEFAULT tuning parameter for nroll    :       2
 Using custom tuning parameter for ngpus     :       0
 Using customized tuning parameters: mindgm=1; mindgv=20; mindgc=4; mindgr=1; noblas=0; minvec=7

 Fortran compiler: integer size=8, double size=8, logical size=8
 default implementation of scratch files=sf  


 Variables initialized (1015), CPU time= 0.01 sec
 ***,geometry optimization
 gthresh,energy=1d-12,gradient=1d-6,twoint=1d-18,prefac=1d-20
 GTHRESH, OPTSTEP=1d-5, OPTGRAD=1d-5, ENERGY=1d-11
 noorient
 charge=
 multiplicity=
 geomtyp=xyz
 geom={
 H 0 0 0.7
 H 0 0 0.0
 }
 MASS,ISO
 MASS,PRINT
 label1
 
 basis=vqz-f12
 df-hf
 df-mp2-f12,ansatz=3*C(FIX,HY1),cabs=0,cabs_singles=0,ri_basis=optri
 e2=energy
 
 basis={
 Including file /gpfs01/work/emmanous/6Frequencies/implementation/MOLPRO/G4-Tano-F12-v2/EXAMPLE_H2/ano-pVTZ.mbas
 }
 hf
 mp2
 emp2=energy
 ccsd(t)
 ehlc=(energy-emp2)
 etotal=e2+ehlc
 show,e*
 
 optg,startcmd=label1,variable=etotal
 Commands initialized (834), CPU time= 0.01 sec, 672 directives.
 Default parameters read. Elapsed time= 0.07 sec

 Using DEFAULT tuning parameter for mpplat   :       3
 Using DEFAULT tuning parameter for mppspeed :    1600
 Checking input...
 Passed
1


                                         ***  PROGRAM SYSTEM MOLPRO  ***
                                       Copyright, TTI GmbH Stuttgart, 2015
                                    Version 2022.2 linked Thu May  5 23:39:45 2022


 **********************************************************************************************************************************
 LABEL *   geometry optimization                                                         
  64 bit mpp version                                                                     DATE: 12-Aug-23          TIME: 10:15:46  
 **********************************************************************************************************************************

 SHA1:             518bf5c5e315925380b88506c70af759aa1d1d96
 **********************************************************************************************************************************

 Memory per process:      1500 MW
 Total memory per node:  12000 MW

 GA preallocation disabled
 GA check disabled

 Variable memory set to 1500.0 MW


 THRESHOLDS:

 ZERO    =  1.00D-12  ONEINT  =  1.00D-12  TWOINT  =  1.00D-18  PREFAC  =  1.00D-20  XXXXXX  =  1.00D-09  EORDER  =  1.00D-04
 ENERGY  =  1.00D-12  ETEST   =  0.00D+00  EDENS   =  0.00D+00  THRDEDEF=  1.00D-06  GRADIENT=  1.00D-06  STEP    =  1.00D-03
 ORBITAL =  1.00D-05  CIVEC   =  1.00D-05  COEFF   =  1.00D-04  PRINTCI =  5.00D-02  PUNCHCI =  9.90D+01  OPTGRAD =  3.00D-04
 OPTENERG=  1.00D-06  OPTSTEP =  3.00D-04  THRGRAD =  1.00D-10  COMPRESS=  1.00D-11  VARMIN  =  1.00D-07  VARMAX  =  1.00D-03
 THRDOUB =  0.00D+00  THRDIV  =  1.00D-05  THRRED  =  1.00D-07  THRPSP  =  1.00D+00  THRDC   =  1.00D-10  THRCS   =  1.00D-10
 THRNRM  =  1.00D-08  THREQ   =  0.00D+00  THRDE   =  1.00D+00  THRREF  =  1.00D-05  SPARFAC =  1.00D+00  THRDLP  =  1.00D-07
 THRDIA  =  1.00D-10  THRDLS  =  1.00D-07  THRGPS  =  0.00D+00  THRKEX  =  0.00D+00  THRDIS  =  2.00D-01  THRVAR  =  1.00D-10
 THRLOC  =  1.00D-06  THRGAP  =  1.00D-06  THRLOCT = -1.00D+00  THRGAPT = -1.00D+00  THRORB  =  1.00D-06  THRMLTP =  0.00D+00
 THRCPQCI=  1.00D-10  KEXTA   =  0.00D+00  THRCOARS=  0.00D+00  SYMTOL  =  1.00D-06  GRADTOL =  1.00D-06  THROVL  =  1.00D-08
 THRORTH =  1.00D-08  THRDLOVL= -1.00D+00  GRID    =  1.00D-06  GRIDMAX =  1.00D-03  DTMAX   =  0.00D+00  THROCCDE=  1.00D-01
 THROCCDE=  1.00D-01  THRPRINT=  2.50D-01


 THRESHOLDS:

 ZERO    =  1.00D-12  ONEINT  =  1.00D-12  TWOINT  =  1.00D-18  PREFAC  =  1.00D-20  XXXXXX  =  1.00D-09  EORDER  =  1.00D-04
 ENERGY  =  1.00D-11  ETEST   =  0.00D+00  EDENS   =  0.00D+00  THRDEDEF=  1.00D-06  GRADIENT=  1.00D-06  STEP    =  1.00D-03
 ORBITAL =  1.00D-05  CIVEC   =  1.00D-05  COEFF   =  1.00D-04  PRINTCI =  5.00D-02  PUNCHCI =  9.90D+01  OPTGRAD =  1.00D-05
 OPTENERG=  1.00D-06  OPTSTEP =  1.00D-05  THRGRAD =  1.00D-10  COMPRESS=  1.00D-11  VARMIN  =  1.00D-07  VARMAX  =  1.00D-03
 THRDOUB =  0.00D+00  THRDIV  =  1.00D-05  THRRED  =  1.00D-07  THRPSP  =  1.00D+00  THRDC   =  1.00D-10  THRCS   =  1.00D-10
 THRNRM  =  1.00D-08  THREQ   =  0.00D+00  THRDE   =  1.00D+00  THRREF  =  1.00D-05  SPARFAC =  1.00D+00  THRDLP  =  1.00D-07
 THRDIA  =  1.00D-10  THRDLS  =  1.00D-07  THRGPS  =  0.00D+00  THRKEX  =  0.00D+00  THRDIS  =  2.00D-01  THRVAR  =  1.00D-10
 THRLOC  =  1.00D-06  THRGAP  =  1.00D-06  THRLOCT = -1.00D+00  THRGAPT = -1.00D+00  THRORB  =  1.00D-06  THRMLTP =  0.00D+00
 THRCPQCI=  1.00D-10  KEXTA   =  0.00D+00  THRCOARS=  0.00D+00  SYMTOL  =  1.00D-06  GRADTOL =  1.00D-06  THROVL  =  1.00D-08
 THRORTH =  1.00D-08  THRDLOVL= -1.00D+00  GRID    =  1.00D-06  GRIDMAX =  1.00D-03  DTMAX   =  0.00D+00  THROCCDE=  1.00D-01
 THROCCDE=  1.00D-01  THRPRINT=  2.50D-01

 SETTING GEOMTYP        =    XYZ

 Turning off symmetry in density fitting calculation
 To re-enable, use 'symmetry,auto'



 Using masses of most abundant isotopes

 **********************************************************************************************************************************


 Atomic masses

 Center       Mass
 H          1.00782
 H          1.00782
 SETTING BASIS          =    VQZ-F12


 Recomputing integrals since basis changed


 Using spherical harmonics

 Library entry H      S cc-pVQZ-F12          selected for orbital group  1
 Library entry H      P cc-pVQZ-F12          selected for orbital group  1
 Library entry H      D cc-pVQZ-F12          selected for orbital group  1
 Library entry H      F cc-pVQZ-F12          selected for orbital group  1


 PROGRAM * SEWARD (Integral evaluation for generally contracted gaussian basis sets)     Author: Roland Lindh, 1990

 Geometry written to block  1 of record 700


 Point group  C1  



 ATOMIC COORDINATES

 NR  ATOM    CHARGE       X              Y              Z

   1  H       1.00    0.000000000    0.000000000    1.322808287
   2  H       1.00    0.000000000    0.000000000    0.000000000

 Bond lengths in Bohr (Angstrom)

 1-2  1.322808287
     ( 0.700000000)

 NUCLEAR CHARGE:                    2
 NUMBER OF PRIMITIVE AOS:          84
 NUMBER OF SYMMETRY AOS:           74
 NUMBER OF CONTRACTIONS:           68   (   68A   )
 NUMBER OF INNER CORE ORBITALS:     0   (    0A   )
 NUMBER OF OUTER CORE ORBITALS:     0   (    0A   )
 NUMBER OF VALENCE ORBITALS:        2   (    2A   )


 NUCLEAR REPULSION ENERGY    0.75596744

 EXTRA SYMMETRY OF AOS IN SYMMETRY 1:   1 1 1 1 1 2 3 1 2 3   1 2 3 1 2 3 1 1 4 2   5 3 1 4 2 5 3 2 3 1   6 4 7 5 1 1 1 1 1 2
                                        3 1 2 3 1 2 3 1 2 3   1 1 4 2 5 3 1 4 2 5   3 2 3 1 6 4 7 5

 Eigenvalues of metric

         1 0.208E-04 0.182E-03 0.500E-03 0.553E-03 0.135E-02 0.135E-02 0.262E-02 0.822E-02


 OPERATOR DM      FOR CENTER  0  COORDINATES:    0.000000    0.000000    0.000000


 **********************************************************************************************************************************
 DATASETS  * FILE   NREC   LENGTH (MB)   RECORD NAMES
              1      18       28.74       500      610      700      900      950      970     1000      129      960     1100   
                                          VAR    BASINP    GEOM    SYMINP    ZMAT    AOBASIS   BASIS     P2S    ABASIS      S 
                                         1400     1410     1200     1210     1080     1600     1650     1700   
                                           T        V       H0       H01     AOSYM     SMH    MOLCAS    OPER   

 PROGRAMS   *        TOTAL       INT
 CPU TIMES  *         0.38      0.23
 REAL TIME  *         1.34 SEC
 DISK USED  *        29.02 MB (local),      232.17 MB (total)
 GA USED    *         0.00 MB       (max)       0.00 MB       (current)
 **********************************************************************************************************************************


 Program * Restricted Hartree-Fock

 Basis set VQZ-F12/JKFIT generated.      Number of basis functions:   152 
 Coulomb and exchange fitting
 Thresholds for fitting:       THRAO_COUL= 1.0D-15    THRAO_EXCH= 1.0D-13    THRMO= 1.0D-12    THRPROD= 1.0D-12    THRASM= 1.0D-12
                               THR2HLF=    1.0D-12

 Basis set VQZ-F12-JKFIT loaded. Number of basis functions: 152

 Orbital guess generated from atomic densities. Full valence occupancy:    2
 Using density fitting in orbital guess


 Initial occupancy:   1

 NELEC=    2   SYM=1   MS2= 0   THRE=1.0D-12   THRD=1.0D-06   THRG=1.0D-06  HFMA2=F  DIIS_START=2   DIIS_MAX=10   DIIS_INCORE=F

 Level shifts:    0.00 (CLOSED)    0.00 (OPEN)    0.30 (GAP_MIN)

 ITER           ETOT              DE          GRAD        DDIFF     DIIS  NEXP   TIME(IT)  TIME(TOT)  DIAG
   1       -1.13135550      -1.13135550     0.00D+00     0.50D-01     0     0       0.00      0.01    start
   2       -1.13270879      -0.00135329     0.32D-02     0.30D-02     1     0       0.00      0.01    diag
   3       -1.13275876      -0.00004997     0.53D-03     0.44D-03     2     0       0.01      0.02    diag
   4       -1.13275948      -0.00000073     0.67D-04     0.59D-04     3     0       0.00      0.02    diag
   5       -1.13275949      -0.00000000     0.37D-05     0.68D-05     4     0       0.01      0.03    diag
   6       -1.13275949      -0.00000000     0.17D-06     0.45D-06     5     0       0.00      0.03    diag
   7       -1.13275949       0.00000000     0.77D-08     0.10D-07     6     0       0.01      0.04    diag
   8       -1.13275949      -0.00000000     0.10D-08     0.16D-08     0     0       0.00      0.04    fixocc

 Final occupancy:   1

 !RHF STATE 1.1 Energy                 -1.132759486559
  RHF One-electron energy              -2.562249580604
  RHF Two-electron energy               0.673522649898
  RHF Kinetic energy                    1.170072228028
  RHF Nuclear energy                    0.755967444147
  RHF Virial quotient                  -0.968110736606

 !RHF STATE 1.1 Dipole moment          -0.00000000     0.00000000    -0.00000000
 Dipole moment /Debye                  -0.00000000     0.00000000    -0.00000000

 Orbital energies:

           1.1          2.1          3.1
     -0.607602     0.121971     0.155176


 HOMO      1.1    -0.607602 =     -16.5337eV
 LUMO      2.1     0.121971 =       3.3190eV
 LUMO-HOMO         0.729573 =      19.8527eV

 Orbitals saved in record  2100.2


 **********************************************************************************************************************************
 DATASETS  * FILE   NREC   LENGTH (MB)   RECORD NAMES
              1      18       28.74       500      610      700      900      950      970     1000      129      960     1100   
                                          VAR    BASINP    GEOM    SYMINP    ZMAT    AOBASIS   BASIS     P2S    ABASIS      S 
                                         1400     1410     1200     1210     1080     1600     1650     1700   
                                           T        V       H0       H01     AOSYM     SMH    MOLCAS    OPER   

              2       4        0.44       700     1000      520     2100   
                                         GEOM     BASIS   MCVARS     RHF  

 PROGRAMS   *        TOTAL     DF-HF       INT
 CPU TIMES  *         0.52      0.14      0.23
 REAL TIME  *         1.67 SEC
 DISK USED  *        29.49 MB (local),      235.94 MB (total)
 SF USED    *         0.16 MB
 GA USED    *         0.00 MB       (max)       0.00 MB       (current)
 **********************************************************************************************************************************


 PROGRAM * MP2 (Closed-shell)     Authors: C. Hampel, H.-J. Werner, 1991, M. Deegan, P.J. Knowles, 1992

                                   MP2-F12 implementation by H.-J. Werner, 2007

                   Density fitting integral evaluation by F.R. Manby, 2003,2007, G. Knizia, 2010


 Basis set CC-PVQZ-F12/OPTRI generated.  Number of basis functions:   100 
 Basis set CC-PVQZ-F12/CABS generated.   Number of basis functions:   168 
 Basis set VQZ-F12/MP2FIT generated.     Number of basis functions:   160 

 Convergence thresholds:  THRVAR = 1.00D-15  THRDEN = 1.00D-11

 Number of closed-shell orbitals:   1 (   1 )
 Number of external orbitals:      67 (  67 )

 Molecular orbitals read from record     2100.2  Type=RHF/CANONICAL  

 MP2-F12 correlation treatment (H.-J. Werner, 2006)
 ==================================================

 Using MP2-F12 with ansatz 3*C(FIX,NOZ,HY1)

 FOCKRIB=T FOCKRIC=T FOCKRIP=T CABSP=F CABSA=T CABSK=F CABSF=F GBC=F EBC=T DMAT=F NOFIK=T NOPAO=1 SOLVE=-1  USEPAO=0
 EXCH_A= T EXCH_B= F EXCH_C= F EXCH_P= F

 Hybrid approximation used. HY1=1  HYX=0

 Geminal basis:    OPTFULL  GEM_TYPE=SLATER  BETA=1.0  NGEM=6

 Optimizing Gaussian exponents for each gem_beta

 Geminal optimization for beta= 1.0000
 Weight function:   m=0, omega= 1.4646

 Augmented Hessian optimization of geminal fit. Trust ratio= 0.40000
 Convergence reached after   2 iterations. Final gradient= 8.66D-16, Step= 4.23D-06, Delta= 1.28D-09

 Alpha:                 0.19532     0.81920     2.85917     9.50073    35.69989   197.79328
 Coeff:                 0.27070     0.30552     0.18297     0.10986     0.06810     0.04224


 All pairs explicitly correlated. Number of r12-pairs:            1

 AO(A)-basis ORBITAL           loaded. Number of functions:      68
 RI(R)-basis CC-PVQZ-F12_CABS  loaded. Number of functions:     168
 DF-basis VQZ-F12/JKFIT        loaded. Number of functions:     152

 Screening thresholds:   THRAO=  1.00D-10  THRMO=  1.00D-10  THRPROD=  1.00D-10
                         THRSW=  1.00D-07  THROV=  1.00D-12  THRAOF12= 1.00D-08

 CPU time for Fock operators                      0.04 sec

 Construction of ABS:
 Smallest eigenvalue of S          4.55E-08  (threshold= 1.00E-08)
 Ratio eigmin/eigmax               4.05E-09  (threshold= 1.00E-09)
 Smallest eigenvalue of S kept     4.55E-08  (threshold= 4.55E-08, 0 functions deleted, 168 kept)


 CABS for double RI
 Construction of ABS:
 Smallest eigenvalue of S          4.55E-08  (threshold= 1.00E-08)
 Ratio eigmin/eigmax               4.05E-09  (threshold= 1.00E-09)
 Smallest eigenvalue of S kept     4.55E-08  (threshold= 4.55E-08, 0 functions deleted, 168 kept)

 Construction of CABS:
 Smallest eigenvalue of S         -7.08E-12  (threshold= 1.00E-08)
 Ratio eigmin/eigmax              -7.08E-12  (threshold= 1.00E-09)
 Smallest eigenvalue of S kept     1.00E+00  (threshold= 1.00E+00, 68 functions deleted, 100 kept)


 AO(A)-basis ORBITAL           loaded. Number of functions:      68
 RI(R)-basis CC-PVQZ-F12_CABS  loaded. Number of functions:     168
 DF-basis VQZ-F12/MP2FIT       loaded. Number of functions:     160

 Screening thresholds:   THRAO=  1.00D-10  THRMO=  1.00D-10  THRPROD=  1.00D-10
                         THRSW=  1.00D-07  THROV=  1.00D-12  THRAOF12= 1.00D-08

 CPU time for 3-index integral evaluation         0.07 sec
 CPU time for f12 integrals (total)               0.08 sec, Elapsed time:      0.08 sec
 CPU time for f12 matrices (total)                0.00 sec, Elapsed time:      0.00 sec

 Diagonal F12 approximation with fixed coefficients:  TSING= 0.500,  TTRIP= 0.250 (scaled by -1/beta)

 DF-MP2-F12 energy corrections:
 ==============================
 Approx.                                    Singlet             Triplet             Total
 DF-MP2-F12/3*C(DX,FIX,NOZ,HY1)        -0.001560787591      0.000000000000     -0.001560787591
 DF-MP2-F12/3*C(FIX,NOZ,HY1)           -0.001510338385      0.000000000000     -0.001510338385

 DF-MP2-F12 correlation energies:
 ================================
 Approx.                                    Singlet             Triplet             Ecorr            Total Energy
 DF-MP2                                -0.032632729356      0.000000000000     -0.032632729356     -1.165392215915
 DF-MP2-F12/3*C(DX,FIX,NOZ,HY1)        -0.034193516946      0.000000000000     -0.034193516946     -1.166953003506
 DF-MP2-F12/3*C(FIX,NOZ,HY1)           -0.034143067740      0.000000000000     -0.034143067740     -1.166902554299

 SCS-DF-MP2 energies (F_SING= 1.20000  F_TRIP= 0.62222  F_PARALLEL= 0.33333):
 ============================================================================
 SCS-DF-MP2                            -0.039159275227     -1.171918761786
 SCS-DF-MP2-F12/3*C(DX,FIX,NOZ,HY1)    -0.041032220336     -1.173791706895
 SCS-DF-MP2-F12/3*C(FIX,NOZ,HY1)       -0.040971681288     -1.173731167848


  Reference energy                     -1.132759486559
  F12 singlet correction               -0.001510338385
  F12 triplet correction                0.000000000000
  F12 total correction                 -0.001510338385
  MP2-F12 singlet pair energy          -0.034143067740
  MP2-F12 triplet pair energy           0.000000000000
  MP2-F12 correlation energy           -0.034143067740

 !MP2-F12 total energy                 -1.166902554299


 **********************************************************************************************************************************
 DATASETS  * FILE   NREC   LENGTH (MB)   RECORD NAMES
              1      18       28.74       500      610      700      900      950      970     1000      129      960     1100   
                                          VAR    BASINP    GEOM    SYMINP    ZMAT    AOBASIS   BASIS     P2S    ABASIS      S 
                                         1400     1410     1200     1210     1080     1600     1650     1700   
                                           T        V       H0       H01     AOSYM     SMH    MOLCAS    OPER   

              2       5        0.61       700     1000      520     2100     7360   
                                         GEOM     BASIS   MCVARS     RHF    F12ABS    

 PROGRAMS   *        TOTAL   MP2-F12     DF-HF       INT
 CPU TIMES  *         0.69      0.17      0.14      0.23
 REAL TIME  *         1.87 SEC
 DISK USED  *        29.49 MB (local),      235.94 MB (total)
 SF USED    *         7.43 MB
 GA USED    *         3.05 MB       (max)       0.00 MB       (current)
 **********************************************************************************************************************************
 SETTING E2             =        -1.16690255  AU                              
 SETTING BASIS          =    USERDEF


 Recomputing integrals since basis changed


 Using spherical harmonics



 PROGRAM * SEWARD (Integral evaluation for generally contracted gaussian basis sets)     Author: Roland Lindh, 1990

 Geometry written to block  1 of record 700


 Point group  C1  



 ATOMIC COORDINATES

 NR  ATOM    CHARGE       X              Y              Z

   1  H       1.00    0.000000000    0.000000000    1.322808287
   2  H       1.00    0.000000000    0.000000000    0.000000000

 Bond lengths in Bohr (Angstrom)

 1-2  1.322808287
     ( 0.700000000)

 NUCLEAR CHARGE:                    2
 NUMBER OF PRIMITIVE AOS:         100
 NUMBER OF SYMMETRY AOS:           92
 NUMBER OF CONTRACTIONS:           28   (   28A   )
 NUMBER OF INNER CORE ORBITALS:     0   (    0A   )
 NUMBER OF OUTER CORE ORBITALS:     0   (    0A   )
 NUMBER OF VALENCE ORBITALS:        2   (    2A   )


 NUCLEAR REPULSION ENERGY    0.75596744

 EXTRA SYMMETRY OF AOS IN SYMMETRY 1:   1 1 1 2 3 1 2 3 1 1   4 2 5 3 1 1 1 2 3 1   2 3 1 1 4 2 5 3

 Eigenvalues of metric

         1 0.724E-03 0.191E-01 0.191E-01 0.336E-01 0.357E-01 0.450E+00 0.450E+00 0.453E+00


 Contracted 2-electron integrals neglected if value below      1.0D-18
 AO integral compression algorithm  1   Integral accuracy      1.0D-18

     2.097 MB (compressed) written to integral file ( 56.1%)

     Node minimum: 0.262 MB, node maximum: 0.262 MB


 NUMBER OF SORTED TWO-ELECTRON INTEGRALS:      10200.     BUFFER LENGTH:  32768
 NUMBER OF SEGMENTS:   1  SEGMENT LENGTH:      10200      RECORD LENGTH: 524288

 Memory used in sort:       0.57 MW

 SORT1 READ      119167. AND WROTE        2296. INTEGRALS IN      1 RECORDS. CPU TIME:     0.08 SEC, REAL TIME:     0.09 SEC
 SORT2 READ       19185. AND WROTE       82621. INTEGRALS IN      8 RECORDS. CPU TIME:     0.00 SEC, REAL TIME:     0.00 SEC

 Node minimum:       10150.  Node maximum:       10506. integrals

 OPERATOR DM      FOR CENTER  0  COORDINATES:    0.000000    0.000000    0.000000


 **********************************************************************************************************************************
 DATASETS  * FILE   NREC   LENGTH (MB)   RECORD NAMES
              1      18       28.83       500      610      700      900      950      970     1001      129      960     1100   
                                          VAR    BASINP    GEOM    SYMINP    ZMAT    AOBASIS   BASIS     P2S    ABASIS      S 
                                         1400     1410     1200     1210     1080     1600     1650     1700   
                                           T        V       H0       H01     AOSYM     SMH    MOLCAS    OPER   

              2       6        0.62       700     1000      520     2100     7360     1001   
                                         GEOM     BASIS   MCVARS     RHF    F12ABS    BASIS   

 PROGRAMS   *        TOTAL       INT   MP2-F12     DF-HF       INT
 CPU TIMES  *         1.41      0.71      0.17      0.14      0.23
 REAL TIME  *         2.64 SEC
 DISK USED  *        29.50 MB (local),      268.21 MB (total)
 SF USED    *         7.43 MB
 GA USED    *         3.05 MB       (max)       0.00 MB       (current)
 **********************************************************************************************************************************


 Program * Restricted Hartree-Fock

 Molecular orbitals read from record     2100.2  Type=RHF/CANONICAL  

 Present basis size:       28
 Previous basis size:      68
 Previous occupation:       1
 Previous closed-shells:    1
 Present occupation:        1
 Present closed-shells:     1
 Wavefunction symmetry:    1   Singlet 

 Orbital overlap <old|new>:  < 1.1| 1.1> = 0.999976


 Initial occupancy:   1

 NELEC=    2   SYM=1   MS2= 0   THRE=1.0D-12   THRD=1.0D-06   THRG=1.0D-06  HFMA2=F  DIIS_START=2   DIIS_MAX=10   DIIS_INCORE=F

 Level shifts:    0.00 (CLOSED)    0.00 (OPEN)    0.30 (GAP_MIN)

 ITER           ETOT              DE          GRAD        DDIFF     DIIS  NEXP   TIME(IT)  TIME(TOT)  DIAG
   1       -1.13236888      -1.13236888     0.00D+00     0.49D-01     0     0       0.00      0.00    start
   2       -1.13246896      -0.00010009     0.21D-02     0.60D-03     1     0       0.00      0.00    diag
   3       -1.13247185      -0.00000289     0.31D-03     0.10D-03     2     0       0.00      0.00    diag
   4       -1.13247186      -0.00000001     0.15D-04     0.48D-05     3     0       0.00      0.00    diag
   5       -1.13247186      -0.00000000     0.26D-06     0.16D-06     4     0       0.00      0.00    diag
   6       -1.13247186      -0.00000000     0.19D-07     0.11D-07     5     0       0.00      0.00    diag
   7       -1.13247186       0.00000000     0.21D-09     0.52D-10     0     0       0.00      0.00    diag

 Final occupancy:   1

 !RHF STATE 1.1 Energy                 -1.132471864220
  RHF One-electron energy              -2.560307580087
  RHF Two-electron energy               0.671868271719
  RHF Kinetic energy                    1.163098765616
  RHF Nuclear energy                    0.755967444147
  RHF Virial quotient                  -0.973667841200

 !RHF STATE 1.1 Dipole moment          -0.00000000     0.00000000     0.00000000
 Dipole moment /Debye                  -0.00000000     0.00000000     0.00000000

 Orbital energies:

           1.1          2.1          3.1
     -0.608286     0.252347     0.495525


 HOMO      1.1    -0.608286 =     -16.5523eV
 LUMO      2.1     0.252347 =       6.8667eV
 LUMO-HOMO         0.860633 =      23.4190eV

 Orbitals saved in record  2101.2


 **********************************************************************************************************************************
 DATASETS  * FILE   NREC   LENGTH (MB)   RECORD NAMES
              1      18       28.83       500      610      700      900      950      970     1001      129      960     1100   
                                          VAR    BASINP    GEOM    SYMINP    ZMAT    AOBASIS   BASIS     P2S    ABASIS      S 
                                         1400     1410     1200     1210     1080     1600     1650     1700   
                                           T        V       H0       H01     AOSYM     SMH    MOLCAS    OPER   

              2       7        0.74       700     1000      520     2100     7360     1001     2101   
                                         GEOM     BASIS   MCVARS     RHF    F12ABS    BASIS     RHF  

 PROGRAMS   *        TOTAL    HF-SCF       INT   MP2-F12     DF-HF       INT
 CPU TIMES  *         1.54      0.13      0.71      0.17      0.14      0.23
 REAL TIME  *         2.92 SEC
 DISK USED  *        29.65 MB (local),      269.46 MB (total)
 SF USED    *         7.43 MB
 GA USED    *         3.05 MB       (max)       0.00 MB       (current)
 **********************************************************************************************************************************


 PROGRAM * MP2 (Closed-shell)     Authors: C. Hampel, H.-J. Werner, 1991, M. Deegan, P.J. Knowles, 1992


 Convergence thresholds:  THRVAR = 1.00D-15  THRDEN = 1.00D-11

 Number of closed-shell orbitals:   1 (   1 )
 Number of external orbitals:      27 (  27 )

 Molecular orbitals read from record     2101.2  Type=RHF/CANONICAL (state 1.1)

 Number of N-1 electron functions:               1
 Number of N-2 electron functions:               1
 Number of singly external CSFs:                27
 Number of doubly external CSFs:               378
 Total number of CSFs:                         406

 Length of J-op  integral file:               0.00 MB
 Length of K-op  integral file:               0.05 MB

 Integral transformation finished. Total CPU:   0.00 sec, npass=  1  Memory used:   0.08 MW

 Memory needed for MP2:                      0.00 MW

 SCS-MP2 correlation energy:           -0.038020113753   (PS=  1.200000  PT=  0.333333)
 SCS-MP2 total energy:                 -1.170491977973


  Reference energy                     -1.132471864220
  MP2 singlet pair energy              -0.031683428128
  MP2 triplet pair energy               0.000000000000
  MP2 correlation energy               -0.031683428128

 !MP2 total energy                     -1.164155292348


 **********************************************************************************************************************************
 DATASETS  * FILE   NREC   LENGTH (MB)   RECORD NAMES
              1      19       28.85       500      610      700      900      950      970     1001      129      960     1100   
                                          VAR    BASINP    GEOM    SYMINP    ZMAT    AOBASIS   BASIS     P2S    ABASIS      S 
                                         1400     1410     1200     1210     1080     1600     1650     1700     1380   
                                           T        V       H0       H01     AOSYM     SMH    MOLCAS    OPER     JKOP   

              2       7        0.74       700     1000      520     2100     7360     1001     2101   
                                         GEOM     BASIS   MCVARS     RHF    F12ABS    BASIS     RHF  

 PROGRAMS   *        TOTAL       MP2    HF-SCF       INT   MP2-F12     DF-HF       INT
 CPU TIMES  *         1.63      0.09      0.13      0.71      0.17      0.14      0.23
 REAL TIME  *         3.02 SEC
 DISK USED  *        29.65 MB (local),      269.46 MB (total)
 SF USED    *         7.43 MB
 GA USED    *         3.05 MB       (max)       0.00 MB       (current)
 **********************************************************************************************************************************
 SETTING EMP2           =        -1.16415529  AU                              


 PROGRAM * CCSD (Closed-shell coupled cluster)     Authors: C. Hampel, H.-J. Werner, 1991, M. Deegan, P.J. Knowles, 1992


 Convergence thresholds:  THRVAR = 1.00D-15  THRDEN = 1.00D-11

 CCSD(T)     terms to be evaluated (factor= 1.000)


 Number of closed-shell orbitals:   1 (   1 )
 Number of external orbitals:      27 (  27 )

 Molecular orbitals read from record     2101.2  Type=RHF/CANONICAL (state 1.1)

 Number of N-1 electron functions:               1
 Number of N-2 electron functions:               1
 Number of singly external CSFs:                27
 Number of doubly external CSFs:               378
 Total number of CSFs:                         406

 Length of J-op  integral file:               0.00 MB
 Length of K-op  integral file:               0.05 MB
 Length of 3-ext integral record:             0.00 MB

 Integral transformation finished. Total CPU:   0.01 sec, npass=  1  Memory used:   0.10 MW

 Reference energy:                     -1.13247186

 MP2 singlet pair energy:              -0.03168343
 MP2 triplet pair energy:               0.00000000
 MP2 correlation energy:               -0.03168343
 MP2 total energy:                     -1.16415529

 SCS-MP2 correlation energy:           -0.03802011   (PS=  1.200000  PT=  0.333333)
 SCS-MP2 total energy:                 -1.17049198

 ITER.      SQ.NORM     CORR.ENERGY   TOTAL ENERGY   ENERGY CHANGE        DEN1      VAR(S)    VAR(P)  DIIS     TIME  TIME/IT
   1      1.01408872    -0.03837552    -1.17084739    -0.00669210    -0.00486871  0.28D-04  0.47D-03  1  1     0.02     0.00
   2      1.01681917    -0.03914364    -1.17161550    -0.00076811    -0.00242308  0.47D-06  0.93D-05  2  2     0.02     0.00
   3      1.01711194    -0.03914617    -1.17161803    -0.00000253    -0.00015850  0.11D-06  0.33D-06  3  3     0.02     0.00
   4      1.01715122    -0.03915021    -1.17162208    -0.00000404    -0.00001459  0.11D-08  0.66D-08  4  4     0.02     0.00
   5      1.01715409    -0.03914933    -1.17162119     0.00000089    -0.00000119  0.79D-10  0.62D-10  5  5     0.02     0.00
   6      1.01715402    -0.03914944    -1.17162130    -0.00000011     0.00000006  0.38D-11  0.14D-11  6  6     0.02     0.00
   7      1.01715398    -0.03914943    -1.17162129     0.00000001    -0.00000000  0.72D-13  0.51D-13  6  1     0.03     0.00
   8      1.01715398    -0.03914943    -1.17162129     0.00000000     0.00000000  0.13D-14  0.24D-14  6  2     0.03     0.00
   9      1.01715397    -0.03914943    -1.17162129    -0.00000000     0.00000000  0.59D-17  0.61D-16  6  3     0.03     0.00
  10      1.01715397    -0.03914943    -1.17162129    -0.00000000     0.00000000  0.47D-19  0.15D-17  6  4     0.03     0.00
  11      1.01715397    -0.03914943    -1.17162129    -0.00000000     0.00000000  0.35D-19  0.10D-18  6  5     0.03     0.00
  12      1.01715397    -0.03914943    -1.17162129    -0.00000000     0.00000000  0.18D-20  0.60D-20  6  6     0.03     0.00

 Norm of t1 vector:      0.00908333      S-energy:    -0.00000000      T1 diagnostic:  0.00454167
                                                                       D1 diagnostic:  0.00642289
                                                                       D2 diagnostic:  0.13066825 (internal)

 Doubles amplitudes (print threshold =  0.500E-01):

         I         J         SYM. A    SYM. B    A         B      T(IJ, AB)

         1         1         1         1         1         1     -0.05573311


 RESULTS
 =======

  Reference energy                     -1.132471864220
  CCSD singlet pair energy             -0.039149427380
  CCSD triplet pair energy              0.000000000000
  CCSD correlation energy              -0.039149427380

  Triples (T) contribution              0.000000000000
  Total correlation energy             -0.039149427380

  CCSD total energy                    -1.171621291600
 !CCSD(T) total energy                 -1.171621291600

 Timing summary (sec):

 STEP                 CPU(USER)    SYS     CPU(TOT)    WALL
 Transformation          0.01      0.00      0.01      0.00
 CCSD iterations         0.02      0.00      0.02      0.03

 Program statistics:

 Available memory in ccsd:              1499999993
 Min. memory needed in ccsd:                 11709
 Max. memory used in ccsd:                   11709
 Max. memory used in cckext:                 37673 (12 integral passes)



 **********************************************************************************************************************************
 DATASETS  * FILE   NREC   LENGTH (MB)   RECORD NAMES
              1      19       28.93       500      610      700      900      950      970     1001      129      960     1100   
                                          VAR    BASINP    GEOM    SYMINP    ZMAT    AOBASIS   BASIS     P2S    ABASIS      S 
                                         1400     1410     1200     1210     1080     1600     1650     1700     1380   
                                           T        V       H0       H01     AOSYM     SMH    MOLCAS    OPER     JKOP   

              2       7        0.74       700     1000      520     2100     7360     1001     2101   
                                         GEOM     BASIS   MCVARS     RHF    F12ABS    BASIS     RHF  

 PROGRAMS   *        TOTAL   CCSD(T)       MP2    HF-SCF       INT   MP2-F12     DF-HF       INT
 CPU TIMES  *         1.74      0.09      0.09      0.13      0.71      0.17      0.14      0.23
 REAL TIME  *         3.12 SEC
 DISK USED  *        29.78 MB (local),      269.98 MB (total)
 SF USED    *         7.43 MB
 GA USED    *         3.05 MB       (max)       0.00 MB       (current)
 **********************************************************************************************************************************
 SETTING EHLC           =        -0.00746600  AU                              
 SETTING ETOTAL         =        -1.17436855  AU                              
 E2               =        -1.16690255 AU
 EMP2             =        -1.16415529 AU
 EHLC             =        -0.00746600 AU
 ETOTAL           =        -1.17436855 AU
 _ECHARG          =         0.00000000 C
 _ENULL           =         0.00000000 C/Vm
 _EMASS           =         0.00000000 kg
 _EV              =         0.03674932 HARTREE
 _EHOMO           =        -0.60828552  
 _ELUMO           =         0.25234740  
 _EMP2            =        -1.16415529 AU
 _EMP2_SING       =        -0.03168343 AU
 _EMP2_TRIP       =         0.00000000 AU
 _EMP2_SCS        =        -1.17049198 AU
 _ECSING          =        -0.03914943 AU
 _ECTRIP          =         0.00000000 AU
 _EF12_SING       =        -0.00151034 AU
 _EF12_TRIP       =         0.00000000 AU
 _EF12_SCS        =        -0.00181241 AU
 _EF12_STRONG     =        -0.00151034 AU
 _EF12_CLOSE      =         0.00000000 AU
 _EF12_WEAK       =         0.00000000 AU
 _EF12_DIST       =         0.00000000 AU
 _EF12S_SING      =        -0.00151034 AU
 _EF12S_TRIP      =         0.00000000 AU
 _EF12S_SCS       =        -0.00181241 AU
 _EF12S_STRONG    =        -0.00151034 AU
 _EF12S_CLOSE     =         0.00000000 AU
 _EF12S_WEAK      =         0.00000000 AU
 _EF12S_DIST      =         0.00000000 AU
 _EF12D_SING      =        -0.00156079 AU
 _EF12D_TRIP      =         0.00000000 AU
 _EF12D_SCS       =        -0.00187295 AU
 _EF12D_STRONG    =        -0.00156079 AU
 _EF12D_CLOSE     =         0.00000000 AU
 _EF12D_WEAK      =         0.00000000 AU
 _EF12D_DIST      =         0.00000000 AU
 _ENERGC          =        -1.17162129 AU
 _ENERG_CC        =         0.00000000 AU
 _ENERG_CV        =         0.00000000 AU
 _ENERG_VV        =        -0.03914943 AU
 _ENERGR          =        -1.13247186 AU
 _ENERGT          =        -1.17162129 AU
 _ENERGY          =        -1.17162129 AU
 _ENERGY_METHOD   =    CCSD(T)
 _ENERGY_BASIS    =    USERDEF
 _ENUC            =         0.75596744 AU
 _ECDIAG          =        -0.03914943 AU
 _EPDIAG          =        -0.03914943 AU
 _ERF             =    ERF
 _ERFC            =    ERFC
 _EXP             =    EXP
 _EMBEDENERGY     =         0.00000000 AU
 _EMBE_CORR       =         0.00000000 AU
 _EMBED_SCF                       =    FALSE   
 _EOMCCSD_CONV                    =    FALSE   


 PROGRAM * OPT (Geometry optimization)     Authors: F. Eckert and H.-J. Werner


 Using mppx in numerical gradients

 BFGS update of hessian

 Geometry optimization using start command=LABEL1

 Optimizing variable ETOTAL; current value:     -1.17436855 AU

 Geometry written to block  1 of record 700

 *** Long output written to logfile /gpfs01/work/emmanous/6Frequencies/implementation/MOLPRO/G4-Tano-F12-v2/EXAMPLE_H2/h2.opt.log ***


 Generated   1 symmetrical displacements

 Making model hessian for cartesian coordinates

 Entering Rational Function Geometry Optimization

 ITER.   ENERGY(OLD)    ENERGY(NEW)      DE          GRADMAX     GRADNORM    GRADRMS     STEPMAX     STEPLEN     STEPRMS   CPU-time
   1    -1.17436855    -1.17559484    -0.00122629  0.04708796  0.04708796  0.04708796  0.04853770  0.04853770  0.03432134      5.69
   2    -1.17559484    -1.17561218    -0.00001734  0.00521898  0.00521898  0.00521898  0.00605002  0.00605002  0.00427801     10.86
   3    -1.17561218    -1.17561242    -0.00000024  0.00065689  0.00065689  0.00065689  0.00087114  0.00087114  0.00061599     18.12
   4    -1.17561242    -1.17561242     0.00000000  0.00001096  0.00001096  0.00001096  0.00001478  0.00001478  0.00001045     23.76
   5    -1.17561242    -1.17561242    -0.00000000  0.00000002  0.00000002  0.00000002  0.00000003  0.00000003  0.00000002     29.23

 END OF GEOMETRY OPTIMIZATION.

 Geometry written to block  1 of record 700

 Current geometry (xyz format, in Angstrom)

    2
 CCSD(T)/USERDEF  ENERGY=-1.17561242
 H          0.0000000000        0.0000000000        0.7207574075
 H          0.0000000000        0.0000000000       -0.0207574075

 **********************************************************************************************************************************


 **********************************************************************************************************************************
 DATASETS  * FILE   NREC   LENGTH (MB)   RECORD NAMES
              1      19       28.93       500      610      700      900      950      970     1001      129      960     1100   
                                          VAR    BASINP    GEOM    SYMINP    ZMAT    AOBASIS   BASIS     P2S    ABASIS      S 
                                         1400     1410     1200     1210     1080     1600     1650     1700     1380   
                                           T        V       H0       H01     AOSYM     SMH    MOLCAS    OPER     JKOP   

              2       9        0.91       700     1000      520     2100     7360     1001     2101     5600     2102   
                                         GEOM     BASIS   MCVARS     RHF    F12ABS    BASIS     RHF     GINFO     RHF  

 PROGRAMS   *        TOTAL      OPTG   CCSD(T)       MP2    HF-SCF       INT   MP2-F12     DF-HF       INT
 CPU TIMES  *        30.98     29.24      0.09      0.09      0.13      0.71      0.17      0.14      0.23
 REAL TIME  *        49.96 SEC
 DISK USED  *        35.98 MB (local),      301.92 MB (total)
 SF USED    *         7.43 MB
 GA USED    *         3.05 MB       (max)       0.00 MB       (current)
 **********************************************************************************************************************************

 CCSD(T)/USERDEF//CCSD(T)/USERDEF energy=     -1.173057872921

   OPTG(CCSD(T))         CCSD(T)             MP2          HF-SCF      DF-MP2-F12           DF-HF
     -1.17561242     -1.17162129     -1.16415529     -1.13247186     -1.16690255     -1.13275949
 **********************************************************************************************************************************
 Molpro calculation terminated
