 Cartesian Coordinates are in [bohr]
 Creating new Variables:
 HX1               0.00000000
 HY1               0.00000000
 HZ1               3.14797792
 CX2               0.00000000
 CY2               0.00000000
 CZ2               1.13903291
 CX3               0.00000000
 CY3               0.00000000
 CZ3              -1.13903291
 HX4               0.00000000
 HY4               0.00000000
 HZ4              -3.14797792
 Task   1   Incrementing variable HX1   by    0.010 BOH (Skipping negative increment due to symmetry).
 Task   2   Incrementing variable HY1   by    0.010 BOH (Skipping negative increment due to symmetry).
 Task   3   Incrementing variable HZ1   by    0.010 BOH
 Task   4   Incrementing variable HZ1   by   -0.010 BOH
 Task   5   Incrementing variable CX2   by    0.010 BOH (Skipping negative increment due to symmetry).
 Task   6   Incrementing variable CY2   by    0.010 BOH (Skipping negative increment due to symmetry).
 Task   7   Incrementing variable CZ2   by    0.010 BOH
 Task   8   Incrementing variable CZ2   by   -0.010 BOH

 Switching to mppx mode, nproc=  8

 Starting task   1.  CPU=     0.00 sec, Elapsed=     0.01 sec
 Incrementing variable HX1              by  0.010000 BOH   to    0.010000 BOH


 Using spherical harmonics

 Library entry H      S def2-TZVP            selected for orbital group  1
 Library entry H      P def2-TZVP            selected for orbital group  1
 Library entry C      S def2-TZVP            selected for orbital group  2
 Library entry C      P def2-TZVP            selected for orbital group  2
 Library entry C      D def2-TZVP            selected for orbital group  2
 Library entry C      F def2-TZVP            selected for orbital group  2


 PROGRAM * SEWARD (Integral evaluation for generally contracted gaussian basis sets)     Author: Roland Lindh, 1990

 Geometry written to block  1 of record 702


 Point group  Cs  



 ATOMIC COORDINATES

 NR  ATOM    CHARGE       X              Y              Z

   1  H       1.00    0.010000000    0.000000000    3.147977915
   2  C       6.00    0.000000000    0.000000000    1.139032914
   3  C       6.00    0.000000000    0.000000000   -1.139032914
   4  H       1.00    0.000000000    0.000000000   -3.147977915

 Bond lengths in Bohr (Angstrom)

 1-2  2.008969890  2-3  2.278065827  3-4  2.008945001
     ( 1.063101083)     ( 1.205500521)     ( 1.063087913)

 Bond angles

  1-2-3  179.71479903   2-3-4  179.99999774

 NUCLEAR CHARGE:                   14
 NUMBER OF PRIMITIVE AOS:         118
 NUMBER OF SYMMETRY AOS:          108
 NUMBER OF CONTRACTIONS:           74   (   52A'  +   22A"  )
 NUMBER OF INNER CORE ORBITALS:     0   (    0A'  +    0A"  )
 NUMBER OF OUTER CORE ORBITALS:     2   (    2A'  +    0A"  )
 NUMBER OF VALENCE ORBITALS:       10   (    8A'  +    2A"  )

 SYMMETRY CHANGED: INITIALIZING OCCUPATION


 NUCLEAR REPULSION ENERGY   24.73410838


 Eigenvalues of metric

         1 0.298E-04 0.710E-04 0.239E-02 0.397E-02 0.683E-02 0.149E-01 0.150E-01 0.164E-01
         2 0.150E-01 0.791E-01 0.153E+00 0.176E+00 0.265E+00 0.351E+00 0.387E+00 0.413E+00


 Contracted 2-electron integrals neglected if value below      1.0D-18
 AO integral compression algorithm  1   Integral accuracy      1.0D-18

     12.059 MB (compressed) written to integral file ( 61.3%)


 NUMBER OF SORTED TWO-ELECTRON INTEGRALS:    2028164.     BUFFER LENGTH:  32768
 NUMBER OF SEGMENTS:   1  SEGMENT LENGTH:    2028164      RECORD LENGTH: 524288

 Memory used in sort:       2.59 MW

 SORT1 READ     2501040. AND WROTE     1190735. INTEGRALS IN      4 RECORDS. CPU TIME:     0.02 SEC, REAL TIME:     0.03 SEC
 SORT2 READ     1190735. AND WROTE     2028164. INTEGRALS IN     46 RECORDS. CPU TIME:     0.05 SEC, REAL TIME:     0.06 SEC

 FILE SIZES:   FILE 1:    42.5 MBYTE,  FILE 4:    16.8 MBYTE,   TOTAL:     59.3 MBYTE

 OPERATOR DM      FOR CENTER  0  COORDINATES:    0.000000    0.000000    0.000000

 Program * Restricted Hartree-Fock

 Molecular orbitals read from record     2100.2  Type=RHF/CANONICAL  

 Present basis size:       52   22
 Previous basis size:      18    8    8    3   18    8    8    3
 Previous occupation:       3    1    1    0    2    0    0    0
 Previous closed-shells:    3    1    1    0    2    0    0    0
 Previous core-orbitals:    1    0    0    0    1    0    0    0
 Present occupation:        6    1
 Present closed-shells:     6    1
 Present core-orbitals:     2    0
 Wavefunction symmetry:    1   Singlet 

 Orbital overlap <old|new>:  < 1.1| 1.1> = 1.000000   < 1.5| 2.1> = 1.000000   < 2.1| 3.1> = 1.000000   < 3.1| 4.1> = 1.000000
                             < 1.2| 5.1> = 1.000000   < 1.3| 1.2> = 1.000000   < 2.5| 6.1> = 1.000000


 NELEC=   14   SYM=1   MS2= 0   THRE=1.0D-12   THRD=1.0D-07   THRG=1.0D-07  HFMA2=F  DIIS_START=2   DIIS_MAX=10   DIIS_INCORE=F

 Level shifts:    0.00 (CLOSED)    0.00 (OPEN)    0.30 (GAP_MIN)

 ITER           ETOT              DE          GRAD        DDIFF     DIIS  NEXP   TIME(IT)  TIME(TOT)  DIAG
   1      -76.85086968     -76.85086968     0.00D+00     0.50D-01     0     0       0.01      0.01    start
   2      -76.85090360      -0.00003392     0.35D-03     0.31D-03     1     0       0.01      0.02    diag
   3      -76.85090498      -0.00000139     0.58D-04     0.52D-04     2     0       0.01      0.03    diag
   4      -76.85090508      -0.00000010     0.12D-04     0.10D-04     3     0       0.01      0.04    diag
   5      -76.85090510      -0.00000002     0.43D-05     0.10D-04     4     0       0.01      0.05    diag
   6      -76.85090510      -0.00000000     0.86D-06     0.24D-05     5     0       0.00      0.05    diag
   7      -76.85090510      -0.00000000     0.32D-06     0.19D-06     6     0       0.01      0.06    diag
   8      -76.85090510      -0.00000000     0.10D-06     0.74D-07     7     0       0.01      0.07    fixocc
   9      -76.85090510      -0.00000000     0.15D-07     0.46D-07     8     0       0.01      0.08    diag
  10      -76.85090510       0.00000000     0.27D-08     0.58D-08     0     0       0.01      0.09    diag/orth

 Final occupancy:   6   1

 !RHF STATE 1.1 Energy                -76.850905099994
  RHF One-electron energy            -151.610081690746
  RHF Two-electron energy              50.025068215137
  RHF Kinetic energy                   76.679694004396
  RHF Nuclear energy                   24.734108375615
  RHF Virial quotient                  -1.002232808801

 !RHF STATE 1.1 Dipole moment           0.00240826     0.00000000    -0.00000651
 Dipole moment /Debye                   0.00612119     0.00000000    -0.00001654

 Orbital energies:

           1.1          2.1          3.1          4.1          5.1          6.1          7.1          8.1
    -11.243394   -11.239644    -1.028780    -0.767321    -0.680788    -0.410022     0.155331     0.164576

           1.2          2.2          3.2
     -0.410022     0.164574     0.336637


 HOMO      6.1    -0.410022 =     -11.1573eV
 LUMO      7.1     0.155331 =       4.2268eV
 LUMO-HOMO         0.565354 =      15.3841eV

 Orbitals saved in record  2101.1


 **********************************************************************************************************************************
 DATASETS  * FILE   NREC   LENGTH (MB)   RECORD NAMES
              1      21       38.27       500      610      700      702      900      950      970     1001      129      960   
                                          VAR    BASINP    GEOM     GEOM    SYMINP    ZMAT    AOBASIS   BASIS     P2S    ABASIS    
                                         1100     1400     1410     1200     1210     1080     1600     1650     1300     1700   
                                           S        T        V       H0       H01     AOSYM     SMH    MOLCAS    ERIS     OPER   
                                         2101   
                                          RHF  

              2       9        0.99       700     1000      520     2100     4100      701     5500      702     1001   
                                         GEOM     BASIS   MCVARS     RHF     CPHF     GEOM     HINFO    GEOM     BASIS   

 PROGRAMS   *        TOTAL    HF-SCF       MP2    HF-SCF       INT
 CPU TIMES  *         1.49      0.88      0.04      0.05      0.38
 REAL TIME  *         2.90 SEC
 DISK USED  *        57.56 MB
 SF USED    *         0.56 MB
 **********************************************************************************************************************************


 PROGRAM * MP2 (Closed-shell)     Authors: C. Hampel, H.-J. Werner, 1991, M. Deegan, P.J. Knowles, 1992


 Convergence thresholds:  THRVAR = 1.00D-16  THRDEN = 1.00D-12

 Number of core orbitals:           2 (   2   0 )
 Number of closed-shell orbitals:   5 (   4   1 )
 Number of external orbitals:      67 (  46  21 )

 Molecular orbitals read from record     2101.1  Type=RHF/CANONICAL (state 1.1)

 Number of N-1 electron functions:               5
 Number of N-2 electron functions:              15
 Number of singly external CSFs:               205
 Number of doubly external CSFs:             29630
 Total number of CSFs:                       29836

 Length of J-op  integral file:               0.00 MB
 Length of K-op  integral file:               0.25 MB

 Integral transformation finished. Total CPU:   0.01 sec, npass=  1  Memory used:   0.15 MW

 Memory needed for MP2:                      0.02 MW

 SCS-MP2 correlation energy:           -0.303566883798   (PS=  1.200000  PT=  0.333333)
 SCS-MP2 total energy:                -77.154471983791


  Reference energy                    -76.850905099994
  MP2 singlet pair energy              -0.197693984899
  MP2 triplet pair energy              -0.106608378083
  MP2 correlation energy               -0.304302362983

 !MP2 total energy                    -77.155207462976

 KEXT needed  1 integral passes. Memory used:   0.20 MW  CPU time:      0.03 sec


 CPHF trial vector read from record  4100.2

 Starting Coupled-perturbed Hartree-Fock, convergence threshold= 1.0D-06

 ITER   MIC  DIIS      VAR         VARC       CPU
   1     0     0    0.13D+01    0.11D+01     0.00
   2     2     1    0.30D-01    0.30D-01     0.01
   3     2     2    0.45D-03    0.24D-03     0.02
   4     5     3    0.31D-04    0.80D-05     0.03
   5     3     4    0.16D-05    0.36D-06     0.04
   6     1     5    0.42D-06    0.10D-07     0.05

 CPHF convergence reached in  6 macroiterations and   13 microiterations.   Accuracy: 4.2214D-07

 Dipole moments (unrelaxed):            0.00240353     0.00000000    -0.00000648
 Orbital relaxation contribution:      -0.00022207    -0.00000000     0.00000065
 !MP2 STATE 1.1 Dipole moment           0.00218146     0.00000000    -0.00000583
 Dipole moment /Debye                   0.00554472     0.00000000    -0.00001483

 CPU-time for density and lagrangian:                  0.01 sec
 CPU-time for coupled-perturbed hartree-fock:          0.05 sec

 MP2 gradient info saved on record         5200.1


 **********************************************************************************************************************************
 DATASETS  * FILE   NREC   LENGTH (MB)   RECORD NAMES
              1      23       39.22       500      610      700      702      900      950      970     1001      129      960   
                                          VAR    BASINP    GEOM     GEOM    SYMINP    ZMAT    AOBASIS   BASIS     P2S    ABASIS    
                                         1100     1400     1410     1200     1210     1080     1600     1650     1300     1700   
                                           S        T        V       H0       H01     AOSYM     SMH    MOLCAS    ERIS     OPER   
                                         2101     1380     5200   
                                          RHF     JKOP      MP2  

              2       9        0.99       700     1000      520     2100     4100      701     5500      702     1001   
                                         GEOM     BASIS   MCVARS     RHF     CPHF     GEOM     HINFO    GEOM     BASIS   

 PROGRAMS   *        TOTAL       MP2       MP2    HF-SCF       INT
 CPU TIMES  *         1.63      0.14      0.04      0.05      0.38
 REAL TIME  *         3.06 SEC
 DISK USED  *        57.56 MB
 SF USED    *         0.56 MB
 **********************************************************************************************************************************

 PROGRAM * ALASKA (Gradient of the energy)     Author: R. Lindh


 MP2      Gradient info restored from record    5200.1

 Number of core orbitals:           2 (   2   0 )
 Number of closed-shell orbitals:   5 (   4   1 )
 Number of external orbitals:      67 (  46  21 )

 Integral thresholds in T2TRAN:            1.0D-10 (PROD)

 Available memory for Transformation:1497667747 words
 Memory needed for incore algorithm:      96486 words
 Minimum memory needed:                   43026 words

 Memory used for transformation:           0.10 MW
 Available memory for gradients:        1499.57 MW

 CPU for transformation:                   0.04 sec
 CPU for integrals and gradient:           0.56 sec
 Total CPU:                                0.60 sec

 Prescreening statistics:
 ========================

 Total number of shell quadruplets:        3.08D+03
 Number of shell quadruplets processed:    3.03D+03 ( 98.25%)

 MP2 GRADIENT FOR STATE 1.1

 Atom          dE/dx               dE/dy               dE/dz

   1         0.000137624         0.000000000        -0.000645304
   2        -0.000206455         0.000000000        -0.011107725
   3         0.000006061         0.000000000         0.011098227
   4         0.000062771         0.000000000         0.000654802

 Nuclear force contribution to virial =        -0.029384640

 Tasks on processor    0 finished.  CPU=      1.81 sec, Elapsed=      1.95 sec. Waiting for other processors...

 Switching back to mpp mode, nproc=  8


 Recomputing wavefunction at initial geometry


 Using spherical harmonics

 Library entry H      S def2-TZVP            selected for orbital group  1
 Library entry H      P def2-TZVP            selected for orbital group  1
 Library entry C      S def2-TZVP            selected for orbital group  2
 Library entry C      P def2-TZVP            selected for orbital group  2
 Library entry C      D def2-TZVP            selected for orbital group  2
 Library entry C      F def2-TZVP            selected for orbital group  2


 PROGRAM * SEWARD (Integral evaluation for generally contracted gaussian basis sets)     Author: Roland Lindh, 1990

 Geometry written to block  1 of record 700


 Point group  D2h 



 ATOMIC COORDINATES

 NR  ATOM    CHARGE       X              Y              Z

   1  H       1.00    0.000000000    0.000000000    3.147977915
   2  H       1.00    0.000000000    0.000000000   -3.147977915
   3  C       6.00    0.000000000    0.000000000    1.139032914
   4  C       6.00    0.000000000    0.000000000   -1.139032914

 Bond lengths in Bohr (Angstrom)

 1-3  2.008945001  2-4  2.008945001  3-4  2.278065827
     ( 1.063087913)     ( 1.063087913)     ( 1.205500521)

 Bond angles

  1-3-4  179.99999774   2-4-3  179.99999774

 NUCLEAR CHARGE:                   14
 NUMBER OF PRIMITIVE AOS:         118
 NUMBER OF SYMMETRY AOS:          108
 NUMBER OF CONTRACTIONS:           74   (   18Ag  +    8B3u +    8B2u +    3B1g +   18B1u +    8B2g +    8B3g +    3Au  )
 NUMBER OF INNER CORE ORBITALS:     0   (    0Ag  +    0B3u +    0B2u +    0B1g +    0B1u +    0B2g +    0B3g +    0Au  )
 NUMBER OF OUTER CORE ORBITALS:     2   (    1Ag  +    0B3u +    0B2u +    0B1g +    1B1u +    0B2g +    0B3g +    0Au  )
 NUMBER OF VALENCE ORBITALS:       10   (    3Ag  +    1B3u +    1B2u +    0B1g +    3B1u +    1B2g +    1B3g +    0Au  )


 NUCLEAR REPULSION ENERGY   24.73414938

 EXTRA SYMMETRY OF AOS IN SYMMETRY 1:   1 1 1 1 1 1 1 1 1 1   1 1 1 2 1 2 1 2
 EXTRA SYMMETRY OF AOS IN SYMMETRY 2:   1 1 1 1 1 1 1 2
 EXTRA SYMMETRY OF AOS IN SYMMETRY 3:   1 1 1 1 1 1 1 2
 EXTRA SYMMETRY OF AOS IN SYMMETRY 5:   1 1 1 1 1 1 1 1 1 1   1 1 1 2 1 2 1 2
 EXTRA SYMMETRY OF AOS IN SYMMETRY 6:   1 1 1 1 1 1 1 2
 EXTRA SYMMETRY OF AOS IN SYMMETRY 7:   1 1 1 1 1 1 1 2

 Eigenvalues of metric

         1 0.239E-02 0.683E-02 0.149E-01 0.469E-01 0.106E+00 0.214E+00 0.301E+00 0.377E+00
         2 0.153E+00 0.351E+00 0.387E+00 0.853E+00 0.114E+01 0.152E+01 0.216E+01 0.359E+01
         3 0.153E+00 0.351E+00 0.387E+00 0.853E+00 0.114E+01 0.152E+01 0.216E+01 0.359E+01
         4 0.542E+00 0.125E+01 0.212E+01
         5 0.298E-04 0.710E-04 0.397E-02 0.164E-01 0.446E-01 0.145E+00 0.185E+00 0.233E+00
         6 0.150E-01 0.791E-01 0.176E+00 0.413E+00 0.605E+00 0.861E+00 0.149E+01 0.222E+01
         7 0.150E-01 0.791E-01 0.176E+00 0.413E+00 0.605E+00 0.861E+00 0.149E+01 0.222E+01
         8 0.265E+00 0.505E+00 0.132E+01


 Contracted 2-electron integrals neglected if value below      1.0D-18
 AO integral compression algorithm  1   Integral accuracy      1.0D-18

     7.078 MB (compressed) written to integral file (100.0%)

     Node minimum: 0.786 MB, node maximum: 1.049 MB


 NUMBER OF SORTED TWO-ELECTRON INTEGRALS:      63821.     BUFFER LENGTH:  32768
 NUMBER OF SEGMENTS:   1  SEGMENT LENGTH:      63821      RECORD LENGTH: 524288

 Memory used in sort:       0.62 MW

 SORT1 READ      916336. AND WROTE       56084. INTEGRALS IN      1 RECORDS. CPU TIME:     0.03 SEC, REAL TIME:     0.03 SEC
 SORT2 READ      474951. AND WROTE      540369. INTEGRALS IN     24 RECORDS. CPU TIME:     0.00 SEC, REAL TIME:     0.01 SEC

 Node minimum:       63409.  Node maximum:       70733. integrals

 OPERATOR DM      FOR CENTER  0  COORDINATES:    0.000000    0.000000    0.000000

 Program * Restricted Hartree-Fock

 Molecular orbitals read from record     2100.2  Type=RHF/CANONICAL  

 NELEC=   14   SYM=1   MS2= 0   THRE=1.0D-12   THRD=1.0D-06   THRG=1.0D-06  HFMA2=F  DIIS_START=2   DIIS_MAX=10   DIIS_INCORE=F

 Level shifts:    0.00 (CLOSED)    0.00 (OPEN)    0.30 (GAP_MIN)

 ITER           ETOT              DE          GRAD        DDIFF     DIIS  NEXP   TIME(IT)  TIME(TOT)  DIAG
   1      -76.85090621     -76.85090621     0.00D+00     0.92D-01     0     0       0.00      0.00    start
   2      -76.85090621       0.00000000     0.92D-09     0.98D-09     1     0       0.00      0.00    diag

 Final occupancy:   3   1   1   0   2   0   0   0

 !RHF STATE 1.1 Energy                -76.850906206758
  RHF One-electron energy            -151.610156416250
  RHF Two-electron energy              50.025100825267
  RHF Kinetic energy                   76.679712438352
  RHF Nuclear energy                   24.734149384225
  RHF Virial quotient                  -1.002232582295

 !RHF STATE 1.1 Dipole moment           0.00000000     0.00000000     0.00000000
 Dipole moment /Debye                   0.00000000     0.00000000     0.00000000

 Orbital energies:

           1.1          2.1          3.1          4.1          5.1
    -11.243394    -1.028780    -0.680791     0.188226     0.241041

           1.2          2.2          3.2
     -0.410022     0.336637     0.921373

           1.3          2.3          3.3
     -0.410022     0.336637     0.921373

           1.4          2.4
      0.772008     2.777554

           1.5          2.5          3.5          4.5
    -11.239644    -0.767324     0.155331     0.352215

           1.6          2.6
      0.164574     0.485303

           1.7          2.7
      0.164574     0.485303

           1.8          2.8
      1.095499     3.394173


 HOMO      1.3    -0.410022 =     -11.1573eV
 LUMO      3.5     0.155331 =       4.2268eV
 LUMO-HOMO         0.565353 =      15.3840eV

 Orbitals saved in record  2100.2


 **********************************************************************************************************************************
 DATASETS  * FILE   NREC   LENGTH (MB)   RECORD NAMES
              1      18       28.66       500      610      700      900      950      970     1000      129      960     1100   
                                          VAR    BASINP    GEOM    SYMINP    ZMAT    AOBASIS   BASIS     P2S    ABASIS      S 
                                         1400     1410     1200     1210     1080     1600     1650     1700   
                                           T        V       H0       H01     AOSYM     SMH    MOLCAS    OPER   

              2       8        0.52       700     1000      520     2100     4100     5300     5450     5400   
                                         GEOM     BASIS   MCVARS     RHF     CPHF     HESS     NMOD     FREQ   

 PROGRAMS   *        TOTAL    HF-SCF       MP2    HF-SCF       INT
 CPU TIMES  *         4.23      1.80      0.04      0.05      0.38
 REAL TIME  *         6.13 SEC
 DISK USED  *        57.56 MB (local),      497.35 MB (total)
 SF USED    *         0.56 MB
 GA USED    *         0.00 MB       (max)       0.00 MB       (current)
 **********************************************************************************************************************************


 PROGRAM * MP2 (Closed-shell)     Authors: C. Hampel, H.-J. Werner, 1991, M. Deegan, P.J. Knowles, 1992


 Convergence thresholds:  THRVAR = 1.00D-16  THRDEN = 1.00D-12

 Number of core orbitals:           2 (   1   0   0   0   1   0   0   0 )
 Number of closed-shell orbitals:   5 (   2   1   1   0   1   0   0   0 )
 Number of external orbitals:      67 (  15   7   7   3  16   8   8   3 )

 Molecular orbitals read from record     2100.2  Type=RHF/CANONICAL (state 1.1)

 Number of N-1 electron functions:               5
 Number of N-2 electron functions:              15
 Number of singly external CSFs:                60
 Number of doubly external CSFs:              7893
 Total number of CSFs:                        7954

 Length of J-op  integral file:               0.00 MB
 Length of K-op  integral file:               0.06 MB

 Integral transformation finished. Total CPU:   0.01 sec, npass=  1  Memory used:   0.08 MW

 Memory needed for MP2:                      0.00 MW

 SCS-MP2 correlation energy:           -0.303566458363   (PS=  1.200000  PT=  0.333333)
 SCS-MP2 total energy:                -77.154472665121


  Reference energy                    -76.850906206758
  MP2 singlet pair energy              -0.197693700779
  MP2 triplet pair energy              -0.106608242295
  MP2 correlation energy               -0.304301943075

 !MP2 total energy                    -77.155208149832

 KEXT needed  1 integral passes. Memory used:   0.07 MW  CPU time:      0.00 sec


 CPHF trial vector read from record  4100.2

 Starting Coupled-perturbed Hartree-Fock, convergence threshold= 1.0D-06

 ITER   MIC  DIIS      VAR         VARC       CPU
   1     0     1    0.12D-07    0.64D-09     0.00

 CPHF convergence reached in  1 macroiterations and    0 microiterations.   Accuracy: 1.2121D-08

 CPHF solution written to record  4100.2

 Dipole moments (unrelaxed):            0.00000000     0.00000000     0.00000000
 Orbital relaxation contribution:      -0.00000000    -0.00000000    -0.00000000
 !MP2 STATE 1.1 Dipole moment           0.00000000     0.00000000     0.00000000
 Dipole moment /Debye                   0.00000000     0.00000000     0.00000000

 CPU-time for density and lagrangian:                  0.00 sec
 CPU-time for coupled-perturbed hartree-fock:          0.00 sec

 MP2 gradient info saved on record         5200.1


 **********************************************************************************************************************************
 DATASETS  * FILE   NREC   LENGTH (MB)   RECORD NAMES
              1      20       28.91       500      610      700      900      950      970     1000      129      960     1100   
                                          VAR    BASINP    GEOM    SYMINP    ZMAT    AOBASIS   BASIS     P2S    ABASIS      S 
                                         1400     1410     1200     1210     1080     1600     1650     1700     1380     5200   
                                           T        V       H0       H01     AOSYM     SMH    MOLCAS    OPER     JKOP      MP2  

              2       8        0.52       700     1000      520     2100     4100     5300     5450     5400   
                                         GEOM     BASIS   MCVARS     RHF     CPHF     HESS     NMOD     FREQ   

 PROGRAMS   *        TOTAL       MP2       MP2    HF-SCF       INT
 CPU TIMES  *         4.27      0.04      0.04      0.05      0.38
 REAL TIME  *         6.17 SEC
 DISK USED  *        57.56 MB (local),      497.35 MB (total)
 SF USED    *         0.56 MB
 GA USED    *         0.00 MB       (max)       0.00 MB       (current)
 **********************************************************************************************************************************
