 Cartesian Coordinates are in [bohr]
 Creating new Variables:
 HX1               0.00000000
 HY1               0.00000000
 HZ1               3.14797792
 CX2               0.00000000
 CY2               0.00000000
 CZ2               1.13903291
 CX3               0.00000000
 CY3               0.00000000
 CZ3              -1.13903291
 HX4               0.00000000
 HY4               0.00000000
 HZ4              -3.14797792
 Task   1   Incrementing variable HX1   by    0.010 BOH (Skipping negative increment due to symmetry).
 Task   2   Incrementing variable HY1   by    0.010 BOH (Skipping negative increment due to symmetry).
 Task   3   Incrementing variable HZ1   by    0.010 BOH
 Task   4   Incrementing variable HZ1   by   -0.010 BOH
 Task   5   Incrementing variable CX2   by    0.010 BOH (Skipping negative increment due to symmetry).
 Task   6   Incrementing variable CY2   by    0.010 BOH (Skipping negative increment due to symmetry).
 Task   7   Incrementing variable CZ2   by    0.010 BOH
 Task   8   Incrementing variable CZ2   by   -0.010 BOH

 Switching to mppx mode, nproc=  8

 Starting task   3.  CPU=     0.00 sec, Elapsed=     0.00 sec
 Incrementing variable HZ1              by  0.010000 BOH   to    3.157978 BOH


 Using spherical harmonics

 Library entry H      S def2-QZVPP           selected for orbital group  1
 Library entry H      P def2-QZVPP           selected for orbital group  1
 Library entry H      D def2-QZVPP           selected for orbital group  1
 Library entry H      F def2-QZVPP           selected for orbital group  1
 Library entry C      S def2-QZVPPD          selected for orbital group  2
 Library entry C      P def2-QZVPPD          selected for orbital group  2
 Library entry C      D def2-QZVPPD          selected for orbital group  2
 Library entry C      F def2-QZVPPD          selected for orbital group  2
 Library entry C      G def2-QZVPPD          selected for orbital group  2


 PROGRAM * SEWARD (Integral evaluation for generally contracted gaussian basis sets)     Author: Roland Lindh, 1990

 Geometry written to block  1 of record 702


 Point group  C2v 



 ATOMIC COORDINATES

 NR  ATOM    CHARGE       X              Y              Z

   1  H       1.00    0.000000000    0.000000000    3.157977915
   2  C       6.00    0.000000000    0.000000000    1.139032914
   3  C       6.00    0.000000000    0.000000000   -1.139032914
   4  H       1.00    0.000000000    0.000000000   -3.147977915

 Bond lengths in Bohr (Angstrom)

 1-2  2.018945001  2-3  2.278065827  3-4  2.008945001
     ( 1.068379685)     ( 1.205500521)     ( 1.063087913)

 Bond angles

  1-2-3  179.99999852   2-3-4  179.99999774

 NUCLEAR CHARGE:                   14
 NUMBER OF PRIMITIVE AOS:         274
 NUMBER OF SYMMETRY AOS:          232
 NUMBER OF CONTRACTIONS:          186   (   80A1  +   42B1  +   42B2  +   22A2  )
 NUMBER OF INNER CORE ORBITALS:     0   (    0A1  +    0B1  +    0B2  +    0A2  )
 NUMBER OF OUTER CORE ORBITALS:     2   (    2A1  +    0B1  +    0B2  +    0A2  )
 NUMBER OF VALENCE ORBITALS:       10   (    6A1  +    2B1  +    2B2  +    0A2  )

 SYMMETRY CHANGED: INITIALIZING OCCUPATION


 NUCLEAR REPULSION ENERGY   24.71584733

 EXTRA SYMMETRY OF AOS IN SYMMETRY 1:   1 1 1 1 1 1 1 1 2 1   2 1 2 1 1 1 1 1 1 1   1 1 1 1 1 1 2 1 2 1   2 1 2 1 2 1 2 1 3 2
                                        1 1 1 1 1 1 1 1 1 1   1 1 1 2 1 2 1 2 1 2   1 2 1 2 1 3 2 1 1 1   1 1 1 1 1 2 1 2 1 2
 EXTRA SYMMETRY OF AOS IN SYMMETRY 2:   1 1 1 1 1 1 2 1 1 1   1 1 1 1 1 1 2 1 2 1   2 1 1 1 1 1 1 1 1 1   2 1 2 1 2 1 1 1 1 1
                                        1 2
 EXTRA SYMMETRY OF AOS IN SYMMETRY 3:   1 1 1 1 1 1 2 1 1 1   1 1 1 1 1 1 2 1 2 1   2 1 1 1 1 1 1 1 1 1   2 1 2 1 2 1 1 1 1 1
                                        1 2
 EXTRA SYMMETRY OF AOS IN SYMMETRY 4:   1 1 1 1 1 1 1 1 1 1   2 1 1 1 1 1 1 1 2 1   1 1

 Eigenvalues of metric

         1 0.141E-04 0.541E-04 0.119E-03 0.136E-03 0.198E-03 0.418E-03 0.459E-03 0.105E-02
         2 0.415E-03 0.102E-02 0.375E-02 0.650E-02 0.674E-02 0.229E-01 0.388E-01 0.399E-01
         3 0.415E-03 0.102E-02 0.375E-02 0.650E-02 0.674E-02 0.229E-01 0.388E-01 0.399E-01
         4 0.480E-01 0.679E-01 0.121E+00 0.155E+00 0.189E+00 0.222E+00 0.401E+00 0.410E+00


 Contracted 2-electron integrals neglected if value below      1.0D-18
 AO integral compression algorithm  1   Integral accuracy      1.0D-18

     285.475 MB (compressed) written to integral file ( 77.7%)


 NUMBER OF SORTED TWO-ELECTRON INTEGRALS:   39243244.     BUFFER LENGTH:  32768
 NUMBER OF SEGMENTS:   3  SEGMENT LENGTH:   15993823      RECORD LENGTH: 524288

 Memory used in sort:      16.55 MW

 SORT1 READ    45907048. AND WROTE    31300404. INTEGRALS IN     91 RECORDS. CPU TIME:     0.77 SEC, REAL TIME:     2.89 SEC
 SORT2 READ    31300404. AND WROTE    39243244. INTEGRALS IN   1089 RECORDS. CPU TIME:     0.60 SEC, REAL TIME:     3.79 SEC

 FILE SIZES:   FILE 1:   316.6 MBYTE,  FILE 4:   381.7 MBYTE,   TOTAL:    698.3 MBYTE

 OPERATOR DM      FOR CENTER  0  COORDINATES:    0.000000    0.000000    0.000000

 Program * Restricted Hartree-Fock

 Molecular orbitals read from record     2100.2  Type=RHF/CANONICAL  

 Present basis size:       80   42   42   22
 Previous basis size:      40   21   21   11   40   21   21   11
 Previous occupation:       3    1    1    0    2    0    0    0
 Previous closed-shells:    3    1    1    0    2    0    0    0
 Previous core-orbitals:    1    0    0    0    1    0    0    0
 Present occupation:        5    1    1    0
 Present closed-shells:     5    1    1    0
 Present core-orbitals:     2    0    0    0
 Wavefunction symmetry:    1   Singlet 

 Orbital overlap <old|new>:  < 1.1| 1.1> = 1.000000   < 1.5| 2.1> = 1.000000   < 2.1| 3.1> = 1.000000   < 3.1| 4.1> = 1.000000
                             < 1.2| 1.2> = 1.000000   < 1.3| 1.3> = 1.000000   < 2.5| 5.1> = 1.000000


 NELEC=   14   SYM=1   MS2= 0   THRE=1.0D-12   THRD=1.0D-07   THRG=1.0D-07  HFMA2=F  DIIS_START=2   DIIS_MAX=10   DIIS_INCORE=F

 Level shifts:    0.00 (CLOSED)    0.00 (OPEN)    0.30 (GAP_MIN)

 ITER           ETOT              DE          GRAD        DDIFF     DIIS  NEXP   TIME(IT)  TIME(TOT)  DIAG
   1      -76.85481178     -76.85481178     0.00D+00     0.22D-01     0     0       0.12      0.13    start
   2      -76.85486621      -0.00005443     0.53D-03     0.13D-03     1     0       0.11      0.24    diag
   3      -76.85486822      -0.00000201     0.85D-04     0.27D-04     2     0       0.12      0.36    diag
   4      -76.85486964      -0.00000142     0.57D-04     0.11D-04     3     0       0.11      0.47    diag
   5      -76.85486968      -0.00000004     0.72D-05     0.28D-05     4     0       0.12      0.59    diag
   6      -76.85486968      -0.00000000     0.21D-05     0.95D-06     5     0       0.11      0.70    diag
   7      -76.85486968      -0.00000000     0.43D-06     0.28D-06     6     0       0.12      0.82    diag
   8      -76.85486968      -0.00000000     0.58D-07     0.34D-07     7     0       0.11      0.93    fixocc
   9      -76.85486968       0.00000000     0.11D-07     0.80D-08     8     0       0.12      1.05    diag
  10      -76.85486968       0.00000000     0.12D-08     0.82D-09     0     0       0.12      1.17    diag/orth

 Final occupancy:   5   1   1   0

 !RHF STATE 1.1 Energy                -76.854869684206
  RHF One-electron energy            -151.579203020371
  RHF Two-electron energy              50.008486005472
  RHF Kinetic energy                   76.677774731954
  RHF Nuclear energy                   24.715847330693
  RHF Virial quotient                  -1.002309599527

 !RHF STATE 1.1 Dipole moment           0.00000000     0.00000000     0.00222539
 Dipole moment /Debye                   0.00000000     0.00000000     0.00565637

 Orbital energies:

           1.1          2.1          3.1          4.1          5.1          6.1          7.1
    -11.243829   -11.240033    -1.029325    -0.766712    -0.680275     0.057537     0.070080

           1.2          2.2          3.2
     -0.410470     0.139598     0.195402

           1.3          2.3          3.3
     -0.410470     0.139598     0.195402

           1.4          2.4
      0.237500     0.315530


 HOMO      1.3    -0.410470 =     -11.1695eV
 LUMO      6.1     0.057537 =       1.5657eV
 LUMO-HOMO         0.468008 =      12.7351eV

 Orbitals saved in record  2101.1


 **********************************************************************************************************************************
 DATASETS  * FILE   NREC   LENGTH (MB)   RECORD NAMES
              1      21      265.44       500      610      700      702      900      950      970     1001      129      960   
                                          VAR    BASINP    GEOM     GEOM    SYMINP    ZMAT    AOBASIS   BASIS     P2S    ABASIS    
                                         1100     1400     1410     1200     1210     1080     1600     1650     1300     1700   
                                           S        T        V       H0       H01     AOSYM     SMH    MOLCAS    ERIS     OPER   
                                         2101   
                                          RHF  

              2       9        1.59       700     1000      520     2100     4100      701     5500      702     1001   
                                         GEOM     BASIS   MCVARS     RHF     CPHF     GEOM     HINFO    GEOM     BASIS   

 PROGRAMS   *        TOTAL    HF-SCF       MP2    HF-SCF       INT
 CPU TIMES  *        10.75      8.37      0.12      0.23      1.90
 REAL TIME  *        18.40 SEC
 DISK USED  *       667.58 MB
 SF USED    *         3.42 MB
 **********************************************************************************************************************************


 PROGRAM * MP2 (Closed-shell)     Authors: C. Hampel, H.-J. Werner, 1991, M. Deegan, P.J. Knowles, 1992


 Convergence thresholds:  THRVAR = 1.00D-16  THRDEN = 1.00D-12

 Number of core orbitals:           2 (   2   0   0   0 )
 Number of closed-shell orbitals:   5 (   3   1   1   0 )
 Number of external orbitals:     179 (  75  41  41  22 )

 Molecular orbitals read from record     2101.1  Type=RHF/CANONICAL (state 1.1)

 Number of N-1 electron functions:               5
 Number of N-2 electron functions:              15
 Number of singly external CSFs:               307
 Number of doubly external CSFs:            106924
 Total number of CSFs:                      107232

 Length of J-op  integral file:               0.00 MB
 Length of K-op  integral file:               0.75 MB

 Integral transformation finished. Total CPU:   0.20 sec, npass=  1  Memory used:   0.28 MW

 Memory needed for MP2:                      0.05 MW

 SCS-MP2 correlation energy:           -0.330489273486   (PS=  1.200000  PT=  0.333333)
 SCS-MP2 total energy:                -77.185358957692


  Reference energy                    -76.854869684206
  MP2 singlet pair energy              -0.217869076699
  MP2 triplet pair energy              -0.110967398755
  MP2 correlation energy               -0.328836475453

 !MP2 total energy                    -77.183706159659

 KEXT needed  1 integral passes. Memory used:   0.66 MW  CPU time:      0.29 sec


 CPHF trial vector read from record  4100.2

 Starting Coupled-perturbed Hartree-Fock, convergence threshold= 1.0D-06

 ITER   MIC  DIIS      VAR         VARC       CPU
   1     0     0    0.17D+01    0.15D+01     0.12
   2     2     1    0.34D-01    0.32D-01     0.23
   3     2     2    0.76D-03    0.32D-03     0.35
   4     5     3    0.71D-04    0.14D-04     0.47
   5     4     4    0.33D-05    0.67D-06     0.58
   6     2     5    0.43D-06    0.31D-07     0.69

 CPHF convergence reached in  6 macroiterations and   15 microiterations.   Accuracy: 4.2705D-07

 Dipole moments (unrelaxed):            0.00000000     0.00000000     0.00215730
 Orbital relaxation contribution:      -0.00000000    -0.00000000    -0.00003105
 !MP2 STATE 1.1 Dipole moment           0.00000000     0.00000000     0.00212625
 Dipole moment /Debye                   0.00000000     0.00000000     0.00540439

 CPU-time for density and lagrangian:                  0.12 sec
 CPU-time for coupled-perturbed hartree-fock:          0.69 sec

 MP2 gradient info saved on record         5200.1


 **********************************************************************************************************************************
 DATASETS  * FILE   NREC   LENGTH (MB)   RECORD NAMES
              1      23      268.59       500      610      700      702      900      950      970     1001      129      960   
                                          VAR    BASINP    GEOM     GEOM    SYMINP    ZMAT    AOBASIS   BASIS     P2S    ABASIS    
                                         1100     1400     1410     1200     1210     1080     1600     1650     1300     1700   
                                           S        T        V       H0       H01     AOSYM     SMH    MOLCAS    ERIS     OPER   
                                         2101     1380     5200   
                                          RHF     JKOP      MP2  

              2       9        1.59       700     1000      520     2100     4100      701     5500      702     1001   
                                         GEOM     BASIS   MCVARS     RHF     CPHF     GEOM     HINFO    GEOM     BASIS   

 PROGRAMS   *        TOTAL       MP2       MP2    HF-SCF       INT
 CPU TIMES  *        12.20      1.45      0.12      0.23      1.90
 REAL TIME  *        20.38 SEC
 DISK USED  *       667.58 MB
 SF USED    *         3.42 MB
 **********************************************************************************************************************************

 PROGRAM * ALASKA (Gradient of the energy)     Author: R. Lindh


 MP2      Gradient info restored from record    5200.1

 Number of core orbitals:           2 (   2   0   0   0 )
 Number of closed-shell orbitals:   5 (   3   1   1   0 )
 Number of external orbitals:     179 (  75  41  41  22 )

 Integral thresholds in T2TRAN:            1.0D-10 (PROD)

 Available memory for Transformation:1493942157 words
 Memory needed for incore algorithm:     366906 words
 Minimum memory needed:                  184086 words

 Memory used for transformation:           0.37 MW
 Available memory for gradients:        1495.58 MW

 CPU for transformation:                   0.30 sec
 CPU for integrals and gradient:          13.60 sec
 Total CPU:                               13.90 sec

 Prescreening statistics:
 ========================

 Total number of shell quadruplets:        1.47D+04
 Number of shell quadruplets processed:    1.39D+04 ( 94.27%)

 MP2 GRADIENT FOR STATE 1.1

 Atom          dE/dx               dE/dy               dE/dz

   1         0.000000000         0.000000000         0.005649221
   2         0.000000000         0.000000000        -0.012051885
   3         0.000000000         0.000000000         0.007979519
   4         0.000000000         0.000000000        -0.001576855

 Nuclear force contribution to virial =        -0.000012410

 Tasks on processor    0 finished.  CPU=     25.75 sec, Elapsed=     31.20 sec. Waiting for other processors...

 Switching back to mpp mode, nproc=  8


 Recomputing wavefunction at initial geometry


 Using spherical harmonics

 Library entry H      S def2-QZVPP           selected for orbital group  1
 Library entry H      P def2-QZVPP           selected for orbital group  1
 Library entry H      D def2-QZVPP           selected for orbital group  1
 Library entry H      F def2-QZVPP           selected for orbital group  1
 Library entry C      S def2-QZVPPD          selected for orbital group  2
 Library entry C      P def2-QZVPPD          selected for orbital group  2
 Library entry C      D def2-QZVPPD          selected for orbital group  2
 Library entry C      F def2-QZVPPD          selected for orbital group  2
 Library entry C      G def2-QZVPPD          selected for orbital group  2


 PROGRAM * SEWARD (Integral evaluation for generally contracted gaussian basis sets)     Author: Roland Lindh, 1990

 Geometry written to block  1 of record 700


 Point group  D2h 



 ATOMIC COORDINATES

 NR  ATOM    CHARGE       X              Y              Z

   1  H       1.00    0.000000000    0.000000000    3.147977915
   2  H       1.00    0.000000000    0.000000000   -3.147977915
   3  C       6.00    0.000000000    0.000000000    1.139032914
   4  C       6.00    0.000000000    0.000000000   -1.139032914

 Bond lengths in Bohr (Angstrom)

 1-3  2.008945001  2-4  2.008945001  3-4  2.278065827
     ( 1.063087913)     ( 1.063087913)     ( 1.205500521)

 Bond angles

  1-3-4  179.99999774   2-4-3  179.99999774

 NUCLEAR CHARGE:                   14
 NUMBER OF PRIMITIVE AOS:         274
 NUMBER OF SYMMETRY AOS:          232
 NUMBER OF CONTRACTIONS:          186   (   40Ag  +   21B3u +   21B2u +   11B1g +   40B1u +   21B2g +   21B3g +   11Au  )
 NUMBER OF INNER CORE ORBITALS:     0   (    0Ag  +    0B3u +    0B2u +    0B1g +    0B1u +    0B2g +    0B3g +    0Au  )
 NUMBER OF OUTER CORE ORBITALS:     2   (    1Ag  +    0B3u +    0B2u +    0B1g +    1B1u +    0B2g +    0B3g +    0Au  )
 NUMBER OF VALENCE ORBITALS:       10   (    3Ag  +    1B3u +    1B2u +    0B1g +    3B1u +    1B2g +    1B3g +    0Au  )


 NUCLEAR REPULSION ENERGY   24.73414938

 EXTRA SYMMETRY OF AOS IN SYMMETRY 1:   1 1 1 1 1 1 1 1 2 1   2 1 2 1 1 1 1 1 1 1   1 1 1 1 1 1 2 1 2 1   2 1 2 1 2 1 2 1 3 2
 EXTRA SYMMETRY OF AOS IN SYMMETRY 2:   1 1 1 1 1 1 2 1 1 1   1 1 1 1 1 1 2 1 2 1   2
 EXTRA SYMMETRY OF AOS IN SYMMETRY 3:   1 1 1 1 1 1 2 1 1 1   1 1 1 1 1 1 2 1 2 1   2
 EXTRA SYMMETRY OF AOS IN SYMMETRY 4:   1 1 1 1 1 1 1 1 1 1   2
 EXTRA SYMMETRY OF AOS IN SYMMETRY 5:   1 1 1 1 1 1 1 1 2 1   2 1 2 1 1 1 1 1 1 1   1 1 1 1 1 1 2 1 2 1   2 1 2 1 2 1 2 1 3 2
 EXTRA SYMMETRY OF AOS IN SYMMETRY 6:   1 1 1 1 1 1 2 1 1 1   1 1 1 1 1 1 2 1 2 1   2
 EXTRA SYMMETRY OF AOS IN SYMMETRY 7:   1 1 1 1 1 1 2 1 1 1   1 1 1 1 1 1 2 1 2 1   2
 EXTRA SYMMETRY OF AOS IN SYMMETRY 8:   1 1 1 1 1 1 1 1 1 1   2

 Eigenvalues of metric

         1 0.134E-03 0.415E-03 0.105E-02 0.182E-02 0.207E-02 0.503E-02 0.733E-02 0.197E-01
         2 0.646E-02 0.227E-01 0.398E-01 0.104E+00 0.144E+00 0.241E+00 0.280E+00 0.398E+00
         3 0.646E-02 0.227E-01 0.398E-01 0.104E+00 0.144E+00 0.241E+00 0.280E+00 0.398E+00
         4 0.155E+00 0.188E+00 0.408E+00 0.540E+00 0.670E+00 0.107E+01 0.119E+01 0.138E+01
         5 0.141E-04 0.534E-04 0.117E-03 0.197E-03 0.447E-03 0.188E-02 0.264E-02 0.743E-02
         6 0.415E-03 0.102E-02 0.373E-02 0.655E-02 0.386E-01 0.923E-01 0.190E+00 0.309E+00
         7 0.415E-03 0.102E-02 0.373E-02 0.655E-02 0.386E-01 0.923E-01 0.190E+00 0.309E+00
         8 0.479E-01 0.677E-01 0.120E+00 0.222E+00 0.400E+00 0.602E+00 0.712E+00 0.927E+00


 Contracted 2-electron integrals neglected if value below      1.0D-18
 AO integral compression algorithm  1   Integral accuracy      1.0D-18

     196.608 MB (compressed) written to integral file ( 84.7%)

     Node minimum: 19.661 MB, node maximum: 29.884 MB


 NUMBER OF SORTED TWO-ELECTRON INTEGRALS:    2445401.     BUFFER LENGTH:  32768
 NUMBER OF SEGMENTS:   1  SEGMENT LENGTH:    2445401      RECORD LENGTH: 524288

 Memory used in sort:       3.00 MW

 SORT1 READ    29100640. AND WROTE     2091700. INTEGRALS IN      6 RECORDS. CPU TIME:     0.93 SEC, REAL TIME:     1.07 SEC
 SORT2 READ    16976363. AND WROTE    19711985. INTEGRALS IN    776 RECORDS. CPU TIME:     0.06 SEC, REAL TIME:     0.09 SEC

 Node minimum:     2445401.  Node maximum:     2478532. integrals

 OPERATOR DM      FOR CENTER  0  COORDINATES:    0.000000    0.000000    0.000000

 Program * Restricted Hartree-Fock

 Molecular orbitals read from record     2100.2  Type=RHF/CANONICAL  

 NELEC=   14   SYM=1   MS2= 0   THRE=1.0D-12   THRD=1.0D-06   THRG=1.0D-06  HFMA2=F  DIIS_START=2   DIIS_MAX=10   DIIS_INCORE=F

 Level shifts:    0.00 (CLOSED)    0.00 (OPEN)    0.30 (GAP_MIN)

 ITER           ETOT              DE          GRAD        DDIFF     DIIS  NEXP   TIME(IT)  TIME(TOT)  DIAG
   1      -76.85496273     -76.85496273     0.00D+00     0.32D-01     0     0       0.01      0.01    start
   2      -76.85496273       0.00000000     0.68D-09     0.75D-09     1     0       0.00      0.01    diag

 Final occupancy:   3   1   1   0   2   0   0   0

 !RHF STATE 1.1 Energy                -76.854962732582
  RHF One-electron energy            -151.612383810491
  RHF Two-electron energy              50.023271693684
  RHF Kinetic energy                   76.686236938296
  RHF Nuclear energy                   24.734149384225
  RHF Virial quotient                  -1.002200209595

 !RHF STATE 1.1 Dipole moment           0.00000000     0.00000000     0.00000000
 Dipole moment /Debye                   0.00000000     0.00000000     0.00000000

 Orbital energies:

           1.1          2.1          3.1          4.1          5.1
    -11.243595    -1.029473    -0.681215     0.057509     0.160055

           1.2          2.2          3.2
     -0.410511     0.195418     0.329251

           1.3          2.3          3.3
     -0.410511     0.195418     0.329251

           1.4          2.4
      0.237469     0.735174

           1.5          2.5          3.5          4.5
    -11.239835    -0.767781     0.070094     0.211294

           1.6          2.6
      0.139594     0.305513

           1.7          2.7
      0.139594     0.305513

           1.8          2.8
      0.315516     0.956041


 HOMO      1.3    -0.410511 =     -11.1706eV
 LUMO      4.1     0.057509 =       1.5649eV
 LUMO-HOMO         0.468019 =      12.7355eV

 Orbitals saved in record  2100.2


 **********************************************************************************************************************************
 DATASETS  * FILE   NREC   LENGTH (MB)   RECORD NAMES
              1      18       28.86       500      610      700      900      950      970     1000      129      960     1100   
                                          VAR    BASINP    GEOM    SYMINP    ZMAT    AOBASIS   BASIS     P2S    ABASIS      S 
                                         1400     1410     1200     1210     1080     1600     1650     1700   
                                           T        V       H0       H01     AOSYM     SMH    MOLCAS    OPER   

              2       8        1.11       700     1000      520     2100     4100     5300     5450     5400   
                                         GEOM     BASIS   MCVARS     RHF     CPHF     HESS     NMOD     FREQ   

 PROGRAMS   *        TOTAL    HF-SCF       MP2    HF-SCF       INT
 CPU TIMES  *        45.59      2.74      0.12      0.23      1.90
 REAL TIME  *        55.07 SEC
 DISK USED  *       667.58 MB (local),        7.77 GB (total)
 SF USED    *         3.42 MB
 GA USED    *         0.00 MB       (max)       0.00 MB       (current)
 **********************************************************************************************************************************


 PROGRAM * MP2 (Closed-shell)     Authors: C. Hampel, H.-J. Werner, 1991, M. Deegan, P.J. Knowles, 1992


 Convergence thresholds:  THRVAR = 1.00D-16  THRDEN = 1.00D-12

 Number of core orbitals:           2 (   1   0   0   0   1   0   0   0 )
 Number of closed-shell orbitals:   5 (   2   1   1   0   1   0   0   0 )
 Number of external orbitals:     179 (  37  20  20  11  38  21  21  11 )

 Molecular orbitals read from record     2100.2  Type=RHF/CANONICAL (state 1.1)

 Number of N-1 electron functions:               5
 Number of N-2 electron functions:              15
 Number of singly external CSFs:               152
 Number of doubly external CSFs:             53691
 Total number of CSFs:                       53844

 Length of J-op  integral file:               0.00 MB
 Length of K-op  integral file:               0.36 MB

 Integral transformation finished. Total CPU:   0.01 sec, npass=  1  Memory used:   0.15 MW

 Memory needed for MP2:                      0.03 MW

 SCS-MP2 correlation energy:           -0.330429380041   (PS=  1.200000  PT=  0.333333)
 SCS-MP2 total energy:                -77.185392112623


  Reference energy                    -76.854962732582
  MP2 singlet pair energy              -0.217826591043
  MP2 triplet pair energy              -0.110953078055
  MP2 correlation energy               -0.328779669097

 !MP2 total energy                    -77.183742401679

 KEXT needed  1 integral passes. Memory used:   0.27 MW  CPU time:      0.03 sec


 CPHF trial vector read from record  4100.2

 Starting Coupled-perturbed Hartree-Fock, convergence threshold= 1.0D-06

 ITER   MIC  DIIS      VAR         VARC       CPU
   1     0     1    0.30D-07    0.13D-08     0.00

 CPHF convergence reached in  1 macroiterations and    0 microiterations.   Accuracy: 3.0276D-08

 CPHF solution written to record  4100.2

 Dipole moments (unrelaxed):            0.00000000     0.00000000     0.00000000
 Orbital relaxation contribution:      -0.00000000    -0.00000000    -0.00000000
 !MP2 STATE 1.1 Dipole moment           0.00000000     0.00000000     0.00000000
 Dipole moment /Debye                   0.00000000     0.00000000     0.00000000

 CPU-time for density and lagrangian:                  0.00 sec
 CPU-time for coupled-perturbed hartree-fock:          0.01 sec

 MP2 gradient info saved on record         5200.1


 **********************************************************************************************************************************
 DATASETS  * FILE   NREC   LENGTH (MB)   RECORD NAMES
              1      20       30.38       500      610      700      900      950      970     1000      129      960     1100   
                                          VAR    BASINP    GEOM    SYMINP    ZMAT    AOBASIS   BASIS     P2S    ABASIS      S 
                                         1400     1410     1200     1210     1080     1600     1650     1700     1380     5200   
                                           T        V       H0       H01     AOSYM     SMH    MOLCAS    OPER     JKOP      MP2  

              2       8        1.11       700     1000      520     2100     4100     5300     5450     5400   
                                         GEOM     BASIS   MCVARS     RHF     CPHF     HESS     NMOD     FREQ   

 PROGRAMS   *        TOTAL       MP2       MP2    HF-SCF       INT
 CPU TIMES  *        45.71      0.09      0.12      0.23      1.90
 REAL TIME  *        55.21 SEC
 DISK USED  *       667.58 MB (local),        7.77 GB (total)
 SF USED    *         3.42 MB
 GA USED    *         0.00 MB       (max)       0.00 MB       (current)
 **********************************************************************************************************************************
