 Cartesian Coordinates are in [bohr]
 Creating new Variables:
 HX1               0.00000000
 HY1               0.00000000
 HZ1               3.14797792
 CX2               0.00000000
 CY2               0.00000000
 CZ2               1.13903291
 CX3               0.00000000
 CY3               0.00000000
 CZ3              -1.13903291
 HX4               0.00000000
 HY4               0.00000000
 HZ4              -3.14797792
 Task   1   Incrementing variable HX1   by    0.010 BOH (Skipping negative increment due to symmetry).
 Task   2   Incrementing variable HY1   by    0.010 BOH (Skipping negative increment due to symmetry).
 Task   3   Incrementing variable HZ1   by    0.010 BOH
 Task   4   Incrementing variable HZ1   by   -0.010 BOH
 Task   5   Incrementing variable CX2   by    0.010 BOH (Skipping negative increment due to symmetry).
 Task   6   Incrementing variable CY2   by    0.010 BOH (Skipping negative increment due to symmetry).
 Task   7   Incrementing variable CZ2   by    0.010 BOH
 Task   8   Incrementing variable CZ2   by   -0.010 BOH

 Switching to mppx mode, nproc=  8

 Starting task   1.  CPU=     0.00 sec, Elapsed=     0.01 sec
 Incrementing variable HX1              by  0.010000 BOH   to    0.010000 BOH


 Using spherical harmonics

 Library entry H      S def2-TZVP            selected for orbital group  1
 Library entry H      P def2-TZVP            selected for orbital group  1
 Library entry C      S def2-TZVP            selected for orbital group  2
 Library entry C      P def2-TZVP            selected for orbital group  2
 Library entry C      D def2-TZVP            selected for orbital group  2
 Library entry C      F def2-TZVP            selected for orbital group  2


 PROGRAM * SEWARD (Integral evaluation for generally contracted gaussian basis sets)     Author: Roland Lindh, 1990

 Geometry written to block  1 of record 702


 Point group  Cs  



 ATOMIC COORDINATES

 NR  ATOM    CHARGE       X              Y              Z

   1  H       1.00    0.010000000    0.000000000    3.147977915
   2  C       6.00    0.000000000    0.000000000    1.139032914
   3  C       6.00    0.000000000    0.000000000   -1.139032914
   4  H       1.00    0.000000000    0.000000000   -3.147977915

 Bond lengths in Bohr (Angstrom)

 1-2  2.008969890  2-3  2.278065827  3-4  2.008945001
     ( 1.063101083)     ( 1.205500521)     ( 1.063087913)

 Bond angles

  1-2-3  179.71479903   2-3-4  179.99999774

 NUCLEAR CHARGE:                   14
 NUMBER OF PRIMITIVE AOS:         118
 NUMBER OF SYMMETRY AOS:          108
 NUMBER OF CONTRACTIONS:           74   (   52A'  +   22A"  )
 NUMBER OF INNER CORE ORBITALS:     0   (    0A'  +    0A"  )
 NUMBER OF OUTER CORE ORBITALS:     2   (    2A'  +    0A"  )
 NUMBER OF VALENCE ORBITALS:       10   (    8A'  +    2A"  )

 SYMMETRY CHANGED: INITIALIZING OCCUPATION


 NUCLEAR REPULSION ENERGY   24.73410838


 Eigenvalues of metric

         1 0.298E-04 0.710E-04 0.239E-02 0.397E-02 0.683E-02 0.149E-01 0.150E-01 0.164E-01
         2 0.150E-01 0.791E-01 0.153E+00 0.176E+00 0.265E+00 0.351E+00 0.387E+00 0.413E+00


 Contracted 2-electron integrals neglected if value below      1.0D-18
 AO integral compression algorithm  1   Integral accuracy      1.0D-18

     12.059 MB (compressed) written to integral file ( 61.3%)


 NUMBER OF SORTED TWO-ELECTRON INTEGRALS:    2028164.     BUFFER LENGTH:  32768
 NUMBER OF SEGMENTS:   1  SEGMENT LENGTH:    2028164      RECORD LENGTH: 524288

 Memory used in sort:       2.59 MW

 SORT1 READ     2501040. AND WROTE     1190735. INTEGRALS IN      4 RECORDS. CPU TIME:     0.02 SEC, REAL TIME:     0.03 SEC
 SORT2 READ     1190735. AND WROTE     2028164. INTEGRALS IN     46 RECORDS. CPU TIME:     0.05 SEC, REAL TIME:     0.05 SEC

 FILE SIZES:   FILE 1:    42.5 MBYTE,  FILE 4:    16.8 MBYTE,   TOTAL:     59.3 MBYTE

 OPERATOR DM      FOR CENTER  0  COORDINATES:    0.000000    0.000000    0.000000

 Program * Restricted Hartree-Fock

 Molecular orbitals read from record     2100.2  Type=RHF/CANONICAL  

 Present basis size:       52   22
 Previous basis size:      18    8    8    3   18    8    8    3
 Previous occupation:       3    1    1    0    2    0    0    0
 Previous closed-shells:    3    1    1    0    2    0    0    0
 Previous core-orbitals:    1    0    0    0    1    0    0    0
 Present occupation:        6    1
 Present closed-shells:     6    1
 Present core-orbitals:     2    0
 Wavefunction symmetry:    1   Singlet 

 Orbital overlap <old|new>:  < 1.1| 1.1> = 1.000000   < 1.5| 2.1> = 1.000000   < 2.1| 3.1> = 1.000000   < 3.1| 4.1> = 1.000000
                             < 1.2| 5.1> = 1.000000   < 1.3| 1.2> = 1.000000   < 2.5| 6.1> = 1.000000


 NELEC=   14   SYM=1   MS2= 0   THRE=1.0D-12   THRD=1.0D-07   THRG=1.0D-07  HFMA2=F  DIIS_START=2   DIIS_MAX=10   DIIS_INCORE=F

 Level shifts:    0.00 (CLOSED)    0.00 (OPEN)    0.30 (GAP_MIN)

 ITER           ETOT              DE          GRAD        DDIFF     DIIS  NEXP   TIME(IT)  TIME(TOT)  DIAG
   1      -76.85086968     -76.85086968     0.00D+00     0.50D-01     0     0       0.01      0.01    start
   2      -76.85090360      -0.00003392     0.35D-03     0.31D-03     1     0       0.01      0.02    diag
   3      -76.85090498      -0.00000139     0.58D-04     0.52D-04     2     0       0.01      0.03    diag
   4      -76.85090508      -0.00000010     0.12D-04     0.10D-04     3     0       0.00      0.03    diag
   5      -76.85090510      -0.00000002     0.43D-05     0.10D-04     4     0       0.01      0.04    diag
   6      -76.85090510      -0.00000000     0.86D-06     0.24D-05     5     0       0.01      0.05    diag
   7      -76.85090510      -0.00000000     0.32D-06     0.19D-06     6     0       0.01      0.06    diag
   8      -76.85090510      -0.00000000     0.10D-06     0.74D-07     7     0       0.01      0.07    fixocc
   9      -76.85090510      -0.00000000     0.15D-07     0.46D-07     8     0       0.01      0.08    diag
  10      -76.85090510      -0.00000000     0.27D-08     0.58D-08     0     0       0.01      0.09    diag/orth

 Final occupancy:   6   1

 !RHF STATE 1.1 Energy                -76.850905099994
  RHF One-electron energy            -151.610081690745
  RHF Two-electron energy              50.025068215136
  RHF Kinetic energy                   76.679694004394
  RHF Nuclear energy                   24.734108375615
  RHF Virial quotient                  -1.002232808801

 !RHF STATE 1.1 Dipole moment           0.00240826     0.00000000    -0.00000651
 Dipole moment /Debye                   0.00612119     0.00000000    -0.00001654

 Orbital energies:

           1.1          2.1          3.1          4.1          5.1          6.1          7.1          8.1
    -11.243394   -11.239644    -1.028780    -0.767321    -0.680788    -0.410022     0.155331     0.164576

           1.2          2.2          3.2
     -0.410022     0.164574     0.336637


 HOMO      6.1    -0.410022 =     -11.1573eV
 LUMO      7.1     0.155331 =       4.2268eV
 LUMO-HOMO         0.565354 =      15.3841eV

 Orbitals saved in record  2101.1


 **********************************************************************************************************************************
 DATASETS  * FILE   NREC   LENGTH (MB)   RECORD NAMES
              1      21       38.27       500      610      700      702      900      950      970     1001      129      960   
                                          VAR    BASINP    GEOM     GEOM    SYMINP    ZMAT    AOBASIS   BASIS     P2S    ABASIS    
                                         1100     1400     1410     1200     1210     1080     1600     1650     1300     1700   
                                           S        T        V       H0       H01     AOSYM     SMH    MOLCAS    ERIS     OPER   
                                         2101   
                                          RHF  

              2       9        0.99       700     1000      520     2100     8500      701     5500      702     1001   
                                         GEOM     BASIS   MCVARS     RHF     CPHF     GEOM     HINFO    GEOM     BASIS   

 PROGRAMS   *        TOTAL    HF-SCF   CCSD(T)    HF-SCF       INT
 CPU TIMES  *         2.35      0.83      0.98      0.07      0.33
 REAL TIME  *         5.28 SEC
 DISK USED  *        57.56 MB
 SF USED    *        18.78 MB
 **********************************************************************************************************************************


 PROGRAM * CCSD (Closed-shell coupled cluster)     Authors: C. Hampel, H.-J. Werner, 1991, M. Deegan, P.J. Knowles, 1992


 Convergence thresholds:  THRVAR = 1.00D-16  THRDEN = 1.00D-12

 CCSD(T)     terms to be evaluated (factor= 1.000)


 Using ITF CCSD(T) gradient implementation

 Number of core orbitals:           2 (   2   0 )
 Number of closed-shell orbitals:   5 (   4   1 )
 Number of external orbitals:      67 (  46  21 )

 Molecular orbitals read from record     2101.1  Type=RHF/CANONICAL (state 1.1)

 Integral transformation finished. Total CPU:   0.02 sec, npass=  1  Memory used:   0.51 MW
 Time for re-packing tensors:             0.00 sec
  Reference energy                    -76.850905099994

  MP2 correlation energy               -0.304302362983
  MP2 total energy                    -77.155207462976

 ITER.      SQ.NORM     CORR.ENERGY   TOTAL ENERGY   ENERGY CHANGE        DEN1      VAR(S)    VAR(P)  DIIS     TIME
   1      1.11906142    -0.31565327   -77.16655837    -0.01135090    -0.00114438  2.16e-03  2.27e-03  1  1     0.04
   2      1.12888976    -0.31682839   -77.16773349    -0.00117513    -0.00887218  3.30e-05  4.41e-04  2  2     0.08
   3      1.13176610    -0.31720944   -77.16811454    -0.00038104    -0.00112447  1.09e-05  9.93e-05  3  3     0.13
   4      1.13441764    -0.31731638   -77.16822148    -0.00010695    -0.00129237  8.94e-08  2.25e-05  4  4     0.16
   5      1.13569051    -0.31732962   -77.16823472    -0.00001324    -0.00041522  4.67e-08  2.79e-06  5  5     0.20
   6      1.13616142    -0.31732190   -77.16822700     0.00000772    -0.00013777  1.01e-09  1.52e-07  6  0     0.24
   7      1.13624960    -0.31731748   -77.16822258     0.00000442    -0.00002446  1.06e-10  7.63e-09  6  1     0.28
   8      1.13625967    -0.31731654   -77.16822164     0.00000094    -0.00000274  5.86e-12  6.08e-10  6  2     0.32
   9      1.13626084    -0.31731641   -77.16822151     0.00000013    -0.00000037  1.20e-12  5.07e-11  6  3     0.36
  10      1.13626153    -0.31731643   -77.16822153    -0.00000002    -0.00000010  5.52e-14  2.19e-12  6  4     0.41
  11      1.13626157    -0.31731643   -77.16822153     0.00000000    -0.00000002  3.42e-15  1.30e-13  6  5     0.44
  12      1.13626153    -0.31731643   -77.16822153    -0.00000000     0.00000001  4.97e-16  9.20e-15  6  0     0.48
  13      1.13626152    -0.31731643   -77.16822153     0.00000000     0.00000000  4.92e-17  6.33e-16  6  1     0.52
  14      1.13626151    -0.31731643   -77.16822153    -0.00000000     0.00000000  4.66e-19  3.80e-17  6  2     0.57
  15      1.13626151    -0.31731643   -77.16822153    -0.00000000     0.00000000  6.84e-20  3.53e-18  6  3     0.61
  16      1.13626151    -0.31731643   -77.16822153    -0.00000000     0.00000000  5.01e-21  3.06e-19  6  4     0.64
  17      1.13626151    -0.31731643   -77.16822153    -0.00000000     0.00000000  6.51e-22  3.72e-20  6  5     0.69
  18      1.13626151    -0.31731643   -77.16822153    -0.00000000    -0.00000000  5.74e-23  4.79e-21           0.73

 Norm of t1 vector:      0.05921230     S-energy:      0.00000000   T1 diagnostic:  0.01324027

 Time per iteration:                      0.04 sec

 RESULTS
 =======

  Reference energy                    -76.850905099994
  CCSD correlation energy              -0.317316426200
  CCSD total energy                   -77.168221526194

  Triples (T) contribution             -0.016050910983
  Total correlation energy             -0.333367337183
  CCSD[T] total energy                -77.184892499314
 !CCSD(T) total energy                -77.184272437177

 Starting CP-CCSD(T) iterations.   Author: W. Gyorffy (2015)

 ITER.      NRM1           NRM2      VAR(S)+VAR(P)   DIIS    TIME
   1     0.00171706     0.46294804     6.89e-03      1  1    0.04
   2     0.00189722     0.45606746     2.14e-04      2  2    0.08
   3     0.00185847     0.45659397     2.32e-05      3  3    0.12
   4     0.00186128     0.45571750     6.58e-06      4  4    0.16
   5     0.00186672     0.45489064     9.32e-07      5  5    0.20
   6     0.00187108     0.45447822     5.56e-08      6  0    0.24
   7     0.00187254     0.45436601     1.26e-09      6  1    0.29
   8     0.00187285     0.45435102     7.28e-11      6  2    0.33
   9     0.00187293     0.45434933     6.38e-12      6  3    0.37
  10     0.00187295     0.45434871     4.74e-13      6  4    0.42
  11     0.00187296     0.45434862     4.33e-14      6  5    0.46
  12     0.00187296     0.45434861     3.42e-15      6  0    0.50
  13     0.00187296     0.45434862     3.23e-16      6  1    0.55
  14     0.00187296     0.45434862     5.09e-17      6  2    0.59
  15     0.00187296     0.45434862     8.64e-18      6  3    0.64
  16     0.00187296     0.45434862     6.04e-19      6  4    0.68
  17     0.00187296     0.45434862     6.95e-20      6  5    0.73
  18     0.00187296     0.45434862     6.82e-21              0.77


 Time per iteration:                      0.04 sec


 CPHF trial vector read from record  8500.2

 Starting Coupled-perturbed Hartree-Fock, convergence threshold= 1.0D-06

 ITER   MIC  DIIS      VAR         VARC       CPU
   1     0     1    0.86D-01    0.31D-01     0.00
   2     2     2    0.14D-02    0.34D-03     0.01
   3     4     3    0.19D-04    0.11D-04     0.02
   4     3     4    0.12D-05    0.32D-06     0.03
   5     1     5    0.25D-06    0.15D-07     0.04

 CPHF convergence reached in  5 macroiterations and   10 microiterations.   Accuracy: 2.5370D-07

 Dipole moments (unrelaxed):            0.00217350     0.00000000    -0.00000613
 Orbital relaxation contribution:      -0.00000130    -0.00000000    -0.00000017
 !CCSD(T) STATE 1.1 Dipole moment       0.00217220     0.00000000    -0.00000631
 Dipole moment /Debye                   0.00552118     0.00000000    -0.00001603

 CPU-time for coupled-perturbed hartree-fock:          0.04 sec

 Number of N-1 electron functions:               5
 Number of N-2 electron functions:              15
 Number of singly external CSFs:               205
 Number of doubly external CSFs:             29630
 Total number of CSFs:                       29836

 CCSD(T) gradient info saved on record        55555.1




 **********************************************************************************************************************************
 DATASETS  * FILE   NREC   LENGTH (MB)   RECORD NAMES
              1      24       48.26       500      610      700      702      900      950      970     1001      129      960   
                                          VAR    BASINP    GEOM     GEOM    SYMINP    ZMAT    AOBASIS   BASIS     P2S    ABASIS    
                                         1100     1400     1410     1200     1210     1080     1600     1650     1300     1700   
                                           S        T        V       H0       H01     AOSYM     SMH    MOLCAS    ERIS     OPER   
                                         2101     1380     3791    55555   
                                          RHF     JKOP             CCSD(T)    

              2       9        0.99       700     1000      520     2100     8500      701     5500      702     1001   
                                         GEOM     BASIS   MCVARS     RHF     CPHF     GEOM     HINFO    GEOM     BASIS   

 PROGRAMS   *        TOTAL   CCSD(T)   CCSD(T)    HF-SCF       INT
 CPU TIMES  *         6.74      4.39      0.98      0.07      0.33
 REAL TIME  *        10.05 SEC
 DISK USED  *       120.16 MB
 SF USED    *        18.78 MB
 **********************************************************************************************************************************

 PROGRAM * ALASKA (Gradient of the energy)     Author: R. Lindh


 CCSD(T) Gradient info restored from record   55555.1

 Number of core orbitals:           2 (   2   0 )
 Number of closed-shell orbitals:   5 (   4   1 )
 Number of external orbitals:      67 (  46  21 )

 Integral thresholds in T2TRAN:            1.0D-10 (PROD)

 4-index transformation of triples contribution
    CPU used (ia|bd)=>(ia|AB):     0.01 secs
    algorithm:                     fully in-core
        memory used:              15.40 MW
    CPU used (ia|AB)=>(AB|ia):     0.02 secs
    CPU used (AB|ia)=>(AB|CD):     0.10 secs

 Available memory for Transformation:1497661363 words
 Memory needed for incore algorithm:     530262 words
 Minimum memory needed:                  222082 words

 Memory used for transformation:           0.77 MW
 Available memory for gradients:        1498.90 MW

 CPU for transformation:                   0.13 sec
 CPU for integrals and gradient:           1.93 sec
 Total CPU:                                2.06 sec

 Prescreening statistics:
 ========================

 Total number of shell quadruplets:        3.08D+03
 Number of shell quadruplets processed:    3.06D+03 ( 99.25%)

 CCSD(T) GRADIENT FOR STATE 1.1

 Atom          dE/dx               dE/dy               dE/dz

   1         0.000126094         0.000000000        -0.002451205
   2        -0.000192803         0.000000000        -0.006102690
   3         0.000004102         0.000000000         0.006093205
   4         0.000062606         0.000000000         0.002460689

 Nuclear force contribution to virial =        -0.029352801

 Tasks on processor    0 finished.  CPU=     28.37 sec, Elapsed=     28.48 sec. Waiting for other processors...

 Switching back to mpp mode, nproc=  8


 Recomputing wavefunction at initial geometry


 Using spherical harmonics

 Library entry H      S def2-TZVP            selected for orbital group  1
 Library entry H      P def2-TZVP            selected for orbital group  1
 Library entry C      S def2-TZVP            selected for orbital group  2
 Library entry C      P def2-TZVP            selected for orbital group  2
 Library entry C      D def2-TZVP            selected for orbital group  2
 Library entry C      F def2-TZVP            selected for orbital group  2


 PROGRAM * SEWARD (Integral evaluation for generally contracted gaussian basis sets)     Author: Roland Lindh, 1990

 Geometry written to block  1 of record 700


 Point group  D2h 



 ATOMIC COORDINATES

 NR  ATOM    CHARGE       X              Y              Z

   1  H       1.00    0.000000000    0.000000000    3.147977915
   2  H       1.00    0.000000000    0.000000000   -3.147977915
   3  C       6.00    0.000000000    0.000000000    1.139032914
   4  C       6.00    0.000000000    0.000000000   -1.139032914

 Bond lengths in Bohr (Angstrom)

 1-3  2.008945001  2-4  2.008945001  3-4  2.278065827
     ( 1.063087913)     ( 1.063087913)     ( 1.205500521)

 Bond angles

  1-3-4  179.99999774   2-4-3  179.99999774

 NUCLEAR CHARGE:                   14
 NUMBER OF PRIMITIVE AOS:         118
 NUMBER OF SYMMETRY AOS:          108
 NUMBER OF CONTRACTIONS:           74   (   18Ag  +    8B3u +    8B2u +    3B1g +   18B1u +    8B2g +    8B3g +    3Au  )
 NUMBER OF INNER CORE ORBITALS:     0   (    0Ag  +    0B3u +    0B2u +    0B1g +    0B1u +    0B2g +    0B3g +    0Au  )
 NUMBER OF OUTER CORE ORBITALS:     2   (    1Ag  +    0B3u +    0B2u +    0B1g +    1B1u +    0B2g +    0B3g +    0Au  )
 NUMBER OF VALENCE ORBITALS:       10   (    3Ag  +    1B3u +    1B2u +    0B1g +    3B1u +    1B2g +    1B3g +    0Au  )


 NUCLEAR REPULSION ENERGY   24.73414938

 EXTRA SYMMETRY OF AOS IN SYMMETRY 1:   1 1 1 1 1 1 1 1 1 1   1 1 1 2 1 2 1 2
 EXTRA SYMMETRY OF AOS IN SYMMETRY 2:   1 1 1 1 1 1 1 2
 EXTRA SYMMETRY OF AOS IN SYMMETRY 3:   1 1 1 1 1 1 1 2
 EXTRA SYMMETRY OF AOS IN SYMMETRY 5:   1 1 1 1 1 1 1 1 1 1   1 1 1 2 1 2 1 2
 EXTRA SYMMETRY OF AOS IN SYMMETRY 6:   1 1 1 1 1 1 1 2
 EXTRA SYMMETRY OF AOS IN SYMMETRY 7:   1 1 1 1 1 1 1 2

 Eigenvalues of metric

         1 0.239E-02 0.683E-02 0.149E-01 0.469E-01 0.106E+00 0.214E+00 0.301E+00 0.377E+00
         2 0.153E+00 0.351E+00 0.387E+00 0.853E+00 0.114E+01 0.152E+01 0.216E+01 0.359E+01
         3 0.153E+00 0.351E+00 0.387E+00 0.853E+00 0.114E+01 0.152E+01 0.216E+01 0.359E+01
         4 0.542E+00 0.125E+01 0.212E+01
         5 0.298E-04 0.710E-04 0.397E-02 0.164E-01 0.446E-01 0.145E+00 0.185E+00 0.233E+00
         6 0.150E-01 0.791E-01 0.176E+00 0.413E+00 0.605E+00 0.861E+00 0.149E+01 0.222E+01
         7 0.150E-01 0.791E-01 0.176E+00 0.413E+00 0.605E+00 0.861E+00 0.149E+01 0.222E+01
         8 0.265E+00 0.505E+00 0.132E+01


 Contracted 2-electron integrals neglected if value below      1.0D-18
 AO integral compression algorithm  1   Integral accuracy      1.0D-18

     7.340 MB (compressed) written to integral file (100.0%)

     Node minimum: 0.786 MB, node maximum: 1.049 MB


 NUMBER OF SORTED TWO-ELECTRON INTEGRALS:      63821.     BUFFER LENGTH:  32768
 NUMBER OF SEGMENTS:   1  SEGMENT LENGTH:      63821      RECORD LENGTH: 524288

 Memory used in sort:       0.62 MW

 SORT1 READ      916336. AND WROTE       56084. INTEGRALS IN      1 RECORDS. CPU TIME:     0.03 SEC, REAL TIME:     0.03 SEC
 SORT2 READ      474951. AND WROTE      540369. INTEGRALS IN     24 RECORDS. CPU TIME:     0.01 SEC, REAL TIME:     0.01 SEC

 Node minimum:       63409.  Node maximum:       70733. integrals

 OPERATOR DM      FOR CENTER  0  COORDINATES:    0.000000    0.000000    0.000000

 Program * Restricted Hartree-Fock

 Molecular orbitals read from record     2100.2  Type=RHF/CANONICAL  

 NELEC=   14   SYM=1   MS2= 0   THRE=1.0D-12   THRD=1.0D-06   THRG=1.0D-06  HFMA2=F  DIIS_START=2   DIIS_MAX=10   DIIS_INCORE=F

 Level shifts:    0.00 (CLOSED)    0.00 (OPEN)    0.30 (GAP_MIN)

 ITER           ETOT              DE          GRAD        DDIFF     DIIS  NEXP   TIME(IT)  TIME(TOT)  DIAG
   1      -76.85090621     -76.85090621     0.00D+00     0.92D-01     0     0       0.00      0.00    start
   2      -76.85090621       0.00000000     0.92D-09     0.98D-09     1     0       0.00      0.00    diag

 Final occupancy:   3   1   1   0   2   0   0   0

 !RHF STATE 1.1 Energy                -76.850906206758
  RHF One-electron energy            -151.610156416251
  RHF Two-electron energy              50.025100825268
  RHF Kinetic energy                   76.679712438352
  RHF Nuclear energy                   24.734149384225
  RHF Virial quotient                  -1.002232582295

 !RHF STATE 1.1 Dipole moment           0.00000000     0.00000000     0.00000000
 Dipole moment /Debye                   0.00000000     0.00000000     0.00000000

 Orbital energies:

           1.1          2.1          3.1          4.1          5.1
    -11.243394    -1.028780    -0.680791     0.188226     0.241041

           1.2          2.2          3.2
     -0.410022     0.336637     0.921373

           1.3          2.3          3.3
     -0.410022     0.336637     0.921373

           1.4          2.4
      0.772008     2.777554

           1.5          2.5          3.5          4.5
    -11.239644    -0.767324     0.155331     0.352215

           1.6          2.6
      0.164574     0.485303

           1.7          2.7
      0.164574     0.485303

           1.8          2.8
      1.095499     3.394173


 HOMO      1.3    -0.410022 =     -11.1573eV
 LUMO      3.5     0.155331 =       4.2268eV
 LUMO-HOMO         0.565353 =      15.3840eV

 Orbitals saved in record  2100.2


 **********************************************************************************************************************************
 DATASETS  * FILE   NREC   LENGTH (MB)   RECORD NAMES
              1      18       28.66       500      610      700      900      950      970     1000      129      960     1100   
                                          VAR    BASINP    GEOM    SYMINP    ZMAT    AOBASIS   BASIS     P2S    ABASIS      S 
                                         1400     1410     1200     1210     1080     1600     1650     1700   
                                           T        V       H0       H01     AOSYM     SMH    MOLCAS    OPER   

              2       8        0.52       700     1000      520     2100     8500     5300     5450     5400   
                                         GEOM     BASIS   MCVARS     RHF     CPHF     HESS     NMOD     FREQ   

 PROGRAMS   *        TOTAL    HF-SCF   CCSD(T)    HF-SCF       INT
 CPU TIMES  *        10.07      1.06      0.98      0.07      0.33
 REAL TIME  *        33.42 SEC
 DISK USED  *       174.11 MB (local),        1.14 GB (total)
 SF USED    *        18.78 MB
 GA USED    *         0.00 MB       (max)       0.00 MB       (current)
 **********************************************************************************************************************************


 PROGRAM * CCSD (Closed-shell coupled cluster)     Authors: C. Hampel, H.-J. Werner, 1991, M. Deegan, P.J. Knowles, 1992


 Convergence thresholds:  THRVAR = 1.00D-16  THRDEN = 1.00D-12

 CCSD(T)     terms to be evaluated (factor= 1.000)


 Using ITF CCSD(T) gradient implementation

 Number of core orbitals:           2 (   1   0   0   0   1   0   0   0 )
 Number of closed-shell orbitals:   5 (   2   1   1   0   1   0   0   0 )
 Number of external orbitals:      67 (  15   7   7   3  16   8   8   3 )

 Molecular orbitals read from record     2100.2  Type=RHF/CANONICAL (state 1.1)

 Integral transformation finished. Total CPU:   0.00 sec, npass=  1  Memory used:   0.15 MW
 Time for re-packing tensors:             0.00 sec
  Reference energy                    -76.850906206758

  MP2 correlation energy               -0.304301943075
  MP2 total energy                    -77.155208149832

 ITER.      SQ.NORM     CORR.ENERGY   TOTAL ENERGY   ENERGY CHANGE        DEN1      VAR(S)    VAR(P)  DIIS     TIME
   1      1.11906095    -0.31565289   -77.16655910    -0.01135095    -0.00114448  2.16e-03  2.27e-03  1  1     0.02
   2      1.12888919    -0.31682800   -77.16773421    -0.00117511    -0.00887213  3.29e-05  4.41e-04  2  2     0.04
   3      1.13176549    -0.31720904   -77.16811524    -0.00038104    -0.00112446  1.09e-05  9.93e-05  3  3     0.05
   4      1.13441698    -0.31731598   -77.16822219    -0.00010694    -0.00129235  8.94e-08  2.25e-05  4  4     0.07
   5      1.13568982    -0.31732922   -77.16823542    -0.00001323    -0.00041522  4.67e-08  2.79e-06  5  5     0.09
   6      1.13616072    -0.31732150   -77.16822770     0.00000772    -0.00013777  1.01e-09  1.52e-07  6  0     0.11
   7      1.13624890    -0.31731708   -77.16822329     0.00000442    -0.00002446  1.06e-10  7.63e-09  6  1     0.13
   8      1.13625897    -0.31731614   -77.16822234     0.00000094    -0.00000274  5.86e-12  6.08e-10  6  2     0.14
   9      1.13626014    -0.31731601   -77.16822222     0.00000013    -0.00000037  1.20e-12  5.07e-11  6  3     0.16
  10      1.13626083    -0.31731603   -77.16822223    -0.00000002    -0.00000010  5.52e-14  2.19e-12  6  4     0.18
  11      1.13626087    -0.31731602   -77.16822223     0.00000000    -0.00000002  3.42e-15  1.30e-13  6  5     0.20
  12      1.13626083    -0.31731602   -77.16822223    -0.00000000     0.00000001  4.97e-16  9.20e-15  6  0     0.22
  13      1.13626082    -0.31731602   -77.16822223     0.00000000     0.00000000  4.92e-17  6.33e-16  6  1     0.23
  14      1.13626081    -0.31731602   -77.16822223    -0.00000000     0.00000000  4.66e-19  3.80e-17  6  2     0.25
  15      1.13626081    -0.31731602   -77.16822223    -0.00000000     0.00000000  6.83e-20  3.53e-18  6  3     0.27
  16      1.13626081    -0.31731602   -77.16822223    -0.00000000     0.00000000  5.01e-21  3.06e-19  6  4     0.29
  17      1.13626081    -0.31731602   -77.16822223    -0.00000000     0.00000000  6.57e-22  3.70e-20  6  5     0.31
  18      1.13626081    -0.31731602   -77.16822223    -0.00000000    -0.00000000  6.26e-23  4.53e-21           0.32

 Norm of t1 vector:      0.05921212     S-energy:     -0.00000000   T1 diagnostic:  0.01324023

 Time per iteration:                      0.02 sec

 RESULTS
 =======

  Reference energy                    -76.850906206758
  CCSD correlation energy              -0.317316024540
  CCSD total energy                   -77.168222231298

  Triples (T) contribution             -0.016050836191
  Total correlation energy             -0.333366860732
  CCSD[T] total energy                -77.184893126197
 !CCSD(T) total energy                -77.184273067489

 Starting CP-CCSD(T) iterations.   Author: W. Gyorffy (2015)

 ITER.      NRM1           NRM2      VAR(S)+VAR(P)   DIIS    TIME
   1     0.00171705     0.46294685     6.89e-03      1  1    0.02
   2     0.00189720     0.45606636     2.14e-04      2  2    0.04
   3     0.00185845     0.45659288     2.32e-05      3  3    0.06
   4     0.00186126     0.45571641     6.58e-06      4  4    0.08
   5     0.00186670     0.45488956     9.32e-07      5  5    0.10
   6     0.00187107     0.45447715     5.56e-08      6  0    0.12
   7     0.00187252     0.45436494     1.26e-09      6  1    0.14
   8     0.00187283     0.45434995     7.28e-11      6  2    0.16
   9     0.00187291     0.45434826     6.38e-12      6  3    0.18
  10     0.00187293     0.45434764     4.74e-13      6  4    0.19
  11     0.00187294     0.45434755     4.33e-14      6  5    0.21
  12     0.00187294     0.45434755     3.42e-15      6  0    0.23
  13     0.00187294     0.45434755     3.22e-16      6  1    0.25
  14     0.00187294     0.45434755     5.09e-17      6  2    0.27
  15     0.00187294     0.45434755     8.64e-18      6  3    0.29
  16     0.00187294     0.45434756     6.02e-19      6  4    0.31
  17     0.00187294     0.45434756     6.71e-20      6  5    0.33
  18     0.00187294     0.45434756     5.24e-21              0.35


 Time per iteration:                      0.02 sec


 CPHF trial vector read from record  8500.2

 Starting Coupled-perturbed Hartree-Fock, convergence threshold= 1.0D-06

 ITER   MIC  DIIS      VAR         VARC       CPU
   1     0     1    0.10D-06    0.53D-08     0.00

 CPHF convergence reached in  1 macroiterations and    0 microiterations.   Accuracy: 1.0157D-07

 CPHF solution written to record  8500.2

 Dipole moments (unrelaxed):            0.00000000     0.00000000     0.00000000
 Orbital relaxation contribution:      -0.00000000    -0.00000000    -0.00000000
 !CCSD(T) STATE 1.1 Dipole moment       0.00000000     0.00000000     0.00000000
 Dipole moment /Debye                   0.00000000     0.00000000     0.00000000

 CPU-time for coupled-perturbed hartree-fock:          0.00 sec

 Number of N-1 electron functions:               5
 Number of N-2 electron functions:              15
 Number of singly external CSFs:                60
 Number of doubly external CSFs:              7893
 Total number of CSFs:                        7954

 CCSD(T) gradient info saved on record        55555.1




 **********************************************************************************************************************************
 DATASETS  * FILE   NREC   LENGTH (MB)   RECORD NAMES
              1      21       31.26       500      610      700      900      950      970     1000      129      960     1100   
                                          VAR    BASINP    GEOM    SYMINP    ZMAT    AOBASIS   BASIS     P2S    ABASIS      S 
                                         1400     1410     1200     1210     1080     1600     1650     1700     1380     3791   
                                           T        V       H0       H01     AOSYM     SMH    MOLCAS    OPER     JKOP   
                                        55555   
                                        CCSD(T)    

              2       8        0.52       700     1000      520     2100     8500     5300     5450     5400   
                                         GEOM     BASIS   MCVARS     RHF     CPHF     HESS     NMOD     FREQ   

 PROGRAMS   *        TOTAL   CCSD(T)   CCSD(T)    HF-SCF       INT
 CPU TIMES  *        11.05      0.97      0.98      0.07      0.33
 REAL TIME  *        34.47 SEC
 DISK USED  *       174.11 MB (local),        1.14 GB (total)
 SF USED    *        18.80 MB
 GA USED    *         0.00 MB       (max)       0.00 MB       (current)
 **********************************************************************************************************************************
