 Cartesian Coordinates are in [bohr]
 Creating new Variables:
 HX1               0.00000000
 HY1               0.00000000
 HZ1               3.14797792
 CX2               0.00000000
 CY2               0.00000000
 CZ2               1.13903291
 CX3               0.00000000
 CY3               0.00000000
 CZ3              -1.13903291
 HX4               0.00000000
 HY4               0.00000000
 HZ4              -3.14797792
 Task   1   Incrementing variable HX1   by    0.010 BOH (Skipping negative increment due to symmetry).
 Task   2   Incrementing variable HY1   by    0.010 BOH (Skipping negative increment due to symmetry).
 Task   3   Incrementing variable HZ1   by    0.010 BOH
 Task   4   Incrementing variable HZ1   by   -0.010 BOH
 Task   5   Incrementing variable CX2   by    0.010 BOH (Skipping negative increment due to symmetry).
 Task   6   Incrementing variable CY2   by    0.010 BOH (Skipping negative increment due to symmetry).
 Task   7   Incrementing variable CZ2   by    0.010 BOH
 Task   8   Incrementing variable CZ2   by   -0.010 BOH

 Switching to mppx mode, nproc=  8

 Starting task   1.  CPU=     0.00 sec, Elapsed=     0.01 sec
 Incrementing variable HX1              by  0.010000 BOH   to    0.010000 BOH


 Using spherical harmonics

 Library entry H      S def2-TZVPP           selected for orbital group  1
 Library entry H      P def2-TZVPP           selected for orbital group  1
 Library entry H      D def2-TZVPP           selected for orbital group  1
 Library entry C      S def2-TZVPPD          selected for orbital group  2
 Library entry C      P def2-TZVPPD          selected for orbital group  2
 Library entry C      D def2-TZVPPD          selected for orbital group  2
 Library entry C      F def2-TZVPPD          selected for orbital group  2


 PROGRAM * SEWARD (Integral evaluation for generally contracted gaussian basis sets)     Author: Roland Lindh, 1990

 Geometry written to block  1 of record 702


 Point group  Cs  



 ATOMIC COORDINATES

 NR  ATOM    CHARGE       X              Y              Z

   1  H       1.00    0.010000000    0.000000000    3.147977915
   2  C       6.00    0.000000000    0.000000000    1.139032914
   3  C       6.00    0.000000000    0.000000000   -1.139032914
   4  H       1.00    0.000000000    0.000000000   -3.147977915

 Bond lengths in Bohr (Angstrom)

 1-2  2.008969890  2-3  2.278065827  3-4  2.008945001
     ( 1.063101083)     ( 1.205500521)     ( 1.063087913)

 Bond angles

  1-2-3  179.71479903   2-3-4  179.99999774

 NUCLEAR CHARGE:                   14
 NUMBER OF PRIMITIVE AOS:         150
 NUMBER OF SYMMETRY AOS:          136
 NUMBER OF CONTRACTIONS:          102   (   70A'  +   32A"  )
 NUMBER OF INNER CORE ORBITALS:     0   (    0A'  +    0A"  )
 NUMBER OF OUTER CORE ORBITALS:     2   (    2A'  +    0A"  )
 NUMBER OF VALENCE ORBITALS:       10   (    8A'  +    2A"  )

 SYMMETRY CHANGED: INITIALIZING OCCUPATION


 NUCLEAR REPULSION ENERGY   24.73410838


 Eigenvalues of metric

         1 0.120E-05 0.282E-04 0.344E-03 0.481E-03 0.545E-03 0.792E-03 0.244E-02 0.571E-02
         2 0.244E-02 0.799E-02 0.555E-01 0.583E-01 0.122E+00 0.187E+00 0.214E+00 0.231E+00


 Contracted 2-electron integrals neglected if value below      1.0D-18
 AO integral compression algorithm  1   Integral accuracy      1.0D-18

     47.186 MB (compressed) written to integral file ( 66.4%)


 NUMBER OF SORTED TWO-ELECTRON INTEGRALS:    7164751.     BUFFER LENGTH:  32768
 NUMBER OF SEGMENTS:   1  SEGMENT LENGTH:    7164751      RECORD LENGTH: 524288

 Memory used in sort:       7.72 MW

 SORT1 READ     8844387. AND WROTE     4854764. INTEGRALS IN     14 RECORDS. CPU TIME:     0.06 SEC, REAL TIME:     0.10 SEC
 SORT2 READ     4854764. AND WROTE     7164751. INTEGRALS IN    180 RECORDS. CPU TIME:     0.13 SEC, REAL TIME:     0.15 SEC

 FILE SIZES:   FILE 1:    77.7 MBYTE,  FILE 4:    58.8 MBYTE,   TOTAL:    136.5 MBYTE

 OPERATOR DM      FOR CENTER  0  COORDINATES:    0.000000    0.000000    0.000000

 Program * Restricted Hartree-Fock

 Molecular orbitals read from record     2100.2  Type=RHF/CANONICAL  

 Present basis size:       70   32
 Previous basis size:      24   11   11    5   24   11   11    5
 Previous occupation:       3    1    1    0    2    0    0    0
 Previous closed-shells:    3    1    1    0    2    0    0    0
 Previous core-orbitals:    1    0    0    0    1    0    0    0
 Present occupation:        6    1
 Present closed-shells:     6    1
 Present core-orbitals:     2    0
 Wavefunction symmetry:    1   Singlet 

 Orbital overlap <old|new>:  < 1.1| 1.1> = 1.000000   < 1.5| 2.1> = 1.000000   < 2.1| 3.1> = 1.000000   < 3.1| 4.1> = 1.000000
                             < 1.2| 5.1> = 1.000000   < 1.3| 1.2> = 1.000000   < 2.5| 6.1> = 1.000000


 NELEC=   14   SYM=1   MS2= 0   THRE=1.0D-12   THRD=1.0D-07   THRG=1.0D-07  HFMA2=F  DIIS_START=2   DIIS_MAX=10   DIIS_INCORE=F

 Level shifts:    0.00 (CLOSED)    0.00 (OPEN)    0.30 (GAP_MIN)

 ITER           ETOT              DE          GRAD        DDIFF     DIIS  NEXP   TIME(IT)  TIME(TOT)  DIAG
   1      -76.85163397     -76.85163397     0.00D+00     0.68D-01     0     0       0.03      0.03    start
   2      -76.85167752      -0.00004356     0.41D-03     0.87D-04     1     0       0.04      0.07    diag
   3      -76.85167895      -0.00000143     0.53D-04     0.26D-04     2     0       0.03      0.10    diag
   4      -76.85167906      -0.00000011     0.10D-04     0.13D-04     3     0       0.03      0.13    diag
   5      -76.85167908      -0.00000002     0.38D-05     0.86D-05     4     0       0.03      0.16    diag
   6      -76.85167908      -0.00000000     0.81D-06     0.13D-05     5     0       0.04      0.20    diag
   7      -76.85167908      -0.00000000     0.29D-06     0.29D-06     6     0       0.02      0.22    diag
   8      -76.85167908      -0.00000000     0.90D-07     0.13D-06     7     0       0.03      0.25    fixocc
   9      -76.85167908      -0.00000000     0.13D-07     0.15D-07     8     0       0.03      0.28    diag
  10      -76.85167908      -0.00000000     0.23D-08     0.10D-07     0     0       0.04      0.32    diag/orth

 Final occupancy:   6   1

 !RHF STATE 1.1 Energy                -76.851679081881
  RHF One-electron energy            -151.610131712110
  RHF Two-electron energy              50.024344254613
  RHF Kinetic energy                   76.677680536727
  RHF Nuclear energy                   24.734108375615
  RHF Virial quotient                  -1.002269220247

 !RHF STATE 1.1 Dipole moment           0.00233496     0.00000000    -0.00000629
 Dipole moment /Debye                   0.00593488     0.00000000    -0.00001598

 Orbital energies:

           1.1          2.1          3.1          4.1          5.1          6.1          7.1          8.1
    -11.243548   -11.239796    -1.028983    -0.767301    -0.680765    -0.410164     0.072309     0.090427

           1.2          2.2          3.2
     -0.410164     0.144460     0.273935


 HOMO      6.1    -0.410164 =     -11.1611eV
 LUMO      7.1     0.072309 =       1.9676eV
 LUMO-HOMO         0.482473 =      13.1288eV

 Orbitals saved in record  2101.1


 **********************************************************************************************************************************
 DATASETS  * FILE   NREC   LENGTH (MB)   RECORD NAMES
              1      21       65.95       500      610      700      702      900      950      970     1001      129      960   
                                          VAR    BASINP    GEOM     GEOM    SYMINP    ZMAT    AOBASIS   BASIS     P2S    ABASIS    
                                         1100     1400     1410     1200     1210     1080     1600     1650     1300     1700   
                                           S        T        V       H0       H01     AOSYM     SMH    MOLCAS    ERIS     OPER   
                                         2101   
                                          RHF  

              2       9        1.09       700     1000      520     2100     4100      701     5500      702     1001   
                                         GEOM     BASIS   MCVARS     RHF     CPHF     GEOM     HINFO    GEOM     BASIS   

 PROGRAMS   *        TOTAL    HF-SCF       MP2    HF-SCF       INT
 CPU TIMES  *         2.24      1.53      0.05      0.07      0.45
 REAL TIME  *         3.86 SEC
 DISK USED  *       131.31 MB
 SF USED    *         1.05 MB
 **********************************************************************************************************************************


 PROGRAM * MP2 (Closed-shell)     Authors: C. Hampel, H.-J. Werner, 1991, M. Deegan, P.J. Knowles, 1992


 Convergence thresholds:  THRVAR = 1.00D-16  THRDEN = 1.00D-12

 Number of core orbitals:           2 (   2   0 )
 Number of closed-shell orbitals:   5 (   4   1 )
 Number of external orbitals:      95 (  64  31 )

 Molecular orbitals read from record     2101.1  Type=RHF/CANONICAL (state 1.1)

 Number of N-1 electron functions:               5
 Number of N-2 electron functions:              15
 Number of singly external CSFs:               287
 Number of doubly external CSFs:             59094
 Total number of CSFs:                       59382

 Length of J-op  integral file:               0.00 MB
 Length of K-op  integral file:               0.44 MB

 Integral transformation finished. Total CPU:   0.05 sec, npass=  1  Memory used:   0.22 MW

 Memory needed for MP2:                      0.03 MW

 SCS-MP2 correlation energy:           -0.309583750936   (PS=  1.200000  PT=  0.333333)
 SCS-MP2 total energy:                -77.161262832817


  Reference energy                    -76.851679081881
  MP2 singlet pair energy              -0.202295930266
  MP2 triplet pair energy              -0.107403162777
  MP2 correlation energy               -0.309699093043

 !MP2 total energy                    -77.161378174924

 KEXT needed  1 integral passes. Memory used:   0.40 MW  CPU time:      0.07 sec


 CPHF trial vector read from record  4100.2

 Starting Coupled-perturbed Hartree-Fock, convergence threshold= 1.0D-06

 ITER   MIC  DIIS      VAR         VARC       CPU
   1     0     0    0.30D+01    0.17D+01     0.03
   2     2     1    0.46D-01    0.43D-01     0.06
   3     2     2    0.13D-02    0.75D-03     0.09
   4     3     3    0.98D-04    0.22D-04     0.12
   5     5     4    0.71D-05    0.95D-06     0.15
   6     2     5    0.46D-06    0.44D-07     0.18

 CPHF convergence reached in  6 macroiterations and   14 microiterations.   Accuracy: 4.6075D-07

 Dipole moments (unrelaxed):            0.00232039     0.00000000    -0.00000621
 Orbital relaxation contribution:      -0.00026227    -0.00000000     0.00000096
 !MP2 STATE 1.1 Dipole moment           0.00205812     0.00000000    -0.00000525
 Dipole moment /Debye                   0.00523123     0.00000000    -0.00001335

 CPU-time for density and lagrangian:                  0.03 sec
 CPU-time for coupled-perturbed hartree-fock:          0.18 sec

 MP2 gradient info saved on record         5200.1


 **********************************************************************************************************************************
 DATASETS  * FILE   NREC   LENGTH (MB)   RECORD NAMES
              1      23       67.75       500      610      700      702      900      950      970     1001      129      960   
                                          VAR    BASINP    GEOM     GEOM    SYMINP    ZMAT    AOBASIS   BASIS     P2S    ABASIS    
                                         1100     1400     1410     1200     1210     1080     1600     1650     1300     1700   
                                           S        T        V       H0       H01     AOSYM     SMH    MOLCAS    ERIS     OPER   
                                         2101     1380     5200   
                                          RHF     JKOP      MP2  

              2       9        1.09       700     1000      520     2100     4100      701     5500      702     1001   
                                         GEOM     BASIS   MCVARS     RHF     CPHF     GEOM     HINFO    GEOM     BASIS   

 PROGRAMS   *        TOTAL       MP2       MP2    HF-SCF       INT
 CPU TIMES  *         2.64      0.40      0.05      0.07      0.45
 REAL TIME  *         4.57 SEC
 DISK USED  *       131.31 MB
 SF USED    *         1.05 MB
 **********************************************************************************************************************************

 PROGRAM * ALASKA (Gradient of the energy)     Author: R. Lindh


 MP2      Gradient info restored from record    5200.1

 Number of core orbitals:           2 (   2   0 )
 Number of closed-shell orbitals:   5 (   4   1 )
 Number of external orbitals:      95 (  64  31 )

 Integral thresholds in T2TRAN:            1.0D-10 (PROD)

 Available memory for Transformation:1497563543 words
 Memory needed for incore algorithm:     220161 words
 Minimum memory needed:                  122889 words

 Memory used for transformation:           0.22 MW
 Available memory for gradients:        1499.34 MW

 CPU for transformation:                   0.04 sec
 CPU for integrals and gradient:           1.55 sec
 Total CPU:                                1.59 sec

 Prescreening statistics:
 ========================

 Total number of shell quadruplets:        5.56D+03
 Number of shell quadruplets processed:    5.42D+03 ( 97.45%)

 MP2 GRADIENT FOR STATE 1.1

 Atom          dE/dx               dE/dy               dE/dz

   1         0.000148230         0.000000000         0.000774459
   2        -0.000223944         0.000000000        -0.013664177
   3         0.000017205         0.000000000         0.013654853
   4         0.000058509         0.000000000        -0.000765135

 Nuclear force contribution to virial =        -0.026269183

 Tasks on processor    0 finished.  CPU=      3.86 sec, Elapsed=      4.36 sec. Waiting for other processors...

 Switching back to mpp mode, nproc=  8


 Recomputing wavefunction at initial geometry


 Using spherical harmonics

 Library entry H      S def2-TZVPP           selected for orbital group  1
 Library entry H      P def2-TZVPP           selected for orbital group  1
 Library entry H      D def2-TZVPP           selected for orbital group  1
 Library entry C      S def2-TZVPPD          selected for orbital group  2
 Library entry C      P def2-TZVPPD          selected for orbital group  2
 Library entry C      D def2-TZVPPD          selected for orbital group  2
 Library entry C      F def2-TZVPPD          selected for orbital group  2


 PROGRAM * SEWARD (Integral evaluation for generally contracted gaussian basis sets)     Author: Roland Lindh, 1990

 Geometry written to block  1 of record 700


 Point group  D2h 



 ATOMIC COORDINATES

 NR  ATOM    CHARGE       X              Y              Z

   1  H       1.00    0.000000000    0.000000000    3.147977915
   2  H       1.00    0.000000000    0.000000000   -3.147977915
   3  C       6.00    0.000000000    0.000000000    1.139032914
   4  C       6.00    0.000000000    0.000000000   -1.139032914

 Bond lengths in Bohr (Angstrom)

 1-3  2.008945001  2-4  2.008945001  3-4  2.278065827
     ( 1.063087913)     ( 1.063087913)     ( 1.205500521)

 Bond angles

  1-3-4  179.99999774   2-4-3  179.99999774

 NUCLEAR CHARGE:                   14
 NUMBER OF PRIMITIVE AOS:         150
 NUMBER OF SYMMETRY AOS:          136
 NUMBER OF CONTRACTIONS:          102   (   24Ag  +   11B3u +   11B2u +    5B1g +   24B1u +   11B2g +   11B3g +    5Au  )
 NUMBER OF INNER CORE ORBITALS:     0   (    0Ag  +    0B3u +    0B2u +    0B1g +    0B1u +    0B2g +    0B3g +    0Au  )
 NUMBER OF OUTER CORE ORBITALS:     2   (    1Ag  +    0B3u +    0B2u +    0B1g +    1B1u +    0B2g +    0B3g +    0Au  )
 NUMBER OF VALENCE ORBITALS:       10   (    3Ag  +    1B3u +    1B2u +    0B1g +    3B1u +    1B2g +    1B3g +    0Au  )


 NUCLEAR REPULSION ENERGY   24.73414938

 EXTRA SYMMETRY OF AOS IN SYMMETRY 1:   1 1 1 1 1 1 2 1 1 1   1 1 1 1 1 1 1 2 1 2   1 2 1 2
 EXTRA SYMMETRY OF AOS IN SYMMETRY 2:   1 1 1 1 1 1 1 1 1 1   2
 EXTRA SYMMETRY OF AOS IN SYMMETRY 3:   1 1 1 1 1 1 1 1 1 1   2
 EXTRA SYMMETRY OF AOS IN SYMMETRY 5:   1 1 1 1 1 1 2 1 1 1   1 1 1 1 1 1 1 2 1 2   1 2 1 2
 EXTRA SYMMETRY OF AOS IN SYMMETRY 6:   1 1 1 1 1 1 1 1 1 1   2
 EXTRA SYMMETRY OF AOS IN SYMMETRY 7:   1 1 1 1 1 1 1 1 1 1   2

 Eigenvalues of metric

         1 0.545E-03 0.792E-03 0.571E-02 0.726E-02 0.130E-01 0.874E-01 0.145E+00 0.187E+00
         2 0.555E-01 0.187E+00 0.214E+00 0.275E+00 0.570E+00 0.756E+00 0.114E+01 0.131E+01
         3 0.555E-01 0.187E+00 0.214E+00 0.275E+00 0.570E+00 0.756E+00 0.114E+01 0.131E+01
         4 0.377E+00 0.706E+00 0.119E+01 0.162E+01 0.280E+01
         5 0.120E-05 0.282E-04 0.344E-03 0.481E-03 0.735E-02 0.261E-01 0.103E+00 0.121E+00
         6 0.244E-02 0.799E-02 0.583E-01 0.231E+00 0.305E+00 0.418E+00 0.861E+00 0.927E+00
         7 0.244E-02 0.799E-02 0.583E-01 0.231E+00 0.305E+00 0.418E+00 0.861E+00 0.927E+00
         8 0.122E+00 0.320E+00 0.410E+00 0.898E+00 0.155E+01


 Contracted 2-electron integrals neglected if value below      1.0D-18
 AO integral compression algorithm  1   Integral accuracy      1.0D-18

     23.069 MB (compressed) written to integral file ( 92.6%)

     Node minimum: 2.359 MB, node maximum: 4.456 MB


 NUMBER OF SORTED TWO-ELECTRON INTEGRALS:     229451.     BUFFER LENGTH:  32768
 NUMBER OF SEGMENTS:   1  SEGMENT LENGTH:     229451      RECORD LENGTH: 524288

 Memory used in sort:       0.79 MW

 SORT1 READ     3118008. AND WROTE      200779. INTEGRALS IN      1 RECORDS. CPU TIME:     0.10 SEC, REAL TIME:     0.11 SEC
 SORT2 READ     1647620. AND WROTE     1873356. INTEGRALS IN     72 RECORDS. CPU TIME:     0.01 SEC, REAL TIME:     0.02 SEC

 Node minimum:      229085.  Node maximum:      240912. integrals

 OPERATOR DM      FOR CENTER  0  COORDINATES:    0.000000    0.000000    0.000000

 Program * Restricted Hartree-Fock

 Molecular orbitals read from record     2100.2  Type=RHF/CANONICAL  

 NELEC=   14   SYM=1   MS2= 0   THRE=1.0D-12   THRD=1.0D-06   THRG=1.0D-06  HFMA2=F  DIIS_START=2   DIIS_MAX=10   DIIS_INCORE=F

 Level shifts:    0.00 (CLOSED)    0.00 (OPEN)    0.30 (GAP_MIN)

 ITER           ETOT              DE          GRAD        DDIFF     DIIS  NEXP   TIME(IT)  TIME(TOT)  DIAG
   1      -76.85168022     -76.85168022     0.00D+00     0.13D+00     0     0       0.00      0.00    start
   2      -76.85168022      -0.00000000     0.88D-09     0.19D-07     1     0       0.00      0.00    diag

 Final occupancy:   3   1   1   0   2   0   0   0

 !RHF STATE 1.1 Energy                -76.851680216834
  RHF One-electron energy            -151.610206187093
  RHF Two-electron energy              50.024376586034
  RHF Kinetic energy                   76.677698830611
  RHF Nuclear energy                   24.734149384225
  RHF Virial quotient                  -1.002268995925

 !RHF STATE 1.1 Dipole moment           0.00000000     0.00000000     0.00000000
 Dipole moment /Debye                   0.00000000     0.00000000     0.00000000

 Orbital energies:

           1.1          2.1          3.1          4.1          5.1
    -11.243548    -1.028983    -0.680768     0.072309     0.192530

           1.2          2.2          3.2
     -0.410164     0.273935     0.425313

           1.3          2.3          3.3
     -0.410164     0.273935     0.425313

           1.4          2.4
      0.280718     0.949219

           1.5          2.5          3.5          4.5
    -11.239795    -0.767304     0.090427     0.244106

           1.6          2.6
      0.144460     0.319858

           1.7          2.7
      0.144460     0.319858

           1.8          2.8
      0.377295     1.232642


 HOMO      1.3    -0.410164 =     -11.1611eV
 LUMO      4.1     0.072309 =       1.9676eV
 LUMO-HOMO         0.482473 =      13.1288eV

 Orbitals saved in record  2100.2


 **********************************************************************************************************************************
 DATASETS  * FILE   NREC   LENGTH (MB)   RECORD NAMES
              1      18       28.69       500      610      700      900      950      970     1000      129      960     1100   
                                          VAR    BASINP    GEOM    SYMINP    ZMAT    AOBASIS   BASIS     P2S    ABASIS      S 
                                         1400     1410     1200     1210     1080     1600     1650     1700   
                                           T        V       H0       H01     AOSYM     SMH    MOLCAS    OPER   

              2       8        0.62       700     1000      520     2100     4100     5300     5450     5400   
                                         GEOM     BASIS   MCVARS     RHF     CPHF     HESS     NMOD     FREQ   

 PROGRAMS   *        TOTAL    HF-SCF       MP2    HF-SCF       INT
 CPU TIMES  *         5.76      1.28      0.05      0.07      0.45
 REAL TIME  *         8.30 SEC
 DISK USED  *       131.31 MB (local),        1.00 GB (total)
 SF USED    *         1.06 MB
 GA USED    *         0.00 MB       (max)       0.00 MB       (current)
 **********************************************************************************************************************************


 PROGRAM * MP2 (Closed-shell)     Authors: C. Hampel, H.-J. Werner, 1991, M. Deegan, P.J. Knowles, 1992


 Convergence thresholds:  THRVAR = 1.00D-16  THRDEN = 1.00D-12

 Number of core orbitals:           2 (   1   0   0   0   1   0   0   0 )
 Number of closed-shell orbitals:   5 (   2   1   1   0   1   0   0   0 )
 Number of external orbitals:      95 (  21  10  10   5  22  11  11   5 )

 Molecular orbitals read from record     2100.2  Type=RHF/CANONICAL (state 1.1)

 Number of N-1 electron functions:               5
 Number of N-2 electron functions:              15
 Number of singly external CSFs:                84
 Number of doubly external CSFs:             15577
 Total number of CSFs:                       15662

 Length of J-op  integral file:               0.00 MB
 Length of K-op  integral file:               0.12 MB

 Integral transformation finished. Total CPU:   0.00 sec, npass=  1  Memory used:   0.09 MW

 Memory needed for MP2:                      0.01 MW

 SCS-MP2 correlation energy:           -0.309583344035   (PS=  1.200000  PT=  0.333333)
 SCS-MP2 total energy:                -77.161263560868


  Reference energy                    -76.851680216834
  MP2 singlet pair energy              -0.202295651518
  MP2 triplet pair energy              -0.107403046414
  MP2 correlation energy               -0.309698697932

 !MP2 total energy                    -77.161378914766

 KEXT needed  1 integral passes. Memory used:   0.10 MW  CPU time:      0.01 sec


 CPHF trial vector read from record  4100.2

 Starting Coupled-perturbed Hartree-Fock, convergence threshold= 1.0D-06

 ITER   MIC  DIIS      VAR         VARC       CPU
   1     0     1    0.14D-07    0.89D-09     0.00

 CPHF convergence reached in  1 macroiterations and    0 microiterations.   Accuracy: 1.4472D-08

 CPHF solution written to record  4100.2

 Dipole moments (unrelaxed):            0.00000000     0.00000000     0.00000000
 Orbital relaxation contribution:      -0.00000000    -0.00000000    -0.00000000
 !MP2 STATE 1.1 Dipole moment           0.00000000     0.00000000     0.00000000
 Dipole moment /Debye                   0.00000000     0.00000000     0.00000000

 CPU-time for density and lagrangian:                  0.00 sec
 CPU-time for coupled-perturbed hartree-fock:          0.00 sec

 MP2 gradient info saved on record         5200.1


 **********************************************************************************************************************************
 DATASETS  * FILE   NREC   LENGTH (MB)   RECORD NAMES
              1      20       29.16       500      610      700      900      950      970     1000      129      960     1100   
                                          VAR    BASINP    GEOM    SYMINP    ZMAT    AOBASIS   BASIS     P2S    ABASIS      S 
                                         1400     1410     1200     1210     1080     1600     1650     1700     1380     5200   
                                           T        V       H0       H01     AOSYM     SMH    MOLCAS    OPER     JKOP      MP2  

              2       8        0.62       700     1000      520     2100     4100     5300     5450     5400   
                                         GEOM     BASIS   MCVARS     RHF     CPHF     HESS     NMOD     FREQ   

 PROGRAMS   *        TOTAL       MP2       MP2    HF-SCF       INT
 CPU TIMES  *         5.83      0.05      0.05      0.07      0.45
 REAL TIME  *         8.38 SEC
 DISK USED  *       131.31 MB (local),        1.00 GB (total)
 SF USED    *         1.06 MB
 GA USED    *         0.00 MB       (max)       0.00 MB       (current)
 **********************************************************************************************************************************
