
 Working directory              : /scratch/emmanous/bh3.MP2.anopVQZ.com.44973/molpro.zLiAKDOs34/
 Global scratch directory       : /scratch/emmanous/bh3.MP2.anopVQZ.com.44973/molpro.zLiAKDOs34/
 Wavefunction directory         : /home/emmanous/wfu/
 Main file repository           : /scratch/emmanous/bh3.MP2.anopVQZ.com.44973/molpro.zLiAKDOs34/

 id        : wis

 Nodes     nprocs
 cff164       8
 GA implementation: MPI file
 GA implementation (serial work in mppx): MPI file

 Using DEFAULT tuning parameter for ncache   :   16384
 Using DEFAULT tuning parameter for mflopdgm :   10000
 Using DEFAULT tuning parameter for mflopdgv :    4000
 Using DEFAULT tuning parameter for mflopmxm :    5000
 Using DEFAULT tuning parameter for mflopmxv :    4000
 Using DEFAULT tuning parameter for mindgm   :       1
 Using DEFAULT tuning parameter for mindgc   :       4
 Using DEFAULT tuning parameter for mindgf   :    5000
 Using DEFAULT tuning parameter for mindgl   :       4
 Using DEFAULT tuning parameter for mindgr   :       1
 Using DEFAULT tuning parameter for mindgv   :      20
 Using DEFAULT tuning parameter for mincuda  :     500
 Using DEFAULT tuning parameter for mxmblk   :      64
 Using DEFAULT tuning parameter for mxmbln   :      64
 Using DEFAULT tuning parameter for nroll    :       2
 Using custom tuning parameter for ngpus     :       0
 Using customized tuning parameters: mindgm=1; mindgv=20; mindgc=4; mindgr=1; noblas=0; minvec=7

 Fortran compiler: integer size=8, double size=8, logical size=8
 default implementation of scratch files=sf  


 Variables initialized (1015), CPU time= 0.00 sec
 gthresh,energy=1d-12,gradient=1d-6,twoint=1d-18,prefac=1d-20
 noorient
 charge=0
 multiplicity=1
 geomtyp=xyz
 geom={
  B          0.0000000000       -0.0000107346        0.0000000000
  H          0.0000000000        1.1899704850        0.0000000000
  H          1.0305260702       -0.5949798752        0.0000000000
  H         -1.0305260702       -0.5949798752        0.0000000000
 }
 MASS,ISO
 MASS,PRINT
 
 basis={
 Including file /gpfs01/work/emmanous/6Frequencies/implementation/MOLPRO/G4-Tano-v1/EXAMPLE_BH3/ano-pVQZ.mbas
 }
 hf
 mp2
 {freq,analytic,print=3;noproject}
 
 Commands initialized (834), CPU time= 0.01 sec, 672 directives.
 Default parameters read. Elapsed time= 0.07 sec

 Using DEFAULT tuning parameter for mpplat   :       3
 Using DEFAULT tuning parameter for mppspeed :    1600
 Checking input...
 Passed
1


                                         ***  PROGRAM SYSTEM MOLPRO  ***
                                       Copyright, TTI GmbH Stuttgart, 2015
                                    Version 2022.2 linked Thu May  5 23:39:45 2022


 **********************************************************************************************************************************
 LABEL *                                                                                 
  64 bit mpp version                                                                     DATE: 12-Aug-23          TIME: 09:51:40  
 **********************************************************************************************************************************

 SHA1:             518bf5c5e315925380b88506c70af759aa1d1d96
 **********************************************************************************************************************************

 Memory per process:      1500 MW
 Total memory per node:  12000 MW

 GA preallocation disabled
 GA check disabled

 Variable memory set to 1500.0 MW


 THRESHOLDS:

 ZERO    =  1.00D-12  ONEINT  =  1.00D-12  TWOINT  =  1.00D-18  PREFAC  =  1.00D-20  XXXXXX  =  1.00D-09  EORDER  =  1.00D-04
 ENERGY  =  1.00D-12  ETEST   =  0.00D+00  EDENS   =  0.00D+00  THRDEDEF=  1.00D-06  GRADIENT=  1.00D-06  STEP    =  1.00D-03
 ORBITAL =  1.00D-05  CIVEC   =  1.00D-05  COEFF   =  1.00D-04  PRINTCI =  5.00D-02  PUNCHCI =  9.90D+01  OPTGRAD =  3.00D-04
 OPTENERG=  1.00D-06  OPTSTEP =  3.00D-04  THRGRAD =  1.00D-10  COMPRESS=  1.00D-11  VARMIN  =  1.00D-07  VARMAX  =  1.00D-03
 THRDOUB =  0.00D+00  THRDIV  =  1.00D-05  THRRED  =  1.00D-07  THRPSP  =  1.00D+00  THRDC   =  1.00D-10  THRCS   =  1.00D-10
 THRNRM  =  1.00D-08  THREQ   =  0.00D+00  THRDE   =  1.00D+00  THRREF  =  1.00D-05  SPARFAC =  1.00D+00  THRDLP  =  1.00D-07
 THRDIA  =  1.00D-10  THRDLS  =  1.00D-07  THRGPS  =  0.00D+00  THRKEX  =  0.00D+00  THRDIS  =  2.00D-01  THRVAR  =  1.00D-10
 THRLOC  =  1.00D-06  THRGAP  =  1.00D-06  THRLOCT = -1.00D+00  THRGAPT = -1.00D+00  THRORB  =  1.00D-06  THRMLTP =  0.00D+00
 THRCPQCI=  1.00D-10  KEXTA   =  0.00D+00  THRCOARS=  0.00D+00  SYMTOL  =  1.00D-06  GRADTOL =  1.00D-06  THROVL  =  1.00D-08
 THRORTH =  1.00D-08  THRDLOVL= -1.00D+00  GRID    =  1.00D-06  GRIDMAX =  1.00D-03  DTMAX   =  0.00D+00  THROCCDE=  1.00D-01
 THROCCDE=  1.00D-01  THRPRINT=  2.50D-01

 SETTING CHARGE         =      0.0000000D+00                                  
 SETTING MULTIPLICITY   =         1.00000000                                  
 SETTING GEOMTYP        =    XYZ


 Using masses of most abundant isotopes

 **********************************************************************************************************************************


 Atomic masses

 Center       Mass
 B         11.00931
 H          1.00782
 H          1.00782
 H          1.00782
 SETTING BASIS          =    USERDEF


 Recomputing integrals since basis changed


 Using spherical harmonics



 PROGRAM * SEWARD (Integral evaluation for generally contracted gaussian basis sets)     Author: Roland Lindh, 1990

 Geometry written to block  1 of record 700


 Point group  C2v 



 ATOMIC COORDINATES

 NR  ATOM    CHARGE       X              Y              Z

   1  B       5.00    0.000000000   -0.000020285    0.000000000
   2  H       1.00    0.000000000    2.248718313    0.000000000
   3  H       1.00    1.947412037   -1.124349014    0.000000000
   4  H       1.00   -1.947412037   -1.124349014    0.000000000

 Bond lengths in Bohr (Angstrom)

 1-2  2.248738598  1-3  2.248672660  1-4  2.248672660
     ( 1.189981220)     ( 1.189946326)     ( 1.189946326)

 Bond angles

  2-1-3  119.99977635   2-1-4  119.99977635   3-1-4  120.00044730

 NUCLEAR CHARGE:                    8
 NUMBER OF PRIMITIVE AOS:         401
 NUMBER OF SYMMETRY AOS:          327
 NUMBER OF CONTRACTIONS:          145   (   55A1  +   40B1  +   30B2  +   20A2  )
 NUMBER OF INNER CORE ORBITALS:     0   (    0A1  +    0B1  +    0B2  +    0A2  )
 NUMBER OF OUTER CORE ORBITALS:     1   (    1A1  +    0B1  +    0B2  +    0A2  )
 NUMBER OF VALENCE ORBITALS:        7   (    4A1  +    2B1  +    1B2  +    0A2  )


 NUCLEAR REPULSION ENERGY    7.44078387

 Eigenvalues of metric

         1 0.117E-03 0.237E-03 0.110E-02 0.188E-02 0.284E-02 0.379E-02 0.750E-02 0.385E-01
         2 0.117E-03 0.985E-03 0.110E-02 0.284E-02 0.750E-02 0.385E-01 0.514E-01 0.896E-01
         3 0.172E-02 0.195E-02 0.686E-01 0.931E-01 0.102E+00 0.146E+00 0.236E+00 0.486E+00
         4 0.195E-02 0.528E-01 0.686E-01 0.102E+00 0.236E+00 0.486E+00 0.631E+00 0.747E+00


 Contracted 2-electron integrals neglected if value below      1.0D-18
 AO integral compression algorithm  1   Integral accuracy      1.0D-18

     150.471 MB (compressed) written to integral file (100.0%)

     Node minimum: 15.466 MB, node maximum: 21.234 MB


 NUMBER OF SORTED TWO-ELECTRON INTEGRALS:    1803974.     BUFFER LENGTH:  32768
 NUMBER OF SEGMENTS:   1  SEGMENT LENGTH:    1803974      RECORD LENGTH: 524288

 Memory used in sort:       2.36 MW

 SORT1 READ    18561924. AND WROTE     1755657. INTEGRALS IN      6 RECORDS. CPU TIME:     0.36 SEC, REAL TIME:     0.38 SEC
 SORT2 READ    14081291. AND WROTE    14474030. INTEGRALS IN    608 RECORDS. CPU TIME:     0.03 SEC, REAL TIME:     0.05 SEC

 Node minimum:     1802840.  Node maximum:     1824531. integrals

 OPERATOR DM      FOR CENTER  0  COORDINATES:    0.000000    0.000000    0.000000


 **********************************************************************************************************************************
 DATASETS  * FILE   NREC   LENGTH (MB)   RECORD NAMES
              1      18       29.20       500      610      700      900      950      970     1000      129      960     1100   
                                          VAR    BASINP    GEOM    SYMINP    ZMAT    AOBASIS   BASIS     P2S    ABASIS      S 
                                         1400     1410     1200     1210     1080     1600     1650     1700   
                                           T        V       H0       H01     AOSYM     SMH    MOLCAS    OPER   

 PROGRAMS   *        TOTAL       INT
 CPU TIMES  *         2.17      2.04
 REAL TIME  *         3.15 SEC
 DISK USED  *        29.57 MB (local),      548.25 MB (total)
 GA USED    *         0.00 MB       (max)       0.00 MB       (current)
 **********************************************************************************************************************************


 Program * Restricted Hartree-Fock

 Orbital guess generated from atomic densities.

 Initial occupancy:   3   1   0   0

 NELEC=    8   SYM=1   MS2= 0   THRE=1.0D-12   THRD=1.0D-06   THRG=1.0D-06  HFMA2=F  DIIS_START=2   DIIS_MAX=10   DIIS_INCORE=F

 Level shifts:    0.00 (CLOSED)    0.00 (OPEN)    0.30 (GAP_MIN)

 ITER           ETOT              DE          GRAD        DDIFF     DIIS  NEXP   TIME(IT)  TIME(TOT)  DIAG
   1      -26.39641394     -26.39641394     0.00D+00     0.50D-01     0     0       0.01      0.02    start
   2      -26.40205527      -0.00564133     0.42D-02     0.19D-02     1     0       0.00      0.02    diag
   3      -26.40237998      -0.00032471     0.98D-03     0.38D-03     2     0       0.01      0.03    diag
   4      -26.40239414      -0.00001417     0.19D-03     0.97D-04     3     0       0.00      0.03    diag
   5      -26.40239446      -0.00000032     0.24D-04     0.27D-04     4     0       0.01      0.04    diag
   6      -26.40239447      -0.00000001     0.35D-05     0.61D-05     5     0       0.00      0.04    diag
   7      -26.40239447      -0.00000000     0.48D-06     0.62D-06     6     0       0.01      0.05    diag
   8      -26.40239447      -0.00000000     0.49D-07     0.39D-07     7     0       0.00      0.05    fixocc
   9      -26.40239447       0.00000000     0.28D-08     0.24D-08     8     0       0.01      0.06    diag
  10      -26.40239447       0.00000000     0.21D-09     0.37D-09     0     0       0.00      0.06    diag/orth

 Final occupancy:   3   1   0   0

 !RHF STATE 1.1 Energy                -26.402394470031
  RHF One-electron energy             -49.060640388012
  RHF Two-electron energy              15.217462043905
  RHF Kinetic energy                   26.390956307858
  RHF Nuclear energy                    7.440783874077
  RHF Virial quotient                  -1.000433412190

 !RHF STATE 1.1 Dipole moment           0.00000000    -0.00002198     0.00000000
 Dipole moment /Debye                   0.00000000    -0.00005586     0.00000000

 Orbital energies:

           1.1          2.1          3.1          4.1          5.1
     -7.611221    -0.704409    -0.498610     0.168562     0.175868

           1.2          2.2          3.2
     -0.498618     0.175866     0.305909

           1.3          2.3
      0.056511     0.309840

           1.4          2.4
      0.396764     0.875059


 HOMO      3.1    -0.498610 =     -13.5679eV
 LUMO      1.3     0.056511 =       1.5377eV
 LUMO-HOMO         0.555122 =      15.1056eV

 Orbitals saved in record  2100.2


 **********************************************************************************************************************************
 DATASETS  * FILE   NREC   LENGTH (MB)   RECORD NAMES
              1      18       29.20       500      610      700      900      950      970     1000      129      960     1100   
                                          VAR    BASINP    GEOM    SYMINP    ZMAT    AOBASIS   BASIS     P2S    ABASIS      S 
                                         1400     1410     1200     1210     1080     1600     1650     1700   
                                           T        V       H0       H01     AOSYM     SMH    MOLCAS    OPER   

              2       4        0.52       700     1000      520     2100   
                                         GEOM     BASIS   MCVARS     RHF  

 PROGRAMS   *        TOTAL    HF-SCF       INT
 CPU TIMES  *         2.43      0.26      2.04
 REAL TIME  *         3.59 SEC
 DISK USED  *        30.19 MB (local),      553.25 MB (total)
 GA USED    *         0.00 MB       (max)       0.00 MB       (current)
 **********************************************************************************************************************************


 PROGRAM * MP2 (Closed-shell)     Authors: C. Hampel, H.-J. Werner, 1991, M. Deegan, P.J. Knowles, 1992


 Convergence thresholds:  THRVAR = 1.00D-16  THRDEN = 1.00D-12

 Number of core orbitals:           1 (   1   0   0   0 )
 Number of closed-shell orbitals:   3 (   2   1   0   0 )
 Number of external orbitals:     141 (  52  39  30  20 )

 Molecular orbitals read from record     2100.2  Type=RHF/CANONICAL  

 Number of N-1 electron functions:               3
 Number of N-2 electron functions:               6
 Number of singly external CSFs:               143
 Number of doubly external CSFs:             24536
 Total number of CSFs:                       24680

 Length of J-op  integral file:               0.00 MB
 Length of K-op  integral file:               0.41 MB

 Integral transformation finished. Total CPU:   0.01 sec, npass=  1  Memory used:   0.14 MW

 Memory needed for MP2:                      0.03 MW

 SCS-MP2 correlation energy:           -0.134653259807   (PS=  1.200000  PT=  0.333333)
 SCS-MP2 total energy:                -26.537047729837


  Reference energy                    -26.402394470031
  MP2 singlet pair energy              -0.103004011982
  MP2 triplet pair energy              -0.017756430153
  MP2 correlation energy               -0.120760442135

 !MP2 total energy                    -26.523154912166

 KEXT needed  1 integral passes. Memory used:   0.27 MW  CPU time:      0.01 sec

 CPHF start vector      0.2 not found

 Starting Coupled-perturbed Hartree-Fock, convergence threshold= 1.0D-06

 ITER   MIC  DIIS      VAR         VARC       CPU
   1     0     1    0.98D-02    0.89D-03     0.00
   2     3     2    0.20D-03    0.59D-04     0.01
   3     3     3    0.16D-05    0.82D-06     0.02
   4     1     4    0.47D-06    0.45D-07     0.02

 CPHF convergence reached in  4 macroiterations and    7 microiterations.   Accuracy: 4.7105D-07

 CPHF solution written to record  4100.2

 Dipole moments (unrelaxed):            0.00000000    -0.00002174     0.00000000
 Orbital relaxation contribution:      -0.00000000     0.00000283    -0.00000000
 !MP2 STATE 1.1 Dipole moment           0.00000000    -0.00001891     0.00000000
 Dipole moment /Debye                   0.00000000    -0.00004806     0.00000000

 CPU-time for density and lagrangian:                  0.01 sec
 CPU-time for coupled-perturbed hartree-fock:          0.02 sec

 MP2 gradient info saved on record         5200.1


 **********************************************************************************************************************************
 DATASETS  * FILE   NREC   LENGTH (MB)   RECORD NAMES
              1      20       30.09       500      610      700      900      950      970     1000      129      960     1100   
                                          VAR    BASINP    GEOM    SYMINP    ZMAT    AOBASIS   BASIS     P2S    ABASIS      S 
                                         1400     1410     1200     1210     1080     1600     1650     1700     1380     5200   
                                           T        V       H0       H01     AOSYM     SMH    MOLCAS    OPER     JKOP      MP2  

              2       5        0.80       700     1000      520     2100     4100   
                                         GEOM     BASIS   MCVARS     RHF     CPHF   

 PROGRAMS   *        TOTAL       MP2    HF-SCF       INT
 CPU TIMES  *         2.59      0.16      0.26      2.04
 REAL TIME  *         3.77 SEC
 DISK USED  *        30.96 MB (local),      559.41 MB (total)
 SF USED    *         2.03 MB
 GA USED    *         0.00 MB       (max)       0.00 MB       (current)
 **********************************************************************************************************************************


 PROGRAM * HESSIAN

 *** Long output written to logfile /gpfs01/work/emmanous/6Frequencies/implementation/MOLPRO/G4-Tano-v1/EXAMPLE_BH3/bh3.MP2.anopVQZ.log ***


 Computing numerical hessian using default procedure for command MP2

 Symmetry elements for unique displacements: X  Z  

 Using AUTO symmetry option

 Running default procedure: HF-SCF000  MP2


 Numerically approximating hessian using central gradient differences

 Task list generated. Total number of displacements:     13

 All  13 tasks completed.  CPU=    189.58 sec, Elapsed=    190.20 sec.

 MP2 hessian saved to record  5300.2

 PROGRAM * FREQUENCIES (Calculation of harmonic vibrational spectra for MP2)


 Permanent Dipole Moment [debye]
   1-  3    0.000000   -0.000048    0.000000

 Dipole Moment Norm    0.0000481 [debye]

 Dipole Moment Derivatives [debye/ang]
              1             2             3             4             5             6             7             8
    1    2.59162092    0.00000000    0.00000000   -0.45555668    0.00000000    0.00000000   -1.06813420    0.35370389
    2    0.00000000    2.59175435    0.00000000    0.00000000   -1.27238467    0.00000000    0.35367814   -0.65977101
    3    0.00000000    0.00000000    2.23513094    0.00000000    0.00000000   -0.74506981    0.00000000    0.00000000
              9            10            11            12
    1    0.00000000   -1.06813420   -0.35370389    0.00000000
    2    0.00000000   -0.35367814   -0.65977101    0.00000000
    3   -0.74505631    0.00000000    0.00000000   -0.74505631

 Force Constants (Second Derivatives of the Energy) in [a.u.]
                             BX1         BY1         BZ1         HX2         HY2     
           BX1           0.4249894
           BY1           0.0000000   0.4249358
           BZ1           0.0000000   0.0000000   0.1253881
           HX2          -0.0430503   0.0000000   0.0000000   0.0354234
           HY2           0.0000000  -0.2402480   0.0000000   0.0000000   0.2515470
           HZ2           0.0000000   0.0000000  -0.0418003   0.0000000   0.0000000
           HX3          -0.1909690   0.0854043   0.0000000   0.0038135  -0.0013476
           HY3           0.0854051  -0.0923434   0.0000000   0.0177380  -0.0056502
           HZ3           0.0000000   0.0000000  -0.0417944   0.0000000   0.0000000
           HX4          -0.1909690  -0.0854043   0.0000000   0.0038135   0.0013476
           HY4          -0.0854051  -0.0923434   0.0000000  -0.0177380  -0.0056502
           HZ4           0.0000000   0.0000000  -0.0417944   0.0000000   0.0000000
                             HZ2         HX3         HY3         HZ3         HX4     
           HZ2           0.0145258
           HX3           0.0000000   0.1975365
           HY3           0.0000000  -0.0935991   0.0894487
           HZ3           0.0136374   0.0000000   0.0000000   0.0145195
           HX4           0.0000000  -0.0103816  -0.0095429   0.0000000   0.1975365
           HY4           0.0000000   0.0095429   0.0085451   0.0000000   0.0935991
           HZ4           0.0136374   0.0000000   0.0000000   0.0136379  -0.0000000
                             HY4         HZ4     
           HY4           0.0894487
           HZ4           0.0000000   0.0145195


 Atomic Masses
   1-  4   11.009310    1.007825    1.007825    1.007825

 Mass weighted Second Derivative Matrix
                             BX1         BY1         BZ1         HX2         HY2     
           BX1           0.0386027
           BY1           0.0000000   0.0385979
           BZ1           0.0000000   0.0000000   0.0113893
           HX2          -0.0129242   0.0000000   0.0000000   0.0351484
           HY2           0.0000000  -0.0721252   0.0000000   0.0000000   0.2495939
           HZ2           0.0000000   0.0000000  -0.0125489   0.0000000   0.0000000
           HX3          -0.0573311   0.0256393   0.0000000   0.0037839  -0.0013371
           HY3           0.0256396  -0.0277226   0.0000000   0.0176003  -0.0056063
           HZ3           0.0000000   0.0000000  -0.0125472   0.0000000   0.0000000
           HX4          -0.0573311  -0.0256393   0.0000000   0.0037839   0.0013371
           HY4          -0.0256396  -0.0277226   0.0000000  -0.0176003  -0.0056063
           HZ4           0.0000000   0.0000000  -0.0125472   0.0000000   0.0000000
                             HZ2         HX3         HY3         HZ3         HX4     
           HZ2           0.0144130
           HX3           0.0000000   0.1960028
           HY3           0.0000000  -0.0928724   0.0887542
           HZ3           0.0135315   0.0000000   0.0000000   0.0144068
           HX4           0.0000000  -0.0103010  -0.0094688   0.0000000   0.1960028
           HY4           0.0000000   0.0094688   0.0084788   0.0000000   0.0928724
           HZ4           0.0135315   0.0000000   0.0000000   0.0135320  -0.0000000
                             HY4         HZ4     
           HY4           0.0887542
           HZ4           0.0000000   0.0144068


 Mass Weighted 2nd Derivative Matrix Eigenvalues
   1- 10    0.000000    0.000000    0.000000    0.000872    0.000875    0.000880    0.052861    0.058521    0.058530    0.252902
  11- 12    0.280306    0.280327

 Mass Weighted 2nd Derivative Matrix Eigenvectors
              1             2             3             4             5             6             7             8
    1    0.88574406    0.00000046    0.00000006   -0.00014619    0.00000000    0.00000000    0.00000000    0.00000000
    2   -0.00000046    0.88574419    0.00001066    0.00000000    0.00000000    0.00000000    0.00000000   -0.31348926
    3   -0.00000006   -0.00001066    0.88574539    0.00000000    0.00000000    0.00002816   -0.46417142    0.00000000
    4    0.26810440    0.00000014    0.00000002    0.57721475    0.00000000    0.00000000    0.00000000    0.00000000
    5   -0.00000014    0.26799274    0.00000323    0.00000000    0.00000000    0.00000000    0.00000000   -0.08041282
    6   -0.00000002   -0.00000323    0.26798886    0.00000000    0.00000000    0.81646653    0.51143365    0.00000000
    7    0.26793421   -0.00000115    0.00000002   -0.28873773    0.00000000    0.00000000    0.00000000    0.36873005
    8   -0.00010124    0.26798985    0.00000323   -0.50004208    0.00000000    0.00000000    0.00000000    0.55827169
    9   -0.00000002   -0.00000323    0.26798982    0.00000000    0.70710678   -0.40827834    0.51136118    0.00000000
   10    0.26793421    0.00000143    0.00000002   -0.28873773    0.00000000    0.00000000    0.00000000   -0.36873005
   11    0.00010096    0.26798985    0.00000323    0.50004208    0.00000000    0.00000000    0.00000000    0.55827169
   12   -0.00000002   -0.00000323    0.26798982    0.00000000   -0.70710678   -0.40827834    0.51136118    0.00000000
              9            10            11            12
    1   -0.31347883    0.00000000    0.00000000   -0.34232801
    2    0.00000000   -0.00016705   -0.34231810    0.00000000
    3    0.00000000    0.00000000    0.00000000    0.00000000
    4    0.77121978    0.00000000    0.00000000   -0.01277600
    5    0.00000000    0.57771221    0.76678698    0.00000000
    6    0.00000000    0.00000000    0.00000000    0.00000000
    7    0.13243764    0.49984541   -0.33792413    0.57210318
    8    0.36869474   -0.28858076    0.18230552   -0.33767159
    9    0.00000000    0.00000000    0.00000000    0.00000000
   10    0.13243764   -0.49984541    0.33792413    0.57210318
   11   -0.36869474   -0.28858076    0.18230552    0.33767159
   12    0.00000000    0.00000000    0.00000000    0.00000000

 Imaginary Vibration  Wavenumber
        Nr             [1/cm] 
        1                0.03
        2                0.00
        3                0.00

     Vibration        Wavenumber
        Nr             [1/cm] 
        1              151.77
        2              152.04
        3              152.45
        4             1181.88
        5             1243.54
        6             1243.63
        7             2585.12
        8             2721.57
        9             2721.68

 FREQUENCIES * CALCULATION OF NORMAL MODES FOR MP2


 Atomic Coordinates

  Nr  Atom  Charge       X              Y              Z

   1   B     5.00    0.000000000   -0.000020285    0.000000000
   2   H     1.00    0.000000000    2.248718313    0.000000000
   3   H     1.00    1.947412037   -1.124349014    0.000000000
   4   H     1.00   -1.947412037   -1.124349014    0.000000000

 Normal Modes

                              1 B2        2 A2        3 B1        4 B1        5 A1 
 Wavenumbers [cm-1]          151.77      152.04      152.45     1181.88     1243.54
 Intensities [km/mol]          0.00        0.00        0.00       89.00       16.08
 Intensities [relative]        0.00        0.00        0.00       71.45       12.91
           BX1             -0.00004    -0.00000     0.00000    -0.00000     0.00000
           BY1             -0.00000    -0.00000     0.00000     0.00000    -0.09448
           BZ1              0.00000     0.00000     0.00001    -0.13989    -0.00000
           HX2              0.57497     0.00000     0.00000     0.00000    -0.00000
           HY2             -0.00000    -0.00000     0.00000     0.00000    -0.08010
           HZ2             -0.00000     0.00000     0.81329     0.50944     0.00000
           HX3             -0.28761    -0.00000    -0.00000    -0.00000     0.36730
           HY3             -0.49810    -0.00000     0.00000     0.00000     0.55610
           HZ3             -0.00000     0.70436    -0.40669     0.50937     0.00000
           HX4             -0.28761    -0.00000    -0.00000     0.00000    -0.36730
           HY4              0.49810     0.00000     0.00000    -0.00000     0.55610
           HZ4              0.00000    -0.70436    -0.40669     0.50937     0.00000

                              6 B2        7 Err       8 Err       9 Err
 Wavenumbers [cm-1]         1243.63     2585.12     2721.57     2721.68
 Intensities [km/mol]         16.08        0.00      124.57      124.57
 Intensities [relative]       12.91        0.00      100.00      100.00
           BX1             -0.09448     0.00000    -0.00000    -0.10317
           BY1             -0.00000    -0.00005    -0.10317     0.00000
           BZ1              0.00000     0.00000     0.00000     0.00000
           HX2              0.76822     0.00000    -0.00000    -0.01273
           HY2             -0.00000     0.57547     0.76380    -0.00000
           HZ2             -0.00000     0.00000     0.00000     0.00000
           HX3              0.13192     0.49790    -0.33661     0.56988
           HY3              0.36726    -0.28746     0.18160    -0.33636
           HZ3             -0.00000     0.00000    -0.00000     0.00000
           HX4              0.13192    -0.49790     0.33661     0.56988
           HY4             -0.36726    -0.28746     0.18160     0.33636
           HZ4             -0.00000     0.00000     0.00000     0.00000


 Normal Modes of imaginary frequencies

                                  1           2           3
 Wavenumbers [cm-1]            0.03        0.00        0.00
 Intensities [km/mol]          0.00        0.00        0.00
 Intensities [relative]        0.00        0.00        0.00
           BX1              0.26695     0.00000     0.00000
           BY1             -0.00000     0.26695     0.00000
           BZ1             -0.00000    -0.00000     0.26695
           HX2              0.26706     0.00000     0.00000
           HY2             -0.00000     0.26695     0.00000
           HZ2             -0.00000    -0.00000     0.26695
           HX3              0.26689    -0.00000     0.00000
           HY3             -0.00010     0.26695     0.00000
           HZ3             -0.00000    -0.00000     0.26695
           HX4              0.26689     0.00000     0.00000
           HY4              0.00010     0.26695     0.00000
           HZ4             -0.00000    -0.00000     0.26695


 Normal Modes of low/zero frequencies


 Wavenumbers [cm-1]
 Intensities [km/mol]
 Intensities [relative]
           BX1     
           BY1     
           BZ1     
           HX2     
           HY2     
           HZ2     
           HX3     
           HY3     
           HZ3     
           HX4     
           HY4     
           HZ4     


 Frequencies dumped to record   5400.2

 Zero point energy:  0.02768812 [H]     6076.84 [1/CM]       72.70 [KJ/MOL]
 Frequency information read from record  5400.2

 Recomputing wavefunction at initial geometry


 **********************************************************************************************************************************
 DATASETS  * FILE   NREC   LENGTH (MB)   RECORD NAMES
              1      20       30.09       500      610      700      900      950      970     1000      129      960     1100   
                                          VAR    BASINP    GEOM    SYMINP    ZMAT    AOBASIS   BASIS     P2S    ABASIS      S 
                                         1400     1410     1200     1210     1080     1600     1650     1700     1380     5200   
                                           T        V       H0       H01     AOSYM     SMH    MOLCAS    OPER     JKOP      MP2  

              2       8        0.92       700     1000      520     2100     4100     5300     5450     5400   
                                         GEOM     BASIS   MCVARS     RHF     CPHF     HESS     NMOD     FREQ   

 PROGRAMS   *        TOTAL      FREQ       MP2    HF-SCF       INT
 CPU TIMES  *       190.49    187.89      0.16      0.26      2.04
 REAL TIME  *       197.47 SEC
 DISK USED  *       607.76 MB (local),        5.00 GB (total)
 SF USED    *         2.04 MB
 GA USED    *         0.00 MB       (max)       0.00 MB       (current)
 **********************************************************************************************************************************

 MP2/USERDEF energy=    -26.523154912161

             MP2          HF-SCF
    -26.52315491    -26.40239447
 **********************************************************************************************************************************
 Molpro calculation terminated
