
 Working directory              : /scratch/emmanous/bh3.MP2.anopVTZ.com.45759/molpro.tIgw7WGPRW/
 Global scratch directory       : /scratch/emmanous/bh3.MP2.anopVTZ.com.45759/molpro.tIgw7WGPRW/
 Wavefunction directory         : /home/emmanous/wfu/
 Main file repository           : /scratch/emmanous/bh3.MP2.anopVTZ.com.45759/molpro.tIgw7WGPRW/

 id        : wis

 Nodes     nprocs
 cff164       8
 GA implementation: MPI file
 GA implementation (serial work in mppx): MPI file

 Using DEFAULT tuning parameter for ncache   :   16384
 Using DEFAULT tuning parameter for mflopdgm :   10000
 Using DEFAULT tuning parameter for mflopdgv :    4000
 Using DEFAULT tuning parameter for mflopmxm :    5000
 Using DEFAULT tuning parameter for mflopmxv :    4000
 Using DEFAULT tuning parameter for mindgm   :       1
 Using DEFAULT tuning parameter for mindgc   :       4
 Using DEFAULT tuning parameter for mindgf   :    5000
 Using DEFAULT tuning parameter for mindgl   :       4
 Using DEFAULT tuning parameter for mindgr   :       1
 Using DEFAULT tuning parameter for mindgv   :      20
 Using DEFAULT tuning parameter for mincuda  :     500
 Using DEFAULT tuning parameter for mxmblk   :      64
 Using DEFAULT tuning parameter for mxmbln   :      64
 Using DEFAULT tuning parameter for nroll    :       2
 Using custom tuning parameter for ngpus     :       0
 Using customized tuning parameters: mindgm=1; mindgv=20; mindgc=4; mindgr=1; noblas=0; minvec=7

 Fortran compiler: integer size=8, double size=8, logical size=8
 default implementation of scratch files=sf  


 Variables initialized (1015), CPU time= 0.01 sec
 gthresh,energy=1d-12,gradient=1d-6,twoint=1d-18,prefac=1d-20
 noorient
 charge=0
 multiplicity=1
 geomtyp=xyz
 geom={
  B          0.0000000000       -0.0000107346        0.0000000000
  H          0.0000000000        1.1899704850        0.0000000000
  H          1.0305260702       -0.5949798752        0.0000000000
  H         -1.0305260702       -0.5949798752        0.0000000000
 }
 MASS,ISO
 MASS,PRINT
 
 basis={
 Including file /gpfs01/work/emmanous/6Frequencies/implementation/MOLPRO/G4-Tano-v1/EXAMPLE_BH3/ano-pVTZ.mbas
 }
 hf
 mp2
 {freq,analytic,print=3;noproject}
 Commands initialized (834), CPU time= 0.01 sec, 672 directives.
 Default parameters read. Elapsed time= 0.06 sec

 Using DEFAULT tuning parameter for mpplat   :       3
 Using DEFAULT tuning parameter for mppspeed :    1600
 Checking input...
 Passed
1


                                         ***  PROGRAM SYSTEM MOLPRO  ***
                                       Copyright, TTI GmbH Stuttgart, 2015
                                    Version 2022.2 linked Thu May  5 23:39:45 2022


 **********************************************************************************************************************************
 LABEL *                                                                                 
  64 bit mpp version                                                                     DATE: 12-Aug-23          TIME: 09:54:58  
 **********************************************************************************************************************************

 SHA1:             518bf5c5e315925380b88506c70af759aa1d1d96
 **********************************************************************************************************************************

 Memory per process:      1500 MW
 Total memory per node:  12000 MW

 GA preallocation disabled
 GA check disabled

 Variable memory set to 1500.0 MW


 THRESHOLDS:

 ZERO    =  1.00D-12  ONEINT  =  1.00D-12  TWOINT  =  1.00D-18  PREFAC  =  1.00D-20  XXXXXX  =  1.00D-09  EORDER  =  1.00D-04
 ENERGY  =  1.00D-12  ETEST   =  0.00D+00  EDENS   =  0.00D+00  THRDEDEF=  1.00D-06  GRADIENT=  1.00D-06  STEP    =  1.00D-03
 ORBITAL =  1.00D-05  CIVEC   =  1.00D-05  COEFF   =  1.00D-04  PRINTCI =  5.00D-02  PUNCHCI =  9.90D+01  OPTGRAD =  3.00D-04
 OPTENERG=  1.00D-06  OPTSTEP =  3.00D-04  THRGRAD =  1.00D-10  COMPRESS=  1.00D-11  VARMIN  =  1.00D-07  VARMAX  =  1.00D-03
 THRDOUB =  0.00D+00  THRDIV  =  1.00D-05  THRRED  =  1.00D-07  THRPSP  =  1.00D+00  THRDC   =  1.00D-10  THRCS   =  1.00D-10
 THRNRM  =  1.00D-08  THREQ   =  0.00D+00  THRDE   =  1.00D+00  THRREF  =  1.00D-05  SPARFAC =  1.00D+00  THRDLP  =  1.00D-07
 THRDIA  =  1.00D-10  THRDLS  =  1.00D-07  THRGPS  =  0.00D+00  THRKEX  =  0.00D+00  THRDIS  =  2.00D-01  THRVAR  =  1.00D-10
 THRLOC  =  1.00D-06  THRGAP  =  1.00D-06  THRLOCT = -1.00D+00  THRGAPT = -1.00D+00  THRORB  =  1.00D-06  THRMLTP =  0.00D+00
 THRCPQCI=  1.00D-10  KEXTA   =  0.00D+00  THRCOARS=  0.00D+00  SYMTOL  =  1.00D-06  GRADTOL =  1.00D-06  THROVL  =  1.00D-08
 THRORTH =  1.00D-08  THRDLOVL= -1.00D+00  GRID    =  1.00D-06  GRIDMAX =  1.00D-03  DTMAX   =  0.00D+00  THROCCDE=  1.00D-01
 THROCCDE=  1.00D-01  THRPRINT=  2.50D-01

 SETTING CHARGE         =      0.0000000D+00                                  
 SETTING MULTIPLICITY   =         1.00000000                                  
 SETTING GEOMTYP        =    XYZ


 Using masses of most abundant isotopes

 **********************************************************************************************************************************


 Atomic masses

 Center       Mass
 B         11.00931
 H          1.00782
 H          1.00782
 H          1.00782
 SETTING BASIS          =    USERDEF


 Recomputing integrals since basis changed


 Using spherical harmonics



 PROGRAM * SEWARD (Integral evaluation for generally contracted gaussian basis sets)     Author: Roland Lindh, 1990

 Geometry written to block  1 of record 700


 Point group  C2v 



 ATOMIC COORDINATES

 NR  ATOM    CHARGE       X              Y              Z

   1  B       5.00    0.000000000   -0.000020285    0.000000000
   2  H       1.00    0.000000000    2.248718313    0.000000000
   3  H       1.00    1.947412037   -1.124349014    0.000000000
   4  H       1.00   -1.947412037   -1.124349014    0.000000000

 Bond lengths in Bohr (Angstrom)

 1-2  2.248738598  1-3  2.248672660  1-4  2.248672660
     ( 1.189981220)     ( 1.189946326)     ( 1.189946326)

 Bond angles

  2-1-3  119.99977635   2-1-4  119.99977635   3-1-4  120.00044730

 NUCLEAR CHARGE:                    8
 NUMBER OF PRIMITIVE AOS:         266
 NUMBER OF SYMMETRY AOS:          237
 NUMBER OF CONTRACTIONS:           72   (   30A1  +   20B1  +   14B2  +    8A2  )
 NUMBER OF INNER CORE ORBITALS:     0   (    0A1  +    0B1  +    0B2  +    0A2  )
 NUMBER OF OUTER CORE ORBITALS:     1   (    1A1  +    0B1  +    0B2  +    0A2  )
 NUMBER OF VALENCE ORBITALS:        7   (    4A1  +    2B1  +    1B2  +    0A2  )


 NUCLEAR REPULSION ENERGY    7.44078387

 Eigenvalues of metric

         1 0.538E-03 0.541E-03 0.255E-01 0.341E-01 0.458E-01 0.479E-01 0.964E-01 0.344E+00
         2 0.541E-03 0.168E-01 0.255E-01 0.479E-01 0.964E-01 0.344E+00 0.488E+00 0.554E+00
         3 0.316E-01 0.365E-01 0.339E+00 0.461E+00 0.528E+00 0.673E+00 0.956E+00 0.100E+01
         4 0.365E-01 0.339E+00 0.461E+00 0.923E+00 0.956E+00 0.150E+01 0.173E+01 0.181E+01


 Contracted 2-electron integrals neglected if value below      1.0D-18
 AO integral compression algorithm  1   Integral accuracy      1.0D-18

     10.486 MB (compressed) written to integral file (100.0%)

     Node minimum: 1.311 MB, node maximum: 1.311 MB


 NUMBER OF SORTED TWO-ELECTRON INTEGRALS:     114459.     BUFFER LENGTH:  32768
 NUMBER OF SEGMENTS:   1  SEGMENT LENGTH:     114459      RECORD LENGTH: 524288

 Memory used in sort:       0.67 MW

 SORT1 READ     1221234. AND WROTE      111453. INTEGRALS IN      1 RECORDS. CPU TIME:     0.02 SEC, REAL TIME:     0.02 SEC
 SORT2 READ      900055. AND WROTE      928146. INTEGRALS IN     40 RECORDS. CPU TIME:     0.01 SEC, REAL TIME:     0.01 SEC

 Node minimum:      114156.  Node maximum:      120324. integrals

 OPERATOR DM      FOR CENTER  0  COORDINATES:    0.000000    0.000000    0.000000


 **********************************************************************************************************************************
 DATASETS  * FILE   NREC   LENGTH (MB)   RECORD NAMES
              1      18       28.93       500      610      700      900      950      970     1000      129      960     1100   
                                          VAR    BASINP    GEOM    SYMINP    ZMAT    AOBASIS   BASIS     P2S    ABASIS      S 
                                         1400     1410     1200     1210     1080     1600     1650     1700   
                                           T        V       H0       H01     AOSYM     SMH    MOLCAS    OPER   

 PROGRAMS   *        TOTAL       INT
 CPU TIMES  *         0.77      0.64
 REAL TIME  *         1.68 SEC
 DISK USED  *        29.27 MB (local),      273.71 MB (total)
 GA USED    *         0.00 MB       (max)       0.00 MB       (current)
 **********************************************************************************************************************************


 Program * Restricted Hartree-Fock

 Orbital guess generated from atomic densities.

 Initial occupancy:   3   1   0   0

 NELEC=    8   SYM=1   MS2= 0   THRE=1.0D-12   THRD=1.0D-06   THRG=1.0D-06  HFMA2=F  DIIS_START=2   DIIS_MAX=10   DIIS_INCORE=F

 Level shifts:    0.00 (CLOSED)    0.00 (OPEN)    0.30 (GAP_MIN)

 ITER           ETOT              DE          GRAD        DDIFF     DIIS  NEXP   TIME(IT)  TIME(TOT)  DIAG
   1      -26.39527869     -26.39527869     0.00D+00     0.95D-01     0     0       0.00      0.01    start
   2      -26.40081054      -0.00553184     0.58D-02     0.26D-02     1     0       0.00      0.01    diag
   3      -26.40112074      -0.00031020     0.13D-02     0.94D-03     2     0       0.00      0.01    diag
   4      -26.40113362      -0.00001288     0.25D-03     0.20D-03     3     0       0.01      0.02    diag
   5      -26.40113391      -0.00000029     0.32D-04     0.30D-04     4     0       0.00      0.02    diag
   6      -26.40113392      -0.00000001     0.42D-05     0.40D-05     5     0       0.00      0.02    diag
   7      -26.40113392      -0.00000000     0.64D-06     0.49D-06     6     0       0.00      0.02    diag
   8      -26.40113392      -0.00000000     0.45D-07     0.44D-07     7     0       0.00      0.02    fixocc
   9      -26.40113392      -0.00000000     0.34D-08     0.23D-08     0     0       0.00      0.02    diag

 Final occupancy:   3   1   0   0

 !RHF STATE 1.1 Energy                -26.401133916988
  RHF One-electron energy             -49.046367528578
  RHF Two-electron energy              15.204449737513
  RHF Kinetic energy                   26.389856137046
  RHF Nuclear energy                    7.440783874077
  RHF Virial quotient                  -1.000427352839

 !RHF STATE 1.1 Dipole moment           0.00000000    -0.00002116     0.00000000
 Dipole moment /Debye                   0.00000000    -0.00005379     0.00000000

 Orbital energies:

           1.1          2.1          3.1          4.1          5.1
     -7.614394    -0.705557    -0.499387     0.255838     0.258463

           1.2          2.2          3.2
     -0.499395     0.255831     0.346282

           1.3          2.3
      0.063107     0.414832

           1.4          2.4
      0.446702     1.090842


 HOMO      3.1    -0.499387 =     -13.5890eV
 LUMO      1.3     0.063107 =       1.7172eV
 LUMO-HOMO         0.562494 =      15.3063eV

 Orbitals saved in record  2100.2


 **********************************************************************************************************************************
 DATASETS  * FILE   NREC   LENGTH (MB)   RECORD NAMES
              1      18       28.93       500      610      700      900      950      970     1000      129      960     1100   
                                          VAR    BASINP    GEOM    SYMINP    ZMAT    AOBASIS   BASIS     P2S    ABASIS      S 
                                         1400     1410     1200     1210     1080     1600     1650     1700   
                                           T        V       H0       H01     AOSYM     SMH    MOLCAS    OPER   

              2       4        0.44       700     1000      520     2100   
                                         GEOM     BASIS   MCVARS     RHF  

 PROGRAMS   *        TOTAL    HF-SCF       INT
 CPU TIMES  *         0.83      0.05      0.64
 REAL TIME  *         1.98 SEC
 DISK USED  *        29.53 MB (local),      275.78 MB (total)
 GA USED    *         0.00 MB       (max)       0.00 MB       (current)
 **********************************************************************************************************************************


 PROGRAM * MP2 (Closed-shell)     Authors: C. Hampel, H.-J. Werner, 1991, M. Deegan, P.J. Knowles, 1992


 Convergence thresholds:  THRVAR = 1.00D-16  THRDEN = 1.00D-12

 Number of core orbitals:           1 (   1   0   0   0 )
 Number of closed-shell orbitals:   3 (   2   1   0   0 )
 Number of external orbitals:      68 (  27  19  14   8 )

 Molecular orbitals read from record     2100.2  Type=RHF/CANONICAL  

 Number of N-1 electron functions:               3
 Number of N-2 electron functions:               6
 Number of singly external CSFs:                73
 Number of doubly external CSFs:              5977
 Total number of CSFs:                        6051

 Length of J-op  integral file:               0.00 MB
 Length of K-op  integral file:               0.11 MB

 Integral transformation finished. Total CPU:   0.00 sec, npass=  1  Memory used:   0.09 MW

 Memory needed for MP2:                      0.01 MW

 SCS-MP2 correlation energy:           -0.127721033709   (PS=  1.200000  PT=  0.333333)
 SCS-MP2 total energy:                -26.528854950698


  Reference energy                    -26.401133916988
  MP2 singlet pair energy              -0.097488234963
  MP2 triplet pair energy              -0.017252922461
  MP2 correlation energy               -0.114741157424

 !MP2 total energy                    -26.515875074412

 KEXT needed  1 integral passes. Memory used:   0.08 MW  CPU time:      0.00 sec

 CPHF start vector      0.2 not found

 Starting Coupled-perturbed Hartree-Fock, convergence threshold= 1.0D-06

 ITER   MIC  DIIS      VAR         VARC       CPU
   1     0     1    0.97D-02    0.84D-03     0.00
   2     4     2    0.21D-03    0.63D-04     0.00
   3     3     3    0.15D-05    0.62D-06     0.00
   4     1     4    0.37D-06    0.23D-07     0.00

 CPHF convergence reached in  4 macroiterations and    8 microiterations.   Accuracy: 3.7403D-07

 CPHF solution written to record  4100.2

 Dipole moments (unrelaxed):            0.00000000    -0.00002090     0.00000000
 Orbital relaxation contribution:      -0.00000000     0.00000268    -0.00000000
 !MP2 STATE 1.1 Dipole moment           0.00000000    -0.00001822     0.00000000
 Dipole moment /Debye                   0.00000000    -0.00004632     0.00000000

 CPU-time for density and lagrangian:                  0.00 sec
 CPU-time for coupled-perturbed hartree-fock:          0.00 sec

 MP2 gradient info saved on record         5200.1


 **********************************************************************************************************************************
 DATASETS  * FILE   NREC   LENGTH (MB)   RECORD NAMES
              1      20       29.16       500      610      700      900      950      970     1000      129      960     1100   
                                          VAR    BASINP    GEOM    SYMINP    ZMAT    AOBASIS   BASIS     P2S    ABASIS      S 
                                         1400     1410     1200     1210     1080     1600     1650     1700     1380     5200   
                                           T        V       H0       H01     AOSYM     SMH    MOLCAS    OPER     JKOP      MP2  

              2       5        0.51       700     1000      520     2100     4100   
                                         GEOM     BASIS   MCVARS     RHF     CPHF   

 PROGRAMS   *        TOTAL       MP2    HF-SCF       INT
 CPU TIMES  *         0.92      0.10      0.05      0.64
 REAL TIME  *         2.08 SEC
 DISK USED  *        29.73 MB (local),      277.39 MB (total)
 SF USED    *         0.54 MB
 GA USED    *         0.00 MB       (max)       0.00 MB       (current)
 **********************************************************************************************************************************


 PROGRAM * HESSIAN

 *** Long output written to logfile /gpfs01/work/emmanous/6Frequencies/implementation/MOLPRO/G4-Tano-v1/EXAMPLE_BH3/bh3.MP2.anopVTZ.log ***


 Computing numerical hessian using default procedure for command MP2

 Symmetry elements for unique displacements: X  Z  

 Using AUTO symmetry option

 Running default procedure: HF-SCF000  MP2


 Numerically approximating hessian using central gradient differences

 Task list generated. Total number of displacements:     13

 All  13 tasks completed.  CPU=     35.08 sec, Elapsed=     35.17 sec.

 MP2 hessian saved to record  5300.2

 PROGRAM * FREQUENCIES (Calculation of harmonic vibrational spectra for MP2)


 Permanent Dipole Moment [debye]
   1-  3    0.000000   -0.000046    0.000000

 Dipole Moment Norm    0.0000463 [debye]

 Dipole Moment Derivatives [debye/ang]
              1             2             3             4             5             6             7             8
    1    2.52934532    0.00000000    0.00000000   -0.46626584    0.00000000    0.00000000   -1.03163859    0.32644396
    2    0.00000000    2.52944334    0.00000000    0.00000000   -1.22016129    0.00000000    0.32642472   -0.65474473
    3    0.00000000    0.00000000    2.24831147    0.00000000    0.00000000   -0.74945779    0.00000000    0.00000000
              9            10            11            12
    1    0.00000000   -1.03163859   -0.32644396    0.00000000
    2    0.00000000   -0.32642472   -0.65474473    0.00000000
    3   -0.74944590    0.00000000    0.00000000   -0.74944590

 Force Constants (Second Derivatives of the Energy) in [a.u.]
                             BX1         BY1         BZ1         HX2         HY2     
           BX1           0.4283889
           BY1           0.0000000   0.4283359
           BZ1           0.0000000   0.0000000   0.1247431
           HX2          -0.0429399   0.0000000   0.0000000   0.0352108
           HY2           0.0000000  -0.2426223   0.0000000   0.0000000   0.2538831
           HZ2           0.0000000   0.0000000  -0.0415854   0.0000000   0.0000000
           HX3          -0.1927222   0.0864802   0.0000000   0.0038648  -0.0014329
           HY3           0.0864810  -0.0928543   0.0000000   0.0178818  -0.0056326
           HZ3           0.0000000   0.0000000  -0.0415795   0.0000000   0.0000000
           HX4          -0.1927222  -0.0864802   0.0000000   0.0038648   0.0014329
           HY4          -0.0864810  -0.0928543   0.0000000  -0.0178818  -0.0056326
           HZ4           0.0000000   0.0000000  -0.0415795   0.0000000   0.0000000
                             HZ2         HX3         HY3         HZ3         HX4     
           HZ2           0.0141121
           HX3           0.0000000   0.1992356
           HY3           0.0000000  -0.0947029   0.0898732
           HZ3           0.0137369   0.0000000   0.0000000   0.0141057
           HX4           0.0000000  -0.0103808  -0.0096576   0.0000000   0.1992356
           HY4           0.0000000   0.0096576   0.0086134   0.0000000   0.0947029
           HZ4           0.0137369   0.0000000   0.0000000   0.0137373  -0.0000000
                             HY4         HZ4     
           HY4           0.0898732
           HZ4           0.0000000   0.0141057


 Atomic Masses
   1-  4   11.009310    1.007825    1.007825    1.007825

 Mass weighted Second Derivative Matrix
                             BX1         BY1         BZ1         HX2         HY2     
           BX1           0.0389115
           BY1           0.0000000   0.0389067
           BZ1           0.0000000   0.0000000   0.0113307
           HX2          -0.0128911   0.0000000   0.0000000   0.0349374
           HY2           0.0000000  -0.0728380   0.0000000   0.0000000   0.2519119
           HZ2           0.0000000   0.0000000  -0.0124844   0.0000000   0.0000000
           HX3          -0.0578574   0.0259624   0.0000000   0.0038348  -0.0014218
           HY3           0.0259626  -0.0278759   0.0000000   0.0177430  -0.0055888
           HZ3           0.0000000   0.0000000  -0.0124826   0.0000000   0.0000000
           HX4          -0.0578574  -0.0259624   0.0000000   0.0038348   0.0014218
           HY4          -0.0259626  -0.0278759   0.0000000  -0.0177430  -0.0055888
           HZ4           0.0000000   0.0000000  -0.0124826   0.0000000   0.0000000
                             HZ2         HX3         HY3         HZ3         HX4     
           HZ2           0.0140025
           HX3           0.0000000   0.1976887
           HY3           0.0000000  -0.0939676   0.0891754
           HZ3           0.0136302   0.0000000   0.0000000   0.0139962
           HX4           0.0000000  -0.0103002  -0.0095826   0.0000000   0.1976887
           HY4           0.0000000   0.0095826   0.0085465   0.0000000   0.0939676
           HZ4           0.0136302   0.0000000   0.0000000   0.0136307  -0.0000000
                             HY4         HZ4     
           HY4           0.0891754
           HZ4           0.0000000   0.0139962


 Mass Weighted 2nd Derivative Matrix Eigenvalues
   1- 10    0.000000    0.000000    0.000000    0.000362    0.000366    0.000370    0.052590    0.058450    0.058459    0.255056
  11- 12    0.283023    0.283045

 Mass Weighted 2nd Derivative Matrix Eigenvectors
              1             2             3             4             5             6             7             8
    1    0.88574356    0.00000010   -0.00000006   -0.00032921    0.00000000    0.00000000    0.00000000    0.00000000
    2   -0.00000010    0.88574342   -0.00000195    0.00000000    0.00000000    0.00000000    0.00000000   -0.31351101
    3    0.00000006    0.00000195    0.88574580    0.00000000    0.00000000    0.00002897   -0.46417062    0.00000000
    4    0.26822220    0.00000003   -0.00000002    0.57715842    0.00000000    0.00000000    0.00000000    0.00000000
    5   -0.00000003    0.26799560   -0.00000059    0.00000000    0.00000000    0.00000000    0.00000000   -0.08036084
    6    0.00000002    0.00000059    0.26798786    0.00000000    0.00000000    0.81646645    0.51143431    0.00000000
    7    0.26787601   -0.00000304   -0.00000002   -0.28879333    0.00000000    0.00000000    0.00000000    0.36870726
    8   -0.00020652    0.26798970   -0.00000059   -0.50004244    0.00000000    0.00000000    0.00000000    0.55828438
    9    0.00000002    0.00000059    0.26798962    0.00000000    0.70710678   -0.40827842    0.51136121    0.00000000
   10    0.26787601    0.00000310   -0.00000002   -0.28879333    0.00000000    0.00000000    0.00000000   -0.36870726
   11    0.00020645    0.26798970   -0.00000059    0.50004244    0.00000000    0.00000000    0.00000000    0.55828438
   12    0.00000002    0.00000059    0.26798962    0.00000000   -0.70710678   -0.40827842    0.51136121    0.00000000
              9            10            11            12
    1   -0.31350017    0.00000000    0.00000000   -0.34230962
    2    0.00000000   -0.00016514   -0.34230019    0.00000000
    3    0.00000000    0.00000000    0.00000000    0.00000000
    4    0.77122009    0.00000000    0.00000000   -0.01282918
    5    0.00000000    0.57770797    0.76679462    0.00000000
    6    0.00000000    0.00000000    0.00000000    0.00000000
    7    0.13247671    0.49984730   -0.33794620    0.57209333
    8    0.36867131   -0.28858172    0.18226537   -0.33769659
    9    0.00000000    0.00000000    0.00000000    0.00000000
   10    0.13247671   -0.49984730    0.33794620    0.57209333
   11   -0.36867131   -0.28858172    0.18226537    0.33769659
   12    0.00000000    0.00000000    0.00000000    0.00000000

 Imaginary Vibration  Wavenumber
        Nr             [1/cm] 
        1                0.04
        2                0.01
        3                0.01

     Vibration        Wavenumber
        Nr             [1/cm] 
        1               97.87
        2               98.28
        3               98.92
        4             1178.84
        5             1242.79
        6             1242.88
        7             2596.10
        8             2734.74
        9             2734.84

 FREQUENCIES * CALCULATION OF NORMAL MODES FOR MP2


 Atomic Coordinates

  Nr  Atom  Charge       X              Y              Z

   1   B     5.00    0.000000000   -0.000020285    0.000000000
   2   H     1.00    0.000000000    2.248718313    0.000000000
   3   H     1.00    1.947412037   -1.124349014    0.000000000
   4   H     1.00   -1.947412037   -1.124349014    0.000000000

 Normal Modes

                              1 B2        2 A2        3 B1        4 B1        5 A1 
 Wavenumbers [cm-1]           97.87       98.28       98.92     1178.84     1242.79
 Intensities [km/mol]          0.00        0.00        0.00       90.05       16.76
 Intensities [relative]        0.00        0.00        0.00       78.24       14.56
           BX1             -0.00010    -0.00000     0.00000     0.00000    -0.00000
           BY1             -0.00000     0.00000    -0.00000    -0.00000    -0.09449
           BZ1              0.00000    -0.00000     0.00001    -0.13989    -0.00000
           HX2              0.57491     0.00000     0.00000    -0.00000     0.00000
           HY2             -0.00000     0.00000    -0.00000     0.00000    -0.08005
           HZ2             -0.00000    -0.00000     0.81329     0.50944     0.00000
           HX3             -0.28767    -0.00000    -0.00000    -0.00000     0.36727
           HY3             -0.49810     0.00000    -0.00000    -0.00000     0.55611
           HZ3              0.00000     0.70436    -0.40669     0.50937     0.00000
           HX4             -0.28767     0.00000    -0.00000     0.00000    -0.36727
           HY4              0.49810     0.00000     0.00000    -0.00000     0.55611
           HZ4              0.00000    -0.70436    -0.40669     0.50937     0.00000

                              6 B2        7 Err       8 Err       9 Err
 Wavenumbers [cm-1]         1242.88     2596.10     2734.74     2734.84
 Intensities [km/mol]         16.75        0.00      115.10      115.10
 Intensities [relative]       14.56        0.00      100.00      100.00
           BX1             -0.09448     0.00000    -0.00000    -0.10317
           BY1              0.00000    -0.00005    -0.10316     0.00000
           BZ1             -0.00000    -0.00000     0.00000    -0.00000
           HX2              0.76822     0.00000    -0.00000    -0.01278
           HY2              0.00000     0.57546     0.76381    -0.00000
           HZ2              0.00000     0.00000     0.00000    -0.00000
           HX3              0.13196     0.49790    -0.33663     0.56987
           HY3              0.36724    -0.28746     0.18156    -0.33638
           HZ3              0.00000     0.00000     0.00000    -0.00000
           HX4              0.13196    -0.49790     0.33663     0.56987
           HY4             -0.36724    -0.28746     0.18156     0.33638
           HZ4              0.00000     0.00000     0.00000    -0.00000


 Normal Modes of imaginary frequencies

                                  1           2           3
 Wavenumbers [cm-1]            0.04        0.01        0.01
 Intensities [km/mol]          0.00        0.00        0.00
 Intensities [relative]        0.00        0.00        0.00
           BX1              0.26695     0.00000    -0.00000
           BY1             -0.00000     0.26695    -0.00000
           BZ1              0.00000     0.00000     0.26695
           HX2              0.26718     0.00000    -0.00000
           HY2             -0.00000     0.26695    -0.00000
           HZ2              0.00000     0.00000     0.26695
           HX3              0.26683    -0.00000    -0.00000
           HY3             -0.00021     0.26695    -0.00000
           HZ3              0.00000     0.00000     0.26695
           HX4              0.26683     0.00000    -0.00000
           HY4              0.00021     0.26695    -0.00000
           HZ4              0.00000     0.00000     0.26695


 Normal Modes of low/zero frequencies


 Wavenumbers [cm-1]
 Intensities [km/mol]
 Intensities [relative]
           BX1     
           BY1     
           BZ1     
           HX2     
           HY2     
           HZ2     
           HX3     
           HY3     
           HZ3     
           HX4     
           HY4     
           HZ4     


 Frequencies dumped to record   5400.2

 Zero point energy:  0.02739555 [H]     6012.63 [1/CM]       71.93 [KJ/MOL]
 Frequency information read from record  5400.2

 Recomputing wavefunction at initial geometry


 **********************************************************************************************************************************
 DATASETS  * FILE   NREC   LENGTH (MB)   RECORD NAMES
              1      20       29.16       500      610      700      900      950      970     1000      129      960     1100   
                                          VAR    BASINP    GEOM    SYMINP    ZMAT    AOBASIS   BASIS     P2S    ABASIS      S 
                                         1400     1410     1200     1210     1080     1600     1650     1700     1380     5200   
                                           T        V       H0       H01     AOSYM     SMH    MOLCAS    OPER     JKOP      MP2  

              2       8        0.54       700     1000      520     2100     4100     5300     5450     5400   
                                         GEOM     BASIS   MCVARS     RHF     CPHF     HESS     NMOD     FREQ   

 PROGRAMS   *        TOTAL      FREQ       MP2    HF-SCF       INT
 CPU TIMES  *        36.04     35.12      0.10      0.05      0.64
 REAL TIME  *        39.64 SEC
 DISK USED  *        67.09 MB (local),      588.10 MB (total)
 SF USED    *         0.54 MB
 GA USED    *         0.00 MB       (max)       0.00 MB       (current)
 **********************************************************************************************************************************

 MP2/USERDEF energy=    -26.515875074263

             MP2          HF-SCF
    -26.51587507    -26.40113392
 **********************************************************************************************************************************
 Molpro calculation terminated
