 Cartesian Coordinates are in [bohr]
 Creating new Variables:
 BX1               0.00000000
 BY1              -0.00002029
 BZ1               0.00000000
 HX2               0.00000000
 HY2               2.24871831
 HZ2               0.00000000
 HX3               1.94741204
 HY3              -1.12434901
 HZ3               0.00000000
 HX4              -1.94741204
 HY4              -1.12434901
 HZ4               0.00000000
 Task   1   Incrementing variable BX1   by    0.010 BOH (Skipping negative increment due to symmetry).
 Task   2   Incrementing variable BY1   by    0.010 BOH
 Task   3   Incrementing variable BY1   by   -0.010 BOH
 Task   4   Incrementing variable BZ1   by    0.010 BOH (Skipping negative increment due to symmetry).
 Task   5   Incrementing variable HX2   by    0.010 BOH (Skipping negative increment due to symmetry).
 Task   6   Incrementing variable HY2   by    0.010 BOH
 Task   7   Incrementing variable HY2   by   -0.010 BOH
 Task   8   Incrementing variable HZ2   by    0.010 BOH (Skipping negative increment due to symmetry).
 Task   9   Incrementing variable HX3   by    0.010 BOH
 Task  10   Incrementing variable HX3   by   -0.010 BOH
 Task  11   Incrementing variable HY3   by    0.010 BOH
 Task  12   Incrementing variable HY3   by   -0.010 BOH
 Task  13   Incrementing variable HZ3   by    0.010 BOH (Skipping negative increment due to symmetry).

 Switching to mppx mode, nproc=  8

 Starting task   1.  CPU=     0.01 sec, Elapsed=     0.01 sec
 Incrementing variable BX1              by  0.010000 BOH   to    0.010000 BOH


 Using spherical harmonics



 PROGRAM * SEWARD (Integral evaluation for generally contracted gaussian basis sets)     Author: Roland Lindh, 1990

 Geometry written to block  1 of record 702


 Point group  Cs  



 ATOMIC COORDINATES

 NR  ATOM    CHARGE       X              Y              Z

   1  B       5.00    0.010000000   -0.000020285    0.000000000
   2  H       1.00    0.000000000    2.248718313    0.000000000
   3  H       1.00    1.947412037   -1.124349014    0.000000000
   4  H       1.00   -1.947412037   -1.124349014    0.000000000

 Bond lengths in Bohr (Angstrom)

 1-2  2.248760833  1-3  2.240017967  1-4  2.257338471
     ( 1.189992986)     ( 1.185366460)     ( 1.194532076)

 Bond angles

  2-1-3  120.38245600   2-1-4  119.61807800   3-1-4  119.99946600

 NUCLEAR CHARGE:                    8
 NUMBER OF PRIMITIVE AOS:         266
 NUMBER OF SYMMETRY AOS:          237
 NUMBER OF CONTRACTIONS:           72   (   50A'  +   22A"  )
 NUMBER OF INNER CORE ORBITALS:     0   (    0A'  +    0A"  )
 NUMBER OF OUTER CORE ORBITALS:     1   (    1A'  +    0A"  )
 NUMBER OF VALENCE ORBITALS:        7   (    6A'  +    1A"  )

 SYMMETRY CHANGED: INITIALIZING OCCUPATION


 NUCLEAR REPULSION ENERGY    7.44081686

 Eigenvalues of metric

         1 0.535E-03 0.539E-03 0.546E-03 0.168E-01 0.255E-01 0.255E-01 0.341E-01 0.457E-01
         2 0.315E-01 0.362E-01 0.369E-01 0.339E+00 0.339E+00 0.459E+00 0.464E+00 0.528E+00


 Contracted 2-electron integrals neglected if value below      1.0D-18
 AO integral compression algorithm  1   Integral accuracy      1.0D-18

     17.564 MB (compressed) written to integral file (100.0%)


 NUMBER OF SORTED TWO-ELECTRON INTEGRALS:    1813306.     BUFFER LENGTH:  32768
 NUMBER OF SEGMENTS:   1  SEGMENT LENGTH:    1813306      RECORD LENGTH: 524288

 Memory used in sort:       2.37 MW

 SORT1 READ     2164277. AND WROTE     1743408. INTEGRALS IN      5 RECORDS. CPU TIME:     0.02 SEC, REAL TIME:     0.03 SEC
 SORT2 READ     1743408. AND WROTE     1813306. INTEGRALS IN     67 RECORDS. CPU TIME:     0.04 SEC, REAL TIME:     0.06 SEC

 FILE SIZES:   FILE 1:    48.2 MBYTE,  FILE 4:    21.0 MBYTE,   TOTAL:     69.2 MBYTE

 OPERATOR DM      FOR CENTER  0  COORDINATES:    0.000000    0.000000    0.000000

 Program * Restricted Hartree-Fock

 Molecular orbitals read from record     2100.2  Type=RHF/CANONICAL  

 Present basis size:       50   22
 Previous basis size:      30   20   14    8
 Previous occupation:       3    1    0    0
 Previous closed-shells:    3    1    0    0
 Previous core-orbitals:    1    0    0    0
 Present occupation:        4    0
 Present closed-shells:     4    0
 Present core-orbitals:     1    0
 Wavefunction symmetry:    1   Singlet 

 Orbital overlap <old|new>:  < 1.1| 1.1> = 0.999763   < 2.1| 2.1> = 0.999990   < 3.1| 3.1> = 1.000000   < 1.2| 4.1> = 1.000000


 NELEC=    8   SYM=1   MS2= 0   THRE=1.0D-12   THRD=1.0D-07   THRG=1.0D-07  HFMA2=F  DIIS_START=2   DIIS_MAX=10   DIIS_INCORE=F

 Level shifts:    0.00 (CLOSED)    0.00 (OPEN)    0.30 (GAP_MIN)

 ITER           ETOT              DE          GRAD        DDIFF     DIIS  NEXP   TIME(IT)  TIME(TOT)  DIAG
   1      -26.39638465     -26.39638465     0.00D+00     0.69D-01     0     0       0.01      0.01    start
   2      -26.40106183      -0.00467717     0.11D-01     0.83D-02     1     0       0.01      0.02    diag
   3      -26.40111092      -0.00004910     0.89D-03     0.35D-03     2     0       0.00      0.02    diag
   4      -26.40111212      -0.00000120     0.78D-04     0.26D-04     3     0       0.01      0.03    diag
   5      -26.40111218      -0.00000006     0.11D-04     0.73D-05     4     0       0.00      0.03    diag
   6      -26.40111218      -0.00000000     0.13D-05     0.12D-05     5     0       0.01      0.04    diag
   7      -26.40111218      -0.00000000     0.19D-06     0.19D-06     6     0       0.01      0.05    diag
   8      -26.40111218      -0.00000000     0.28D-07     0.22D-07     7     0       0.00      0.05    fixocc
   9      -26.40111218       0.00000000     0.56D-08     0.33D-08     0     0       0.01      0.06    diag

 Final occupancy:   4   0

 !RHF STATE 1.1 Energy                -26.401112178230
  RHF One-electron energy             -49.046375606547
  RHF Two-electron energy              15.204446571349
  RHF Kinetic energy                   26.389893840440
  RHF Nuclear energy                    7.440816856968
  RHF Virial quotient                  -1.000425099770

 !RHF STATE 1.1 Dipole moment           0.00606960    -0.00000242     0.00000000
 Dipole moment /Debye                   0.01542739    -0.00000615     0.00000000

 Orbital energies:

           1.1          2.1          3.1          4.1          5.1          6.1
     -7.614398    -0.705565    -0.500752    -0.498027     0.255099     0.256289

           1.2          2.2
      0.063106     0.414829


 HOMO      4.1    -0.498027 =     -13.5520eV
 LUMO      1.2     0.063106 =       1.7172eV
 LUMO-HOMO         0.561133 =      15.2692eV

 Orbitals saved in record  2101.1


 **********************************************************************************************************************************
 DATASETS  * FILE   NREC   LENGTH (MB)   RECORD NAMES
              1      21       43.11       500      610      700      702      900      950      970     1001      129      960   
                                          VAR    BASINP    GEOM     GEOM    SYMINP    ZMAT    AOBASIS   BASIS     P2S    ABASIS    
                                         1100     1400     1410     1200     1210     1080     1600     1650     1300     1700   
                                           S        T        V       H0       H01     AOSYM     SMH    MOLCAS    ERIS     OPER   
                                         2101   
                                          RHF  

              2       9        1.02       700     1000      520     2100     4100      701     5500      702     1001   
                                         GEOM     BASIS   MCVARS     RHF     CPHF     GEOM     HINFO    GEOM     BASIS   

 PROGRAMS   *        TOTAL    HF-SCF       MP2    HF-SCF       INT
 CPU TIMES  *         4.71      3.78      0.10      0.05      0.64
 REAL TIME  *         6.20 SEC
 DISK USED  *        67.09 MB
 SF USED    *         0.54 MB
 **********************************************************************************************************************************


 PROGRAM * MP2 (Closed-shell)     Authors: C. Hampel, H.-J. Werner, 1991, M. Deegan, P.J. Knowles, 1992


 Convergence thresholds:  THRVAR = 1.00D-16  THRDEN = 1.00D-12

 Number of core orbitals:           1 (   1   0 )
 Number of closed-shell orbitals:   3 (   3   0 )
 Number of external orbitals:      68 (  46  22 )

 Molecular orbitals read from record     2101.1  Type=RHF/CANONICAL (state 1.1)

 Number of N-1 electron functions:               3
 Number of N-2 electron functions:               6
 Number of singly external CSFs:               138
 Number of doubly external CSFs:             11802
 Total number of CSFs:                       11941

 Length of J-op  integral file:               0.00 MB
 Length of K-op  integral file:               0.24 MB

 Integral transformation finished. Total CPU:   0.01 sec, npass=  1  Memory used:   0.13 MW

 Memory needed for MP2:                      0.01 MW

 SCS-MP2 correlation energy:           -0.127721393425   (PS=  1.200000  PT=  0.333333)
 SCS-MP2 total energy:                -26.528833571655


  Reference energy                    -26.401112178230
  MP2 singlet pair energy              -0.097488513612
  MP2 triplet pair energy              -0.017252963182
  MP2 correlation energy               -0.114741476793

 !MP2 total energy                    -26.515853655023

 KEXT needed  1 integral passes. Memory used:   0.14 MW  CPU time:      0.01 sec


 CPHF trial vector read from record  4100.2

 Starting Coupled-perturbed Hartree-Fock, convergence threshold= 1.0D-06

 ITER   MIC  DIIS      VAR         VARC       CPU
   1     0     1    0.52D-02    0.56D-04     0.00
   2     4     2    0.16D-04    0.15D-04     0.01
   3     1     3    0.24D-05    0.34D-06     0.01
   4     1     4    0.17D-06    0.17D-07     0.02

 CPHF convergence reached in  4 macroiterations and    6 microiterations.   Accuracy: 1.7206D-07

 Dipole moments (unrelaxed):            0.00598205    -0.00000244     0.00000000
 Orbital relaxation contribution:      -0.00071609    -0.00000011    -0.00000000
 !MP2 STATE 1.1 Dipole moment           0.00526595    -0.00000255     0.00000000
 Dipole moment /Debye                   0.01338472    -0.00000649     0.00000000

 CPU-time for density and lagrangian:                  0.01 sec
 CPU-time for coupled-perturbed hartree-fock:          0.02 sec

 MP2 gradient info saved on record         5200.1


 **********************************************************************************************************************************
 DATASETS  * FILE   NREC   LENGTH (MB)   RECORD NAMES
              1      23       43.58       500      610      700      702      900      950      970     1001      129      960   
                                          VAR    BASINP    GEOM     GEOM    SYMINP    ZMAT    AOBASIS   BASIS     P2S    ABASIS    
                                         1100     1400     1410     1200     1210     1080     1600     1650     1300     1700   
                                           S        T        V       H0       H01     AOSYM     SMH    MOLCAS    ERIS     OPER   
                                         2101     1380     5200   
                                          RHF     JKOP      MP2  

              2       9        1.02       700     1000      520     2100     4100      701     5500      702     1001   
                                         GEOM     BASIS   MCVARS     RHF     CPHF     GEOM     HINFO    GEOM     BASIS   

 PROGRAMS   *        TOTAL       MP2       MP2    HF-SCF       INT
 CPU TIMES  *         4.84      0.13      0.10      0.05      0.64
 REAL TIME  *         6.35 SEC
 DISK USED  *        67.09 MB
 SF USED    *         0.54 MB
 **********************************************************************************************************************************

 PROGRAM * ALASKA (Gradient of the energy)     Author: R. Lindh


 MP2      Gradient info restored from record    5200.1

 Number of core orbitals:           1 (   1   0 )
 Number of closed-shell orbitals:   3 (   3   0 )
 Number of external orbitals:      68 (  46  22 )

 Integral thresholds in T2TRAN:            1.0D-10 (PROD)

 Available memory for Transformation:1497487885 words
 Memory needed for incore algorithm:      43166 words
 Minimum memory needed:                   23294 words

 Memory used for transformation:           0.04 MW
 Available memory for gradients:        1499.44 MW

 CPU for transformation:                   0.01 sec
 CPU for integrals and gradient:          15.58 sec
 Total CPU:                               15.59 sec

 Prescreening statistics:
 ========================

 Total number of shell quadruplets:        4.19D+03
 Number of shell quadruplets processed:    4.19D+03 (100.00%)

 MP2 GRADIENT FOR STATE 1.1

 Atom          dE/dx               dE/dy               dE/dz

   1         0.004283889        -0.000052436         0.000000000
   2        -0.000429418         0.000844394         0.000000000
   3        -0.001233779         0.000468904         0.000000000
   4        -0.002620692        -0.001260863         0.000000000

 Nuclear force contribution to virial =         0.005532973

 Tasks on processor    0 finished.  CPU=     20.18 sec, Elapsed=     20.23 sec. Waiting for other processors...

 Switching back to mpp mode, nproc=  8


 Recomputing wavefunction at initial geometry


 Using spherical harmonics



 PROGRAM * SEWARD (Integral evaluation for generally contracted gaussian basis sets)     Author: Roland Lindh, 1990

 Geometry written to block  1 of record 700


 Point group  C2v 



 ATOMIC COORDINATES

 NR  ATOM    CHARGE       X              Y              Z

   1  B       5.00    0.000000000   -0.000020285    0.000000000
   2  H       1.00    0.000000000    2.248718313    0.000000000
   3  H       1.00    1.947412037   -1.124349014    0.000000000
   4  H       1.00   -1.947412037   -1.124349014    0.000000000

 Bond lengths in Bohr (Angstrom)

 1-2  2.248738598  1-3  2.248672660  1-4  2.248672660
     ( 1.189981220)     ( 1.189946326)     ( 1.189946326)

 Bond angles

  2-1-3  119.99977635   2-1-4  119.99977635   3-1-4  120.00044730

 NUCLEAR CHARGE:                    8
 NUMBER OF PRIMITIVE AOS:         266
 NUMBER OF SYMMETRY AOS:          237
 NUMBER OF CONTRACTIONS:           72   (   30A1  +   20B1  +   14B2  +    8A2  )
 NUMBER OF INNER CORE ORBITALS:     0   (    0A1  +    0B1  +    0B2  +    0A2  )
 NUMBER OF OUTER CORE ORBITALS:     1   (    1A1  +    0B1  +    0B2  +    0A2  )
 NUMBER OF VALENCE ORBITALS:        7   (    4A1  +    2B1  +    1B2  +    0A2  )


 NUCLEAR REPULSION ENERGY    7.44078387

 Eigenvalues of metric

         1 0.538E-03 0.541E-03 0.255E-01 0.341E-01 0.458E-01 0.479E-01 0.964E-01 0.344E+00
         2 0.541E-03 0.168E-01 0.255E-01 0.479E-01 0.964E-01 0.344E+00 0.488E+00 0.554E+00
         3 0.316E-01 0.365E-01 0.339E+00 0.461E+00 0.528E+00 0.673E+00 0.956E+00 0.100E+01
         4 0.365E-01 0.339E+00 0.461E+00 0.923E+00 0.956E+00 0.150E+01 0.173E+01 0.181E+01


 Contracted 2-electron integrals neglected if value below      1.0D-18
 AO integral compression algorithm  1   Integral accuracy      1.0D-18

     11.010 MB (compressed) written to integral file (100.0%)

     Node minimum: 1.049 MB, node maximum: 1.573 MB


 NUMBER OF SORTED TWO-ELECTRON INTEGRALS:     114459.     BUFFER LENGTH:  32768
 NUMBER OF SEGMENTS:   1  SEGMENT LENGTH:     114459      RECORD LENGTH: 524288

 Memory used in sort:       0.67 MW

 SORT1 READ     1221234. AND WROTE      111453. INTEGRALS IN      1 RECORDS. CPU TIME:     0.03 SEC, REAL TIME:     0.03 SEC
 SORT2 READ      900055. AND WROTE      928146. INTEGRALS IN     40 RECORDS. CPU TIME:     0.00 SEC, REAL TIME:     0.01 SEC

 Node minimum:      114156.  Node maximum:      120324. integrals

 OPERATOR DM      FOR CENTER  0  COORDINATES:    0.000000    0.000000    0.000000

 Program * Restricted Hartree-Fock

 Molecular orbitals read from record     2100.2  Type=RHF/CANONICAL  

 NELEC=    8   SYM=1   MS2= 0   THRE=1.0D-12   THRD=1.0D-06   THRG=1.0D-06  HFMA2=F  DIIS_START=2   DIIS_MAX=10   DIIS_INCORE=F

 Level shifts:    0.00 (CLOSED)    0.00 (OPEN)    0.30 (GAP_MIN)

 ITER           ETOT              DE          GRAD        DDIFF     DIIS  NEXP   TIME(IT)  TIME(TOT)  DIAG
   1      -26.40113392     -26.40113392     0.00D+00     0.94D-01     0     0       0.00      0.00    start
   2      -26.40113392       0.00000000     0.82D-09     0.57D-09     1     0       0.00      0.00    diag

 Final occupancy:   3   1   0   0

 !RHF STATE 1.1 Energy                -26.401133916989
  RHF One-electron energy             -49.046367525195
  RHF Two-electron energy              15.204449734130
  RHF Kinetic energy                   26.389856141766
  RHF Nuclear energy                    7.440783874077
  RHF Virial quotient                  -1.000427352660

 !RHF STATE 1.1 Dipole moment           0.00000000    -0.00002116     0.00000000
 Dipole moment /Debye                   0.00000000    -0.00005379     0.00000000

 Orbital energies:

           1.1          2.1          3.1          4.1          5.1
     -7.614394    -0.705557    -0.499387     0.255838     0.258463

           1.2          2.2          3.2
     -0.499395     0.255831     0.346282

           1.3          2.3
      0.063107     0.414832

           1.4          2.4
      0.446702     1.090842


 HOMO      3.1    -0.499387 =     -13.5890eV
 LUMO      1.3     0.063107 =       1.7172eV
 LUMO-HOMO         0.562494 =      15.3063eV

 Orbitals saved in record  2100.2


 **********************************************************************************************************************************
 DATASETS  * FILE   NREC   LENGTH (MB)   RECORD NAMES
              1      18       28.93       500      610      700      900      950      970     1000      129      960     1100   
                                          VAR    BASINP    GEOM    SYMINP    ZMAT    AOBASIS   BASIS     P2S    ABASIS      S 
                                         1400     1410     1200     1210     1080     1600     1650     1700   
                                           T        V       H0       H01     AOSYM     SMH    MOLCAS    OPER   

              2       8        0.54       700     1000      520     2100     4100     5300     5450     5400   
                                         GEOM     BASIS   MCVARS     RHF     CPHF     HESS     NMOD     FREQ   

 PROGRAMS   *        TOTAL    HF-SCF       MP2    HF-SCF       INT
 CPU TIMES  *        35.94      0.79      0.10      0.05      0.64
 REAL TIME  *        39.51 SEC
 DISK USED  *        67.09 MB (local),      588.10 MB (total)
 SF USED    *         0.54 MB
 GA USED    *         0.00 MB       (max)       0.00 MB       (current)
 **********************************************************************************************************************************


 PROGRAM * MP2 (Closed-shell)     Authors: C. Hampel, H.-J. Werner, 1991, M. Deegan, P.J. Knowles, 1992


 Convergence thresholds:  THRVAR = 1.00D-16  THRDEN = 1.00D-12

 Number of core orbitals:           1 (   1   0   0   0 )
 Number of closed-shell orbitals:   3 (   2   1   0   0 )
 Number of external orbitals:      68 (  27  19  14   8 )

 Molecular orbitals read from record     2100.2  Type=RHF/CANONICAL (state 1.1)

 Number of N-1 electron functions:               3
 Number of N-2 electron functions:               6
 Number of singly external CSFs:                73
 Number of doubly external CSFs:              5977
 Total number of CSFs:                        6051

 Length of J-op  integral file:               0.00 MB
 Length of K-op  integral file:               0.11 MB

 Integral transformation finished. Total CPU:   0.00 sec, npass=  1  Memory used:   0.09 MW

 Memory needed for MP2:                      0.01 MW

 SCS-MP2 correlation energy:           -0.127721033553   (PS=  1.200000  PT=  0.333333)
 SCS-MP2 total energy:                -26.528854950541


  Reference energy                    -26.401133916989
  MP2 singlet pair energy              -0.097488234853
  MP2 triplet pair energy              -0.017252922422
  MP2 correlation energy               -0.114741157275

 !MP2 total energy                    -26.515875074263

 KEXT needed  1 integral passes. Memory used:   0.08 MW  CPU time:      0.00 sec


 CPHF trial vector read from record  4100.2

 Starting Coupled-perturbed Hartree-Fock, convergence threshold= 1.0D-06

 ITER   MIC  DIIS      VAR         VARC       CPU
   1     0     1    0.64D-07    0.47D-08     0.00

 CPHF convergence reached in  1 macroiterations and    0 microiterations.   Accuracy: 6.4146D-08

 CPHF solution written to record  4100.2

 Dipole moments (unrelaxed):            0.00000000    -0.00002090     0.00000000
 Orbital relaxation contribution:      -0.00000000     0.00000268    -0.00000000
 !MP2 STATE 1.1 Dipole moment           0.00000000    -0.00001822     0.00000000
 Dipole moment /Debye                   0.00000000    -0.00004632     0.00000000

 CPU-time for density and lagrangian:                  0.00 sec
 CPU-time for coupled-perturbed hartree-fock:          0.00 sec

 MP2 gradient info saved on record         5200.1


 **********************************************************************************************************************************
 DATASETS  * FILE   NREC   LENGTH (MB)   RECORD NAMES
              1      20       29.16       500      610      700      900      950      970     1000      129      960     1100   
                                          VAR    BASINP    GEOM    SYMINP    ZMAT    AOBASIS   BASIS     P2S    ABASIS      S 
                                         1400     1410     1200     1210     1080     1600     1650     1700     1380     5200   
                                           T        V       H0       H01     AOSYM     SMH    MOLCAS    OPER     JKOP      MP2  

              2       8        0.54       700     1000      520     2100     4100     5300     5450     5400   
                                         GEOM     BASIS   MCVARS     RHF     CPHF     HESS     NMOD     FREQ   

 PROGRAMS   *        TOTAL       MP2       MP2    HF-SCF       INT
 CPU TIMES  *        36.04      0.10      0.10      0.05      0.64
 REAL TIME  *        39.63 SEC
 DISK USED  *        67.09 MB (local),      588.10 MB (total)
 SF USED    *         0.54 MB
 GA USED    *         0.00 MB       (max)       0.00 MB       (current)
 **********************************************************************************************************************************
