 Cartesian Coordinates are in [bohr]
 Creating new Variables:
 BX1               0.00000000
 BY1              -0.00002029
 BZ1               0.00000000
 HX2               0.00000000
 HY2               2.24871831
 HZ2               0.00000000
 HX3               1.94741204
 HY3              -1.12434901
 HZ3               0.00000000
 HX4              -1.94741204
 HY4              -1.12434901
 HZ4               0.00000000
 Task   1   Incrementing variable BX1   by    0.010 BOH (Skipping negative increment due to symmetry).
 Task   2   Incrementing variable BY1   by    0.010 BOH
 Task   3   Incrementing variable BY1   by   -0.010 BOH
 Task   4   Incrementing variable BZ1   by    0.010 BOH (Skipping negative increment due to symmetry).
 Task   5   Incrementing variable HX2   by    0.010 BOH (Skipping negative increment due to symmetry).
 Task   6   Incrementing variable HY2   by    0.010 BOH
 Task   7   Incrementing variable HY2   by   -0.010 BOH
 Task   8   Incrementing variable HZ2   by    0.010 BOH (Skipping negative increment due to symmetry).
 Task   9   Incrementing variable HX3   by    0.010 BOH
 Task  10   Incrementing variable HX3   by   -0.010 BOH
 Task  11   Incrementing variable HY3   by    0.010 BOH
 Task  12   Incrementing variable HY3   by   -0.010 BOH
 Task  13   Incrementing variable HZ3   by    0.010 BOH (Skipping negative increment due to symmetry).

 Switching to mppx mode, nproc=  8

 Starting task   1.  CPU=     0.00 sec, Elapsed=     0.00 sec
 Incrementing variable BX1              by  0.010000 BOH   to    0.010000 BOH


 Using spherical harmonics



 PROGRAM * SEWARD (Integral evaluation for generally contracted gaussian basis sets)     Author: Roland Lindh, 1990

 Geometry written to block  1 of record 702


 Point group  Cs  



 ATOMIC COORDINATES

 NR  ATOM    CHARGE       X              Y              Z

   1  B       5.00    0.010000000   -0.000020285    0.000000000
   2  H       1.00    0.000000000    2.248718313    0.000000000
   3  H       1.00    1.947412037   -1.124349014    0.000000000
   4  H       1.00   -1.947412037   -1.124349014    0.000000000

 Bond lengths in Bohr (Angstrom)

 1-2  2.248760833  1-3  2.240017967  1-4  2.257338471
     ( 1.189992986)     ( 1.185366460)     ( 1.194532076)

 Bond angles

  2-1-3  120.38245600   2-1-4  119.61807800   3-1-4  119.99946600

 NUCLEAR CHARGE:                    8
 NUMBER OF PRIMITIVE AOS:         266
 NUMBER OF SYMMETRY AOS:          237
 NUMBER OF CONTRACTIONS:           72   (   50A'  +   22A"  )
 NUMBER OF INNER CORE ORBITALS:     0   (    0A'  +    0A"  )
 NUMBER OF OUTER CORE ORBITALS:     1   (    1A'  +    0A"  )
 NUMBER OF VALENCE ORBITALS:        7   (    6A'  +    1A"  )

 SYMMETRY CHANGED: INITIALIZING OCCUPATION


 NUCLEAR REPULSION ENERGY    7.44081686

 Eigenvalues of metric

         1 0.535E-03 0.539E-03 0.546E-03 0.168E-01 0.255E-01 0.255E-01 0.341E-01 0.457E-01
         2 0.315E-01 0.362E-01 0.369E-01 0.339E+00 0.339E+00 0.459E+00 0.464E+00 0.528E+00


 Contracted 2-electron integrals neglected if value below      1.0D-18
 AO integral compression algorithm  1   Integral accuracy      1.0D-18

     17.564 MB (compressed) written to integral file (100.0%)


 NUMBER OF SORTED TWO-ELECTRON INTEGRALS:    1813306.     BUFFER LENGTH:  32768
 NUMBER OF SEGMENTS:   1  SEGMENT LENGTH:    1813306      RECORD LENGTH: 524288

 Memory used in sort:       2.37 MW

 SORT1 READ     2164277. AND WROTE     1743408. INTEGRALS IN      5 RECORDS. CPU TIME:     0.02 SEC, REAL TIME:     0.03 SEC
 SORT2 READ     1743408. AND WROTE     1813306. INTEGRALS IN     67 RECORDS. CPU TIME:     0.04 SEC, REAL TIME:     0.05 SEC

 FILE SIZES:   FILE 1:    48.2 MBYTE,  FILE 4:    21.0 MBYTE,   TOTAL:     69.2 MBYTE

 OPERATOR DM      FOR CENTER  0  COORDINATES:    0.000000    0.000000    0.000000

 Program * Restricted Hartree-Fock

 Molecular orbitals read from record     2100.2  Type=RHF/CANONICAL  

 Present basis size:       50   22
 Previous basis size:      30   20   14    8
 Previous occupation:       3    1    0    0
 Previous closed-shells:    3    1    0    0
 Previous core-orbitals:    1    0    0    0
 Present occupation:        4    0
 Present closed-shells:     4    0
 Present core-orbitals:     1    0
 Wavefunction symmetry:    1   Singlet 

 Orbital overlap <old|new>:  < 1.1| 1.1> = 0.999763   < 2.1| 2.1> = 0.999990   < 3.1| 3.1> = 1.000000   < 1.2| 4.1> = 1.000000


 NELEC=    8   SYM=1   MS2= 0   THRE=1.0D-12   THRD=1.0D-07   THRG=1.0D-07  HFMA2=F  DIIS_START=2   DIIS_MAX=10   DIIS_INCORE=F

 Level shifts:    0.00 (CLOSED)    0.00 (OPEN)    0.30 (GAP_MIN)

 ITER           ETOT              DE          GRAD        DDIFF     DIIS  NEXP   TIME(IT)  TIME(TOT)  DIAG
   1      -26.39638465     -26.39638465     0.00D+00     0.69D-01     0     0       0.01      0.02    start
   2      -26.40106183      -0.00467717     0.11D-01     0.83D-02     1     0       0.00      0.02    diag
   3      -26.40111092      -0.00004910     0.89D-03     0.35D-03     2     0       0.01      0.03    diag
   4      -26.40111212      -0.00000120     0.78D-04     0.26D-04     3     0       0.01      0.04    diag
   5      -26.40111218      -0.00000006     0.11D-04     0.73D-05     4     0       0.00      0.04    diag
   6      -26.40111218      -0.00000000     0.13D-05     0.12D-05     5     0       0.01      0.05    diag
   7      -26.40111218      -0.00000000     0.19D-06     0.19D-06     6     0       0.00      0.05    diag
   8      -26.40111218      -0.00000000     0.28D-07     0.22D-07     7     0       0.01      0.06    fixocc
   9      -26.40111218       0.00000000     0.56D-08     0.33D-08     0     0       0.01      0.07    diag

 Final occupancy:   4   0

 !RHF STATE 1.1 Energy                -26.401112178230
  RHF One-electron energy             -49.046375606547
  RHF Two-electron energy              15.204446571350
  RHF Kinetic energy                   26.389893840440
  RHF Nuclear energy                    7.440816856968
  RHF Virial quotient                  -1.000425099770

 !RHF STATE 1.1 Dipole moment           0.00606960    -0.00000242     0.00000000
 Dipole moment /Debye                   0.01542739    -0.00000615     0.00000000

 Orbital energies:

           1.1          2.1          3.1          4.1          5.1          6.1
     -7.614398    -0.705565    -0.500752    -0.498027     0.255099     0.256289

           1.2          2.2
      0.063106     0.414829


 HOMO      4.1    -0.498027 =     -13.5520eV
 LUMO      1.2     0.063106 =       1.7172eV
 LUMO-HOMO         0.561133 =      15.2692eV

 Orbitals saved in record  2101.1


 **********************************************************************************************************************************
 DATASETS  * FILE   NREC   LENGTH (MB)   RECORD NAMES
              1      21       43.11       500      610      700      702      900      950      970     1001      129      960   
                                          VAR    BASINP    GEOM     GEOM    SYMINP    ZMAT    AOBASIS   BASIS     P2S    ABASIS    
                                         1100     1400     1410     1200     1210     1080     1600     1650     1300     1700   
                                           S        T        V       H0       H01     AOSYM     SMH    MOLCAS    ERIS     OPER   
                                         2101   
                                          RHF  

              2       9        1.02       700     1000      520     2100     8500      701     5500      702     1001   
                                         GEOM     BASIS   MCVARS     RHF     CPHF     GEOM     HINFO    GEOM     BASIS   

 PROGRAMS   *        TOTAL    HF-SCF   CCSD(T)    HF-SCF       INT
 CPU TIMES  *         5.05      3.63      0.49      0.15      0.63
 REAL TIME  *         7.04 SEC
 DISK USED  *        67.09 MB
 SF USED    *        19.94 MB
 **********************************************************************************************************************************


 PROGRAM * CCSD (Closed-shell coupled cluster)     Authors: C. Hampel, H.-J. Werner, 1991, M. Deegan, P.J. Knowles, 1992


 Convergence thresholds:  THRVAR = 1.00D-16  THRDEN = 1.00D-12

 CCSD(T)     terms to be evaluated (factor= 1.000)


 Using ITF CCSD(T) gradient implementation

 Number of core orbitals:           1 (   1   0 )
 Number of closed-shell orbitals:   3 (   3   0 )
 Number of external orbitals:      68 (  46  22 )

 Molecular orbitals read from record     2101.1  Type=RHF/CANONICAL (state 1.1)

 Integral transformation finished. Total CPU:   0.01 sec, npass=  1  Memory used:   0.38 MW
 Time for re-packing tensors:             0.00 sec
  Reference energy                    -26.401112178230

  MP2 correlation energy               -0.114741476793
  MP2 total energy                    -26.515853655023

 ITER.      SQ.NORM     CORR.ENERGY   TOTAL ENERGY   ENERGY CHANGE        DEN1      VAR(S)    VAR(P)  DIIS     TIME
   1      1.05433793    -0.13504499   -26.53615717    -0.02030351    -0.01501558  1.84e-04  1.33e-03  1  1     0.02
   2      1.05985751    -0.13654908   -26.53766126    -0.00150409    -0.00456182  1.21e-05  1.91e-04  2  2     0.04
   3      1.06230282    -0.13672582   -26.53783800    -0.00017674    -0.00171805  2.02e-07  1.76e-05  3  3     0.06
   4      1.06299493    -0.13670182   -26.53781400     0.00002400    -0.00047173  2.68e-08  1.69e-06  4  4     0.08
   5      1.06321822    -0.13669141   -26.53780358     0.00001042    -0.00014017  7.76e-10  9.22e-08  5  5     0.09
   6      1.06326365    -0.13668777   -26.53779995     0.00000364    -0.00003091  3.68e-10  5.19e-09  6  0     0.11
   7      1.06326969    -0.13668675   -26.53779893     0.00000102    -0.00000558  1.07e-12  3.28e-10  6  1     0.13
   8      1.06327073    -0.13668659   -26.53779877     0.00000016    -0.00000099  2.36e-13  5.01e-11  6  2     0.15
   9      1.06327096    -0.13668656   -26.53779873     0.00000003    -0.00000021  1.76e-13  3.86e-12  6  3     0.17
  10      1.06327099    -0.13668655   -26.53779873     0.00000000    -0.00000003  1.92e-15  2.99e-13  6  4     0.19
  11      1.06327099    -0.13668655   -26.53779873     0.00000000    -0.00000000  5.47e-16  1.66e-14  6  5     0.21
  12      1.06327099    -0.13668655   -26.53779873     0.00000000    -0.00000000  3.71e-18  4.36e-16  6  0     0.23
  13      1.06327098    -0.13668655   -26.53779873     0.00000000    -0.00000000  1.32e-18  4.80e-17  6  1     0.24
  14      1.06327098    -0.13668655   -26.53779873     0.00000000    -0.00000000  2.27e-19  5.10e-18  6  2     0.26
  15      1.06327099    -0.13668655   -26.53779873    -0.00000000    -0.00000000  5.39e-21  2.38e-19  6  3     0.28
  16      1.06327099    -0.13668655   -26.53779873     0.00000000    -0.00000000  7.54e-22  1.39e-20           0.30

 Norm of t1 vector:      0.02252184     S-energy:     -0.00000000   T1 diagnostic:  0.00650149

 Time per iteration:                      0.02 sec

 RESULTS
 =======

  Reference energy                    -26.401112178230
  CCSD correlation energy              -0.136686550845
  CCSD total energy                   -26.537798729075

  Triples (T) contribution             -0.002593911856
  Total correlation energy             -0.139280462701
  CCSD[T] total energy                -26.540444436537
 !CCSD(T) total energy                -26.540392640931

 Starting CP-CCSD(T) iterations.   Author: W. Gyorffy (2015)

 ITER.      NRM1           NRM2      VAR(S)+VAR(P)   DIIS    TIME
   1     0.00029742     0.13855468     3.96e-04      1  1    0.01
   2     0.00029663     0.14038379     1.72e-05      2  2    0.03
   3     0.00029839     0.14099670     1.54e-06      3  3    0.05
   4     0.00030082     0.14122578     8.26e-08      4  4    0.07
   5     0.00030239     0.14126947     8.29e-09      5  5    0.09
   6     0.00030297     0.14126774     7.33e-10      6  0    0.11
   7     0.00030308     0.14126448     4.20e-11      6  1    0.13
   8     0.00030307     0.14126326     2.17e-12      6  2    0.15
   9     0.00030306     0.14126298     1.12e-13      6  3    0.17
  10     0.00030306     0.14126292     6.69e-15      6  4    0.19
  11     0.00030305     0.14126291     4.53e-16      6  5    0.21
  12     0.00030305     0.14126291     2.87e-17      6  0    0.22
  13     0.00030305     0.14126291     2.46e-18      6  1    0.24
  14     0.00030305     0.14126291     4.26e-19      6  2    0.26
  15     0.00030305     0.14126291     5.57e-20      6  3    0.28
  16     0.00030305     0.14126291     5.89e-21              0.30


 Time per iteration:                      0.02 sec


 CPHF trial vector read from record  8500.2

 Starting Coupled-perturbed Hartree-Fock, convergence threshold= 1.0D-06

 ITER   MIC  DIIS      VAR         VARC       CPU
   1     0     1    0.12D-03    0.31D-04     0.00
   2     2     2    0.21D-05    0.16D-05     0.01
   3     1     3    0.16D-06    0.55D-07     0.02

 CPHF convergence reached in  3 macroiterations and    3 microiterations.   Accuracy: 1.5881D-07

 Dipole moments (unrelaxed):            0.00516723    -0.00000293     0.00000000
 Orbital relaxation contribution:       0.00003368    -0.00000003    -0.00000000
 !CCSD(T) STATE 1.1 Dipole moment       0.00520092    -0.00000296     0.00000000
 Dipole moment /Debye                   0.01321941    -0.00000752     0.00000000

 CPU-time for coupled-perturbed hartree-fock:          0.02 sec

 Number of N-1 electron functions:               3
 Number of N-2 electron functions:               6
 Number of singly external CSFs:               138
 Number of doubly external CSFs:             11802
 Total number of CSFs:                       11941

 CCSD(T) gradient info saved on record        55555.1




 **********************************************************************************************************************************
 DATASETS  * FILE   NREC   LENGTH (MB)   RECORD NAMES
              1      24       48.64       500      610      700      702      900      950      970     1001      129      960   
                                          VAR    BASINP    GEOM     GEOM    SYMINP    ZMAT    AOBASIS   BASIS     P2S    ABASIS    
                                         1100     1400     1410     1200     1210     1080     1600     1650     1300     1700   
                                           S        T        V       H0       H01     AOSYM     SMH    MOLCAS    ERIS     OPER   
                                         2101     1380     3791    55555   
                                          RHF     JKOP             CCSD(T)    

              2       9        1.02       700     1000      520     2100     8500      701     5500      702     1001   
                                         GEOM     BASIS   MCVARS     RHF     CPHF     GEOM     HINFO    GEOM     BASIS   

 PROGRAMS   *        TOTAL   CCSD(T)   CCSD(T)    HF-SCF       INT
 CPU TIMES  *         6.77      1.72      0.49      0.15      0.63
 REAL TIME  *         8.99 SEC
 DISK USED  *        88.54 MB
 SF USED    *        19.94 MB
 **********************************************************************************************************************************

 PROGRAM * ALASKA (Gradient of the energy)     Author: R. Lindh


 CCSD(T) Gradient info restored from record   55555.1

 Number of core orbitals:           1 (   1   0 )
 Number of closed-shell orbitals:   3 (   3   0 )
 Number of external orbitals:      68 (  46  22 )

 Integral thresholds in T2TRAN:            1.0D-10 (PROD)

 4-index transformation of triples contribution
    CPU used (ia|bd)=>(ia|AB):     0.01 secs
    algorithm:                     fully in-core
        memory used:              13.74 MW
    CPU used (ia|AB)=>(AB|ia):     0.01 secs
    CPU used (AB|ia)=>(AB|CD):     0.10 secs

 Available memory for Transformation:1497481909 words
 Memory needed for incore algorithm:     211358 words
 Minimum memory needed:                  103502 words

 Memory used for transformation:           0.32 MW
 Available memory for gradients:        1499.17 MW

 CPU for transformation:                   0.17 sec
 CPU for integrals and gradient:          17.11 sec
 Total CPU:                               17.28 sec

 Prescreening statistics:
 ========================

 Total number of shell quadruplets:        4.19D+03
 Number of shell quadruplets processed:    4.19D+03 (100.00%)

 CCSD(T) GRADIENT FOR STATE 1.1

 Atom          dE/dx               dE/dy               dE/dz

   1         0.004201354        -0.000052163         0.000000000
   2        -0.000409018        -0.001134165         0.000000000
   3        -0.002916057         0.001451888         0.000000000
   4        -0.000876280        -0.000265561         0.000000000

 Nuclear force contribution to virial =        -0.007814535

 Tasks on processor    0 finished.  CPU=     40.58 sec, Elapsed=     40.68 sec. Waiting for other processors...

 Switching back to mpp mode, nproc=  8


 Recomputing wavefunction at initial geometry


 Using spherical harmonics



 PROGRAM * SEWARD (Integral evaluation for generally contracted gaussian basis sets)     Author: Roland Lindh, 1990

 Geometry written to block  1 of record 700


 Point group  C2v 



 ATOMIC COORDINATES

 NR  ATOM    CHARGE       X              Y              Z

   1  B       5.00    0.000000000   -0.000020285    0.000000000
   2  H       1.00    0.000000000    2.248718313    0.000000000
   3  H       1.00    1.947412037   -1.124349014    0.000000000
   4  H       1.00   -1.947412037   -1.124349014    0.000000000

 Bond lengths in Bohr (Angstrom)

 1-2  2.248738598  1-3  2.248672660  1-4  2.248672660
     ( 1.189981220)     ( 1.189946326)     ( 1.189946326)

 Bond angles

  2-1-3  119.99977635   2-1-4  119.99977635   3-1-4  120.00044730

 NUCLEAR CHARGE:                    8
 NUMBER OF PRIMITIVE AOS:         266
 NUMBER OF SYMMETRY AOS:          237
 NUMBER OF CONTRACTIONS:           72   (   30A1  +   20B1  +   14B2  +    8A2  )
 NUMBER OF INNER CORE ORBITALS:     0   (    0A1  +    0B1  +    0B2  +    0A2  )
 NUMBER OF OUTER CORE ORBITALS:     1   (    1A1  +    0B1  +    0B2  +    0A2  )
 NUMBER OF VALENCE ORBITALS:        7   (    4A1  +    2B1  +    1B2  +    0A2  )


 NUCLEAR REPULSION ENERGY    7.44078387

 Eigenvalues of metric

         1 0.538E-03 0.541E-03 0.255E-01 0.341E-01 0.458E-01 0.479E-01 0.964E-01 0.344E+00
         2 0.541E-03 0.168E-01 0.255E-01 0.479E-01 0.964E-01 0.344E+00 0.488E+00 0.554E+00
         3 0.316E-01 0.365E-01 0.339E+00 0.461E+00 0.528E+00 0.673E+00 0.956E+00 0.100E+01
         4 0.365E-01 0.339E+00 0.461E+00 0.923E+00 0.956E+00 0.150E+01 0.173E+01 0.181E+01


 Contracted 2-electron integrals neglected if value below      1.0D-18
 AO integral compression algorithm  1   Integral accuracy      1.0D-18

     10.748 MB (compressed) written to integral file (100.0%)

     Node minimum: 1.311 MB, node maximum: 1.573 MB


 NUMBER OF SORTED TWO-ELECTRON INTEGRALS:     114459.     BUFFER LENGTH:  32768
 NUMBER OF SEGMENTS:   1  SEGMENT LENGTH:     114459      RECORD LENGTH: 524288

 Memory used in sort:       0.67 MW

 SORT1 READ     1221234. AND WROTE      111453. INTEGRALS IN      1 RECORDS. CPU TIME:     0.02 SEC, REAL TIME:     0.03 SEC
 SORT2 READ      900055. AND WROTE      928146. INTEGRALS IN     40 RECORDS. CPU TIME:     0.01 SEC, REAL TIME:     0.00 SEC

 Node minimum:      114156.  Node maximum:      120324. integrals

 OPERATOR DM      FOR CENTER  0  COORDINATES:    0.000000    0.000000    0.000000

 Program * Restricted Hartree-Fock

 Molecular orbitals read from record     2100.2  Type=RHF/CANONICAL  

 NELEC=    8   SYM=1   MS2= 0   THRE=1.0D-12   THRD=1.0D-06   THRG=1.0D-06  HFMA2=F  DIIS_START=2   DIIS_MAX=10   DIIS_INCORE=F

 Level shifts:    0.00 (CLOSED)    0.00 (OPEN)    0.30 (GAP_MIN)

 ITER           ETOT              DE          GRAD        DDIFF     DIIS  NEXP   TIME(IT)  TIME(TOT)  DIAG
   1      -26.40113392     -26.40113392     0.00D+00     0.94D-01     0     0       0.00      0.00    start
   2      -26.40113392      -0.00000000     0.82D-09     0.57D-09     1     0       0.00      0.00    diag

 Final occupancy:   3   1   0   0

 !RHF STATE 1.1 Energy                -26.401133916989
  RHF One-electron energy             -49.046367525195
  RHF Two-electron energy              15.204449734129
  RHF Kinetic energy                   26.389856141766
  RHF Nuclear energy                    7.440783874077
  RHF Virial quotient                  -1.000427352660

 !RHF STATE 1.1 Dipole moment           0.00000000    -0.00002116     0.00000000
 Dipole moment /Debye                   0.00000000    -0.00005379     0.00000000

 Orbital energies:

           1.1          2.1          3.1          4.1          5.1
     -7.614394    -0.705557    -0.499387     0.255838     0.258463

           1.2          2.2          3.2
     -0.499395     0.255831     0.346282

           1.3          2.3
      0.063107     0.414832

           1.4          2.4
      0.446702     1.090842


 HOMO      3.1    -0.499387 =     -13.5890eV
 LUMO      1.3     0.063107 =       1.7172eV
 LUMO-HOMO         0.562494 =      15.3063eV

 Orbitals saved in record  2100.2


 **********************************************************************************************************************************
 DATASETS  * FILE   NREC   LENGTH (MB)   RECORD NAMES
              1      18       28.93       500      610      700      900      950      970     1000      129      960     1100   
                                          VAR    BASINP    GEOM    SYMINP    ZMAT    AOBASIS   BASIS     P2S    ABASIS      S 
                                         1400     1410     1200     1210     1080     1600     1650     1700   
                                           T        V       H0       H01     AOSYM     SMH    MOLCAS    OPER   

              2       8        0.54       700     1000      520     2100     8500     5300     5450     5400   
                                         GEOM     BASIS   MCVARS     RHF     CPHF     HESS     NMOD     FREQ   

 PROGRAMS   *        TOTAL    HF-SCF   CCSD(T)    HF-SCF       INT
 CPU TIMES  *        71.85      0.82      0.49      0.15      0.63
 REAL TIME  *        93.84 SEC
 DISK USED  *       158.91 MB (local),        1.35 GB (total)
 SF USED    *        19.95 MB
 GA USED    *         0.00 MB       (max)       0.00 MB       (current)
 **********************************************************************************************************************************


 PROGRAM * CCSD (Closed-shell coupled cluster)     Authors: C. Hampel, H.-J. Werner, 1991, M. Deegan, P.J. Knowles, 1992


 Convergence thresholds:  THRVAR = 1.00D-16  THRDEN = 1.00D-12

 CCSD(T)     terms to be evaluated (factor= 1.000)


 Using ITF CCSD(T) gradient implementation

 Number of core orbitals:           1 (   1   0   0   0 )
 Number of closed-shell orbitals:   3 (   2   1   0   0 )
 Number of external orbitals:      68 (  27  19  14   8 )

 Molecular orbitals read from record     2100.2  Type=RHF/CANONICAL (state 1.1)

 Integral transformation finished. Total CPU:   0.00 sec, npass=  1  Memory used:   0.17 MW
 Time for re-packing tensors:             0.00 sec
  Reference energy                    -26.401133916989

  MP2 correlation energy               -0.114741157275
  MP2 total energy                    -26.515875074263

 ITER.      SQ.NORM     CORR.ENERGY   TOTAL ENERGY   ENERGY CHANGE        DEN1      VAR(S)    VAR(P)  DIIS     TIME
   1      1.05433701    -0.13504443   -26.53617835    -0.02030327    -0.01501549  1.84e-04  1.33e-03  1  1     0.00
   2      1.05985623    -0.13654843   -26.53768235    -0.00150400    -0.00456169  1.21e-05  1.91e-04  2  2     0.01
   3      1.06230133    -0.13672515   -26.53785907    -0.00017672    -0.00171798  2.02e-07  1.76e-05  3  3     0.02
   4      1.06299333    -0.13670115   -26.53783507     0.00002400    -0.00047169  2.68e-08  1.69e-06  4  4     0.02
   5      1.06321657    -0.13669073   -26.53782465     0.00001042    -0.00014015  7.76e-10  9.22e-08  5  5     0.03
   6      1.06326199    -0.13668710   -26.53782101     0.00000364    -0.00003091  3.68e-10  5.19e-09  6  0     0.04
   7      1.06326804    -0.13668608   -26.53781999     0.00000102    -0.00000558  1.07e-12  3.28e-10  6  1     0.05
   8      1.06326908    -0.13668592   -26.53781983     0.00000016    -0.00000099  2.36e-13  5.01e-11  6  2     0.05
   9      1.06326930    -0.13668588   -26.53781980     0.00000003    -0.00000021  1.76e-13  3.86e-12  6  3     0.06
  10      1.06326933    -0.13668588   -26.53781980     0.00000000    -0.00000003  1.92e-15  2.99e-13  6  4     0.07
  11      1.06326933    -0.13668588   -26.53781980     0.00000000    -0.00000000  5.46e-16  1.66e-14  6  5     0.08
  12      1.06326933    -0.13668588   -26.53781980     0.00000000    -0.00000000  3.70e-18  4.35e-16  6  0     0.09
  13      1.06326933    -0.13668588   -26.53781980     0.00000000    -0.00000000  1.31e-18  4.78e-17  6  1     0.09
  14      1.06326933    -0.13668588   -26.53781980     0.00000000    -0.00000000  2.27e-19  5.06e-18  6  2     0.10
  15      1.06326933    -0.13668588   -26.53781980    -0.00000000    -0.00000000  5.39e-21  2.33e-19  6  3     0.11
  16      1.06326933    -0.13668588   -26.53781980     0.00000000    -0.00000000  7.54e-22  1.30e-20           0.11

 Norm of t1 vector:      0.02251854     S-energy:      0.00000000   T1 diagnostic:  0.00650054

 Time per iteration:                      0.01 sec

 RESULTS
 =======

  Reference energy                    -26.401133916989
  CCSD correlation energy              -0.136685878886
  CCSD total energy                   -26.537819795875

  Triples (T) contribution             -0.002593851354
  Total correlation energy             -0.139279730241
  CCSD[T] total energy                -26.540465435832
 !CCSD(T) total energy                -26.540413647229

 Starting CP-CCSD(T) iterations.   Author: W. Gyorffy (2015)

 ITER.      NRM1           NRM2      VAR(S)+VAR(P)   DIIS    TIME
   1     0.00029731     0.13855269     3.96e-04      1  1    0.00
   2     0.00029652     0.14038184     1.72e-05      2  2    0.01
   3     0.00029828     0.14099476     1.54e-06      3  3    0.02
   4     0.00030072     0.14122384     8.26e-08      4  4    0.02
   5     0.00030229     0.14126753     8.29e-09      5  5    0.03
   6     0.00030286     0.14126580     7.32e-10      6  0    0.04
   7     0.00030298     0.14126254     4.19e-11      6  1    0.04
   8     0.00030296     0.14126132     2.17e-12      6  2    0.05
   9     0.00030296     0.14126104     1.12e-13      6  3    0.06
  10     0.00030295     0.14126098     6.67e-15      6  4    0.07
  11     0.00030295     0.14126097     4.50e-16      6  5    0.07
  12     0.00030295     0.14126097     2.82e-17      6  0    0.08
  13     0.00030295     0.14126097     2.39e-18      6  1    0.09
  14     0.00030295     0.14126097     4.12e-19      6  2    0.09
  15     0.00030295     0.14126097     5.45e-20      6  3    0.10
  16     0.00030295     0.14126097     5.84e-21              0.11


 Time per iteration:                      0.01 sec


 CPHF trial vector read from record  8500.2

 Starting Coupled-perturbed Hartree-Fock, convergence threshold= 1.0D-06

 ITER   MIC  DIIS      VAR         VARC       CPU
   1     0     1    0.27D-07    0.76D-09     0.00

 CPHF convergence reached in  1 macroiterations and    0 microiterations.   Accuracy: 2.7098D-08

 CPHF solution written to record  8500.2

 Dipole moments (unrelaxed):            0.00000000    -0.00001800     0.00000000
 Orbital relaxation contribution:      -0.00000000    -0.00000009    -0.00000000
 !CCSD(T) STATE 1.1 Dipole moment       0.00000000    -0.00001809     0.00000000
 Dipole moment /Debye                   0.00000000    -0.00004599     0.00000000

 CPU-time for coupled-perturbed hartree-fock:          0.00 sec

 Number of N-1 electron functions:               3
 Number of N-2 electron functions:               6
 Number of singly external CSFs:                73
 Number of doubly external CSFs:              5977
 Total number of CSFs:                        6051

 CCSD(T) gradient info saved on record        55555.1




 **********************************************************************************************************************************
 DATASETS  * FILE   NREC   LENGTH (MB)   RECORD NAMES
              1      21       31.70       500      610      700      900      950      970     1000      129      960     1100   
                                          VAR    BASINP    GEOM    SYMINP    ZMAT    AOBASIS   BASIS     P2S    ABASIS      S 
                                         1400     1410     1200     1210     1080     1600     1650     1700     1380     3791   
                                           T        V       H0       H01     AOSYM     SMH    MOLCAS    OPER     JKOP   
                                        55555   
                                        CCSD(T)    

              2       8        0.54       700     1000      520     2100     8500     5300     5450     5400   
                                         GEOM     BASIS   MCVARS     RHF     CPHF     HESS     NMOD     FREQ   

 PROGRAMS   *        TOTAL   CCSD(T)   CCSD(T)    HF-SCF       INT
 CPU TIMES  *        72.33      0.46      0.49      0.15      0.63
 REAL TIME  *        94.39 SEC
 DISK USED  *       158.91 MB (local),        1.35 GB (total)
 SF USED    *        19.95 MB
 GA USED    *         0.00 MB       (max)       0.00 MB       (current)
 **********************************************************************************************************************************
