 Cartesian Coordinates are in [bohr]
 Creating new Variables:
 FX1               0.00000000
 FY1               0.00000000
 FZ1               0.17518075
 HX2               0.00000000
 HY2               0.00000000
 HZ2              -1.55962245
 Task   1   Incrementing variable FX1   by    0.010 BOH (Skipping negative increment due to symmetry).
 Task   2   Incrementing variable FY1   by    0.010 BOH (Skipping negative increment due to symmetry).
 Task   3   Incrementing variable FZ1   by    0.010 BOH
 Task   4   Incrementing variable FZ1   by   -0.010 BOH
 Task   5   Incrementing variable HX2   by    0.010 BOH (Skipping negative increment due to symmetry).
 Task   6   Incrementing variable HY2   by    0.010 BOH (Skipping negative increment due to symmetry).
 Task   7   Incrementing variable HZ2   by    0.010 BOH
 Task   8   Incrementing variable HZ2   by   -0.010 BOH

 Switching to mppx mode, nproc=  8

 Starting task   1.  CPU=     0.01 sec, Elapsed=     0.01 sec
 Incrementing variable FX1              by  0.010000 BOH   to    0.010000 BOH


 Using spherical harmonics



 PROGRAM * SEWARD (Integral evaluation for generally contracted gaussian basis sets)     Author: Roland Lindh, 1990

 Geometry written to block  1 of record 702


 Point group  Cs  



 ATOMIC COORDINATES

 NR  ATOM    CHARGE       X              Y              Z

   1  F       9.00    0.010000000    0.000000000    0.175180748
   2  H       1.00    0.000000000    0.000000000   -1.559622453

 Bond lengths in Bohr (Angstrom)

 1-2  1.734832022
     ( 0.918033571)

 NUCLEAR CHARGE:                   10
 NUMBER OF PRIMITIVE AOS:         166
 NUMBER OF SYMMETRY AOS:          145
 NUMBER OF CONTRACTIONS:           44   (   30A'  +   14A"  )
 NUMBER OF INNER CORE ORBITALS:     0   (    0A'  +    0A"  )
 NUMBER OF OUTER CORE ORBITALS:     1   (    1A'  +    0A"  )
 NUMBER OF VALENCE ORBITALS:        5   (    4A'  +    1A"  )

 SYMMETRY CHANGED: INITIALIZING OCCUPATION


 NUCLEAR REPULSION ENERGY    5.18782216

 Eigenvalues of metric

         1 0.153E-02 0.395E-01 0.720E-01 0.908E-01 0.471E+00 0.487E+00 0.592E+00 0.693E+00
         2 0.395E-01 0.471E+00 0.487E+00 0.693E+00 0.100E+01 0.100E+01 0.100E+01 0.100E+01


 Contracted 2-electron integrals neglected if value below      1.0D-18
 AO integral compression algorithm  1   Integral accuracy      1.0D-18

     2.621 MB (compressed) written to integral file ( 92.6%)


 NUMBER OF SORTED TWO-ELECTRON INTEGRALS:     260385.     BUFFER LENGTH:  32768
 NUMBER OF SEGMENTS:   1  SEGMENT LENGTH:     260385      RECORD LENGTH: 524288

 Memory used in sort:       0.82 MW

 SORT1 READ      323078. AND WROTE      213489. INTEGRALS IN      1 RECORDS. CPU TIME:     0.00 SEC, REAL TIME:     0.01 SEC
 SORT2 READ      213489. AND WROTE      260385. INTEGRALS IN     10 RECORDS. CPU TIME:     0.01 SEC, REAL TIME:     0.02 SEC

 FILE SIZES:   FILE 1:    33.1 MBYTE,  FILE 4:     4.2 MBYTE,   TOTAL:     37.3 MBYTE

 OPERATOR DM      FOR CENTER  0  COORDINATES:    0.000000    0.000000    0.000000

 Program * Restricted Hartree-Fock

 Molecular orbitals read from record     2100.2  Type=RHF/CANONICAL  

 Present basis size:       30   14
 Previous basis size:      20   10   10    4
 Previous occupation:       3    1    1    0
 Previous closed-shells:    3    1    1    0
 Previous core-orbitals:    1    0    0    0
 Present occupation:        4    1
 Present closed-shells:     4    1
 Present core-orbitals:     1    0
 Wavefunction symmetry:    1   Singlet 

 Orbital overlap <old|new>:  < 1.1| 1.1> = 0.999155   < 2.1| 2.1> = 0.999934   < 3.1| 3.1> = 0.999993   < 1.2| 4.1> = 0.999991
                             < 1.3| 1.2> = 0.999995


 NELEC=   10   SYM=1   MS2= 0   THRE=1.0D-12   THRD=1.0D-07   THRG=1.0D-07  HFMA2=F  DIIS_START=2   DIIS_MAX=10   DIIS_INCORE=F

 Level shifts:    0.00 (CLOSED)    0.00 (OPEN)    0.30 (GAP_MIN)

 ITER           ETOT              DE          GRAD        DDIFF     DIIS  NEXP   TIME(IT)  TIME(TOT)  DIAG
   1     -100.02706351    -100.02706351     0.00D+00     0.17D+00     0     0       0.00      0.00    start
   2     -100.06883587      -0.04177236     0.70D-01     0.31D-02     1     0       0.00      0.00    diag
   3     -100.06919077      -0.00035490     0.34D-02     0.67D-03     2     0       0.00      0.00    diag
   4     -100.06920309      -0.00001231     0.53D-03     0.14D-03     3     0       0.01      0.01    diag
   5     -100.06920436      -0.00000127     0.10D-03     0.85D-04     4     0       0.00      0.01    diag
   6     -100.06920458      -0.00000022     0.50D-04     0.27D-04     5     0       0.00      0.01    diag
   7     -100.06920460      -0.00000003     0.89D-05     0.16D-04     6     0       0.00      0.01    diag
   8     -100.06920460      -0.00000000     0.21D-05     0.30D-05     7     0       0.00      0.01    fixocc
   9     -100.06920460      -0.00000000     0.27D-06     0.35D-06     8     0       0.00      0.01    diag
  10     -100.06920460       0.00000000     0.17D-07     0.27D-07     9     0       0.01      0.02    diag/orth
  11     -100.06920460      -0.00000000     0.11D-08     0.12D-08     0     0       0.00      0.02    diag

 Final occupancy:   4   1

 !RHF STATE 1.1 Energy               -100.069204603826
  RHF One-electron energy            -150.602534598874
  RHF Two-electron energy              45.345507838756
  RHF Kinetic energy                  100.036616940537
  RHF Nuclear energy                    5.187822156293
  RHF Virial quotient                  -1.000325757351

 !RHF STATE 1.1 Dipole moment          -0.00441165     0.00000000    -0.76533473
 Dipole moment /Debye                  -0.01121331     0.00000000    -1.94528684

 Orbital energies:

           1.1          2.1          3.1          4.1          5.1          6.1
    -26.292153    -1.599144    -0.766034    -0.649214     0.209155     0.714482

           1.2          2.2          3.2
     -0.649214     0.744741     1.025754


 HOMO      4.1    -0.649214 =     -17.6660eV
 LUMO      5.1     0.209155 =       5.6914eV
 LUMO-HOMO         0.858369 =      23.3574eV

 Orbitals saved in record  2101.1


 **********************************************************************************************************************************
 DATASETS  * FILE   NREC   LENGTH (MB)   RECORD NAMES
              1      21       30.86       500      610      700      702      900      950      970     1001      129      960   
                                          VAR    BASINP    GEOM     GEOM    SYMINP    ZMAT    AOBASIS   BASIS     P2S    ABASIS    
                                         1100     1400     1410     1200     1210     1080     1600     1650     1300     1700   
                                           S        T        V       H0       H01     AOSYM     SMH    MOLCAS    ERIS     OPER   
                                         2101   
                                          RHF  

              2       9        0.82       700     1000      520     2100     8500      701     5500      702     1001   
                                         GEOM     BASIS   MCVARS     RHF     CPHF     GEOM     HINFO    GEOM     BASIS   

 PROGRAMS   *        TOTAL    HF-SCF   CCSD(T)    HF-SCF       INT
 CPU TIMES  *         2.09      0.97      0.40      0.14      0.42
 REAL TIME  *         3.67 SEC
 DISK USED  *        36.47 MB
 SF USED    *         6.96 MB
 **********************************************************************************************************************************


 PROGRAM * CCSD (Closed-shell coupled cluster)     Authors: C. Hampel, H.-J. Werner, 1991, M. Deegan, P.J. Knowles, 1992


 Convergence thresholds:  THRVAR = 1.00D-16  THRDEN = 1.00D-12

 CCSD(T)     terms to be evaluated (factor= 1.000)


 Using ITF CCSD(T) gradient implementation

 Number of core orbitals:           1 (   1   0 )
 Number of closed-shell orbitals:   4 (   3   1 )
 Number of external orbitals:      39 (  26  13 )

 Molecular orbitals read from record     2101.1  Type=RHF/CANONICAL (state 1.1)

 Integral transformation finished. Total CPU:   0.01 sec, npass=  1  Memory used:   0.14 MW
 Time for re-packing tensors:             0.00 sec
  Reference energy                   -100.069204603826

  MP2 correlation energy               -0.279119366090
  MP2 total energy                   -100.348323969916

 ITER.      SQ.NORM     CORR.ENERGY   TOTAL ENERGY   ENERGY CHANGE        DEN1      VAR(S)    VAR(P)  DIIS     TIME
   1      1.04969760    -0.28135562  -100.35056023    -0.00223626     0.00262557  6.63e-04  6.55e-04  1  1     0.01
   2      1.05205936    -0.28135886  -100.35056346    -0.00000323    -0.00415377  1.73e-05  6.89e-05  2  2     0.02
   3      1.05262019    -0.28136927  -100.35057388    -0.00001042    -0.00037686  8.05e-07  8.13e-06  3  3     0.03
   4      1.05289334    -0.28137922  -100.35058382    -0.00000994    -0.00027877  2.71e-08  6.44e-07  4  4     0.04
   5      1.05295869    -0.28137326  -100.35057786     0.00000596    -0.00005648  1.00e-09  4.30e-08  5  5     0.05
   6      1.05297367    -0.28137262  -100.35057723     0.00000064    -0.00001214  9.61e-12  6.98e-10  6  0     0.06
   7      1.05297444    -0.28137245  -100.35057705     0.00000017    -0.00000073  1.05e-11  2.49e-11  6  1     0.07
   8      1.05297428    -0.28137248  -100.35057709    -0.00000003     0.00000007  7.31e-14  1.21e-12  6  2     0.08
   9      1.05297427    -0.28137248  -100.35057709     0.00000000    -0.00000000  6.56e-15  7.11e-14  6  3     0.09
  10      1.05297427    -0.28137248  -100.35057709     0.00000000    -0.00000000  1.49e-16  1.47e-15  6  4     0.10
  11      1.05297427    -0.28137248  -100.35057709    -0.00000000    -0.00000000  4.19e-18  5.59e-17  6  5     0.11
  12      1.05297427    -0.28137248  -100.35057709    -0.00000000    -0.00000000  7.22e-20  3.99e-18  6  0     0.12
  13      1.05297427    -0.28137248  -100.35057709    -0.00000000     0.00000000  2.88e-21  1.34e-19           0.13

 Norm of t1 vector:      0.02958766     S-energy:     -0.00000000   T1 diagnostic:  0.00739692

 Time per iteration:                      0.01 sec

 RESULTS
 =======

  Reference energy                   -100.069204603826
  CCSD correlation energy              -0.281372481483
  CCSD total energy                  -100.350577085309

  Triples (T) contribution             -0.006940723605
  Total correlation energy             -0.288313205089
  CCSD[T] total energy               -100.357798113173
 !CCSD(T) total energy               -100.357517808915

 Starting CP-CCSD(T) iterations.   Author: W. Gyorffy (2015)

 ITER.      NRM1           NRM2      VAR(S)+VAR(P)   DIIS    TIME
   1     0.00028723     0.20480707     2.13e-03      1  1    0.01
   2     0.00035723     0.20153147     4.92e-05      2  2    0.02
   3     0.00034333     0.20208747     8.19e-07      3  3    0.03
   4     0.00034579     0.20204660     6.46e-08      4  4    0.04
   5     0.00034643     0.20204854     1.08e-08      5  5    0.05
   6     0.00034707     0.20204710     8.33e-10      6  0    0.06
   7     0.00034727     0.20204751     3.58e-11      6  1    0.07
   8     0.00034730     0.20204779     1.86e-12      6  2    0.08
   9     0.00034731     0.20204787     5.63e-14      6  3    0.09
  10     0.00034731     0.20204788     2.17e-15      6  4    0.10
  11     0.00034731     0.20204789     8.01e-17      6  5    0.11
  12     0.00034731     0.20204789     5.78e-18      6  0    0.12
  13     0.00034731     0.20204789     2.28e-19      6  1    0.13
  14     0.00034731     0.20204789     6.31e-21              0.14


 Time per iteration:                      0.01 sec


 CPHF trial vector read from record  8500.2

 Starting Coupled-perturbed Hartree-Fock, convergence threshold= 1.0D-06

 ITER   MIC  DIIS      VAR         VARC       CPU
   1     0     1    0.13D-03    0.28D-05     0.01
   2     2     2    0.54D-06    0.13D-06     0.01

 CPHF convergence reached in  2 macroiterations and    2 microiterations.   Accuracy: 5.4344D-07

 Dipole moments (unrelaxed):           -0.00408741     0.00000000    -0.70908472
 Orbital relaxation contribution:      -0.00001619    -0.00000000    -0.00283015
 !CCSD(T) STATE 1.1 Dipole moment      -0.00410360     0.00000000    -0.71191487
 Dipole moment /Debye                  -0.01043030     0.00000000    -1.80950712

 CPU-time for coupled-perturbed hartree-fock:          0.01 sec

 Number of N-1 electron functions:               4
 Number of N-2 electron functions:              10
 Number of singly external CSFs:                91
 Number of doubly external CSFs:              6331
 Total number of CSFs:                        6423

 CCSD(T) gradient info saved on record        55555.1




 **********************************************************************************************************************************
 DATASETS  * FILE   NREC   LENGTH (MB)   RECORD NAMES
              1      24       32.70       500      610      700      702      900      950      970     1001      129      960   
                                          VAR    BASINP    GEOM     GEOM    SYMINP    ZMAT    AOBASIS   BASIS     P2S    ABASIS    
                                         1100     1400     1410     1200     1210     1080     1600     1650     1300     1700   
                                           S        T        V       H0       H01     AOSYM     SMH    MOLCAS    ERIS     OPER   
                                         2101     1380     3791    55555   
                                          RHF     JKOP             CCSD(T)    

              2       9        0.82       700     1000      520     2100     8500      701     5500      702     1001   
                                         GEOM     BASIS   MCVARS     RHF     CPHF     GEOM     HINFO    GEOM     BASIS   

 PROGRAMS   *        TOTAL   CCSD(T)   CCSD(T)    HF-SCF       INT
 CPU TIMES  *         2.81      0.72      0.40      0.14      0.42
 REAL TIME  *         4.47 SEC
 DISK USED  *        46.81 MB
 SF USED    *         6.96 MB
 **********************************************************************************************************************************

 PROGRAM * ALASKA (Gradient of the energy)     Author: R. Lindh


 CCSD(T) Gradient info restored from record   55555.1

 Number of core orbitals:           1 (   1   0 )
 Number of closed-shell orbitals:   4 (   3   1 )
 Number of external orbitals:      39 (  26  13 )

 Integral thresholds in T2TRAN:            1.0D-10 (PROD)

 4-index transformation of triples contribution
    CPU used (ia|bd)=>(ia|AB):     0.00 secs
    algorithm:                     fully in-core
        memory used:               1.91 MW
    CPU used (ia|AB)=>(AB|ia):     0.00 secs
    CPU used (AB|ia)=>(AB|CD):     0.02 secs

 Available memory for Transformation:1497704977 words
 Memory needed for incore algorithm:     135052 words
 Minimum memory needed:                   81716 words

 Memory used for transformation:           0.20 MW
 Available memory for gradients:        1499.50 MW

 CPU for transformation:                   0.00 sec
 CPU for integrals and gradient:           2.16 sec
 Total CPU:                                2.16 sec

 Prescreening statistics:
 ========================

 Total number of shell quadruplets:        4.06D+02
 Number of shell quadruplets processed:    4.06D+02 (100.00%)

 CCSD(T) GRADIENT FOR STATE 1.1

 Atom          dE/dx               dE/dy               dE/dz

   1        -0.000016778         0.000000000        -0.002906025
   2         0.000016778         0.000000000         0.002906025

 Nuclear force contribution to virial =        -0.005041549

 Tasks on processor    0 finished.  CPU=      6.79 sec, Elapsed=      6.89 sec. Waiting for other processors...

 Switching back to mpp mode, nproc=  8


 Recomputing wavefunction at initial geometry


 Using spherical harmonics



 PROGRAM * SEWARD (Integral evaluation for generally contracted gaussian basis sets)     Author: Roland Lindh, 1990

 Geometry written to block  1 of record 700


 Point group  C2v 



 ATOMIC COORDINATES

 NR  ATOM    CHARGE       X              Y              Z

   1  F       9.00    0.000000000    0.000000000    0.175180748
   2  H       1.00    0.000000000    0.000000000   -1.559622453

 Bond lengths in Bohr (Angstrom)

 1-2  1.734803200
     ( 0.918018319)

 NUCLEAR CHARGE:                   10
 NUMBER OF PRIMITIVE AOS:         166
 NUMBER OF SYMMETRY AOS:          145
 NUMBER OF CONTRACTIONS:           44   (   20A1  +   10B1  +   10B2  +    4A2  )
 NUMBER OF INNER CORE ORBITALS:     0   (    0A1  +    0B1  +    0B2  +    0A2  )
 NUMBER OF OUTER CORE ORBITALS:     1   (    1A1  +    0B1  +    0B2  +    0A2  )
 NUMBER OF VALENCE ORBITALS:        5   (    3A1  +    1B1  +    1B2  +    0A2  )


 NUCLEAR REPULSION ENERGY    5.18790835

 EXTRA SYMMETRY OF AOS IN SYMMETRY 1:   1 1 1 1 1 1 1 1 2 1   2 1 2 1 1 1 1 1 1 2
 EXTRA SYMMETRY OF AOS IN SYMMETRY 2:   1 1 1 1 1 1 2 1 1 1
 EXTRA SYMMETRY OF AOS IN SYMMETRY 3:   1 1 1 1 1 1 2 1 1 1

 Eigenvalues of metric

         1 0.153E-02 0.720E-01 0.908E-01 0.487E+00 0.592E+00 0.705E+00 0.787E+00 0.100E+01
         2 0.395E-01 0.471E+00 0.693E+00 0.100E+01 0.100E+01 0.100E+01 0.100E+01 0.135E+01
         3 0.395E-01 0.471E+00 0.693E+00 0.100E+01 0.100E+01 0.100E+01 0.100E+01 0.135E+01
         4 0.487E+00 0.100E+01 0.100E+01 0.151E+01


 Contracted 2-electron integrals neglected if value below      1.0D-18
 AO integral compression algorithm  1   Integral accuracy      1.0D-18

     2.097 MB (compressed) written to integral file (100.0%)

     Node minimum: 0.262 MB, node maximum: 0.262 MB


 NUMBER OF SORTED TWO-ELECTRON INTEGRALS:      15662.     BUFFER LENGTH:  32768
 NUMBER OF SEGMENTS:   1  SEGMENT LENGTH:      15662      RECORD LENGTH: 524288

 Memory used in sort:       0.57 MW

 SORT1 READ      164934. AND WROTE       12565. INTEGRALS IN      1 RECORDS. CPU TIME:     0.01 SEC, REAL TIME:     0.01 SEC
 SORT2 READ      108729. AND WROTE      137265. INTEGRALS IN      8 RECORDS. CPU TIME:     0.00 SEC, REAL TIME:     0.00 SEC

 Node minimum:       15662.  Node maximum:       18133. integrals

 OPERATOR DM      FOR CENTER  0  COORDINATES:    0.000000    0.000000    0.000000

 Program * Restricted Hartree-Fock

 Molecular orbitals read from record     2100.2  Type=RHF/CANONICAL  

 NELEC=   10   SYM=1   MS2= 0   THRE=1.0D-12   THRD=1.0D-06   THRG=1.0D-06  HFMA2=F  DIIS_START=2   DIIS_MAX=10   DIIS_INCORE=F

 Level shifts:    0.00 (CLOSED)    0.00 (OPEN)    0.30 (GAP_MIN)

 ITER           ETOT              DE          GRAD        DDIFF     DIIS  NEXP   TIME(IT)  TIME(TOT)  DIAG
   1     -100.06920528    -100.06920528     0.00D+00     0.23D+00     0     0       0.00      0.00    start
   2     -100.06920528       0.00000000     0.33D-09     0.14D-09     1     0       0.00      0.00    diag

 Final occupancy:   3   1   1   0

 !RHF STATE 1.1 Energy               -100.069205278887
  RHF One-electron energy            -150.602679892211
  RHF Two-electron energy              45.345566268189
  RHF Kinetic energy                  100.036650838484
  RHF Nuclear energy                    5.187908345135
  RHF Virial quotient                  -1.000325425133

 !RHF STATE 1.1 Dipole moment           0.00000000     0.00000000    -0.76533577
 Dipole moment /Debye                   0.00000000     0.00000000    -1.94528949

 Orbital energies:

           1.1          2.1          3.1          4.1          5.1
    -26.292152    -1.599149    -0.766040     0.209159     0.714489

           1.2          2.2          3.2
     -0.649216     0.744746     1.025751

           1.3          2.3          3.3
     -0.649216     0.744746     1.025751

           1.4          2.4
      1.709901     2.663010


 HOMO      1.3    -0.649216 =     -17.6661eV
 LUMO      4.1     0.209159 =       5.6915eV
 LUMO-HOMO         0.858375 =      23.3576eV

 Orbitals saved in record  2100.2


 **********************************************************************************************************************************
 DATASETS  * FILE   NREC   LENGTH (MB)   RECORD NAMES
              1      18       28.84       500      610      700      900      950      970     1000      129      960     1100   
                                          VAR    BASINP    GEOM    SYMINP    ZMAT    AOBASIS   BASIS     P2S    ABASIS      S 
                                         1400     1410     1200     1210     1080     1600     1650     1700   
                                           T        V       H0       H01     AOSYM     SMH    MOLCAS    OPER   

              2       8        0.42       700     1000      520     2100     8500     5300     5450     5400   
                                         GEOM     BASIS   MCVARS     RHF     CPHF     HESS     NMOD     FREQ   

 PROGRAMS   *        TOTAL    HF-SCF   CCSD(T)    HF-SCF       INT
 CPU TIMES  *         5.82      0.68      0.40      0.14      0.42
 REAL TIME  *        11.40 SEC
 DISK USED  *        49.37 MB (local),      389.25 MB (total)
 SF USED    *         6.97 MB
 GA USED    *         0.00 MB       (max)       0.00 MB       (current)
 **********************************************************************************************************************************


 PROGRAM * CCSD (Closed-shell coupled cluster)     Authors: C. Hampel, H.-J. Werner, 1991, M. Deegan, P.J. Knowles, 1992


 Convergence thresholds:  THRVAR = 1.00D-16  THRDEN = 1.00D-12

 CCSD(T)     terms to be evaluated (factor= 1.000)


 Using ITF CCSD(T) gradient implementation

 Number of core orbitals:           1 (   1   0   0   0 )
 Number of closed-shell orbitals:   4 (   2   1   1   0 )
 Number of external orbitals:      39 (  17   9   9   4 )

 Molecular orbitals read from record     2100.2  Type=RHF/CANONICAL (state 1.1)

 Integral transformation finished. Total CPU:   0.00 sec, npass=  1  Memory used:   0.09 MW
 Time for re-packing tensors:             0.00 sec
  Reference energy                   -100.069205278887

  MP2 correlation energy               -0.279118576660
  MP2 total energy                   -100.348323855547

 ITER.      SQ.NORM     CORR.ENERGY   TOTAL ENERGY   ENERGY CHANGE        DEN1      VAR(S)    VAR(P)  DIIS     TIME
   1      1.04969713    -0.28135494  -100.35056022    -0.00223636     0.00262535  6.63e-04  6.55e-04  1  1     0.00
   2      1.05205881    -0.28135818  -100.35056346    -0.00000324    -0.00415368  1.73e-05  6.89e-05  2  2     0.01
   3      1.05261961    -0.28136859  -100.35057387    -0.00001042    -0.00037685  8.04e-07  8.13e-06  3  3     0.02
   4      1.05289274    -0.28137854  -100.35058382    -0.00000994    -0.00027876  2.71e-08  6.44e-07  4  4     0.03
   5      1.05295808    -0.28137258  -100.35057786     0.00000596    -0.00005648  1.00e-09  4.30e-08  5  5     0.04
   6      1.05297306    -0.28137194  -100.35057722     0.00000064    -0.00001214  9.60e-12  6.98e-10  6  0     0.04
   7      1.05297383    -0.28137177  -100.35057705     0.00000017    -0.00000073  1.05e-11  2.49e-11  6  1     0.05
   8      1.05297367    -0.28137180  -100.35057708    -0.00000003     0.00000007  7.31e-14  1.21e-12  6  2     0.06
   9      1.05297366    -0.28137180  -100.35057708     0.00000000    -0.00000000  6.55e-15  7.11e-14  6  3     0.07
  10      1.05297367    -0.28137180  -100.35057708     0.00000000    -0.00000000  1.49e-16  1.47e-15  6  4     0.07
  11      1.05297367    -0.28137180  -100.35057708    -0.00000000    -0.00000000  4.19e-18  5.59e-17  6  5     0.08
  12      1.05297367    -0.28137180  -100.35057708    -0.00000000    -0.00000000  7.22e-20  3.99e-18  6  0     0.09
  13      1.05297367    -0.28137180  -100.35057708    -0.00000000     0.00000000  2.88e-21  1.34e-19           0.10

 Norm of t1 vector:      0.02958706     S-energy:     -0.00000000   T1 diagnostic:  0.00739677

 Time per iteration:                      0.01 sec

 RESULTS
 =======

  Reference energy                   -100.069205278887
  CCSD correlation energy              -0.281371800734
  CCSD total energy                  -100.350577079621

  Triples (T) contribution             -0.006940645268
  Total correlation energy             -0.288312446002
  CCSD[T] total energy               -100.357798020892
 !CCSD(T) total energy               -100.357517724889

 Starting CP-CCSD(T) iterations.   Author: W. Gyorffy (2015)

 ITER.      NRM1           NRM2      VAR(S)+VAR(P)   DIIS    TIME
   1     0.00028721     0.20480543     2.13e-03      1  1    0.01
   2     0.00035721     0.20152997     4.92e-05      2  2    0.01
   3     0.00034331     0.20208594     8.19e-07      3  3    0.02
   4     0.00034578     0.20204508     6.46e-08      4  4    0.03
   5     0.00034641     0.20204702     1.08e-08      5  5    0.04
   6     0.00034705     0.20204558     8.33e-10      6  0    0.05
   7     0.00034725     0.20204599     3.58e-11      6  1    0.05
   8     0.00034729     0.20204627     1.86e-12      6  2    0.06
   9     0.00034729     0.20204635     5.63e-14      6  3    0.07
  10     0.00034729     0.20204636     2.17e-15      6  4    0.07
  11     0.00034729     0.20204637     8.01e-17      6  5    0.08
  12     0.00034729     0.20204637     5.78e-18      6  0    0.09
  13     0.00034729     0.20204637     2.28e-19      6  1    0.10
  14     0.00034729     0.20204637     6.30e-21              0.11


 Time per iteration:                      0.01 sec


 CPHF trial vector read from record  8500.2

 Starting Coupled-perturbed Hartree-Fock, convergence threshold= 1.0D-06

 ITER   MIC  DIIS      VAR         VARC       CPU
   1     0     1    0.39D-07    0.12D-08     0.00

 CPHF convergence reached in  1 macroiterations and    0 microiterations.   Accuracy: 3.8915D-08

 CPHF solution written to record  8500.2

 Dipole moments (unrelaxed):            0.00000000     0.00000000    -0.70908764
 Orbital relaxation contribution:      -0.00000000    -0.00000000    -0.00283000
 !CCSD(T) STATE 1.1 Dipole moment       0.00000000     0.00000000    -0.71191764
 Dipole moment /Debye                   0.00000000     0.00000000    -1.80951415

 CPU-time for coupled-perturbed hartree-fock:          0.00 sec

 Number of N-1 electron functions:               4
 Number of N-2 electron functions:              10
 Number of singly external CSFs:                52
 Number of doubly external CSFs:              3289
 Total number of CSFs:                        3342

 CCSD(T) gradient info saved on record        55555.1




 **********************************************************************************************************************************
 DATASETS  * FILE   NREC   LENGTH (MB)   RECORD NAMES
              1      21       29.79       500      610      700      900      950      970     1000      129      960     1100   
                                          VAR    BASINP    GEOM    SYMINP    ZMAT    AOBASIS   BASIS     P2S    ABASIS      S 
                                         1400     1410     1200     1210     1080     1600     1650     1700     1380     3791   
                                           T        V       H0       H01     AOSYM     SMH    MOLCAS    OPER     JKOP   
                                        55555   
                                        CCSD(T)    

              2       8        0.42       700     1000      520     2100     8500     5300     5450     5400   
                                         GEOM     BASIS   MCVARS     RHF     CPHF     HESS     NMOD     FREQ   

 PROGRAMS   *        TOTAL   CCSD(T)   CCSD(T)    HF-SCF       INT
 CPU TIMES  *         6.24      0.40      0.40      0.14      0.42
 REAL TIME  *        11.86 SEC
 DISK USED  *        49.37 MB (local),      389.25 MB (total)
 SF USED    *         6.99 MB
 GA USED    *         0.00 MB       (max)       0.00 MB       (current)
 **********************************************************************************************************************************
