
 Working directory              : /scratch/emmanous/hf.opt.com.44777/molpro.uaezcAqz54/
 Global scratch directory       : /scratch/emmanous/hf.opt.com.44777/molpro.uaezcAqz54/
 Wavefunction directory         : /home/emmanous/wfu/
 Main file repository           : /scratch/emmanous/hf.opt.com.44777/molpro.uaezcAqz54/

 id        : wis

 Nodes     nprocs
 cff147       8
 GA implementation: MPI file
 GA implementation (serial work in mppx): MPI file

 Using DEFAULT tuning parameter for ncache   :   16384
 Using DEFAULT tuning parameter for mflopdgm :   10000
 Using DEFAULT tuning parameter for mflopdgv :    4000
 Using DEFAULT tuning parameter for mflopmxm :    5000
 Using DEFAULT tuning parameter for mflopmxv :    4000
 Using DEFAULT tuning parameter for mindgm   :       1
 Using DEFAULT tuning parameter for mindgc   :       4
 Using DEFAULT tuning parameter for mindgf   :    5000
 Using DEFAULT tuning parameter for mindgl   :       4
 Using DEFAULT tuning parameter for mindgr   :       1
 Using DEFAULT tuning parameter for mindgv   :      20
 Using DEFAULT tuning parameter for mincuda  :     500
 Using DEFAULT tuning parameter for mxmblk   :      64
 Using DEFAULT tuning parameter for mxmbln   :      64
 Using DEFAULT tuning parameter for nroll    :       2
 Using custom tuning parameter for ngpus     :       0
 Using customized tuning parameters: mindgm=1; mindgv=20; mindgc=4; mindgr=1; noblas=0; minvec=7

 Fortran compiler: integer size=8, double size=8, logical size=8
 default implementation of scratch files=sf  


 Variables initialized (1015), CPU time= 0.00 sec
 ***,geometry optimization
 gthresh,energy=1d-12,gradient=1d-6,twoint=1d-18,prefac=1d-20
 GTHRESH, OPTSTEP=1d-5, OPTGRAD=1d-5, ENERGY=1d-11
 noorient
 charge=
 multiplicity=
 geomtyp=xyz
 geom={
 F        0.000000    0.000000    0.091577
 H        0.000000    0.000000   -0.824192
 }
 MASS,ISO
 MASS,PRINT
 label1
 
 basis={
 Including file /gpfs01/work/emmanous/6Frequencies/implementation/MOLPRO/G4-Tano-v1/EXAMPLE_HF/ano-pVQZ.mbas
 }
 hf
 mp2
 e2=energy
 
 basis={
 Including file /gpfs01/work/emmanous/6Frequencies/implementation/MOLPRO/G4-Tano-v1/EXAMPLE_HF/ano-pVTZ.mbas
 }
 hf
 mp2
 emp2=energy
 ccsd(t)
 ehlc=(energy-emp2)
 etotal=e2+ehlc
 show,e*
 
 optg,startcmd=label1,variable=etotal
 Commands initialized (834), CPU time= 0.01 sec, 672 directives.
 Default parameters read. Elapsed time= 0.40 sec

 Using DEFAULT tuning parameter for mpplat   :       3
 Using DEFAULT tuning parameter for mppspeed :    1600
 Checking input...
 Passed
1


                                         ***  PROGRAM SYSTEM MOLPRO  ***
                                       Copyright, TTI GmbH Stuttgart, 2015
                                    Version 2022.2 linked Thu May  5 23:39:45 2022


 **********************************************************************************************************************************
 LABEL *   geometry optimization                                                         
  64 bit mpp version                                                                     DATE: 12-Aug-23          TIME: 09:57:32  
 **********************************************************************************************************************************

 SHA1:             518bf5c5e315925380b88506c70af759aa1d1d96
 **********************************************************************************************************************************

 Memory per process:      1500 MW
 Total memory per node:  12000 MW

 GA preallocation disabled
 GA check disabled

 Variable memory set to 1500.0 MW


 THRESHOLDS:

 ZERO    =  1.00D-12  ONEINT  =  1.00D-12  TWOINT  =  1.00D-18  PREFAC  =  1.00D-20  XXXXXX  =  1.00D-09  EORDER  =  1.00D-04
 ENERGY  =  1.00D-12  ETEST   =  0.00D+00  EDENS   =  0.00D+00  THRDEDEF=  1.00D-06  GRADIENT=  1.00D-06  STEP    =  1.00D-03
 ORBITAL =  1.00D-05  CIVEC   =  1.00D-05  COEFF   =  1.00D-04  PRINTCI =  5.00D-02  PUNCHCI =  9.90D+01  OPTGRAD =  3.00D-04
 OPTENERG=  1.00D-06  OPTSTEP =  3.00D-04  THRGRAD =  1.00D-10  COMPRESS=  1.00D-11  VARMIN  =  1.00D-07  VARMAX  =  1.00D-03
 THRDOUB =  0.00D+00  THRDIV  =  1.00D-05  THRRED  =  1.00D-07  THRPSP  =  1.00D+00  THRDC   =  1.00D-10  THRCS   =  1.00D-10
 THRNRM  =  1.00D-08  THREQ   =  0.00D+00  THRDE   =  1.00D+00  THRREF  =  1.00D-05  SPARFAC =  1.00D+00  THRDLP  =  1.00D-07
 THRDIA  =  1.00D-10  THRDLS  =  1.00D-07  THRGPS  =  0.00D+00  THRKEX  =  0.00D+00  THRDIS  =  2.00D-01  THRVAR  =  1.00D-10
 THRLOC  =  1.00D-06  THRGAP  =  1.00D-06  THRLOCT = -1.00D+00  THRGAPT = -1.00D+00  THRORB  =  1.00D-06  THRMLTP =  0.00D+00
 THRCPQCI=  1.00D-10  KEXTA   =  0.00D+00  THRCOARS=  0.00D+00  SYMTOL  =  1.00D-06  GRADTOL =  1.00D-06  THROVL  =  1.00D-08
 THRORTH =  1.00D-08  THRDLOVL= -1.00D+00  GRID    =  1.00D-06  GRIDMAX =  1.00D-03  DTMAX   =  0.00D+00  THROCCDE=  1.00D-01
 THROCCDE=  1.00D-01  THRPRINT=  2.50D-01


 THRESHOLDS:

 ZERO    =  1.00D-12  ONEINT  =  1.00D-12  TWOINT  =  1.00D-18  PREFAC  =  1.00D-20  XXXXXX  =  1.00D-09  EORDER  =  1.00D-04
 ENERGY  =  1.00D-11  ETEST   =  0.00D+00  EDENS   =  0.00D+00  THRDEDEF=  1.00D-06  GRADIENT=  1.00D-06  STEP    =  1.00D-03
 ORBITAL =  1.00D-05  CIVEC   =  1.00D-05  COEFF   =  1.00D-04  PRINTCI =  5.00D-02  PUNCHCI =  9.90D+01  OPTGRAD =  1.00D-05
 OPTENERG=  1.00D-06  OPTSTEP =  1.00D-05  THRGRAD =  1.00D-10  COMPRESS=  1.00D-11  VARMIN  =  1.00D-07  VARMAX  =  1.00D-03
 THRDOUB =  0.00D+00  THRDIV  =  1.00D-05  THRRED  =  1.00D-07  THRPSP  =  1.00D+00  THRDC   =  1.00D-10  THRCS   =  1.00D-10
 THRNRM  =  1.00D-08  THREQ   =  0.00D+00  THRDE   =  1.00D+00  THRREF  =  1.00D-05  SPARFAC =  1.00D+00  THRDLP  =  1.00D-07
 THRDIA  =  1.00D-10  THRDLS  =  1.00D-07  THRGPS  =  0.00D+00  THRKEX  =  0.00D+00  THRDIS  =  2.00D-01  THRVAR  =  1.00D-10
 THRLOC  =  1.00D-06  THRGAP  =  1.00D-06  THRLOCT = -1.00D+00  THRGAPT = -1.00D+00  THRORB  =  1.00D-06  THRMLTP =  0.00D+00
 THRCPQCI=  1.00D-10  KEXTA   =  0.00D+00  THRCOARS=  0.00D+00  SYMTOL  =  1.00D-06  GRADTOL =  1.00D-06  THROVL  =  1.00D-08
 THRORTH =  1.00D-08  THRDLOVL= -1.00D+00  GRID    =  1.00D-06  GRIDMAX =  1.00D-03  DTMAX   =  0.00D+00  THROCCDE=  1.00D-01
 THROCCDE=  1.00D-01  THRPRINT=  2.50D-01

 SETTING GEOMTYP        =    XYZ


 Using masses of most abundant isotopes

 **********************************************************************************************************************************


 Atomic masses

 Center       Mass
 F         18.99840
 H          1.00782
 SETTING BASIS          =    USERDEF


 Recomputing integrals since basis changed


 Using spherical harmonics



 PROGRAM * SEWARD (Integral evaluation for generally contracted gaussian basis sets)     Author: Roland Lindh, 1990

 Geometry written to block  1 of record 700


 Point group  C2v 



 ATOMIC COORDINATES

 NR  ATOM    CHARGE       X              Y              Z

   1  F       9.00    0.000000000    0.000000000    0.173055449
   2  H       1.00    0.000000000    0.000000000   -1.557497154

 Bond lengths in Bohr (Angstrom)

 1-2  1.730552603
     ( 0.915769000)

 NUCLEAR CHARGE:                   10
 NUMBER OF PRIMITIVE AOS:         241
 NUMBER OF SYMMETRY AOS:          193
 NUMBER OF CONTRACTIONS:           85   (   35A1  +   20B1  +   20B2  +   10A2  )
 NUMBER OF INNER CORE ORBITALS:     0   (    0A1  +    0B1  +    0B2  +    0A2  )
 NUMBER OF OUTER CORE ORBITALS:     1   (    1A1  +    0B1  +    0B2  +    0A2  )
 NUMBER OF VALENCE ORBITALS:        5   (    3A1  +    1B1  +    1B2  +    0A2  )


 NUCLEAR REPULSION ENERGY    5.20065093

 EXTRA SYMMETRY OF AOS IN SYMMETRY 1:   1 1 1 1 1 1 1 1 1 1   2 1 2 1 2 1 2 1 2 1   3 2 1 1 1 1 1 1 1 1   2 1 2 1 2
 EXTRA SYMMETRY OF AOS IN SYMMETRY 2:   1 1 1 1 1 1 1 1 2 1   2 1 2 1 1 1 1 1 1 2
 EXTRA SYMMETRY OF AOS IN SYMMETRY 3:   1 1 1 1 1 1 1 1 2 1   2 1 2 1 1 1 1 1 1 2
 EXTRA SYMMETRY OF AOS IN SYMMETRY 4:   1 1 1 1 1 1 2 1 1 1

 Eigenvalues of metric

         1 0.259E-03 0.416E-02 0.922E-02 0.916E-01 0.156E+00 0.215E+00 0.286E+00 0.609E+00
         2 0.201E-02 0.113E+00 0.198E+00 0.569E+00 0.614E+00 0.796E+00 0.913E+00 0.100E+01
         3 0.201E-02 0.113E+00 0.198E+00 0.569E+00 0.614E+00 0.796E+00 0.913E+00 0.100E+01
         4 0.916E-01 0.609E+00 0.833E+00 0.100E+01 0.100E+01 0.100E+01 0.100E+01 0.121E+01


 Contracted 2-electron integrals neglected if value below      1.0D-18
 AO integral compression algorithm  1   Integral accuracy      1.0D-18

     15.466 MB (compressed) written to integral file ( 90.6%)

     Node minimum: 1.573 MB, node maximum: 2.359 MB


 NUMBER OF SORTED TWO-ELECTRON INTEGRALS:     216492.     BUFFER LENGTH:  32768
 NUMBER OF SEGMENTS:   1  SEGMENT LENGTH:     216492      RECORD LENGTH: 524288

 Memory used in sort:       0.77 MW

 SORT1 READ     2107236. AND WROTE      173355. INTEGRALS IN      1 RECORDS. CPU TIME:     0.05 SEC, REAL TIME:     0.05 SEC
 SORT2 READ     1421374. AND WROTE     1763965. INTEGRALS IN     72 RECORDS. CPU TIME:     0.00 SEC, REAL TIME:     0.01 SEC

 Node minimum:      216492.  Node maximum:      224332. integrals

 OPERATOR DM      FOR CENTER  0  COORDINATES:    0.000000    0.000000    0.000000


 **********************************************************************************************************************************
 DATASETS  * FILE   NREC   LENGTH (MB)   RECORD NAMES
              1      18       28.99       500      610      700      900      950      970     1000      129      960     1100   
                                          VAR    BASINP    GEOM    SYMINP    ZMAT    AOBASIS   BASIS     P2S    ABASIS      S 
                                         1400     1410     1200     1210     1080     1600     1650     1700   
                                           T        V       H0       H01     AOSYM     SMH    MOLCAS    OPER   

 PROGRAMS   *        TOTAL       INT
 CPU TIMES  *         0.86      0.68
 REAL TIME  *         2.30 SEC
 DISK USED  *        29.30 MB (local),      277.47 MB (total)
 GA USED    *         0.00 MB       (max)       0.00 MB       (current)
 **********************************************************************************************************************************


 Program * Restricted Hartree-Fock

 Orbital guess generated from atomic densities.

 Initial occupancy:   3   1   1   0

 NELEC=   10   SYM=1   MS2= 0   THRE=1.0D-12   THRD=1.0D-06   THRG=1.0D-06  HFMA2=F  DIIS_START=2   DIIS_MAX=10   DIIS_INCORE=F

 Level shifts:    0.00 (CLOSED)    0.00 (OPEN)    0.30 (GAP_MIN)

 ITER           ETOT              DE          GRAD        DDIFF     DIIS  NEXP   TIME(IT)  TIME(TOT)  DIAG
   1     -100.04346295    -100.04346295     0.00D+00     0.13D+00     0     0       0.00      0.01    start
   2     -100.06387405      -0.02041110     0.17D-01     0.62D-02     1     0       0.00      0.01    diag
   3     -100.07030474      -0.00643069     0.10D-01     0.19D-02     2     0       0.00      0.01    diag
   4     -100.07042160      -0.00011686     0.95D-03     0.33D-03     3     0       0.01      0.02    diag
   5     -100.07043830      -0.00001671     0.30D-03     0.15D-03     4     0       0.00      0.02    diag
   6     -100.07043967      -0.00000137     0.68D-04     0.51D-04     5     0       0.00      0.02    diag
   7     -100.07043972      -0.00000004     0.11D-04     0.99D-05     6     0       0.00      0.02    diag
   8     -100.07043972      -0.00000000     0.12D-05     0.97D-06     7     0       0.00      0.02    fixocc
   9     -100.07043972      -0.00000000     0.12D-06     0.14D-06     8     0       0.00      0.02    diag
  10     -100.07043972       0.00000000     0.72D-08     0.54D-08     9     0       0.01      0.03    diag/orth
  11     -100.07043972       0.00000000     0.49D-09     0.53D-09     0     0       0.00      0.03    diag

 Final occupancy:   3   1   1   0

 !RHF STATE 1.1 Energy               -100.070439717708
  RHF One-electron energy            -150.615508121547
  RHF Two-electron energy              45.344417477539
  RHF Kinetic energy                  100.037122916480
  RHF Nuclear energy                    5.200650926300
  RHF Virial quotient                  -1.000333044376

 !RHF STATE 1.1 Dipole moment           0.00000000     0.00000000    -0.75983229
 Dipole moment /Debye                   0.00000000     0.00000000    -1.93130103

 Orbital energies:

           1.1          2.1          3.1          4.1          5.1
    -26.293907    -1.600931    -0.768192     0.169571     0.513198

           1.2          2.2          3.2
     -0.650153     0.562392     0.702420

           1.3          2.3          3.3
     -0.650153     0.562392     0.702420

           1.4          2.4
      1.268114     1.884814


 HOMO      1.3    -0.650153 =     -17.6916eV
 LUMO      4.1     0.169571 =       4.6143eV
 LUMO-HOMO         0.819724 =      22.3058eV

 Orbitals saved in record  2100.2


 **********************************************************************************************************************************
 DATASETS  * FILE   NREC   LENGTH (MB)   RECORD NAMES
              1      18       29.00       500      610      700      900      950      970     1000      129      960     1100   
                                          VAR    BASINP    GEOM    SYMINP    ZMAT    AOBASIS   BASIS     P2S    ABASIS      S 
                                         1400     1410     1200     1210     1080     1600     1650     1700   
                                           T        V       H0       H01     AOSYM     SMH    MOLCAS    OPER   

              2       4        0.41       700     1000      520     2100   
                                         GEOM     BASIS   MCVARS     RHF  

 PROGRAMS   *        TOTAL    HF-SCF       INT
 CPU TIMES  *         1.02      0.17      0.68
 REAL TIME  *         2.60 SEC
 DISK USED  *        29.62 MB (local),      280.02 MB (total)
 GA USED    *         0.00 MB       (max)       0.00 MB       (current)
 **********************************************************************************************************************************


 PROGRAM * MP2 (Closed-shell)     Authors: C. Hampel, H.-J. Werner, 1991, M. Deegan, P.J. Knowles, 1992


 Convergence thresholds:  THRVAR = 1.00D-15  THRDEN = 1.00D-11

 Number of core orbitals:           1 (   1   0   0   0 )
 Number of closed-shell orbitals:   4 (   2   1   1   0 )
 Number of external orbitals:      80 (  32  19  19  10 )

 Molecular orbitals read from record     2100.2  Type=RHF/CANONICAL  

 Number of N-1 electron functions:               4
 Number of N-2 electron functions:              10
 Number of singly external CSFs:               102
 Number of doubly external CSFs:             13444
 Total number of CSFs:                       13547

 Length of J-op  integral file:               0.00 MB
 Length of K-op  integral file:               0.15 MB

 Integral transformation finished. Total CPU:   0.01 sec, npass=  1  Memory used:   0.09 MW

 Memory needed for MP2:                      0.01 MW

 SCS-MP2 correlation energy:           -0.296710068586   (PS=  1.200000  PT=  0.333333)
 SCS-MP2 total energy:               -100.367149786294


  Reference energy                   -100.070439717708
  MP2 singlet pair energy              -0.189741626806
  MP2 triplet pair energy              -0.110925187101
  MP2 correlation energy               -0.300666813907

 !MP2 total energy                   -100.371106531615


 **********************************************************************************************************************************
 DATASETS  * FILE   NREC   LENGTH (MB)   RECORD NAMES
              1      19       29.25       500      610      700      900      950      970     1000      129      960     1100   
                                          VAR    BASINP    GEOM    SYMINP    ZMAT    AOBASIS   BASIS     P2S    ABASIS      S 
                                         1400     1410     1200     1210     1080     1600     1650     1700     1380   
                                           T        V       H0       H01     AOSYM     SMH    MOLCAS    OPER     JKOP   

              2       4        0.41       700     1000      520     2100   
                                         GEOM     BASIS   MCVARS     RHF  

 PROGRAMS   *        TOTAL       MP2    HF-SCF       INT
 CPU TIMES  *         1.12      0.10      0.17      0.68
 REAL TIME  *         2.71 SEC
 DISK USED  *        29.72 MB (local),      280.86 MB (total)
 SF USED    *         0.63 MB
 GA USED    *         0.00 MB       (max)       0.00 MB       (current)
 **********************************************************************************************************************************
 SETTING E2             =      -100.37110653  AU                              
 SETTING BASIS          =    USERDEF


 Recomputing integrals since basis changed


 Using spherical harmonics



 PROGRAM * SEWARD (Integral evaluation for generally contracted gaussian basis sets)     Author: Roland Lindh, 1990

 Geometry written to block  1 of record 700


 Point group  C2v 



 ATOMIC COORDINATES

 NR  ATOM    CHARGE       X              Y              Z

   1  F       9.00    0.000000000    0.000000000    0.173055449
   2  H       1.00    0.000000000    0.000000000   -1.557497154

 Bond lengths in Bohr (Angstrom)

 1-2  1.730552603
     ( 0.915769000)

 NUCLEAR CHARGE:                   10
 NUMBER OF PRIMITIVE AOS:         166
 NUMBER OF SYMMETRY AOS:          145
 NUMBER OF CONTRACTIONS:           44   (   20A1  +   10B1  +   10B2  +    4A2  )
 NUMBER OF INNER CORE ORBITALS:     0   (    0A1  +    0B1  +    0B2  +    0A2  )
 NUMBER OF OUTER CORE ORBITALS:     1   (    1A1  +    0B1  +    0B2  +    0A2  )
 NUMBER OF VALENCE ORBITALS:        5   (    3A1  +    1B1  +    1B2  +    0A2  )


 NUCLEAR REPULSION ENERGY    5.20065093

 EXTRA SYMMETRY OF AOS IN SYMMETRY 1:   1 1 1 1 1 1 1 1 2 1   2 1 2 1 1 1 1 1 1 2
 EXTRA SYMMETRY OF AOS IN SYMMETRY 2:   1 1 1 1 1 1 2 1 1 1
 EXTRA SYMMETRY OF AOS IN SYMMETRY 3:   1 1 1 1 1 1 2 1 1 1

 Eigenvalues of metric

         1 0.152E-02 0.711E-01 0.899E-01 0.485E+00 0.591E+00 0.704E+00 0.785E+00 0.100E+01
         2 0.390E-01 0.469E+00 0.691E+00 0.100E+01 0.100E+01 0.100E+01 0.100E+01 0.135E+01
         3 0.390E-01 0.469E+00 0.691E+00 0.100E+01 0.100E+01 0.100E+01 0.100E+01 0.135E+01
         4 0.485E+00 0.100E+01 0.100E+01 0.152E+01


 Contracted 2-electron integrals neglected if value below      1.0D-18
 AO integral compression algorithm  1   Integral accuracy      1.0D-18

     2.097 MB (compressed) written to integral file (100.0%)

     Node minimum: 0.262 MB, node maximum: 0.262 MB


 NUMBER OF SORTED TWO-ELECTRON INTEGRALS:      15662.     BUFFER LENGTH:  32768
 NUMBER OF SEGMENTS:   1  SEGMENT LENGTH:      15662      RECORD LENGTH: 524288

 Memory used in sort:       0.57 MW

 SORT1 READ      164934. AND WROTE       12566. INTEGRALS IN      1 RECORDS. CPU TIME:     0.01 SEC, REAL TIME:     0.01 SEC
 SORT2 READ      108724. AND WROTE      137265. INTEGRALS IN      8 RECORDS. CPU TIME:     0.00 SEC, REAL TIME:     0.01 SEC

 Node minimum:       15662.  Node maximum:       18133. integrals

 OPERATOR DM      FOR CENTER  0  COORDINATES:    0.000000    0.000000    0.000000


 **********************************************************************************************************************************
 DATASETS  * FILE   NREC   LENGTH (MB)   RECORD NAMES
              1      18       28.84       500      610      700      900      950      970     1001      129      960     1100   
                                          VAR    BASINP    GEOM    SYMINP    ZMAT    AOBASIS   BASIS     P2S    ABASIS      S 
                                         1400     1410     1200     1210     1080     1600     1650     1700   
                                           T        V       H0       H01     AOSYM     SMH    MOLCAS    OPER   

              2       5        0.45       700     1000      520     2100     1001   
                                         GEOM     BASIS   MCVARS     RHF     BASIS   

 PROGRAMS   *        TOTAL       INT       MP2    HF-SCF       INT
 CPU TIMES  *         1.86      0.73      0.10      0.17      0.68
 REAL TIME  *         3.55 SEC
 DISK USED  *        29.72 MB (local),      280.86 MB (total)
 SF USED    *         0.63 MB
 GA USED    *         0.00 MB       (max)       0.00 MB       (current)
 **********************************************************************************************************************************


 Program * Restricted Hartree-Fock

 Molecular orbitals read from record     2100.2  Type=RHF/CANONICAL  

 Present basis size:       20   10   10    4
 Previous basis size:      35   20   20   10
 Previous occupation:       3    1    1    0
 Previous closed-shells:    3    1    1    0
 Previous core-orbitals:    1    0    0    0
 Present occupation:        3    1    1    0
 Present closed-shells:     3    1    1    0
 Present core-orbitals:     1    0    0    0
 Wavefunction symmetry:    1   Singlet 

 Orbital overlap <old|new>:  < 1.1| 1.1> = 1.000000   < 2.1| 2.1> = 0.999988   < 3.1| 3.1> = 0.999971   < 1.2| 1.2> = 0.999994
                             < 1.3| 1.3> = 0.999994


 Initial occupancy:   3   1   1   0

 NELEC=   10   SYM=1   MS2= 0   THRE=1.0D-12   THRD=1.0D-06   THRG=1.0D-06  HFMA2=F  DIIS_START=2   DIIS_MAX=10   DIIS_INCORE=F

 Level shifts:    0.00 (CLOSED)    0.00 (OPEN)    0.30 (GAP_MIN)

 ITER           ETOT              DE          GRAD        DDIFF     DIIS  NEXP   TIME(IT)  TIME(TOT)  DIAG
   1     -100.06905574    -100.06905574     0.00D+00     0.23D+00     0     0       0.00      0.01    start
   2     -100.06929406      -0.00023832     0.24D-02     0.35D-02     1     0       0.00      0.01    diag
   3     -100.06929887      -0.00000481     0.27D-03     0.35D-03     2     0       0.00      0.01    diag
   4     -100.06929903      -0.00000016     0.35D-04     0.34D-04     3     0       0.00      0.01    diag
   5     -100.06929905      -0.00000002     0.13D-04     0.99D-05     4     0       0.00      0.01    diag
   6     -100.06929905      -0.00000000     0.61D-05     0.50D-05     5     0       0.00      0.01    diag
   7     -100.06929905      -0.00000000     0.11D-05     0.96D-06     6     0       0.00      0.01    diag
   8     -100.06929905      -0.00000000     0.18D-06     0.15D-06     7     0       0.00      0.01    fixocc
   9     -100.06929905      -0.00000000     0.22D-07     0.25D-07     8     0       0.00      0.01    diag
  10     -100.06929905       0.00000000     0.13D-08     0.74D-09     0     0       0.00      0.01    diag/orth

 Final occupancy:   3   1   1   0

 !RHF STATE 1.1 Energy               -100.069299049901
  RHF One-electron energy            -150.624154100443
  RHF Two-electron energy              45.354204124241
  RHF Kinetic energy                  100.041674484312
  RHF Nuclear energy                    5.200650926300
  RHF Virial quotient                  -1.000276130580

 !RHF STATE 1.1 Dipole moment           0.00000000     0.00000000    -0.76361504
 Dipole moment /Debye                   0.00000000     0.00000000    -1.94091583

 Orbital energies:

           1.1          2.1          3.1          4.1          5.1
    -26.292104    -1.599950    -0.766931     0.209807     0.715385

           1.2          2.2          3.2
     -0.649444     0.745506     1.025424

           1.3          2.3          3.3
     -0.649444     0.745506     1.025424

           1.4          2.4
      1.709706     2.664950


 HOMO      1.3    -0.649444 =     -17.6723eV
 LUMO      4.1     0.209807 =       5.7091eV
 LUMO-HOMO         0.859251 =      23.3814eV

 Orbitals saved in record  2101.2


 **********************************************************************************************************************************
 DATASETS  * FILE   NREC   LENGTH (MB)   RECORD NAMES
              1      18       28.84       500      610      700      900      950      970     1001      129      960     1100   
                                          VAR    BASINP    GEOM    SYMINP    ZMAT    AOBASIS   BASIS     P2S    ABASIS      S 
                                         1400     1410     1200     1210     1080     1600     1650     1700   
                                           T        V       H0       H01     AOSYM     SMH    MOLCAS    OPER   

              2       6        0.56       700     1000      520     2100     1001     2101   
                                         GEOM     BASIS   MCVARS     RHF     BASIS     RHF  

 PROGRAMS   *        TOTAL    HF-SCF       INT       MP2    HF-SCF       INT
 CPU TIMES  *         1.94      0.08      0.73      0.10      0.17      0.68
 REAL TIME  *         3.83 SEC
 DISK USED  *        29.72 MB (local),      280.86 MB (total)
 SF USED    *         0.63 MB
 GA USED    *         0.00 MB       (max)       0.00 MB       (current)
 **********************************************************************************************************************************


 PROGRAM * MP2 (Closed-shell)     Authors: C. Hampel, H.-J. Werner, 1991, M. Deegan, P.J. Knowles, 1992


 Convergence thresholds:  THRVAR = 1.00D-15  THRDEN = 1.00D-11

 Number of core orbitals:           1 (   1   0   0   0 )
 Number of closed-shell orbitals:   4 (   2   1   1   0 )
 Number of external orbitals:      39 (  17   9   9   4 )

 Molecular orbitals read from record     2101.2  Type=RHF/CANONICAL (state 1.1)

 Number of N-1 electron functions:               4
 Number of N-2 electron functions:              10
 Number of singly external CSFs:                52
 Number of doubly external CSFs:              3289
 Total number of CSFs:                        3342

 Length of J-op  integral file:               0.00 MB
 Length of K-op  integral file:               0.04 MB

 Integral transformation finished. Total CPU:   0.00 sec, npass=  1  Memory used:   0.07 MW

 Memory needed for MP2:                      0.00 MW

 SCS-MP2 correlation energy:           -0.273023903697   (PS=  1.200000  PT=  0.333333)
 SCS-MP2 total energy:               -100.342322953599


  Reference energy                   -100.069299049901
  MP2 singlet pair energy              -0.172077561081
  MP2 triplet pair energy              -0.106924548858
  MP2 correlation energy               -0.279002109938

 !MP2 total energy                   -100.348301159840


 **********************************************************************************************************************************
 DATASETS  * FILE   NREC   LENGTH (MB)   RECORD NAMES
              1      19       28.92       500      610      700      900      950      970     1001      129      960     1100   
                                          VAR    BASINP    GEOM    SYMINP    ZMAT    AOBASIS   BASIS     P2S    ABASIS      S 
                                         1400     1410     1200     1210     1080     1600     1650     1700     1380   
                                           T        V       H0       H01     AOSYM     SMH    MOLCAS    OPER     JKOP   

              2       6        0.56       700     1000      520     2100     1001     2101   
                                         GEOM     BASIS   MCVARS     RHF     BASIS     RHF  

 PROGRAMS   *        TOTAL       MP2    HF-SCF       INT       MP2    HF-SCF       INT
 CPU TIMES  *         2.04      0.09      0.08      0.73      0.10      0.17      0.68
 REAL TIME  *         3.93 SEC
 DISK USED  *        29.72 MB (local),      280.86 MB (total)
 SF USED    *         0.63 MB
 GA USED    *         0.00 MB       (max)       0.00 MB       (current)
 **********************************************************************************************************************************
 SETTING EMP2           =      -100.34830116  AU                              


 PROGRAM * CCSD (Closed-shell coupled cluster)     Authors: C. Hampel, H.-J. Werner, 1991, M. Deegan, P.J. Knowles, 1992


 Convergence thresholds:  THRVAR = 1.00D-15  THRDEN = 1.00D-11

 CCSD(T)     terms to be evaluated (factor= 1.000)


 Number of core orbitals:           1 (   1   0   0   0 )
 Number of closed-shell orbitals:   4 (   2   1   1   0 )
 Number of external orbitals:      39 (  17   9   9   4 )

 Molecular orbitals read from record     2101.2  Type=RHF/CANONICAL (state 1.1)

 Number of N-1 electron functions:               4
 Number of N-2 electron functions:              10
 Number of singly external CSFs:                52
 Number of doubly external CSFs:              3289
 Total number of CSFs:                        3342

 Length of J-op  integral file:               0.00 MB
 Length of K-op  integral file:               0.04 MB
 Length of 3-ext integral record:             0.00 MB

 Memory could be reduced to 0.16 Mwords without degradation in triples

 Integral transformation finished. Total CPU:   0.01 sec, npass=  1  Memory used:   0.09 MW

 Reference energy:                   -100.06929905

 MP2 singlet pair energy:              -0.17207756
 MP2 triplet pair energy:              -0.10692455
 MP2 correlation energy:               -0.27900211
 MP2 total energy:                   -100.34830116

 SCS-MP2 correlation energy:           -0.27302390   (PS=  1.200000  PT=  0.333333)
 SCS-MP2 total energy:               -100.34232295

 ITER.      SQ.NORM     CORR.ENERGY   TOTAL ENERGY   ENERGY CHANGE        DEN1      VAR(S)    VAR(P)  DIIS     TIME  TIME/IT
   1      1.04959464    -0.28122241  -100.35052146    -0.00222030     0.00259076  0.62D-03  0.65D-03  1  1     0.02     0.00
   2      1.05201743    -0.28124720  -100.35054625    -0.00002479    -0.00414968  0.25D-05  0.69D-04  2  2     0.02     0.00
   3      1.05266324    -0.28128776  -100.35058681    -0.00004057    -0.00055593  0.36D-05  0.27D-05  3  3     0.02     0.00
   4      1.05285022    -0.28127257  -100.35057162     0.00001519    -0.00013307  0.42D-07  0.18D-06  4  4     0.03     0.00
   5      1.05288009    -0.28127201  -100.35057106     0.00000057    -0.00001993  0.89D-08  0.64D-08  5  5     0.03     0.00
   6      1.05288394    -0.28127136  -100.35057041     0.00000065    -0.00000141  0.91D-09  0.23D-09  6  6     0.03     0.00
   7      1.05288462    -0.28127137  -100.35057042    -0.00000001    -0.00000022  0.11D-09  0.29D-10  6  1     0.03     0.00
   8      1.05288466    -0.28127140  -100.35057045    -0.00000002     0.00000022  0.71D-11  0.22D-11  6  2     0.04     0.00
   9      1.05288475    -0.28127137  -100.35057042     0.00000002    -0.00000003  0.17D-12  0.15D-12  6  3     0.04     0.00
  10      1.05288474    -0.28127138  -100.35057043    -0.00000000     0.00000001  0.77D-14  0.56D-14  6  4     0.04     0.00
  11      1.05288474    -0.28127138  -100.35057043    -0.00000000     0.00000000  0.11D-14  0.24D-15  6  5     0.04     0.00
  12      1.05288474    -0.28127138  -100.35057043    -0.00000000     0.00000000  0.35D-16  0.24D-16  6  6     0.04     0.00
  13      1.05288474    -0.28127138  -100.35057043    -0.00000000     0.00000000  0.16D-17  0.19D-17  6  2     0.05     0.00
  14      1.05288474    -0.28127138  -100.35057043    -0.00000000     0.00000000  0.53D-19  0.26D-19  6  1     0.05     0.00
  15      1.05288474    -0.28127138  -100.35057043    -0.00000000    -0.00000000  0.14D-20  0.23D-20  6  4     0.05     0.00

 Norm of t1 vector:      0.02949880      S-energy:     0.00000000      T1 diagnostic:  0.00737470
                                                                       D1 diagnostic:  0.01178703
                                                                       D2 diagnostic:  0.11931154 (internal)


 Total CPU time for triples:      0.00 sec


 RESULTS
 =======

  Reference energy                   -100.069299049901
  CCSD singlet pair energy             -0.185631174085
  CCSD triplet pair energy             -0.095640203543
  CCSD correlation energy              -0.281271377623

  Triples (T) contribution             -0.006929099740
  Total correlation energy             -0.288200477362

  CCSD total energy                  -100.350570427524
  CCSD[T] energy                     -100.357778609282
  CCSD-T energy                      -100.357329479846
 !CCSD(T) total energy               -100.357499527264

 Timing summary (sec):

 STEP                 CPU(USER)    SYS     CPU(TOT)    WALL
 Transformation          0.01      0.00      0.01      0.00
 CCSD iterations         0.04      0.01      0.05      0.05

 Program statistics:

 Available memory in ccsd:              1499999927
 Min. memory needed in ccsd:                 18178
 Max. memory used in ccsd:                   20183
 Max. memory used in cckext:                 51386 (15 integral passes)



 **********************************************************************************************************************************
 DATASETS  * FILE   NREC   LENGTH (MB)   RECORD NAMES
              1      19       29.16       500      610      700      900      950      970     1001      129      960     1100   
                                          VAR    BASINP    GEOM    SYMINP    ZMAT    AOBASIS   BASIS     P2S    ABASIS      S 
                                         1400     1410     1200     1210     1080     1600     1650     1700     1380   
                                           T        V       H0       H01     AOSYM     SMH    MOLCAS    OPER     JKOP   

              2       6        0.56       700     1000      520     2100     1001     2101   
                                         GEOM     BASIS   MCVARS     RHF     BASIS     RHF  

 PROGRAMS   *        TOTAL   CCSD(T)       MP2    HF-SCF       INT       MP2    HF-SCF       INT
 CPU TIMES  *         2.16      0.13      0.09      0.08      0.73      0.10      0.17      0.68
 REAL TIME  *         4.06 SEC
 DISK USED  *        30.15 MB (local),      281.61 MB (total)
 SF USED    *         0.66 MB
 GA USED    *         0.00 MB       (max)       0.00 MB       (current)
 **********************************************************************************************************************************
 SETTING EHLC           =        -0.00919837  AU                              
 SETTING ETOTAL         =      -100.38030490  AU                              
 E2               =      -100.37110653 AU
 EMP2             =      -100.34830116 AU
 EHLC             =        -0.00919837 AU
 ETOTAL           =      -100.38030490 AU
 _ECHARG          =         0.00000000 C
 _ENULL           =         0.00000000 C/Vm
 _EMASS           =         0.00000000 kg
 _EV              =         0.03674932 HARTREE
 _EHOMO           =        -0.64944386  
 _ELUMO           =         0.20980713  
 _EMP2            =      -100.34830116 AU
 _EMP2_SING       =        -0.17207756 AU
 _EMP2_TRIP       =        -0.10692455 AU
 _EMP2_SCS        =      -100.34232295 AU
 _ECSING          =        -0.18563117 AU
 _ECTRIP          =        -0.09564020 AU
 _ENERGC          =      -100.35057043 AU
 _ENERG_CC        =         0.00000000 AU
 _ENERG_CV        =         0.00000000 AU
 _ENERG_VV        =        -0.28127138 AU
 _ENERGR          =      -100.06929905 AU
 _ENERGT(1:3)     = [    -100.35749953  -100.35777861  -100.35732948] AU
 _ENERGY          =      -100.35749953 AU
 _ENERGY_METHOD   =    CCSD(T)
 _ENERGY_BASIS    =    USERDEF
 _ENUC            =         5.20065093 AU
 _ECDIAG          =        -0.08756042 AU
 _EPDIAG          =        -0.08756042 AU
 _ERF             =    ERF
 _ERFC            =    ERFC
 _EXP             =    EXP
 _EMBEDENERGY     =         0.00000000 AU
 _EMBE_CORR       =         0.00000000 AU
 _EMBED_SCF                       =    FALSE   
 _EOMCCSD_CONV                    =    FALSE   


 PROGRAM * OPT (Geometry optimization)     Authors: F. Eckert and H.-J. Werner


 Using mppx in numerical gradients

 BFGS update of hessian

 Geometry optimization using start command=LABEL1

 Optimizing variable ETOTAL; current value:   -100.38030490 AU

 Geometry written to block  1 of record 700

 *** Long output written to logfile /gpfs01/work/emmanous/6Frequencies/implementation/MOLPRO/G4-Tano-v1/EXAMPLE_HF/hf.opt.log ***


 Generated   1 symmetrical displacements

 Making model hessian for cartesian coordinates

 Entering Rational Function Geometry Optimization

 ITER.   ENERGY(OLD)    ENERGY(NEW)      DE          GRADMAX     GRADNORM    GRADRMS     STEPMAX     STEPLEN     STEPRMS   CPU-time
   1  -100.38030490  -100.38031004    -0.00000514  0.00376899  0.00376899  0.00376899  0.00239481  0.00239481  0.00169339      8.18
   2  -100.38031004  -100.38031020    -0.00000016  0.00076094  0.00076094  0.00076094  0.00060581  0.00060581  0.00042837     15.70
   3  -100.38031020  -100.38031021    -0.00000001  0.00000623  0.00000623  0.00000623  0.00000500  0.00000500  0.00000354     23.90

 END OF GEOMETRY OPTIMIZATION.

 Geometry written to block  1 of record 700

 Current geometry (xyz format, in Angstrom)

    2
 CCSD(T)/USERDEF  ENERGY=-100.38031021
 F          0.0000000000        0.0000000000        0.0927016595
 H          0.0000000000        0.0000000000       -0.8253166595

 **********************************************************************************************************************************


 **********************************************************************************************************************************
 DATASETS  * FILE   NREC   LENGTH (MB)   RECORD NAMES
              1      19       29.16       500      610      700      900      950      970     1001      129      960     1100   
                                          VAR    BASINP    GEOM    SYMINP    ZMAT    AOBASIS   BASIS     P2S    ABASIS      S 
                                         1400     1410     1200     1210     1080     1600     1650     1700     1380   
                                           T        V       H0       H01     AOSYM     SMH    MOLCAS    OPER     JKOP   

              2       8        0.70       700     1000      520     2100     1001     2101     5600     2102   
                                         GEOM     BASIS   MCVARS     RHF     BASIS     RHF     GINFO     RHF  

 PROGRAMS   *        TOTAL      OPTG   CCSD(T)       MP2    HF-SCF       INT       MP2    HF-SCF       INT
 CPU TIMES  *        26.07     23.90      0.13      0.09      0.08      0.73      0.10      0.17      0.68
 REAL TIME  *        43.83 SEC
 DISK USED  *        63.63 MB (local),      451.06 MB (total)
 SF USED    *         0.66 MB
 GA USED    *         0.00 MB       (max)       0.00 MB       (current)
 **********************************************************************************************************************************

 CCSD(T)/USERDEF//CCSD(T)/USERDEF energy=   -100.357517724200

   OPTG(CCSD(T))         CCSD(T)             MP2          HF-SCF             MP2          HF-SCF
   -100.38031021   -100.35749953   -100.34830116   -100.06929905   -100.37110653   -100.07043972
 **********************************************************************************************************************************
 Molpro calculation terminated
