 Cartesian Coordinates are in [bohr]
 Creating new Variables:
 FX1               0.00000000
 FY1               0.00000000
 FZ1               0.17405770
 HX2               0.00000000
 HY2               0.00000000
 HZ2              -1.55849940
 Task   1   Incrementing variable FX1   by    0.010 BOH (Skipping negative increment due to symmetry).
 Task   2   Incrementing variable FY1   by    0.010 BOH (Skipping negative increment due to symmetry).
 Task   3   Incrementing variable FZ1   by    0.010 BOH
 Task   4   Incrementing variable FZ1   by   -0.010 BOH
 Task   5   Incrementing variable HX2   by    0.010 BOH (Skipping negative increment due to symmetry).
 Task   6   Incrementing variable HY2   by    0.010 BOH (Skipping negative increment due to symmetry).
 Task   7   Incrementing variable HZ2   by    0.010 BOH
 Task   8   Incrementing variable HZ2   by   -0.010 BOH

 Switching to mppx mode, nproc=  8

 Starting task   1.  CPU=     0.00 sec, Elapsed=     0.00 sec
 Incrementing variable FX1              by  0.010000 BOH   to    0.010000 BOH


 Using spherical harmonics

 Library entry F      S def2-TZVP            selected for orbital group  1
 Library entry F      P def2-TZVP            selected for orbital group  1
 Library entry F      D def2-TZVP            selected for orbital group  1
 Library entry F      F def2-TZVP            selected for orbital group  1
 Library entry H      S def2-TZVP            selected for orbital group  2
 Library entry H      P def2-TZVP            selected for orbital group  2


 PROGRAM * SEWARD (Integral evaluation for generally contracted gaussian basis sets)     Author: Roland Lindh, 1990

 Geometry written to block  1 of record 702


 Point group  Cs  



 ATOMIC COORDINATES

 NR  ATOM    CHARGE       X              Y              Z

   1  F       9.00    0.010000000    0.000000000    0.174057698
   2  H       1.00    0.000000000    0.000000000   -1.558499403

 Bond lengths in Bohr (Angstrom)

 1-2  1.732585961
     ( 0.916845006)

 NUCLEAR CHARGE:                   10
 NUMBER OF PRIMITIVE AOS:          59
 NUMBER OF SYMMETRY AOS:           54
 NUMBER OF CONTRACTIONS:           37   (   26A'  +   11A"  )
 NUMBER OF INNER CORE ORBITALS:     0   (    0A'  +    0A"  )
 NUMBER OF OUTER CORE ORBITALS:     1   (    1A'  +    0A"  )
 NUMBER OF VALENCE ORBITALS:        5   (    4A'  +    1A"  )

 SYMMETRY CHANGED: INITIALIZING OCCUPATION


 NUCLEAR REPULSION ENERGY    5.19454746


 Eigenvalues of metric

         1 0.151E-01 0.204E-01 0.921E-01 0.114E+00 0.193E+00 0.222E+00 0.314E+00 0.331E+00
         2 0.193E+00 0.314E+00 0.495E+00 0.662E+00 0.852E+00 0.100E+01 0.100E+01 0.107E+01


 Contracted 2-electron integrals neglected if value below      1.0D-18
 AO integral compression algorithm  1   Integral accuracy      1.0D-18

     1.049 MB (compressed) written to integral file ( 89.7%)


 NUMBER OF SORTED TWO-ELECTRON INTEGRALS:     133485.     BUFFER LENGTH:  32768
 NUMBER OF SEGMENTS:   1  SEGMENT LENGTH:     133485      RECORD LENGTH: 524288

 Memory used in sort:       0.69 MW

 SORT1 READ      149757. AND WROTE       82184. INTEGRALS IN      1 RECORDS. CPU TIME:     0.00 SEC, REAL TIME:     0.01 SEC
 SORT2 READ       82184. AND WROTE      133485. INTEGRALS IN      4 RECORDS. CPU TIME:     0.01 SEC, REAL TIME:     0.01 SEC

 FILE SIZES:   FILE 1:    31.3 MBYTE,  FILE 4:     4.2 MBYTE,   TOTAL:     35.5 MBYTE

 OPERATOR DM      FOR CENTER  0  COORDINATES:    0.000000    0.000000    0.000000

 Program * Restricted Hartree-Fock

 Molecular orbitals read from record     2100.2  Type=RHF/CANONICAL  

 Present basis size:       26   11
 Previous basis size:      18    8    8    3
 Previous occupation:       3    1    1    0
 Previous closed-shells:    3    1    1    0
 Previous core-orbitals:    1    0    0    0
 Present occupation:        4    1
 Present closed-shells:     4    1
 Present core-orbitals:     1    0
 Wavefunction symmetry:    1   Singlet 

 Orbital overlap <old|new>:  < 1.1| 1.1> = 0.999070   < 2.1| 2.1> = 0.999921   < 3.1| 3.1> = 0.999992   < 1.2| 4.1> = 0.999992
                             < 1.3| 1.2> = 0.999994


 NELEC=   10   SYM=1   MS2= 0   THRE=1.0D-12   THRD=1.0D-07   THRG=1.0D-07  HFMA2=F  DIIS_START=2   DIIS_MAX=10   DIIS_INCORE=F

 Level shifts:    0.00 (CLOSED)    0.00 (OPEN)    0.30 (GAP_MIN)

 ITER           ETOT              DE          GRAD        DDIFF     DIIS  NEXP   TIME(IT)  TIME(TOT)  DIAG
   1     -100.03188988    -100.03188988     0.00D+00     0.10D+00     0     0       0.00      0.00    start
   2     -100.06307217      -0.03118230     0.65D-01     0.36D-02     1     0       0.00      0.00    diag
   3     -100.06331209      -0.00023992     0.29D-02     0.51D-03     2     0       0.00      0.00    diag
   4     -100.06332115      -0.00000905     0.46D-03     0.12D-03     3     0       0.00      0.00    diag
   5     -100.06332223      -0.00000108     0.11D-03     0.60D-04     4     0       0.00      0.00    diag
   6     -100.06332245      -0.00000022     0.53D-04     0.22D-04     5     0       0.00      0.00    diag
   7     -100.06332247      -0.00000002     0.84D-05     0.95D-05     6     0       0.00      0.00    diag
   8     -100.06332247      -0.00000000     0.20D-05     0.27D-05     7     0       0.01      0.01    fixocc
   9     -100.06332247      -0.00000000     0.36D-06     0.43D-06     8     0       0.00      0.01    diag
  10     -100.06332247      -0.00000000     0.21D-07     0.41D-07     9     0       0.00      0.01    diag/orth
  11     -100.06332247       0.00000000     0.13D-08     0.21D-08     0     0       0.00      0.01    diag

 Final occupancy:   4   1

 !RHF STATE 1.1 Energy               -100.063322471941
  RHF One-electron energy            -150.618947925436
  RHF Two-electron energy              45.361077993763
  RHF Kinetic energy                  100.026869160886
  RHF Nuclear energy                    5.194547459732
  RHF Virial quotient                  -1.000364435190

 !RHF STATE 1.1 Dipole moment          -0.00457790     0.00000000    -0.79314598
 Dipole moment /Debye                  -0.01163585     0.00000000    -2.01597601

 Orbital energies:

           1.1          2.1          3.1          4.1          5.1          6.1
    -26.290652    -1.597822    -0.764787    -0.647568     0.128949     0.576473

           1.2          2.2          3.2
     -0.647568     0.705446     1.627067


 HOMO      4.1    -0.647568 =     -17.6212eV
 LUMO      5.1     0.128949 =       3.5089eV
 LUMO-HOMO         0.776516 =      21.1301eV

 Orbitals saved in record  2101.1


 **********************************************************************************************************************************
 DATASETS  * FILE   NREC   LENGTH (MB)   RECORD NAMES
              1      21       29.57       500      610      700      702      900      950      970     1001      129      960   
                                          VAR    BASINP    GEOM     GEOM    SYMINP    ZMAT    AOBASIS   BASIS     P2S    ABASIS    
                                         1100     1400     1410     1200     1210     1080     1600     1650     1300     1700   
                                           S        T        V       H0       H01     AOSYM     SMH    MOLCAS    ERIS     OPER   
                                         2101   
                                          RHF  

              2       9        0.79       700     1000      520     2100     4100      701     5500      702     1001   
                                         GEOM     BASIS   MCVARS     RHF     CPHF     GEOM     HINFO    GEOM     BASIS   

 PROGRAMS   *        TOTAL    HF-SCF       MP2    HF-SCF       INT
 CPU TIMES  *         1.19      0.57      0.04      0.17      0.28
 REAL TIME  *         2.53 SEC
 DISK USED  *        34.67 MB
 SF USED    *         0.21 MB
 **********************************************************************************************************************************


 PROGRAM * MP2 (Closed-shell)     Authors: C. Hampel, H.-J. Werner, 1991, M. Deegan, P.J. Knowles, 1992


 Convergence thresholds:  THRVAR = 1.00D-16  THRDEN = 1.00D-12

 Number of core orbitals:           1 (   1   0 )
 Number of closed-shell orbitals:   4 (   3   1 )
 Number of external orbitals:      32 (  22  10 )

 Molecular orbitals read from record     2101.1  Type=RHF/CANONICAL (state 1.1)

 Number of N-1 electron functions:               4
 Number of N-2 electron functions:              10
 Number of singly external CSFs:                76
 Number of doubly external CSFs:              4304
 Total number of CSFs:                        4381

 Length of J-op  integral file:               0.00 MB
 Length of K-op  integral file:               0.09 MB

 Integral transformation finished. Total CPU:   0.00 sec, npass=  1  Memory used:   0.08 MW

 Memory needed for MP2:                      0.00 MW

 SCS-MP2 correlation energy:           -0.261226749798   (PS=  1.200000  PT=  0.333333)
 SCS-MP2 total energy:               -100.324549221739


  Reference energy                   -100.063322471941
  MP2 singlet pair energy              -0.164594021050
  MP2 triplet pair energy              -0.102397378722
  MP2 correlation energy               -0.266991399772

 !MP2 total energy                   -100.330313871713

 KEXT needed  1 integral passes. Memory used:   0.06 MW  CPU time:      0.00 sec


 CPHF trial vector read from record  4100.2

 Starting Coupled-perturbed Hartree-Fock, convergence threshold= 1.0D-06

 ITER   MIC  DIIS      VAR         VARC       CPU
   1     0     1    0.56D-03    0.19D-05     0.00
   2     5     2    0.68D-06    0.66D-06     0.00

 CPHF convergence reached in  2 macroiterations and    5 microiterations.   Accuracy: 6.8372D-07

 Dipole moments (unrelaxed):           -0.00451197     0.00000000    -0.78172405
 Orbital relaxation contribution:       0.00010434    -0.00000000     0.01806900
 !MP2 STATE 1.1 Dipole moment          -0.00440763     0.00000000    -0.76365505
 Dipole moment /Debye                  -0.01120307     0.00000000    -1.94101752

 CPU-time for density and lagrangian:                  0.00 sec
 CPU-time for coupled-perturbed hartree-fock:          0.00 sec

 MP2 gradient info saved on record         5200.1


 **********************************************************************************************************************************
 DATASETS  * FILE   NREC   LENGTH (MB)   RECORD NAMES
              1      23       29.73       500      610      700      702      900      950      970     1001      129      960   
                                          VAR    BASINP    GEOM     GEOM    SYMINP    ZMAT    AOBASIS   BASIS     P2S    ABASIS    
                                         1100     1400     1410     1200     1210     1080     1600     1650     1300     1700   
                                           S        T        V       H0       H01     AOSYM     SMH    MOLCAS    ERIS     OPER   
                                         2101     1380     5200   
                                          RHF     JKOP      MP2  

              2       9        0.79       700     1000      520     2100     4100      701     5500      702     1001   
                                         GEOM     BASIS   MCVARS     RHF     CPHF     GEOM     HINFO    GEOM     BASIS   

 PROGRAMS   *        TOTAL       MP2       MP2    HF-SCF       INT
 CPU TIMES  *         1.23      0.04      0.04      0.17      0.28
 REAL TIME  *         2.57 SEC
 DISK USED  *        34.67 MB
 SF USED    *         0.21 MB
 **********************************************************************************************************************************

 PROGRAM * ALASKA (Gradient of the energy)     Author: R. Lindh


 MP2      Gradient info restored from record    5200.1

 Number of core orbitals:           1 (   1   0 )
 Number of closed-shell orbitals:   4 (   3   1 )
 Number of external orbitals:      32 (  22  10 )

 Integral thresholds in T2TRAN:            1.0D-10 (PROD)

 Available memory for Transformation:1497810857 words
 Memory needed for incore algorithm:      23994 words
 Minimum memory needed:                   18632 words

 Memory used for transformation:           0.02 MW
 Available memory for gradients:        1499.79 MW

 CPU for transformation:                   0.00 sec
 CPU for integrals and gradient:           0.02 sec
 Total CPU:                                0.02 sec

 Prescreening statistics:
 ========================

 Total number of shell quadruplets:        2.31D+02
 Number of shell quadruplets processed:    2.31D+02 (100.00%)

 MP2 GRADIENT FOR STATE 1.1

 Atom          dE/dx               dE/dy               dE/dz

   1        -0.000036133         0.000000000        -0.006257520
   2         0.000036133         0.000000000         0.006257520

 Nuclear force contribution to virial =        -0.010841872

 Tasks on processor    0 finished.  CPU=      0.79 sec, Elapsed=      0.89 sec. Waiting for other processors...

 Switching back to mpp mode, nproc=  8


 Recomputing wavefunction at initial geometry


 Using spherical harmonics

 Library entry F      S def2-TZVP            selected for orbital group  1
 Library entry F      P def2-TZVP            selected for orbital group  1
 Library entry F      D def2-TZVP            selected for orbital group  1
 Library entry F      F def2-TZVP            selected for orbital group  1
 Library entry H      S def2-TZVP            selected for orbital group  2
 Library entry H      P def2-TZVP            selected for orbital group  2


 PROGRAM * SEWARD (Integral evaluation for generally contracted gaussian basis sets)     Author: Roland Lindh, 1990

 Geometry written to block  1 of record 700


 Point group  C2v 



 ATOMIC COORDINATES

 NR  ATOM    CHARGE       X              Y              Z

   1  F       9.00    0.000000000    0.000000000    0.174057698
   2  H       1.00    0.000000000    0.000000000   -1.558499403

 Bond lengths in Bohr (Angstrom)

 1-2  1.732557102
     ( 0.916829735)

 NUCLEAR CHARGE:                   10
 NUMBER OF PRIMITIVE AOS:          59
 NUMBER OF SYMMETRY AOS:           54
 NUMBER OF CONTRACTIONS:           37   (   18A1  +    8B1  +    8B2  +    3A2  )
 NUMBER OF INNER CORE ORBITALS:     0   (    0A1  +    0B1  +    0B2  +    0A2  )
 NUMBER OF OUTER CORE ORBITALS:     1   (    1A1  +    0B1  +    0B2  +    0A2  )
 NUMBER OF VALENCE ORBITALS:        5   (    3A1  +    1B1  +    1B2  +    0A2  )


 NUCLEAR REPULSION ENERGY    5.19463398

 EXTRA SYMMETRY OF AOS IN SYMMETRY 1:   1 1 1 1 1 1 1 1 1 2   1 2 1 2 1 1 1 1
 EXTRA SYMMETRY OF AOS IN SYMMETRY 2:   1 1 1 1 1 1 2 1
 EXTRA SYMMETRY OF AOS IN SYMMETRY 3:   1 1 1 1 1 1 2 1

 Eigenvalues of metric

         1 0.151E-01 0.204E-01 0.921E-01 0.114E+00 0.222E+00 0.331E+00 0.495E+00 0.501E+00
         2 0.193E+00 0.314E+00 0.662E+00 0.852E+00 0.100E+01 0.107E+01 0.164E+01 0.226E+01
         3 0.193E+00 0.314E+00 0.662E+00 0.852E+00 0.100E+01 0.107E+01 0.164E+01 0.226E+01
         4 0.495E+00 0.100E+01 0.151E+01


 Contracted 2-electron integrals neglected if value below      1.0D-18
 AO integral compression algorithm  1   Integral accuracy      1.0D-18

     2.097 MB (compressed) written to integral file (100.0%)

     Node minimum: 0.262 MB, node maximum: 0.262 MB


 NUMBER OF SORTED TWO-ELECTRON INTEGRALS:       7840.     BUFFER LENGTH:  32768
 NUMBER OF SEGMENTS:   1  SEGMENT LENGTH:       7840      RECORD LENGTH: 524288

 Memory used in sort:       0.56 MW

 SORT1 READ       77870. AND WROTE        5106. INTEGRALS IN      1 RECORDS. CPU TIME:     0.01 SEC, REAL TIME:     0.01 SEC
 SORT2 READ       47094. AND WROTE       71625. INTEGRALS IN      8 RECORDS. CPU TIME:     0.00 SEC, REAL TIME:     0.01 SEC

 Node minimum:        7811.  Node maximum:        9802. integrals

 OPERATOR DM      FOR CENTER  0  COORDINATES:    0.000000    0.000000    0.000000

 Program * Restricted Hartree-Fock

 Molecular orbitals read from record     2100.2  Type=RHF/CANONICAL  

 NELEC=   10   SYM=1   MS2= 0   THRE=1.0D-12   THRD=1.0D-06   THRG=1.0D-06  HFMA2=F  DIIS_START=2   DIIS_MAX=10   DIIS_INCORE=F

 Level shifts:    0.00 (CLOSED)    0.00 (OPEN)    0.30 (GAP_MIN)

 ITER           ETOT              DE          GRAD        DDIFF     DIIS  NEXP   TIME(IT)  TIME(TOT)  DIAG
   1     -100.06332310    -100.06332310     0.00D+00     0.13D+00     0     0       0.00      0.00    start
   2     -100.06332310       0.00000000     0.36D-08     0.24D-08     1     0       0.00      0.00    diag

 Final occupancy:   3   1   1   0

 !RHF STATE 1.1 Energy               -100.063323098559
  RHF One-electron energy            -150.619093564269
  RHF Two-electron energy              45.361136481499
  RHF Kinetic energy                  100.026902204590
  RHF Nuclear energy                    5.194633984211
  RHF Virial quotient                  -1.000364110986

 !RHF STATE 1.1 Dipole moment           0.00000000     0.00000000    -0.79314760
 Dipole moment /Debye                   0.00000000     0.00000000    -2.01598011

 Orbital energies:

           1.1          2.1          3.1          4.1          5.1
    -26.290652    -1.597827    -0.764793     0.128951     0.576483

           1.2          2.2          3.2
     -0.647569     0.705445     1.627072

           1.3          2.3          3.3
     -0.647569     0.705445     1.627072

           1.4          2.4
      2.263440     7.369422


 HOMO      1.3    -0.647569 =     -17.6213eV
 LUMO      4.1     0.128951 =       3.5089eV
 LUMO-HOMO         0.776520 =      21.1302eV

 Orbitals saved in record  2100.2


 **********************************************************************************************************************************
 DATASETS  * FILE   NREC   LENGTH (MB)   RECORD NAMES
              1      18       28.59       500      610      700      900      950      970     1000      129      960     1100   
                                          VAR    BASINP    GEOM    SYMINP    ZMAT    AOBASIS   BASIS     P2S    ABASIS      S 
                                         1400     1410     1200     1210     1080     1600     1650     1700   
                                           T        V       H0       H01     AOSYM     SMH    MOLCAS    OPER   

              2       8        0.40       700     1000      520     2100     4100     5300     5450     5400   
                                         GEOM     BASIS   MCVARS     RHF     CPHF     HESS     NMOD     FREQ   

 PROGRAMS   *        TOTAL    HF-SCF       MP2    HF-SCF       INT
 CPU TIMES  *         1.94      0.65      0.04      0.17      0.28
 REAL TIME  *         4.47 SEC
 DISK USED  *        34.67 MB (local),      308.08 MB (total)
 SF USED    *         0.21 MB
 GA USED    *         0.00 MB       (max)       0.00 MB       (current)
 **********************************************************************************************************************************


 PROGRAM * MP2 (Closed-shell)     Authors: C. Hampel, H.-J. Werner, 1991, M. Deegan, P.J. Knowles, 1992


 Convergence thresholds:  THRVAR = 1.00D-16  THRDEN = 1.00D-12

 Number of core orbitals:           1 (   1   0   0   0 )
 Number of closed-shell orbitals:   4 (   2   1   1   0 )
 Number of external orbitals:      32 (  15   7   7   3 )

 Molecular orbitals read from record     2100.2  Type=RHF/CANONICAL (state 1.1)

 Number of N-1 electron functions:               4
 Number of N-2 electron functions:              10
 Number of singly external CSFs:                44
 Number of doubly external CSFs:              2256
 Total number of CSFs:                        2301

 Length of J-op  integral file:               0.00 MB
 Length of K-op  integral file:               0.03 MB

 Integral transformation finished. Total CPU:   0.00 sec, npass=  1  Memory used:   0.07 MW

 Memory needed for MP2:                      0.00 MW

 SCS-MP2 correlation energy:           -0.261225933864   (PS=  1.200000  PT=  0.333333)
 SCS-MP2 total energy:               -100.324549032423


  Reference energy                   -100.063323098559
  MP2 singlet pair energy              -0.164593478998
  MP2 triplet pair energy              -0.102397112784
  MP2 correlation energy               -0.266990591783

 !MP2 total energy                   -100.330313690342

 KEXT needed  1 integral passes. Memory used:   0.05 MW  CPU time:      0.00 sec


 CPHF trial vector read from record  4100.2

 Starting Coupled-perturbed Hartree-Fock, convergence threshold= 1.0D-06

 ITER   MIC  DIIS      VAR         VARC       CPU
   1     0     1    0.72D-07    0.22D-08     0.00

 CPHF convergence reached in  1 macroiterations and    0 microiterations.   Accuracy: 7.1874D-08

 CPHF solution written to record  4100.2

 Dipole moments (unrelaxed):            0.00000000     0.00000000    -0.78172612
 Orbital relaxation contribution:      -0.00000000    -0.00000000     0.01806831
 !MP2 STATE 1.1 Dipole moment           0.00000000     0.00000000    -0.76365780
 Dipole moment /Debye                   0.00000000     0.00000000    -1.94102453

 CPU-time for density and lagrangian:                  0.00 sec
 CPU-time for coupled-perturbed hartree-fock:          0.00 sec

 MP2 gradient info saved on record         5200.1


 **********************************************************************************************************************************
 DATASETS  * FILE   NREC   LENGTH (MB)   RECORD NAMES
              1      20       28.68       500      610      700      900      950      970     1000      129      960     1100   
                                          VAR    BASINP    GEOM    SYMINP    ZMAT    AOBASIS   BASIS     P2S    ABASIS      S 
                                         1400     1410     1200     1210     1080     1600     1650     1700     1380     5200   
                                           T        V       H0       H01     AOSYM     SMH    MOLCAS    OPER     JKOP      MP2  

              2       8        0.40       700     1000      520     2100     4100     5300     5450     5400   
                                         GEOM     BASIS   MCVARS     RHF     CPHF     HESS     NMOD     FREQ   

 PROGRAMS   *        TOTAL       MP2       MP2    HF-SCF       INT
 CPU TIMES  *         1.98      0.02      0.04      0.17      0.28
 REAL TIME  *         4.51 SEC
 DISK USED  *        34.67 MB (local),      308.08 MB (total)
 SF USED    *         0.21 MB
 GA USED    *         0.00 MB       (max)       0.00 MB       (current)
 **********************************************************************************************************************************
