 Cartesian Coordinates are in [bohr]
 Creating new Variables:
 FX1               0.00000000
 FY1               0.00000000
 FZ1               0.17405770
 HX2               0.00000000
 HY2               0.00000000
 HZ2              -1.55849940
 Task   1   Incrementing variable FX1   by    0.010 BOH (Skipping negative increment due to symmetry).
 Task   2   Incrementing variable FY1   by    0.010 BOH (Skipping negative increment due to symmetry).
 Task   3   Incrementing variable FZ1   by    0.010 BOH
 Task   4   Incrementing variable FZ1   by   -0.010 BOH
 Task   5   Incrementing variable HX2   by    0.010 BOH (Skipping negative increment due to symmetry).
 Task   6   Incrementing variable HY2   by    0.010 BOH (Skipping negative increment due to symmetry).
 Task   7   Incrementing variable HZ2   by    0.010 BOH
 Task   8   Incrementing variable HZ2   by   -0.010 BOH

 Switching to mppx mode, nproc=  8

 Starting task   1.  CPU=     0.01 sec, Elapsed=     0.00 sec
 Incrementing variable FX1              by  0.010000 BOH   to    0.010000 BOH


 Using spherical harmonics

 Library entry F      S def2-TZVPPD          selected for orbital group  1
 Library entry F      P def2-TZVPPD          selected for orbital group  1
 Library entry F      D def2-TZVPPD          selected for orbital group  1
 Library entry F      F def2-TZVPPD          selected for orbital group  1
 Library entry H      S def2-TZVPP           selected for orbital group  2
 Library entry H      P def2-TZVPP           selected for orbital group  2
 Library entry H      D def2-TZVPP           selected for orbital group  2


 PROGRAM * SEWARD (Integral evaluation for generally contracted gaussian basis sets)     Author: Roland Lindh, 1990

 Geometry written to block  1 of record 702


 Point group  Cs  



 ATOMIC COORDINATES

 NR  ATOM    CHARGE       X              Y              Z

   1  F       9.00    0.010000000    0.000000000    0.174057698
   2  H       1.00    0.000000000    0.000000000   -1.558499403

 Bond lengths in Bohr (Angstrom)

 1-2  1.732585961
     ( 0.916845006)

 NUCLEAR CHARGE:                   10
 NUMBER OF PRIMITIVE AOS:          78
 NUMBER OF SYMMETRY AOS:           71
 NUMBER OF CONTRACTIONS:           54   (   37A'  +   17A"  )
 NUMBER OF INNER CORE ORBITALS:     0   (    0A'  +    0A"  )
 NUMBER OF OUTER CORE ORBITALS:     1   (    1A'  +    0A"  )
 NUMBER OF VALENCE ORBITALS:        5   (    4A'  +    1A"  )

 SYMMETRY CHANGED: INITIALIZING OCCUPATION


 NUCLEAR REPULSION ENERGY    5.19454746


 Eigenvalues of metric

         1 0.973E-03 0.604E-02 0.111E-01 0.504E-01 0.841E-01 0.104E+00 0.111E+00 0.113E+00
         2 0.841E-01 0.113E+00 0.218E+00 0.383E+00 0.478E+00 0.593E+00 0.733E+00 0.738E+00


 Contracted 2-electron integrals neglected if value below      1.0D-18
 AO integral compression algorithm  1   Integral accuracy      1.0D-18

     5.243 MB (compressed) written to integral file ( 87.3%)


 NUMBER OF SORTED TWO-ELECTRON INTEGRALS:     581914.     BUFFER LENGTH:  32768
 NUMBER OF SEGMENTS:   1  SEGMENT LENGTH:     581914      RECORD LENGTH: 524288

 Memory used in sort:       1.14 MW

 SORT1 READ      716929. AND WROTE      440983. INTEGRALS IN      2 RECORDS. CPU TIME:     0.00 SEC, REAL TIME:     0.01 SEC
 SORT2 READ      440983. AND WROTE      581914. INTEGRALS IN     20 RECORDS. CPU TIME:     0.03 SEC, REAL TIME:     0.03 SEC

 FILE SIZES:   FILE 1:    35.5 MBYTE,  FILE 4:     8.4 MBYTE,   TOTAL:     43.9 MBYTE

 OPERATOR DM      FOR CENTER  0  COORDINATES:    0.000000    0.000000    0.000000

 Program * Restricted Hartree-Fock

 Molecular orbitals read from record     2100.2  Type=RHF/CANONICAL  

 Present basis size:       37   17
 Previous basis size:      25   12   12    5
 Previous occupation:       3    1    1    0
 Previous closed-shells:    3    1    1    0
 Previous core-orbitals:    1    0    0    0
 Present occupation:        4    1
 Present closed-shells:     4    1
 Present core-orbitals:     1    0
 Wavefunction symmetry:    1   Singlet 

 Orbital overlap <old|new>:  < 1.1| 1.1> = 0.999075   < 2.1| 2.1> = 0.999921   < 3.1| 3.1> = 0.999992   < 1.2| 4.1> = 0.999994
                             < 1.3| 1.2> = 0.999995


 NELEC=   10   SYM=1   MS2= 0   THRE=1.0D-12   THRD=1.0D-07   THRG=1.0D-07  HFMA2=F  DIIS_START=2   DIIS_MAX=10   DIIS_INCORE=F

 Level shifts:    0.00 (CLOSED)    0.00 (OPEN)    0.30 (GAP_MIN)

 ITER           ETOT              DE          GRAD        DDIFF     DIIS  NEXP   TIME(IT)  TIME(TOT)  DIAG
   1     -100.03422821    -100.03422821     0.00D+00     0.70D-01     0     0       0.00      0.00    start
   2     -100.06609257      -0.03186437     0.54D-01     0.27D-02     1     0       0.01      0.01    diag
   3     -100.06634395      -0.00025138     0.24D-02     0.36D-03     2     0       0.00      0.01    diag
   4     -100.06635359      -0.00000964     0.39D-03     0.80D-04     3     0       0.00      0.01    diag
   5     -100.06635475      -0.00000116     0.91D-04     0.39D-04     4     0       0.00      0.01    diag
   6     -100.06635500      -0.00000025     0.46D-04     0.15D-04     5     0       0.01      0.02    diag
   7     -100.06635502      -0.00000002     0.69D-05     0.59D-05     6     0       0.00      0.02    diag
   8     -100.06635502      -0.00000000     0.15D-05     0.16D-05     7     0       0.00      0.02    fixocc
   9     -100.06635502      -0.00000000     0.33D-06     0.38D-06     8     0       0.01      0.03    diag
  10     -100.06635502      -0.00000000     0.21D-07     0.41D-07     9     0       0.00      0.03    diag/orth
  11     -100.06635502       0.00000000     0.14D-08     0.18D-08     0     0       0.00      0.03    diag

 Final occupancy:   4   1

 !RHF STATE 1.1 Energy               -100.066355020134
  RHF One-electron energy            -150.589199481121
  RHF Two-electron energy              45.328297001256
  RHF Kinetic energy                  100.010391942500
  RHF Nuclear energy                    5.194547459732
  RHF Virial quotient                  -1.000559572626

 !RHF STATE 1.1 Dipole moment          -0.00436853     0.00000000    -0.75687191
 Dipole moment /Debye                  -0.01110370     0.00000000    -1.92377652

 Orbital energies:

           1.1          2.1          3.1          4.1          5.1          6.1
    -26.295839    -1.601116    -0.768403    -0.650473     0.119219     0.155606

           1.2          2.2          3.2
     -0.650473     0.158835     0.568868


 HOMO      4.1    -0.650473 =     -17.7003eV
 LUMO      5.1     0.119219 =       3.2441eV
 LUMO-HOMO         0.769692 =      20.9444eV

 Orbitals saved in record  2101.1


 **********************************************************************************************************************************
 DATASETS  * FILE   NREC   LENGTH (MB)   RECORD NAMES
              1      21       32.43       500      610      700      702      900      950      970     1001      129      960   
                                          VAR    BASINP    GEOM     GEOM    SYMINP    ZMAT    AOBASIS   BASIS     P2S    ABASIS    
                                         1100     1400     1410     1200     1210     1080     1600     1650     1300     1700   
                                           S        T        V       H0       H01     AOSYM     SMH    MOLCAS    ERIS     OPER   
                                         2101   
                                          RHF  

              2       9        0.84       700     1000      520     2100     4100      701     5500      702     1001   
                                         GEOM     BASIS   MCVARS     RHF     CPHF     GEOM     HINFO    GEOM     BASIS   

 PROGRAMS   *        TOTAL    HF-SCF       MP2    HF-SCF       INT
 CPU TIMES  *         1.07      0.52      0.03      0.08      0.29
 REAL TIME  *         2.32 SEC
 DISK USED  *        42.76 MB
 SF USED    *         0.42 MB
 **********************************************************************************************************************************


 PROGRAM * MP2 (Closed-shell)     Authors: C. Hampel, H.-J. Werner, 1991, M. Deegan, P.J. Knowles, 1992


 Convergence thresholds:  THRVAR = 1.00D-16  THRDEN = 1.00D-12

 Number of core orbitals:           1 (   1   0 )
 Number of closed-shell orbitals:   4 (   3   1 )
 Number of external orbitals:      49 (  33  16 )

 Molecular orbitals read from record     2101.1  Type=RHF/CANONICAL (state 1.1)

 Number of N-1 electron functions:               4
 Number of N-2 electron functions:              10
 Number of singly external CSFs:               115
 Number of doubly external CSFs:              9991
 Total number of CSFs:                       10107

 Length of J-op  integral file:               0.00 MB
 Length of K-op  integral file:               0.15 MB

 Integral transformation finished. Total CPU:   0.00 sec, npass=  1  Memory used:   0.10 MW

 Memory needed for MP2:                      0.01 MW

 SCS-MP2 correlation energy:           -0.267076423764   (PS=  1.200000  PT=  0.333333)
 SCS-MP2 total energy:               -100.333431443898


  Reference energy                   -100.066355020134
  MP2 singlet pair energy              -0.168344411493
  MP2 triplet pair energy              -0.104565744599
  MP2 correlation energy               -0.272910156092

 !MP2 total energy                   -100.339265176226

 KEXT needed  1 integral passes. Memory used:   0.10 MW  CPU time:      0.01 sec


 CPHF trial vector read from record  4100.2

 Starting Coupled-perturbed Hartree-Fock, convergence threshold= 1.0D-06

 ITER   MIC  DIIS      VAR         VARC       CPU
   1     0     1    0.45D-02    0.50D-05     0.00
   2     5     2    0.14D-05    0.13D-05     0.01
   3     1     3    0.13D-06    0.97D-08     0.01

 CPHF convergence reached in  3 macroiterations and    6 microiterations.   Accuracy: 1.2827D-07

 Dipole moments (unrelaxed):           -0.00427795     0.00000000    -0.74117843
 Orbital relaxation contribution:       0.00019843    -0.00000000     0.03437397
 !MP2 STATE 1.1 Dipole moment          -0.00407952     0.00000000    -0.70680446
 Dipole moment /Debye                  -0.01036910     0.00000000    -1.79651773

 CPU-time for density and lagrangian:                  0.00 sec
 CPU-time for coupled-perturbed hartree-fock:          0.01 sec

 MP2 gradient info saved on record         5200.1


 **********************************************************************************************************************************
 DATASETS  * FILE   NREC   LENGTH (MB)   RECORD NAMES
              1      23       32.79       500      610      700      702      900      950      970     1001      129      960   
                                          VAR    BASINP    GEOM     GEOM    SYMINP    ZMAT    AOBASIS   BASIS     P2S    ABASIS    
                                         1100     1400     1410     1200     1210     1080     1600     1650     1300     1700   
                                           S        T        V       H0       H01     AOSYM     SMH    MOLCAS    ERIS     OPER   
                                         2101     1380     5200   
                                          RHF     JKOP      MP2  

              2       9        0.84       700     1000      520     2100     4100      701     5500      702     1001   
                                         GEOM     BASIS   MCVARS     RHF     CPHF     GEOM     HINFO    GEOM     BASIS   

 PROGRAMS   *        TOTAL       MP2       MP2    HF-SCF       INT
 CPU TIMES  *         1.13      0.06      0.03      0.08      0.29
 REAL TIME  *         2.38 SEC
 DISK USED  *        42.76 MB
 SF USED    *         0.42 MB
 **********************************************************************************************************************************

 PROGRAM * ALASKA (Gradient of the energy)     Author: R. Lindh


 MP2      Gradient info restored from record    5200.1

 Number of core orbitals:           1 (   1   0 )
 Number of closed-shell orbitals:   4 (   3   1 )
 Number of external orbitals:      49 (  33  16 )

 Integral thresholds in T2TRAN:            1.0D-10 (PROD)

 Available memory for Transformation:1497779909 words
 Memory needed for incore algorithm:      74109 words
 Minimum memory needed:                   63181 words

 Memory used for transformation:           0.07 MW
 Available memory for gradients:        1499.71 MW

 CPU for transformation:                   0.01 sec
 CPU for integrals and gradient:           0.07 sec
 Total CPU:                                0.08 sec

 Prescreening statistics:
 ========================

 Total number of shell quadruplets:        4.06D+02
 Number of shell quadruplets processed:    4.06D+02 (100.00%)

 MP2 GRADIENT FOR STATE 1.1

 Atom          dE/dx               dE/dy               dE/dz

   1        -0.000020794         0.000000000        -0.003601196
   2         0.000020794         0.000000000         0.003601196

 Nuclear force contribution to virial =        -0.006239486

 Tasks on processor    0 finished.  CPU=      0.76 sec, Elapsed=      0.89 sec. Waiting for other processors...

 Switching back to mpp mode, nproc=  8


 Recomputing wavefunction at initial geometry


 Using spherical harmonics

 Library entry F      S def2-TZVPPD          selected for orbital group  1
 Library entry F      P def2-TZVPPD          selected for orbital group  1
 Library entry F      D def2-TZVPPD          selected for orbital group  1
 Library entry F      F def2-TZVPPD          selected for orbital group  1
 Library entry H      S def2-TZVPP           selected for orbital group  2
 Library entry H      P def2-TZVPP           selected for orbital group  2
 Library entry H      D def2-TZVPP           selected for orbital group  2


 PROGRAM * SEWARD (Integral evaluation for generally contracted gaussian basis sets)     Author: Roland Lindh, 1990

 Geometry written to block  1 of record 700


 Point group  C2v 



 ATOMIC COORDINATES

 NR  ATOM    CHARGE       X              Y              Z

   1  F       9.00    0.000000000    0.000000000    0.174057698
   2  H       1.00    0.000000000    0.000000000   -1.558499403

 Bond lengths in Bohr (Angstrom)

 1-2  1.732557102
     ( 0.916829735)

 NUCLEAR CHARGE:                   10
 NUMBER OF PRIMITIVE AOS:          78
 NUMBER OF SYMMETRY AOS:           71
 NUMBER OF CONTRACTIONS:           54   (   25A1  +   12B1  +   12B2  +    5A2  )
 NUMBER OF INNER CORE ORBITALS:     0   (    0A1  +    0B1  +    0B2  +    0A2  )
 NUMBER OF OUTER CORE ORBITALS:     1   (    1A1  +    0B1  +    0B2  +    0A2  )
 NUMBER OF VALENCE ORBITALS:        5   (    3A1  +    1B1  +    1B2  +    0A2  )


 NUCLEAR REPULSION ENERGY    5.19463398

 EXTRA SYMMETRY OF AOS IN SYMMETRY 1:   1 1 1 1 1 1 1 1 1 1   1 2 1 2 1 2 1 2 1 1   1 1 1 1 2
 EXTRA SYMMETRY OF AOS IN SYMMETRY 2:   1 1 1 1 1 1 1 1 2 1   1 1
 EXTRA SYMMETRY OF AOS IN SYMMETRY 3:   1 1 1 1 1 1 1 1 2 1   1 1

 Eigenvalues of metric

         1 0.973E-03 0.604E-02 0.111E-01 0.504E-01 0.104E+00 0.111E+00 0.192E+00 0.319E+00
         2 0.841E-01 0.113E+00 0.218E+00 0.478E+00 0.592E+00 0.738E+00 0.100E+01 0.108E+01
         3 0.841E-01 0.113E+00 0.218E+00 0.478E+00 0.592E+00 0.738E+00 0.100E+01 0.108E+01
         4 0.383E+00 0.733E+00 0.950E+00 0.115E+01 0.179E+01


 Contracted 2-electron integrals neglected if value below      1.0D-18
 AO integral compression algorithm  1   Integral accuracy      1.0D-18

     4.194 MB (compressed) written to integral file (100.0%)

     Node minimum: 0.524 MB, node maximum: 0.524 MB


 NUMBER OF SORTED TWO-ELECTRON INTEGRALS:      35587.     BUFFER LENGTH:  32768
 NUMBER OF SEGMENTS:   1  SEGMENT LENGTH:      35587      RECORD LENGTH: 524288

 Memory used in sort:       0.59 MW

 SORT1 READ      367004. AND WROTE       25738. INTEGRALS IN      1 RECORDS. CPU TIME:     0.01 SEC, REAL TIME:     0.01 SEC
 SORT2 READ      227235. AND WROTE      305254. INTEGRALS IN     16 RECORDS. CPU TIME:     0.00 SEC, REAL TIME:     0.01 SEC

 Node minimum:       35587.  Node maximum:       39403. integrals

 OPERATOR DM      FOR CENTER  0  COORDINATES:    0.000000    0.000000    0.000000

 Program * Restricted Hartree-Fock

 Molecular orbitals read from record     2100.2  Type=RHF/CANONICAL  

 NELEC=   10   SYM=1   MS2= 0   THRE=1.0D-12   THRD=1.0D-06   THRG=1.0D-06  HFMA2=F  DIIS_START=2   DIIS_MAX=10   DIIS_INCORE=F

 Level shifts:    0.00 (CLOSED)    0.00 (OPEN)    0.30 (GAP_MIN)

 ITER           ETOT              DE          GRAD        DDIFF     DIIS  NEXP   TIME(IT)  TIME(TOT)  DIAG
   1     -100.06635572    -100.06635572     0.00D+00     0.91D-01     0     0       0.00      0.00    start
   2     -100.06635572      -0.00000000     0.31D-09     0.20D-09     1     0       0.00      0.00    diag

 Final occupancy:   3   1   1   0

 !RHF STATE 1.1 Energy               -100.066355719992
  RHF One-electron energy            -150.589345306918
  RHF Two-electron energy              45.328355602716
  RHF Kinetic energy                  100.010425015942
  RHF Nuclear energy                    5.194633984211
  RHF Virial quotient                  -1.000559248739

 !RHF STATE 1.1 Dipole moment           0.00000000     0.00000000    -0.75687282
 Dipole moment /Debye                   0.00000000     0.00000000    -1.92377882

 Orbital energies:

           1.1          2.1          3.1          4.1          5.1
    -26.295838    -1.601121    -0.768409     0.119220     0.155607

           1.2          2.2          3.2
     -0.650474     0.158835     0.568867

           1.3          2.3          3.3
     -0.650474     0.158835     0.568867

           1.4          2.4
      0.608532     2.506932


 HOMO      1.3    -0.650474 =     -17.7003eV
 LUMO      4.1     0.119220 =       3.2441eV
 LUMO-HOMO         0.769694 =      20.9444eV

 Orbitals saved in record  2100.2


 **********************************************************************************************************************************
 DATASETS  * FILE   NREC   LENGTH (MB)   RECORD NAMES
              1      18       28.61       500      610      700      900      950      970     1000      129      960     1100   
                                          VAR    BASINP    GEOM    SYMINP    ZMAT    AOBASIS   BASIS     P2S    ABASIS      S 
                                         1400     1410     1200     1210     1080     1600     1650     1700   
                                           T        V       H0       H01     AOSYM     SMH    MOLCAS    OPER   

              2       8        0.44       700     1000      520     2100     4100     5300     5450     5400   
                                         GEOM     BASIS   MCVARS     RHF     CPHF     HESS     NMOD     FREQ   

 PROGRAMS   *        TOTAL    HF-SCF       MP2    HF-SCF       INT
 CPU TIMES  *         3.99      2.49      0.03      0.08      0.29
 REAL TIME  *         5.63 SEC
 DISK USED  *        42.76 MB (local),      349.32 MB (total)
 SF USED    *         0.42 MB
 GA USED    *         0.00 MB       (max)       0.00 MB       (current)
 **********************************************************************************************************************************


 PROGRAM * MP2 (Closed-shell)     Authors: C. Hampel, H.-J. Werner, 1991, M. Deegan, P.J. Knowles, 1992


 Convergence thresholds:  THRVAR = 1.00D-16  THRDEN = 1.00D-12

 Number of core orbitals:           1 (   1   0   0   0 )
 Number of closed-shell orbitals:   4 (   2   1   1   0 )
 Number of external orbitals:      49 (  22  11  11   5 )

 Molecular orbitals read from record     2100.2  Type=RHF/CANONICAL (state 1.1)

 Number of N-1 electron functions:               4
 Number of N-2 electron functions:              10
 Number of singly external CSFs:                66
 Number of doubly external CSFs:              5189
 Total number of CSFs:                        5256

 Length of J-op  integral file:               0.00 MB
 Length of K-op  integral file:               0.06 MB

 Integral transformation finished. Total CPU:   0.00 sec, npass=  1  Memory used:   0.08 MW

 Memory needed for MP2:                      0.00 MW

 SCS-MP2 correlation energy:           -0.267075630515   (PS=  1.200000  PT=  0.333333)
 SCS-MP2 total energy:               -100.333431350506


  Reference energy                   -100.066355719992
  MP2 singlet pair energy              -0.168343904502
  MP2 triplet pair energy              -0.104565447501
  MP2 correlation energy               -0.272909352004

 !MP2 total energy                   -100.339265071995

 KEXT needed  1 integral passes. Memory used:   0.06 MW  CPU time:      0.00 sec


 CPHF trial vector read from record  4100.2

 Starting Coupled-perturbed Hartree-Fock, convergence threshold= 1.0D-06

 ITER   MIC  DIIS      VAR         VARC       CPU
   1     0     1    0.44D-07    0.21D-08     0.00

 CPHF convergence reached in  1 macroiterations and    0 microiterations.   Accuracy: 4.3854D-08

 CPHF solution written to record  4100.2

 Dipole moments (unrelaxed):            0.00000000     0.00000000    -0.74117984
 Orbital relaxation contribution:      -0.00000000    -0.00000000     0.03437344
 !MP2 STATE 1.1 Dipole moment           0.00000000     0.00000000    -0.70680640
 Dipole moment /Debye                   0.00000000     0.00000000    -1.79652267

 CPU-time for density and lagrangian:                  0.00 sec
 CPU-time for coupled-perturbed hartree-fock:          0.00 sec

 MP2 gradient info saved on record         5200.1


 **********************************************************************************************************************************
 DATASETS  * FILE   NREC   LENGTH (MB)   RECORD NAMES
              1      20       28.80       500      610      700      900      950      970     1000      129      960     1100   
                                          VAR    BASINP    GEOM    SYMINP    ZMAT    AOBASIS   BASIS     P2S    ABASIS      S 
                                         1400     1410     1200     1210     1080     1600     1650     1700     1380     5200   
                                           T        V       H0       H01     AOSYM     SMH    MOLCAS    OPER     JKOP      MP2  

              2       8        0.44       700     1000      520     2100     4100     5300     5450     5400   
                                         GEOM     BASIS   MCVARS     RHF     CPHF     HESS     NMOD     FREQ   

 PROGRAMS   *        TOTAL       MP2       MP2    HF-SCF       INT
 CPU TIMES  *         4.03      0.04      0.03      0.08      0.29
 REAL TIME  *         5.68 SEC
 DISK USED  *        42.76 MB (local),      349.32 MB (total)
 SF USED    *         0.42 MB
 GA USED    *         0.00 MB       (max)       0.00 MB       (current)
 **********************************************************************************************************************************
