
 Working directory              : /scratch/emmanous/hf.opt.com.11497/molpro.6YGeC2rfFO/
 Global scratch directory       : /scratch/emmanous/hf.opt.com.11497/molpro.6YGeC2rfFO/
 Wavefunction directory         : /home/emmanous/wfu/
 Main file repository           : /scratch/emmanous/hf.opt.com.11497/molpro.6YGeC2rfFO/

 id        : wis

 Nodes     nprocs
 cff164       8
 GA implementation: MPI file
 GA implementation (serial work in mppx): MPI file

 Using DEFAULT tuning parameter for ncache   :   16384
 Using DEFAULT tuning parameter for mflopdgm :   10000
 Using DEFAULT tuning parameter for mflopdgv :    4000
 Using DEFAULT tuning parameter for mflopmxm :    5000
 Using DEFAULT tuning parameter for mflopmxv :    4000
 Using DEFAULT tuning parameter for mindgm   :       1
 Using DEFAULT tuning parameter for mindgc   :       4
 Using DEFAULT tuning parameter for mindgf   :    5000
 Using DEFAULT tuning parameter for mindgl   :       4
 Using DEFAULT tuning parameter for mindgr   :       1
 Using DEFAULT tuning parameter for mindgv   :      20
 Using DEFAULT tuning parameter for mincuda  :     500
 Using DEFAULT tuning parameter for mxmblk   :      64
 Using DEFAULT tuning parameter for mxmbln   :      64
 Using DEFAULT tuning parameter for nroll    :       2
 Using custom tuning parameter for ngpus     :       0
 Using customized tuning parameters: mindgm=1; mindgv=20; mindgc=4; mindgr=1; noblas=0; minvec=7

 Fortran compiler: integer size=8, double size=8, logical size=8
 default implementation of scratch files=sf  


 Variables initialized (1015), CPU time= 0.00 sec
 ***,geometry optimization
 gthresh,energy=1d-12,gradient=1d-6,twoint=1d-18,prefac=1d-20
 GTHRESH, OPTSTEP=1d-5, OPTGRAD=1d-5, ENERGY=1d-11
 noorient
 charge=
 multiplicity=
 geomtyp=xyz
 geom={
 F        0.000000    0.000000    0.091577
 H        0.000000    0.000000   -0.824192
 }
 MASS,ISO
 MASS,PRINT
 label1
 
 basis,def2-TZVPPD,h=def2-TZVPP
 hf
 enerhflow=energy
 mp2
 e2low=energy-enerhflow
 basis,def2-QZVPPD,h=def2-QZVPP
 hf
 enerhfhi=energy
 mp2
 e2hi=energy-enerhfhi
 basis,def2-TZVP
 hf
 ccsd(t)
 ehlc=1.04609*(energy-emp2)
 cue=exp(-1.63d0)
 ehfcbs=(enerhfhi-enerhflow*cue)/(1d0-cue)
 e2cbs=e2hi+0.56618*(e2hi-e2low)
 etotal=ehfcbs+e2cbs+ehlc
 
 optg,startcmd=label1,variable=etotal
 Commands initialized (834), CPU time= 0.01 sec, 672 directives.
 Default parameters read. Elapsed time= 0.07 sec

 Using DEFAULT tuning parameter for mpplat   :       3
 Using DEFAULT tuning parameter for mppspeed :    1600
 Checking input...
 Passed
1


                                         ***  PROGRAM SYSTEM MOLPRO  ***
                                       Copyright, TTI GmbH Stuttgart, 2015
                                    Version 2022.2 linked Thu May  5 23:39:45 2022


 **********************************************************************************************************************************
 LABEL *   geometry optimization                                                         
  64 bit mpp version                                                                     DATE: 12-Aug-23          TIME: 11:16:11  
 **********************************************************************************************************************************

 SHA1:             518bf5c5e315925380b88506c70af759aa1d1d96
 **********************************************************************************************************************************

 Memory per process:      1500 MW
 Total memory per node:  12000 MW

 GA preallocation disabled
 GA check disabled

 Variable memory set to 1500.0 MW


 THRESHOLDS:

 ZERO    =  1.00D-12  ONEINT  =  1.00D-12  TWOINT  =  1.00D-18  PREFAC  =  1.00D-20  XXXXXX  =  1.00D-09  EORDER  =  1.00D-04
 ENERGY  =  1.00D-12  ETEST   =  0.00D+00  EDENS   =  0.00D+00  THRDEDEF=  1.00D-06  GRADIENT=  1.00D-06  STEP    =  1.00D-03
 ORBITAL =  1.00D-05  CIVEC   =  1.00D-05  COEFF   =  1.00D-04  PRINTCI =  5.00D-02  PUNCHCI =  9.90D+01  OPTGRAD =  3.00D-04
 OPTENERG=  1.00D-06  OPTSTEP =  3.00D-04  THRGRAD =  1.00D-10  COMPRESS=  1.00D-11  VARMIN  =  1.00D-07  VARMAX  =  1.00D-03
 THRDOUB =  0.00D+00  THRDIV  =  1.00D-05  THRRED  =  1.00D-07  THRPSP  =  1.00D+00  THRDC   =  1.00D-10  THRCS   =  1.00D-10
 THRNRM  =  1.00D-08  THREQ   =  0.00D+00  THRDE   =  1.00D+00  THRREF  =  1.00D-05  SPARFAC =  1.00D+00  THRDLP  =  1.00D-07
 THRDIA  =  1.00D-10  THRDLS  =  1.00D-07  THRGPS  =  0.00D+00  THRKEX  =  0.00D+00  THRDIS  =  2.00D-01  THRVAR  =  1.00D-10
 THRLOC  =  1.00D-06  THRGAP  =  1.00D-06  THRLOCT = -1.00D+00  THRGAPT = -1.00D+00  THRORB  =  1.00D-06  THRMLTP =  0.00D+00
 THRCPQCI=  1.00D-10  KEXTA   =  0.00D+00  THRCOARS=  0.00D+00  SYMTOL  =  1.00D-06  GRADTOL =  1.00D-06  THROVL  =  1.00D-08
 THRORTH =  1.00D-08  THRDLOVL= -1.00D+00  GRID    =  1.00D-06  GRIDMAX =  1.00D-03  DTMAX   =  0.00D+00  THROCCDE=  1.00D-01
 THROCCDE=  1.00D-01  THRPRINT=  2.50D-01


 THRESHOLDS:

 ZERO    =  1.00D-12  ONEINT  =  1.00D-12  TWOINT  =  1.00D-18  PREFAC  =  1.00D-20  XXXXXX  =  1.00D-09  EORDER  =  1.00D-04
 ENERGY  =  1.00D-11  ETEST   =  0.00D+00  EDENS   =  0.00D+00  THRDEDEF=  1.00D-06  GRADIENT=  1.00D-06  STEP    =  1.00D-03
 ORBITAL =  1.00D-05  CIVEC   =  1.00D-05  COEFF   =  1.00D-04  PRINTCI =  5.00D-02  PUNCHCI =  9.90D+01  OPTGRAD =  1.00D-05
 OPTENERG=  1.00D-06  OPTSTEP =  1.00D-05  THRGRAD =  1.00D-10  COMPRESS=  1.00D-11  VARMIN  =  1.00D-07  VARMAX  =  1.00D-03
 THRDOUB =  0.00D+00  THRDIV  =  1.00D-05  THRRED  =  1.00D-07  THRPSP  =  1.00D+00  THRDC   =  1.00D-10  THRCS   =  1.00D-10
 THRNRM  =  1.00D-08  THREQ   =  0.00D+00  THRDE   =  1.00D+00  THRREF  =  1.00D-05  SPARFAC =  1.00D+00  THRDLP  =  1.00D-07
 THRDIA  =  1.00D-10  THRDLS  =  1.00D-07  THRGPS  =  0.00D+00  THRKEX  =  0.00D+00  THRDIS  =  2.00D-01  THRVAR  =  1.00D-10
 THRLOC  =  1.00D-06  THRGAP  =  1.00D-06  THRLOCT = -1.00D+00  THRGAPT = -1.00D+00  THRORB  =  1.00D-06  THRMLTP =  0.00D+00
 THRCPQCI=  1.00D-10  KEXTA   =  0.00D+00  THRCOARS=  0.00D+00  SYMTOL  =  1.00D-06  GRADTOL =  1.00D-06  THROVL  =  1.00D-08
 THRORTH =  1.00D-08  THRDLOVL= -1.00D+00  GRID    =  1.00D-06  GRIDMAX =  1.00D-03  DTMAX   =  0.00D+00  THROCCDE=  1.00D-01
 THROCCDE=  1.00D-01  THRPRINT=  2.50D-01

 SETTING GEOMTYP        =    XYZ


 Using masses of most abundant isotopes

 **********************************************************************************************************************************


 Atomic masses

 Center       Mass
 F         18.99840
 H          1.00782
 SETTING BASIS          =    DEF2-TZVPPD,H=DEF2-TZVPP


 Recomputing integrals since basis changed


 Using spherical harmonics

 Library entry F      S def2-TZVPPD          selected for orbital group  1
 Library entry F      P def2-TZVPPD          selected for orbital group  1
 Library entry F      D def2-TZVPPD          selected for orbital group  1
 Library entry F      F def2-TZVPPD          selected for orbital group  1
 Library entry H      S def2-TZVPP           selected for orbital group  2
 Library entry H      P def2-TZVPP           selected for orbital group  2
 Library entry H      D def2-TZVPP           selected for orbital group  2


 PROGRAM * SEWARD (Integral evaluation for generally contracted gaussian basis sets)     Author: Roland Lindh, 1990

 Geometry written to block  1 of record 700


 Point group  C2v 



 ATOMIC COORDINATES

 NR  ATOM    CHARGE       X              Y              Z

   1  F       9.00    0.000000000    0.000000000    0.173055449
   2  H       1.00    0.000000000    0.000000000   -1.557497154

 Bond lengths in Bohr (Angstrom)

 1-2  1.730552603
     ( 0.915769000)

 NUCLEAR CHARGE:                   10
 NUMBER OF PRIMITIVE AOS:          78
 NUMBER OF SYMMETRY AOS:           71
 NUMBER OF CONTRACTIONS:           54   (   25A1  +   12B1  +   12B2  +    5A2  )
 NUMBER OF INNER CORE ORBITALS:     0   (    0A1  +    0B1  +    0B2  +    0A2  )
 NUMBER OF OUTER CORE ORBITALS:     1   (    1A1  +    0B1  +    0B2  +    0A2  )
 NUMBER OF VALENCE ORBITALS:        5   (    3A1  +    1B1  +    1B2  +    0A2  )


 NUCLEAR REPULSION ENERGY    5.20065093

 EXTRA SYMMETRY OF AOS IN SYMMETRY 1:   1 1 1 1 1 1 1 1 1 1   1 2 1 2 1 2 1 2 1 1   1 1 1 1 2
 EXTRA SYMMETRY OF AOS IN SYMMETRY 2:   1 1 1 1 1 1 1 1 2 1   1 1
 EXTRA SYMMETRY OF AOS IN SYMMETRY 3:   1 1 1 1 1 1 1 1 2 1   1 1

 Eigenvalues of metric

         1 0.967E-03 0.603E-02 0.111E-01 0.503E-01 0.103E+00 0.111E+00 0.192E+00 0.319E+00
         2 0.839E-01 0.112E+00 0.218E+00 0.478E+00 0.592E+00 0.737E+00 0.100E+01 0.108E+01
         3 0.839E-01 0.112E+00 0.218E+00 0.478E+00 0.592E+00 0.737E+00 0.100E+01 0.108E+01
         4 0.383E+00 0.732E+00 0.950E+00 0.115E+01 0.179E+01


 Contracted 2-electron integrals neglected if value below      1.0D-18
 AO integral compression algorithm  1   Integral accuracy      1.0D-18

     3.932 MB (compressed) written to integral file (100.0%)

     Node minimum: 0.262 MB, node maximum: 0.524 MB


 NUMBER OF SORTED TWO-ELECTRON INTEGRALS:      35587.     BUFFER LENGTH:  32768
 NUMBER OF SEGMENTS:   1  SEGMENT LENGTH:      35587      RECORD LENGTH: 524288

 Memory used in sort:       0.59 MW

 SORT1 READ      367004. AND WROTE       25739. INTEGRALS IN      1 RECORDS. CPU TIME:     0.01 SEC, REAL TIME:     0.00 SEC
 SORT2 READ      227352. AND WROTE      305254. INTEGRALS IN     16 RECORDS. CPU TIME:     0.00 SEC, REAL TIME:     0.00 SEC

 Node minimum:       35587.  Node maximum:       39403. integrals

 OPERATOR DM      FOR CENTER  0  COORDINATES:    0.000000    0.000000    0.000000


 **********************************************************************************************************************************
 DATASETS  * FILE   NREC   LENGTH (MB)   RECORD NAMES
              1      18       28.61       500      610      700      900      950      970     1000      129      960     1100   
                                          VAR    BASINP    GEOM    SYMINP    ZMAT    AOBASIS   BASIS     P2S    ABASIS      S 
                                         1400     1410     1200     1210     1080     1600     1650     1700   
                                           T        V       H0       H01     AOSYM     SMH    MOLCAS    OPER   

 PROGRAMS   *        TOTAL       INT
 CPU TIMES  *         0.44      0.29
 REAL TIME  *         1.34 SEC
 DISK USED  *        28.89 MB (local),      265.22 MB (total)
 GA USED    *         0.00 MB       (max)       0.00 MB       (current)
 **********************************************************************************************************************************


 Program * Restricted Hartree-Fock

 Orbital guess generated from atomic densities.

 Initial occupancy:   3   1   1   0

 NELEC=   10   SYM=1   MS2= 0   THRE=1.0D-12   THRD=1.0D-06   THRG=1.0D-06  HFMA2=F  DIIS_START=2   DIIS_MAX=10   DIIS_INCORE=F

 Level shifts:    0.00 (CLOSED)    0.00 (OPEN)    0.30 (GAP_MIN)

 ITER           ETOT              DE          GRAD        DDIFF     DIIS  NEXP   TIME(IT)  TIME(TOT)  DIAG
   1     -100.03976620    -100.03976620     0.00D+00     0.92D-01     0     0       0.00      0.01    start
   2     -100.05991385      -0.02014765     0.20D-01     0.10D-01     1     0       0.00      0.01    diag
   3     -100.06626746      -0.00635361     0.12D-01     0.30D-02     2     0       0.00      0.01    diag
   4     -100.06638566      -0.00011819     0.12D-02     0.54D-03     3     0       0.00      0.01    diag
   5     -100.06640177      -0.00001611     0.35D-03     0.22D-03     4     0       0.00      0.01    diag
   6     -100.06640301      -0.00000124     0.77D-04     0.57D-04     5     0       0.00      0.01    diag
   7     -100.06640305      -0.00000004     0.13D-04     0.11D-04     6     0       0.00      0.01    diag
   8     -100.06640305      -0.00000000     0.13D-05     0.90D-06     7     0       0.00      0.01    fixocc
   9     -100.06640305      -0.00000000     0.14D-06     0.10D-06     8     0       0.00      0.01    diag
  10     -100.06640305      -0.00000000     0.12D-07     0.14D-07     9     0       0.00      0.01    diag/orth
  11     -100.06640305      -0.00000000     0.70D-09     0.61D-09     0     0       0.00      0.01    diag

 Final occupancy:   3   1   1   0

 !RHF STATE 1.1 Energy               -100.066403046455
  RHF One-electron energy            -150.599484609568
  RHF Two-electron energy              45.332430636813
  RHF Kinetic energy                  100.012727148854
  RHF Nuclear energy                    5.200650926300
  RHF Virial quotient                  -1.000536690671

 !RHF STATE 1.1 Dipole moment           0.00000000     0.00000000    -0.75606029
 Dipole moment /Debye                   0.00000000     0.00000000    -1.92171358

 Orbital energies:

           1.1          2.1          3.1          4.1          5.1
    -26.295815    -1.601501    -0.768829     0.119286     0.155641

           1.2          2.2          3.2
     -0.650583     0.158826     0.568837

           1.3          2.3          3.3
     -0.650583     0.158826     0.568837

           1.4          2.4
      0.608496     2.506784


 HOMO      1.3    -0.650583 =     -17.7033eV
 LUMO      4.1     0.119286 =       3.2459eV
 LUMO-HOMO         0.769870 =      20.9492eV

 Orbitals saved in record  2100.2


 **********************************************************************************************************************************
 DATASETS  * FILE   NREC   LENGTH (MB)   RECORD NAMES
              1      18       28.61       500      610      700      900      950      970     1000      129      960     1100   
                                          VAR    BASINP    GEOM    SYMINP    ZMAT    AOBASIS   BASIS     P2S    ABASIS      S 
                                         1400     1410     1200     1210     1080     1600     1650     1700   
                                           T        V       H0       H01     AOSYM     SMH    MOLCAS    OPER   

              2       4        0.38       700     1000      520     2100   
                                         GEOM     BASIS   MCVARS     RHF  

 PROGRAMS   *        TOTAL    HF-SCF       INT
 CPU TIMES  *         0.56      0.12      0.29
 REAL TIME  *         1.62 SEC
 DISK USED  *        29.10 MB (local),      266.94 MB (total)
 GA USED    *         0.00 MB       (max)       0.00 MB       (current)
 **********************************************************************************************************************************
 SETTING ENERHFLOW      =      -100.06640305  AU                              


 PROGRAM * MP2 (Closed-shell)     Authors: C. Hampel, H.-J. Werner, 1991, M. Deegan, P.J. Knowles, 1992


 Convergence thresholds:  THRVAR = 1.00D-15  THRDEN = 1.00D-11

 Number of core orbitals:           1 (   1   0   0   0 )
 Number of closed-shell orbitals:   4 (   2   1   1   0 )
 Number of external orbitals:      49 (  22  11  11   5 )

 Molecular orbitals read from record     2100.2  Type=RHF/CANONICAL  

 Number of N-1 electron functions:               4
 Number of N-2 electron functions:              10
 Number of singly external CSFs:                66
 Number of doubly external CSFs:              5189
 Total number of CSFs:                        5256

 Length of J-op  integral file:               0.00 MB
 Length of K-op  integral file:               0.06 MB

 Integral transformation finished. Total CPU:   0.00 sec, npass=  1  Memory used:   0.08 MW

 Memory needed for MP2:                      0.00 MW

 SCS-MP2 correlation energy:           -0.267020537324   (PS=  1.200000  PT=  0.333333)
 SCS-MP2 total energy:               -100.333423583779


  Reference energy                   -100.066403046455
  MP2 singlet pair energy              -0.168308697658
  MP2 triplet pair energy              -0.104544803788
  MP2 correlation energy               -0.272853501446

 !MP2 total energy                   -100.339256547901


 **********************************************************************************************************************************
 DATASETS  * FILE   NREC   LENGTH (MB)   RECORD NAMES
              1      19       28.72       500      610      700      900      950      970     1000      129      960     1100   
                                          VAR    BASINP    GEOM    SYMINP    ZMAT    AOBASIS   BASIS     P2S    ABASIS      S 
                                         1400     1410     1200     1210     1080     1600     1650     1700     1380   
                                           T        V       H0       H01     AOSYM     SMH    MOLCAS    OPER     JKOP   

              2       4        0.38       700     1000      520     2100   
                                         GEOM     BASIS   MCVARS     RHF  

 PROGRAMS   *        TOTAL       MP2    HF-SCF       INT
 CPU TIMES  *         0.59      0.03      0.12      0.29
 REAL TIME  *         1.66 SEC
 DISK USED  *        29.15 MB (local),      267.27 MB (total)
 SF USED    *         0.27 MB
 GA USED    *         0.00 MB       (max)       0.00 MB       (current)
 **********************************************************************************************************************************
 SETTING E2LOW          =        -0.27285350  AU                              
 SETTING BASIS          =    DEF2-QZVPPD,H=DEF2-QZVPP


 Recomputing integrals since basis changed


 Using spherical harmonics

 Library entry F      S def2-QZVPPD          selected for orbital group  1
 Library entry F      P def2-QZVPPD          selected for orbital group  1
 Library entry F      D def2-QZVPPD          selected for orbital group  1
 Library entry F      F def2-QZVPPD          selected for orbital group  1
 Library entry F      G def2-QZVPPD          selected for orbital group  1
 Library entry H      S def2-QZVPP           selected for orbital group  2
 Library entry H      P def2-QZVPP           selected for orbital group  2
 Library entry H      D def2-QZVPP           selected for orbital group  2
 Library entry H      F def2-QZVPP           selected for orbital group  2


 PROGRAM * SEWARD (Integral evaluation for generally contracted gaussian basis sets)     Author: Roland Lindh, 1990

 Geometry written to block  1 of record 700


 Point group  C2v 



 ATOMIC COORDINATES

 NR  ATOM    CHARGE       X              Y              Z

   1  F       9.00    0.000000000    0.000000000    0.173055449
   2  H       1.00    0.000000000    0.000000000   -1.557497154

 Bond lengths in Bohr (Angstrom)

 1-2  1.730552603
     ( 0.915769000)

 NUCLEAR CHARGE:                   10
 NUMBER OF PRIMITIVE AOS:         140
 NUMBER OF SYMMETRY AOS:          119
 NUMBER OF CONTRACTIONS:           96   (   41A1  +   22B1  +   22B2  +   11A2  )
 NUMBER OF INNER CORE ORBITALS:     0   (    0A1  +    0B1  +    0B2  +    0A2  )
 NUMBER OF OUTER CORE ORBITALS:     1   (    1A1  +    0B1  +    0B2  +    0A2  )
 NUMBER OF VALENCE ORBITALS:        5   (    3A1  +    1B1  +    1B2  +    0A2  )


 NUCLEAR REPULSION ENERGY    5.20065093

 EXTRA SYMMETRY OF AOS IN SYMMETRY 1:   1 1 1 1 1 1 1 1 1 1   1 1 1 1 2 1 2 1 2 1   2 1 2 1 2 1 3 2 1 1   1 1 1 1 1 1 2 1 2 1
                                        2
 EXTRA SYMMETRY OF AOS IN SYMMETRY 2:   1 1 1 1 1 1 1 1 1 1   2 1 2 1 2 1 1 1 1 1   1 2
 EXTRA SYMMETRY OF AOS IN SYMMETRY 3:   1 1 1 1 1 1 1 1 1 1   2 1 2 1 2 1 1 1 1 1   1 2
 EXTRA SYMMETRY OF AOS IN SYMMETRY 4:   1 1 1 1 1 1 1 2 1 1   1

 Eigenvalues of metric

         1 0.194E-03 0.112E-02 0.354E-02 0.519E-02 0.102E-01 0.124E-01 0.307E-01 0.422E-01
         2 0.135E-01 0.369E-01 0.497E-01 0.132E+00 0.201E+00 0.249E+00 0.343E+00 0.482E+00
         3 0.135E-01 0.369E-01 0.497E-01 0.132E+00 0.201E+00 0.249E+00 0.343E+00 0.482E+00
         4 0.157E+00 0.232E+00 0.403E+00 0.535E+00 0.707E+00 0.100E+01 0.110E+01 0.113E+01


 Contracted 2-electron integrals neglected if value below      1.0D-18
 AO integral compression algorithm  1   Integral accuracy      1.0D-18

     23.331 MB (compressed) written to integral file ( 89.2%)

     Node minimum: 2.359 MB, node maximum: 3.670 MB


 NUMBER OF SORTED TWO-ELECTRON INTEGRALS:     354817.     BUFFER LENGTH:  32768
 NUMBER OF SEGMENTS:   1  SEGMENT LENGTH:     354817      RECORD LENGTH: 524288

 Memory used in sort:       0.91 MW

 SORT1 READ     3365396. AND WROTE      265151. INTEGRALS IN      1 RECORDS. CPU TIME:     0.10 SEC, REAL TIME:     0.10 SEC
 SORT2 READ     2157494. AND WROTE     2862107. INTEGRALS IN     72 RECORDS. CPU TIME:     0.01 SEC, REAL TIME:     0.01 SEC

 Node minimum:      351757.  Node maximum:      365024. integrals

 OPERATOR DM      FOR CENTER  0  COORDINATES:    0.000000    0.000000    0.000000


 **********************************************************************************************************************************
 DATASETS  * FILE   NREC   LENGTH (MB)   RECORD NAMES
              1      18       28.69       500      610      700      900      950      970     1001      129      960     1100   
                                          VAR    BASINP    GEOM    SYMINP    ZMAT    AOBASIS   BASIS     P2S    ABASIS      S 
                                         1400     1410     1200     1210     1080     1600     1650     1700   
                                           T        V       H0       H01     AOSYM     SMH    MOLCAS    OPER   

              2       5        0.41       700     1000      520     2100     1001   
                                         GEOM     BASIS   MCVARS     RHF     BASIS   

 PROGRAMS   *        TOTAL       INT       MP2    HF-SCF       INT
 CPU TIMES  *         1.38      0.78      0.03      0.12      0.29
 REAL TIME  *         2.51 SEC
 DISK USED  *        29.15 MB (local),      282.40 MB (total)
 SF USED    *         0.27 MB
 GA USED    *         0.00 MB       (max)       0.00 MB       (current)
 **********************************************************************************************************************************


 Program * Restricted Hartree-Fock

 Molecular orbitals read from record     2100.2  Type=RHF/CANONICAL  

 Present basis size:       41   22   22   11
 Previous basis size:      25   12   12    5
 Previous occupation:       3    1    1    0
 Previous closed-shells:    3    1    1    0
 Previous core-orbitals:    1    0    0    0
 Present occupation:        3    1    1    0
 Present closed-shells:     3    1    1    0
 Present core-orbitals:     1    0    0    0
 Wavefunction symmetry:    1   Singlet 

 Orbital overlap <old|new>:  < 1.1| 1.1> = 0.999999   < 2.1| 2.1> = 0.999997   < 3.1| 3.1> = 0.999987   < 1.2| 1.2> = 0.999985
                             < 1.3| 1.3> = 0.999985


 Initial occupancy:   3   1   1   0

 NELEC=   10   SYM=1   MS2= 0   THRE=1.0D-12   THRD=1.0D-06   THRG=1.0D-06  HFMA2=F  DIIS_START=2   DIIS_MAX=10   DIIS_INCORE=F

 Level shifts:    0.00 (CLOSED)    0.00 (OPEN)    0.30 (GAP_MIN)

 ITER           ETOT              DE          GRAD        DDIFF     DIIS  NEXP   TIME(IT)  TIME(TOT)  DIAG
   1     -100.07000160    -100.07000160     0.00D+00     0.44D-01     0     0       0.01      0.01    start
   2     -100.07045267      -0.00045107     0.12D-01     0.32D-02     1     0       0.00      0.01    diag
   3     -100.07045445      -0.00000179     0.20D-03     0.22D-03     2     0       0.00      0.01    diag
   4     -100.07045450      -0.00000005     0.29D-04     0.18D-04     3     0       0.00      0.01    diag
   5     -100.07045452      -0.00000002     0.17D-04     0.32D-05     4     0       0.00      0.01    diag
   6     -100.07045452      -0.00000000     0.79D-06     0.56D-06     5     0       0.01      0.02    diag
   7     -100.07045452      -0.00000000     0.26D-06     0.14D-06     6     0       0.00      0.02    diag
   8     -100.07045452      -0.00000000     0.70D-07     0.36D-07     7     0       0.00      0.02    fixocc
   9     -100.07045452       0.00000000     0.86D-08     0.40D-08     8     0       0.00      0.02    diag
  10     -100.07045452      -0.00000000     0.11D-08     0.44D-09     0     0       0.00      0.02    diag/orth

 Final occupancy:   3   1   1   0

 !RHF STATE 1.1 Energy               -100.070454521379
  RHF One-electron energy            -150.610164283012
  RHF Two-electron energy              45.339058835333
  RHF Kinetic energy                  100.024613981787
  RHF Nuclear energy                    5.200650926300
  RHF Virial quotient                  -1.000458292592

 !RHF STATE 1.1 Dipole moment           0.00000000     0.00000000    -0.75540452
 Dipole moment /Debye                   0.00000000     0.00000000    -1.92004676

 Orbital energies:

           1.1          2.1          3.1          4.1          5.1
    -26.294848    -1.601464    -0.768698     0.092722     0.113124

           1.2          2.2          3.2
     -0.650506     0.118170     0.481654

           1.3          2.3          3.3
     -0.650506     0.118170     0.481654

           1.4          2.4
      0.521481     1.852113


 HOMO      1.3    -0.650506 =     -17.7012eV
 LUMO      4.1     0.092722 =       2.5231eV
 LUMO-HOMO         0.743229 =      20.2243eV

 Orbitals saved in record  2101.2


 **********************************************************************************************************************************
 DATASETS  * FILE   NREC   LENGTH (MB)   RECORD NAMES
              1      18       28.70       500      610      700      900      950      970     1001      129      960     1100   
                                          VAR    BASINP    GEOM    SYMINP    ZMAT    AOBASIS   BASIS     P2S    ABASIS      S 
                                         1400     1410     1200     1210     1080     1600     1650     1700   
                                           T        V       H0       H01     AOSYM     SMH    MOLCAS    OPER   

              2       6        0.55       700     1000      520     2100     1001     2101   
                                         GEOM     BASIS   MCVARS     RHF     BASIS     RHF  

 PROGRAMS   *        TOTAL    HF-SCF       INT       MP2    HF-SCF       INT
 CPU TIMES  *         1.46      0.08      0.78      0.03      0.12      0.29
 REAL TIME  *         2.81 SEC
 DISK USED  *        29.48 MB (local),      285.07 MB (total)
 SF USED    *         0.27 MB
 GA USED    *         0.00 MB       (max)       0.00 MB       (current)
 **********************************************************************************************************************************
 SETTING ENERHFHI       =      -100.07045452  AU                              


 PROGRAM * MP2 (Closed-shell)     Authors: C. Hampel, H.-J. Werner, 1991, M. Deegan, P.J. Knowles, 1992


 Convergence thresholds:  THRVAR = 1.00D-15  THRDEN = 1.00D-11

 Number of core orbitals:           1 (   1   0   0   0 )
 Number of closed-shell orbitals:   4 (   2   1   1   0 )
 Number of external orbitals:      91 (  38  21  21  11 )

 Molecular orbitals read from record     2101.2  Type=RHF/CANONICAL (state 1.1)

 Number of N-1 electron functions:               4
 Number of N-2 electron functions:              10
 Number of singly external CSFs:               118
 Number of doubly external CSFs:             17473
 Total number of CSFs:                       17592

 Length of J-op  integral file:               0.00 MB
 Length of K-op  integral file:               0.19 MB

 Integral transformation finished. Total CPU:   0.01 sec, npass=  1  Memory used:   0.10 MW

 Memory needed for MP2:                      0.01 MW

 SCS-MP2 correlation energy:           -0.293160096146   (PS=  1.200000  PT=  0.333333)
 SCS-MP2 total energy:               -100.363614617525


  Reference energy                   -100.070454521379
  MP2 singlet pair energy              -0.187301804693
  MP2 triplet pair energy              -0.109925245470
  MP2 correlation energy               -0.297227050163

 !MP2 total energy                   -100.367681571542


 **********************************************************************************************************************************
 DATASETS  * FILE   NREC   LENGTH (MB)   RECORD NAMES
              1      19       29.03       500      610      700      900      950      970     1001      129      960     1100   
                                          VAR    BASINP    GEOM    SYMINP    ZMAT    AOBASIS   BASIS     P2S    ABASIS      S 
                                         1400     1410     1200     1210     1080     1600     1650     1700     1380   
                                           T        V       H0       H01     AOSYM     SMH    MOLCAS    OPER     JKOP   

              2       6        0.55       700     1000      520     2100     1001     2101   
                                         GEOM     BASIS   MCVARS     RHF     BASIS     RHF  

 PROGRAMS   *        TOTAL       MP2    HF-SCF       INT       MP2    HF-SCF       INT
 CPU TIMES  *         1.50      0.04      0.08      0.78      0.03      0.12      0.29
 REAL TIME  *         2.86 SEC
 DISK USED  *        29.63 MB (local),      286.23 MB (total)
 SF USED    *         0.94 MB
 GA USED    *         0.00 MB       (max)       0.00 MB       (current)
 **********************************************************************************************************************************
 SETTING E2HI           =        -0.29722705  AU                              
 SETTING BASIS          =    DEF2-TZVP


 Recomputing integrals since basis changed


 Using spherical harmonics

 Library entry F      S def2-TZVP            selected for orbital group  1
 Library entry F      P def2-TZVP            selected for orbital group  1
 Library entry F      D def2-TZVP            selected for orbital group  1
 Library entry F      F def2-TZVP            selected for orbital group  1
 Library entry H      S def2-TZVP            selected for orbital group  2
 Library entry H      P def2-TZVP            selected for orbital group  2


 PROGRAM * SEWARD (Integral evaluation for generally contracted gaussian basis sets)     Author: Roland Lindh, 1990

 Geometry written to block  1 of record 700


 Point group  C2v 



 ATOMIC COORDINATES

 NR  ATOM    CHARGE       X              Y              Z

   1  F       9.00    0.000000000    0.000000000    0.173055449
   2  H       1.00    0.000000000    0.000000000   -1.557497154

 Bond lengths in Bohr (Angstrom)

 1-2  1.730552603
     ( 0.915769000)

 NUCLEAR CHARGE:                   10
 NUMBER OF PRIMITIVE AOS:          59
 NUMBER OF SYMMETRY AOS:           54
 NUMBER OF CONTRACTIONS:           37   (   18A1  +    8B1  +    8B2  +    3A2  )
 NUMBER OF INNER CORE ORBITALS:     0   (    0A1  +    0B1  +    0B2  +    0A2  )
 NUMBER OF OUTER CORE ORBITALS:     1   (    1A1  +    0B1  +    0B2  +    0A2  )
 NUMBER OF VALENCE ORBITALS:        5   (    3A1  +    1B1  +    1B2  +    0A2  )


 NUCLEAR REPULSION ENERGY    5.20065093

 EXTRA SYMMETRY OF AOS IN SYMMETRY 1:   1 1 1 1 1 1 1 1 1 2   1 2 1 2 1 1 1 1
 EXTRA SYMMETRY OF AOS IN SYMMETRY 2:   1 1 1 1 1 1 2 1
 EXTRA SYMMETRY OF AOS IN SYMMETRY 3:   1 1 1 1 1 1 2 1

 Eigenvalues of metric

         1 0.150E-01 0.204E-01 0.919E-01 0.114E+00 0.222E+00 0.331E+00 0.495E+00 0.500E+00
         2 0.193E+00 0.313E+00 0.662E+00 0.852E+00 0.100E+01 0.107E+01 0.164E+01 0.226E+01
         3 0.193E+00 0.313E+00 0.662E+00 0.852E+00 0.100E+01 0.107E+01 0.164E+01 0.226E+01
         4 0.495E+00 0.100E+01 0.151E+01


 Contracted 2-electron integrals neglected if value below      1.0D-18
 AO integral compression algorithm  1   Integral accuracy      1.0D-18

     2.097 MB (compressed) written to integral file (100.0%)

     Node minimum: 0.262 MB, node maximum: 0.262 MB


 NUMBER OF SORTED TWO-ELECTRON INTEGRALS:       7840.     BUFFER LENGTH:  32768
 NUMBER OF SEGMENTS:   1  SEGMENT LENGTH:       7840      RECORD LENGTH: 524288

 Memory used in sort:       0.56 MW

 SORT1 READ       77870. AND WROTE        5104. INTEGRALS IN      1 RECORDS. CPU TIME:     0.01 SEC, REAL TIME:     0.01 SEC
 SORT2 READ       47180. AND WROTE       71625. INTEGRALS IN      8 RECORDS. CPU TIME:     0.00 SEC, REAL TIME:     0.00 SEC

 Node minimum:        7811.  Node maximum:        9802. integrals

 OPERATOR DM      FOR CENTER  0  COORDINATES:    0.000000    0.000000    0.000000


 **********************************************************************************************************************************
 DATASETS  * FILE   NREC   LENGTH (MB)   RECORD NAMES
              1      18       28.59       500      610      700      900      950      970     1002      129      960     1100   
                                          VAR    BASINP    GEOM    SYMINP    ZMAT    AOBASIS   BASIS     P2S    ABASIS      S 
                                         1400     1410     1200     1210     1080     1600     1650     1700   
                                           T        V       H0       H01     AOSYM     SMH    MOLCAS    OPER   

              2       7        0.59       700     1000      520     2100     1001     2101     1002   
                                         GEOM     BASIS   MCVARS     RHF     BASIS     RHF     BASIS   

 PROGRAMS   *        TOTAL       INT       MP2    HF-SCF       INT       MP2    HF-SCF       INT
 CPU TIMES  *         2.35      0.84      0.04      0.08      0.78      0.03      0.12      0.29
 REAL TIME  *         3.84 SEC
 DISK USED  *        29.63 MB (local),      286.23 MB (total)
 SF USED    *         0.94 MB
 GA USED    *         0.00 MB       (max)       0.00 MB       (current)
 **********************************************************************************************************************************


 Program * Restricted Hartree-Fock

 Molecular orbitals read from record     2101.2  Type=RHF/CANONICAL (state 1.1)

 Present basis size:       18    8    8    3
 Previous basis size:      41   22   22   11
 Previous occupation:       3    1    1    0
 Previous closed-shells:    3    1    1    0
 Previous core-orbitals:    1    0    0    0
 Present occupation:        3    1    1    0
 Present closed-shells:     3    1    1    0
 Present core-orbitals:     1    0    0    0
 Wavefunction symmetry:    1   Singlet 

 Orbital overlap <old|new>:  < 1.1| 1.1> = 0.999999   < 2.1| 2.1> = 0.999980   < 3.1| 3.1> = 0.999920   < 1.2| 1.2> = 0.999762
                             < 1.3| 1.3> = 0.999762


 Initial occupancy:   3   1   1   0

 NELEC=   10   SYM=1   MS2= 0   THRE=1.0D-12   THRD=1.0D-06   THRG=1.0D-06  HFMA2=F  DIIS_START=2   DIIS_MAX=10   DIIS_INCORE=F

 Level shifts:    0.00 (CLOSED)    0.00 (OPEN)    0.30 (GAP_MIN)

 ITER           ETOT              DE          GRAD        DDIFF     DIIS  NEXP   TIME(IT)  TIME(TOT)  DIAG
   1     -100.06290237    -100.06290237     0.00D+00     0.13D+00     0     0       0.00      0.00    start
   2     -100.06335075      -0.00044838     0.49D-02     0.16D-02     1     0       0.00      0.00    diag
   3     -100.06336382      -0.00001306     0.47D-03     0.27D-03     2     0       0.00      0.00    diag
   4     -100.06336508      -0.00000126     0.12D-03     0.80D-04     3     0       0.00      0.00    diag
   5     -100.06336529      -0.00000021     0.59D-04     0.32D-04     4     0       0.00      0.00    diag
   6     -100.06336531      -0.00000002     0.15D-04     0.12D-04     5     0       0.00      0.00    diag
   7     -100.06336531      -0.00000000     0.26D-05     0.18D-05     6     0       0.00      0.00    diag
   8     -100.06336531      -0.00000000     0.38D-06     0.38D-06     7     0       0.00      0.00    fixocc
   9     -100.06336531       0.00000000     0.25D-07     0.21D-07     8     0       0.00      0.00    diag
  10     -100.06336531      -0.00000000     0.15D-08     0.10D-08     0     0       0.00      0.00    diag/orth

 Final occupancy:   3   1   1   0

 !RHF STATE 1.1 Energy               -100.063365314015
  RHF One-electron energy            -150.629225850414
  RHF Two-electron energy              45.365209610099
  RHF Kinetic energy                  100.029210598205
  RHF Nuclear energy                    5.200650926300
  RHF Virial quotient                  -1.000341447419

 !RHF STATE 1.1 Dipole moment           0.00000000     0.00000000    -0.79234226
 Dipole moment /Debye                   0.00000000     0.00000000    -2.01393314

 Orbital energies:

           1.1          2.1          3.1          4.1          5.1
    -26.290627    -1.598207    -0.765213     0.129112     0.577164

           1.2          2.2          3.2
     -0.647678     0.705405     1.627472

           1.3          2.3          3.3
     -0.647678     0.705405     1.627472

           1.4          2.4
      2.263329     7.369255


 HOMO      1.3    -0.647678 =     -17.6242eV
 LUMO      4.1     0.129112 =       3.5133eV
 LUMO-HOMO         0.776790 =      21.1375eV

 Orbitals saved in record  2102.2


 **********************************************************************************************************************************
 DATASETS  * FILE   NREC   LENGTH (MB)   RECORD NAMES
              1      18       28.59       500      610      700      900      950      970     1002      129      960     1100   
                                          VAR    BASINP    GEOM    SYMINP    ZMAT    AOBASIS   BASIS     P2S    ABASIS      S 
                                         1400     1410     1200     1210     1080     1600     1650     1700   
                                           T        V       H0       H01     AOSYM     SMH    MOLCAS    OPER   

              2       8        0.70       700     1000      520     2100     1001     2101     1002     2102   
                                         GEOM     BASIS   MCVARS     RHF     BASIS     RHF     BASIS     RHF  

 PROGRAMS   *        TOTAL    HF-SCF       INT       MP2    HF-SCF       INT       MP2    HF-SCF       INT
 CPU TIMES  *         2.39      0.04      0.84      0.04      0.08      0.78      0.03      0.12      0.29
 REAL TIME  *         4.12 SEC
 DISK USED  *        29.63 MB (local),      286.23 MB (total)
 SF USED    *         0.94 MB
 GA USED    *         0.00 MB       (max)       0.00 MB       (current)
 **********************************************************************************************************************************


 PROGRAM * CCSD (Closed-shell coupled cluster)     Authors: C. Hampel, H.-J. Werner, 1991, M. Deegan, P.J. Knowles, 1992


 Convergence thresholds:  THRVAR = 1.00D-15  THRDEN = 1.00D-11

 CCSD(T)     terms to be evaluated (factor= 1.000)


 Number of core orbitals:           1 (   1   0   0   0 )
 Number of closed-shell orbitals:   4 (   2   1   1   0 )
 Number of external orbitals:      32 (  15   7   7   3 )

 Molecular orbitals read from record     2102.2  Type=RHF/CANONICAL (state 1.1)

 Number of N-1 electron functions:               4
 Number of N-2 electron functions:              10
 Number of singly external CSFs:                44
 Number of doubly external CSFs:              2256
 Total number of CSFs:                        2301

 Length of J-op  integral file:               0.00 MB
 Length of K-op  integral file:               0.03 MB
 Length of 3-ext integral record:             0.00 MB

 Memory could be reduced to 0.12 Mwords without degradation in triples

 Integral transformation finished. Total CPU:   0.00 sec, npass=  1  Memory used:   0.08 MW

 Reference energy:                   -100.06336531

 MP2 singlet pair energy:              -0.16455585
 MP2 triplet pair energy:              -0.10237865
 MP2 correlation energy:               -0.26693450
 MP2 total energy:                   -100.33029981

 SCS-MP2 correlation energy:           -0.26116929   (PS=  1.200000  PT=  0.333333)
 SCS-MP2 total energy:               -100.32453460

 ITER.      SQ.NORM     CORR.ENERGY   TOTAL ENERGY   ENERGY CHANGE        DEN1      VAR(S)    VAR(P)  DIIS     TIME  TIME/IT
   1      1.04772650    -0.26961542  -100.33298074    -0.00268093     0.00170371  0.62D-03  0.60D-03  1  1     0.00     0.00
   2      1.05009858    -0.26970933  -100.33307464    -0.00009390    -0.00384979  0.23D-05  0.65D-04  2  2     0.01     0.00
   3      1.05072975    -0.26976324  -100.33312855    -0.00005391    -0.00051758  0.33D-05  0.24D-05  3  3     0.01     0.00
   4      1.05091510    -0.26974387  -100.33310919     0.00001936    -0.00013229  0.51D-07  0.12D-06  4  4     0.01     0.00
   5      1.05093338    -0.26974457  -100.33310989    -0.00000070    -0.00001249  0.10D-07  0.55D-08  5  5     0.01     0.00
   6      1.05093665    -0.26974421  -100.33310952     0.00000037    -0.00000142  0.76D-09  0.20D-09  6  6     0.01     0.00
   7      1.05093705    -0.26974432  -100.33310963    -0.00000011     0.00000004  0.73D-10  0.13D-10  6  2     0.01     0.00
   8      1.05093714    -0.26974430  -100.33310962     0.00000002     0.00000007  0.39D-11  0.14D-11  6  1     0.02     0.00
   9      1.05093722    -0.26974428  -100.33310959     0.00000002    -0.00000003  0.13D-12  0.86D-13  6  3     0.02     0.00
  10      1.05093722    -0.26974428  -100.33310959    -0.00000000     0.00000000  0.43D-14  0.28D-14  6  4     0.02     0.00
  11      1.05093722    -0.26974428  -100.33310959     0.00000000     0.00000000  0.29D-15  0.80D-16  6  5     0.02     0.00
  12      1.05093722    -0.26974428  -100.33310959    -0.00000000     0.00000000  0.15D-16  0.63D-17  6  6     0.02     0.00
  13      1.05093722    -0.26974428  -100.33310959    -0.00000000     0.00000000  0.73D-18  0.32D-18  6  2     0.02     0.00
  14      1.05093722    -0.26974428  -100.33310959    -0.00000000     0.00000000  0.50D-19  0.25D-19  6  3     0.02     0.00

 Norm of t1 vector:      0.02971432      S-energy:     0.00000000      T1 diagnostic:  0.00742858
                                                                       D1 diagnostic:  0.01174239
                                                                       D2 diagnostic:  0.11806168 (internal)


 Total CPU time for triples:      0.00 sec


 RESULTS
 =======

  Reference energy                   -100.063365314015
  CCSD singlet pair energy             -0.178191383186
  CCSD triplet pair energy             -0.091552896043
  CCSD correlation energy              -0.269744279222

  Triples (T) contribution             -0.005873649679
  Total correlation energy             -0.275617928901

  CCSD total energy                  -100.333109593237
  CCSD[T] energy                     -100.339257803363
  CCSD-T energy                      -100.338833817542
 !CCSD(T) total energy               -100.338983242916

 Timing summary (sec):

 STEP                 CPU(USER)    SYS     CPU(TOT)    WALL
 CCSD iterations         0.03      0.01      0.04      0.03

 Program statistics:

 Available memory in ccsd:              1499999927
 Min. memory needed in ccsd:                 13111
 Max. memory used in ccsd:                   14417
 Max. memory used in cckext:                 46162 (14 integral passes)



 **********************************************************************************************************************************
 DATASETS  * FILE   NREC   LENGTH (MB)   RECORD NAMES
              1      19       28.78       500      610      700      900      950      970     1002      129      960     1100   
                                          VAR    BASINP    GEOM    SYMINP    ZMAT    AOBASIS   BASIS     P2S    ABASIS      S 
                                         1400     1410     1200     1210     1080     1600     1650     1700     1380   
                                           T        V       H0       H01     AOSYM     SMH    MOLCAS    OPER     JKOP   

              2       8        0.70       700     1000      520     2100     1001     2101     1002     2102   
                                         GEOM     BASIS   MCVARS     RHF     BASIS     RHF     BASIS     RHF  

 PROGRAMS   *        TOTAL   CCSD(T)    HF-SCF       INT       MP2    HF-SCF       INT       MP2    HF-SCF       INT
 CPU TIMES  *         2.45      0.06      0.04      0.84      0.04      0.08      0.78      0.03      0.12      0.29
 REAL TIME  *         4.19 SEC
 DISK USED  *        29.78 MB (local),      286.38 MB (total)
 SF USED    *         0.94 MB
 GA USED    *         0.00 MB       (max)       0.00 MB       (current)
 **********************************************************************************************************************************
 SETTING EHLC           =        -0.00908365  AU                              
 SETTING CUE            =         0.19592957                                  
 SETTING EHFCBS         =      -100.07144175  AU                              
 SETTING E2CBS          =        -0.31102687  AU                              
 SETTING ETOTAL         =      -100.39155227  AU                              


 PROGRAM * OPT (Geometry optimization)     Authors: F. Eckert and H.-J. Werner


 Using mppx in numerical gradients

 BFGS update of hessian

 Geometry optimization using start command=LABEL1

 Optimizing variable ETOTAL; current value:   -100.39155227 AU

 Geometry written to block  1 of record 700

 *** Long output written to logfile /gpfs01/work/emmanous/6Frequencies/implementation/MOLPRO/G4-T'/EXAMPLE_HF/hf.opt.log ***


 Generated   1 symmetrical displacements

 Making model hessian for cartesian coordinates

 Entering Rational Function Geometry Optimization

 ITER.   ENERGY(OLD)    ENERGY(NEW)      DE          GRADMAX     GRADNORM    GRADRMS     STEPMAX     STEPLEN     STEPRMS   CPU-time
   1  -100.39155227  -100.39155335    -0.00000108  0.00178439  0.00178439  0.00178439  0.00113381  0.00113381  0.00080172      6.11
 Waited for other processes for   1.86 seconds
   2  -100.39155335  -100.39155337    -0.00000002  0.00035590  0.00035590  0.00035590  0.00028248  0.00028248  0.00019974     14.87
   3  -100.39155337  -100.39155337    -0.00000000  0.00000139  0.00000139  0.00000139  0.00000111  0.00000111  0.00000079     22.06

 END OF GEOMETRY OPTIMIZATION.

 Geometry written to block  1 of record 700

 Current geometry (xyz format, in Angstrom)

    2
 CCSD(T)/DEF2-TZVP  ENERGY=-100.39155337
 F          0.0000000000        0.0000000000        0.0921073674
 H          0.0000000000        0.0000000000       -0.8247223674

 **********************************************************************************************************************************


 **********************************************************************************************************************************
 DATASETS  * FILE   NREC   LENGTH (MB)   RECORD NAMES
              1      19       28.78       500      610      700      900      950      970     1002      129      960     1100   
                                          VAR    BASINP    GEOM    SYMINP    ZMAT    AOBASIS   BASIS     P2S    ABASIS      S 
                                         1400     1410     1200     1210     1080     1600     1650     1700     1380   
                                           T        V       H0       H01     AOSYM     SMH    MOLCAS    OPER     JKOP   

              2      11        0.97       700     1000      520     2100     1001     2101     1002     2102     5600     2103   
                                         GEOM     BASIS   MCVARS     RHF     BASIS     RHF     BASIS     RHF     GINFO     RHF  
                                         2104   
                                          RHF  

 PROGRAMS   *        TOTAL      OPTG   CCSD(T)    HF-SCF       INT       MP2    HF-SCF       INT       MP2    HF-SCF       INT
 CPU TIMES  *        24.51     22.06      0.06      0.04      0.84      0.04      0.08      0.78      0.03      0.12      0.29
 REAL TIME  *        39.07 SEC
 DISK USED  *        79.62 MB (local),      438.12 MB (total)
 SF USED    *         0.94 MB
 GA USED    *         0.00 MB       (max)       0.00 MB       (current)
 **********************************************************************************************************************************

 CCSD(T)/DEF2-TZVP//CCSD(T)/DEF2-TZVP energy=   -100.338995674045

   OPTG(CCSD(T))         CCSD(T)          HF-SCF             MP2          HF-SCF             MP2          HF-SCF
   -100.39155337   -100.33898324   -100.06336531   -100.36768157   -100.07045452   -100.33925655   -100.06640305
 **********************************************************************************************************************************
 Molpro calculation terminated
