 Cartesian Coordinates are in [bohr]
 Creating new Variables:
 OX1               0.00000000
 OY1               0.00000000
 OZ1               0.22162898
 HX2               0.00000000
 HY2               1.43024618
 HZ2              -0.88988432
 HX3               0.00000000
 HY3              -1.43024618
 HZ3              -0.88988432
 Task   1   Incrementing variable OX1   by    0.010 BOH (Skipping negative increment due to symmetry).
 Task   2   Incrementing variable OY1   by    0.010 BOH (Skipping negative increment due to symmetry).
 Task   3   Incrementing variable OZ1   by    0.010 BOH
 Task   4   Incrementing variable OZ1   by   -0.010 BOH
 Task   5   Incrementing variable HX2   by    0.010 BOH (Skipping negative increment due to symmetry).
 Task   6   Incrementing variable HY2   by    0.010 BOH
 Task   7   Incrementing variable HY2   by   -0.010 BOH
 Task   8   Incrementing variable HZ2   by    0.010 BOH
 Task   9   Incrementing variable HZ2   by   -0.010 BOH

 Switching to mppx mode, nproc=  8

 Starting task   1.  CPU=     0.00 sec, Elapsed=     0.01 sec
 Incrementing variable OX1              by  0.010000 BOH   to    0.010000 BOH


 Using spherical harmonics

 Library entry O      S def2-TZVP            selected for orbital group  1
 Library entry O      P def2-TZVP            selected for orbital group  1
 Library entry O      D def2-TZVP            selected for orbital group  1
 Library entry O      F def2-TZVP            selected for orbital group  1
 Library entry H      S def2-TZVP            selected for orbital group  2
 Library entry H      P def2-TZVP            selected for orbital group  2


 PROGRAM * SEWARD (Integral evaluation for generally contracted gaussian basis sets)     Author: Roland Lindh, 1990

 Geometry written to block  1 of record 702


 Point group  Cs  



 ATOMIC COORDINATES

 NR  ATOM    CHARGE       X              Y              Z

   1  O       8.00    0.010000000    0.000000000    0.221628984
   2  H       1.00    0.000000000    1.430246175   -0.889884322
   3  H       1.00    0.000000000   -1.430246175   -0.889884322

 Bond lengths in Bohr (Angstrom)

 1-2  1.811398893  1-3  1.811398893
     ( 0.958551014)     ( 0.958551014)

 Bond angles

  2-1-3  104.29274767

 NUCLEAR CHARGE:                   10
 NUMBER OF PRIMITIVE AOS:          67
 NUMBER OF SYMMETRY AOS:           62
 NUMBER OF CONTRACTIONS:           43   (   27A'  +   16A"  )
 NUMBER OF INNER CORE ORBITALS:     0   (    0A'  +    0A"  )
 NUMBER OF OUTER CORE ORBITALS:     1   (    1A'  +    0A"  )
 NUMBER OF VALENCE ORBITALS:        6   (    4A'  +    2A"  )

 SYMMETRY CHANGED: INITIALIZING OCCUPATION


 NUCLEAR REPULSION ENERGY    9.18254246

 Eigenvalues of metric

         1 0.834E-02 0.139E-01 0.105E+00 0.109E+00 0.178E+00 0.190E+00 0.225E+00 0.298E+00
         2 0.139E-01 0.550E-01 0.931E-01 0.274E+00 0.283E+00 0.446E+00 0.535E+00 0.699E+00


 Contracted 2-electron integrals neglected if value below      1.0D-18
 AO integral compression algorithm  1   Integral accuracy      1.0D-18

     2.359 MB (compressed) written to integral file ( 91.5%)


 NUMBER OF SORTED TWO-ELECTRON INTEGRALS:     235171.     BUFFER LENGTH:  32768
 NUMBER OF SEGMENTS:   1  SEGMENT LENGTH:     235171      RECORD LENGTH: 524288

 Memory used in sort:       0.79 MW

 SORT1 READ      297012. AND WROTE      183103. INTEGRALS IN      1 RECORDS. CPU TIME:     0.00 SEC, REAL TIME:     0.01 SEC
 SORT2 READ      183103. AND WROTE      235171. INTEGRALS IN      9 RECORDS. CPU TIME:     0.01 SEC, REAL TIME:     0.01 SEC

 FILE SIZES:   FILE 1:    32.6 MBYTE,  FILE 4:     4.2 MBYTE,   TOTAL:     36.8 MBYTE

 OPERATOR DM      FOR CENTER  0  COORDINATES:    0.000000    0.000000    0.000000

 Program * Restricted Hartree-Fock

 Molecular orbitals read from record     2100.2  Type=RHF/CANONICAL  

 Present basis size:       27   16
 Previous basis size:      19    8   12    4
 Previous occupation:       3    1    1    0
 Previous closed-shells:    3    1    1    0
 Previous core-orbitals:    1    0    0    0
 Present occupation:        4    1
 Present closed-shells:     4    1
 Present core-orbitals:     1    0
 Wavefunction symmetry:    1   Singlet 

 Orbital overlap <old|new>:  < 1.1| 1.1> = 0.999268   < 2.1| 2.1> = 0.999947   < 3.1| 3.1> = 0.999991   < 1.2| 4.1> = 0.999995
                             < 1.3| 1.2> = 0.999998


 NELEC=   10   SYM=1   MS2= 0   THRE=1.0D-12   THRD=1.0D-07   THRG=1.0D-07  HFMA2=F  DIIS_START=2   DIIS_MAX=10   DIIS_INCORE=F

 Level shifts:    0.00 (CLOSED)    0.00 (OPEN)    0.30 (GAP_MIN)

 ITER           ETOT              DE          GRAD        DDIFF     DIIS  NEXP   TIME(IT)  TIME(TOT)  DIAG
   1      -76.03988397     -76.03988397     0.00D+00     0.83D-01     0     0       0.00      0.00    start
   2      -76.05877233      -0.01888836     0.43D-01     0.29D-02     1     0       0.00      0.00    diag
   3      -76.05893244      -0.00016011     0.21D-02     0.42D-03     2     0       0.00      0.00    diag
   4      -76.05893927      -0.00000683     0.33D-03     0.95D-04     3     0       0.00      0.00    diag
   5      -76.05894027      -0.00000100     0.82D-04     0.52D-04     4     0       0.00      0.00    diag
   6      -76.05894048      -0.00000020     0.42D-04     0.20D-04     5     0       0.00      0.00    diag
   7      -76.05894050      -0.00000003     0.82D-05     0.12D-04     6     0       0.01      0.01    diag
   8      -76.05894050      -0.00000000     0.19D-05     0.36D-05     7     0       0.00      0.01    fixocc
   9      -76.05894050      -0.00000000     0.40D-06     0.58D-06     8     0       0.00      0.01    diag
  10      -76.05894050      -0.00000000     0.30D-07     0.87D-07     9     0       0.00      0.01    diag/orth
  11      -76.05894050      -0.00000000     0.23D-08     0.47D-08     0     0       0.00      0.01    diag

 Final occupancy:   4   1

 !RHF STATE 1.1 Energy                -76.058940504838
  RHF One-electron energy            -123.058094480368
  RHF Two-electron energy              37.816611520371
  RHF Kinetic energy                   75.999095423146
  RHF Nuclear energy                    9.182542455158
  RHF Virial quotient                  -1.000787444658

 !RHF STATE 1.1 Dipole moment          -0.00765470     0.00000000    -0.85082909
 Dipole moment /Debye                  -0.01945631     0.00000000    -2.16259185

 Orbital energies:

           1.1          2.1          3.1          4.1          5.1          6.1
    -20.560049    -1.349248    -0.581479    -0.508014     0.127499     0.566110

           1.2          2.2          3.2
     -0.713646     0.197394     0.523107


 HOMO      4.1    -0.508014 =     -13.8238eV
 LUMO      5.1     0.127499 =       3.4694eV
 LUMO-HOMO         0.635513 =      17.2932eV

 Orbitals saved in record  2101.1


 **********************************************************************************************************************************
 DATASETS  * FILE   NREC   LENGTH (MB)   RECORD NAMES
              1      21       30.40       500      610      700      702      900      950      970     1001      129      960   
                                          VAR    BASINP    GEOM     GEOM    SYMINP    ZMAT    AOBASIS   BASIS     P2S    ABASIS    
                                         1100     1400     1410     1200     1210     1080     1600     1650     1300     1700   
                                           S        T        V       H0       H01     AOSYM     SMH    MOLCAS    ERIS     OPER   
                                         2101   
                                          RHF  

              2       9        0.86       700     1000      520     2100     4100      701     5500      702     1001   
                                         GEOM     BASIS   MCVARS     RHF     CPHF     GEOM     HINFO    GEOM     BASIS   

 PROGRAMS   *        TOTAL    HF-SCF       MP2    HF-SCF       INT
 CPU TIMES  *         1.32      0.56      0.04      0.31      0.27
 REAL TIME  *         2.75 SEC
 DISK USED  *        36.03 MB
 SF USED    *         0.26 MB
 **********************************************************************************************************************************


 PROGRAM * MP2 (Closed-shell)     Authors: C. Hampel, H.-J. Werner, 1991, M. Deegan, P.J. Knowles, 1992


 Convergence thresholds:  THRVAR = 1.00D-16  THRDEN = 1.00D-12

 Number of core orbitals:           1 (   1   0 )
 Number of closed-shell orbitals:   4 (   3   1 )
 Number of external orbitals:      38 (  23  15 )

 Molecular orbitals read from record     2101.1  Type=RHF/CANONICAL (state 1.1)

 Number of N-1 electron functions:               4
 Number of N-2 electron functions:              10
 Number of singly external CSFs:                84
 Number of doubly external CSFs:              5916
 Total number of CSFs:                        6001

 Length of J-op  integral file:               0.00 MB
 Length of K-op  integral file:               0.10 MB

 Integral transformation finished. Total CPU:   0.00 sec, npass=  1  Memory used:   0.08 MW

 Memory needed for MP2:                      0.00 MW

 SCS-MP2 correlation energy:           -0.250955699756   (PS=  1.200000  PT=  0.333333)
 SCS-MP2 total energy:                -76.309896204594


  Reference energy                    -76.058940504838
  MP2 singlet pair energy              -0.160716451051
  MP2 triplet pair energy              -0.093368504725
  MP2 correlation energy               -0.254084955775

 !MP2 total energy                    -76.313025460613

 KEXT needed  1 integral passes. Memory used:   0.07 MW  CPU time:      0.00 sec


 CPHF trial vector read from record  4100.2

 Starting Coupled-perturbed Hartree-Fock, convergence threshold= 1.0D-06

 ITER   MIC  DIIS      VAR         VARC       CPU
   1     0     1    0.77D-03    0.29D-05     0.00
   2     5     2    0.12D-05    0.12D-05     0.00
   3     1     3    0.22D-06    0.74D-08     0.00

 CPHF convergence reached in  3 macroiterations and    6 microiterations.   Accuracy: 2.1739D-07

 Dipole moments (unrelaxed):           -0.00757169     0.00000000    -0.84160196
 Orbital relaxation contribution:       0.00009030    -0.00000000     0.01002785
 !MP2 STATE 1.1 Dipole moment          -0.00748138     0.00000000    -0.83157410
 Dipole moment /Debye                  -0.01901578     0.00000000    -2.11365055

 CPU-time for density and lagrangian:                  0.00 sec
 CPU-time for coupled-perturbed hartree-fock:          0.00 sec

 MP2 gradient info saved on record         5200.1


 **********************************************************************************************************************************
 DATASETS  * FILE   NREC   LENGTH (MB)   RECORD NAMES
              1      23       30.62       500      610      700      702      900      950      970     1001      129      960   
                                          VAR    BASINP    GEOM     GEOM    SYMINP    ZMAT    AOBASIS   BASIS     P2S    ABASIS    
                                         1100     1400     1410     1200     1210     1080     1600     1650     1300     1700   
                                           S        T        V       H0       H01     AOSYM     SMH    MOLCAS    ERIS     OPER   
                                         2101     1380     5200   
                                          RHF     JKOP      MP2  

              2       9        0.86       700     1000      520     2100     4100      701     5500      702     1001   
                                         GEOM     BASIS   MCVARS     RHF     CPHF     GEOM     HINFO    GEOM     BASIS   

 PROGRAMS   *        TOTAL       MP2       MP2    HF-SCF       INT
 CPU TIMES  *         1.37      0.05      0.04      0.31      0.27
 REAL TIME  *         2.79 SEC
 DISK USED  *        36.03 MB
 SF USED    *         0.26 MB
 **********************************************************************************************************************************

 PROGRAM * ALASKA (Gradient of the energy)     Author: R. Lindh


 MP2      Gradient info restored from record    5200.1

 Number of core orbitals:           1 (   1   0 )
 Number of closed-shell orbitals:   4 (   3   1 )
 Number of external orbitals:      38 (  23  15 )

 Integral thresholds in T2TRAN:            1.0D-10 (PROD)

 Available memory for Transformation:1497809318 words
 Memory needed for incore algorithm:      28810 words
 Minimum memory needed:                   20744 words

 Memory used for transformation:           0.03 MW
 Available memory for gradients:        1499.78 MW

 CPU for transformation:                   0.00 sec
 CPU for integrals and gradient:           0.04 sec
 Total CPU:                                0.04 sec

 Prescreening statistics:
 ========================

 Total number of shell quadruplets:        2.31D+02
 Number of shell quadruplets processed:    2.31D+02 (100.00%)

 MP2 GRADIENT FOR STATE 1.1

 Atom          dE/dx               dE/dy               dE/dz

   1        -0.000033441         0.000000000        -0.003715254
   2         0.000016720        -0.003535572         0.001857627
   3         0.000016720         0.003535572         0.001857627

 Nuclear force contribution to virial =        -0.014243365

 Tasks on processor    0 finished.  CPU=      0.80 sec, Elapsed=      0.97 sec. Waiting for other processors...

 Switching back to mpp mode, nproc=  8


 Recomputing wavefunction at initial geometry


 Using spherical harmonics

 Library entry O      S def2-TZVP            selected for orbital group  1
 Library entry O      P def2-TZVP            selected for orbital group  1
 Library entry O      D def2-TZVP            selected for orbital group  1
 Library entry O      F def2-TZVP            selected for orbital group  1
 Library entry H      S def2-TZVP            selected for orbital group  2
 Library entry H      P def2-TZVP            selected for orbital group  2


 PROGRAM * SEWARD (Integral evaluation for generally contracted gaussian basis sets)     Author: Roland Lindh, 1990

 Geometry written to block  1 of record 700


 Point group  C2v 



 ATOMIC COORDINATES

 NR  ATOM    CHARGE       X              Y              Z

   1  O       8.00    0.000000000    0.000000000    0.221628984
   2  H       1.00    0.000000000    1.430246175   -0.889884322
   3  H       1.00    0.000000000   -1.430246175   -0.889884322

 Bond lengths in Bohr (Angstrom)

 1-2  1.811371290  1-3  1.811371290
     ( 0.958536407)     ( 0.958536407)

 Bond angles

  2-1-3  104.29499459

 NUCLEAR CHARGE:                   10
 NUMBER OF PRIMITIVE AOS:          67
 NUMBER OF SYMMETRY AOS:           62
 NUMBER OF CONTRACTIONS:           43   (   19A1  +    8B1  +   12B2  +    4A2  )
 NUMBER OF INNER CORE ORBITALS:     0   (    0A1  +    0B1  +    0B2  +    0A2  )
 NUMBER OF OUTER CORE ORBITALS:     1   (    1A1  +    0B1  +    0B2  +    0A2  )
 NUMBER OF VALENCE ORBITALS:        6   (    3A1  +    1B1  +    2B2  +    0A2  )


 NUCLEAR REPULSION ENERGY    9.18267706

 Eigenvalues of metric

         1 0.834E-02 0.139E-01 0.105E+00 0.109E+00 0.190E+00 0.225E+00 0.366E+00 0.440E+00
         2 0.178E+00 0.298E+00 0.610E+00 0.828E+00 0.100E+01 0.108E+01 0.162E+01 0.242E+01
         3 0.139E-01 0.550E-01 0.931E-01 0.274E+00 0.446E+00 0.535E+00 0.699E+00 0.103E+01
         4 0.282E+00 0.713E+00 0.112E+01 0.185E+01


 Contracted 2-electron integrals neglected if value below      1.0D-18
 AO integral compression algorithm  1   Integral accuracy      1.0D-18

     2.097 MB (compressed) written to integral file (100.0%)

     Node minimum: 0.262 MB, node maximum: 0.262 MB


 NUMBER OF SORTED TWO-ELECTRON INTEGRALS:      14686.     BUFFER LENGTH:  32768
 NUMBER OF SEGMENTS:   1  SEGMENT LENGTH:      14686      RECORD LENGTH: 524288

 Memory used in sort:       0.57 MW

 SORT1 READ      156291. AND WROTE       12392. INTEGRALS IN      1 RECORDS. CPU TIME:     0.00 SEC, REAL TIME:     0.01 SEC
 SORT2 READ      106507. AND WROTE      126359. INTEGRALS IN      8 RECORDS. CPU TIME:     0.00 SEC, REAL TIME:     0.01 SEC

 Node minimum:       14649.  Node maximum:       16928. integrals

 OPERATOR DM      FOR CENTER  0  COORDINATES:    0.000000    0.000000    0.000000

 Program * Restricted Hartree-Fock

 Molecular orbitals read from record     2100.2  Type=RHF/CANONICAL  

 NELEC=   10   SYM=1   MS2= 0   THRE=1.0D-12   THRD=1.0D-06   THRG=1.0D-06  HFMA2=F  DIIS_START=2   DIIS_MAX=10   DIIS_INCORE=F

 Level shifts:    0.00 (CLOSED)    0.00 (OPEN)    0.30 (GAP_MIN)

 ITER           ETOT              DE          GRAD        DDIFF     DIIS  NEXP   TIME(IT)  TIME(TOT)  DIAG
   1      -76.05894164     -76.05894164     0.00D+00     0.11D+00     0     0       0.00      0.00    start
   2      -76.05894164      -0.00000000     0.42D-08     0.37D-08     1     0       0.00      0.00    diag

 Final occupancy:   3   1   1   0

 !RHF STATE 1.1 Energy                -76.058941641209
  RHF One-electron energy            -123.058339369430
  RHF Two-electron energy              37.816720669170
  RHF Kinetic energy                   75.999149480419
  RHF Nuclear energy                    9.182677059051
  RHF Virial quotient                  -1.000786747762

 !RHF STATE 1.1 Dipole moment           0.00000000     0.00000000    -0.85084386
 Dipole moment /Debye                   0.00000000     0.00000000    -2.16262937

 Orbital energies:

           1.1          2.1          3.1          4.1          5.1
    -20.560045    -1.349254    -0.581477     0.127501     0.566108

           1.2          2.2          3.2
     -0.508015     0.597259     1.550656

           1.3          2.3          3.3
     -0.713658     0.197395     0.523115

           1.4          2.4
      1.441481     2.393205


 HOMO      1.2    -0.508015 =     -13.8238eV
 LUMO      4.1     0.127501 =       3.4695eV
 LUMO-HOMO         0.635515 =      17.2932eV

 Orbitals saved in record  2100.2


 **********************************************************************************************************************************
 DATASETS  * FILE   NREC   LENGTH (MB)   RECORD NAMES
              1      18       28.61       500      610      700      900      950      970     1000      129      960     1100   
                                          VAR    BASINP    GEOM    SYMINP    ZMAT    AOBASIS   BASIS     P2S    ABASIS      S 
                                         1400     1410     1200     1210     1080     1600     1650     1700   
                                           T        V       H0       H01     AOSYM     SMH    MOLCAS    OPER   

              2       8        0.43       700     1000      520     2100     4100     5300     5450     5400   
                                         GEOM     BASIS   MCVARS     RHF     CPHF     HESS     NMOD     FREQ   

 PROGRAMS   *        TOTAL    HF-SCF       MP2    HF-SCF       INT
 CPU TIMES  *         4.33      2.34      0.04      0.31      0.27
 REAL TIME  *         6.22 SEC
 DISK USED  *        36.03 MB (local),      318.63 MB (total)
 SF USED    *         0.26 MB
 GA USED    *         0.00 MB       (max)       0.00 MB       (current)
 **********************************************************************************************************************************


 PROGRAM * MP2 (Closed-shell)     Authors: C. Hampel, H.-J. Werner, 1991, M. Deegan, P.J. Knowles, 1992


 Convergence thresholds:  THRVAR = 1.00D-16  THRDEN = 1.00D-12

 Number of core orbitals:           1 (   1   0   0   0 )
 Number of closed-shell orbitals:   4 (   2   1   1   0 )
 Number of external orbitals:      38 (  16   7  11   4 )

 Molecular orbitals read from record     2100.2  Type=RHF/CANONICAL (state 1.1)

 Number of N-1 electron functions:               4
 Number of N-2 electron functions:              10
 Number of singly external CSFs:                50
 Number of doubly external CSFs:              3124
 Total number of CSFs:                        3175

 Length of J-op  integral file:               0.00 MB
 Length of K-op  integral file:               0.04 MB

 Integral transformation finished. Total CPU:   0.00 sec, npass=  1  Memory used:   0.07 MW

 Memory needed for MP2:                      0.00 MW

 SCS-MP2 correlation energy:           -0.250954361161   (PS=  1.200000  PT=  0.333333)
 SCS-MP2 total energy:                -76.309896002369


  Reference energy                    -76.058941641209
  MP2 singlet pair energy              -0.160715538344
  MP2 triplet pair energy              -0.093368113631
  MP2 correlation energy               -0.254083651975

 !MP2 total energy                    -76.313025293183

 KEXT needed  1 integral passes. Memory used:   0.05 MW  CPU time:      0.00 sec


 CPHF trial vector read from record  4100.2

 Starting Coupled-perturbed Hartree-Fock, convergence threshold= 1.0D-06

 ITER   MIC  DIIS      VAR         VARC       CPU
   1     0     1    0.15D-06    0.74D-08     0.00

 CPHF convergence reached in  1 macroiterations and    0 microiterations.   Accuracy: 1.5140D-07

 CPHF solution written to record  4100.2

 Dipole moments (unrelaxed):            0.00000000     0.00000000    -0.84161730
 Orbital relaxation contribution:      -0.00000000    -0.00000000     0.01002702
 !MP2 STATE 1.1 Dipole moment           0.00000000     0.00000000    -0.83159028
 Dipole moment /Debye                   0.00000000     0.00000000    -2.11369167

 CPU-time for density and lagrangian:                  0.00 sec
 CPU-time for coupled-perturbed hartree-fock:          0.00 sec

 MP2 gradient info saved on record         5200.1


 **********************************************************************************************************************************
 DATASETS  * FILE   NREC   LENGTH (MB)   RECORD NAMES
              1      20       28.73       500      610      700      900      950      970     1000      129      960     1100   
                                          VAR    BASINP    GEOM    SYMINP    ZMAT    AOBASIS   BASIS     P2S    ABASIS      S 
                                         1400     1410     1200     1210     1080     1600     1650     1700     1380     5200   
                                           T        V       H0       H01     AOSYM     SMH    MOLCAS    OPER     JKOP      MP2  

              2       8        0.43       700     1000      520     2100     4100     5300     5450     5400   
                                         GEOM     BASIS   MCVARS     RHF     CPHF     HESS     NMOD     FREQ   

 PROGRAMS   *        TOTAL       MP2       MP2    HF-SCF       INT
 CPU TIMES  *         4.37      0.03      0.04      0.31      0.27
 REAL TIME  *         6.27 SEC
 DISK USED  *        36.03 MB (local),      318.63 MB (total)
 SF USED    *         0.27 MB
 GA USED    *         0.00 MB       (max)       0.00 MB       (current)
 **********************************************************************************************************************************
