
 Working directory              : /scratch/emmanous/h2o.opt.com.7082/molpro.mb4BTQkEts/
 Global scratch directory       : /scratch/emmanous/h2o.opt.com.7082/molpro.mb4BTQkEts/
 Wavefunction directory         : /home/emmanous/wfu/
 Main file repository           : /scratch/emmanous/h2o.opt.com.7082/molpro.mb4BTQkEts/

 id        : wis

 Nodes     nprocs
 cff155       8
 GA implementation: MPI file
 GA implementation (serial work in mppx): MPI file

 Using DEFAULT tuning parameter for ncache   :   16384
 Using DEFAULT tuning parameter for mflopdgm :   10000
 Using DEFAULT tuning parameter for mflopdgv :    4000
 Using DEFAULT tuning parameter for mflopmxm :    5000
 Using DEFAULT tuning parameter for mflopmxv :    4000
 Using DEFAULT tuning parameter for mindgm   :       1
 Using DEFAULT tuning parameter for mindgc   :       4
 Using DEFAULT tuning parameter for mindgf   :    5000
 Using DEFAULT tuning parameter for mindgl   :       4
 Using DEFAULT tuning parameter for mindgr   :       1
 Using DEFAULT tuning parameter for mindgv   :      20
 Using DEFAULT tuning parameter for mincuda  :     500
 Using DEFAULT tuning parameter for mxmblk   :      64
 Using DEFAULT tuning parameter for mxmbln   :      64
 Using DEFAULT tuning parameter for nroll    :       2
 Using custom tuning parameter for ngpus     :       0
 Using customized tuning parameters: mindgm=1; mindgv=20; mindgc=4; mindgr=1; noblas=0; minvec=7

 Fortran compiler: integer size=8, double size=8, logical size=8
 default implementation of scratch files=sf  


 Variables initialized (1015), CPU time= 0.00 sec
 ***,geometry optimization
 gthresh,energy=1d-12,gradient=1d-6,twoint=1d-18,prefac=1d-20
 GTHRESH, OPTSTEP=1d-5, OPTGRAD=1d-5, ENERGY=1d-11
 noorient
 charge=
 multiplicity=
 geomtyp=xyz
 geom={
 O          0.0000000000        0.0000000000        0.1172810078
 H          0.0000000000        0.7568536811       -0.4709065039
 H          0.0000000000       -0.7568536811       -0.4709065039
 }
 MASS,ISO
 MASS,PRINT
 label1
 
 basis,def2-TZVPPD,h=def2-TZVPP
 hf
 enerhflow=energy
 mp2
 e2low=energy-enerhflow
 basis,def2-QZVPPD,h=def2-QZVPP
 hf
 enerhfhi=energy
 mp2
 e2hi=energy-enerhfhi
 basis,def2-TZVP
 hf
 ccsd(t)
 ehlc=1.04609*(energy-emp2)
 cue=exp(-1.63d0)
 ehfcbs=(enerhfhi-enerhflow*cue)/(1d0-cue)
 e2cbs=e2hi+0.56618*(e2hi-e2low)
 etotal=ehfcbs+e2cbs+ehlc
 
 optg,startcmd=label1,variable=etotal
 Commands initialized (834), CPU time= 0.01 sec, 672 directives.
 Default parameters read. Elapsed time= 0.07 sec

 Using DEFAULT tuning parameter for mpplat   :       3
 Using DEFAULT tuning parameter for mppspeed :    1600
 Checking input...
 Passed
1


                                         ***  PROGRAM SYSTEM MOLPRO  ***
                                       Copyright, TTI GmbH Stuttgart, 2015
                                    Version 2022.2 linked Thu May  5 23:39:45 2022


 **********************************************************************************************************************************
 LABEL *   geometry optimization                                                         
  64 bit mpp version                                                                     DATE: 12-Aug-23          TIME: 11:28:30  
 **********************************************************************************************************************************

 SHA1:             518bf5c5e315925380b88506c70af759aa1d1d96
 **********************************************************************************************************************************

 Memory per process:      1500 MW
 Total memory per node:  12000 MW

 GA preallocation disabled
 GA check disabled

 Variable memory set to 1500.0 MW


 THRESHOLDS:

 ZERO    =  1.00D-12  ONEINT  =  1.00D-12  TWOINT  =  1.00D-18  PREFAC  =  1.00D-20  XXXXXX  =  1.00D-09  EORDER  =  1.00D-04
 ENERGY  =  1.00D-12  ETEST   =  0.00D+00  EDENS   =  0.00D+00  THRDEDEF=  1.00D-06  GRADIENT=  1.00D-06  STEP    =  1.00D-03
 ORBITAL =  1.00D-05  CIVEC   =  1.00D-05  COEFF   =  1.00D-04  PRINTCI =  5.00D-02  PUNCHCI =  9.90D+01  OPTGRAD =  3.00D-04
 OPTENERG=  1.00D-06  OPTSTEP =  3.00D-04  THRGRAD =  1.00D-10  COMPRESS=  1.00D-11  VARMIN  =  1.00D-07  VARMAX  =  1.00D-03
 THRDOUB =  0.00D+00  THRDIV  =  1.00D-05  THRRED  =  1.00D-07  THRPSP  =  1.00D+00  THRDC   =  1.00D-10  THRCS   =  1.00D-10
 THRNRM  =  1.00D-08  THREQ   =  0.00D+00  THRDE   =  1.00D+00  THRREF  =  1.00D-05  SPARFAC =  1.00D+00  THRDLP  =  1.00D-07
 THRDIA  =  1.00D-10  THRDLS  =  1.00D-07  THRGPS  =  0.00D+00  THRKEX  =  0.00D+00  THRDIS  =  2.00D-01  THRVAR  =  1.00D-10
 THRLOC  =  1.00D-06  THRGAP  =  1.00D-06  THRLOCT = -1.00D+00  THRGAPT = -1.00D+00  THRORB  =  1.00D-06  THRMLTP =  0.00D+00
 THRCPQCI=  1.00D-10  KEXTA   =  0.00D+00  THRCOARS=  0.00D+00  SYMTOL  =  1.00D-06  GRADTOL =  1.00D-06  THROVL  =  1.00D-08
 THRORTH =  1.00D-08  THRDLOVL= -1.00D+00  GRID    =  1.00D-06  GRIDMAX =  1.00D-03  DTMAX   =  0.00D+00  THROCCDE=  1.00D-01
 THROCCDE=  1.00D-01  THRPRINT=  2.50D-01


 THRESHOLDS:

 ZERO    =  1.00D-12  ONEINT  =  1.00D-12  TWOINT  =  1.00D-18  PREFAC  =  1.00D-20  XXXXXX  =  1.00D-09  EORDER  =  1.00D-04
 ENERGY  =  1.00D-11  ETEST   =  0.00D+00  EDENS   =  0.00D+00  THRDEDEF=  1.00D-06  GRADIENT=  1.00D-06  STEP    =  1.00D-03
 ORBITAL =  1.00D-05  CIVEC   =  1.00D-05  COEFF   =  1.00D-04  PRINTCI =  5.00D-02  PUNCHCI =  9.90D+01  OPTGRAD =  1.00D-05
 OPTENERG=  1.00D-06  OPTSTEP =  1.00D-05  THRGRAD =  1.00D-10  COMPRESS=  1.00D-11  VARMIN  =  1.00D-07  VARMAX  =  1.00D-03
 THRDOUB =  0.00D+00  THRDIV  =  1.00D-05  THRRED  =  1.00D-07  THRPSP  =  1.00D+00  THRDC   =  1.00D-10  THRCS   =  1.00D-10
 THRNRM  =  1.00D-08  THREQ   =  0.00D+00  THRDE   =  1.00D+00  THRREF  =  1.00D-05  SPARFAC =  1.00D+00  THRDLP  =  1.00D-07
 THRDIA  =  1.00D-10  THRDLS  =  1.00D-07  THRGPS  =  0.00D+00  THRKEX  =  0.00D+00  THRDIS  =  2.00D-01  THRVAR  =  1.00D-10
 THRLOC  =  1.00D-06  THRGAP  =  1.00D-06  THRLOCT = -1.00D+00  THRGAPT = -1.00D+00  THRORB  =  1.00D-06  THRMLTP =  0.00D+00
 THRCPQCI=  1.00D-10  KEXTA   =  0.00D+00  THRCOARS=  0.00D+00  SYMTOL  =  1.00D-06  GRADTOL =  1.00D-06  THROVL  =  1.00D-08
 THRORTH =  1.00D-08  THRDLOVL= -1.00D+00  GRID    =  1.00D-06  GRIDMAX =  1.00D-03  DTMAX   =  0.00D+00  THROCCDE=  1.00D-01
 THROCCDE=  1.00D-01  THRPRINT=  2.50D-01

 SETTING GEOMTYP        =    XYZ


 Using masses of most abundant isotopes

 **********************************************************************************************************************************


 Atomic masses

 Center       Mass
 O         15.99491
 H          1.00782
 H          1.00782
 SETTING BASIS          =    DEF2-TZVPPD,H=DEF2-TZVPP


 Recomputing integrals since basis changed


 Using spherical harmonics

 Library entry O      S def2-TZVPPD          selected for orbital group  1
 Library entry O      P def2-TZVPPD          selected for orbital group  1
 Library entry O      D def2-TZVPPD          selected for orbital group  1
 Library entry O      F def2-TZVPPD          selected for orbital group  1
 Library entry H      S def2-TZVPP           selected for orbital group  2
 Library entry H      P def2-TZVPP           selected for orbital group  2
 Library entry H      D def2-TZVPP           selected for orbital group  2


 PROGRAM * SEWARD (Integral evaluation for generally contracted gaussian basis sets)     Author: Roland Lindh, 1990

 Geometry written to block  1 of record 700


 Point group  C2v 



 ATOMIC COORDINATES

 NR  ATOM    CHARGE       X              Y              Z

   1  O       8.00    0.000000000    0.000000000    0.221628984
   2  H       1.00    0.000000000    1.430246174   -0.889884323
   3  H       1.00    0.000000000   -1.430246174   -0.889884323

 Bond lengths in Bohr (Angstrom)

 1-2  1.811371290  1-3  1.811371290
     ( 0.958536407)     ( 0.958536407)

 Bond angles

  2-1-3  104.29499449

 NUCLEAR CHARGE:                   10
 NUMBER OF PRIMITIVE AOS:          95
 NUMBER OF SYMMETRY AOS:           87
 NUMBER OF CONTRACTIONS:           68   (   28A1  +   13B1  +   19B2  +    8A2  )
 NUMBER OF INNER CORE ORBITALS:     0   (    0A1  +    0B1  +    0B2  +    0A2  )
 NUMBER OF OUTER CORE ORBITALS:     1   (    1A1  +    0B1  +    0B2  +    0A2  )
 NUMBER OF VALENCE ORBITALS:        6   (    3A1  +    1B1  +    2B2  +    0A2  )


 NUCLEAR REPULSION ENERGY    9.18267706

 Eigenvalues of metric

         1 0.872E-03 0.426E-02 0.101E-01 0.472E-01 0.663E-01 0.916E-01 0.121E+00 0.139E+00
         2 0.732E-01 0.930E-01 0.255E+00 0.442E+00 0.542E+00 0.651E+00 0.784E+00 0.104E+01
         3 0.155E-02 0.952E-02 0.431E-01 0.767E-01 0.137E+00 0.176E+00 0.279E+00 0.340E+00
         4 0.105E+00 0.196E+00 0.503E+00 0.722E+00 0.880E+00 0.126E+01 0.144E+01 0.257E+01


 Contracted 2-electron integrals neglected if value below      1.0D-18
 AO integral compression algorithm  1   Integral accuracy      1.0D-18

     9.175 MB (compressed) written to integral file (100.0%)

     Node minimum: 1.049 MB, node maximum: 1.311 MB


 NUMBER OF SORTED TWO-ELECTRON INTEGRALS:      89699.     BUFFER LENGTH:  32768
 NUMBER OF SEGMENTS:   1  SEGMENT LENGTH:      89699      RECORD LENGTH: 524288

 Memory used in sort:       0.65 MW

 SORT1 READ     1011314. AND WROTE       82537. INTEGRALS IN      1 RECORDS. CPU TIME:     0.02 SEC, REAL TIME:     0.02 SEC
 SORT2 READ      679004. AND WROTE      739926. INTEGRALS IN     32 RECORDS. CPU TIME:     0.00 SEC, REAL TIME:     0.00 SEC

 Node minimum:       89611.  Node maximum:       94745. integrals

 OPERATOR DM      FOR CENTER  0  COORDINATES:    0.000000    0.000000    0.000000


 **********************************************************************************************************************************
 DATASETS  * FILE   NREC   LENGTH (MB)   RECORD NAMES
              1      18       28.65       500      610      700      900      950      970     1000      129      960     1100   
                                          VAR    BASINP    GEOM    SYMINP    ZMAT    AOBASIS   BASIS     P2S    ABASIS      S 
                                         1400     1410     1200     1210     1080     1600     1650     1700   
                                           T        V       H0       H01     AOSYM     SMH    MOLCAS    OPER   

 PROGRAMS   *        TOTAL       INT
 CPU TIMES  *         0.44      0.29
 REAL TIME  *         1.40 SEC
 DISK USED  *        28.95 MB (local),      269.38 MB (total)
 GA USED    *         0.00 MB       (max)       0.00 MB       (current)
 **********************************************************************************************************************************


 Program * Restricted Hartree-Fock

 Orbital guess generated from atomic densities.

 Initial occupancy:   3   1   1   0

 NELEC=   10   SYM=1   MS2= 0   THRE=1.0D-12   THRD=1.0D-06   THRG=1.0D-06  HFMA2=F  DIIS_START=2   DIIS_MAX=10   DIIS_INCORE=F

 Level shifts:    0.00 (CLOSED)    0.00 (OPEN)    0.30 (GAP_MIN)

 ITER           ETOT              DE          GRAD        DDIFF     DIIS  NEXP   TIME(IT)  TIME(TOT)  DIAG
   1      -76.02569494     -76.02569494     0.00D+00     0.70D-01     0     0       0.00      0.00    start
   2      -76.05257857      -0.02688363     0.21D-01     0.10D-01     1     0       0.01      0.01    diag
   3      -76.06357159      -0.01099302     0.13D-01     0.34D-02     2     0       0.00      0.01    diag
   4      -76.06375380      -0.00018220     0.12D-02     0.54D-03     3     0       0.00      0.01    diag
   5      -76.06377125      -0.00001745     0.32D-03     0.19D-03     4     0       0.00      0.01    diag
   6      -76.06377221      -0.00000096     0.60D-04     0.45D-04     5     0       0.00      0.01    diag
   7      -76.06377225      -0.00000004     0.11D-04     0.11D-04     6     0       0.00      0.01    diag
   8      -76.06377225      -0.00000000     0.21D-05     0.18D-05     7     0       0.00      0.01    fixocc
   9      -76.06377225      -0.00000000     0.26D-06     0.21D-06     8     0       0.00      0.01    diag
  10      -76.06377225      -0.00000000     0.59D-07     0.47D-07     9     0       0.00      0.01    diag/orth
  11      -76.06377225      -0.00000000     0.11D-07     0.92D-08     0     0       0.00      0.01    diag

 Final occupancy:   3   1   1   0

 !RHF STATE 1.1 Energy                -76.063772254732
  RHF One-electron energy            -123.034320385615
  RHF Two-electron energy              37.787871068469
  RHF Kinetic energy                   75.978711119599
  RHF Nuclear energy                    9.182677062414
  RHF Virial quotient                  -1.001119539064

 !RHF STATE 1.1 Dipole moment           0.00000000     0.00000000    -0.78309856
 Dipole moment /Debye                   0.00000000     0.00000000    -1.99043800

 Orbital energies:

           1.1          2.1          3.1          4.1          5.1
    -20.565252    -1.352060    -0.584987     0.090966     0.146587

           1.2          2.2          3.2
     -0.510314     0.140752     0.463240

           1.3          2.3          3.3
     -0.716675     0.113010     0.257035

           1.4          2.4
      0.451275     1.134605


 HOMO      1.2    -0.510314 =     -13.8864eV
 LUMO      4.1     0.090966 =       2.4753eV
 LUMO-HOMO         0.601281 =      16.3617eV

 Orbitals saved in record  2100.2


 **********************************************************************************************************************************
 DATASETS  * FILE   NREC   LENGTH (MB)   RECORD NAMES
              1      18       28.65       500      610      700      900      950      970     1000      129      960     1100   
                                          VAR    BASINP    GEOM    SYMINP    ZMAT    AOBASIS   BASIS     P2S    ABASIS      S 
                                         1400     1410     1200     1210     1080     1600     1650     1700   
                                           T        V       H0       H01     AOSYM     SMH    MOLCAS    OPER   

              2       4        0.41       700     1000      520     2100   
                                         GEOM     BASIS   MCVARS     RHF  

 PROGRAMS   *        TOTAL    HF-SCF       INT
 CPU TIMES  *         0.45      0.01      0.29
 REAL TIME  *         1.69 SEC
 DISK USED  *        29.20 MB (local),      271.41 MB (total)
 GA USED    *         0.00 MB       (max)       0.00 MB       (current)
 **********************************************************************************************************************************
 SETTING ENERHFLOW      =       -76.06377225  AU                              


 PROGRAM * MP2 (Closed-shell)     Authors: C. Hampel, H.-J. Werner, 1991, M. Deegan, P.J. Knowles, 1992


 Convergence thresholds:  THRVAR = 1.00D-15  THRDEN = 1.00D-11

 Number of core orbitals:           1 (   1   0   0   0 )
 Number of closed-shell orbitals:   4 (   2   1   1   0 )
 Number of external orbitals:      63 (  25  12  18   8 )

 Molecular orbitals read from record     2100.2  Type=RHF/CANONICAL  

 Number of N-1 electron functions:               4
 Number of N-2 electron functions:              10
 Number of singly external CSFs:                80
 Number of doubly external CSFs:              8389
 Total number of CSFs:                        8470

 Length of J-op  integral file:               0.00 MB
 Length of K-op  integral file:               0.09 MB

 Integral transformation finished. Total CPU:   0.01 sec, npass=  1  Memory used:   0.08 MW

 Memory needed for MP2:                      0.01 MW

 SCS-MP2 correlation energy:           -0.260280559426   (PS=  1.200000  PT=  0.333333)
 SCS-MP2 total energy:                -76.324052814159


  Reference energy                    -76.063772254732
  MP2 singlet pair energy              -0.167048378388
  MP2 triplet pair energy              -0.096143312186
  MP2 correlation energy               -0.263191690575

 !MP2 total energy                    -76.326963945307


 **********************************************************************************************************************************
 DATASETS  * FILE   NREC   LENGTH (MB)   RECORD NAMES
              1      19       28.82       500      610      700      900      950      970     1000      129      960     1100   
                                          VAR    BASINP    GEOM    SYMINP    ZMAT    AOBASIS   BASIS     P2S    ABASIS      S 
                                         1400     1410     1200     1210     1080     1600     1650     1700     1380   
                                           T        V       H0       H01     AOSYM     SMH    MOLCAS    OPER     JKOP   

              2       4        0.41       700     1000      520     2100   
                                         GEOM     BASIS   MCVARS     RHF  

 PROGRAMS   *        TOTAL       MP2    HF-SCF       INT
 CPU TIMES  *         0.49      0.04      0.01      0.29
 REAL TIME  *         1.73 SEC
 DISK USED  *        29.27 MB (local),      271.95 MB (total)
 SF USED    *         0.40 MB
 GA USED    *         0.00 MB       (max)       0.00 MB       (current)
 **********************************************************************************************************************************
 SETTING E2LOW          =        -0.26319169  AU                              
 SETTING BASIS          =    DEF2-QZVPPD,H=DEF2-QZVPP


 Recomputing integrals since basis changed


 Using spherical harmonics

 Library entry O      S def2-QZVPPD          selected for orbital group  1
 Library entry O      P def2-QZVPPD          selected for orbital group  1
 Library entry O      D def2-QZVPPD          selected for orbital group  1
 Library entry O      F def2-QZVPPD          selected for orbital group  1
 Library entry O      G def2-QZVPPD          selected for orbital group  1
 Library entry H      S def2-QZVPP           selected for orbital group  2
 Library entry H      P def2-QZVPP           selected for orbital group  2
 Library entry H      D def2-QZVPP           selected for orbital group  2
 Library entry H      F def2-QZVPP           selected for orbital group  2


 PROGRAM * SEWARD (Integral evaluation for generally contracted gaussian basis sets)     Author: Roland Lindh, 1990

 Geometry written to block  1 of record 700


 Point group  C2v 



 ATOMIC COORDINATES

 NR  ATOM    CHARGE       X              Y              Z

   1  O       8.00    0.000000000    0.000000000    0.221628984
   2  H       1.00    0.000000000    1.430246174   -0.889884323
   3  H       1.00    0.000000000   -1.430246174   -0.889884323

 Bond lengths in Bohr (Angstrom)

 1-2  1.811371290  1-3  1.811371290
     ( 0.958536407)     ( 0.958536407)

 Bond angles

  2-1-3  104.29499449

 NUCLEAR CHARGE:                   10
 NUMBER OF PRIMITIVE AOS:         178
 NUMBER OF SYMMETRY AOS:          152
 NUMBER OF CONTRACTIONS:          126   (   48A1  +   25B1  +   35B2  +   18A2  )
 NUMBER OF INNER CORE ORBITALS:     0   (    0A1  +    0B1  +    0B2  +    0A2  )
 NUMBER OF OUTER CORE ORBITALS:     1   (    1A1  +    0B1  +    0B2  +    0A2  )
 NUMBER OF VALENCE ORBITALS:        6   (    3A1  +    1B1  +    2B2  +    0A2  )


 NUCLEAR REPULSION ENERGY    9.18267706

 Eigenvalues of metric

         1 0.140E-03 0.831E-03 0.157E-02 0.460E-02 0.705E-02 0.939E-02 0.131E-01 0.288E-01
         2 0.107E-01 0.377E-01 0.397E-01 0.109E+00 0.152E+00 0.183E+00 0.269E+00 0.385E+00
         3 0.249E-03 0.144E-02 0.413E-02 0.695E-02 0.129E-01 0.246E-01 0.545E-01 0.752E-01
         4 0.137E-01 0.516E-01 0.110E+00 0.247E+00 0.268E+00 0.339E+00 0.443E+00 0.466E+00


 Contracted 2-electron integrals neglected if value below      1.0D-18
 AO integral compression algorithm  1   Integral accuracy      1.0D-18

     88.605 MB (compressed) written to integral file ( 99.5%)

     Node minimum: 9.699 MB, node maximum: 12.845 MB


 NUMBER OF SORTED TWO-ELECTRON INTEGRALS:    1031087.     BUFFER LENGTH:  32768
 NUMBER OF SEGMENTS:   1  SEGMENT LENGTH:    1031087      RECORD LENGTH: 524288

 Memory used in sort:       1.59 MW

 SORT1 READ    11152794. AND WROTE      959888. INTEGRALS IN      3 RECORDS. CPU TIME:     0.22 SEC, REAL TIME:     0.23 SEC
 SORT2 READ     7741749. AND WROTE     8303215. INTEGRALS IN    392 RECORDS. CPU TIME:     0.03 SEC, REAL TIME:     0.03 SEC

 Node minimum:     1027201.  Node maximum:     1045202. integrals

 OPERATOR DM      FOR CENTER  0  COORDINATES:    0.000000    0.000000    0.000000


 **********************************************************************************************************************************
 DATASETS  * FILE   NREC   LENGTH (MB)   RECORD NAMES
              1      18       28.79       500      610      700      900      950      970     1001      129      960     1100   
                                          VAR    BASINP    GEOM    SYMINP    ZMAT    AOBASIS   BASIS     P2S    ABASIS      S 
                                         1400     1410     1200     1210     1080     1600     1650     1700   
                                           T        V       H0       H01     AOSYM     SMH    MOLCAS    OPER   

              2       5        0.44       700     1000      520     2100     1001   
                                         GEOM     BASIS   MCVARS     RHF     BASIS   

 PROGRAMS   *        TOTAL       INT       MP2    HF-SCF       INT
 CPU TIMES  *         1.51      1.02      0.04      0.01      0.29
 REAL TIME  *         2.83 SEC
 DISK USED  *        29.29 MB (local),      393.21 MB (total)
 SF USED    *         0.40 MB
 GA USED    *         0.00 MB       (max)       0.00 MB       (current)
 **********************************************************************************************************************************


 Program * Restricted Hartree-Fock

 Molecular orbitals read from record     2100.2  Type=RHF/CANONICAL  

 Present basis size:       48   25   35   18
 Previous basis size:      28   13   19    8
 Previous occupation:       3    1    1    0
 Previous closed-shells:    3    1    1    0
 Previous core-orbitals:    1    0    0    0
 Present occupation:        3    1    1    0
 Present closed-shells:     3    1    1    0
 Present core-orbitals:     1    0    0    0
 Wavefunction symmetry:    1   Singlet 

 Orbital overlap <old|new>:  < 1.1| 1.1> = 1.000000   < 2.1| 2.1> = 0.999995   < 3.1| 3.1> = 0.999991   < 1.2| 1.2> = 0.999986
                             < 1.3| 1.3> = 0.999992


 Initial occupancy:   3   1   1   0

 NELEC=   10   SYM=1   MS2= 0   THRE=1.0D-12   THRD=1.0D-06   THRG=1.0D-06  HFMA2=F  DIIS_START=2   DIIS_MAX=10   DIIS_INCORE=F

 Level shifts:    0.00 (CLOSED)    0.00 (OPEN)    0.30 (GAP_MIN)

 ITER           ETOT              DE          GRAD        DDIFF     DIIS  NEXP   TIME(IT)  TIME(TOT)  DIAG
   1      -76.06662445     -76.06662445     0.00D+00     0.32D-01     0     0       0.00      0.01    start
   2      -76.06697576      -0.00035131     0.48D-02     0.30D-02     1     0       0.01      0.02    diag
   3      -76.06697739      -0.00000163     0.16D-03     0.24D-03     2     0       0.00      0.02    diag
   4      -76.06697742      -0.00000003     0.19D-04     0.24D-04     3     0       0.00      0.02    diag
   5      -76.06697743      -0.00000001     0.98D-05     0.22D-05     4     0       0.01      0.03    diag
   6      -76.06697743      -0.00000000     0.11D-05     0.12D-05     5     0       0.00      0.03    diag
   7      -76.06697743      -0.00000000     0.28D-06     0.22D-06     6     0       0.00      0.03    diag
   8      -76.06697743      -0.00000000     0.58D-07     0.78D-07     7     0       0.00      0.03    fixocc
   9      -76.06697743       0.00000000     0.13D-07     0.12D-07     8     0       0.01      0.04    diag
  10      -76.06697743      -0.00000000     0.19D-08     0.18D-08     0     0       0.01      0.05    diag/orth

 Final occupancy:   3   1   1   0

 !RHF STATE 1.1 Energy                -76.066977430086
  RHF One-electron energy            -123.041312135081
  RHF Two-electron energy              37.791657642581
  RHF Kinetic energy                   75.989288636321
  RHF Nuclear energy                    9.182677062414
  RHF Virial quotient                  -1.001022365062

 !RHF STATE 1.1 Dipole moment           0.00000000     0.00000000    -0.78180857
 Dipole moment /Debye                   0.00000000     0.00000000    -1.98715917

 Orbital energies:

           1.1          2.1          3.1          4.1          5.1
    -20.564685    -1.352149    -0.585104     0.089963     0.115116

           1.2          2.2          3.2
     -0.510436     0.111733     0.390606

           1.3          2.3          3.3
     -0.716625     0.094108     0.203913

           1.4          2.4
      0.383250     0.890206


 HOMO      1.2    -0.510436 =     -13.8897eV
 LUMO      4.1     0.089963 =       2.4480eV
 LUMO-HOMO         0.600399 =      16.3377eV

 Orbitals saved in record  2101.2


 **********************************************************************************************************************************
 DATASETS  * FILE   NREC   LENGTH (MB)   RECORD NAMES
              1      18       28.79       500      610      700      900      950      970     1001      129      960     1100   
                                          VAR    BASINP    GEOM    SYMINP    ZMAT    AOBASIS   BASIS     P2S    ABASIS      S 
                                         1400     1410     1200     1210     1080     1600     1650     1700   
                                           T        V       H0       H01     AOSYM     SMH    MOLCAS    OPER   

              2       6        0.61       700     1000      520     2100     1001     2101   
                                         GEOM     BASIS   MCVARS     RHF     BASIS     RHF  

 PROGRAMS   *        TOTAL    HF-SCF       INT       MP2    HF-SCF       INT
 CPU TIMES  *         1.58      0.07      1.02      0.04      0.01      0.29
 REAL TIME  *         3.05 SEC
 DISK USED  *        29.76 MB (local),      396.98 MB (total)
 SF USED    *         0.40 MB
 GA USED    *         0.00 MB       (max)       0.00 MB       (current)
 **********************************************************************************************************************************
 SETTING ENERHFHI       =       -76.06697743  AU                              


 PROGRAM * MP2 (Closed-shell)     Authors: C. Hampel, H.-J. Werner, 1991, M. Deegan, P.J. Knowles, 1992


 Convergence thresholds:  THRVAR = 1.00D-15  THRDEN = 1.00D-11

 Number of core orbitals:           1 (   1   0   0   0 )
 Number of closed-shell orbitals:   4 (   2   1   1   0 )
 Number of external orbitals:     121 (  45  24  34  18 )

 Molecular orbitals read from record     2101.2  Type=RHF/CANONICAL (state 1.1)

 Number of N-1 electron functions:               4
 Number of N-2 electron functions:              10
 Number of singly external CSFs:               148
 Number of doubly external CSFs:             30353
 Total number of CSFs:                       30502

 Length of J-op  integral file:               0.00 MB
 Length of K-op  integral file:               0.31 MB

 Integral transformation finished. Total CPU:   0.01 sec, npass=  1  Memory used:   0.12 MW

 Memory needed for MP2:                      0.02 MW

 SCS-MP2 correlation energy:           -0.281899255783   (PS=  1.200000  PT=  0.333333)
 SCS-MP2 total energy:                -76.348876685869


  Reference energy                    -76.066977430086
  MP2 singlet pair energy              -0.182927736448
  MP2 triplet pair energy              -0.100263169358
  MP2 correlation energy               -0.283190905806

 !MP2 total energy                    -76.350168335892


 **********************************************************************************************************************************
 DATASETS  * FILE   NREC   LENGTH (MB)   RECORD NAMES
              1      19       29.34       500      610      700      900      950      970     1001      129      960     1100   
                                          VAR    BASINP    GEOM    SYMINP    ZMAT    AOBASIS   BASIS     P2S    ABASIS      S 
                                         1400     1410     1200     1210     1080     1600     1650     1700     1380   
                                           T        V       H0       H01     AOSYM     SMH    MOLCAS    OPER     JKOP   

              2       6        0.61       700     1000      520     2100     1001     2101   
                                         GEOM     BASIS   MCVARS     RHF     BASIS     RHF  

 PROGRAMS   *        TOTAL       MP2    HF-SCF       INT       MP2    HF-SCF       INT
 CPU TIMES  *         1.63      0.04      0.07      1.02      0.04      0.01      0.29
 REAL TIME  *         3.11 SEC
 DISK USED  *        30.01 MB (local),      398.99 MB (total)
 SF USED    *         1.37 MB
 GA USED    *         0.00 MB       (max)       0.00 MB       (current)
 **********************************************************************************************************************************
 SETTING E2HI           =        -0.28319091  AU                              
 SETTING BASIS          =    DEF2-TZVP


 Recomputing integrals since basis changed


 Using spherical harmonics

 Library entry O      S def2-TZVP            selected for orbital group  1
 Library entry O      P def2-TZVP            selected for orbital group  1
 Library entry O      D def2-TZVP            selected for orbital group  1
 Library entry O      F def2-TZVP            selected for orbital group  1
 Library entry H      S def2-TZVP            selected for orbital group  2
 Library entry H      P def2-TZVP            selected for orbital group  2


 PROGRAM * SEWARD (Integral evaluation for generally contracted gaussian basis sets)     Author: Roland Lindh, 1990

 Geometry written to block  1 of record 700


 Point group  C2v 



 ATOMIC COORDINATES

 NR  ATOM    CHARGE       X              Y              Z

   1  O       8.00    0.000000000    0.000000000    0.221628984
   2  H       1.00    0.000000000    1.430246174   -0.889884323
   3  H       1.00    0.000000000   -1.430246174   -0.889884323

 Bond lengths in Bohr (Angstrom)

 1-2  1.811371290  1-3  1.811371290
     ( 0.958536407)     ( 0.958536407)

 Bond angles

  2-1-3  104.29499449

 NUCLEAR CHARGE:                   10
 NUMBER OF PRIMITIVE AOS:          67
 NUMBER OF SYMMETRY AOS:           62
 NUMBER OF CONTRACTIONS:           43   (   19A1  +    8B1  +   12B2  +    4A2  )
 NUMBER OF INNER CORE ORBITALS:     0   (    0A1  +    0B1  +    0B2  +    0A2  )
 NUMBER OF OUTER CORE ORBITALS:     1   (    1A1  +    0B1  +    0B2  +    0A2  )
 NUMBER OF VALENCE ORBITALS:        6   (    3A1  +    1B1  +    2B2  +    0A2  )


 NUCLEAR REPULSION ENERGY    9.18267706

 Eigenvalues of metric

         1 0.834E-02 0.139E-01 0.105E+00 0.109E+00 0.190E+00 0.225E+00 0.366E+00 0.440E+00
         2 0.178E+00 0.298E+00 0.610E+00 0.828E+00 0.100E+01 0.108E+01 0.162E+01 0.242E+01
         3 0.139E-01 0.550E-01 0.931E-01 0.274E+00 0.446E+00 0.535E+00 0.699E+00 0.103E+01
         4 0.282E+00 0.713E+00 0.112E+01 0.185E+01


 Contracted 2-electron integrals neglected if value below      1.0D-18
 AO integral compression algorithm  1   Integral accuracy      1.0D-18

     2.097 MB (compressed) written to integral file (100.0%)

     Node minimum: 0.262 MB, node maximum: 0.262 MB


 NUMBER OF SORTED TWO-ELECTRON INTEGRALS:      14686.     BUFFER LENGTH:  32768
 NUMBER OF SEGMENTS:   1  SEGMENT LENGTH:      14686      RECORD LENGTH: 524288

 Memory used in sort:       0.57 MW

 SORT1 READ      156291. AND WROTE       12394. INTEGRALS IN      1 RECORDS. CPU TIME:     0.01 SEC, REAL TIME:     0.00 SEC
 SORT2 READ      106398. AND WROTE      126359. INTEGRALS IN      8 RECORDS. CPU TIME:     0.00 SEC, REAL TIME:     0.01 SEC

 Node minimum:       14649.  Node maximum:       16928. integrals

 OPERATOR DM      FOR CENTER  0  COORDINATES:    0.000000    0.000000    0.000000


 **********************************************************************************************************************************
 DATASETS  * FILE   NREC   LENGTH (MB)   RECORD NAMES
              1      18       28.61       500      610      700      900      950      970     1002      129      960     1100   
                                          VAR    BASINP    GEOM    SYMINP    ZMAT    AOBASIS   BASIS     P2S    ABASIS      S 
                                         1400     1410     1200     1210     1080     1600     1650     1700   
                                           T        V       H0       H01     AOSYM     SMH    MOLCAS    OPER   

              2       7        0.68       700     1000      520     2100     1001     2101     1002   
                                         GEOM     BASIS   MCVARS     RHF     BASIS     RHF     BASIS   

 PROGRAMS   *        TOTAL       INT       MP2    HF-SCF       INT       MP2    HF-SCF       INT
 CPU TIMES  *         2.68      1.04      0.04      0.07      1.02      0.04      0.01      0.29
 REAL TIME  *         4.30 SEC
 DISK USED  *        30.01 MB (local),      398.99 MB (total)
 SF USED    *         1.37 MB
 GA USED    *         0.00 MB       (max)       0.00 MB       (current)
 **********************************************************************************************************************************


 Program * Restricted Hartree-Fock

 Molecular orbitals read from record     2101.2  Type=RHF/CANONICAL (state 1.1)

 Present basis size:       19    8   12    4
 Previous basis size:      48   25   35   18
 Previous occupation:       3    1    1    0
 Previous closed-shells:    3    1    1    0
 Previous core-orbitals:    1    0    0    0
 Present occupation:        3    1    1    0
 Present closed-shells:     3    1    1    0
 Present core-orbitals:     1    0    0    0
 Wavefunction symmetry:    1   Singlet 

 Orbital overlap <old|new>:  < 1.1| 1.1> = 0.999999   < 2.1| 2.1> = 0.999968   < 3.1| 3.1> = 0.999693   < 1.2| 1.2> = 0.999497
                             < 1.3| 1.3> = 0.999951


 Initial occupancy:   3   1   1   0

 NELEC=   10   SYM=1   MS2= 0   THRE=1.0D-12   THRD=1.0D-06   THRG=1.0D-06  HFMA2=F  DIIS_START=2   DIIS_MAX=10   DIIS_INCORE=F

 Level shifts:    0.00 (CLOSED)    0.00 (OPEN)    0.30 (GAP_MIN)

 ITER           ETOT              DE          GRAD        DDIFF     DIIS  NEXP   TIME(IT)  TIME(TOT)  DIAG
   1      -76.05812732     -76.05812732     0.00D+00     0.11D+00     0     0       0.00      0.01    start
   2      -76.05891279      -0.00078547     0.54D-02     0.20D-02     1     0       0.00      0.01    diag
   3      -76.05893869      -0.00002590     0.58D-03     0.41D-03     2     0       0.00      0.01    diag
   4      -76.05894124      -0.00000256     0.14D-03     0.12D-03     3     0       0.00      0.01    diag
   5      -76.05894160      -0.00000036     0.64D-04     0.46D-04     4     0       0.00      0.01    diag
   6      -76.05894164      -0.00000004     0.19D-04     0.16D-04     5     0       0.00      0.01    diag
   7      -76.05894164      -0.00000000     0.29D-05     0.22D-05     6     0       0.00      0.01    diag
   8      -76.05894164      -0.00000000     0.62D-06     0.66D-06     7     0       0.00      0.01    fixocc
   9      -76.05894164      -0.00000000     0.10D-06     0.11D-06     8     0       0.00      0.01    diag
  10      -76.05894164      -0.00000000     0.18D-07     0.19D-07     9     0       0.00      0.01    diag/orth
  11      -76.05894164      -0.00000000     0.24D-08     0.23D-08     0     0       0.00      0.01    diag

 Final occupancy:   3   1   1   0

 !RHF STATE 1.1 Energy                -76.058941641220
  RHF One-electron energy            -123.058339338376
  RHF Two-electron energy              37.816720634742
  RHF Kinetic energy                   75.999149446677
  RHF Nuclear energy                    9.182677062414
  RHF Virial quotient                  -1.000786748207

 !RHF STATE 1.1 Dipole moment           0.00000000     0.00000000    -0.85084385
 Dipole moment /Debye                   0.00000000     0.00000000    -2.16262935

 Orbital energies:

           1.1          2.1          3.1          4.1          5.1
    -20.560045    -1.349254    -0.581477     0.127501     0.566108

           1.2          2.2          3.2
     -0.508015     0.597259     1.550656

           1.3          2.3          3.3
     -0.713658     0.197395     0.523115

           1.4          2.4
      1.441481     2.393205


 HOMO      1.2    -0.508015 =     -13.8238eV
 LUMO      4.1     0.127501 =       3.4695eV
 LUMO-HOMO         0.635515 =      17.2932eV

 Orbitals saved in record  2102.2


 **********************************************************************************************************************************
 DATASETS  * FILE   NREC   LENGTH (MB)   RECORD NAMES
              1      18       28.61       500      610      700      900      950      970     1002      129      960     1100   
                                          VAR    BASINP    GEOM    SYMINP    ZMAT    AOBASIS   BASIS     P2S    ABASIS      S 
                                         1400     1410     1200     1210     1080     1600     1650     1700   
                                           T        V       H0       H01     AOSYM     SMH    MOLCAS    OPER   

              2       8        0.78       700     1000      520     2100     1001     2101     1002     2102   
                                         GEOM     BASIS   MCVARS     RHF     BASIS     RHF     BASIS     RHF  

 PROGRAMS   *        TOTAL    HF-SCF       INT       MP2    HF-SCF       INT       MP2    HF-SCF       INT
 CPU TIMES  *         2.76      0.08      1.04      0.04      0.07      1.02      0.04      0.01      0.29
 REAL TIME  *         4.57 SEC
 DISK USED  *        30.01 MB (local),      398.99 MB (total)
 SF USED    *         1.37 MB
 GA USED    *         0.00 MB       (max)       0.00 MB       (current)
 **********************************************************************************************************************************


 PROGRAM * CCSD (Closed-shell coupled cluster)     Authors: C. Hampel, H.-J. Werner, 1991, M. Deegan, P.J. Knowles, 1992


 Convergence thresholds:  THRVAR = 1.00D-15  THRDEN = 1.00D-11

 CCSD(T)     terms to be evaluated (factor= 1.000)


 Number of core orbitals:           1 (   1   0   0   0 )
 Number of closed-shell orbitals:   4 (   2   1   1   0 )
 Number of external orbitals:      38 (  16   7  11   4 )

 Molecular orbitals read from record     2102.2  Type=RHF/CANONICAL (state 1.1)

 Number of N-1 electron functions:               4
 Number of N-2 electron functions:              10
 Number of singly external CSFs:                50
 Number of doubly external CSFs:              3124
 Total number of CSFs:                        3175

 Length of J-op  integral file:               0.00 MB
 Length of K-op  integral file:               0.04 MB
 Length of 3-ext integral record:             0.00 MB

 Memory could be reduced to 0.16 Mwords without degradation in triples

 Integral transformation finished. Total CPU:   0.01 sec, npass=  1  Memory used:   0.09 MW

 Reference energy:                    -76.05894164

 MP2 singlet pair energy:              -0.16071554
 MP2 triplet pair energy:              -0.09336811
 MP2 correlation energy:               -0.25408365
 MP2 total energy:                    -76.31302529

 SCS-MP2 correlation energy:           -0.25095436   (PS=  1.200000  PT=  0.333333)
 SCS-MP2 total energy:                -76.30989600

 ITER.      SQ.NORM     CORR.ENERGY   TOTAL ENERGY   ENERGY CHANGE        DEN1      VAR(S)    VAR(P)  DIIS     TIME  TIME/IT
   1      1.06013114    -0.26016574   -76.31910738    -0.00608209    -0.00116352  0.52D-03  0.83D-03  1  1     0.01     0.00
   2      1.06341044    -0.26062509   -76.31956673    -0.00045935    -0.00450135  0.79D-05  0.87D-04  2  2     0.01     0.00
   3      1.06444286    -0.26069825   -76.31963989    -0.00007316    -0.00076974  0.18D-05  0.40D-05  3  3     0.01     0.00
   4      1.06473055    -0.26070597   -76.31964761    -0.00000772    -0.00016641  0.78D-07  0.18D-06  4  4     0.02     0.00
   5      1.06476497    -0.26070273   -76.31964437     0.00000324    -0.00001736  0.30D-07  0.83D-08  5  5     0.02     0.00
   6      1.06476898    -0.26070294   -76.31964459    -0.00000021    -0.00000110  0.34D-08  0.11D-08  6  6     0.02     0.00
   7      1.06477021    -0.26070305   -76.31964469    -0.00000011    -0.00000012  0.72D-09  0.11D-09  6  1     0.02     0.00
   8      1.06477063    -0.26070305   -76.31964469    -0.00000000     0.00000030  0.24D-10  0.11D-10  6  2     0.02     0.00
   9      1.06477083    -0.26070303   -76.31964467     0.00000002    -0.00000007  0.92D-12  0.63D-12  6  3     0.03     0.00
  10      1.06477086    -0.26070303   -76.31964467     0.00000000     0.00000001  0.55D-13  0.40D-13  6  4     0.03     0.00
  11      1.06477087    -0.26070303   -76.31964467    -0.00000000    -0.00000001  0.33D-14  0.23D-14  6  5     0.03     0.00
  12      1.06477087    -0.26070303   -76.31964467    -0.00000000     0.00000000  0.35D-15  0.14D-15  6  6     0.03     0.00
  13      1.06477087    -0.26070303   -76.31964467     0.00000000    -0.00000000  0.20D-16  0.12D-16  6  1     0.03     0.00
  14      1.06477087    -0.26070303   -76.31964467    -0.00000000     0.00000000  0.20D-17  0.90D-18  6  2     0.03     0.00
  15      1.06477087    -0.26070303   -76.31964467    -0.00000000     0.00000000  0.17D-18  0.84D-19  6  4     0.04     0.00

 Norm of t1 vector:      0.02854144      S-energy:    -0.00000000      T1 diagnostic:  0.00713536
                                                                       D1 diagnostic:  0.01207526
                                                                       D2 diagnostic:  0.12582441 (internal)


 Total CPU time for triples:      0.00 sec


 RESULTS
 =======

  Reference energy                    -76.058941641220
  CCSD singlet pair energy             -0.177673374666
  CCSD triplet pair energy             -0.083029656766
  CCSD correlation energy              -0.260703031461

  Triples (T) contribution             -0.006943429366
  Total correlation energy             -0.267646460826

  CCSD total energy                   -76.319644672681
  CCSD[T] energy                      -76.326808463631
  CCSD-T energy                       -76.326453342962
 !CCSD(T) total energy                -76.326588102046

 Timing summary (sec):

 STEP                 CPU(USER)    SYS     CPU(TOT)    WALL
 Transformation          0.01      0.00      0.01      0.00
 CCSD iterations         0.03      0.01      0.04      0.05

 Program statistics:

 Available memory in ccsd:              1499999927
 Min. memory needed in ccsd:                 17280
 Max. memory used in ccsd:                   19172
 Max. memory used in cckext:                 51048 (15 integral passes)



 **********************************************************************************************************************************
 DATASETS  * FILE   NREC   LENGTH (MB)   RECORD NAMES
              1      19       28.91       500      610      700      900      950      970     1002      129      960     1100   
                                          VAR    BASINP    GEOM    SYMINP    ZMAT    AOBASIS   BASIS     P2S    ABASIS      S 
                                         1400     1410     1200     1210     1080     1600     1650     1700     1380   
                                           T        V       H0       H01     AOSYM     SMH    MOLCAS    OPER     JKOP   

              2       8        0.78       700     1000      520     2100     1001     2101     1002     2102   
                                         GEOM     BASIS   MCVARS     RHF     BASIS     RHF     BASIS     RHF  

 PROGRAMS   *        TOTAL   CCSD(T)    HF-SCF       INT       MP2    HF-SCF       INT       MP2    HF-SCF       INT
 CPU TIMES  *         2.83      0.07      0.08      1.04      0.04      0.07      1.02      0.04      0.01      0.29
 REAL TIME  *         4.65 SEC
 DISK USED  *        30.10 MB (local),      399.08 MB (total)
 SF USED    *         1.37 MB
 GA USED    *         0.00 MB       (max)       0.00 MB       (current)
 **********************************************************************************************************************************
 SETTING EHLC           =        -0.01418792  AU                              
 SETTING CUE            =         0.19592957                                  
 SETTING EHFCBS         =       -76.06775844  AU                              
 SETTING E2CBS          =        -0.29451406  AU                              
 SETTING ETOTAL         =       -76.37646042  AU                              


 PROGRAM * OPT (Geometry optimization)     Authors: F. Eckert and H.-J. Werner


 Using mppx in numerical gradients

 BFGS update of hessian

 Geometry optimization using start command=LABEL1

 Optimizing variable ETOTAL; current value:    -76.37646042 AU

 Geometry written to block  1 of record 700

 *** Long output written to logfile /gpfs01/work/emmanous/6Frequencies/implementation/MOLPRO/G4-T'/EXAMPLE_H2O/h2o.opt.log ***


 Generated   2 symmetrical displacements

 Making model hessian for cartesian coordinates

 Entering Rational Function Geometry Optimization

 ITER.   ENERGY(OLD)    ENERGY(NEW)      DE          GRADMAX     GRADNORM    GRADRMS     STEPMAX     STEPLEN     STEPRMS   CPU-time
   1   -76.37646042   -76.37646042     0.00000000  0.00000000  0.00000000  0.00000000  0.00000000  0.00000000  0.00000000      6.48

 END OF GEOMETRY OPTIMIZATION.

 Geometry written to block  1 of record 700

 Current geometry (xyz format, in Angstrom)

    3
 CCSD(T)/DEF2-TZVP  ENERGY=-76.37646042
 O          0.0000000000        0.0000000000        0.1172810075
 H          0.0000000000        0.7568536819       -0.4709065037
 H          0.0000000000       -0.7568536819       -0.4709065037

 **********************************************************************************************************************************


 **********************************************************************************************************************************
 DATASETS  * FILE   NREC   LENGTH (MB)   RECORD NAMES
              1      19       28.91       500      610      700      900      950      970     1002      129      960     1100   
                                          VAR    BASINP    GEOM    SYMINP    ZMAT    AOBASIS   BASIS     P2S    ABASIS      S 
                                         1400     1410     1200     1210     1080     1600     1650     1700     1380   
                                           T        V       H0       H01     AOSYM     SMH    MOLCAS    OPER     JKOP   

              2      11        1.09       700     1000      520     2100     1001     2101     1002     2102     5600     2103   
                                         GEOM     BASIS   MCVARS     RHF     BASIS     RHF     BASIS     RHF     GINFO     RHF  
                                         2104   
                                          RHF  

 PROGRAMS   *        TOTAL      OPTG   CCSD(T)    HF-SCF       INT       MP2    HF-SCF       INT       MP2    HF-SCF       INT
 CPU TIMES  *         9.31      6.48      0.07      0.08      1.04      0.04      0.07      1.02      0.04      0.01      0.29
 REAL TIME  *        17.91 SEC
 DISK USED  *       205.61 MB (local),        1.08 GB (total)
 SF USED    *         1.37 MB
 GA USED    *         0.00 MB       (max)       0.00 MB       (current)
 **********************************************************************************************************************************

 CCSD(T)/DEF2-TZVP//CCSD(T)/DEF2-TZVP energy=    -76.326588102037

   OPTG(CCSD(T))         CCSD(T)          HF-SCF             MP2          HF-SCF             MP2          HF-SCF
    -76.37646042    -76.32658810    -76.05894164    -76.35016834    -76.06697743    -76.32696395    -76.06377225
 **********************************************************************************************************************************
 Molpro calculation terminated
