 Cartesian Coordinates are in [bohr]
 Creating new Variables:
 OX1               0.00000000
 OY1               0.00000000
 OZ1               0.22162898
 HX2               0.00000000
 HY2               1.43024618
 HZ2              -0.88988432
 HX3               0.00000000
 HY3              -1.43024618
 HZ3              -0.88988432
 Task   1   Incrementing variable OX1   by    0.010 BOH (Skipping negative increment due to symmetry).
 Task   2   Incrementing variable OY1   by    0.010 BOH (Skipping negative increment due to symmetry).
 Task   3   Incrementing variable OZ1   by    0.010 BOH
 Task   4   Incrementing variable OZ1   by   -0.010 BOH
 Task   5   Incrementing variable HX2   by    0.010 BOH (Skipping negative increment due to symmetry).
 Task   6   Incrementing variable HY2   by    0.010 BOH
 Task   7   Incrementing variable HY2   by   -0.010 BOH
 Task   8   Incrementing variable HZ2   by    0.010 BOH
 Task   9   Incrementing variable HZ2   by   -0.010 BOH

 Switching to mppx mode, nproc=  8

 Starting task   2.  CPU=     0.01 sec, Elapsed=     0.00 sec
 Incrementing variable OY1              by  0.010000 BOH   to    0.010000 BOH


 Using spherical harmonics

 Library entry O      S def2-QZVPPD          selected for orbital group  1
 Library entry O      P def2-QZVPPD          selected for orbital group  1
 Library entry O      D def2-QZVPPD          selected for orbital group  1
 Library entry O      F def2-QZVPPD          selected for orbital group  1
 Library entry O      G def2-QZVPPD          selected for orbital group  1
 Library entry H      S def2-QZVPP           selected for orbital group  2
 Library entry H      P def2-QZVPP           selected for orbital group  2
 Library entry H      D def2-QZVPP           selected for orbital group  2
 Library entry H      F def2-QZVPP           selected for orbital group  2


 PROGRAM * SEWARD (Integral evaluation for generally contracted gaussian basis sets)     Author: Roland Lindh, 1990

 Geometry written to block  1 of record 702


 Point group  Cs  



 ATOMIC COORDINATES

 NR  ATOM    CHARGE       X              Y              Z

   1  O       8.00    0.000000000    0.010000000    0.221628984
   2  H       1.00    0.000000000    1.430246175   -0.889884322
   3  H       1.00    0.000000000   -1.430246175   -0.889884322

 Bond lengths in Bohr (Angstrom)

 1-2  1.803485799  1-3  1.819277569
     ( 0.954363585)     ( 0.962720230)

 Bond angles

  2-1-3  104.29330239

 NUCLEAR CHARGE:                   10
 NUMBER OF PRIMITIVE AOS:         178
 NUMBER OF SYMMETRY AOS:          152
 NUMBER OF CONTRACTIONS:          126   (   83A'  +   43A"  )
 NUMBER OF INNER CORE ORBITALS:     0   (    0A'  +    0A"  )
 NUMBER OF OUTER CORE ORBITALS:     1   (    1A'  +    0A"  )
 NUMBER OF VALENCE ORBITALS:        6   (    5A'  +    1A"  )

 SYMMETRY CHANGED: INITIALIZING OCCUPATION


 NUCLEAR REPULSION ENERGY    9.18279421

 Eigenvalues of metric

         1 0.140E-03 0.250E-03 0.830E-03 0.144E-02 0.157E-02 0.413E-02 0.461E-02 0.695E-02
         2 0.107E-01 0.138E-01 0.377E-01 0.397E-01 0.516E-01 0.109E+00 0.110E+00 0.152E+00


 Contracted 2-electron integrals neglected if value below      1.0D-18
 AO integral compression algorithm  1   Integral accuracy      1.0D-18

     151.257 MB (compressed) written to integral file ( 96.9%)


 NUMBER OF SORTED TWO-ELECTRON INTEGRALS:   16419040.     BUFFER LENGTH:  32768
 NUMBER OF SEGMENTS:   2  SEGMENT LENGTH:   15990262      RECORD LENGTH: 524288

 Memory used in sort:      16.55 MW

 SORT1 READ    19548531. AND WROTE    15006685. INTEGRALS IN     44 RECORDS. CPU TIME:     0.14 SEC, REAL TIME:     0.60 SEC
 SORT2 READ    15006685. AND WROTE    16419040. INTEGRALS IN    577 RECORDS. CPU TIME:     0.27 SEC, REAL TIME:     0.36 SEC

 FILE SIZES:   FILE 1:   181.9 MBYTE,  FILE 4:   184.6 MBYTE,   TOTAL:    366.5 MBYTE

 OPERATOR DM      FOR CENTER  0  COORDINATES:    0.000000    0.000000    0.000000

 Program * Restricted Hartree-Fock

 Molecular orbitals read from record     2100.2  Type=RHF/CANONICAL  

 Present basis size:       83   43
 Previous basis size:      48   25   35   18
 Previous occupation:       3    1    1    0
 Previous closed-shells:    3    1    1    0
 Previous core-orbitals:    1    0    0    0
 Present occupation:        4    1
 Present closed-shells:     4    1
 Present core-orbitals:     1    0
 Wavefunction symmetry:    1   Singlet 

 Orbital overlap <old|new>:  < 1.1| 1.1> = 0.999437   < 2.1| 2.1> = 0.999966   < 3.1| 3.1> = 0.999996   < 1.2| 1.2> = 0.999999
                             < 1.3| 4.1> = 0.999999


 NELEC=   10   SYM=1   MS2= 0   THRE=1.0D-12   THRD=1.0D-07   THRG=1.0D-07  HFMA2=F  DIIS_START=2   DIIS_MAX=10   DIIS_INCORE=F

 Level shifts:    0.00 (CLOSED)    0.00 (OPEN)    0.30 (GAP_MIN)

 ITER           ETOT              DE          GRAD        DDIFF     DIIS  NEXP   TIME(IT)  TIME(TOT)  DIAG
   1      -76.02377838     -76.02377838     0.00D+00     0.24D-01     0     0       0.05      0.06    start
   2      -76.06651212      -0.04273374     0.43D-01     0.79D-02     1     0       0.06      0.12    diag
   3      -76.06692420      -0.00041208     0.20D-02     0.25D-03     2     0       0.06      0.18    diag
   4      -76.06694071      -0.00001651     0.35D-03     0.45D-04     3     0       0.06      0.24    diag
   5      -76.06694205      -0.00000134     0.56D-04     0.16D-04     4     0       0.05      0.29    diag
   6      -76.06694225      -0.00000020     0.25D-04     0.54D-05     5     0       0.07      0.36    diag
   7      -76.06694228      -0.00000003     0.76D-05     0.27D-05     6     0       0.05      0.41    diag
   8      -76.06694228      -0.00000000     0.11D-05     0.69D-06     7     0       0.05      0.46    fixocc
   9      -76.06694228      -0.00000000     0.15D-06     0.65D-07     8     0       0.05      0.51    diag
  10      -76.06694228      -0.00000000     0.23D-07     0.11D-07     9     0       0.06      0.57    diag/orth
  11      -76.06694228      -0.00000000     0.28D-08     0.12D-08     0     0       0.05      0.62    diag

 Final occupancy:   4   1

 !RHF STATE 1.1 Energy                -76.066942283100
  RHF One-electron energy            -123.041454722712
  RHF Two-electron energy              37.791718224639
  RHF Kinetic energy                   75.989392397577
  RHF Nuclear energy                    9.182794214973
  RHF Virial quotient                  -1.001020535671

 !RHF STATE 1.1 Dipole moment           0.00000000    -0.00557019    -0.78180901
 Dipole moment /Debye                   0.00000000    -0.01415802    -1.98716029

 Orbital energies:

           1.1          2.1          3.1          4.1          5.1          6.1
    -20.564683    -1.352164    -0.716625    -0.585100     0.089958     0.094109

           1.2          2.2          3.2
     -0.510437     0.111733     0.383252


 HOMO      1.2    -0.510437 =     -13.8897eV
 LUMO      5.1     0.089958 =       2.4479eV
 LUMO-HOMO         0.600395 =      16.3376eV

 Orbitals saved in record  2101.1


 **********************************************************************************************************************************
 DATASETS  * FILE   NREC   LENGTH (MB)   RECORD NAMES
              1      21      147.79       500      610      700      702      900      950      970     1001      129      960   
                                          VAR    BASINP    GEOM     GEOM    SYMINP    ZMAT    AOBASIS   BASIS     P2S    ABASIS    
                                         1100     1400     1410     1200     1210     1080     1600     1650     1300     1700   
                                           S        T        V       H0       H01     AOSYM     SMH    MOLCAS    ERIS     OPER   
                                         2101   
                                          RHF  

              2       9        1.21       700     1000      520     2100     4100      701     5500      702     1001   
                                         GEOM     BASIS   MCVARS     RHF     CPHF     GEOM     HINFO    GEOM     BASIS   

 PROGRAMS   *        TOTAL    HF-SCF       MP2    HF-SCF       INT
 CPU TIMES  *         3.55      2.62      0.06      0.13      0.58
 REAL TIME  *         6.01 SEC
 DISK USED  *       350.78 MB
 SF USED    *         2.16 MB
 **********************************************************************************************************************************


 PROGRAM * MP2 (Closed-shell)     Authors: C. Hampel, H.-J. Werner, 1991, M. Deegan, P.J. Knowles, 1992


 Convergence thresholds:  THRVAR = 1.00D-16  THRDEN = 1.00D-12

 Number of core orbitals:           1 (   1   0 )
 Number of closed-shell orbitals:   4 (   3   1 )
 Number of external orbitals:     121 (  79  42 )

 Molecular orbitals read from record     2101.1  Type=RHF/CANONICAL (state 1.1)

 Number of N-1 electron functions:               4
 Number of N-2 electron functions:              10
 Number of singly external CSFs:               279
 Number of doubly external CSFs:             60175
 Total number of CSFs:                       60455

 Length of J-op  integral file:               0.00 MB
 Length of K-op  integral file:               0.63 MB

 Integral transformation finished. Total CPU:   0.08 sec, npass=  1  Memory used:   0.24 MW

 Memory needed for MP2:                      0.04 MW

 SCS-MP2 correlation energy:           -0.281899747886   (PS=  1.200000  PT=  0.333333)
 SCS-MP2 total energy:                -76.348842030987


  Reference energy                    -76.066942283100
  MP2 singlet pair energy              -0.182928244125
  MP2 triplet pair energy              -0.100262981147
  MP2 correlation energy               -0.283191225273

 !MP2 total energy                    -76.350133508373

 KEXT needed  1 integral passes. Memory used:   0.56 MW  CPU time:      0.11 sec


 CPHF trial vector read from record  4100.2

 Starting Coupled-perturbed Hartree-Fock, convergence threshold= 1.0D-06

 ITER   MIC  DIIS      VAR         VARC       CPU
   1     0     1    0.83D-02    0.11D-03     0.05
   2     4     2    0.76D-05    0.56D-05     0.10
   3     2     3    0.30D-06    0.15D-06     0.16

 CPHF convergence reached in  3 macroiterations and    6 microiterations.   Accuracy: 3.0427D-07

 Dipole moments (unrelaxed):            0.00000000    -0.00529895    -0.76594497
 Orbital relaxation contribution:      -0.00000000    -0.00004881     0.03325457
 !MP2 STATE 1.1 Dipole moment           0.00000000    -0.00534776    -0.73269040
 Dipole moment /Debye                   0.00000000    -0.01359264    -1.86231323

 CPU-time for density and lagrangian:                  0.06 sec
 CPU-time for coupled-perturbed hartree-fock:          0.16 sec

 MP2 gradient info saved on record         5200.1


 **********************************************************************************************************************************
 DATASETS  * FILE   NREC   LENGTH (MB)   RECORD NAMES
              1      23      149.76       500      610      700      702      900      950      970     1001      129      960   
                                          VAR    BASINP    GEOM     GEOM    SYMINP    ZMAT    AOBASIS   BASIS     P2S    ABASIS    
                                         1100     1400     1410     1200     1210     1080     1600     1650     1300     1700   
                                           S        T        V       H0       H01     AOSYM     SMH    MOLCAS    ERIS     OPER   
                                         2101     1380     5200   
                                          RHF     JKOP      MP2  

              2       9        1.21       700     1000      520     2100     4100      701     5500      702     1001   
                                         GEOM     BASIS   MCVARS     RHF     CPHF     GEOM     HINFO    GEOM     BASIS   

 PROGRAMS   *        TOTAL       MP2       MP2    HF-SCF       INT
 CPU TIMES  *         4.05      0.49      0.06      0.13      0.58
 REAL TIME  *         6.64 SEC
 DISK USED  *       350.78 MB
 SF USED    *         2.16 MB
 **********************************************************************************************************************************

 PROGRAM * ALASKA (Gradient of the energy)     Author: R. Lindh


 MP2      Gradient info restored from record    5200.1

 Number of core orbitals:           1 (   1   0 )
 Number of closed-shell orbitals:   4 (   3   1 )
 Number of external orbitals:     121 (  79  42 )

 Integral thresholds in T2TRAN:            1.0D-10 (PROD)

 Available memory for Transformation:1497222150 words
 Memory needed for incore algorithm:     312110 words
 Minimum memory needed:                  222862 words

 Memory used for transformation:           0.31 MW
 Available memory for gradients:        1498.91 MW

 CPU for transformation:                   0.12 sec
 CPU for integrals and gradient:           2.93 sec
 Total CPU:                                3.05 sec

 Prescreening statistics:
 ========================

 Total number of shell quadruplets:        4.19D+03
 Number of shell quadruplets processed:    4.17D+03 ( 99.55%)

 MP2 GRADIENT FOR STATE 1.1

 Atom          dE/dx               dE/dy               dE/dz

   1         0.000000000         0.006965715        -0.000049093
   2         0.000000000        -0.003348094         0.002731420
   3         0.000000000        -0.003617621        -0.002682326

 Nuclear force contribution to virial =         0.000400580

 Tasks on processor    0 finished.  CPU=      7.33 sec, Elapsed=      7.84 sec. Waiting for other processors...

 Switching back to mpp mode, nproc=  8


 Recomputing wavefunction at initial geometry


 Using spherical harmonics

 Library entry O      S def2-QZVPPD          selected for orbital group  1
 Library entry O      P def2-QZVPPD          selected for orbital group  1
 Library entry O      D def2-QZVPPD          selected for orbital group  1
 Library entry O      F def2-QZVPPD          selected for orbital group  1
 Library entry O      G def2-QZVPPD          selected for orbital group  1
 Library entry H      S def2-QZVPP           selected for orbital group  2
 Library entry H      P def2-QZVPP           selected for orbital group  2
 Library entry H      D def2-QZVPP           selected for orbital group  2
 Library entry H      F def2-QZVPP           selected for orbital group  2


 PROGRAM * SEWARD (Integral evaluation for generally contracted gaussian basis sets)     Author: Roland Lindh, 1990

 Geometry written to block  1 of record 700


 Point group  C2v 



 ATOMIC COORDINATES

 NR  ATOM    CHARGE       X              Y              Z

   1  O       8.00    0.000000000    0.000000000    0.221628984
   2  H       1.00    0.000000000    1.430246175   -0.889884322
   3  H       1.00    0.000000000   -1.430246175   -0.889884322

 Bond lengths in Bohr (Angstrom)

 1-2  1.811371290  1-3  1.811371290
     ( 0.958536407)     ( 0.958536407)

 Bond angles

  2-1-3  104.29499459

 NUCLEAR CHARGE:                   10
 NUMBER OF PRIMITIVE AOS:         178
 NUMBER OF SYMMETRY AOS:          152
 NUMBER OF CONTRACTIONS:          126   (   48A1  +   25B1  +   35B2  +   18A2  )
 NUMBER OF INNER CORE ORBITALS:     0   (    0A1  +    0B1  +    0B2  +    0A2  )
 NUMBER OF OUTER CORE ORBITALS:     1   (    1A1  +    0B1  +    0B2  +    0A2  )
 NUMBER OF VALENCE ORBITALS:        6   (    3A1  +    1B1  +    2B2  +    0A2  )


 NUCLEAR REPULSION ENERGY    9.18267706

 Eigenvalues of metric

         1 0.140E-03 0.831E-03 0.157E-02 0.460E-02 0.705E-02 0.939E-02 0.131E-01 0.288E-01
         2 0.107E-01 0.377E-01 0.397E-01 0.109E+00 0.152E+00 0.183E+00 0.269E+00 0.385E+00
         3 0.249E-03 0.144E-02 0.413E-02 0.695E-02 0.129E-01 0.246E-01 0.545E-01 0.752E-01
         4 0.137E-01 0.516E-01 0.110E+00 0.247E+00 0.268E+00 0.339E+00 0.443E+00 0.466E+00


 Contracted 2-electron integrals neglected if value below      1.0D-18
 AO integral compression algorithm  1   Integral accuracy      1.0D-18

     88.605 MB (compressed) written to integral file ( 99.5%)

     Node minimum: 8.913 MB, node maximum: 13.107 MB


 NUMBER OF SORTED TWO-ELECTRON INTEGRALS:    1031087.     BUFFER LENGTH:  32768
 NUMBER OF SEGMENTS:   1  SEGMENT LENGTH:    1031087      RECORD LENGTH: 524288

 Memory used in sort:       1.59 MW

 SORT1 READ    11152794. AND WROTE      960742. INTEGRALS IN      3 RECORDS. CPU TIME:     0.15 SEC, REAL TIME:     0.16 SEC
 SORT2 READ     7746232. AND WROTE     8303215. INTEGRALS IN    272 RECORDS. CPU TIME:     0.02 SEC, REAL TIME:     0.04 SEC

 Node minimum:     1027201.  Node maximum:     1045202. integrals

 OPERATOR DM      FOR CENTER  0  COORDINATES:    0.000000    0.000000    0.000000

 Program * Restricted Hartree-Fock

 Molecular orbitals read from record     2100.2  Type=RHF/CANONICAL  

 NELEC=   10   SYM=1   MS2= 0   THRE=1.0D-12   THRD=1.0D-06   THRG=1.0D-06  HFMA2=F  DIIS_START=2   DIIS_MAX=10   DIIS_INCORE=F

 Level shifts:    0.00 (CLOSED)    0.00 (OPEN)    0.30 (GAP_MIN)

 ITER           ETOT              DE          GRAD        DDIFF     DIIS  NEXP   TIME(IT)  TIME(TOT)  DIAG
   1      -76.06697743     -76.06697743     0.00D+00     0.32D-01     0     0       0.00      0.00    start
   2      -76.06697743      -0.00000000     0.45D-08     0.17D-08     1     0       0.00      0.00    diag

 Final occupancy:   3   1   1   0

 !RHF STATE 1.1 Energy                -76.066977430070
  RHF One-electron energy            -123.041312246393
  RHF Two-electron energy              37.791657757272
  RHF Kinetic energy                   75.989288720795
  RHF Nuclear energy                    9.182677059051
  RHF Virial quotient                  -1.001022363949

 !RHF STATE 1.1 Dipole moment           0.00000000     0.00000000    -0.78180861
 Dipole moment /Debye                   0.00000000     0.00000000    -1.98715929

 Orbital energies:

           1.1          2.1          3.1          4.1          5.1
    -20.564685    -1.352149    -0.585104     0.089963     0.115116

           1.2          2.2          3.2
     -0.510436     0.111733     0.390606

           1.3          2.3          3.3
     -0.716625     0.094108     0.203913

           1.4          2.4
      0.383250     0.890206


 HOMO      1.2    -0.510436 =     -13.8897eV
 LUMO      4.1     0.089963 =       2.4480eV
 LUMO-HOMO         0.600399 =      16.3377eV

 Orbitals saved in record  2100.2


 **********************************************************************************************************************************
 DATASETS  * FILE   NREC   LENGTH (MB)   RECORD NAMES
              1      18       28.79       500      610      700      900      950      970     1000      129      960     1100   
                                          VAR    BASINP    GEOM    SYMINP    ZMAT    AOBASIS   BASIS     P2S    ABASIS      S 
                                         1400     1410     1200     1210     1080     1600     1650     1700   
                                           T        V       H0       H01     AOSYM     SMH    MOLCAS    OPER   

              2       8        0.76       700     1000      520     2100     4100     5300     5450     5400   
                                         GEOM     BASIS   MCVARS     RHF     CPHF     HESS     NMOD     FREQ   

 PROGRAMS   *        TOTAL    HF-SCF       MP2    HF-SCF       INT
 CPU TIMES  *        16.43      1.76      0.06      0.13      0.58
 REAL TIME  *        20.72 SEC
 DISK USED  *       350.78 MB (local),        2.84 GB (total)
 SF USED    *         2.16 MB
 GA USED    *         0.00 MB       (max)       0.00 MB       (current)
 **********************************************************************************************************************************


 PROGRAM * MP2 (Closed-shell)     Authors: C. Hampel, H.-J. Werner, 1991, M. Deegan, P.J. Knowles, 1992


 Convergence thresholds:  THRVAR = 1.00D-16  THRDEN = 1.00D-12

 Number of core orbitals:           1 (   1   0   0   0 )
 Number of closed-shell orbitals:   4 (   2   1   1   0 )
 Number of external orbitals:     121 (  45  24  34  18 )

 Molecular orbitals read from record     2100.2  Type=RHF/CANONICAL (state 1.1)

 Number of N-1 electron functions:               4
 Number of N-2 electron functions:              10
 Number of singly external CSFs:               148
 Number of doubly external CSFs:             30353
 Total number of CSFs:                       30502

 Length of J-op  integral file:               0.00 MB
 Length of K-op  integral file:               0.31 MB

 Integral transformation finished. Total CPU:   0.00 sec, npass=  1  Memory used:   0.12 MW

 Memory needed for MP2:                      0.02 MW

 SCS-MP2 correlation energy:           -0.281899257040   (PS=  1.200000  PT=  0.333333)
 SCS-MP2 total energy:                -76.348876687110


  Reference energy                    -76.066977430070
  MP2 singlet pair energy              -0.182927737215
  MP2 triplet pair energy              -0.100263169900
  MP2 correlation energy               -0.283190907114

 !MP2 total energy                    -76.350168337185

 KEXT needed  1 integral passes. Memory used:   0.23 MW  CPU time:      0.01 sec


 CPHF trial vector read from record  4100.2

 Starting Coupled-perturbed Hartree-Fock, convergence threshold= 1.0D-06

 ITER   MIC  DIIS      VAR         VARC       CPU
   1     0     1    0.49D-07    0.90D-09     0.00

 CPHF convergence reached in  1 macroiterations and    0 microiterations.   Accuracy: 4.9149D-08

 CPHF solution written to record  4100.2

 Dipole moments (unrelaxed):            0.00000000     0.00000000    -0.76594459
 Orbital relaxation contribution:      -0.00000000    -0.00000000     0.03325820
 !MP2 STATE 1.1 Dipole moment           0.00000000     0.00000000    -0.73268639
 Dipole moment /Debye                   0.00000000     0.00000000    -1.86230304

 CPU-time for density and lagrangian:                  0.00 sec
 CPU-time for coupled-perturbed hartree-fock:          0.00 sec

 MP2 gradient info saved on record         5200.1


 **********************************************************************************************************************************
 DATASETS  * FILE   NREC   LENGTH (MB)   RECORD NAMES
              1      20       29.74       500      610      700      900      950      970     1000      129      960     1100   
                                          VAR    BASINP    GEOM    SYMINP    ZMAT    AOBASIS   BASIS     P2S    ABASIS      S 
                                         1400     1410     1200     1210     1080     1600     1650     1700     1380     5200   
                                           T        V       H0       H01     AOSYM     SMH    MOLCAS    OPER     JKOP      MP2  

              2       8        0.76       700     1000      520     2100     4100     5300     5450     5400   
                                         GEOM     BASIS   MCVARS     RHF     CPHF     HESS     NMOD     FREQ   

 PROGRAMS   *        TOTAL       MP2       MP2    HF-SCF       INT
 CPU TIMES  *        16.50      0.07      0.06      0.13      0.58
 REAL TIME  *        20.82 SEC
 DISK USED  *       350.78 MB (local),        2.84 GB (total)
 SF USED    *         2.37 MB
 GA USED    *         0.00 MB       (max)       0.00 MB       (current)
 **********************************************************************************************************************************
