 Cartesian Coordinates are in [bohr]
 Creating new Variables:
 OX1               0.00000000
 OY1               0.00000000
 OZ1               0.22162898
 HX2               0.00000000
 HY2               1.43024618
 HZ2              -0.88988432
 HX3               0.00000000
 HY3              -1.43024618
 HZ3              -0.88988432
 Task   1   Incrementing variable OX1   by    0.010 BOH (Skipping negative increment due to symmetry).
 Task   2   Incrementing variable OY1   by    0.010 BOH (Skipping negative increment due to symmetry).
 Task   3   Incrementing variable OZ1   by    0.010 BOH
 Task   4   Incrementing variable OZ1   by   -0.010 BOH
 Task   5   Incrementing variable HX2   by    0.010 BOH (Skipping negative increment due to symmetry).
 Task   6   Incrementing variable HY2   by    0.010 BOH
 Task   7   Incrementing variable HY2   by   -0.010 BOH
 Task   8   Incrementing variable HZ2   by    0.010 BOH
 Task   9   Incrementing variable HZ2   by   -0.010 BOH

 Switching to mppx mode, nproc=  8

 Starting task   1.  CPU=     0.01 sec, Elapsed=     0.01 sec
 Incrementing variable OX1              by  0.010000 BOH   to    0.010000 BOH


 Using spherical harmonics

 Library entry O      S def2-TZVPPD          selected for orbital group  1
 Library entry O      P def2-TZVPPD          selected for orbital group  1
 Library entry O      D def2-TZVPPD          selected for orbital group  1
 Library entry O      F def2-TZVPPD          selected for orbital group  1
 Library entry H      S def2-TZVPP           selected for orbital group  2
 Library entry H      P def2-TZVPP           selected for orbital group  2
 Library entry H      D def2-TZVPP           selected for orbital group  2


 PROGRAM * SEWARD (Integral evaluation for generally contracted gaussian basis sets)     Author: Roland Lindh, 1990

 Geometry written to block  1 of record 702


 Point group  Cs  



 ATOMIC COORDINATES

 NR  ATOM    CHARGE       X              Y              Z

   1  O       8.00    0.010000000    0.000000000    0.221628984
   2  H       1.00    0.000000000    1.430246175   -0.889884322
   3  H       1.00    0.000000000   -1.430246175   -0.889884322

 Bond lengths in Bohr (Angstrom)

 1-2  1.811398893  1-3  1.811398893
     ( 0.958551014)     ( 0.958551014)

 Bond angles

  2-1-3  104.29274767

 NUCLEAR CHARGE:                   10
 NUMBER OF PRIMITIVE AOS:          95
 NUMBER OF SYMMETRY AOS:           87
 NUMBER OF CONTRACTIONS:           68   (   41A'  +   27A"  )
 NUMBER OF INNER CORE ORBITALS:     0   (    0A'  +    0A"  )
 NUMBER OF OUTER CORE ORBITALS:     1   (    1A'  +    0A"  )
 NUMBER OF VALENCE ORBITALS:        6   (    4A'  +    2A"  )

 SYMMETRY CHANGED: INITIALIZING OCCUPATION


 NUCLEAR REPULSION ENERGY    9.18254246

 Eigenvalues of metric

         1 0.873E-03 0.426E-02 0.101E-01 0.472E-01 0.663E-01 0.732E-01 0.916E-01 0.930E-01
         2 0.155E-02 0.952E-02 0.431E-01 0.767E-01 0.105E+00 0.137E+00 0.176E+00 0.196E+00


 Contracted 2-electron integrals neglected if value below      1.0D-18
 AO integral compression algorithm  1   Integral accuracy      1.0D-18

     14.942 MB (compressed) written to integral file ( 95.0%)


 NUMBER OF SORTED TWO-ELECTRON INTEGRALS:    1419096.     BUFFER LENGTH:  32768
 NUMBER OF SEGMENTS:   1  SEGMENT LENGTH:    1419096      RECORD LENGTH: 524288

 Memory used in sort:       1.98 MW

 SORT1 READ     1975360. AND WROTE     1252593. INTEGRALS IN      4 RECORDS. CPU TIME:     0.02 SEC, REAL TIME:     0.02 SEC
 SORT2 READ     1252593. AND WROTE     1419096. INTEGRALS IN     57 RECORDS. CPU TIME:     0.04 SEC, REAL TIME:     0.05 SEC

 FILE SIZES:   FILE 1:    45.3 MBYTE,  FILE 4:    16.8 MBYTE,   TOTAL:     62.1 MBYTE

 OPERATOR DM      FOR CENTER  0  COORDINATES:    0.000000    0.000000    0.000000

 Program * Restricted Hartree-Fock

 Molecular orbitals read from record     2100.2  Type=RHF/CANONICAL  

 Present basis size:       41   27
 Previous basis size:      28   13   19    8
 Previous occupation:       3    1    1    0
 Previous closed-shells:    3    1    1    0
 Previous core-orbitals:    1    0    0    0
 Present occupation:        4    1
 Present closed-shells:     4    1
 Present core-orbitals:     1    0
 Wavefunction symmetry:    1   Singlet 

 Orbital overlap <old|new>:  < 1.1| 1.1> = 0.999272   < 2.1| 2.1> = 0.999947   < 3.1| 3.1> = 0.999992   < 1.2| 4.1> = 0.999996
                             < 1.3| 1.2> = 0.999998


 NELEC=   10   SYM=1   MS2= 0   THRE=1.0D-12   THRD=1.0D-07   THRG=1.0D-07  HFMA2=F  DIIS_START=2   DIIS_MAX=10   DIIS_INCORE=F

 Level shifts:    0.00 (CLOSED)    0.00 (OPEN)    0.30 (GAP_MIN)

 ITER           ETOT              DE          GRAD        DDIFF     DIIS  NEXP   TIME(IT)  TIME(TOT)  DIAG
   1      -76.04429431     -76.04429431     0.00D+00     0.54D-01     0     0       0.01      0.01    start
   2      -76.06359506      -0.01930075     0.34D-01     0.20D-02     1     0       0.00      0.01    diag
   3      -76.06376249      -0.00016742     0.17D-02     0.26D-03     2     0       0.01      0.02    diag
   4      -76.06376971      -0.00000722     0.27D-03     0.59D-04     3     0       0.00      0.02    diag
   5      -76.06377076      -0.00000105     0.66D-04     0.32D-04     4     0       0.01      0.03    diag
   6      -76.06377099      -0.00000023     0.35D-04     0.12D-04     5     0       0.00      0.03    diag
   7      -76.06377101      -0.00000003     0.65D-05     0.64D-05     6     0       0.01      0.04    diag
   8      -76.06377102      -0.00000000     0.13D-05     0.17D-05     7     0       0.00      0.04    fixocc
   9      -76.06377102      -0.00000000     0.34D-06     0.37D-06     8     0       0.01      0.05    diag
  10      -76.06377102      -0.00000000     0.32D-07     0.67D-07     9     0       0.00      0.05    diag/orth
  11      -76.06377102       0.00000000     0.28D-08     0.45D-08     0     0       0.01      0.06    diag

 Final occupancy:   4   1

 !RHF STATE 1.1 Energy                -76.063771015578
  RHF One-electron energy            -123.034076350587
  RHF Two-electron energy              37.787762879850
  RHF Kinetic energy                   75.978658292205
  RHF Nuclear energy                    9.182542455158
  RHF Virial quotient                  -1.001120218826

 !RHF STATE 1.1 Dipole moment          -0.00704524     0.00000000    -0.78308620
 Dipole moment /Debye                  -0.01790722     0.00000000    -1.99040659

 Orbital energies:

           1.1          2.1          3.1          4.1          5.1          6.1
    -20.565255    -1.352055    -0.584989    -0.510314     0.090966     0.140752

           1.2          2.2          3.2
     -0.716663     0.113011     0.257030


 HOMO      4.1    -0.510314 =     -13.8863eV
 LUMO      5.1     0.090966 =       2.4753eV
 LUMO-HOMO         0.601280 =      16.3617eV

 Orbitals saved in record  2101.1


 **********************************************************************************************************************************
 DATASETS  * FILE   NREC   LENGTH (MB)   RECORD NAMES
              1      21       38.88       500      610      700      702      900      950      970     1001      129      960   
                                          VAR    BASINP    GEOM     GEOM    SYMINP    ZMAT    AOBASIS   BASIS     P2S    ABASIS    
                                         1100     1400     1410     1200     1210     1080     1600     1650     1300     1700   
                                           S        T        V       H0       H01     AOSYM     SMH    MOLCAS    ERIS     OPER   
                                         2101   
                                          RHF  

              2       9        0.93       700     1000      520     2100     4100      701     5500      702     1001   
                                         GEOM     BASIS   MCVARS     RHF     CPHF     GEOM     HINFO    GEOM     BASIS   

 PROGRAMS   *        TOTAL    HF-SCF       MP2    HF-SCF       INT
 CPU TIMES  *         1.28      0.78      0.04      0.02      0.30
 REAL TIME  *         2.80 SEC
 DISK USED  *        60.18 MB
 SF USED    *         0.64 MB
 **********************************************************************************************************************************


 PROGRAM * MP2 (Closed-shell)     Authors: C. Hampel, H.-J. Werner, 1991, M. Deegan, P.J. Knowles, 1992


 Convergence thresholds:  THRVAR = 1.00D-16  THRDEN = 1.00D-12

 Number of core orbitals:           1 (   1   0 )
 Number of closed-shell orbitals:   4 (   3   1 )
 Number of external orbitals:      63 (  37  26 )

 Molecular orbitals read from record     2101.1  Type=RHF/CANONICAL (state 1.1)

 Number of N-1 electron functions:               4
 Number of N-2 electron functions:              10
 Number of singly external CSFs:               137
 Number of doubly external CSFs:             16123
 Total number of CSFs:                       16261

 Length of J-op  integral file:               0.00 MB
 Length of K-op  integral file:               0.20 MB

 Integral transformation finished. Total CPU:   0.01 sec, npass=  1  Memory used:   0.11 MW

 Memory needed for MP2:                      0.01 MW

 SCS-MP2 correlation energy:           -0.260281875490   (PS=  1.200000  PT=  0.333333)
 SCS-MP2 total energy:                -76.324052891068


  Reference energy                    -76.063771015578
  MP2 singlet pair energy              -0.167049232831
  MP2 triplet pair energy              -0.096143779435
  MP2 correlation energy               -0.263193012266

 !MP2 total energy                    -76.326964027844

 KEXT needed  1 integral passes. Memory used:   0.14 MW  CPU time:      0.01 sec


 CPHF trial vector read from record  4100.2

 Starting Coupled-perturbed Hartree-Fock, convergence threshold= 1.0D-06

 ITER   MIC  DIIS      VAR         VARC       CPU
   1     0     1    0.54D-02    0.89D-05     0.00
   2     5     2    0.22D-05    0.20D-05     0.00
   3     1     3    0.32D-06    0.17D-07     0.01

 CPHF convergence reached in  3 macroiterations and    6 microiterations.   Accuracy: 3.1718D-07

 Dipole moments (unrelaxed):           -0.00690360     0.00000000    -0.76734207
 Orbital relaxation contribution:       0.00031997    -0.00000000     0.03555139
 !MP2 STATE 1.1 Dipole moment          -0.00658362     0.00000000    -0.73179068
 Dipole moment /Debye                  -0.01673390     0.00000000    -1.86002638

 CPU-time for density and lagrangian:                  0.01 sec
 CPU-time for coupled-perturbed hartree-fock:          0.01 sec

 MP2 gradient info saved on record         5200.1


 **********************************************************************************************************************************
 DATASETS  * FILE   NREC   LENGTH (MB)   RECORD NAMES
              1      23       39.42       500      610      700      702      900      950      970     1001      129      960   
                                          VAR    BASINP    GEOM     GEOM    SYMINP    ZMAT    AOBASIS   BASIS     P2S    ABASIS    
                                         1100     1400     1410     1200     1210     1080     1600     1650     1300     1700   
                                           S        T        V       H0       H01     AOSYM     SMH    MOLCAS    ERIS     OPER   
                                         2101     1380     5200   
                                          RHF     JKOP      MP2  

              2       9        0.93       700     1000      520     2100     4100      701     5500      702     1001   
                                         GEOM     BASIS   MCVARS     RHF     CPHF     GEOM     HINFO    GEOM     BASIS   

 PROGRAMS   *        TOTAL       MP2       MP2    HF-SCF       INT
 CPU TIMES  *         1.35      0.07      0.04      0.02      0.30
 REAL TIME  *         2.89 SEC
 DISK USED  *        60.18 MB
 SF USED    *         0.64 MB
 **********************************************************************************************************************************

 PROGRAM * ALASKA (Gradient of the energy)     Author: R. Lindh


 MP2      Gradient info restored from record    5200.1

 Number of core orbitals:           1 (   1   0 )
 Number of closed-shell orbitals:   4 (   3   1 )
 Number of external orbitals:      63 (  37  26 )

 Integral thresholds in T2TRAN:            1.0D-10 (PROD)

 Available memory for Transformation:1497774668 words
 Memory needed for incore algorithm:      93611 words
 Minimum memory needed:                   72715 words

 Memory used for transformation:           0.09 MW
 Available memory for gradients:        1499.68 MW

 CPU for transformation:                   0.01 sec
 CPU for integrals and gradient:           0.17 sec
 Total CPU:                                0.18 sec

 Prescreening statistics:
 ========================

 Total number of shell quadruplets:        4.06D+02
 Number of shell quadruplets processed:    4.06D+02 (100.00%)

 MP2 GRADIENT FOR STATE 1.1

 Atom          dE/dx               dE/dy               dE/dz

   1        -0.000015867         0.000000000        -0.001761100
   2         0.000007934        -0.000743452         0.000880550
   3         0.000007934         0.000743452         0.000880550

 Nuclear force contribution to virial =        -0.004084285

 Tasks on processor    0 finished.  CPU=      1.29 sec, Elapsed=      1.37 sec. Waiting for other processors...

 Switching back to mpp mode, nproc=  8


 Recomputing wavefunction at initial geometry


 Using spherical harmonics

 Library entry O      S def2-TZVPPD          selected for orbital group  1
 Library entry O      P def2-TZVPPD          selected for orbital group  1
 Library entry O      D def2-TZVPPD          selected for orbital group  1
 Library entry O      F def2-TZVPPD          selected for orbital group  1
 Library entry H      S def2-TZVPP           selected for orbital group  2
 Library entry H      P def2-TZVPP           selected for orbital group  2
 Library entry H      D def2-TZVPP           selected for orbital group  2


 PROGRAM * SEWARD (Integral evaluation for generally contracted gaussian basis sets)     Author: Roland Lindh, 1990

 Geometry written to block  1 of record 700


 Point group  C2v 



 ATOMIC COORDINATES

 NR  ATOM    CHARGE       X              Y              Z

   1  O       8.00    0.000000000    0.000000000    0.221628984
   2  H       1.00    0.000000000    1.430246175   -0.889884322
   3  H       1.00    0.000000000   -1.430246175   -0.889884322

 Bond lengths in Bohr (Angstrom)

 1-2  1.811371290  1-3  1.811371290
     ( 0.958536407)     ( 0.958536407)

 Bond angles

  2-1-3  104.29499459

 NUCLEAR CHARGE:                   10
 NUMBER OF PRIMITIVE AOS:          95
 NUMBER OF SYMMETRY AOS:           87
 NUMBER OF CONTRACTIONS:           68   (   28A1  +   13B1  +   19B2  +    8A2  )
 NUMBER OF INNER CORE ORBITALS:     0   (    0A1  +    0B1  +    0B2  +    0A2  )
 NUMBER OF OUTER CORE ORBITALS:     1   (    1A1  +    0B1  +    0B2  +    0A2  )
 NUMBER OF VALENCE ORBITALS:        6   (    3A1  +    1B1  +    2B2  +    0A2  )


 NUCLEAR REPULSION ENERGY    9.18267706

 Eigenvalues of metric

         1 0.872E-03 0.426E-02 0.101E-01 0.472E-01 0.663E-01 0.916E-01 0.121E+00 0.139E+00
         2 0.732E-01 0.930E-01 0.255E+00 0.442E+00 0.542E+00 0.651E+00 0.784E+00 0.104E+01
         3 0.155E-02 0.952E-02 0.431E-01 0.767E-01 0.137E+00 0.176E+00 0.279E+00 0.340E+00
         4 0.105E+00 0.196E+00 0.503E+00 0.722E+00 0.880E+00 0.126E+01 0.144E+01 0.257E+01


 Contracted 2-electron integrals neglected if value below      1.0D-18
 AO integral compression algorithm  1   Integral accuracy      1.0D-18

     9.175 MB (compressed) written to integral file (100.0%)

     Node minimum: 1.049 MB, node maximum: 1.311 MB


 NUMBER OF SORTED TWO-ELECTRON INTEGRALS:      89699.     BUFFER LENGTH:  32768
 NUMBER OF SEGMENTS:   1  SEGMENT LENGTH:      89699      RECORD LENGTH: 524288

 Memory used in sort:       0.65 MW

 SORT1 READ     1011314. AND WROTE       82643. INTEGRALS IN      1 RECORDS. CPU TIME:     0.03 SEC, REAL TIME:     0.03 SEC
 SORT2 READ      679929. AND WROTE      739926. INTEGRALS IN     32 RECORDS. CPU TIME:     0.00 SEC, REAL TIME:     0.01 SEC

 Node minimum:       89611.  Node maximum:       94745. integrals

 OPERATOR DM      FOR CENTER  0  COORDINATES:    0.000000    0.000000    0.000000

 Program * Restricted Hartree-Fock

 Molecular orbitals read from record     2100.2  Type=RHF/CANONICAL  

 NELEC=   10   SYM=1   MS2= 0   THRE=1.0D-12   THRD=1.0D-06   THRG=1.0D-06  HFMA2=F  DIIS_START=2   DIIS_MAX=10   DIIS_INCORE=F

 Level shifts:    0.00 (CLOSED)    0.00 (OPEN)    0.30 (GAP_MIN)

 ITER           ETOT              DE          GRAD        DDIFF     DIIS  NEXP   TIME(IT)  TIME(TOT)  DIAG
   1      -76.06377225     -76.06377225     0.00D+00     0.70D-01     0     0       0.00      0.00    start
   2      -76.06377225      -0.00000000     0.54D-08     0.32D-08     1     0       0.00      0.00    diag

 Final occupancy:   3   1   1   0

 !RHF STATE 1.1 Energy                -76.063772254717
  RHF One-electron energy            -123.034320624605
  RHF Two-electron energy              37.787871310837
  RHF Kinetic energy                   75.978711407703
  RHF Nuclear energy                    9.182677059051
  RHF Virial quotient                  -1.001119535268

 !RHF STATE 1.1 Dipole moment           0.00000000     0.00000000    -0.78309858
 Dipole moment /Debye                   0.00000000     0.00000000    -1.99043804

 Orbital energies:

           1.1          2.1          3.1          4.1          5.1
    -20.565252    -1.352060    -0.584987     0.090966     0.146587

           1.2          2.2          3.2
     -0.510314     0.140752     0.463240

           1.3          2.3          3.3
     -0.716675     0.113010     0.257035

           1.4          2.4
      0.451275     1.134605


 HOMO      1.2    -0.510314 =     -13.8864eV
 LUMO      4.1     0.090966 =       2.4753eV
 LUMO-HOMO         0.601281 =      16.3617eV

 Orbitals saved in record  2100.2


 **********************************************************************************************************************************
 DATASETS  * FILE   NREC   LENGTH (MB)   RECORD NAMES
              1      18       28.65       500      610      700      900      950      970     1000      129      960     1100   
                                          VAR    BASINP    GEOM    SYMINP    ZMAT    AOBASIS   BASIS     P2S    ABASIS      S 
                                         1400     1410     1200     1210     1080     1600     1650     1700   
                                           T        V       H0       H01     AOSYM     SMH    MOLCAS    OPER   

              2       8        0.50       700     1000      520     2100     4100     5300     5450     5400   
                                         GEOM     BASIS   MCVARS     RHF     CPHF     HESS     NMOD     FREQ   

 PROGRAMS   *        TOTAL    HF-SCF       MP2    HF-SCF       INT
 CPU TIMES  *         4.41      0.69      0.04      0.02      0.30
 REAL TIME  *         7.77 SEC
 DISK USED  *        60.18 MB (local),      499.61 MB (total)
 SF USED    *         0.64 MB
 GA USED    *         0.00 MB       (max)       0.00 MB       (current)
 **********************************************************************************************************************************


 PROGRAM * MP2 (Closed-shell)     Authors: C. Hampel, H.-J. Werner, 1991, M. Deegan, P.J. Knowles, 1992


 Convergence thresholds:  THRVAR = 1.00D-16  THRDEN = 1.00D-12

 Number of core orbitals:           1 (   1   0   0   0 )
 Number of closed-shell orbitals:   4 (   2   1   1   0 )
 Number of external orbitals:      63 (  25  12  18   8 )

 Molecular orbitals read from record     2100.2  Type=RHF/CANONICAL (state 1.1)

 Number of N-1 electron functions:               4
 Number of N-2 electron functions:              10
 Number of singly external CSFs:                80
 Number of doubly external CSFs:              8389
 Total number of CSFs:                        8470

 Length of J-op  integral file:               0.00 MB
 Length of K-op  integral file:               0.09 MB

 Integral transformation finished. Total CPU:   0.00 sec, npass=  1  Memory used:   0.08 MW

 Memory needed for MP2:                      0.01 MW

 SCS-MP2 correlation energy:           -0.260280562865   (PS=  1.200000  PT=  0.333333)
 SCS-MP2 total energy:                -76.324052817582


  Reference energy                    -76.063772254717
  MP2 singlet pair energy              -0.167048380514
  MP2 triplet pair energy              -0.096143313613
  MP2 correlation energy               -0.263191694127

 !MP2 total energy                    -76.326963948844

 KEXT needed  1 integral passes. Memory used:   0.08 MW  CPU time:      0.01 sec


 CPHF trial vector read from record  4100.2

 Starting Coupled-perturbed Hartree-Fock, convergence threshold= 1.0D-06

 ITER   MIC  DIIS      VAR         VARC       CPU
   1     0     1    0.21D-06    0.51D-08     0.00

 CPHF convergence reached in  1 macroiterations and    0 microiterations.   Accuracy: 2.1248D-07

 CPHF solution written to record  4100.2

 Dipole moments (unrelaxed):            0.00000000     0.00000000    -0.76735505
 Orbital relaxation contribution:      -0.00000000    -0.00000000     0.03555078
 !MP2 STATE 1.1 Dipole moment           0.00000000     0.00000000    -0.73180427
 Dipole moment /Debye                   0.00000000     0.00000000    -1.86006093

 CPU-time for density and lagrangian:                  0.00 sec
 CPU-time for coupled-perturbed hartree-fock:          0.00 sec

 MP2 gradient info saved on record         5200.1


 **********************************************************************************************************************************
 DATASETS  * FILE   NREC   LENGTH (MB)   RECORD NAMES
              1      20       28.93       500      610      700      900      950      970     1000      129      960     1100   
                                          VAR    BASINP    GEOM    SYMINP    ZMAT    AOBASIS   BASIS     P2S    ABASIS      S 
                                         1400     1410     1200     1210     1080     1600     1650     1700     1380     5200   
                                           T        V       H0       H01     AOSYM     SMH    MOLCAS    OPER     JKOP      MP2  

              2       8        0.50       700     1000      520     2100     4100     5300     5450     5400   
                                         GEOM     BASIS   MCVARS     RHF     CPHF     HESS     NMOD     FREQ   

 PROGRAMS   *        TOTAL       MP2       MP2    HF-SCF       INT
 CPU TIMES  *         4.47      0.04      0.04      0.02      0.30
 REAL TIME  *         7.84 SEC
 DISK USED  *        60.18 MB (local),      499.61 MB (total)
 SF USED    *         0.64 MB
 GA USED    *         0.00 MB       (max)       0.00 MB       (current)
 **********************************************************************************************************************************
