 Cartesian Coordinates are in [bohr]
 Creating new Variables:
 BX1               0.00000000
 BY1              -0.00002162
 BZ1               0.00000000
 HX2               0.00000000
 HY2               2.24640976
 HZ2               0.00000000
 HX3               1.94541510
 HY3              -1.12319407
 HZ3               0.00000000
 HX4              -1.94541510
 HY4              -1.12319407
 HZ4               0.00000000
 Task   1   Incrementing variable BX1   by    0.010 BOH (Skipping negative increment due to symmetry).
 Task   2   Incrementing variable BY1   by    0.010 BOH
 Task   3   Incrementing variable BY1   by   -0.010 BOH
 Task   4   Incrementing variable BZ1   by    0.010 BOH (Skipping negative increment due to symmetry).
 Task   5   Incrementing variable HX2   by    0.010 BOH (Skipping negative increment due to symmetry).
 Task   6   Incrementing variable HY2   by    0.010 BOH
 Task   7   Incrementing variable HY2   by   -0.010 BOH
 Task   8   Incrementing variable HZ2   by    0.010 BOH (Skipping negative increment due to symmetry).
 Task   9   Incrementing variable HX3   by    0.010 BOH
 Task  10   Incrementing variable HX3   by   -0.010 BOH
 Task  11   Incrementing variable HY3   by    0.010 BOH
 Task  12   Incrementing variable HY3   by   -0.010 BOH
 Task  13   Incrementing variable HZ3   by    0.010 BOH (Skipping negative increment due to symmetry).

 Switching to mppx mode, nproc=  8

 Starting task   1.  CPU=     0.00 sec, Elapsed=     0.00 sec
 Incrementing variable BX1              by  0.010000 BOH   to    0.010000 BOH


 Using spherical harmonics

 Library entry B      S def2-QZVPPD          selected for orbital group  1
 Library entry B      P def2-QZVPPD          selected for orbital group  1
 Library entry B      D def2-QZVPPD          selected for orbital group  1
 Library entry B      F def2-QZVPPD          selected for orbital group  1
 Library entry B      G def2-QZVPPD          selected for orbital group  1
 Library entry H      S def2-QZVPP           selected for orbital group  2
 Library entry H      P def2-QZVPP           selected for orbital group  2
 Library entry H      D def2-QZVPP           selected for orbital group  2
 Library entry H      F def2-QZVPP           selected for orbital group  2


 PROGRAM * SEWARD (Integral evaluation for generally contracted gaussian basis sets)     Author: Roland Lindh, 1990

 Geometry written to block  1 of record 702


 Point group  Cs  



 ATOMIC COORDINATES

 NR  ATOM    CHARGE       X              Y              Z

   1  B       5.00    0.010000000   -0.000021615    0.000000000
   2  H       1.00    0.000000000    2.246409764    0.000000000
   3  H       1.00    1.945415104   -1.123194074    0.000000000
   4  H       1.00   -1.945415104   -1.123194074    0.000000000

 Bond lengths in Bohr (Angstrom)

 1-2  2.246453637  1-3  2.237710436  1-4  2.255030953
     ( 1.188772070)     ( 1.184145367)     ( 1.193310990)

 Bond angles

  2-1-3  120.38277529   2-1-4  119.61761275   3-1-4  119.99961196

 NUCLEAR CHARGE:                    8
 NUMBER OF PRIMITIVE AOS:         213
 NUMBER OF SYMMETRY AOS:          182
 NUMBER OF CONTRACTIONS:          153   (  101A'  +   52A"  )
 NUMBER OF INNER CORE ORBITALS:     0   (    0A'  +    0A"  )
 NUMBER OF OUTER CORE ORBITALS:     1   (    1A'  +    0A"  )
 NUMBER OF VALENCE ORBITALS:        7   (    6A'  +    1A"  )

 SYMMETRY CHANGED: INITIALIZING OCCUPATION


 NUCLEAR REPULSION ENERGY    7.44845992


 Eigenvalues of metric

         1 0.155E-03 0.287E-03 0.294E-03 0.121E-02 0.214E-02 0.216E-02 0.238E-02 0.339E-02
         2 0.103E-01 0.119E-01 0.122E-01 0.337E-01 0.418E-01 0.424E-01 0.811E-01 0.124E+00


 Contracted 2-electron integrals neglected if value below      1.0D-18
 AO integral compression algorithm  1   Integral accuracy      1.0D-18

     329.515 MB (compressed) written to integral file ( 99.4%)


 NUMBER OF SORTED TWO-ELECTRON INTEGRALS:   35513341.     BUFFER LENGTH:  32768
 NUMBER OF SEGMENTS:   3  SEGMENT LENGTH:   15996202      RECORD LENGTH: 524288

 Memory used in sort:      16.55 MW

 SORT1 READ    41422409. AND WROTE    34173224. INTEGRALS IN     99 RECORDS. CPU TIME:     0.37 SEC, REAL TIME:     3.16 SEC
 SORT2 READ    34173224. AND WROTE    35513341. INTEGRALS IN   1257 RECORDS. CPU TIME:     0.45 SEC, REAL TIME:     1.20 SEC

 FILE SIZES:   FILE 1:   360.4 MBYTE,  FILE 4:   415.3 MBYTE,   TOTAL:    775.7 MBYTE

 OPERATOR DM      FOR CENTER  0  COORDINATES:    0.000000    0.000000    0.000000

 Program * Restricted Hartree-Fock

 Molecular orbitals read from record     2100.2  Type=RHF/CANONICAL  

 Present basis size:      101   52
 Previous basis size:      60   41   31   21
 Previous occupation:       3    1    0    0
 Previous closed-shells:    3    1    0    0
 Previous core-orbitals:    1    0    0    0
 Present occupation:        4    0
 Present closed-shells:     4    0
 Present core-orbitals:     1    0
 Wavefunction symmetry:    1   Singlet 

 Orbital overlap <old|new>:  < 1.1| 1.1> = 0.999801   < 2.1| 2.1> = 0.999992   < 3.1| 3.1> = 1.000000   < 1.2| 4.1> = 1.000000


 NELEC=    8   SYM=1   MS2= 0   THRE=1.0D-12   THRD=1.0D-07   THRG=1.0D-07  HFMA2=F  DIIS_START=2   DIIS_MAX=10   DIIS_INCORE=F

 Level shifts:    0.00 (CLOSED)    0.00 (OPEN)    0.30 (GAP_MIN)

 ITER           ETOT              DE          GRAD        DDIFF     DIIS  NEXP   TIME(IT)  TIME(TOT)  DIAG
   1      -26.39562483     -26.39562483     0.00D+00     0.14D-01     0     0       0.11      0.12    start
   2      -26.40228302      -0.00665819     0.10D-01     0.21D-02     1     0       0.12      0.24    diag
   3      -26.40235243      -0.00006941     0.75D-03     0.10D-03     2     0       0.12      0.36    diag
   4      -26.40235432      -0.00000189     0.73D-04     0.15D-04     3     0       0.12      0.48    diag
   5      -26.40235441      -0.00000009     0.98D-05     0.41D-05     4     0       0.11      0.59    diag
   6      -26.40235441      -0.00000000     0.13D-05     0.78D-06     5     0       0.11      0.70    diag
   7      -26.40235441      -0.00000000     0.19D-06     0.13D-06     6     0       0.11      0.81    diag
   8      -26.40235441      -0.00000000     0.31D-07     0.25D-07     7     0       0.12      0.93    fixocc
   9      -26.40235441      -0.00000000     0.57D-08     0.68D-08     8     0       0.11      1.04    diag
  10      -26.40235441      -0.00000000     0.73D-09     0.30D-09     0     0       0.11      1.15    diag/orth

 Final occupancy:   4   0

 !RHF STATE 1.1 Energy                -26.402354408886
  RHF One-electron energy             -49.075310201379
  RHF Two-electron energy              15.224495869025
  RHF Kinetic energy                   26.394054588513
  RHF Nuclear energy                    7.448459923469
  RHF Virial quotient                  -1.000314457953

 !RHF STATE 1.1 Dipole moment           0.00636562    -0.00000226     0.00000000
 Dipole moment /Debye                   0.01617978    -0.00000575     0.00000000

 Orbital energies:

           1.1          2.1          3.1          4.1          5.1          6.1
     -7.610794    -0.704746    -0.500178    -0.497441     0.055055     0.107931

           1.2          2.2
      0.046558     0.156057


 HOMO      4.1    -0.497441 =     -13.5361eV
 LUMO      1.2     0.046558 =       1.2669eV
 LUMO-HOMO         0.543999 =      14.8030eV

 Orbitals saved in record  2101.1


 **********************************************************************************************************************************
 DATASETS  * FILE   NREC   LENGTH (MB)   RECORD NAMES
              1      21      298.64       500      610      700      702      900      950      970     1001      129      960   
                                          VAR    BASINP    GEOM     GEOM    SYMINP    ZMAT    AOBASIS   BASIS     P2S    ABASIS    
                                         1100     1400     1410     1200     1210     1080     1600     1650     1300     1700   
                                           S        T        V       H0       H01     AOSYM     SMH    MOLCAS    ERIS     OPER   
                                         2101   
                                          RHF  

              2       9        1.44       700     1000      520     2100     4100      701     5500      702     1001   
                                         GEOM     BASIS   MCVARS     RHF     CPHF     GEOM     HINFO    GEOM     BASIS   

 PROGRAMS   *        TOTAL    HF-SCF       MP2    HF-SCF       INT
 CPU TIMES  *         6.02      4.78      0.10      0.06      0.93
 REAL TIME  *        11.75 SEC
 DISK USED  *       741.25 MB
 SF USED    *         2.29 MB
 **********************************************************************************************************************************


 PROGRAM * MP2 (Closed-shell)     Authors: C. Hampel, H.-J. Werner, 1991, M. Deegan, P.J. Knowles, 1992


 Convergence thresholds:  THRVAR = 1.00D-16  THRDEN = 1.00D-12

 Number of core orbitals:           1 (   1   0 )
 Number of closed-shell orbitals:   3 (   3   0 )
 Number of external orbitals:     149 (  97  52 )

 Molecular orbitals read from record     2101.1  Type=RHF/CANONICAL (state 1.1)

 Number of N-1 electron functions:               3
 Number of N-2 electron functions:               6
 Number of singly external CSFs:               291
 Number of doubly external CSFs:             54732
 Total number of CSFs:                       55024

 Length of J-op  integral file:               0.00 MB
 Length of K-op  integral file:               0.92 MB

 Integral transformation finished. Total CPU:   0.16 sec, npass=  1  Memory used:   0.32 MW

 Memory needed for MP2:                      0.06 MW

 SCS-MP2 correlation energy:           -0.133919284983   (PS=  1.200000  PT=  0.333333)
 SCS-MP2 total energy:                -26.536273693868


  Reference energy                    -26.402354408886
  MP2 singlet pair energy              -0.102449115227
  MP2 triplet pair energy              -0.017646985785
  MP2 correlation energy               -0.120096101012

 !MP2 total energy                    -26.522450509897

 KEXT needed  1 integral passes. Memory used:   0.81 MW  CPU time:      0.17 sec


 CPHF trial vector read from record  4100.2

 Starting Coupled-perturbed Hartree-Fock, convergence threshold= 1.0D-06

 ITER   MIC  DIIS      VAR         VARC       CPU
   1     0     1    0.96D-02    0.12D-03     0.10
   2     4     2    0.13D-04    0.13D-04     0.22
   3     1     3    0.22D-05    0.42D-06     0.34
   4     1     4    0.16D-06    0.99D-08     0.44

 CPHF convergence reached in  4 macroiterations and    6 microiterations.   Accuracy: 1.6088D-07

 Dipole moments (unrelaxed):            0.00628668    -0.00000226     0.00000000
 Orbital relaxation contribution:      -0.00075549    -0.00000021    -0.00000000
 !MP2 STATE 1.1 Dipole moment           0.00553120    -0.00000247     0.00000000
 Dipole moment /Debye                   0.01405890    -0.00000629     0.00000000

 CPU-time for density and lagrangian:                  0.12 sec
 CPU-time for coupled-perturbed hartree-fock:          0.44 sec

 MP2 gradient info saved on record         5200.1


 **********************************************************************************************************************************
 DATASETS  * FILE   NREC   LENGTH (MB)   RECORD NAMES
              1      23      300.73       500      610      700      702      900      950      970     1001      129      960   
                                          VAR    BASINP    GEOM     GEOM    SYMINP    ZMAT    AOBASIS   BASIS     P2S    ABASIS    
                                         1100     1400     1410     1200     1210     1080     1600     1650     1300     1700   
                                           S        T        V       H0       H01     AOSYM     SMH    MOLCAS    ERIS     OPER   
                                         2101     1380     5200   
                                          RHF     JKOP      MP2  

              2       9        1.44       700     1000      520     2100     4100      701     5500      702     1001   
                                         GEOM     BASIS   MCVARS     RHF     CPHF     GEOM     HINFO    GEOM     BASIS   

 PROGRAMS   *        TOTAL       MP2       MP2    HF-SCF       INT
 CPU TIMES  *         7.04      1.02      0.10      0.06      0.93
 REAL TIME  *        13.08 SEC
 DISK USED  *       741.25 MB
 SF USED    *         2.29 MB
 **********************************************************************************************************************************

 PROGRAM * ALASKA (Gradient of the energy)     Author: R. Lindh


 MP2      Gradient info restored from record    5200.1

 Number of core orbitals:           1 (   1   0 )
 Number of closed-shell orbitals:   3 (   3   0 )
 Number of external orbitals:     149 (  97  52 )

 Integral thresholds in T2TRAN:            1.0D-10 (PROD)

 Available memory for Transformation:1496965336 words
 Memory needed for incore algorithm:     289747 words
 Minimum memory needed:                  202906 words

 Memory used for transformation:           0.29 MW
 Available memory for gradients:        1498.68 MW

 CPU for transformation:                   0.11 sec
 CPU for integrals and gradient:           6.41 sec
 Total CPU:                                6.52 sec

 Prescreening statistics:
 ========================

 Total number of shell quadruplets:        1.18D+04
 Number of shell quadruplets processed:    1.11D+04 ( 94.45%)

 MP2 GRADIENT FOR STATE 1.1

 Atom          dE/dx               dE/dy               dE/dz

   1         0.004257598        -0.000052486         0.000000000
   2        -0.000429772         0.001636396         0.000000000
   3        -0.000534329         0.000065029         0.000000000
   4        -0.003293497        -0.001648939         0.000000000

 Nuclear force contribution to virial =         0.010865359

 Tasks on processor    0 finished.  CPU=     14.00 sec, Elapsed=     17.31 sec. Waiting for other processors...

 Switching back to mpp mode, nproc=  8


 Recomputing wavefunction at initial geometry


 Using spherical harmonics

 Library entry B      S def2-QZVPPD          selected for orbital group  1
 Library entry B      P def2-QZVPPD          selected for orbital group  1
 Library entry B      D def2-QZVPPD          selected for orbital group  1
 Library entry B      F def2-QZVPPD          selected for orbital group  1
 Library entry B      G def2-QZVPPD          selected for orbital group  1
 Library entry H      S def2-QZVPP           selected for orbital group  2
 Library entry H      P def2-QZVPP           selected for orbital group  2
 Library entry H      D def2-QZVPP           selected for orbital group  2
 Library entry H      F def2-QZVPP           selected for orbital group  2


 PROGRAM * SEWARD (Integral evaluation for generally contracted gaussian basis sets)     Author: Roland Lindh, 1990

 Geometry written to block  1 of record 700


 Point group  C2v 



 ATOMIC COORDINATES

 NR  ATOM    CHARGE       X              Y              Z

   1  B       5.00    0.000000000   -0.000021615    0.000000000
   2  H       1.00    0.000000000    2.246409764    0.000000000
   3  H       1.00    1.945415104   -1.123194074    0.000000000
   4  H       1.00   -1.945415104   -1.123194074    0.000000000

 Bond lengths in Bohr (Angstrom)

 1-2  2.246431380  1-3  2.246365130  1-4  2.246365130
     ( 1.188760292)     ( 1.188725234)     ( 1.188725234)

 Bond angles

  2-1-3  119.99970236   2-1-4  119.99970236   3-1-4  120.00059528

 NUCLEAR CHARGE:                    8
 NUMBER OF PRIMITIVE AOS:         213
 NUMBER OF SYMMETRY AOS:          182
 NUMBER OF CONTRACTIONS:          153   (   60A1  +   41B1  +   31B2  +   21A2  )
 NUMBER OF INNER CORE ORBITALS:     0   (    0A1  +    0B1  +    0B2  +    0A2  )
 NUMBER OF OUTER CORE ORBITALS:     1   (    1A1  +    0B1  +    0B2  +    0A2  )
 NUMBER OF VALENCE ORBITALS:        7   (    4A1  +    2B1  +    1B2  +    0A2  )


 NUCLEAR REPULSION ENERGY    7.44842684

 Eigenvalues of metric

         1 0.155E-03 0.290E-03 0.121E-02 0.215E-02 0.238E-02 0.340E-02 0.402E-02 0.726E-02
         2 0.290E-03 0.215E-02 0.340E-02 0.738E-02 0.104E-01 0.188E-01 0.255E-01 0.630E-01
         3 0.103E-01 0.120E-01 0.337E-01 0.421E-01 0.811E-01 0.124E+00 0.178E+00 0.224E+00
         4 0.120E-01 0.421E-01 0.124E+00 0.135E+00 0.178E+00 0.237E+00 0.399E+00 0.483E+00


 Contracted 2-electron integrals neglected if value below      1.0D-18
 AO integral compression algorithm  1   Integral accuracy      1.0D-18

     184.287 MB (compressed) written to integral file (100.0%)

     Node minimum: 21.234 MB, node maximum: 25.166 MB


 NUMBER OF SORTED TWO-ELECTRON INTEGRALS:    2234768.     BUFFER LENGTH:  32768
 NUMBER OF SEGMENTS:   1  SEGMENT LENGTH:    2234768      RECORD LENGTH: 524288

 Memory used in sort:       2.79 MW

 SORT1 READ    22771097. AND WROTE     2166750. INTEGRALS IN      7 RECORDS. CPU TIME:     0.35 SEC, REAL TIME:     0.37 SEC
 SORT2 READ    17392405. AND WROTE    17940577. INTEGRALS IN    688 RECORDS. CPU TIME:     0.05 SEC, REAL TIME:     0.05 SEC

 Node minimum:     2234768.  Node maximum:     2250179. integrals

 OPERATOR DM      FOR CENTER  0  COORDINATES:    0.000000    0.000000    0.000000

 Program * Restricted Hartree-Fock

 Molecular orbitals read from record     2100.2  Type=RHF/CANONICAL  

 NELEC=    8   SYM=1   MS2= 0   THRE=1.0D-12   THRD=1.0D-06   THRG=1.0D-06  HFMA2=F  DIIS_START=2   DIIS_MAX=10   DIIS_INCORE=F

 Level shifts:    0.00 (CLOSED)    0.00 (OPEN)    0.30 (GAP_MIN)

 ITER           ETOT              DE          GRAD        DDIFF     DIIS  NEXP   TIME(IT)  TIME(TOT)  DIAG
   1      -26.40237609     -26.40237609     0.00D+00     0.19D-01     0     0       0.01      0.01    start
   2      -26.40237609      -0.00000000     0.46D-10     0.47D-10     1     0       0.00      0.01    diag

 Final occupancy:   3   1   0   0

 !RHF STATE 1.1 Energy                -26.402376092699
  RHF One-electron energy             -49.075303893754
  RHF Two-electron energy              15.224500962385
  RHF Kinetic energy                   26.394018768126
  RHF Nuclear energy                    7.448426838670
  RHF Virial quotient                  -1.000316637063

 !RHF STATE 1.1 Dipole moment           0.00000000    -0.00002306     0.00000000
 Dipole moment /Debye                   0.00000000    -0.00005861     0.00000000

 Orbital energies:

           1.1          2.1          3.1          4.1          5.1
     -7.610790    -0.704739    -0.498807     0.055055     0.108115

           1.2          2.2          3.2
     -0.498815     0.108114     0.146112

           1.3          2.3
      0.046559     0.156080

           1.4          2.4
      0.156080     0.493259


 HOMO      3.1    -0.498807 =     -13.5732eV
 LUMO      1.3     0.046559 =       1.2669eV
 LUMO-HOMO         0.545366 =      14.8402eV

 Orbitals saved in record  2100.2


 **********************************************************************************************************************************
 DATASETS  * FILE   NREC   LENGTH (MB)   RECORD NAMES
              1      18       28.89       500      610      700      900      950      970     1000      129      960     1100   
                                          VAR    BASINP    GEOM    SYMINP    ZMAT    AOBASIS   BASIS     P2S    ABASIS      S 
                                         1400     1410     1200     1210     1080     1600     1650     1700   
                                           T        V       H0       H01     AOSYM     SMH    MOLCAS    OPER   

              2       8        0.96       700     1000      520     2100     4100     5300     5450     5400   
                                         GEOM     BASIS   MCVARS     RHF     CPHF     HESS     NMOD     FREQ   

 PROGRAMS   *        TOTAL    HF-SCF       MP2    HF-SCF       INT
 CPU TIMES  *        30.96      1.05      0.10      0.06      0.93
 REAL TIME  *        38.35 SEC
 DISK USED  *       741.25 MB (local),        6.05 GB (total)
 SF USED    *         2.29 MB
 GA USED    *         0.00 MB       (max)       0.00 MB       (current)
 **********************************************************************************************************************************


 PROGRAM * MP2 (Closed-shell)     Authors: C. Hampel, H.-J. Werner, 1991, M. Deegan, P.J. Knowles, 1992


 Convergence thresholds:  THRVAR = 1.00D-16  THRDEN = 1.00D-12

 Number of core orbitals:           1 (   1   0   0   0 )
 Number of closed-shell orbitals:   3 (   2   1   0   0 )
 Number of external orbitals:     149 (  57  40  31  21 )

 Molecular orbitals read from record     2100.2  Type=RHF/CANONICAL (state 1.1)

 Number of N-1 electron functions:               3
 Number of N-2 electron functions:               6
 Number of singly external CSFs:               154
 Number of doubly external CSFs:             27575
 Total number of CSFs:                       27730

 Length of J-op  integral file:               0.00 MB
 Length of K-op  integral file:               0.46 MB

 Integral transformation finished. Total CPU:   0.01 sec, npass=  1  Memory used:   0.15 MW

 Memory needed for MP2:                      0.03 MW

 SCS-MP2 correlation energy:           -0.133918843374   (PS=  1.200000  PT=  0.333333)
 SCS-MP2 total energy:                -26.536294936072


  Reference energy                    -26.402376092699
  MP2 singlet pair energy              -0.102448777579
  MP2 triplet pair energy              -0.017646927234
  MP2 correlation energy               -0.120095704813

 !MP2 total energy                    -26.522471797511

 KEXT needed  1 integral passes. Memory used:   0.30 MW  CPU time:      0.01 sec


 CPHF trial vector read from record  4100.2

 Starting Coupled-perturbed Hartree-Fock, convergence threshold= 1.0D-06

 ITER   MIC  DIIS      VAR         VARC       CPU
   1     0     1    0.94D-07    0.67D-08     0.01

 CPHF convergence reached in  1 macroiterations and    0 microiterations.   Accuracy: 9.3623D-08

 CPHF solution written to record  4100.2

 Dipole moments (unrelaxed):            0.00000000    -0.00002282     0.00000000
 Orbital relaxation contribution:      -0.00000000     0.00000287    -0.00000000
 !MP2 STATE 1.1 Dipole moment           0.00000000    -0.00001994     0.00000000
 Dipole moment /Debye                   0.00000000    -0.00005069     0.00000000

 CPU-time for density and lagrangian:                  0.01 sec
 CPU-time for coupled-perturbed hartree-fock:          0.01 sec

 MP2 gradient info saved on record         5200.1


 **********************************************************************************************************************************
 DATASETS  * FILE   NREC   LENGTH (MB)   RECORD NAMES
              1      20       29.88       500      610      700      900      950      970     1000      129      960     1100   
                                          VAR    BASINP    GEOM    SYMINP    ZMAT    AOBASIS   BASIS     P2S    ABASIS      S 
                                         1400     1410     1200     1210     1080     1600     1650     1700     1380     5200   
                                           T        V       H0       H01     AOSYM     SMH    MOLCAS    OPER     JKOP      MP2  

              2       8        0.96       700     1000      520     2100     4100     5300     5450     5400   
                                         GEOM     BASIS   MCVARS     RHF     CPHF     HESS     NMOD     FREQ   

 PROGRAMS   *        TOTAL       MP2       MP2    HF-SCF       INT
 CPU TIMES  *        31.06      0.08      0.10      0.06      0.93
 REAL TIME  *        38.47 SEC
 DISK USED  *       741.25 MB (local),        6.05 GB (total)
 SF USED    *         2.29 MB
 GA USED    *         0.00 MB       (max)       0.00 MB       (current)
 **********************************************************************************************************************************
