
 Working directory              : /scratch/emmanous/bh3.opt.com.14377/molpro.sYV6QpjyDJ/
 Global scratch directory       : /scratch/emmanous/bh3.opt.com.14377/molpro.sYV6QpjyDJ/
 Wavefunction directory         : /home/emmanous/wfu/
 Main file repository           : /scratch/emmanous/bh3.opt.com.14377/molpro.sYV6QpjyDJ/

 id        : wis

 Nodes     nprocs
 cff164       8
 GA implementation: MPI file
 GA implementation (serial work in mppx): MPI file

 Using DEFAULT tuning parameter for ncache   :   16384
 Using DEFAULT tuning parameter for mflopdgm :   10000
 Using DEFAULT tuning parameter for mflopdgv :    4000
 Using DEFAULT tuning parameter for mflopmxm :    5000
 Using DEFAULT tuning parameter for mflopmxv :    4000
 Using DEFAULT tuning parameter for mindgm   :       1
 Using DEFAULT tuning parameter for mindgc   :       4
 Using DEFAULT tuning parameter for mindgf   :    5000
 Using DEFAULT tuning parameter for mindgl   :       4
 Using DEFAULT tuning parameter for mindgr   :       1
 Using DEFAULT tuning parameter for mindgv   :      20
 Using DEFAULT tuning parameter for mincuda  :     500
 Using DEFAULT tuning parameter for mxmblk   :      64
 Using DEFAULT tuning parameter for mxmbln   :      64
 Using DEFAULT tuning parameter for nroll    :       2
 Using custom tuning parameter for ngpus     :       0
 Using customized tuning parameters: mindgm=1; mindgv=20; mindgc=4; mindgr=1; noblas=0; minvec=7

 Fortran compiler: integer size=8, double size=8, logical size=8
 default implementation of scratch files=sf  


 Variables initialized (1015), CPU time= 0.01 sec
 ***,geometry optimization
 gthresh,energy=1d-12,gradient=1d-6,twoint=1d-18,prefac=1d-20
 GTHRESH, OPTSTEP=1d-5, OPTGRAD=1d-5, ENERGY=1d-11
 noorient
 charge=
 multiplicity=
 geomtyp=xyz
 geom={
 B          0.0000000000       -0.0000015149        0.0000000000
 H          0.0000000000        1.1887933870        0.0000000000
 H          1.0295027932       -0.5943959360        0.0000000000
 H         -1.0295027932       -0.5943959360        0.0000000000
 }
 MASS,ISO
 MASS,PRINT
 label1
 
 basis,def2-TZVPPD,h=def2-TZVPP
 hf
 enerhflow=energy
 mp2
 e2low=energy-enerhflow
 basis,def2-QZVPPD,h=def2-QZVPP
 hf
 enerhfhi=energy
 mp2
 e2hi=energy-enerhfhi
 basis,def2-TZVP
 hf
 ccsd(t)
 ehlc=1.04609*(energy-emp2)
 cue=exp(-1.63d0)
 ehfcbs=(enerhfhi-enerhflow*cue)/(1d0-cue)
 e2cbs=e2hi+0.56618*(e2hi-e2low)
 etotal=ehfcbs+e2cbs+ehlc
 
 optg,startcmd=label1,variable=etotal
 Commands initialized (834), CPU time= 0.01 sec, 672 directives.
 Default parameters read. Elapsed time= 0.07 sec

 Using DEFAULT tuning parameter for mpplat   :       3
 Using DEFAULT tuning parameter for mppspeed :    1600
 Checking input...
 Passed
1


                                         ***  PROGRAM SYSTEM MOLPRO  ***
                                       Copyright, TTI GmbH Stuttgart, 2015
                                    Version 2022.2 linked Thu May  5 23:39:45 2022


 **********************************************************************************************************************************
 LABEL *   geometry optimization                                                         
  64 bit mpp version                                                                     DATE: 12-Aug-23          TIME: 11:27:05  
 **********************************************************************************************************************************

 SHA1:             518bf5c5e315925380b88506c70af759aa1d1d96
 **********************************************************************************************************************************

 Memory per process:      1500 MW
 Total memory per node:  12000 MW

 GA preallocation disabled
 GA check disabled

 Variable memory set to 1500.0 MW


 THRESHOLDS:

 ZERO    =  1.00D-12  ONEINT  =  1.00D-12  TWOINT  =  1.00D-18  PREFAC  =  1.00D-20  XXXXXX  =  1.00D-09  EORDER  =  1.00D-04
 ENERGY  =  1.00D-12  ETEST   =  0.00D+00  EDENS   =  0.00D+00  THRDEDEF=  1.00D-06  GRADIENT=  1.00D-06  STEP    =  1.00D-03
 ORBITAL =  1.00D-05  CIVEC   =  1.00D-05  COEFF   =  1.00D-04  PRINTCI =  5.00D-02  PUNCHCI =  9.90D+01  OPTGRAD =  3.00D-04
 OPTENERG=  1.00D-06  OPTSTEP =  3.00D-04  THRGRAD =  1.00D-10  COMPRESS=  1.00D-11  VARMIN  =  1.00D-07  VARMAX  =  1.00D-03
 THRDOUB =  0.00D+00  THRDIV  =  1.00D-05  THRRED  =  1.00D-07  THRPSP  =  1.00D+00  THRDC   =  1.00D-10  THRCS   =  1.00D-10
 THRNRM  =  1.00D-08  THREQ   =  0.00D+00  THRDE   =  1.00D+00  THRREF  =  1.00D-05  SPARFAC =  1.00D+00  THRDLP  =  1.00D-07
 THRDIA  =  1.00D-10  THRDLS  =  1.00D-07  THRGPS  =  0.00D+00  THRKEX  =  0.00D+00  THRDIS  =  2.00D-01  THRVAR  =  1.00D-10
 THRLOC  =  1.00D-06  THRGAP  =  1.00D-06  THRLOCT = -1.00D+00  THRGAPT = -1.00D+00  THRORB  =  1.00D-06  THRMLTP =  0.00D+00
 THRCPQCI=  1.00D-10  KEXTA   =  0.00D+00  THRCOARS=  0.00D+00  SYMTOL  =  1.00D-06  GRADTOL =  1.00D-06  THROVL  =  1.00D-08
 THRORTH =  1.00D-08  THRDLOVL= -1.00D+00  GRID    =  1.00D-06  GRIDMAX =  1.00D-03  DTMAX   =  0.00D+00  THROCCDE=  1.00D-01
 THROCCDE=  1.00D-01  THRPRINT=  2.50D-01


 THRESHOLDS:

 ZERO    =  1.00D-12  ONEINT  =  1.00D-12  TWOINT  =  1.00D-18  PREFAC  =  1.00D-20  XXXXXX  =  1.00D-09  EORDER  =  1.00D-04
 ENERGY  =  1.00D-11  ETEST   =  0.00D+00  EDENS   =  0.00D+00  THRDEDEF=  1.00D-06  GRADIENT=  1.00D-06  STEP    =  1.00D-03
 ORBITAL =  1.00D-05  CIVEC   =  1.00D-05  COEFF   =  1.00D-04  PRINTCI =  5.00D-02  PUNCHCI =  9.90D+01  OPTGRAD =  1.00D-05
 OPTENERG=  1.00D-06  OPTSTEP =  1.00D-05  THRGRAD =  1.00D-10  COMPRESS=  1.00D-11  VARMIN  =  1.00D-07  VARMAX  =  1.00D-03
 THRDOUB =  0.00D+00  THRDIV  =  1.00D-05  THRRED  =  1.00D-07  THRPSP  =  1.00D+00  THRDC   =  1.00D-10  THRCS   =  1.00D-10
 THRNRM  =  1.00D-08  THREQ   =  0.00D+00  THRDE   =  1.00D+00  THRREF  =  1.00D-05  SPARFAC =  1.00D+00  THRDLP  =  1.00D-07
 THRDIA  =  1.00D-10  THRDLS  =  1.00D-07  THRGPS  =  0.00D+00  THRKEX  =  0.00D+00  THRDIS  =  2.00D-01  THRVAR  =  1.00D-10
 THRLOC  =  1.00D-06  THRGAP  =  1.00D-06  THRLOCT = -1.00D+00  THRGAPT = -1.00D+00  THRORB  =  1.00D-06  THRMLTP =  0.00D+00
 THRCPQCI=  1.00D-10  KEXTA   =  0.00D+00  THRCOARS=  0.00D+00  SYMTOL  =  1.00D-06  GRADTOL =  1.00D-06  THROVL  =  1.00D-08
 THRORTH =  1.00D-08  THRDLOVL= -1.00D+00  GRID    =  1.00D-06  GRIDMAX =  1.00D-03  DTMAX   =  0.00D+00  THROCCDE=  1.00D-01
 THROCCDE=  1.00D-01  THRPRINT=  2.50D-01

 SETTING GEOMTYP        =    XYZ


 Using masses of most abundant isotopes

 **********************************************************************************************************************************


 Atomic masses

 Center       Mass
 B         11.00931
 H          1.00782
 H          1.00782
 H          1.00782
 SETTING BASIS          =    DEF2-TZVPPD,H=DEF2-TZVPP


 Recomputing integrals since basis changed


 Using spherical harmonics

 Library entry B      S def2-TZVPPD          selected for orbital group  1
 Library entry B      P def2-TZVPPD          selected for orbital group  1
 Library entry B      D def2-TZVPPD          selected for orbital group  1
 Library entry B      F def2-TZVPPD          selected for orbital group  1
 Library entry H      S def2-TZVPP           selected for orbital group  2
 Library entry H      P def2-TZVPP           selected for orbital group  2
 Library entry H      D def2-TZVPP           selected for orbital group  2


 PROGRAM * SEWARD (Integral evaluation for generally contracted gaussian basis sets)     Author: Roland Lindh, 1990

 Geometry written to block  1 of record 700


 Point group  C2v 



 ATOMIC COORDINATES

 NR  ATOM    CHARGE       X              Y              Z

   1  B       5.00    0.000000000   -0.000002863    0.000000000
   2  H       1.00    0.000000000    2.246493920    0.000000000
   3  H       1.00    1.945478324   -1.123245529    0.000000000
   4  H       1.00   -1.945478324   -1.123245529    0.000000000

 Bond lengths in Bohr (Angstrom)

 1-2  2.246496783  1-3  2.246454984  1-4  2.246454984
     ( 1.188794902)     ( 1.188772783)     ( 1.188772783)

 Bond angles

  2-1-3  120.00044688   2-1-4  120.00044688   3-1-4  119.99910623

 NUCLEAR CHARGE:                    8
 NUMBER OF PRIMITIVE AOS:         109
 NUMBER OF SYMMETRY AOS:          100
 NUMBER OF CONTRACTIONS:           79   (   34A1  +   21B1  +   15B2  +    9A2  )
 NUMBER OF INNER CORE ORBITALS:     0   (    0A1  +    0B1  +    0B2  +    0A2  )
 NUMBER OF OUTER CORE ORBITALS:     1   (    1A1  +    0B1  +    0B2  +    0A2  )
 NUMBER OF VALENCE ORBITALS:        7   (    4A1  +    2B1  +    1B2  +    0A2  )


 NUCLEAR REPULSION ENERGY    7.44815594


 Eigenvalues of metric

         1 0.197E-02 0.257E-02 0.313E-02 0.673E-02 0.143E-01 0.477E-01 0.516E-01 0.883E-01
         2 0.313E-02 0.673E-02 0.516E-01 0.571E-01 0.883E-01 0.194E+00 0.196E+00 0.306E+00
         3 0.749E-01 0.805E-01 0.224E+00 0.248E+00 0.394E+00 0.417E+00 0.628E+00 0.687E+00
         4 0.805E-01 0.248E+00 0.394E+00 0.628E+00 0.934E+00 0.997E+00 0.128E+01 0.158E+01


 Contracted 2-electron integrals neglected if value below      1.0D-18
 AO integral compression algorithm  1   Integral accuracy      1.0D-18

     15.204 MB (compressed) written to integral file (100.0%)

     Node minimum: 1.835 MB, node maximum: 2.097 MB


 NUMBER OF SORTED TWO-ELECTRON INTEGRALS:     164282.     BUFFER LENGTH:  32768
 NUMBER OF SEGMENTS:   1  SEGMENT LENGTH:     164282      RECORD LENGTH: 524288

 Memory used in sort:       0.72 MW

 SORT1 READ     1742318. AND WROTE      157935. INTEGRALS IN      1 RECORDS. CPU TIME:     0.04 SEC, REAL TIME:     0.03 SEC
 SORT2 READ     1287615. AND WROTE     1338976. INTEGRALS IN     64 RECORDS. CPU TIME:     0.00 SEC, REAL TIME:     0.01 SEC

 Node minimum:      164034.  Node maximum:      169160. integrals

 OPERATOR DM      FOR CENTER  0  COORDINATES:    0.000000    0.000000    0.000000


 **********************************************************************************************************************************
 DATASETS  * FILE   NREC   LENGTH (MB)   RECORD NAMES
              1      18       28.69       500      610      700      900      950      970     1000      129      960     1100   
                                          VAR    BASINP    GEOM    SYMINP    ZMAT    AOBASIS   BASIS     P2S    ABASIS      S 
                                         1400     1410     1200     1210     1080     1600     1650     1700   
                                           T        V       H0       H01     AOSYM     SMH    MOLCAS    OPER   

 PROGRAMS   *        TOTAL       INT
 CPU TIMES  *         0.49      0.34
 REAL TIME  *         1.40 SEC
 DISK USED  *        29.01 MB (local),      274.77 MB (total)
 GA USED    *         0.00 MB       (max)       0.00 MB       (current)
 **********************************************************************************************************************************


 Program * Restricted Hartree-Fock

 Orbital guess generated from atomic densities.

 Initial occupancy:   3   1   0   0

 NELEC=    8   SYM=1   MS2= 0   THRE=1.0D-12   THRD=1.0D-06   THRG=1.0D-06  HFMA2=F  DIIS_START=2   DIIS_MAX=10   DIIS_INCORE=F

 Level shifts:    0.00 (CLOSED)    0.00 (OPEN)    0.30 (GAP_MIN)

 ITER           ETOT              DE          GRAD        DDIFF     DIIS  NEXP   TIME(IT)  TIME(TOT)  DIAG
   1      -26.39482262     -26.39482262     0.00D+00     0.44D-01     0     0       0.00      0.01    start
   2      -26.40036990      -0.00554727     0.54D-02     0.29D-02     1     0       0.00      0.01    diag
   3      -26.40068829      -0.00031840     0.13D-02     0.10D-02     2     0       0.00      0.01    diag
   4      -26.40070253      -0.00001424     0.24D-03     0.21D-03     3     0       0.00      0.01    diag
   5      -26.40070281      -0.00000028     0.29D-04     0.32D-04     4     0       0.00      0.01    diag
   6      -26.40070282      -0.00000001     0.43D-05     0.72D-05     5     0       0.00      0.01    diag
   7      -26.40070282      -0.00000000     0.63D-06     0.79D-06     6     0       0.00      0.01    diag
   8      -26.40070282      -0.00000000     0.58D-07     0.11D-06     7     0       0.00      0.01    fixocc
   9      -26.40070282       0.00000000     0.35D-08     0.57D-08     8     0       0.00      0.01    diag
  10      -26.40070282       0.00000000     0.21D-09     0.73D-09     0     0       0.00      0.01    diag/orth

 Final occupancy:   3   1   0   0

 !RHF STATE 1.1 Energy                -26.400702819559
  RHF One-electron energy             -49.072200877386
  RHF Two-electron energy              15.223342117117
  RHF Kinetic energy                   26.388448473092
  RHF Nuclear energy                    7.448155940711
  RHF Virial quotient                  -1.000464382985

 !RHF STATE 1.1 Dipole moment           0.00000000    -0.00000987     0.00000000
 Dipole moment /Debye                   0.00000000    -0.00002508     0.00000000

 Orbital energies:

           1.1          2.1          3.1          4.1          5.1
     -7.610928    -0.704571    -0.498629     0.053553     0.156587

           1.2          2.2          3.2
     -0.498630     0.156586     0.172553

           1.3          2.3
      0.054163     0.184725

           1.4          2.4
      0.184725     0.639052


 HOMO      3.1    -0.498629 =     -13.5684eV
 LUMO      4.1     0.053553 =       1.4572eV
 LUMO-HOMO         0.552182 =      15.0256eV

 Orbitals saved in record  2100.2


 **********************************************************************************************************************************
 DATASETS  * FILE   NREC   LENGTH (MB)   RECORD NAMES
              1      18       28.69       500      610      700      900      950      970     1000      129      960     1100   
                                          VAR    BASINP    GEOM    SYMINP    ZMAT    AOBASIS   BASIS     P2S    ABASIS      S 
                                         1400     1410     1200     1210     1080     1600     1650     1700   
                                           T        V       H0       H01     AOSYM     SMH    MOLCAS    OPER   

              2       4        0.43       700     1000      520     2100   
                                         GEOM     BASIS   MCVARS     RHF  

 PROGRAMS   *        TOTAL    HF-SCF       INT
 CPU TIMES  *         0.55      0.05      0.34
 REAL TIME  *         1.69 SEC
 DISK USED  *        29.30 MB (local),      277.11 MB (total)
 GA USED    *         0.00 MB       (max)       0.00 MB       (current)
 **********************************************************************************************************************************
 SETTING ENERHFLOW      =       -26.40070282  AU                              


 PROGRAM * MP2 (Closed-shell)     Authors: C. Hampel, H.-J. Werner, 1991, M. Deegan, P.J. Knowles, 1992


 Convergence thresholds:  THRVAR = 1.00D-15  THRDEN = 1.00D-11

 Number of core orbitals:           1 (   1   0   0   0 )
 Number of closed-shell orbitals:   3 (   2   1   0   0 )
 Number of external orbitals:      75 (  31  20  15   9 )

 Molecular orbitals read from record     2100.2  Type=RHF/CANONICAL  

 Number of N-1 electron functions:               3
 Number of N-2 electron functions:               6
 Number of singly external CSFs:                82
 Number of doubly external CSFs:              7300
 Total number of CSFs:                        7383

 Length of J-op  integral file:               0.00 MB
 Length of K-op  integral file:               0.13 MB

 Integral transformation finished. Total CPU:   0.00 sec, npass=  1  Memory used:   0.09 MW

 Memory needed for MP2:                      0.01 MW

 SCS-MP2 correlation energy:           -0.126208964291   (PS=  1.200000  PT=  0.333333)
 SCS-MP2 total energy:                -26.526911783850


  Reference energy                    -26.400702819559
  MP2 singlet pair energy              -0.096379912845
  MP2 triplet pair energy              -0.016960289266
  MP2 correlation energy               -0.113340202111

 !MP2 total energy                    -26.514043021670


 **********************************************************************************************************************************
 DATASETS  * FILE   NREC   LENGTH (MB)   RECORD NAMES
              1      19       28.85       500      610      700      900      950      970     1000      129      960     1100   
                                          VAR    BASINP    GEOM    SYMINP    ZMAT    AOBASIS   BASIS     P2S    ABASIS      S 
                                         1400     1410     1200     1210     1080     1600     1650     1700     1380   
                                           T        V       H0       H01     AOSYM     SMH    MOLCAS    OPER     JKOP   

              2       4        0.43       700     1000      520     2100   
                                         GEOM     BASIS   MCVARS     RHF  

 PROGRAMS   *        TOTAL       MP2    HF-SCF       INT
 CPU TIMES  *         0.59      0.04      0.05      0.34
 REAL TIME  *         1.73 SEC
 DISK USED  *        29.33 MB (local),      277.35 MB (total)
 SF USED    *         0.43 MB
 GA USED    *         0.00 MB       (max)       0.00 MB       (current)
 **********************************************************************************************************************************
 SETTING E2LOW          =        -0.11334020  AU                              
 SETTING BASIS          =    DEF2-QZVPPD,H=DEF2-QZVPP


 Recomputing integrals since basis changed


 Using spherical harmonics

 Library entry B      S def2-QZVPPD          selected for orbital group  1
 Library entry B      P def2-QZVPPD          selected for orbital group  1
 Library entry B      D def2-QZVPPD          selected for orbital group  1
 Library entry B      F def2-QZVPPD          selected for orbital group  1
 Library entry B      G def2-QZVPPD          selected for orbital group  1
 Library entry H      S def2-QZVPP           selected for orbital group  2
 Library entry H      P def2-QZVPP           selected for orbital group  2
 Library entry H      D def2-QZVPP           selected for orbital group  2
 Library entry H      F def2-QZVPP           selected for orbital group  2


 PROGRAM * SEWARD (Integral evaluation for generally contracted gaussian basis sets)     Author: Roland Lindh, 1990

 Geometry written to block  1 of record 700


 Point group  C2v 



 ATOMIC COORDINATES

 NR  ATOM    CHARGE       X              Y              Z

   1  B       5.00    0.000000000   -0.000002863    0.000000000
   2  H       1.00    0.000000000    2.246493920    0.000000000
   3  H       1.00    1.945478324   -1.123245529    0.000000000
   4  H       1.00   -1.945478324   -1.123245529    0.000000000

 Bond lengths in Bohr (Angstrom)

 1-2  2.246496783  1-3  2.246454984  1-4  2.246454984
     ( 1.188794902)     ( 1.188772783)     ( 1.188772783)

 Bond angles

  2-1-3  120.00044688   2-1-4  120.00044688   3-1-4  119.99910623

 NUCLEAR CHARGE:                    8
 NUMBER OF PRIMITIVE AOS:         213
 NUMBER OF SYMMETRY AOS:          182
 NUMBER OF CONTRACTIONS:          153   (   60A1  +   41B1  +   31B2  +   21A2  )
 NUMBER OF INNER CORE ORBITALS:     0   (    0A1  +    0B1  +    0B2  +    0A2  )
 NUMBER OF OUTER CORE ORBITALS:     1   (    1A1  +    0B1  +    0B2  +    0A2  )
 NUMBER OF VALENCE ORBITALS:        7   (    4A1  +    2B1  +    1B2  +    0A2  )


 NUCLEAR REPULSION ENERGY    7.44815594


 Eigenvalues of metric

         1 0.155E-03 0.290E-03 0.121E-02 0.215E-02 0.238E-02 0.340E-02 0.402E-02 0.726E-02
         2 0.290E-03 0.215E-02 0.340E-02 0.738E-02 0.104E-01 0.188E-01 0.256E-01 0.630E-01
         3 0.103E-01 0.120E-01 0.337E-01 0.421E-01 0.811E-01 0.124E+00 0.178E+00 0.224E+00
         4 0.120E-01 0.421E-01 0.124E+00 0.135E+00 0.178E+00 0.237E+00 0.399E+00 0.483E+00


 Contracted 2-electron integrals neglected if value below      1.0D-18
 AO integral compression algorithm  1   Integral accuracy      1.0D-18

     183.763 MB (compressed) written to integral file (100.0%)

     Node minimum: 21.758 MB, node maximum: 23.855 MB


 NUMBER OF SORTED TWO-ELECTRON INTEGRALS:    2234768.     BUFFER LENGTH:  32768
 NUMBER OF SEGMENTS:   1  SEGMENT LENGTH:    2234768      RECORD LENGTH: 524288

 Memory used in sort:       2.79 MW

 SORT1 READ    22771097. AND WROTE     2167152. INTEGRALS IN      7 RECORDS. CPU TIME:     0.35 SEC, REAL TIME:     0.36 SEC
 SORT2 READ    17394861. AND WROTE    17940577. INTEGRALS IN    712 RECORDS. CPU TIME:     0.03 SEC, REAL TIME:     0.06 SEC

 Node minimum:     2234768.  Node maximum:     2250179. integrals

 OPERATOR DM      FOR CENTER  0  COORDINATES:    0.000000    0.000000    0.000000


 **********************************************************************************************************************************
 DATASETS  * FILE   NREC   LENGTH (MB)   RECORD NAMES
              1      18       28.88       500      610      700      900      950      970     1001      129      960     1100   
                                          VAR    BASINP    GEOM    SYMINP    ZMAT    AOBASIS   BASIS     P2S    ABASIS      S 
                                         1400     1410     1200     1210     1080     1600     1650     1700   
                                           T        V       H0       H01     AOSYM     SMH    MOLCAS    OPER   

              2       5        0.48       700     1000      520     2100     1001   
                                         GEOM     BASIS   MCVARS     RHF     BASIS   

 PROGRAMS   *        TOTAL       INT       MP2    HF-SCF       INT
 CPU TIMES  *         1.79      1.20      0.04      0.05      0.34
 REAL TIME  *         3.13 SEC
 DISK USED  *        29.43 MB (local),      605.55 MB (total)
 SF USED    *         0.43 MB
 GA USED    *         0.00 MB       (max)       0.00 MB       (current)
 **********************************************************************************************************************************


 Program * Restricted Hartree-Fock

 Molecular orbitals read from record     2100.2  Type=RHF/CANONICAL  

 Present basis size:       60   41   31   21
 Previous basis size:      34   21   15    9
 Previous occupation:       3    1    0    0
 Previous closed-shells:    3    1    0    0
 Previous core-orbitals:    1    0    0    0
 Present occupation:        3    1    0    0
 Present closed-shells:     3    1    0    0
 Present core-orbitals:     1    0    0    0
 Wavefunction symmetry:    1   Singlet 

 Orbital overlap <old|new>:  < 1.1| 1.1> = 1.000000   < 2.1| 2.1> = 0.999996   < 3.1| 3.1> = 0.999993   < 1.2| 1.2> = 0.999993


 Initial occupancy:   3   1   0   0

 NELEC=    8   SYM=1   MS2= 0   THRE=1.0D-12   THRD=1.0D-06   THRG=1.0D-06  HFMA2=F  DIIS_START=2   DIIS_MAX=10   DIIS_INCORE=F

 Level shifts:    0.00 (CLOSED)    0.00 (OPEN)    0.30 (GAP_MIN)

 ITER           ETOT              DE          GRAD        DDIFF     DIIS  NEXP   TIME(IT)  TIME(TOT)  DIAG
   1      -26.40188042     -26.40188042     0.00D+00     0.19D-01     0     0       0.01      0.02    start
   2      -26.40237415      -0.00049374     0.46D-02     0.36D-02     1     0       0.00      0.02    diag
   3      -26.40237582      -0.00000167     0.16D-03     0.21D-03     2     0       0.01      0.03    diag
   4      -26.40237584      -0.00000001     0.91D-05     0.96D-05     3     0       0.00      0.03    diag
   5      -26.40237584      -0.00000000     0.10D-05     0.12D-05     4     0       0.01      0.04    diag
   6      -26.40237584      -0.00000000     0.19D-06     0.14D-06     5     0       0.01      0.05    diag
   7      -26.40237584      -0.00000000     0.21D-07     0.27D-07     6     0       0.00      0.05    diag
   8      -26.40237584       0.00000000     0.43D-08     0.49D-08     0     0       0.01      0.06    fixocc

 Final occupancy:   3   1   0   0

 !RHF STATE 1.1 Energy                -26.402375837587
  RHF One-electron energy             -49.074779405742
  RHF Two-electron energy              15.224247627445
  RHF Kinetic energy                   26.393873332098
  RHF Nuclear energy                    7.448155940711
  RHF Virial quotient                  -1.000322139361

 !RHF STATE 1.1 Dipole moment           0.00000000    -0.00000982     0.00000000
 Dipole moment /Debye                   0.00000000    -0.00002495     0.00000000

 Orbital energies:

           1.1          2.1          3.1          4.1          5.1
     -7.610806    -0.704729    -0.498803     0.055055     0.108116

           1.2          2.2          3.2
     -0.498804     0.108116     0.146110

           1.3          2.3
      0.046558     0.156079

           1.4          2.4
      0.156079     0.493259


 HOMO      3.1    -0.498803 =     -13.5731eV
 LUMO      1.3     0.046558 =       1.2669eV
 LUMO-HOMO         0.545361 =      14.8400eV

 Orbitals saved in record  2101.2


 **********************************************************************************************************************************
 DATASETS  * FILE   NREC   LENGTH (MB)   RECORD NAMES
              1      18       28.89       500      610      700      900      950      970     1001      129      960     1100   
                                          VAR    BASINP    GEOM    SYMINP    ZMAT    AOBASIS   BASIS     P2S    ABASIS      S 
                                         1400     1410     1200     1210     1080     1600     1650     1700   
                                           T        V       H0       H01     AOSYM     SMH    MOLCAS    OPER   

              2       6        0.69       700     1000      520     2100     1001     2101   
                                         GEOM     BASIS   MCVARS     RHF     BASIS     RHF  

 PROGRAMS   *        TOTAL    HF-SCF       INT       MP2    HF-SCF       INT
 CPU TIMES  *         1.88      0.09      1.20      0.04      0.05      0.34
 REAL TIME  *         3.47 SEC
 DISK USED  *        30.03 MB (local),      610.39 MB (total)
 SF USED    *         0.43 MB
 GA USED    *         0.00 MB       (max)       0.00 MB       (current)
 **********************************************************************************************************************************
 SETTING ENERHFHI       =       -26.40237584  AU                              


 PROGRAM * MP2 (Closed-shell)     Authors: C. Hampel, H.-J. Werner, 1991, M. Deegan, P.J. Knowles, 1992


 Convergence thresholds:  THRVAR = 1.00D-15  THRDEN = 1.00D-11

 Number of core orbitals:           1 (   1   0   0   0 )
 Number of closed-shell orbitals:   3 (   2   1   0   0 )
 Number of external orbitals:     149 (  57  40  31  21 )

 Molecular orbitals read from record     2101.2  Type=RHF/CANONICAL (state 1.1)

 Number of N-1 electron functions:               3
 Number of N-2 electron functions:               6
 Number of singly external CSFs:               154
 Number of doubly external CSFs:             27575
 Total number of CSFs:                       27730

 Length of J-op  integral file:               0.00 MB
 Length of K-op  integral file:               0.46 MB

 Integral transformation finished. Total CPU:   0.01 sec, npass=  1  Memory used:   0.15 MW

 Memory needed for MP2:                      0.03 MW

 SCS-MP2 correlation energy:           -0.133918815823   (PS=  1.200000  PT=  0.333333)
 SCS-MP2 total energy:                -26.536294653410


  Reference energy                    -26.402375837586
  MP2 singlet pair energy              -0.102448885076
  MP2 triplet pair energy              -0.017646675640
  MP2 correlation energy               -0.120095560716

 !MP2 total energy                    -26.522471398303


 **********************************************************************************************************************************
 DATASETS  * FILE   NREC   LENGTH (MB)   RECORD NAMES
              1      19       29.45       500      610      700      900      950      970     1001      129      960     1100   
                                          VAR    BASINP    GEOM    SYMINP    ZMAT    AOBASIS   BASIS     P2S    ABASIS      S 
                                         1400     1410     1200     1210     1080     1600     1650     1700     1380   
                                           T        V       H0       H01     AOSYM     SMH    MOLCAS    OPER     JKOP   

              2       6        0.69       700     1000      520     2100     1001     2101   
                                         GEOM     BASIS   MCVARS     RHF     BASIS     RHF  

 PROGRAMS   *        TOTAL       MP2    HF-SCF       INT       MP2    HF-SCF       INT
 CPU TIMES  *         1.94      0.05      0.09      1.20      0.04      0.05      0.34
 REAL TIME  *         3.54 SEC
 DISK USED  *        30.19 MB (local),      611.70 MB (total)
 SF USED    *         1.54 MB
 GA USED    *         0.00 MB       (max)       0.00 MB       (current)
 **********************************************************************************************************************************
 SETTING E2HI           =        -0.12009556  AU                              
 SETTING BASIS          =    DEF2-TZVP


 Recomputing integrals since basis changed


 Using spherical harmonics

 Library entry B      S def2-TZVP            selected for orbital group  1
 Library entry B      P def2-TZVP            selected for orbital group  1
 Library entry B      D def2-TZVP            selected for orbital group  1
 Library entry B      F def2-TZVP            selected for orbital group  1
 Library entry H      S def2-TZVP            selected for orbital group  2
 Library entry H      P def2-TZVP            selected for orbital group  2


 PROGRAM * SEWARD (Integral evaluation for generally contracted gaussian basis sets)     Author: Roland Lindh, 1990

 Geometry written to block  1 of record 700


 Point group  C2v 



 ATOMIC COORDINATES

 NR  ATOM    CHARGE       X              Y              Z

   1  B       5.00    0.000000000   -0.000002863    0.000000000
   2  H       1.00    0.000000000    2.246493920    0.000000000
   3  H       1.00    1.945478324   -1.123245529    0.000000000
   4  H       1.00   -1.945478324   -1.123245529    0.000000000

 Bond lengths in Bohr (Angstrom)

 1-2  2.246496783  1-3  2.246454984  1-4  2.246454984
     ( 1.188794902)     ( 1.188772783)     ( 1.188772783)

 Bond angles

  2-1-3  120.00044688   2-1-4  120.00044688   3-1-4  119.99910623

 NUCLEAR CHARGE:                    8
 NUMBER OF PRIMITIVE AOS:          75
 NUMBER OF SYMMETRY AOS:           70
 NUMBER OF CONTRACTIONS:           49   (   23A1  +   13B1  +    9B2  +    4A2  )
 NUMBER OF INNER CORE ORBITALS:     0   (    0A1  +    0B1  +    0B2  +    0A2  )
 NUMBER OF OUTER CORE ORBITALS:     1   (    1A1  +    0B1  +    0B2  +    0A2  )
 NUMBER OF VALENCE ORBITALS:        7   (    4A1  +    2B1  +    1B2  +    0A2  )


 NUCLEAR REPULSION ENERGY    7.44815594

 Eigenvalues of metric

         1 0.885E-02 0.963E-02 0.109E-01 0.200E-01 0.382E-01 0.143E+00 0.160E+00 0.195E+00
         2 0.963E-02 0.200E-01 0.160E+00 0.183E+00 0.195E+00 0.349E+00 0.543E+00 0.657E+00
         3 0.142E+00 0.313E+00 0.400E+00 0.473E+00 0.738E+00 0.118E+01 0.134E+01 0.203E+01
         4 0.313E+00 0.473E+00 0.118E+01 0.203E+01


 Contracted 2-electron integrals neglected if value below      1.0D-18
 AO integral compression algorithm  1   Integral accuracy      1.0D-18

     3.408 MB (compressed) written to integral file (100.0%)

     Node minimum: 0.262 MB, node maximum: 0.524 MB


 NUMBER OF SORTED TWO-ELECTRON INTEGRALS:      25750.     BUFFER LENGTH:  32768
 NUMBER OF SEGMENTS:   1  SEGMENT LENGTH:      25750      RECORD LENGTH: 524288

 Memory used in sort:       0.58 MW

 SORT1 READ      260219. AND WROTE       23530. INTEGRALS IN      1 RECORDS. CPU TIME:     0.01 SEC, REAL TIME:     0.01 SEC
 SORT2 READ      192918. AND WROTE      213047. INTEGRALS IN      8 RECORDS. CPU TIME:     0.00 SEC, REAL TIME:     0.01 SEC

 Node minimum:       24751.  Node maximum:       29025. integrals

 OPERATOR DM      FOR CENTER  0  COORDINATES:    0.000000    0.000000    0.000000


 **********************************************************************************************************************************
 DATASETS  * FILE   NREC   LENGTH (MB)   RECORD NAMES
              1      18       28.64       500      610      700      900      950      970     1002      129      960     1100   
                                          VAR    BASINP    GEOM    SYMINP    ZMAT    AOBASIS   BASIS     P2S    ABASIS      S 
                                         1400     1410     1200     1210     1080     1600     1650     1700   
                                           T        V       H0       H01     AOSYM     SMH    MOLCAS    OPER   

              2       7        0.78       700     1000      520     2100     1001     2101     1002   
                                         GEOM     BASIS   MCVARS     RHF     BASIS     RHF     BASIS   

 PROGRAMS   *        TOTAL       INT       MP2    HF-SCF       INT       MP2    HF-SCF       INT
 CPU TIMES  *         2.35      0.41      0.05      0.09      1.20      0.04      0.05      0.34
 REAL TIME  *         5.71 SEC
 DISK USED  *        30.19 MB (local),      611.70 MB (total)
 SF USED    *         1.54 MB
 GA USED    *         0.00 MB       (max)       0.00 MB       (current)
 **********************************************************************************************************************************


 Program * Restricted Hartree-Fock

 Molecular orbitals read from record     2101.2  Type=RHF/CANONICAL (state 1.1)

 Present basis size:       23   13    9    4
 Previous basis size:      60   41   31   21
 Previous occupation:       3    1    0    0
 Previous closed-shells:    3    1    0    0
 Previous core-orbitals:    1    0    0    0
 Present occupation:        3    1    0    0
 Present closed-shells:     3    1    0    0
 Present core-orbitals:     1    0    0    0
 Wavefunction symmetry:    1   Singlet 

 Orbital overlap <old|new>:  < 1.1| 1.1> = 0.999999   < 2.1| 2.1> = 0.999982   < 3.1| 3.1> = 0.999982   < 1.2| 1.2> = 0.999982


 Initial occupancy:   3   1   0   0

 NELEC=    8   SYM=1   MS2= 0   THRE=1.0D-12   THRD=1.0D-06   THRG=1.0D-06  HFMA2=F  DIIS_START=2   DIIS_MAX=10   DIIS_INCORE=F

 Level shifts:    0.00 (CLOSED)    0.00 (OPEN)    0.30 (GAP_MIN)

 ITER           ETOT              DE          GRAD        DDIFF     DIIS  NEXP   TIME(IT)  TIME(TOT)  DIAG
   1      -26.40017192     -26.40017192     0.00D+00     0.68D-01     0     0       0.00      0.01    start
   2      -26.40021070      -0.00003878     0.19D-02     0.55D-03     1     0       0.00      0.01    diag
   3      -26.40021085      -0.00000014     0.69D-04     0.65D-04     2     0       0.00      0.01    diag
   4      -26.40021085      -0.00000000     0.51D-05     0.10D-04     3     0       0.00      0.01    diag
   5      -26.40021085      -0.00000000     0.77D-06     0.12D-05     4     0       0.00      0.01    diag
   6      -26.40021085      -0.00000000     0.17D-06     0.26D-06     5     0       0.00      0.01    diag
   7      -26.40021085      -0.00000000     0.27D-07     0.42D-07     6     0       0.00      0.01    diag
   8      -26.40021085      -0.00000000     0.25D-08     0.26D-08     0     0       0.00      0.01    fixocc

 Final occupancy:   3   1   0   0

 !RHF STATE 1.1 Energy                -26.400210848625
  RHF One-electron energy             -49.070909207479
  RHF Two-electron energy              15.222542418144
  RHF Kinetic energy                   26.390135355201
  RHF Nuclear energy                    7.448155940711
  RHF Virial quotient                  -1.000381790138

 !RHF STATE 1.1 Dipole moment           0.00000000    -0.00000965     0.00000000
 Dipole moment /Debye                   0.00000000    -0.00002453     0.00000000

 Orbital energies:

           1.1          2.1          3.1          4.1          5.1
     -7.610941    -0.704604    -0.498683     0.137968     0.169551

           1.2          2.2          3.2
     -0.498684     0.169550     0.288493

           1.3          2.3
      0.054183     0.284486

           1.4          2.4
      0.527159     1.742654


 HOMO      3.1    -0.498683 =     -13.5699eV
 LUMO      1.3     0.054183 =       1.4744eV
 LUMO-HOMO         0.552866 =      15.0443eV

 Orbitals saved in record  2102.2


 **********************************************************************************************************************************
 DATASETS  * FILE   NREC   LENGTH (MB)   RECORD NAMES
              1      18       28.64       500      610      700      900      950      970     1002      129      960     1100   
                                          VAR    BASINP    GEOM    SYMINP    ZMAT    AOBASIS   BASIS     P2S    ABASIS      S 
                                         1400     1410     1200     1210     1080     1600     1650     1700   
                                           T        V       H0       H01     AOSYM     SMH    MOLCAS    OPER   

              2       8        0.89       700     1000      520     2100     1001     2101     1002     2102   
                                         GEOM     BASIS   MCVARS     RHF     BASIS     RHF     BASIS     RHF  

 PROGRAMS   *        TOTAL    HF-SCF       INT       MP2    HF-SCF       INT       MP2    HF-SCF       INT
 CPU TIMES  *         2.45      0.09      0.41      0.05      0.09      1.20      0.04      0.05      0.34
 REAL TIME  *         5.98 SEC
 DISK USED  *        30.19 MB (local),      611.70 MB (total)
 SF USED    *         1.54 MB
 GA USED    *         0.00 MB       (max)       0.00 MB       (current)
 **********************************************************************************************************************************


 PROGRAM * CCSD (Closed-shell coupled cluster)     Authors: C. Hampel, H.-J. Werner, 1991, M. Deegan, P.J. Knowles, 1992


 Convergence thresholds:  THRVAR = 1.00D-15  THRDEN = 1.00D-11

 CCSD(T)     terms to be evaluated (factor= 1.000)


 Number of core orbitals:           1 (   1   0   0   0 )
 Number of closed-shell orbitals:   3 (   2   1   0   0 )
 Number of external orbitals:      45 (  20  12   9   4 )

 Molecular orbitals read from record     2102.2  Type=RHF/CANONICAL (state 1.1)

 Number of N-1 electron functions:               3
 Number of N-2 electron functions:               6
 Number of singly external CSFs:                52
 Number of doubly external CSFs:              2774
 Total number of CSFs:                        2827

 Length of J-op  integral file:               0.00 MB
 Length of K-op  integral file:               0.05 MB
 Length of 3-ext integral record:             0.00 MB

 Memory could be reduced to 0.20 Mwords without degradation in triples

 Integral transformation finished. Total CPU:   0.00 sec, npass=  1  Memory used:   0.10 MW

 Reference energy:                    -26.40021085

 MP2 singlet pair energy:              -0.08937995
 MP2 triplet pair energy:              -0.01656822
 MP2 correlation energy:               -0.10594817
 MP2 total energy:                    -26.50615901

 SCS-MP2 correlation energy:           -0.11756505   (PS=  1.200000  PT=  0.333333)
 SCS-MP2 total energy:                -26.51777590

 ITER.      SQ.NORM     CORR.ENERGY   TOTAL ENERGY   ENERGY CHANGE        DEN1      VAR(S)    VAR(P)  DIIS     TIME  TIME/IT
   1      1.05267989    -0.12743295   -26.52764380    -0.02148479    -0.01602321  0.19D-03  0.14D-02  1  1     0.01     0.00
   2      1.06049153    -0.12906111   -26.52927196    -0.00162816    -0.00664752  0.47D-05  0.40D-04  2  2     0.02     0.00
   3      1.06141249    -0.12907496   -26.52928581    -0.00001385    -0.00039021  0.11D-05  0.21D-05  3  3     0.02     0.00
   4      1.06160050    -0.12908510   -26.52929595    -0.00001014    -0.00005957  0.83D-07  0.15D-06  4  4     0.02     0.00
   5      1.06164303    -0.12908389   -26.52929474     0.00000121    -0.00001410  0.39D-08  0.11D-07  5  5     0.02     0.00
   6      1.06164580    -0.12908276   -26.52929361     0.00000113    -0.00000043  0.13D-09  0.11D-08  6  6     0.02     0.00
   7      1.06164574    -0.12908297   -26.52929382    -0.00000021     0.00000026  0.15D-10  0.93D-10  6  1     0.03     0.00
   8      1.06164562    -0.12908298   -26.52929383    -0.00000001     0.00000004  0.17D-11  0.58D-11  6  2     0.03     0.00
   9      1.06164565    -0.12908297   -26.52929382     0.00000000    -0.00000005  0.29D-12  0.37D-12  6  3     0.03     0.00
  10      1.06164565    -0.12908297   -26.52929382     0.00000000    -0.00000002  0.17D-13  0.19D-13  6  4     0.03     0.00
  11      1.06164565    -0.12908297   -26.52929382    -0.00000000    -0.00000000  0.14D-14  0.16D-14  6  5     0.03     0.00
  12      1.06164565    -0.12908297   -26.52929382    -0.00000000    -0.00000000  0.75D-16  0.13D-15  6  6     0.04     0.00
  13      1.06164566    -0.12908297   -26.52929382     0.00000000    -0.00000000  0.57D-17  0.10D-16  6  1     0.04     0.00
  14      1.06164566    -0.12908297   -26.52929382     0.00000000    -0.00000000  0.57D-18  0.11D-17  6  2     0.04     0.00
  15      1.06164566    -0.12908297   -26.52929382     0.00000000    -0.00000000  0.23D-19  0.10D-18  6  3     0.04     0.00
  16      1.06164566    -0.12908297   -26.52929382     0.00000000     0.00000000  0.13D-20  0.13D-19  6  4     0.04     0.00

 Norm of t1 vector:      0.02374498      S-energy:    -0.00000000      T1 diagnostic:  0.00685459
                                                                       D1 diagnostic:  0.00994617
                                                                       D2 diagnostic:  0.13857225 (internal)


 Total CPU time for triples:      0.01 sec


 RESULTS
 =======

  Reference energy                    -26.400210848625
  CCSD singlet pair energy             -0.111147785599
  CCSD triplet pair energy             -0.017935188657
  CCSD correlation energy              -0.129082974266

  Triples (T) contribution             -0.002306412783
  Total correlation energy             -0.131389387049

  CCSD total energy                   -26.529293822891
  CCSD[T] energy                      -26.531654713668
  CCSD-T energy                       -26.531571087108
 !CCSD(T) total energy                -26.531600235674

 Timing summary (sec):

 STEP                 CPU(USER)    SYS     CPU(TOT)    WALL
 CCSD iterations         0.04      0.01      0.05      0.03
 Triples                 0.01      0.00      0.01      0.01

 Program statistics:

 Available memory in ccsd:              1499999955
 Min. memory needed in ccsd:                 19187
 Max. memory used in ccsd:                   20647
 Max. memory used in cckext:                 53607 (16 integral passes)



 **********************************************************************************************************************************
 DATASETS  * FILE   NREC   LENGTH (MB)   RECORD NAMES
              1      19       29.00       500      610      700      900      950      970     1002      129      960     1100   
                                          VAR    BASINP    GEOM    SYMINP    ZMAT    AOBASIS   BASIS     P2S    ABASIS      S 
                                         1400     1410     1200     1210     1080     1600     1650     1700     1380   
                                           T        V       H0       H01     AOSYM     SMH    MOLCAS    OPER     JKOP   

              2       8        0.89       700     1000      520     2100     1001     2101     1002     2102   
                                         GEOM     BASIS   MCVARS     RHF     BASIS     RHF     BASIS     RHF  

 PROGRAMS   *        TOTAL   CCSD(T)    HF-SCF       INT       MP2    HF-SCF       INT       MP2    HF-SCF       INT
 CPU TIMES  *         2.54      0.07      0.09      0.41      0.05      0.09      1.20      0.04      0.05      0.34
 REAL TIME  *         6.08 SEC
 DISK USED  *        30.27 MB (local),      611.77 MB (total)
 SF USED    *         1.54 MB
 GA USED    *         0.00 MB       (max)       0.00 MB       (current)
 **********************************************************************************************************************************
 SETTING EHLC           =        -0.02661381  AU                              
 SETTING CUE            =         0.19592957                                  
 SETTING EHFCBS         =       -26.40278351  AU                              
 SETTING E2CBS          =        -0.12392031  AU                              
 SETTING ETOTAL         =       -26.55331762  AU                              


 PROGRAM * OPT (Geometry optimization)     Authors: F. Eckert and H.-J. Werner


 Using mppx in numerical gradients

 BFGS update of hessian

 Geometry optimization using start command=LABEL1

 Optimizing variable ETOTAL; current value:    -26.55331762 AU

 Geometry written to block  1 of record 700

 *** Long output written to logfile /gpfs01/work/emmanous/6Frequencies/implementation/MOLPRO/G4-T'/EXAMPLE_BH3/bh3.opt.log ***


 Generated   3 symmetrical displacements

 Making model hessian for cartesian coordinates

 Entering Rational Function Geometry Optimization

 ITER.   ENERGY(OLD)    ENERGY(NEW)      DE          GRADMAX     GRADNORM    GRADRMS     STEPMAX     STEPLEN     STEPRMS   CPU-time
   1   -26.55331762   -26.55331763    -0.00000000  0.00003546  0.00003663  0.00000610  0.00010133  0.00010657  0.00005328      9.95
   2   -26.55331763   -26.55331763    -0.00000000  0.00001000  0.00001030  0.00000172  0.00004078  0.00004581  0.00002290     21.82
   3   -26.55331763   -26.55331763    -0.00000000  0.00000071  0.00000080  0.00000013  0.00001158  0.00001160  0.00000580     30.53

 END OF GEOMETRY OPTIMIZATION.

 Geometry written to block  1 of record 700

 Current geometry (xyz format, in Angstrom)

    4
 CCSD(T)/DEF2-TZVP  ENERGY=-26.55331763
 B          0.0000000000       -0.0000114383        0.0000000000
 H          0.0000000000        1.1887488537        0.0000000000
 H          1.0294693386       -0.5943687076        0.0000000000
 H         -1.0294693386       -0.5943687076        0.0000000000

 **********************************************************************************************************************************


 **********************************************************************************************************************************
 DATASETS  * FILE   NREC   LENGTH (MB)   RECORD NAMES
              1      19       29.00       500      610      700      900      950      970     1002      129      960     1100   
                                          VAR    BASINP    GEOM    SYMINP    ZMAT    AOBASIS   BASIS     P2S    ABASIS      S 
                                         1400     1410     1200     1210     1080     1600     1650     1700     1380   
                                           T        V       H0       H01     AOSYM     SMH    MOLCAS    OPER     JKOP   

              2      11        1.25       700     1000      520     2100     1001     2101     1002     2102     5600     2103   
                                         GEOM     BASIS   MCVARS     RHF     BASIS     RHF     BASIS     RHF     GINFO     RHF  
                                         2104   
                                          RHF  

 PROGRAMS   *        TOTAL      OPTG   CCSD(T)    HF-SCF       INT       MP2    HF-SCF       INT       MP2    HF-SCF       INT
 CPU TIMES  *        33.10     30.53      0.07      0.09      0.41      0.05      0.09      1.20      0.04      0.05      0.34
 REAL TIME  *        51.37 SEC
 DISK USED  *       409.01 MB (local),        3.56 GB (total)
 SF USED    *         1.54 MB
 GA USED    *         0.00 MB       (max)       0.00 MB       (current)
 **********************************************************************************************************************************

 CCSD(T)/DEF2-TZVP//CCSD(T)/DEF2-TZVP energy=    -26.531599739633

   OPTG(CCSD(T))         CCSD(T)          HF-SCF             MP2          HF-SCF             MP2          HF-SCF
    -26.55331763    -26.53160024    -26.40021085    -26.52247140    -26.40237584    -26.51404302    -26.40070282
 **********************************************************************************************************************************
 Molpro calculation terminated
