 Cartesian Coordinates are in [bohr]
 Creating new Variables:
 BX1               0.00000000
 BY1              -0.00002162
 BZ1               0.00000000
 HX2               0.00000000
 HY2               2.24640976
 HZ2               0.00000000
 HX3               1.94541510
 HY3              -1.12319407
 HZ3               0.00000000
 HX4              -1.94541510
 HY4              -1.12319407
 HZ4               0.00000000
 Task   1   Incrementing variable BX1   by    0.010 BOH (Skipping negative increment due to symmetry).
 Task   2   Incrementing variable BY1   by    0.010 BOH
 Task   3   Incrementing variable BY1   by   -0.010 BOH
 Task   4   Incrementing variable BZ1   by    0.010 BOH (Skipping negative increment due to symmetry).
 Task   5   Incrementing variable HX2   by    0.010 BOH (Skipping negative increment due to symmetry).
 Task   6   Incrementing variable HY2   by    0.010 BOH
 Task   7   Incrementing variable HY2   by   -0.010 BOH
 Task   8   Incrementing variable HZ2   by    0.010 BOH (Skipping negative increment due to symmetry).
 Task   9   Incrementing variable HX3   by    0.010 BOH
 Task  10   Incrementing variable HX3   by   -0.010 BOH
 Task  11   Incrementing variable HY3   by    0.010 BOH
 Task  12   Incrementing variable HY3   by   -0.010 BOH
 Task  13   Incrementing variable HZ3   by    0.010 BOH (Skipping negative increment due to symmetry).

 Switching to mppx mode, nproc=  8

 Starting task   1.  CPU=     0.01 sec, Elapsed=     0.00 sec
 Incrementing variable BX1              by  0.010000 BOH   to    0.010000 BOH


 Using spherical harmonics

 Library entry B      S def2-TZVP            selected for orbital group  1
 Library entry B      P def2-TZVP            selected for orbital group  1
 Library entry B      D def2-TZVP            selected for orbital group  1
 Library entry B      F def2-TZVP            selected for orbital group  1
 Library entry H      S def2-TZVP            selected for orbital group  2
 Library entry H      P def2-TZVP            selected for orbital group  2


 PROGRAM * SEWARD (Integral evaluation for generally contracted gaussian basis sets)     Author: Roland Lindh, 1990

 Geometry written to block  1 of record 702


 Point group  Cs  



 ATOMIC COORDINATES

 NR  ATOM    CHARGE       X              Y              Z

   1  B       5.00    0.010000000   -0.000021615    0.000000000
   2  H       1.00    0.000000000    2.246409764    0.000000000
   3  H       1.00    1.945415104   -1.123194074    0.000000000
   4  H       1.00   -1.945415104   -1.123194074    0.000000000

 Bond lengths in Bohr (Angstrom)

 1-2  2.246453637  1-3  2.237710436  1-4  2.255030953
     ( 1.188772070)     ( 1.184145367)     ( 1.193310990)

 Bond angles

  2-1-3  120.38277529   2-1-4  119.61761275   3-1-4  119.99961196

 NUCLEAR CHARGE:                    8
 NUMBER OF PRIMITIVE AOS:          75
 NUMBER OF SYMMETRY AOS:           70
 NUMBER OF CONTRACTIONS:           49   (   36A'  +   13A"  )
 NUMBER OF INNER CORE ORBITALS:     0   (    0A'  +    0A"  )
 NUMBER OF OUTER CORE ORBITALS:     1   (    1A'  +    0A"  )
 NUMBER OF VALENCE ORBITALS:        7   (    6A'  +    1A"  )

 SYMMETRY CHANGED: INITIALIZING OCCUPATION


 NUCLEAR REPULSION ENERGY    7.44845992


 Eigenvalues of metric

         1 0.884E-02 0.959E-02 0.968E-02 0.110E-01 0.198E-01 0.202E-01 0.382E-01 0.143E+00
         2 0.142E+00 0.313E+00 0.314E+00 0.400E+00 0.473E+00 0.474E+00 0.738E+00 0.118E+01


 Contracted 2-electron integrals neglected if value below      1.0D-18
 AO integral compression algorithm  1   Integral accuracy      1.0D-18

     3.932 MB (compressed) written to integral file ( 96.1%)


 NUMBER OF SORTED TWO-ELECTRON INTEGRALS:     408115.     BUFFER LENGTH:  32768
 NUMBER OF SEGMENTS:   1  SEGMENT LENGTH:     408115      RECORD LENGTH: 524288

 Memory used in sort:       0.97 MW

 SORT1 READ      477599. AND WROTE      355811. INTEGRALS IN      2 RECORDS. CPU TIME:     0.00 SEC, REAL TIME:     0.00 SEC
 SORT2 READ      355811. AND WROTE      408115. INTEGRALS IN     15 RECORDS. CPU TIME:     0.02 SEC, REAL TIME:     0.02 SEC

 FILE SIZES:   FILE 1:    34.2 MBYTE,  FILE 4:     8.4 MBYTE,   TOTAL:     42.7 MBYTE

 OPERATOR DM      FOR CENTER  0  COORDINATES:    0.000000    0.000000    0.000000

 Program * Restricted Hartree-Fock

 Molecular orbitals read from record     2100.2  Type=RHF/CANONICAL  

 Present basis size:       36   13
 Previous basis size:      23   13    9    4
 Previous occupation:       3    1    0    0
 Previous closed-shells:    3    1    0    0
 Previous core-orbitals:    1    0    0    0
 Present occupation:        4    0
 Present closed-shells:     4    0
 Present core-orbitals:     1    0
 Wavefunction symmetry:    1   Singlet 

 Orbital overlap <old|new>:  < 1.1| 1.1> = 0.999731   < 2.1| 2.1> = 0.999987   < 3.1| 3.1> = 1.000000   < 1.2| 4.1> = 0.999999


 NELEC=    8   SYM=1   MS2= 0   THRE=1.0D-12   THRD=1.0D-07   THRG=1.0D-07  HFMA2=F  DIIS_START=2   DIIS_MAX=10   DIIS_INCORE=F

 Level shifts:    0.00 (CLOSED)    0.00 (OPEN)    0.30 (GAP_MIN)

 ITER           ETOT              DE          GRAD        DDIFF     DIIS  NEXP   TIME(IT)  TIME(TOT)  DIAG
   1      -26.39710872     -26.39710872     0.00D+00     0.51D-01     0     0       0.01      0.01    start
   2      -26.40015701      -0.00304829     0.10D-01     0.21D-02     1     0       0.00      0.01    diag
   3      -26.40018838      -0.00003136     0.85D-03     0.20D-03     2     0       0.00      0.01    diag
   4      -26.40018906      -0.00000068     0.63D-04     0.33D-04     3     0       0.00      0.01    diag
   5      -26.40018910      -0.00000004     0.11D-04     0.90D-05     4     0       0.00      0.01    diag
   6      -26.40018910      -0.00000000     0.11D-05     0.15D-05     5     0       0.01      0.02    diag
   7      -26.40018910      -0.00000000     0.21D-06     0.39D-06     6     0       0.00      0.02    diag
   8      -26.40018910      -0.00000000     0.28D-07     0.54D-07     7     0       0.00      0.02    fixocc
   9      -26.40018910      -0.00000000     0.50D-08     0.37D-08     0     0       0.00      0.02    diag

 Final occupancy:   4   0

 !RHF STATE 1.1 Energy                -26.400189095668
  RHF One-electron energy             -49.071439062157
  RHF Two-electron energy              15.222790043020
  RHF Kinetic energy                   26.390314756560
  RHF Nuclear energy                    7.448459923469
  RHF Virial quotient                  -1.000374165265

 !RHF STATE 1.1 Dipole moment           0.00636787    -0.00000251     0.00000000
 Dipole moment /Debye                   0.01618550    -0.00000639     0.00000000

 Orbital energies:

           1.1          2.1          3.1          4.1          5.1          6.1
     -7.610930    -0.704621    -0.500056    -0.497323     0.137961     0.169375

           1.2          2.2
      0.054184     0.284485


 HOMO      4.1    -0.497323 =     -13.5329eV
 LUMO      1.2     0.054184 =       1.4744eV
 LUMO-HOMO         0.551507 =      15.0073eV

 Orbitals saved in record  2101.1


 **********************************************************************************************************************************
 DATASETS  * FILE   NREC   LENGTH (MB)   RECORD NAMES
              1      21       31.84       500      610      700      702      900      950      970     1001      129      960   
                                          VAR    BASINP    GEOM     GEOM    SYMINP    ZMAT    AOBASIS   BASIS     P2S    ABASIS    
                                         1100     1400     1410     1200     1210     1080     1600     1650     1300     1700   
                                           S        T        V       H0       H01     AOSYM     SMH    MOLCAS    ERIS     OPER   
                                         2101   
                                          RHF  

              2       9        0.93       700     1000      520     2100     4100      701     5500      702     1001   
                                         GEOM     BASIS   MCVARS     RHF     CPHF     GEOM     HINFO    GEOM     BASIS   

 PROGRAMS   *        TOTAL    HF-SCF       MP2    HF-SCF       INT
 CPU TIMES  *         0.94      0.46      0.04      0.02      0.28
 REAL TIME  *         2.94 SEC
 DISK USED  *        41.65 MB
 SF USED    *         0.28 MB
 **********************************************************************************************************************************


 PROGRAM * MP2 (Closed-shell)     Authors: C. Hampel, H.-J. Werner, 1991, M. Deegan, P.J. Knowles, 1992


 Convergence thresholds:  THRVAR = 1.00D-16  THRDEN = 1.00D-12

 Number of core orbitals:           1 (   1   0 )
 Number of closed-shell orbitals:   3 (   3   0 )
 Number of external orbitals:      45 (  32  13 )

 Molecular orbitals read from record     2101.1  Type=RHF/CANONICAL (state 1.1)

 Number of N-1 electron functions:               3
 Number of N-2 electron functions:               6
 Number of singly external CSFs:                96
 Number of doubly external CSFs:              5436
 Total number of CSFs:                        5533

 Length of J-op  integral file:               0.00 MB
 Length of K-op  integral file:               0.13 MB

 Integral transformation finished. Total CPU:   0.00 sec, npass=  1  Memory used:   0.10 MW

 Memory needed for MP2:                      0.01 MW

 SCS-MP2 correlation energy:           -0.117565013974   (PS=  1.200000  PT=  0.333333)
 SCS-MP2 total energy:                -26.517754109643


  Reference energy                    -26.400189095668
  MP2 singlet pair energy              -0.089379784491
  MP2 triplet pair energy              -0.016568473797
  MP2 correlation energy               -0.105948258288

 !MP2 total energy                    -26.506137353956

 KEXT needed  1 integral passes. Memory used:   0.08 MW  CPU time:      0.00 sec


 CPHF trial vector read from record  4100.2

 Starting Coupled-perturbed Hartree-Fock, convergence threshold= 1.0D-06

 ITER   MIC  DIIS      VAR         VARC       CPU
   1     0     1    0.14D-02    0.17D-04     0.00
   2     4     2    0.61D-05    0.60D-05     0.00
   3     1     3    0.78D-06    0.97D-07     0.00

 CPHF convergence reached in  3 macroiterations and    5 microiterations.   Accuracy: 7.7769D-07

 Dipole moments (unrelaxed):            0.00626195    -0.00000245     0.00000000
 Orbital relaxation contribution:      -0.00088463    -0.00000004    -0.00000000
 !MP2 STATE 1.1 Dipole moment           0.00537732    -0.00000249     0.00000000
 Dipole moment /Debye                   0.01366778    -0.00000633     0.00000000

 CPU-time for density and lagrangian:                  0.01 sec
 CPU-time for coupled-perturbed hartree-fock:          0.00 sec

 MP2 gradient info saved on record         5200.1


 **********************************************************************************************************************************
 DATASETS  * FILE   NREC   LENGTH (MB)   RECORD NAMES
              1      23       32.07       500      610      700      702      900      950      970     1001      129      960   
                                          VAR    BASINP    GEOM     GEOM    SYMINP    ZMAT    AOBASIS   BASIS     P2S    ABASIS    
                                         1100     1400     1410     1200     1210     1080     1600     1650     1300     1700   
                                           S        T        V       H0       H01     AOSYM     SMH    MOLCAS    ERIS     OPER   
                                         2101     1380     5200   
                                          RHF     JKOP      MP2  

              2       9        0.93       700     1000      520     2100     4100      701     5500      702     1001   
                                         GEOM     BASIS   MCVARS     RHF     CPHF     GEOM     HINFO    GEOM     BASIS   

 PROGRAMS   *        TOTAL       MP2       MP2    HF-SCF       INT
 CPU TIMES  *         0.99      0.04      0.04      0.02      0.28
 REAL TIME  *         3.07 SEC
 DISK USED  *        41.65 MB
 SF USED    *         0.28 MB
 **********************************************************************************************************************************

 PROGRAM * ALASKA (Gradient of the energy)     Author: R. Lindh


 MP2      Gradient info restored from record    5200.1

 Number of core orbitals:           1 (   1   0 )
 Number of closed-shell orbitals:   3 (   3   0 )
 Number of external orbitals:      45 (  32  13 )

 Integral thresholds in T2TRAN:            1.0D-10 (PROD)

 Available memory for Transformation:1497781707 words
 Memory needed for incore algorithm:      25913 words
 Minimum memory needed:                   17552 words

 Memory used for transformation:           0.03 MW
 Available memory for gradients:        1499.76 MW

 CPU for transformation:                   0.01 sec
 CPU for integrals and gradient:           0.10 sec
 Total CPU:                                0.11 sec

 Prescreening statistics:
 ========================

 Total number of shell quadruplets:        1.54D+03
 Number of shell quadruplets processed:    1.54D+03 (100.00%)

 MP2 GRADIENT FOR STATE 1.1

 Atom          dE/dx               dE/dy               dE/dz

   1         0.004321722        -0.000053417         0.000000000
   2        -0.000417963        -0.000207192         0.000000000
   3        -0.002169555         0.001016029         0.000000000
   4        -0.001734204        -0.000755420         0.000000000

 Nuclear force contribution to virial =        -0.001561873
 Starting task  11.  CPU=     0.71 sec, Elapsed=     0.88 sec
 Incrementing variable HY3              by  0.010000 BOH   to   -1.113194 BOH


 Recomputing integrals since geometry changed


 PROGRAM * SEWARD (Integral evaluation for generally contracted gaussian basis sets)     Author: Roland Lindh, 1990

 Geometry written to block  1 of record 702


 Point group  Cs  



 ATOMIC COORDINATES

 NR  ATOM    CHARGE       X              Y              Z

   1  B       5.00    0.000000000   -0.000021615    0.000000000
   2  H       1.00    0.000000000    2.246409764    0.000000000
   3  H       1.00    1.945415104   -1.113194074    0.000000000
   4  H       1.00   -1.945415104   -1.123194074    0.000000000

 Bond lengths in Bohr (Angstrom)

 1-2  2.246431380  1-3  2.241381906  1-4  2.246365130
     ( 1.188760292)     ( 1.186088226)     ( 1.188725234)

 Bond angles

  2-1-3  119.77832165   2-1-4  119.99970236   3-1-4  120.22197599

 NUCLEAR CHARGE:                    8
 NUMBER OF PRIMITIVE AOS:          75
 NUMBER OF SYMMETRY AOS:           70
 NUMBER OF CONTRACTIONS:           49   (   36A'  +   13A"  )
 NUMBER OF INNER CORE ORBITALS:     0   (    0A'  +    0A"  )
 NUMBER OF OUTER CORE ORBITALS:     1   (    1A'  +    0A"  )
 NUMBER OF VALENCE ORBITALS:        7   (    6A'  +    1A"  )


 NUCLEAR REPULSION ENERGY    7.45394773

 Eigenvalues of metric

         1 0.884E-02 0.957E-02 0.963E-02 0.109E-01 0.199E-01 0.200E-01 0.381E-01 0.143E+00
         2 0.142E+00 0.312E+00 0.314E+00 0.399E+00 0.473E+00 0.473E+00 0.738E+00 0.118E+01


 Contracted 2-electron integrals neglected if value below      1.0D-18
 AO integral compression algorithm  1   Integral accuracy      1.0D-18

     3.408 MB (compressed) written to integral file ( 92.6%)


 NUMBER OF SORTED TWO-ELECTRON INTEGRALS:     408115.     BUFFER LENGTH:  32768
 NUMBER OF SEGMENTS:   1  SEGMENT LENGTH:     408115      RECORD LENGTH: 524288

 Memory used in sort:       0.97 MW

 SORT1 READ      477599. AND WROTE      323722. INTEGRALS IN      1 RECORDS. CPU TIME:     0.00 SEC, REAL TIME:     0.01 SEC
 SORT2 READ      323722. AND WROTE      408115. INTEGRALS IN     13 RECORDS. CPU TIME:     0.02 SEC, REAL TIME:     0.02 SEC

 FILE SIZES:   FILE 1:    33.7 MBYTE,  FILE 4:     4.2 MBYTE,   TOTAL:     37.9 MBYTE

 OPERATOR DM      FOR CENTER  0  COORDINATES:    0.000000    0.000000    0.000000

 Program * Restricted Hartree-Fock

 Molecular orbitals read from record     2100.2  Type=RHF/CANONICAL  

 Present basis size:       36   13
 Previous basis size:      23   13    9    4
 Previous occupation:       3    1    0    0
 Previous closed-shells:    3    1    0    0
 Previous core-orbitals:    1    0    0    0
 Present occupation:        4    0
 Present closed-shells:     4    0
 Present core-orbitals:     1    0
 Wavefunction symmetry:    1   Singlet 

 Orbital overlap <old|new>:  < 1.1| 1.1> = 1.000000   < 2.1| 2.1> = 1.000000   < 3.1| 3.1> = 1.000000   < 1.2| 4.1> = 1.000000


 NELEC=    8   SYM=1   MS2= 0   THRE=1.0D-12   THRD=1.0D-07   THRG=1.0D-07  HFMA2=F  DIIS_START=2   DIIS_MAX=10   DIIS_INCORE=F

 Level shifts:    0.00 (CLOSED)    0.00 (OPEN)    0.30 (GAP_MIN)

 ITER           ETOT              DE          GRAD        DDIFF     DIIS  NEXP   TIME(IT)  TIME(TOT)  DIAG
   1      -26.40016737     -26.40016737     0.00D+00     0.51D-01     0     0       0.00      0.00    start
   2      -26.40020620      -0.00003883     0.54D-03     0.13D-03     1     0       0.00      0.00    diag
   3      -26.40020751      -0.00000131     0.83D-04     0.42D-04     2     0       0.00      0.00    diag
   4      -26.40020759      -0.00000007     0.14D-04     0.13D-04     3     0       0.01      0.01    diag
   5      -26.40020759      -0.00000001     0.44D-05     0.53D-05     4     0       0.00      0.01    diag
   6      -26.40020759      -0.00000000     0.54D-06     0.77D-06     5     0       0.00      0.01    diag
   7      -26.40020759      -0.00000000     0.72D-07     0.15D-06     6     0       0.00      0.01    diag
   8      -26.40020759      -0.00000000     0.11D-07     0.18D-07     7     0       0.00      0.01    fixocc
   9      -26.40020759      -0.00000000     0.14D-08     0.17D-08     0     0       0.01      0.02    diag

 Final occupancy:   4   0

 !RHF STATE 1.1 Energy                -26.400207594345
  RHF One-electron energy             -49.082095716704
  RHF Two-electron energy              15.227940392718
  RHF Kinetic energy                   26.393217293890
  RHF Nuclear energy                    7.453947729642
  RHF Virial quotient                  -1.000264852154

 !RHF STATE 1.1 Dipole moment           0.00086115    -0.00164148     0.00000000
 Dipole moment /Debye                   0.00218881    -0.00417223     0.00000000

 Orbital energies:

           1.1          2.1          3.1          4.1          5.1          6.1
     -7.610602    -0.704818    -0.499290    -0.498398     0.137899     0.169458

           1.2          2.2
      0.054219     0.284514


 HOMO      4.1    -0.498398 =     -13.5621eV
 LUMO      1.2     0.054219 =       1.4754eV
 LUMO-HOMO         0.552617 =      15.0375eV

 Orbitals saved in record  2101.1


 **********************************************************************************************************************************
 DATASETS  * FILE   NREC   LENGTH (MB)   RECORD NAMES
              1      21       31.60       500      610      700      702      900      950      970     1001      129      960   
                                          VAR    BASINP    GEOM     GEOM    SYMINP    ZMAT    AOBASIS   BASIS     P2S    ABASIS    
                                         1100     1400     1410     1200     1210     1080     1600     1650     1300     1700   
                                           S        T        V       H0       H01     AOSYM     SMH    MOLCAS    ERIS     OPER   
                                         2101   
                                          RHF  

              2      10        0.93       700     1000      520     2100     4100      701     5500      702     1001     9001   
                                         GEOM     BASIS   MCVARS     RHF     CPHF     GEOM     HINFO    GEOM     BASIS   DEN_MP2    

 PROGRAMS   *        TOTAL    HF-SCF       MP2    HF-SCF       INT
 CPU TIMES  *         1.56      0.43      0.04      0.02      0.28
 REAL TIME  *         3.73 SEC
 DISK USED  *        41.65 MB
 SF USED    *         0.28 MB
 **********************************************************************************************************************************


 PROGRAM * MP2 (Closed-shell)     Authors: C. Hampel, H.-J. Werner, 1991, M. Deegan, P.J. Knowles, 1992


 Convergence thresholds:  THRVAR = 1.00D-16  THRDEN = 1.00D-12

 Number of core orbitals:           1 (   1   0 )
 Number of closed-shell orbitals:   3 (   3   0 )
 Number of external orbitals:      45 (  32  13 )

 Molecular orbitals read from record     2101.1  Type=RHF/CANONICAL (state 1.1)

 Number of N-1 electron functions:               3
 Number of N-2 electron functions:               6
 Number of singly external CSFs:                96
 Number of doubly external CSFs:              5436
 Total number of CSFs:                        5533

 Length of J-op  integral file:               0.00 MB
 Length of K-op  integral file:               0.13 MB

 Integral transformation finished. Total CPU:   0.00 sec, npass=  1  Memory used:   0.10 MW

 Memory needed for MP2:                      0.01 MW

 SCS-MP2 correlation energy:           -0.117559397096   (PS=  1.200000  PT=  0.333333)
 SCS-MP2 total energy:                -26.517766991441


  Reference energy                    -26.400207594345
  MP2 singlet pair energy              -0.089372793481
  MP2 triplet pair energy              -0.016572929334
  MP2 correlation energy               -0.105945722815

 !MP2 total energy                    -26.506153317159

 KEXT needed  1 integral passes. Memory used:   0.08 MW  CPU time:      0.01 sec


 CPHF trial vector read from record  4100.2

 Starting Coupled-perturbed Hartree-Fock, convergence threshold= 1.0D-06

 ITER   MIC  DIIS      VAR         VARC       CPU
   1     0     1    0.78D-03    0.80D-05     0.00
   2     4     2    0.29D-05    0.29D-05     0.00
   3     1     3    0.36D-06    0.59D-07     0.00

 CPHF convergence reached in  3 macroiterations and    5 microiterations.   Accuracy: 3.5820D-07

 Dipole moments (unrelaxed):            0.00085521    -0.00160935     0.00000000
 Orbital relaxation contribution:      -0.00013842     0.00021702    -0.00000000
 !MP2 STATE 1.1 Dipole moment           0.00071679    -0.00139233     0.00000000
 Dipole moment /Debye                   0.00182190    -0.00353896     0.00000000

 CPU-time for density and lagrangian:                  0.00 sec
 CPU-time for coupled-perturbed hartree-fock:          0.00 sec

 MP2 gradient info saved on record         5200.1


 **********************************************************************************************************************************
 DATASETS  * FILE   NREC   LENGTH (MB)   RECORD NAMES
              1      23       31.83       500      610      700      702      900      950      970     1001      129      960   
                                          VAR    BASINP    GEOM     GEOM    SYMINP    ZMAT    AOBASIS   BASIS     P2S    ABASIS    
                                         1100     1400     1410     1200     1210     1080     1600     1650     1300     1700   
                                           S        T        V       H0       H01     AOSYM     SMH    MOLCAS    ERIS     OPER   
                                         2101     1380     5200   
                                          RHF     JKOP      MP2  

              2      10        0.93       700     1000      520     2100     4100      701     5500      702     1001     9001   
                                         GEOM     BASIS   MCVARS     RHF     CPHF     GEOM     HINFO    GEOM     BASIS   DEN_MP2    

 PROGRAMS   *        TOTAL       MP2       MP2    HF-SCF       INT
 CPU TIMES  *         1.60      0.04      0.04      0.02      0.28
 REAL TIME  *         3.80 SEC
 DISK USED  *        41.65 MB
 SF USED    *         0.28 MB
 **********************************************************************************************************************************

 PROGRAM * ALASKA (Gradient of the energy)     Author: R. Lindh


 MP2      Gradient info restored from record    5200.1

 Number of core orbitals:           1 (   1   0 )
 Number of closed-shell orbitals:   3 (   3   0 )
 Number of external orbitals:      45 (  32  13 )

 Integral thresholds in T2TRAN:            1.0D-10 (PROD)

 Available memory for Transformation:1497781707 words
 Memory needed for incore algorithm:      25913 words
 Minimum memory needed:                   17552 words

 Memory used for transformation:           0.03 MW
 Available memory for gradients:        1499.76 MW

 CPU for transformation:                   0.00 sec
 CPU for integrals and gradient:           0.10 sec
 Total CPU:                                0.10 sec

 Prescreening statistics:
 ========================

 Total number of shell quadruplets:        1.54D+03
 Number of shell quadruplets processed:    1.54D+03 (100.00%)

 MP2 GRADIENT FOR STATE 1.1

 Atom          dE/dx               dE/dy               dE/dz

   1         0.000891697        -0.000945874         0.000000000
   2         0.000176836        -0.000267844         0.000000000
   3        -0.001170838         0.001014405         0.000000000
   4         0.000102304         0.000199314         0.000000000

 Nuclear force contribution to virial =        -0.004431554

 Tasks on processor    0 finished.  CPU=      1.39 sec, Elapsed=      1.61 sec. Waiting for other processors...

 Switching back to mpp mode, nproc=  8


 Recomputing wavefunction at initial geometry


 Using spherical harmonics

 Library entry B      S def2-TZVP            selected for orbital group  1
 Library entry B      P def2-TZVP            selected for orbital group  1
 Library entry B      D def2-TZVP            selected for orbital group  1
 Library entry B      F def2-TZVP            selected for orbital group  1
 Library entry H      S def2-TZVP            selected for orbital group  2
 Library entry H      P def2-TZVP            selected for orbital group  2


 PROGRAM * SEWARD (Integral evaluation for generally contracted gaussian basis sets)     Author: Roland Lindh, 1990

 Geometry written to block  1 of record 700


 Point group  C2v 



 ATOMIC COORDINATES

 NR  ATOM    CHARGE       X              Y              Z

   1  B       5.00    0.000000000   -0.000021615    0.000000000
   2  H       1.00    0.000000000    2.246409764    0.000000000
   3  H       1.00    1.945415104   -1.123194074    0.000000000
   4  H       1.00   -1.945415104   -1.123194074    0.000000000

 Bond lengths in Bohr (Angstrom)

 1-2  2.246431380  1-3  2.246365130  1-4  2.246365130
     ( 1.188760292)     ( 1.188725234)     ( 1.188725234)

 Bond angles

  2-1-3  119.99970236   2-1-4  119.99970236   3-1-4  120.00059528

 NUCLEAR CHARGE:                    8
 NUMBER OF PRIMITIVE AOS:          75
 NUMBER OF SYMMETRY AOS:           70
 NUMBER OF CONTRACTIONS:           49   (   23A1  +   13B1  +    9B2  +    4A2  )
 NUMBER OF INNER CORE ORBITALS:     0   (    0A1  +    0B1  +    0B2  +    0A2  )
 NUMBER OF OUTER CORE ORBITALS:     1   (    1A1  +    0B1  +    0B2  +    0A2  )
 NUMBER OF VALENCE ORBITALS:        7   (    4A1  +    2B1  +    1B2  +    0A2  )


 NUCLEAR REPULSION ENERGY    7.44842684

 Eigenvalues of metric

         1 0.885E-02 0.963E-02 0.109E-01 0.200E-01 0.382E-01 0.143E+00 0.160E+00 0.195E+00
         2 0.963E-02 0.200E-01 0.160E+00 0.183E+00 0.195E+00 0.349E+00 0.543E+00 0.657E+00
         3 0.142E+00 0.313E+00 0.400E+00 0.473E+00 0.738E+00 0.118E+01 0.134E+01 0.203E+01
         4 0.313E+00 0.473E+00 0.118E+01 0.203E+01


 Contracted 2-electron integrals neglected if value below      1.0D-18
 AO integral compression algorithm  1   Integral accuracy      1.0D-18

     3.408 MB (compressed) written to integral file (100.0%)

     Node minimum: 0.262 MB, node maximum: 0.524 MB


 NUMBER OF SORTED TWO-ELECTRON INTEGRALS:      25750.     BUFFER LENGTH:  32768
 NUMBER OF SEGMENTS:   1  SEGMENT LENGTH:      25750      RECORD LENGTH: 524288

 Memory used in sort:       0.58 MW

 SORT1 READ      260219. AND WROTE       23520. INTEGRALS IN      1 RECORDS. CPU TIME:     0.00 SEC, REAL TIME:     0.01 SEC
 SORT2 READ      192802. AND WROTE      213047. INTEGRALS IN      8 RECORDS. CPU TIME:     0.00 SEC, REAL TIME:     0.00 SEC

 Node minimum:       24751.  Node maximum:       29025. integrals

 OPERATOR DM      FOR CENTER  0  COORDINATES:    0.000000    0.000000    0.000000

 Program * Restricted Hartree-Fock

 Molecular orbitals read from record     2100.2  Type=RHF/CANONICAL  

 NELEC=    8   SYM=1   MS2= 0   THRE=1.0D-12   THRD=1.0D-06   THRG=1.0D-06  HFMA2=F  DIIS_START=2   DIIS_MAX=10   DIIS_INCORE=F

 Level shifts:    0.00 (CLOSED)    0.00 (OPEN)    0.30 (GAP_MIN)

 ITER           ETOT              DE          GRAD        DDIFF     DIIS  NEXP   TIME(IT)  TIME(TOT)  DIAG
   1      -26.40021092     -26.40021092     0.00D+00     0.68D-01     0     0       0.00      0.00    start
   2      -26.40021092      -0.00000000     0.93D-09     0.12D-08     1     0       0.00      0.00    diag

 Final occupancy:   3   1   0   0

 !RHF STATE 1.1 Energy                -26.400210917802
  RHF One-electron energy             -49.071432875107
  RHF Two-electron energy              15.222795118635
  RHF Kinetic energy                   26.390279430244
  RHF Nuclear energy                    7.448426838670
  RHF Virial quotient                  -1.000376331277

 !RHF STATE 1.1 Dipole moment           0.00000000    -0.00002296     0.00000000
 Dipole moment /Debye                   0.00000000    -0.00005836     0.00000000

 Orbital energies:

           1.1          2.1          3.1          4.1          5.1
     -7.610925    -0.704614    -0.498687     0.137965     0.169549

           1.2          2.2          3.2
     -0.498695     0.169548     0.288502

           1.3          2.3
      0.054185     0.284487

           1.4          2.4
      0.527160     1.742671


 HOMO      3.1    -0.498687 =     -13.5700eV
 LUMO      1.3     0.054185 =       1.4745eV
 LUMO-HOMO         0.552872 =      15.0444eV

 Orbitals saved in record  2100.2


 **********************************************************************************************************************************
 DATASETS  * FILE   NREC   LENGTH (MB)   RECORD NAMES
              1      18       28.64       500      610      700      900      950      970     1000      129      960     1100   
                                          VAR    BASINP    GEOM    SYMINP    ZMAT    AOBASIS   BASIS     P2S    ABASIS      S 
                                         1400     1410     1200     1210     1080     1600     1650     1700   
                                           T        V       H0       H01     AOSYM     SMH    MOLCAS    OPER   

              2       8        0.46       700     1000      520     2100     4100     5300     5450     5400   
                                         GEOM     BASIS   MCVARS     RHF     CPHF     HESS     NMOD     FREQ   

 PROGRAMS   *        TOTAL    HF-SCF       MP2    HF-SCF       INT
 CPU TIMES  *         2.64      0.70      0.04      0.02      0.28
 REAL TIME  *         5.16 SEC
 DISK USED  *        41.65 MB (local),      344.79 MB (total)
 SF USED    *         0.29 MB
 GA USED    *         0.00 MB       (max)       0.00 MB       (current)
 **********************************************************************************************************************************


 PROGRAM * MP2 (Closed-shell)     Authors: C. Hampel, H.-J. Werner, 1991, M. Deegan, P.J. Knowles, 1992


 Convergence thresholds:  THRVAR = 1.00D-16  THRDEN = 1.00D-12

 Number of core orbitals:           1 (   1   0   0   0 )
 Number of closed-shell orbitals:   3 (   2   1   0   0 )
 Number of external orbitals:      45 (  20  12   9   4 )

 Molecular orbitals read from record     2100.2  Type=RHF/CANONICAL (state 1.1)

 Number of N-1 electron functions:               3
 Number of N-2 electron functions:               6
 Number of singly external CSFs:                52
 Number of doubly external CSFs:              2774
 Total number of CSFs:                        2827

 Length of J-op  integral file:               0.00 MB
 Length of K-op  integral file:               0.05 MB

 Integral transformation finished. Total CPU:   0.00 sec, npass=  1  Memory used:   0.08 MW

 Memory needed for MP2:                      0.00 MW

 SCS-MP2 correlation energy:           -0.117564779135   (PS=  1.200000  PT=  0.333333)
 SCS-MP2 total energy:                -26.517775696937


  Reference energy                    -26.400210917802
  MP2 singlet pair energy              -0.089379608107
  MP2 triplet pair energy              -0.016568436545
  MP2 correlation energy               -0.105948044653

 !MP2 total energy                    -26.506158962455

 KEXT needed  1 integral passes. Memory used:   0.05 MW  CPU time:      0.00 sec


 CPHF trial vector read from record  4100.2

 Starting Coupled-perturbed Hartree-Fock, convergence threshold= 1.0D-06

 ITER   MIC  DIIS      VAR         VARC       CPU
   1     0     1    0.69D-07    0.40D-08     0.00

 CPHF convergence reached in  1 macroiterations and    0 microiterations.   Accuracy: 6.9222D-08

 CPHF solution written to record  4100.2

 Dipole moments (unrelaxed):            0.00000000    -0.00002262     0.00000000
 Orbital relaxation contribution:      -0.00000000     0.00000329    -0.00000000
 !MP2 STATE 1.1 Dipole moment           0.00000000    -0.00001933     0.00000000
 Dipole moment /Debye                   0.00000000    -0.00004914     0.00000000

 CPU-time for density and lagrangian:                  0.00 sec
 CPU-time for coupled-perturbed hartree-fock:          0.00 sec

 MP2 gradient info saved on record         5200.1


 **********************************************************************************************************************************
 DATASETS  * FILE   NREC   LENGTH (MB)   RECORD NAMES
              1      20       28.75       500      610      700      900      950      970     1000      129      960     1100   
                                          VAR    BASINP    GEOM    SYMINP    ZMAT    AOBASIS   BASIS     P2S    ABASIS      S 
                                         1400     1410     1200     1210     1080     1600     1650     1700     1380     5200   
                                           T        V       H0       H01     AOSYM     SMH    MOLCAS    OPER     JKOP      MP2  

              2       8        0.46       700     1000      520     2100     4100     5300     5450     5400   
                                         GEOM     BASIS   MCVARS     RHF     CPHF     HESS     NMOD     FREQ   

 PROGRAMS   *        TOTAL       MP2       MP2    HF-SCF       INT
 CPU TIMES  *         2.67      0.03      0.04      0.02      0.28
 REAL TIME  *         5.20 SEC
 DISK USED  *        41.65 MB (local),      344.79 MB (total)
 SF USED    *         0.29 MB
 GA USED    *         0.00 MB       (max)       0.00 MB       (current)
 **********************************************************************************************************************************
