 Cartesian Coordinates are in [bohr]
 Creating new Variables:
 BX1               0.00000000
 BY1              -0.00002162
 BZ1               0.00000000
 HX2               0.00000000
 HY2               2.24640976
 HZ2               0.00000000
 HX3               1.94541510
 HY3              -1.12319407
 HZ3               0.00000000
 HX4              -1.94541510
 HY4              -1.12319407
 HZ4               0.00000000
 Task   1   Incrementing variable BX1   by    0.010 BOH (Skipping negative increment due to symmetry).
 Task   2   Incrementing variable BY1   by    0.010 BOH
 Task   3   Incrementing variable BY1   by   -0.010 BOH
 Task   4   Incrementing variable BZ1   by    0.010 BOH (Skipping negative increment due to symmetry).
 Task   5   Incrementing variable HX2   by    0.010 BOH (Skipping negative increment due to symmetry).
 Task   6   Incrementing variable HY2   by    0.010 BOH
 Task   7   Incrementing variable HY2   by   -0.010 BOH
 Task   8   Incrementing variable HZ2   by    0.010 BOH (Skipping negative increment due to symmetry).
 Task   9   Incrementing variable HX3   by    0.010 BOH
 Task  10   Incrementing variable HX3   by   -0.010 BOH
 Task  11   Incrementing variable HY3   by    0.010 BOH
 Task  12   Incrementing variable HY3   by   -0.010 BOH
 Task  13   Incrementing variable HZ3   by    0.010 BOH (Skipping negative increment due to symmetry).

 Switching to mppx mode, nproc=  8

 Starting task   1.  CPU=     0.00 sec, Elapsed=     0.01 sec
 Incrementing variable BX1              by  0.010000 BOH   to    0.010000 BOH


 Using spherical harmonics

 Library entry B      S def2-TZVPPD          selected for orbital group  1
 Library entry B      P def2-TZVPPD          selected for orbital group  1
 Library entry B      D def2-TZVPPD          selected for orbital group  1
 Library entry B      F def2-TZVPPD          selected for orbital group  1
 Library entry H      S def2-TZVPP           selected for orbital group  2
 Library entry H      P def2-TZVPP           selected for orbital group  2
 Library entry H      D def2-TZVPP           selected for orbital group  2


 PROGRAM * SEWARD (Integral evaluation for generally contracted gaussian basis sets)     Author: Roland Lindh, 1990

 Geometry written to block  1 of record 702


 Point group  Cs  



 ATOMIC COORDINATES

 NR  ATOM    CHARGE       X              Y              Z

   1  B       5.00    0.010000000   -0.000021615    0.000000000
   2  H       1.00    0.000000000    2.246409764    0.000000000
   3  H       1.00    1.945415104   -1.123194074    0.000000000
   4  H       1.00   -1.945415104   -1.123194074    0.000000000

 Bond lengths in Bohr (Angstrom)

 1-2  2.246453637  1-3  2.237710436  1-4  2.255030953
     ( 1.188772070)     ( 1.184145367)     ( 1.193310990)

 Bond angles

  2-1-3  120.38277529   2-1-4  119.61761275   3-1-4  119.99961196

 NUCLEAR CHARGE:                    8
 NUMBER OF PRIMITIVE AOS:         109
 NUMBER OF SYMMETRY AOS:          100
 NUMBER OF CONTRACTIONS:           79   (   55A'  +   24A"  )
 NUMBER OF INNER CORE ORBITALS:     0   (    0A'  +    0A"  )
 NUMBER OF OUTER CORE ORBITALS:     1   (    1A'  +    0A"  )
 NUMBER OF VALENCE ORBITALS:        7   (    6A'  +    1A"  )

 SYMMETRY CHANGED: INITIALIZING OCCUPATION


 NUCLEAR REPULSION ENERGY    7.44845992


 Eigenvalues of metric

         1 0.197E-02 0.257E-02 0.312E-02 0.314E-02 0.671E-02 0.674E-02 0.143E-01 0.477E-01
         2 0.748E-01 0.799E-01 0.812E-01 0.224E+00 0.247E+00 0.249E+00 0.394E+00 0.395E+00


 Contracted 2-electron integrals neglected if value below      1.0D-18
 AO integral compression algorithm  1   Integral accuracy      1.0D-18

     25.166 MB (compressed) written to integral file (100.0%)


 NUMBER OF SORTED TWO-ELECTRON INTEGRALS:    2617720.     BUFFER LENGTH:  32768
 NUMBER OF SEGMENTS:   1  SEGMENT LENGTH:    2617720      RECORD LENGTH: 524288

 Memory used in sort:       3.17 MW

 SORT1 READ     3141603. AND WROTE     2489415. INTEGRALS IN      8 RECORDS. CPU TIME:     0.02 SEC, REAL TIME:     0.04 SEC
 SORT2 READ     2489415. AND WROTE     2617720. INTEGRALS IN     96 RECORDS. CPU TIME:     0.06 SEC, REAL TIME:     0.07 SEC

 FILE SIZES:   FILE 1:    55.6 MBYTE,  FILE 4:    33.6 MBYTE,   TOTAL:     89.2 MBYTE

 OPERATOR DM      FOR CENTER  0  COORDINATES:    0.000000    0.000000    0.000000

 Program * Restricted Hartree-Fock

 Molecular orbitals read from record     2100.2  Type=RHF/CANONICAL  

 Present basis size:       55   24
 Previous basis size:      34   21   15    9
 Previous occupation:       3    1    0    0
 Previous closed-shells:    3    1    0    0
 Previous core-orbitals:    1    0    0    0
 Present occupation:        4    0
 Present closed-shells:     4    0
 Present core-orbitals:     1    0
 Wavefunction symmetry:    1   Singlet 

 Orbital overlap <old|new>:  < 1.1| 1.1> = 0.999762   < 2.1| 2.1> = 0.999990   < 3.1| 3.1> = 1.000000   < 1.2| 4.1> = 0.999999


 NELEC=    8   SYM=1   MS2= 0   THRE=1.0D-12   THRD=1.0D-07   THRG=1.0D-07  HFMA2=F  DIIS_START=2   DIIS_MAX=10   DIIS_INCORE=F

 Level shifts:    0.00 (CLOSED)    0.00 (OPEN)    0.30 (GAP_MIN)

 ITER           ETOT              DE          GRAD        DDIFF     DIIS  NEXP   TIME(IT)  TIME(TOT)  DIAG
   1      -26.39611138     -26.39611138     0.00D+00     0.33D-01     0     0       0.00      0.01    start
   2      -26.40063216      -0.00452078     0.10D-01     0.34D-02     1     0       0.01      0.02    diag
   3      -26.40068006      -0.00004789     0.84D-03     0.27D-03     2     0       0.01      0.03    diag
   4      -26.40068117      -0.00000112     0.69D-04     0.32D-04     3     0       0.01      0.04    diag
   5      -26.40068123      -0.00000006     0.11D-04     0.71D-05     4     0       0.01      0.05    diag
   6      -26.40068123      -0.00000000     0.12D-05     0.11D-05     5     0       0.01      0.06    diag
   7      -26.40068123      -0.00000000     0.21D-06     0.24D-06     6     0       0.00      0.06    diag
   8      -26.40068123      -0.00000000     0.31D-07     0.40D-07     7     0       0.01      0.07    fixocc
   9      -26.40068123      -0.00000000     0.56D-08     0.51D-08     0     0       0.01      0.08    diag

 Final occupancy:   4   0

 !RHF STATE 1.1 Energy                -26.400681233144
  RHF One-electron energy             -49.072730969547
  RHF Two-electron energy              15.223589812934
  RHF Kinetic energy                   26.388628225899
  RHF Nuclear energy                    7.448459923469
  RHF Virial quotient                  -1.000456750049

 !RHF STATE 1.1 Dipole moment           0.00636119    -0.00000243     0.00000000
 Dipole moment /Debye                   0.01616854    -0.00000618     0.00000000

 Orbital energies:

           1.1          2.1          3.1          4.1          5.1          6.1
     -7.610916    -0.704589    -0.500002    -0.497269     0.053552     0.156297

           1.2          2.2
      0.054164     0.184706


 HOMO      4.1    -0.497269 =     -13.5314eV
 LUMO      5.1     0.053552 =       1.4572eV
 LUMO-HOMO         0.550821 =      14.9886eV

 Orbitals saved in record  2101.1


 **********************************************************************************************************************************
 DATASETS  * FILE   NREC   LENGTH (MB)   RECORD NAMES
              1      21       48.78       500      610      700      702      900      950      970     1001      129      960   
                                          VAR    BASINP    GEOM     GEOM    SYMINP    ZMAT    AOBASIS   BASIS     P2S    ABASIS    
                                         1100     1400     1410     1200     1210     1080     1600     1650     1300     1700   
                                           S        T        V       H0       H01     AOSYM     SMH    MOLCAS    ERIS     OPER   
                                         2101   
                                          RHF  

              2       9        1.02       700     1000      520     2100     4100      701     5500      702     1001   
                                         GEOM     BASIS   MCVARS     RHF     CPHF     GEOM     HINFO    GEOM     BASIS   

 PROGRAMS   *        TOTAL    HF-SCF       MP2    HF-SCF       INT
 CPU TIMES  *         1.37      0.79      0.04      0.06      0.34
 REAL TIME  *         2.82 SEC
 DISK USED  *        86.11 MB
 SF USED    *         0.64 MB
 **********************************************************************************************************************************


 PROGRAM * MP2 (Closed-shell)     Authors: C. Hampel, H.-J. Werner, 1991, M. Deegan, P.J. Knowles, 1992


 Convergence thresholds:  THRVAR = 1.00D-16  THRDEN = 1.00D-12

 Number of core orbitals:           1 (   1   0 )
 Number of closed-shell orbitals:   3 (   3   0 )
 Number of external orbitals:      75 (  51  24 )

 Molecular orbitals read from record     2101.1  Type=RHF/CANONICAL (state 1.1)

 Number of N-1 electron functions:               3
 Number of N-2 electron functions:               6
 Number of singly external CSFs:               153
 Number of doubly external CSFs:             14409
 Total number of CSFs:                       14563

 Length of J-op  integral file:               0.00 MB
 Length of K-op  integral file:               0.28 MB

 Integral transformation finished. Total CPU:   0.01 sec, npass=  1  Memory used:   0.14 MW

 Memory needed for MP2:                      0.02 MW

 SCS-MP2 correlation energy:           -0.126209260567   (PS=  1.200000  PT=  0.333333)
 SCS-MP2 total energy:                -26.526890493711


  Reference energy                    -26.400681233144
  MP2 singlet pair energy              -0.096380024717
  MP2 triplet pair energy              -0.016960549671
  MP2 correlation energy               -0.113340574388

 !MP2 total energy                    -26.514021807532

 KEXT needed  1 integral passes. Memory used:   0.17 MW  CPU time:      0.02 sec


 CPHF trial vector read from record  4100.2

 Starting Coupled-perturbed Hartree-Fock, convergence threshold= 1.0D-06

 ITER   MIC  DIIS      VAR         VARC       CPU
   1     0     1    0.21D-02    0.27D-04     0.01
   2     5     2    0.68D-05    0.65D-05     0.02
   3     1     3    0.87D-06    0.14D-06     0.03

 CPHF convergence reached in  3 macroiterations and    6 microiterations.   Accuracy: 8.6514D-07

 Dipole moments (unrelaxed):            0.00628273    -0.00000239     0.00000000
 Orbital relaxation contribution:      -0.00070951    -0.00000026    -0.00000000
 !MP2 STATE 1.1 Dipole moment           0.00557323    -0.00000265     0.00000000
 Dipole moment /Debye                   0.01416573    -0.00000674     0.00000000

 CPU-time for density and lagrangian:                  0.01 sec
 CPU-time for coupled-perturbed hartree-fock:          0.03 sec

 MP2 gradient info saved on record         5200.1


 **********************************************************************************************************************************
 DATASETS  * FILE   NREC   LENGTH (MB)   RECORD NAMES
              1      23       49.36       500      610      700      702      900      950      970     1001      129      960   
                                          VAR    BASINP    GEOM     GEOM    SYMINP    ZMAT    AOBASIS   BASIS     P2S    ABASIS    
                                         1100     1400     1410     1200     1210     1080     1600     1650     1300     1700   
                                           S        T        V       H0       H01     AOSYM     SMH    MOLCAS    ERIS     OPER   
                                         2101     1380     5200   
                                          RHF     JKOP      MP2  

              2       9        1.02       700     1000      520     2100     4100      701     5500      702     1001   
                                         GEOM     BASIS   MCVARS     RHF     CPHF     GEOM     HINFO    GEOM     BASIS   

 PROGRAMS   *        TOTAL       MP2       MP2    HF-SCF       INT
 CPU TIMES  *         1.48      0.11      0.04      0.06      0.34
 REAL TIME  *         2.95 SEC
 DISK USED  *        86.11 MB
 SF USED    *         0.64 MB
 **********************************************************************************************************************************

 PROGRAM * ALASKA (Gradient of the energy)     Author: R. Lindh


 MP2      Gradient info restored from record    5200.1

 Number of core orbitals:           1 (   1   0 )
 Number of closed-shell orbitals:   3 (   3   0 )
 Number of external orbitals:      75 (  51  24 )

 Integral thresholds in T2TRAN:            1.0D-10 (PROD)

 Available memory for Transformation:1497684841 words
 Memory needed for incore algorithm:      85177 words
 Minimum memory needed:                   64270 words

 Memory used for transformation:           0.09 MW
 Available memory for gradients:        1499.60 MW

 CPU for transformation:                   0.00 sec
 CPU for integrals and gradient:           0.50 sec
 Total CPU:                                0.50 sec

 Prescreening statistics:
 ========================

 Total number of shell quadruplets:        4.19D+03
 Number of shell quadruplets processed:    4.16D+03 ( 99.31%)

 MP2 GRADIENT FOR STATE 1.1

 Atom          dE/dx               dE/dy               dE/dz

   1         0.004288316        -0.000052802         0.000000000
   2        -0.000429431         0.000933458         0.000000000
   3        -0.001158762         0.000425820         0.000000000
   4        -0.002700123        -0.001306475         0.000000000

 Nuclear force contribution to virial =         0.006127546
 Starting task  13.  CPU=     1.63 sec, Elapsed=     1.87 sec
 Incrementing variable HZ3              by  0.010000 BOH   to    0.010000 BOH


 Recomputing integrals since geometry and symmetry changed


 Using spherical harmonics

 Library entry B      S def2-TZVPPD          selected for orbital group  1
 Library entry B      P def2-TZVPPD          selected for orbital group  1
 Library entry B      D def2-TZVPPD          selected for orbital group  1
 Library entry B      F def2-TZVPPD          selected for orbital group  1
 Library entry H      S def2-TZVPP           selected for orbital group  2
 Library entry H      P def2-TZVPP           selected for orbital group  2
 Library entry H      D def2-TZVPP           selected for orbital group  2


 PROGRAM * SEWARD (Integral evaluation for generally contracted gaussian basis sets)     Author: Roland Lindh, 1990

 Geometry written to block  1 of record 703


 Point group  C1  



 ATOMIC COORDINATES

 NR  ATOM    CHARGE       X              Y              Z

   1  B       5.00    0.000000000   -0.000021615    0.000000000
   2  H       1.00    0.000000000    2.246409764    0.000000000
   3  H       1.00    1.945415104   -1.123194074    0.010000000
   4  H       1.00   -1.945415104   -1.123194074    0.000000000

 Bond lengths in Bohr (Angstrom)

 1-2  2.246431380  1-3  2.246387388  1-4  2.246365130
     ( 1.188760292)     ( 1.188737013)     ( 1.188725234)

 Bond angles

  2-1-3  119.99937460   2-1-4  119.99970236   3-1-4  120.00026750

 NUCLEAR CHARGE:                    8
 NUMBER OF PRIMITIVE AOS:         109
 NUMBER OF SYMMETRY AOS:          100
 NUMBER OF CONTRACTIONS:           79   (   79A   )
 NUMBER OF INNER CORE ORBITALS:     0   (    0A   )
 NUMBER OF OUTER CORE ORBITALS:     1   (    1A   )
 NUMBER OF VALENCE ORBITALS:        7   (    7A   )

 SYMMETRY CHANGED: INITIALIZING OCCUPATION


 NUCLEAR REPULSION ENERGY    7.44840309


 Eigenvalues of metric

         1 0.197E-02 0.257E-02 0.313E-02 0.313E-02 0.673E-02 0.673E-02 0.143E-01 0.477E-01


 Contracted 2-electron integrals neglected if value below      1.0D-18
 AO integral compression algorithm  1   Integral accuracy      1.0D-18

     36.176 MB (compressed) written to integral file ( 74.2%)


 NUMBER OF SORTED TWO-ELECTRON INTEGRALS:    4994380.     BUFFER LENGTH:  32768
 NUMBER OF SEGMENTS:   1  SEGMENT LENGTH:    4994380      RECORD LENGTH: 524288

 Memory used in sort:       5.55 MW

 SORT1 READ     6134519. AND WROTE     3565917. INTEGRALS IN     11 RECORDS. CPU TIME:     0.03 SEC, REAL TIME:     0.05 SEC
 SORT2 READ     3565917. AND WROTE     4994380. INTEGRALS IN    138 RECORDS. CPU TIME:     0.09 SEC, REAL TIME:     0.10 SEC

 FILE SIZES:   FILE 1:    66.6 MBYTE,  FILE 4:    46.2 MBYTE,   TOTAL:    112.8 MBYTE

 OPERATOR DM      FOR CENTER  0  COORDINATES:    0.000000    0.000000    0.000000

 Program * Restricted Hartree-Fock

 Molecular orbitals read from record     2100.2  Type=RHF/CANONICAL  

 Present basis size:       79
 Previous basis size:      34   21   15    9
 Previous occupation:       3    1    0    0
 Previous closed-shells:    3    1    0    0
 Previous core-orbitals:    1    0    0    0
 Present occupation:        4
 Present closed-shells:     4
 Present core-orbitals:     1
 Wavefunction symmetry:    1   Singlet 

 Orbital overlap <old|new>:  < 1.1| 1.1> = 1.000000   < 2.1| 2.1> = 1.000000   < 3.1| 3.1> = 1.000000   < 1.2| 4.1> = 1.000000


 NELEC=    8   SYM=1   MS2= 0   THRE=1.0D-12   THRD=1.0D-07   THRG=1.0D-07  HFMA2=F  DIIS_START=2   DIIS_MAX=10   DIIS_INCORE=F

 Level shifts:    0.00 (CLOSED)    0.00 (OPEN)    0.30 (GAP_MIN)

 ITER           ETOT              DE          GRAD        DDIFF     DIIS  NEXP   TIME(IT)  TIME(TOT)  DIAG
   1      -26.40065204     -26.40065204     0.00D+00     0.25D-01     0     0       0.03      0.03    start
   2      -26.40070016      -0.00004812     0.47D-03     0.47D-04     1     0       0.02      0.05    diag
   3      -26.40070190      -0.00000174     0.59D-04     0.12D-04     2     0       0.03      0.08    diag
   4      -26.40070216      -0.00000027     0.13D-04     0.59D-05     3     0       0.02      0.10    diag
   5      -26.40070223      -0.00000006     0.56D-05     0.42D-05     4     0       0.03      0.13    diag
   6      -26.40070223      -0.00000000     0.93D-06     0.73D-06     5     0       0.02      0.15    diag
   7      -26.40070223      -0.00000000     0.81D-07     0.42D-07     6     0       0.03      0.18    diag
   8      -26.40070223       0.00000000     0.48D-08     0.28D-08     7     0       0.02      0.20    fixocc
   9      -26.40070223       0.00000000     0.76D-09     0.32D-09     0     0       0.03      0.23    diag

 Final occupancy:   4

 !RHF STATE 1.1 Energy                -26.400702226751
  RHF One-electron energy             -49.072678502824
  RHF Two-electron energy              15.223573189377
  RHF Kinetic energy                   26.388579393155
  RHF Nuclear energy                    7.448403086696
  RHF Virial quotient                  -1.000459396977

 !RHF STATE 1.1 Dipole moment          -0.00000255    -0.00002161    -0.00164482
 Dipole moment /Debye                  -0.00000648    -0.00005493    -0.00418072

 Orbital energies:

           1.1          2.1          3.1          4.1          5.1          6.1
     -7.610913    -0.704581    -0.498640    -0.498633     0.053548     0.054168


 HOMO      4.1    -0.498633 =     -13.5685eV
 LUMO      5.1     0.053548 =       1.4571eV
 LUMO-HOMO         0.552181 =      15.0256eV

 Orbitals saved in record  2101.1


 **********************************************************************************************************************************
 DATASETS  * FILE   NREC   LENGTH (MB)   RECORD NAMES
              1      21       57.94       500      610      700      703      900      950      970     1002      129      960   
                                          VAR    BASINP    GEOM     GEOM    SYMINP    ZMAT    AOBASIS   BASIS     P2S    ABASIS    
                                         1100     1400     1410     1200     1210     1080     1600     1650     1300     1700   
                                           S        T        V       H0       H01     AOSYM     SMH    MOLCAS    ERIS     OPER   
                                         2101   
                                          RHF  

              2      12        1.28       700     1000      520     2100     4100      701     5500      702     1001     9001   
                                         GEOM     BASIS   MCVARS     RHF     CPHF     GEOM     HINFO    GEOM     BASIS   DEN_MP2    
                                          703     1002   
                                         GEOM     BASIS   

 PROGRAMS   *        TOTAL    HF-SCF       MP2    HF-SCF       INT
 CPU TIMES  *         2.89      0.86      0.04      0.06      0.34
 REAL TIME  *         4.80 SEC
 DISK USED  *       108.92 MB
 SF USED    *         0.64 MB
 **********************************************************************************************************************************


 PROGRAM * MP2 (Closed-shell)     Authors: C. Hampel, H.-J. Werner, 1991, M. Deegan, P.J. Knowles, 1992


 Convergence thresholds:  THRVAR = 1.00D-16  THRDEN = 1.00D-12

 Number of core orbitals:           1 (   1 )
 Number of closed-shell orbitals:   3 (   3 )
 Number of external orbitals:      75 (  75 )

 Molecular orbitals read from record     2101.1  Type=RHF/CANONICAL (state 1.1)

 Number of N-1 electron functions:               3
 Number of N-2 electron functions:               6
 Number of singly external CSFs:               225
 Number of doubly external CSFs:             25425
 Total number of CSFs:                       25651

 Length of J-op  integral file:               0.00 MB
 Length of K-op  integral file:               0.46 MB

 Integral transformation finished. Total CPU:   0.03 sec, npass=  1  Memory used:   0.21 MW

 Memory needed for MP2:                      0.03 MW

 SCS-MP2 correlation energy:           -0.126208961997   (PS=  1.200000  PT=  0.333333)
 SCS-MP2 total energy:                -26.526911188748


  Reference energy                    -26.400702226751
  MP2 singlet pair energy              -0.096379786368
  MP2 triplet pair energy              -0.016960529501
  MP2 correlation energy               -0.113340315869

 !MP2 total energy                    -26.514042542619

 KEXT needed  1 integral passes. Memory used:   0.14 MW  CPU time:      0.04 sec


 CPHF trial vector read from record  4100.2

 Starting Coupled-perturbed Hartree-Fock, convergence threshold= 1.0D-06

 ITER   MIC  DIIS      VAR         VARC       CPU
   1     0     1    0.20D-03    0.72D-05     0.03
   2     3     2    0.10D-05    0.97D-06     0.05
   3     1     3    0.14D-06    0.30D-07     0.07

 CPHF convergence reached in  3 macroiterations and    4 microiterations.   Accuracy: 1.3839D-07

 Dipole moments (unrelaxed):           -0.00000254    -0.00002136    -0.00161756
 Orbital relaxation contribution:       0.00000066     0.00000237     0.00005823
 !MP2 STATE 1.1 Dipole moment          -0.00000189    -0.00001899    -0.00155932
 Dipole moment /Debye                  -0.00000480    -0.00004826    -0.00396340

 CPU-time for density and lagrangian:                  0.02 sec
 CPU-time for coupled-perturbed hartree-fock:          0.07 sec

 MP2 gradient info saved on record         5200.1


 **********************************************************************************************************************************
 DATASETS  * FILE   NREC   LENGTH (MB)   RECORD NAMES
              1      23       58.94       500      610      700      703      900      950      970     1002      129      960   
                                          VAR    BASINP    GEOM     GEOM    SYMINP    ZMAT    AOBASIS   BASIS     P2S    ABASIS    
                                         1100     1400     1410     1200     1210     1080     1600     1650     1300     1700   
                                           S        T        V       H0       H01     AOSYM     SMH    MOLCAS    ERIS     OPER   
                                         2101     1380     5200   
                                          RHF     JKOP      MP2  

              2      12        1.28       700     1000      520     2100     4100      701     5500      702     1001     9001   
                                         GEOM     BASIS   MCVARS     RHF     CPHF     GEOM     HINFO    GEOM     BASIS   DEN_MP2    
                                          703     1002   
                                         GEOM     BASIS   

 PROGRAMS   *        TOTAL       MP2       MP2    HF-SCF       INT
 CPU TIMES  *         3.10      0.21      0.04      0.06      0.34
 REAL TIME  *         5.04 SEC
 DISK USED  *       108.92 MB
 SF USED    *         0.64 MB
 **********************************************************************************************************************************

 PROGRAM * ALASKA (Gradient of the energy)     Author: R. Lindh


 MP2      Gradient info restored from record    5200.1

 Number of core orbitals:           1 (   1 )
 Number of closed-shell orbitals:   3 (   3 )
 Number of external orbitals:      75 (  75 )

 Integral thresholds in T2TRAN:            1.0D-10 (PROD)

 Available memory for Transformation:1497771181 words
 Memory needed for incore algorithm:     160384 words
 Minimum memory needed:                  125545 words

 Memory used for transformation:           0.16 MW
 Available memory for gradients:        1499.61 MW

 CPU for transformation:                   0.06 sec
 CPU for integrals and gradient:           0.54 sec
 Total CPU:                                0.60 sec

 Prescreening statistics:
 ========================

 Total number of shell quadruplets:        4.19D+03
 Number of shell quadruplets processed:    4.16D+03 ( 99.33%)

 MP2 GRADIENT FOR STATE 1.1

 Atom          dE/dx               dE/dy               dE/dz

   1        -0.000003890        -0.000014714        -0.000415712
   2        -0.000000253         0.000928806         0.000137206
   3         0.000794453        -0.000458388         0.000141295
   4        -0.000790310        -0.000455703         0.000137211

 Nuclear force contribution to virial =         0.006197616

 Tasks on processor    0 finished.  CPU=      3.69 sec, Elapsed=      3.98 sec. Waiting for other processors...

 Switching back to mpp mode, nproc=  8


 Recomputing wavefunction at initial geometry


 Using spherical harmonics

 Library entry B      S def2-TZVPPD          selected for orbital group  1
 Library entry B      P def2-TZVPPD          selected for orbital group  1
 Library entry B      D def2-TZVPPD          selected for orbital group  1
 Library entry B      F def2-TZVPPD          selected for orbital group  1
 Library entry H      S def2-TZVPP           selected for orbital group  2
 Library entry H      P def2-TZVPP           selected for orbital group  2
 Library entry H      D def2-TZVPP           selected for orbital group  2


 PROGRAM * SEWARD (Integral evaluation for generally contracted gaussian basis sets)     Author: Roland Lindh, 1990

 Geometry written to block  1 of record 700


 Point group  C2v 



 ATOMIC COORDINATES

 NR  ATOM    CHARGE       X              Y              Z

   1  B       5.00    0.000000000   -0.000021615    0.000000000
   2  H       1.00    0.000000000    2.246409764    0.000000000
   3  H       1.00    1.945415104   -1.123194074    0.000000000
   4  H       1.00   -1.945415104   -1.123194074    0.000000000

 Bond lengths in Bohr (Angstrom)

 1-2  2.246431380  1-3  2.246365130  1-4  2.246365130
     ( 1.188760292)     ( 1.188725234)     ( 1.188725234)

 Bond angles

  2-1-3  119.99970236   2-1-4  119.99970236   3-1-4  120.00059528

 NUCLEAR CHARGE:                    8
 NUMBER OF PRIMITIVE AOS:         109
 NUMBER OF SYMMETRY AOS:          100
 NUMBER OF CONTRACTIONS:           79   (   34A1  +   21B1  +   15B2  +    9A2  )
 NUMBER OF INNER CORE ORBITALS:     0   (    0A1  +    0B1  +    0B2  +    0A2  )
 NUMBER OF OUTER CORE ORBITALS:     1   (    1A1  +    0B1  +    0B2  +    0A2  )
 NUMBER OF VALENCE ORBITALS:        7   (    4A1  +    2B1  +    1B2  +    0A2  )


 NUCLEAR REPULSION ENERGY    7.44842684

 Eigenvalues of metric

         1 0.197E-02 0.257E-02 0.313E-02 0.673E-02 0.143E-01 0.477E-01 0.516E-01 0.883E-01
         2 0.313E-02 0.673E-02 0.516E-01 0.571E-01 0.883E-01 0.194E+00 0.196E+00 0.306E+00
         3 0.749E-01 0.805E-01 0.224E+00 0.248E+00 0.394E+00 0.417E+00 0.628E+00 0.687E+00
         4 0.805E-01 0.248E+00 0.394E+00 0.628E+00 0.934E+00 0.997E+00 0.128E+01 0.158E+01


 Contracted 2-electron integrals neglected if value below      1.0D-18
 AO integral compression algorithm  1   Integral accuracy      1.0D-18

     14.942 MB (compressed) written to integral file (100.0%)

     Node minimum: 1.573 MB, node maximum: 2.097 MB


 NUMBER OF SORTED TWO-ELECTRON INTEGRALS:     164282.     BUFFER LENGTH:  32768
 NUMBER OF SEGMENTS:   1  SEGMENT LENGTH:     164282      RECORD LENGTH: 524288

 Memory used in sort:       0.72 MW

 SORT1 READ     1742318. AND WROTE      157948. INTEGRALS IN      1 RECORDS. CPU TIME:     0.09 SEC, REAL TIME:     0.09 SEC
 SORT2 READ     1287735. AND WROTE     1338976. INTEGRALS IN     64 RECORDS. CPU TIME:     0.01 SEC, REAL TIME:     0.01 SEC

 Node minimum:      164034.  Node maximum:      169160. integrals

 OPERATOR DM      FOR CENTER  0  COORDINATES:    0.000000    0.000000    0.000000

 Program * Restricted Hartree-Fock

 Molecular orbitals read from record     2100.2  Type=RHF/CANONICAL  

 NELEC=    8   SYM=1   MS2= 0   THRE=1.0D-12   THRD=1.0D-06   THRG=1.0D-06  HFMA2=F  DIIS_START=2   DIIS_MAX=10   DIIS_INCORE=F

 Level shifts:    0.00 (CLOSED)    0.00 (OPEN)    0.30 (GAP_MIN)

 ITER           ETOT              DE          GRAD        DDIFF     DIIS  NEXP   TIME(IT)  TIME(TOT)  DIAG
   1      -26.40070298     -26.40070298     0.00D+00     0.44D-01     0     0       0.00      0.00    start
   2      -26.40070298       0.00000000     0.84D-09     0.70D-09     1     0       0.00      0.00    diag

 Final occupancy:   3   1   0   0

 !RHF STATE 1.1 Energy                -26.400702982332
  RHF One-electron energy             -49.072724882579
  RHF Two-electron energy              15.223595061576
  RHF Kinetic energy                   26.388592791032
  RHF Nuclear energy                    7.448426838670
  RHF Virial quotient                  -1.000458917662

 !RHF STATE 1.1 Dipole moment           0.00000000    -0.00002308     0.00000000
 Dipole moment /Debye                   0.00000000    -0.00005867     0.00000000

 Orbital energies:

           1.1          2.1          3.1          4.1          5.1
     -7.610912    -0.704581    -0.498633     0.053552     0.156585

           1.2          2.2          3.2
     -0.498641     0.156583     0.172554

           1.3          2.3
      0.054165     0.184725

           1.4          2.4
      0.184725     0.639052


 HOMO      3.1    -0.498633 =     -13.5685eV
 LUMO      4.1     0.053552 =       1.4572eV
 LUMO-HOMO         0.552185 =      15.0257eV

 Orbitals saved in record  2100.2


 **********************************************************************************************************************************
 DATASETS  * FILE   NREC   LENGTH (MB)   RECORD NAMES
              1      18       28.69       500      610      700      900      950      970     1000      129      960     1100   
                                          VAR    BASINP    GEOM    SYMINP    ZMAT    AOBASIS   BASIS     P2S    ABASIS      S 
                                         1400     1410     1200     1210     1080     1600     1650     1700   
                                           T        V       H0       H01     AOSYM     SMH    MOLCAS    OPER   

              2       8        0.56       700     1000      520     2100     4100     5300     5450     5400   
                                         GEOM     BASIS   MCVARS     RHF     CPHF     HESS     NMOD     FREQ   

 PROGRAMS   *        TOTAL    HF-SCF       MP2    HF-SCF       INT
 CPU TIMES  *         6.77      2.39      0.04      0.06      0.34
 REAL TIME  *         9.14 SEC
 DISK USED  *       108.92 MB (local),      681.42 MB (total)
 SF USED    *         0.64 MB
 GA USED    *         0.00 MB       (max)       0.00 MB       (current)
 **********************************************************************************************************************************


 PROGRAM * MP2 (Closed-shell)     Authors: C. Hampel, H.-J. Werner, 1991, M. Deegan, P.J. Knowles, 1992


 Convergence thresholds:  THRVAR = 1.00D-16  THRDEN = 1.00D-12

 Number of core orbitals:           1 (   1   0   0   0 )
 Number of closed-shell orbitals:   3 (   2   1   0   0 )
 Number of external orbitals:      75 (  31  20  15   9 )

 Molecular orbitals read from record     2100.2  Type=RHF/CANONICAL (state 1.1)

 Number of N-1 electron functions:               3
 Number of N-2 electron functions:               6
 Number of singly external CSFs:                82
 Number of doubly external CSFs:              7300
 Total number of CSFs:                        7383

 Length of J-op  integral file:               0.00 MB
 Length of K-op  integral file:               0.13 MB

 Integral transformation finished. Total CPU:   0.00 sec, npass=  1  Memory used:   0.09 MW

 Memory needed for MP2:                      0.01 MW

 SCS-MP2 correlation energy:           -0.126208907992   (PS=  1.200000  PT=  0.333333)
 SCS-MP2 total energy:                -26.526911890324


  Reference energy                    -26.400702982332
  MP2 singlet pair energy              -0.096379745808
  MP2 triplet pair energy              -0.016960520928
  MP2 correlation energy               -0.113340266736

 !MP2 total energy                    -26.514043249068

 KEXT needed  1 integral passes. Memory used:   0.09 MW  CPU time:      0.00 sec


 CPHF trial vector read from record  4100.2

 Starting Coupled-perturbed Hartree-Fock, convergence threshold= 1.0D-06

 ITER   MIC  DIIS      VAR         VARC       CPU
   1     0     1    0.71D-07    0.44D-08     0.00

 CPHF convergence reached in  1 macroiterations and    0 microiterations.   Accuracy: 7.0644D-08

 CPHF solution written to record  4100.2

 Dipole moments (unrelaxed):            0.00000000    -0.00002283     0.00000000
 Orbital relaxation contribution:      -0.00000000     0.00000275    -0.00000000
 !MP2 STATE 1.1 Dipole moment           0.00000000    -0.00002008     0.00000000
 Dipole moment /Debye                   0.00000000    -0.00005104     0.00000000

 CPU-time for density and lagrangian:                  0.00 sec
 CPU-time for coupled-perturbed hartree-fock:          0.00 sec

 MP2 gradient info saved on record         5200.1


 **********************************************************************************************************************************
 DATASETS  * FILE   NREC   LENGTH (MB)   RECORD NAMES
              1      20       28.97       500      610      700      900      950      970     1000      129      960     1100   
                                          VAR    BASINP    GEOM    SYMINP    ZMAT    AOBASIS   BASIS     P2S    ABASIS      S 
                                         1400     1410     1200     1210     1080     1600     1650     1700     1380     5200   
                                           T        V       H0       H01     AOSYM     SMH    MOLCAS    OPER     JKOP      MP2  

              2       8        0.56       700     1000      520     2100     4100     5300     5450     5400   
                                         GEOM     BASIS   MCVARS     RHF     CPHF     HESS     NMOD     FREQ   

 PROGRAMS   *        TOTAL       MP2       MP2    HF-SCF       INT
 CPU TIMES  *         6.82      0.04      0.04      0.06      0.34
 REAL TIME  *         9.23 SEC
 DISK USED  *       108.92 MB (local),      681.42 MB (total)
 SF USED    *         0.68 MB
 GA USED    *         0.00 MB       (max)       0.00 MB       (current)
 **********************************************************************************************************************************
