
 Working directory              : /scratch/emmanous/c2h2.opt.com.21259/molpro.9N1e2pvDD1/
 Global scratch directory       : /scratch/emmanous/c2h2.opt.com.21259/molpro.9N1e2pvDD1/
 Wavefunction directory         : /home/emmanous/wfu/
 Main file repository           : /scratch/emmanous/c2h2.opt.com.21259/molpro.9N1e2pvDD1/

 id        : wis

 Nodes     nprocs
 cff164       8
 GA implementation: MPI file
 GA implementation (serial work in mppx): MPI file

 Using DEFAULT tuning parameter for ncache   :   16384
 Using DEFAULT tuning parameter for mflopdgm :   10000
 Using DEFAULT tuning parameter for mflopdgv :    4000
 Using DEFAULT tuning parameter for mflopmxm :    5000
 Using DEFAULT tuning parameter for mflopmxv :    4000
 Using DEFAULT tuning parameter for mindgm   :       1
 Using DEFAULT tuning parameter for mindgc   :       4
 Using DEFAULT tuning parameter for mindgf   :    5000
 Using DEFAULT tuning parameter for mindgl   :       4
 Using DEFAULT tuning parameter for mindgr   :       1
 Using DEFAULT tuning parameter for mindgv   :      20
 Using DEFAULT tuning parameter for mincuda  :     500
 Using DEFAULT tuning parameter for mxmblk   :      64
 Using DEFAULT tuning parameter for mxmbln   :      64
 Using DEFAULT tuning parameter for nroll    :       2
 Using custom tuning parameter for ngpus     :       0
 Using customized tuning parameters: mindgm=1; mindgv=20; mindgc=4; mindgr=1; noblas=0; minvec=7

 Fortran compiler: integer size=8, double size=8, logical size=8
 default implementation of scratch files=sf  


 Variables initialized (1015), CPU time= 0.01 sec
 ***,geometry optimization
 gthresh,energy=1d-12,gradient=1d-6,twoint=1d-18,prefac=1d-20
 GTHRESH, OPTSTEP=1d-5, OPTGRAD=1d-5, ENERGY=1d-11
 noorient
 charge=
 multiplicity=
 geomtyp=xyz
 geom={
 H        0.000000    0.000000    1.666650
 C        0.000000    0.000000    0.603250
 C        0.000000    0.000000   -0.603250
 H        0.000000    0.000000   -1.666650
 }
 MASS,ISO
 MASS,PRINT
 label1
 
 basis={
 Including file /gpfs01/work/emmanous/6Frequencies/implementation/MOLPRO/G4-Tano-v2/EXAMPLE_C2H2/ano-pV5Z.mbas
 }
 hf
 mp2
 e2=energy
 
 basis={
 Including file /gpfs01/work/emmanous/6Frequencies/implementation/MOLPRO/G4-Tano-v2/EXAMPLE_C2H2/ano-pVTZ.mbas
 }
 hf
 mp2
 emp2=energy
 ccsd(t)
 ehlc=(energy-emp2)
 etotal=e2+ehlc
 show,e*
 
 optg,startcmd=label1,variable=etotal
 Commands initialized (834), CPU time= 0.01 sec, 672 directives.
 Default parameters read. Elapsed time= 0.07 sec

 Using DEFAULT tuning parameter for mpplat   :       3
 Using DEFAULT tuning parameter for mppspeed :    1600
 Checking input...
 Passed
1


                                         ***  PROGRAM SYSTEM MOLPRO  ***
                                       Copyright, TTI GmbH Stuttgart, 2015
                                    Version 2022.2 linked Thu May  5 23:39:45 2022


 **********************************************************************************************************************************
 LABEL *   geometry optimization                                                         
  64 bit mpp version                                                                     DATE: 12-Aug-23          TIME: 07:55:44  
 **********************************************************************************************************************************

 SHA1:             518bf5c5e315925380b88506c70af759aa1d1d96
 **********************************************************************************************************************************

 Memory per process:      1500 MW
 Total memory per node:  12000 MW

 GA preallocation disabled
 GA check disabled

 Variable memory set to 1500.0 MW


 THRESHOLDS:

 ZERO    =  1.00D-12  ONEINT  =  1.00D-12  TWOINT  =  1.00D-18  PREFAC  =  1.00D-20  XXXXXX  =  1.00D-09  EORDER  =  1.00D-04
 ENERGY  =  1.00D-12  ETEST   =  0.00D+00  EDENS   =  0.00D+00  THRDEDEF=  1.00D-06  GRADIENT=  1.00D-06  STEP    =  1.00D-03
 ORBITAL =  1.00D-05  CIVEC   =  1.00D-05  COEFF   =  1.00D-04  PRINTCI =  5.00D-02  PUNCHCI =  9.90D+01  OPTGRAD =  3.00D-04
 OPTENERG=  1.00D-06  OPTSTEP =  3.00D-04  THRGRAD =  1.00D-10  COMPRESS=  1.00D-11  VARMIN  =  1.00D-07  VARMAX  =  1.00D-03
 THRDOUB =  0.00D+00  THRDIV  =  1.00D-05  THRRED  =  1.00D-07  THRPSP  =  1.00D+00  THRDC   =  1.00D-10  THRCS   =  1.00D-10
 THRNRM  =  1.00D-08  THREQ   =  0.00D+00  THRDE   =  1.00D+00  THRREF  =  1.00D-05  SPARFAC =  1.00D+00  THRDLP  =  1.00D-07
 THRDIA  =  1.00D-10  THRDLS  =  1.00D-07  THRGPS  =  0.00D+00  THRKEX  =  0.00D+00  THRDIS  =  2.00D-01  THRVAR  =  1.00D-10
 THRLOC  =  1.00D-06  THRGAP  =  1.00D-06  THRLOCT = -1.00D+00  THRGAPT = -1.00D+00  THRORB  =  1.00D-06  THRMLTP =  0.00D+00
 THRCPQCI=  1.00D-10  KEXTA   =  0.00D+00  THRCOARS=  0.00D+00  SYMTOL  =  1.00D-06  GRADTOL =  1.00D-06  THROVL  =  1.00D-08
 THRORTH =  1.00D-08  THRDLOVL= -1.00D+00  GRID    =  1.00D-06  GRIDMAX =  1.00D-03  DTMAX   =  0.00D+00  THROCCDE=  1.00D-01
 THROCCDE=  1.00D-01  THRPRINT=  2.50D-01


 THRESHOLDS:

 ZERO    =  1.00D-12  ONEINT  =  1.00D-12  TWOINT  =  1.00D-18  PREFAC  =  1.00D-20  XXXXXX  =  1.00D-09  EORDER  =  1.00D-04
 ENERGY  =  1.00D-11  ETEST   =  0.00D+00  EDENS   =  0.00D+00  THRDEDEF=  1.00D-06  GRADIENT=  1.00D-06  STEP    =  1.00D-03
 ORBITAL =  1.00D-05  CIVEC   =  1.00D-05  COEFF   =  1.00D-04  PRINTCI =  5.00D-02  PUNCHCI =  9.90D+01  OPTGRAD =  1.00D-05
 OPTENERG=  1.00D-06  OPTSTEP =  1.00D-05  THRGRAD =  1.00D-10  COMPRESS=  1.00D-11  VARMIN  =  1.00D-07  VARMAX  =  1.00D-03
 THRDOUB =  0.00D+00  THRDIV  =  1.00D-05  THRRED  =  1.00D-07  THRPSP  =  1.00D+00  THRDC   =  1.00D-10  THRCS   =  1.00D-10
 THRNRM  =  1.00D-08  THREQ   =  0.00D+00  THRDE   =  1.00D+00  THRREF  =  1.00D-05  SPARFAC =  1.00D+00  THRDLP  =  1.00D-07
 THRDIA  =  1.00D-10  THRDLS  =  1.00D-07  THRGPS  =  0.00D+00  THRKEX  =  0.00D+00  THRDIS  =  2.00D-01  THRVAR  =  1.00D-10
 THRLOC  =  1.00D-06  THRGAP  =  1.00D-06  THRLOCT = -1.00D+00  THRGAPT = -1.00D+00  THRORB  =  1.00D-06  THRMLTP =  0.00D+00
 THRCPQCI=  1.00D-10  KEXTA   =  0.00D+00  THRCOARS=  0.00D+00  SYMTOL  =  1.00D-06  GRADTOL =  1.00D-06  THROVL  =  1.00D-08
 THRORTH =  1.00D-08  THRDLOVL= -1.00D+00  GRID    =  1.00D-06  GRIDMAX =  1.00D-03  DTMAX   =  0.00D+00  THROCCDE=  1.00D-01
 THROCCDE=  1.00D-01  THRPRINT=  2.50D-01

 SETTING GEOMTYP        =    XYZ


 Using masses of most abundant isotopes

 **********************************************************************************************************************************


 Atomic masses

 Center       Mass
 H          1.00782
 C         12.00000
 C         12.00000
 H          1.00782
 SETTING BASIS          =    USERDEF


 Recomputing integrals since basis changed


 Using spherical harmonics



 PROGRAM * SEWARD (Integral evaluation for generally contracted gaussian basis sets)     Author: Roland Lindh, 1990

 Geometry written to block  1 of record 700


 Point group  D2h 



 ATOMIC COORDINATES

 NR  ATOM    CHARGE       X              Y              Z

   1  H       1.00    0.000000000    0.000000000    3.149512046
   2  H       1.00    0.000000000    0.000000000   -3.149512046
   3  C       6.00    0.000000000    0.000000000    1.139977285
   4  C       6.00    0.000000000    0.000000000   -1.139977285

 Bond lengths in Bohr (Angstrom)

 1-3  2.009534761  2-4  2.009534761  3-4  2.279954569
     ( 1.063400000)     ( 1.063400000)     ( 1.206500000)

 Bond angles

  1-3-4  180.00000000   2-4-3  180.00000000

 NUCLEAR CHARGE:                   14
 NUMBER OF PRIMITIVE AOS:         566
 NUMBER OF SYMMETRY AOS:          430
 NUMBER OF CONTRACTIONS:          242   (   47Ag  +   29B3u +   29B2u +   16B1g +   47B1u +   29B2g +   29B3g +   16Au  )
 NUMBER OF INNER CORE ORBITALS:     0   (    0Ag  +    0B3u +    0B2u +    0B1g +    0B1u +    0B2g +    0B3g +    0Au  )
 NUMBER OF OUTER CORE ORBITALS:     2   (    1Ag  +    0B3u +    0B2u +    0B1g +    1B1u +    0B2g +    0B3g +    0Au  )
 NUMBER OF VALENCE ORBITALS:       10   (    3Ag  +    1B3u +    1B2u +    0B1g +    3B1u +    1B2g +    1B3g +    0Au  )


 NUCLEAR REPULSION ENERGY   24.71761030

 EXTRA SYMMETRY OF AOS IN SYMMETRY 1:   1 1 1 1 1 1 1 1 2 1   2 1 2 1 1 1 1 1 1 1   1 1 1 1 1 2 1 2 1 2   1 2 1 2 1 2 1 2 1 3
                                        2 1 3 2 2 3 1
 EXTRA SYMMETRY OF AOS IN SYMMETRY 2:   1 1 1 1 1 1 2 1 1 1   1 1 1 1 1 1 1 2 1 2   1 2 1 2 1 2 1 2 3
 EXTRA SYMMETRY OF AOS IN SYMMETRY 3:   1 1 1 1 1 1 2 1 1 1   1 1 1 1 1 1 1 2 1 2   1 2 1 2 1 2 1 2 3
 EXTRA SYMMETRY OF AOS IN SYMMETRY 4:   1 1 1 1 1 1 1 1 1 1   1 2 1 2 2 1
 EXTRA SYMMETRY OF AOS IN SYMMETRY 5:   1 1 1 1 1 1 1 1 2 1   2 1 2 1 1 1 1 1 1 1   1 1 1 1 1 2 1 2 1 2   1 2 1 2 1 2 1 2 1 3
                                        2 1 3 2 2 3 1
 EXTRA SYMMETRY OF AOS IN SYMMETRY 6:   1 1 1 1 1 1 2 1 1 1   1 1 1 1 1 1 1 2 1 2   1 2 1 2 1 2 1 2 3
 EXTRA SYMMETRY OF AOS IN SYMMETRY 7:   1 1 1 1 1 1 2 1 1 1   1 1 1 1 1 1 1 2 1 2   1 2 1 2 1 2 1 2 3
 EXTRA SYMMETRY OF AOS IN SYMMETRY 8:   1 1 1 1 1 1 1 1 1 1   1 2 1 2 2 1

 Eigenvalues of metric

         1 0.897E-04 0.164E-03 0.715E-03 0.935E-03 0.955E-02 0.241E-01 0.262E-01 0.641E-01
         2 0.398E-03 0.570E-02 0.278E-01 0.545E-01 0.142E+00 0.407E+00 0.424E+00 0.663E+00
         3 0.398E-03 0.570E-02 0.278E-01 0.545E-01 0.142E+00 0.407E+00 0.424E+00 0.663E+00
         4 0.262E-01 0.190E+00 0.344E+00 0.638E+00 0.972E+00 0.980E+00 0.999E+00 0.106E+01
         5 0.277E-04 0.796E-04 0.154E-03 0.515E-03 0.104E-02 0.229E-02 0.275E-02 0.852E-02
         6 0.573E-04 0.391E-03 0.311E-02 0.158E-01 0.541E-01 0.656E-01 0.776E-01 0.258E+00
         7 0.573E-04 0.391E-03 0.311E-02 0.158E-01 0.541E-01 0.656E-01 0.776E-01 0.258E+00
         8 0.229E-02 0.231E-01 0.629E-01 0.287E+00 0.473E+00 0.510E+00 0.716E+00 0.909E+00


 Contracted 2-electron integrals neglected if value below      1.0D-18
 AO integral compression algorithm  1   Integral accuracy      1.0D-18

     527.434 MB (compressed) written to integral file ( 82.1%)

     Node minimum: 56.361 MB, node maximum: 82.313 MB


 NUMBER OF SORTED TWO-ELECTRON INTEGRALS:    6929178.     BUFFER LENGTH:  32768
 NUMBER OF SEGMENTS:   1  SEGMENT LENGTH:    6929178      RECORD LENGTH: 524288

 Memory used in sort:       7.49 MW

 SORT1 READ    80383480. AND WROTE     6302195. INTEGRALS IN     19 RECORDS. CPU TIME:     2.73 SEC, REAL TIME:     3.05 SEC
 SORT2 READ    50425480. AND WROTE    55422323. INTEGRALS IN   1720 RECORDS. CPU TIME:     0.17 SEC, REAL TIME:     0.21 SEC

 Node minimum:     6911309.  Node maximum:     6951893. integrals

 OPERATOR DM      FOR CENTER  0  COORDINATES:    0.000000    0.000000    0.000000


 **********************************************************************************************************************************
 DATASETS  * FILE   NREC   LENGTH (MB)   RECORD NAMES
              1      18       29.45       500      610      700      900      950      970     1000      129      960     1100   
                                          VAR    BASINP    GEOM    SYMINP    ZMAT    AOBASIS   BASIS     P2S    ABASIS      S 
                                         1400     1410     1200     1210     1080     1600     1650     1700   
                                           T        V       H0       H01     AOSYM     SMH    MOLCAS    OPER   

 PROGRAMS   *        TOTAL       INT
 CPU TIMES  *         8.74      8.59
 REAL TIME  *        10.08 SEC
 DISK USED  *        29.87 MB (local),        1.29 GB (total)
 GA USED    *         0.00 MB       (max)       0.00 MB       (current)
 **********************************************************************************************************************************


 Program * Restricted Hartree-Fock

 Orbital guess generated from atomic densities.

 Initial occupancy:   3   1   1   0   2   0   0   0

 NELEC=   14   SYM=1   MS2= 0   THRE=1.0D-12   THRD=1.0D-06   THRG=1.0D-06  HFMA2=F  DIIS_START=2   DIIS_MAX=10   DIIS_INCORE=F

 Level shifts:    0.00 (CLOSED)    0.00 (OPEN)    0.30 (GAP_MIN)

 ITER           ETOT              DE          GRAD        DDIFF     DIIS  NEXP   TIME(IT)  TIME(TOT)  DIAG
   1      -76.83938100     -76.83938100     0.00D+00     0.63D-01     0     0       0.01      0.03    start
   2      -76.85354460      -0.01416360     0.74D-02     0.21D-02     1     0       0.02      0.05    diag
   3      -76.85491070      -0.00136610     0.22D-02     0.76D-03     2     0       0.01      0.06    diag
   4      -76.85503810      -0.00012741     0.46D-03     0.31D-03     3     0       0.01      0.07    diag
   5      -76.85504367      -0.00000557     0.99D-04     0.71D-04     4     0       0.01      0.08    diag
   6      -76.85504388      -0.00000020     0.17D-04     0.12D-04     5     0       0.02      0.10    diag
   7      -76.85504388      -0.00000000     0.23D-05     0.14D-05     6     0       0.01      0.11    diag
   8      -76.85504388      -0.00000000     0.33D-06     0.36D-06     7     0       0.01      0.12    fixocc
   9      -76.85504388      -0.00000000     0.26D-07     0.50D-07     8     0       0.01      0.13    diag
  10      -76.85504388       0.00000000     0.27D-08     0.21D-08     0     0       0.02      0.15    diag/orth

 Final occupancy:   3   1   1   0   2   0   0   0

 !RHF STATE 1.1 Energy                -76.855043879444
  RHF One-electron energy            -151.578585471461
  RHF Two-electron energy              50.005931288306
  RHF Kinetic energy                   76.687008508316
  RHF Nuclear energy                   24.717610303711
  RHF Virial quotient                  -1.002191184327

 !RHF STATE 1.1 Dipole moment           0.00000000     0.00000000     0.00000000
 Dipole moment /Debye                   0.00000000     0.00000000     0.00000000

 Orbital energies:

           1.1          2.1          3.1          4.1          5.1
    -11.243879    -1.029281    -0.681241     0.195374     0.246918

           1.2          2.2          3.2
     -0.410432     0.279341     0.574500

           1.3          2.3          3.3
     -0.410432     0.279341     0.574500

           1.4          2.4
      0.458294     1.346460

           1.5          2.5          3.5          4.5
    -11.240140    -0.767957     0.145270     0.319441

           1.6          2.6
      0.158067     0.391456

           1.7          2.7
      0.158067     0.391456

           1.8          2.8
      0.674066     1.632011


 HOMO      1.3    -0.410432 =     -11.1684eV
 LUMO      3.5     0.145270 =       3.9530eV
 LUMO-HOMO         0.555702 =      15.1214eV

 Orbitals saved in record  2100.2


 **********************************************************************************************************************************
 DATASETS  * FILE   NREC   LENGTH (MB)   RECORD NAMES
              1      18       29.46       500      610      700      900      950      970     1000      129      960     1100   
                                          VAR    BASINP    GEOM    SYMINP    ZMAT    AOBASIS   BASIS     P2S    ABASIS      S 
                                         1400     1410     1200     1210     1080     1600     1650     1700   
                                           T        V       H0       H01     AOSYM     SMH    MOLCAS    OPER   

              2       4        0.59       700     1000      520     2100   
                                         GEOM     BASIS   MCVARS     RHF  

 PROGRAMS   *        TOTAL    HF-SCF       INT
 CPU TIMES  *         8.92      0.15      8.59
 REAL TIME  *        10.44 SEC
 DISK USED  *        30.70 MB (local),        1.29 GB (total)
 GA USED    *         0.00 MB       (max)       0.00 MB       (current)
 **********************************************************************************************************************************


 PROGRAM * MP2 (Closed-shell)     Authors: C. Hampel, H.-J. Werner, 1991, M. Deegan, P.J. Knowles, 1992


 Convergence thresholds:  THRVAR = 1.00D-15  THRDEN = 1.00D-11

 Number of core orbitals:           2 (   1   0   0   0   1   0   0   0 )
 Number of closed-shell orbitals:   5 (   2   1   1   0   1   0   0   0 )
 Number of external orbitals:     235 (  44  28  28  16  45  29  29  16 )

 Molecular orbitals read from record     2100.2  Type=RHF/CANONICAL  

 Number of N-1 electron functions:               5
 Number of N-2 electron functions:              15
 Number of singly external CSFs:               189
 Number of doubly external CSFs:             90540
 Total number of CSFs:                       90730

 Length of J-op  integral file:               0.00 MB
 Length of K-op  integral file:               0.57 MB

 Integral transformation finished. Total CPU:   0.03 sec, npass=  1  Memory used:   0.22 MW

 Memory needed for MP2:                      0.04 MW

 SCS-MP2 correlation energy:           -0.339250717737   (PS=  1.200000  PT=  0.333333)
 SCS-MP2 total energy:                -77.194294597181


  Reference energy                    -76.855043879444
  MP2 singlet pair energy              -0.224514220589
  MP2 triplet pair energy              -0.112232656655
  MP2 correlation energy               -0.336746877244

 !MP2 total energy                    -77.191790756688


 **********************************************************************************************************************************
 DATASETS  * FILE   NREC   LENGTH (MB)   RECORD NAMES
              1      19       30.93       500      610      700      900      950      970     1000      129      960     1100   
                                          VAR    BASINP    GEOM    SYMINP    ZMAT    AOBASIS   BASIS     P2S    ABASIS      S 
                                         1400     1410     1200     1210     1080     1600     1650     1700     1380   
                                           T        V       H0       H01     AOSYM     SMH    MOLCAS    OPER     JKOP   

              2       4        0.59       700     1000      520     2100   
                                         GEOM     BASIS   MCVARS     RHF  

 PROGRAMS   *        TOTAL       MP2    HF-SCF       INT
 CPU TIMES  *         9.08      0.16      0.15      8.59
 REAL TIME  *        10.61 SEC
 DISK USED  *        31.61 MB (local),        1.30 GB (total)
 SF USED    *         3.42 MB
 GA USED    *         0.00 MB       (max)       0.00 MB       (current)
 **********************************************************************************************************************************
 SETTING E2             =       -77.19179076  AU                              
 SETTING BASIS          =    USERDEF


 Recomputing integrals since basis changed


 Using spherical harmonics



 PROGRAM * SEWARD (Integral evaluation for generally contracted gaussian basis sets)     Author: Roland Lindh, 1990

 Geometry written to block  1 of record 700


 Point group  D2h 



 ATOMIC COORDINATES

 NR  ATOM    CHARGE       X              Y              Z

   1  H       1.00    0.000000000    0.000000000    3.149512046
   2  H       1.00    0.000000000    0.000000000   -3.149512046
   3  C       6.00    0.000000000    0.000000000    1.139977285
   4  C       6.00    0.000000000    0.000000000   -1.139977285

 Bond lengths in Bohr (Angstrom)

 1-3  2.009534761  2-4  2.009534761  3-4  2.279954569
     ( 1.063400000)     ( 1.063400000)     ( 1.206500000)

 Bond angles

  1-3-4  180.00000000   2-4-3  180.00000000

 NUCLEAR CHARGE:                   14
 NUMBER OF PRIMITIVE AOS:         332
 NUMBER OF SYMMETRY AOS:          290
 NUMBER OF CONTRACTIONS:           88   (   20Ag  +   10B3u +   10B2u +    4B1g +   20B1u +   10B2g +   10B3g +    4Au  )
 NUMBER OF INNER CORE ORBITALS:     0   (    0Ag  +    0B3u +    0B2u +    0B1g +    0B1u +    0B2g +    0B3g +    0Au  )
 NUMBER OF OUTER CORE ORBITALS:     2   (    1Ag  +    0B3u +    0B2u +    0B1g +    1B1u +    0B2g +    0B3g +    0Au  )
 NUMBER OF VALENCE ORBITALS:       10   (    3Ag  +    1B3u +    1B2u +    0B1g +    3B1u +    1B2g +    1B3g +    0Au  )


 NUCLEAR REPULSION ENERGY   24.71761030

 EXTRA SYMMETRY OF AOS IN SYMMETRY 1:   1 1 1 1 1 1 2 1 1 1   1 1 1 1 1 2 1 2 1 2
 EXTRA SYMMETRY OF AOS IN SYMMETRY 2:   1 1 1 1 1 1 1 1 1 2
 EXTRA SYMMETRY OF AOS IN SYMMETRY 3:   1 1 1 1 1 1 1 1 1 2
 EXTRA SYMMETRY OF AOS IN SYMMETRY 5:   1 1 1 1 1 1 2 1 1 1   1 1 1 1 1 2 1 2 1 2
 EXTRA SYMMETRY OF AOS IN SYMMETRY 6:   1 1 1 1 1 1 1 1 1 2
 EXTRA SYMMETRY OF AOS IN SYMMETRY 7:   1 1 1 1 1 1 1 1 1 2

 Eigenvalues of metric

         1 0.424E-03 0.622E-02 0.182E-01 0.655E-01 0.392E+00 0.444E+00 0.512E+00 0.743E+00
         2 0.258E-01 0.261E+00 0.564E+00 0.878E+00 0.104E+01 0.124E+01 0.157E+01 0.175E+01
         3 0.258E-01 0.261E+00 0.564E+00 0.878E+00 0.104E+01 0.124E+01 0.157E+01 0.175E+01
         4 0.444E+00 0.107E+01 0.163E+01 0.182E+01
         5 0.180E-03 0.424E-03 0.502E-02 0.304E-01 0.440E-01 0.177E+00 0.298E+00 0.379E+00
         6 0.428E-02 0.174E-01 0.154E+00 0.413E+00 0.763E+00 0.781E+00 0.967E+00 0.140E+01
         7 0.428E-02 0.174E-01 0.154E+00 0.413E+00 0.763E+00 0.781E+00 0.967E+00 0.140E+01
         8 0.177E+00 0.379E+00 0.903E+00 0.157E+01


 Contracted 2-electron integrals neglected if value below      1.0D-18
 AO integral compression algorithm  1   Integral accuracy      1.0D-18

     12.583 MB (compressed) written to integral file ( 98.6%)

     Node minimum: 1.311 MB, node maximum: 2.097 MB


 NUMBER OF SORTED TWO-ELECTRON INTEGRALS:     125554.     BUFFER LENGTH:  32768
 NUMBER OF SEGMENTS:   1  SEGMENT LENGTH:     125554      RECORD LENGTH: 524288

 Memory used in sort:       0.68 MW

 SORT1 READ     1627520. AND WROTE      113881. INTEGRALS IN      1 RECORDS. CPU TIME:     0.07 SEC, REAL TIME:     0.08 SEC
 SORT2 READ      940507. AND WROTE     1044030. INTEGRALS IN     48 RECORDS. CPU TIME:     0.01 SEC, REAL TIME:     0.01 SEC

 Node minimum:      125554.  Node maximum:      134456. integrals

 OPERATOR DM      FOR CENTER  0  COORDINATES:    0.000000    0.000000    0.000000


 **********************************************************************************************************************************
 DATASETS  * FILE   NREC   LENGTH (MB)   RECORD NAMES
              1      18       28.94       500      610      700      900      950      970     1001      129      960     1100   
                                          VAR    BASINP    GEOM    SYMINP    ZMAT    AOBASIS   BASIS     P2S    ABASIS      S 
                                         1400     1410     1200     1210     1080     1600     1650     1700   
                                           T        V       H0       H01     AOSYM     SMH    MOLCAS    OPER   

              2       5        0.72       700     1000      520     2100     1001   
                                         GEOM     BASIS   MCVARS     RHF     BASIS   

 PROGRAMS   *        TOTAL       INT       MP2    HF-SCF       INT
 CPU TIMES  *        10.99      1.90      0.16      0.15      8.59
 REAL TIME  *        13.07 SEC
 DISK USED  *        31.61 MB (local),        1.30 GB (total)
 SF USED    *         3.42 MB
 GA USED    *         0.00 MB       (max)       0.00 MB       (current)
 **********************************************************************************************************************************


 Program * Restricted Hartree-Fock

 Molecular orbitals read from record     2100.2  Type=RHF/CANONICAL  

 Present basis size:       20   10   10    4   20   10   10    4
 Previous basis size:      47   29   29   16   47   29   29   16
 Previous occupation:       3    1    1    0    2    0    0    0
 Previous closed-shells:    3    1    1    0    2    0    0    0
 Previous core-orbitals:    1    0    0    0    1    0    0    0
 Present occupation:        3    1    1    0    2    0    0    0
 Present closed-shells:     3    1    1    0    2    0    0    0
 Present core-orbitals:     1    0    0    0    1    0    0    0
 Wavefunction symmetry:    1   Singlet 

 Orbital overlap <old|new>:  < 1.1| 1.1> = 1.000000   < 1.5| 1.5> = 1.000000   < 2.1| 2.1> = 0.999976   < 3.1| 3.1> = 0.999961
                             < 1.2| 1.2> = 0.999996   < 1.3| 1.3> = 0.999996   < 2.5| 2.5> = 0.999977


 Initial occupancy:   3   1   1   0   2   0   0   0

 NELEC=   14   SYM=1   MS2= 0   THRE=1.0D-12   THRD=1.0D-06   THRG=1.0D-06  HFMA2=F  DIIS_START=2   DIIS_MAX=10   DIIS_INCORE=F

 Level shifts:    0.00 (CLOSED)    0.00 (OPEN)    0.30 (GAP_MIN)

 ITER           ETOT              DE          GRAD        DDIFF     DIIS  NEXP   TIME(IT)  TIME(TOT)  DIAG
   1      -76.85175451     -76.85175451     0.00D+00     0.16D+00     0     0       0.00      0.02    start
   2      -76.85263446      -0.00087994     0.59D-02     0.25D-01     1     0       0.00      0.02    diag
   3      -76.85264171      -0.00000726     0.30D-03     0.78D-03     2     0       0.00      0.02    diag
   4      -76.85264186      -0.00000015     0.31D-04     0.45D-04     3     0       0.00      0.02    diag
   5      -76.85264187      -0.00000000     0.42D-05     0.37D-05     4     0       0.00      0.02    diag
   6      -76.85264187      -0.00000000     0.15D-05     0.79D-06     5     0       0.00      0.02    diag
   7      -76.85264187      -0.00000000     0.31D-06     0.27D-06     6     0       0.00      0.02    diag
   8      -76.85264187      -0.00000000     0.32D-07     0.22D-07     7     0       0.00      0.02    fixocc
   9      -76.85264187      -0.00000000     0.42D-08     0.27D-08     0     0       0.01      0.03    diag

 Final occupancy:   3   1   1   0   2   0   0   0

 !RHF STATE 1.1 Energy                -76.852641865937
  RHF One-electron energy            -151.561413373502
  RHF Two-electron energy              49.991161203853
  RHF Kinetic energy                   76.723981069221
  RHF Nuclear energy                   24.717610303711
  RHF Virial quotient                  -1.001676930667

 !RHF STATE 1.1 Dipole moment           0.00000000     0.00000000     0.00000000
 Dipole moment /Debye                   0.00000000     0.00000000     0.00000000

 Orbital energies:

           1.1          2.1          3.1          4.1          5.1
    -11.245145    -1.030008    -0.681773     0.318694     0.322297

           1.2          2.2          3.2
     -0.411296     0.452601     0.742205

           1.3          2.3          3.3
     -0.411296     0.452601     0.742205

           1.4          2.4
      0.641993     2.129415

           1.5          2.5          3.5          4.5
    -11.241417    -0.768611     0.272384     0.452693

           1.6          2.6
      0.189535     0.743932

           1.7          2.7
      0.189535     0.743932

           1.8          2.8
      0.997057     2.640424


 HOMO      1.3    -0.411296 =     -11.1919eV
 LUMO      1.6     0.189535 =       5.1575eV
 LUMO-HOMO         0.600831 =      16.3494eV

 Orbitals saved in record  2101.2


 **********************************************************************************************************************************
 DATASETS  * FILE   NREC   LENGTH (MB)   RECORD NAMES
              1      18       28.94       500      610      700      900      950      970     1001      129      960     1100   
                                          VAR    BASINP    GEOM    SYMINP    ZMAT    AOBASIS   BASIS     P2S    ABASIS      S 
                                         1400     1410     1200     1210     1080     1600     1650     1700   
                                           T        V       H0       H01     AOSYM     SMH    MOLCAS    OPER   

              2       6        0.84       700     1000      520     2100     1001     2101   
                                         GEOM     BASIS   MCVARS     RHF     BASIS     RHF  

 PROGRAMS   *        TOTAL    HF-SCF       INT       MP2    HF-SCF       INT
 CPU TIMES  *        11.11      0.12      1.90      0.16      0.15      8.59
 REAL TIME  *        13.38 SEC
 DISK USED  *        31.61 MB (local),        1.30 GB (total)
 SF USED    *         3.42 MB
 GA USED    *         0.00 MB       (max)       0.00 MB       (current)
 **********************************************************************************************************************************


 PROGRAM * MP2 (Closed-shell)     Authors: C. Hampel, H.-J. Werner, 1991, M. Deegan, P.J. Knowles, 1992


 Convergence thresholds:  THRVAR = 1.00D-15  THRDEN = 1.00D-11

 Number of core orbitals:           2 (   1   0   0   0   1   0   0   0 )
 Number of closed-shell orbitals:   5 (   2   1   1   0   1   0   0   0 )
 Number of external orbitals:      81 (  17   9   9   4  18  10  10   4 )

 Molecular orbitals read from record     2101.2  Type=RHF/CANONICAL (state 1.1)

 Number of N-1 electron functions:               5
 Number of N-2 electron functions:              15
 Number of singly external CSFs:                70
 Number of doubly external CSFs:             11281
 Total number of CSFs:                       11352

 Length of J-op  integral file:               0.00 MB
 Length of K-op  integral file:               0.08 MB

 Integral transformation finished. Total CPU:   0.00 sec, npass=  1  Memory used:   0.08 MW

 Memory needed for MP2:                      0.01 MW

 SCS-MP2 correlation energy:           -0.314804862604   (PS=  1.200000  PT=  0.333333)
 SCS-MP2 total energy:                -77.167446728541


  Reference energy                    -76.852641865937
  MP2 singlet pair energy              -0.205682931571
  MP2 triplet pair energy              -0.109262161156
  MP2 correlation energy               -0.314945092727

 !MP2 total energy                    -77.167586958664


 **********************************************************************************************************************************
 DATASETS  * FILE   NREC   LENGTH (MB)   RECORD NAMES
              1      19       29.15       500      610      700      900      950      970     1001      129      960     1100   
                                          VAR    BASINP    GEOM    SYMINP    ZMAT    AOBASIS   BASIS     P2S    ABASIS      S 
                                         1400     1410     1200     1210     1080     1600     1650     1700     1380   
                                           T        V       H0       H01     AOSYM     SMH    MOLCAS    OPER     JKOP   

              2       6        0.84       700     1000      520     2100     1001     2101   
                                         GEOM     BASIS   MCVARS     RHF     BASIS     RHF  

 PROGRAMS   *        TOTAL       MP2    HF-SCF       INT       MP2    HF-SCF       INT
 CPU TIMES  *        11.21      0.09      0.12      1.90      0.16      0.15      8.59
 REAL TIME  *        13.48 SEC
 DISK USED  *        31.61 MB (local),        1.30 GB (total)
 SF USED    *         3.42 MB
 GA USED    *         0.00 MB       (max)       0.00 MB       (current)
 **********************************************************************************************************************************
 SETTING EMP2           =       -77.16758696  AU                              


 PROGRAM * CCSD (Closed-shell coupled cluster)     Authors: C. Hampel, H.-J. Werner, 1991, M. Deegan, P.J. Knowles, 1992


 Convergence thresholds:  THRVAR = 1.00D-15  THRDEN = 1.00D-11

 CCSD(T)     terms to be evaluated (factor= 1.000)


 Number of core orbitals:           2 (   1   0   0   0   1   0   0   0 )
 Number of closed-shell orbitals:   5 (   2   1   1   0   1   0   0   0 )
 Number of external orbitals:      81 (  17   9   9   4  18  10  10   4 )

 Molecular orbitals read from record     2101.2  Type=RHF/CANONICAL (state 1.1)

 Number of N-1 electron functions:               5
 Number of N-2 electron functions:              15
 Number of singly external CSFs:                70
 Number of doubly external CSFs:             11281
 Total number of CSFs:                       11352

 Length of J-op  integral file:               0.00 MB
 Length of K-op  integral file:               0.08 MB
 Length of 3-ext integral record:             0.00 MB

 Memory could be reduced to 0.62 Mwords without degradation in triples

 Integral transformation finished. Total CPU:   0.02 sec, npass=  1  Memory used:   0.21 MW

 Reference energy:                    -76.85264187

 MP2 singlet pair energy:              -0.20568293
 MP2 triplet pair energy:              -0.10926216
 MP2 correlation energy:               -0.31494509
 MP2 total energy:                    -77.16758696

 SCS-MP2 correlation energy:           -0.31480486   (PS=  1.200000  PT=  0.333333)
 SCS-MP2 total energy:                -77.16744673

 ITER.      SQ.NORM     CORR.ENERGY   TOTAL ENERGY   ENERGY CHANGE        DEN1      VAR(S)    VAR(P)  DIIS     TIME  TIME/IT
   1      1.12055181    -0.32494745   -77.17758932    -0.01000236     0.00036201  0.20D-02  0.23D-02  1  1     0.03     0.01
   2      1.12994835    -0.32622965   -77.17887152    -0.00128220    -0.00871301  0.32D-04  0.39D-03  2  2     0.04     0.01
   3      1.13495296    -0.32647615   -77.17911801    -0.00024650    -0.00245428  0.75D-05  0.46D-04  3  3     0.04     0.01
   4      1.13714162    -0.32658677   -77.17922864    -0.00011062    -0.00070750  0.24D-06  0.46D-05  4  4     0.05     0.01
   5      1.13764562    -0.32659204   -77.17923391    -0.00000527    -0.00011870  0.52D-07  0.32D-06  5  5     0.05     0.01
   6      1.13772096    -0.32659304   -77.17923491    -0.00000100    -0.00001724  0.45D-08  0.22D-07  6  6     0.06     0.01
   7      1.13772915    -0.32659419   -77.17923605    -0.00000115    -0.00000131  0.66D-09  0.22D-08  6  1     0.06     0.01
   8      1.13772971    -0.32659456   -77.17923643    -0.00000037     0.00000082  0.36D-10  0.13D-09  6  2     0.06     0.01
   9      1.13773049    -0.32659457   -77.17923644    -0.00000001    -0.00000037  0.39D-11  0.86D-11  6  3     0.07     0.01
  10      1.13773049    -0.32659457   -77.17923644    -0.00000000     0.00000007  0.18D-12  0.73D-12  6  4     0.07     0.01
  11      1.13773049    -0.32659457   -77.17923644    -0.00000000    -0.00000001  0.21D-13  0.71D-13  6  5     0.08     0.01
  12      1.13773044    -0.32659458   -77.17923644    -0.00000000     0.00000002  0.19D-14  0.15D-13  6  6     0.08     0.01
  13      1.13773041    -0.32659458   -77.17923644    -0.00000000     0.00000001  0.25D-15  0.15D-14  6  2     0.09     0.01
  14      1.13773040    -0.32659458   -77.17923644    -0.00000000     0.00000000  0.98D-17  0.79D-16  6  1     0.09     0.01
  15      1.13773039    -0.32659458   -77.17923644     0.00000000     0.00000000  0.20D-17  0.86D-17  6  3     0.10     0.01
  16      1.13773039    -0.32659458   -77.17923644    -0.00000000     0.00000000  0.63D-19  0.31D-18  6  5     0.10     0.01
  17      1.13773039    -0.32659458   -77.17923644    -0.00000000     0.00000000  0.79D-20  0.31D-19  6  4     0.11     0.01
  18      1.13773039    -0.32659458   -77.17923644    -0.00000000     0.00000000  0.11D-20  0.29D-20  6  6     0.11     0.01

 Norm of t1 vector:      0.05830512      S-energy:     0.00000000      T1 diagnostic:  0.01303742
                                                                       D1 diagnostic:  0.02794600
                                                                       D2 diagnostic:  0.18281228 (internal)

 Doubles amplitudes (print threshold =  0.500E-01):

         I         J         SYM. A    SYM. B    A         B      T(IJ, AB)

         3         3         6         6         1         1     -0.09359720
         4         4         7         7         1         1     -0.09359720
         4         3         7         6         1         1     -0.05841924


 Total CPU time for triples:      0.01 sec


 RESULTS
 =======

  Reference energy                    -76.852641865937
  CCSD singlet pair energy             -0.232499436439
  CCSD triplet pair energy             -0.094095141485
  CCSD correlation energy              -0.326594577676

  Triples (T) contribution             -0.017023463232
  Total correlation energy             -0.343618040908

  CCSD total energy                   -77.179236443613
  CCSD[T] energy                      -77.196886261674
  CCSD-T energy                       -77.195949827515
 !CCSD(T) total energy                -77.196259906845

 Timing summary (sec):

 STEP                 CPU(USER)    SYS     CPU(TOT)    WALL
 Transformation          0.02      0.00      0.02      0.02
 CCSD iterations         0.10      0.02      0.12      0.12
 Triples                 0.01      0.00      0.01      0.01

 Program statistics:

 Available memory in ccsd:              1499999891
 Min. memory needed in ccsd:                 48208
 Max. memory used in ccsd:                   56258
 Max. memory used in cckext:                 80277 (18 integral passes)



 **********************************************************************************************************************************
 DATASETS  * FILE   NREC   LENGTH (MB)   RECORD NAMES
              1      19       30.49       500      610      700      900      950      970     1001      129      960     1100   
                                          VAR    BASINP    GEOM    SYMINP    ZMAT    AOBASIS   BASIS     P2S    ABASIS      S 
                                         1400     1410     1200     1210     1080     1600     1650     1700     1380   
                                           T        V       H0       H01     AOSYM     SMH    MOLCAS    OPER     JKOP   

              2       6        0.84       700     1000      520     2100     1001     2101   
                                         GEOM     BASIS   MCVARS     RHF     BASIS     RHF  

 PROGRAMS   *        TOTAL   CCSD(T)       MP2    HF-SCF       INT       MP2    HF-SCF       INT
 CPU TIMES  *        11.41      0.20      0.09      0.12      1.90      0.16      0.15      8.59
 REAL TIME  *        13.71 SEC
 DISK USED  *        32.65 MB (local),        1.30 GB (total)
 SF USED    *         3.42 MB
 GA USED    *         0.00 MB       (max)       0.00 MB       (current)
 **********************************************************************************************************************************
 SETTING EHLC           =        -0.02867295  AU                              
 SETTING ETOTAL         =       -77.22046370  AU                              
 E2               =       -77.19179076 AU
 EMP2             =       -77.16758696 AU
 EHLC             =        -0.02867295 AU
 ETOTAL           =       -77.22046370 AU
 _ECHARG          =         0.00000000 C
 _ENULL           =         0.00000000 C/Vm
 _EMASS           =         0.00000000 kg
 _EV              =         0.03674932 HARTREE
 _EHOMO           =        -0.41129578  
 _ELUMO           =         0.18953538  
 _EMP2            =       -77.16758696 AU
 _EMP2_SING       =        -0.20568293 AU
 _EMP2_TRIP       =        -0.10926216 AU
 _EMP2_SCS        =       -77.16744673 AU
 _ECSING          =        -0.23249944 AU
 _ECTRIP          =        -0.09409514 AU
 _ENERGC          =       -77.17923644 AU
 _ENERG_CC        =         0.00000000 AU
 _ENERG_CV        =         0.00000000 AU
 _ENERG_VV        =        -0.32659458 AU
 _ENERGR          =       -76.85264187 AU
 _ENERGT(1:3)     = [     -77.19625991   -77.19688626   -77.19594983] AU
 _ENERGY          =       -77.19625991 AU
 _ENERGY_METHOD   =    CCSD(T)
 _ENERGY_BASIS    =    USERDEF
 _ENUC            =        24.71761030 AU
 _ECDIAG          =        -0.09927966 AU
 _EPDIAG          =        -0.09927966 AU
 _ERF             =    ERF
 _ERFC            =    ERFC
 _EXP             =    EXP
 _EMBEDENERGY     =         0.00000000 AU
 _EMBE_CORR       =         0.00000000 AU
 _EMBED_SCF                       =    FALSE   
 _EOMCCSD_CONV                    =    FALSE   


 PROGRAM * OPT (Geometry optimization)     Authors: F. Eckert and H.-J. Werner


 Using mppx in numerical gradients

 BFGS update of hessian

 Geometry optimization using start command=LABEL1

 Optimizing variable ETOTAL; current value:    -77.22046370 AU

 Geometry written to block  1 of record 700

 *** Long output written to logfile /gpfs01/work/emmanous/6Frequencies/implementation/MOLPRO/G4-Tano-v2/EXAMPLE_C2H2/c2h2.opt.log ***


 Generated   2 symmetrical displacements

 Making model hessian for cartesian coordinates

 Entering Rational Function Geometry Optimization

 ITER.   ENERGY(OLD)    ENERGY(NEW)      DE          GRADMAX     GRADNORM    GRADRMS     STEPMAX     STEPLEN     STEPRMS   CPU-time
   1   -77.22046370   -77.22046383    -0.00000012  0.00067343  0.00067567  0.00009652  0.00024475  0.00028045  0.00014023     63.05
   2   -77.22046383   -77.22046384    -0.00000001  0.00002427  0.00002699  0.00000386  0.00002978  0.00003132  0.00001566    126.13
   3   -77.22046384   -77.22046383     0.00000000  0.00000283  0.00000324  0.00000046  0.00000867  0.00000872  0.00000436    188.99

 END OF GEOMETRY OPTIMIZATION.

 Geometry written to block  1 of record 700

 Current geometry (xyz format, in Angstrom)

    4
 CCSD(T)/USERDEF  ENERGY=-77.22046383
 H          0.0000000000        0.0000000000        1.6666358069
 C          0.0000000000        0.0000000000        0.6031485500
 C          0.0000000000        0.0000000000       -0.6031485500
 H          0.0000000000        0.0000000000       -1.6666358069

 **********************************************************************************************************************************


 **********************************************************************************************************************************
 DATASETS  * FILE   NREC   LENGTH (MB)   RECORD NAMES
              1      19       30.49       500      610      700      900      950      970     1001      129      960     1100   
                                          VAR    BASINP    GEOM    SYMINP    ZMAT    AOBASIS   BASIS     P2S    ABASIS      S 
                                         1400     1410     1200     1210     1080     1600     1650     1700     1380   
                                           T        V       H0       H01     AOSYM     SMH    MOLCAS    OPER     JKOP   

              2       8        1.08       700     1000      520     2100     1001     2101     5600     2102   
                                         GEOM     BASIS   MCVARS     RHF     BASIS     RHF     GINFO     RHF  

 PROGRAMS   *        TOTAL      OPTG   CCSD(T)       MP2    HF-SCF       INT       MP2    HF-SCF       INT
 CPU TIMES  *       200.40    188.99      0.20      0.09      0.12      1.90      0.16      0.15      8.59
 REAL TIME  *       217.85 SEC
 DISK USED  *         1.10 GB (local),        7.76 GB (total)
 SF USED    *         3.54 MB
 GA USED    *         0.00 MB       (max)       0.00 MB       (current)
 **********************************************************************************************************************************

 CCSD(T)/USERDEF//CCSD(T)/USERDEF energy=    -77.196257612723

   OPTG(CCSD(T))         CCSD(T)             MP2          HF-SCF             MP2          HF-SCF
    -77.22046383    -77.19625991    -77.16758696    -76.85264187    -77.19179076    -76.85504388
 **********************************************************************************************************************************
 Molpro calculation terminated
