 Cartesian Coordinates are in [bohr]
 Creating new Variables:
 HX1               0.00000000
 HY1               0.00000000
 HZ1               3.14948522
 CX2               0.00000000
 CY2               0.00000000
 CZ2               1.13978557
 CX3               0.00000000
 CY3               0.00000000
 CZ3              -1.13978557
 HX4               0.00000000
 HY4               0.00000000
 HZ4              -3.14948522
 Task   1   Incrementing variable HX1   by    0.010 BOH (Skipping negative increment due to symmetry).
 Task   2   Incrementing variable HY1   by    0.010 BOH (Skipping negative increment due to symmetry).
 Task   3   Incrementing variable HZ1   by    0.010 BOH
 Task   4   Incrementing variable HZ1   by   -0.010 BOH
 Task   5   Incrementing variable CX2   by    0.010 BOH (Skipping negative increment due to symmetry).
 Task   6   Incrementing variable CY2   by    0.010 BOH (Skipping negative increment due to symmetry).
 Task   7   Incrementing variable CZ2   by    0.010 BOH
 Task   8   Incrementing variable CZ2   by   -0.010 BOH

 Switching to mppx mode, nproc=  8

 Starting task   3.  CPU=     0.01 sec, Elapsed=     0.01 sec
 Incrementing variable HZ1              by  0.010000 BOH   to    3.159485 BOH


 Using spherical harmonics



 PROGRAM * SEWARD (Integral evaluation for generally contracted gaussian basis sets)     Author: Roland Lindh, 1990

 Geometry written to block  1 of record 702


 Point group  C2v 



 ATOMIC COORDINATES

 NR  ATOM    CHARGE       X              Y              Z

   1  H       1.00    0.000000000    0.000000000    3.159485225
   2  C       6.00    0.000000000    0.000000000    1.139785572
   3  C       6.00    0.000000000    0.000000000   -1.139785572
   4  H       1.00    0.000000000    0.000000000   -3.149485225

 Bond lengths in Bohr (Angstrom)

 1-2  2.019699653  2-3  2.279571144  3-4  2.009699653
     ( 1.068779029)     ( 1.206297100)     ( 1.063487257)

 Bond angles

  1-2-3  180.00000000   2-3-4  180.00000000

 NUCLEAR CHARGE:                   14
 NUMBER OF PRIMITIVE AOS:         332
 NUMBER OF SYMMETRY AOS:          290
 NUMBER OF CONTRACTIONS:           88   (   40A1  +   20B1  +   20B2  +    8A2  )
 NUMBER OF INNER CORE ORBITALS:     0   (    0A1  +    0B1  +    0B2  +    0A2  )
 NUMBER OF OUTER CORE ORBITALS:     2   (    2A1  +    0B1  +    0B2  +    0A2  )
 NUMBER OF VALENCE ORBITALS:       10   (    6A1  +    2B1  +    2B2  +    0A2  )

 SYMMETRY CHANGED: INITIALIZING OCCUPATION


 NUCLEAR REPULSION ENERGY   24.70163278

 EXTRA SYMMETRY OF AOS IN SYMMETRY 1:   1 1 1 1 1 1 2 1 1 1   1 1 1 1 1 2 1 2 1 2   1 1 1 1 1 1 1 1 2 1   2 1 2 1 1 1 1 1 1 2
 EXTRA SYMMETRY OF AOS IN SYMMETRY 2:   1 1 1 1 1 1 1 1 1 2   1 1 1 1 1 1 2 1 1 1
 EXTRA SYMMETRY OF AOS IN SYMMETRY 3:   1 1 1 1 1 1 1 1 1 2   1 1 1 1 1 1 2 1 1 1

 Eigenvalues of metric

         1 0.181E-03 0.424E-03 0.427E-03 0.502E-02 0.623E-02 0.185E-01 0.308E-01 0.446E-01
         2 0.428E-02 0.177E-01 0.262E-01 0.154E+00 0.262E+00 0.415E+00 0.566E+00 0.763E+00
         3 0.428E-02 0.177E-01 0.262E-01 0.154E+00 0.262E+00 0.415E+00 0.566E+00 0.763E+00
         4 0.177E+00 0.380E+00 0.446E+00 0.904E+00 0.107E+01 0.157E+01 0.163E+01 0.182E+01


 Contracted 2-electron integrals neglected if value below      1.0D-18
 AO integral compression algorithm  1   Integral accuracy      1.0D-18

     17.564 MB (compressed) written to integral file ( 90.1%)


 NUMBER OF SORTED TWO-ELECTRON INTEGRALS:    2065006.     BUFFER LENGTH:  32768
 NUMBER OF SEGMENTS:   1  SEGMENT LENGTH:    2065006      RECORD LENGTH: 524288

 Memory used in sort:       2.62 MW

 SORT1 READ     2449076. AND WROTE     1785872. INTEGRALS IN      6 RECORDS. CPU TIME:     0.05 SEC, REAL TIME:     0.06 SEC
 SORT2 READ     1785872. AND WROTE     2065006. INTEGRALS IN     67 RECORDS. CPU TIME:     0.05 SEC, REAL TIME:     0.07 SEC

 FILE SIZES:   FILE 1:    48.3 MBYTE,  FILE 4:    25.2 MBYTE,   TOTAL:     73.5 MBYTE

 OPERATOR DM      FOR CENTER  0  COORDINATES:    0.000000    0.000000    0.000000

 Program * Restricted Hartree-Fock

 Molecular orbitals read from record     2100.2  Type=RHF/CANONICAL  

 Present basis size:       40   20   20    8
 Previous basis size:      20   10   10    4   20   10   10    4
 Previous occupation:       3    1    1    0    2    0    0    0
 Previous closed-shells:    3    1    1    0    2    0    0    0
 Previous core-orbitals:    1    0    0    0    1    0    0    0
 Present occupation:        5    1    1    0
 Present closed-shells:     5    1    1    0
 Present core-orbitals:     2    0    0    0
 Wavefunction symmetry:    1   Singlet 

 Orbital overlap <old|new>:  < 1.1| 1.1> = 1.000000   < 1.5| 2.1> = 1.000000   < 2.1| 3.1> = 1.000000   < 3.1| 4.1> = 1.000000
                             < 1.2| 1.2> = 1.000000   < 1.3| 1.3> = 1.000000   < 2.5| 5.1> = 1.000000


 NELEC=   14   SYM=1   MS2= 0   THRE=1.0D-12   THRD=1.0D-07   THRG=1.0D-07  HFMA2=F  DIIS_START=2   DIIS_MAX=10   DIIS_INCORE=F

 Level shifts:    0.00 (CLOSED)    0.00 (OPEN)    0.30 (GAP_MIN)

 ITER           ETOT              DE          GRAD        DDIFF     DIIS  NEXP   TIME(IT)  TIME(TOT)  DIAG
   1      -76.85252213     -76.85252213     0.00D+00     0.11D+00     0     0       0.00      0.01    start
   2      -76.85256844      -0.00004631     0.61D-03     0.48D-03     1     0       0.01      0.02    diag
   3      -76.85257046      -0.00000203     0.12D-03     0.12D-03     2     0       0.01      0.03    diag
   4      -76.85257183      -0.00000136     0.82D-04     0.46D-04     3     0       0.00      0.03    diag
   5      -76.85257186      -0.00000004     0.98D-05     0.70D-05     4     0       0.01      0.04    diag
   6      -76.85257187      -0.00000000     0.30D-05     0.17D-05     5     0       0.00      0.04    diag
   7      -76.85257187      -0.00000000     0.52D-06     0.40D-06     6     0       0.01      0.05    diag
   8      -76.85257187      -0.00000000     0.74D-07     0.51D-07     7     0       0.00      0.05    fixocc
   9      -76.85257187      -0.00000000     0.13D-07     0.12D-07     8     0       0.01      0.06    diag
  10      -76.85257187       0.00000000     0.16D-08     0.12D-08     0     0       0.00      0.06    diag/orth

 Final occupancy:   5   1   1   0

 !RHF STATE 1.1 Energy                -76.852571866661
  RHF One-electron energy            -151.533106436859
  RHF Two-electron energy              49.978901786635
  RHF Kinetic energy                   76.716344988539
  RHF Nuclear energy                   24.701632783562
  RHF Virial quotient                  -1.001775721695

 !RHF STATE 1.1 Dipole moment           0.00000000     0.00000000     0.00222294
 Dipole moment /Debye                   0.00000000     0.00000000     0.00565015

 Orbital energies:

           1.1          2.1          3.1          4.1          5.1          6.1          7.1
    -11.245316   -11.241546    -1.029912    -0.767473    -0.680806     0.271479     0.318909

           1.2          2.2          3.2
     -0.411299     0.189657     0.452624

           1.3          2.3          3.3
     -0.411299     0.189657     0.452624

           1.4          2.4
      0.642065     0.997131


 HOMO      1.3    -0.411299 =     -11.1920eV
 LUMO      2.2     0.189657 =       5.1608eV
 LUMO-HOMO         0.600956 =      16.3528eV

 Orbitals saved in record  2101.1


 **********************************************************************************************************************************
 DATASETS  * FILE   NREC   LENGTH (MB)   RECORD NAMES
              1      21       43.11       500      610      700      702      900      950      970     1001      129      960   
                                          VAR    BASINP    GEOM     GEOM    SYMINP    ZMAT    AOBASIS   BASIS     P2S    ABASIS    
                                         1100     1400     1410     1200     1210     1080     1600     1650     1300     1700   
                                           S        T        V       H0       H01     AOSYM     SMH    MOLCAS    ERIS     OPER   
                                         2101   
                                          RHF  

              2       9        1.06       700     1000      520     2100     4100      701     5500      702     1001   
                                         GEOM     BASIS   MCVARS     RHF     CPHF     GEOM     HINFO    GEOM     BASIS   

 PROGRAMS   *        TOTAL    HF-SCF       MP2    HF-SCF       INT
 CPU TIMES  *         9.58      7.95      0.10      0.15      1.23
 REAL TIME  *        10.87 SEC
 DISK USED  *        71.20 MB
 SF USED    *         0.77 MB
 **********************************************************************************************************************************


 PROGRAM * MP2 (Closed-shell)     Authors: C. Hampel, H.-J. Werner, 1991, M. Deegan, P.J. Knowles, 1992


 Convergence thresholds:  THRVAR = 1.00D-16  THRDEN = 1.00D-12

 Number of core orbitals:           2 (   2   0   0   0 )
 Number of closed-shell orbitals:   5 (   3   1   1   0 )
 Number of external orbitals:      81 (  35  19  19   8 )

 Molecular orbitals read from record     2101.1  Type=RHF/CANONICAL (state 1.1)

 Number of N-1 electron functions:               5
 Number of N-2 electron functions:              15
 Number of singly external CSFs:               143
 Number of doubly external CSFs:             22349
 Total number of CSFs:                       22493

 Length of J-op  integral file:               0.00 MB
 Length of K-op  integral file:               0.20 MB

 Integral transformation finished. Total CPU:   0.01 sec, npass=  1  Memory used:   0.11 MW

 Memory needed for MP2:                      0.01 MW

 SCS-MP2 correlation energy:           -0.314846328835   (PS=  1.200000  PT=  0.333333)
 SCS-MP2 total energy:                -77.167418195496


  Reference energy                    -76.852571866661
  MP2 singlet pair energy              -0.205715489946
  MP2 triplet pair energy              -0.109266012160
  MP2 correlation energy               -0.314981502106

 !MP2 total energy                    -77.167553368768

 KEXT needed  1 integral passes. Memory used:   0.15 MW  CPU time:      0.02 sec


 CPHF trial vector read from record  4100.2

 Starting Coupled-perturbed Hartree-Fock, convergence threshold= 1.0D-06

 ITER   MIC  DIIS      VAR         VARC       CPU
   1     0     0    0.10D+01    0.99D+00     0.01
   2     1     1    0.38D-01    0.27D-01     0.01
   3     3     2    0.13D-02    0.36D-03     0.02
   4     4     3    0.50D-04    0.21D-04     0.03
   5     5     4    0.25D-05    0.49D-06     0.03
   6     2     5    0.80D-07    0.18D-07     0.04

 CPHF convergence reached in  6 macroiterations and   15 microiterations.   Accuracy: 8.0246D-08

 Dipole moments (unrelaxed):            0.00000000     0.00000000     0.00216102
 Orbital relaxation contribution:      -0.00000000    -0.00000000     0.00000098
 !MP2 STATE 1.1 Dipole moment           0.00000000     0.00000000     0.00216200
 Dipole moment /Debye                   0.00000000     0.00000000     0.00549527

 CPU-time for density and lagrangian:                  0.00 sec
 CPU-time for coupled-perturbed hartree-fock:          0.04 sec

 MP2 gradient info saved on record         5200.1


 **********************************************************************************************************************************
 DATASETS  * FILE   NREC   LENGTH (MB)   RECORD NAMES
              1      23       43.82       500      610      700      702      900      950      970     1001      129      960   
                                          VAR    BASINP    GEOM     GEOM    SYMINP    ZMAT    AOBASIS   BASIS     P2S    ABASIS    
                                         1100     1400     1410     1200     1210     1080     1600     1650     1300     1700   
                                           S        T        V       H0       H01     AOSYM     SMH    MOLCAS    ERIS     OPER   
                                         2101     1380     5200   
                                          RHF     JKOP      MP2  

              2       9        1.06       700     1000      520     2100     4100      701     5500      702     1001   
                                         GEOM     BASIS   MCVARS     RHF     CPHF     GEOM     HINFO    GEOM     BASIS   

 PROGRAMS   *        TOTAL       MP2       MP2    HF-SCF       INT
 CPU TIMES  *         9.73      0.15      0.10      0.15      1.23
 REAL TIME  *        11.04 SEC
 DISK USED  *        71.20 MB
 SF USED    *         0.77 MB
 **********************************************************************************************************************************

 PROGRAM * ALASKA (Gradient of the energy)     Author: R. Lindh


 MP2      Gradient info restored from record    5200.1

 Number of core orbitals:           2 (   2   0   0   0 )
 Number of closed-shell orbitals:   5 (   3   1   1   0 )
 Number of external orbitals:      81 (  35  19  19   8 )

 Integral thresholds in T2TRAN:            1.0D-10 (PROD)

 Available memory for Transformation:1496427566 words
 Memory needed for incore algorithm:      74850 words
 Minimum memory needed:                   33410 words

 Memory used for transformation:           0.07 MW
 Available memory for gradients:        1498.35 MW

 CPU for transformation:                   0.04 sec
 CPU for integrals and gradient:          31.18 sec
 Total CPU:                               31.22 sec

 Prescreening statistics:
 ========================

 Total number of shell quadruplets:        5.56D+03
 Number of shell quadruplets processed:    5.56D+03 ( 99.98%)

 MP2 GRADIENT FOR STATE 1.1

 Atom          dE/dx               dE/dy               dE/dz

   1         0.000000000         0.000000000         0.004986874
   2         0.000000000         0.000000000        -0.015227906
   3         0.000000000         0.000000000         0.011132099
   4         0.000000000         0.000000000        -0.000891068

 Nuclear force contribution to virial =        -0.011482392

 Tasks on processor    0 finished.  CPU=     40.10 sec, Elapsed=     40.19 sec. Waiting for other processors...

 Switching back to mpp mode, nproc=  8


 Recomputing wavefunction at initial geometry


 Using spherical harmonics



 PROGRAM * SEWARD (Integral evaluation for generally contracted gaussian basis sets)     Author: Roland Lindh, 1990

 Geometry written to block  1 of record 700


 Point group  D2h 



 ATOMIC COORDINATES

 NR  ATOM    CHARGE       X              Y              Z

   1  H       1.00    0.000000000    0.000000000    3.149485225
   2  H       1.00    0.000000000    0.000000000   -3.149485225
   3  C       6.00    0.000000000    0.000000000    1.139785572
   4  C       6.00    0.000000000    0.000000000   -1.139785572

 Bond lengths in Bohr (Angstrom)

 1-3  2.009699653  2-4  2.009699653  3-4  2.279571144
     ( 1.063487257)     ( 1.063487257)     ( 1.206297100)

 Bond angles

  1-3-4  180.00000000   2-4-3  180.00000000

 NUCLEAR CHARGE:                   14
 NUMBER OF PRIMITIVE AOS:         332
 NUMBER OF SYMMETRY AOS:          290
 NUMBER OF CONTRACTIONS:           88   (   20Ag  +   10B3u +   10B2u +    4B1g +   20B1u +   10B2g +   10B3g +    4Au  )
 NUMBER OF INNER CORE ORBITALS:     0   (    0Ag  +    0B3u +    0B2u +    0B1g +    0B1u +    0B2g +    0B3g +    0Au  )
 NUMBER OF OUTER CORE ORBITALS:     2   (    1Ag  +    0B3u +    0B2u +    0B1g +    1B1u +    0B2g +    0B3g +    0Au  )
 NUMBER OF VALENCE ORBITALS:       10   (    3Ag  +    1B3u +    1B2u +    0B1g +    3B1u +    1B2g +    1B3g +    0Au  )


 NUCLEAR REPULSION ENERGY   24.71992009

 EXTRA SYMMETRY OF AOS IN SYMMETRY 1:   1 1 1 1 1 1 2 1 1 1   1 1 1 1 1 2 1 2 1 2
 EXTRA SYMMETRY OF AOS IN SYMMETRY 2:   1 1 1 1 1 1 1 1 1 2
 EXTRA SYMMETRY OF AOS IN SYMMETRY 3:   1 1 1 1 1 1 1 1 1 2
 EXTRA SYMMETRY OF AOS IN SYMMETRY 5:   1 1 1 1 1 1 2 1 1 1   1 1 1 1 1 2 1 2 1 2
 EXTRA SYMMETRY OF AOS IN SYMMETRY 6:   1 1 1 1 1 1 1 1 1 2
 EXTRA SYMMETRY OF AOS IN SYMMETRY 7:   1 1 1 1 1 1 1 1 1 2

 Eigenvalues of metric

         1 0.424E-03 0.622E-02 0.182E-01 0.655E-01 0.392E+00 0.444E+00 0.512E+00 0.743E+00
         2 0.259E-01 0.261E+00 0.564E+00 0.878E+00 0.104E+01 0.124E+01 0.157E+01 0.175E+01
         3 0.259E-01 0.261E+00 0.564E+00 0.878E+00 0.104E+01 0.124E+01 0.157E+01 0.175E+01
         4 0.444E+00 0.107E+01 0.163E+01 0.182E+01
         5 0.180E-03 0.424E-03 0.502E-02 0.304E-01 0.440E-01 0.177E+00 0.298E+00 0.379E+00
         6 0.427E-02 0.174E-01 0.154E+00 0.413E+00 0.763E+00 0.781E+00 0.967E+00 0.140E+01
         7 0.427E-02 0.174E-01 0.154E+00 0.413E+00 0.763E+00 0.781E+00 0.967E+00 0.140E+01
         8 0.177E+00 0.379E+00 0.903E+00 0.157E+01


 Contracted 2-electron integrals neglected if value below      1.0D-18
 AO integral compression algorithm  1   Integral accuracy      1.0D-18

     12.845 MB (compressed) written to integral file ( 96.6%)

     Node minimum: 1.311 MB, node maximum: 2.097 MB


 NUMBER OF SORTED TWO-ELECTRON INTEGRALS:     125554.     BUFFER LENGTH:  32768
 NUMBER OF SEGMENTS:   1  SEGMENT LENGTH:     125554      RECORD LENGTH: 524288

 Memory used in sort:       0.68 MW

 SORT1 READ     1627520. AND WROTE      113902. INTEGRALS IN      1 RECORDS. CPU TIME:     0.06 SEC, REAL TIME:     0.07 SEC
 SORT2 READ      940614. AND WROTE     1044030. INTEGRALS IN     40 RECORDS. CPU TIME:     0.01 SEC, REAL TIME:     0.01 SEC

 Node minimum:      125554.  Node maximum:      134456. integrals

 OPERATOR DM      FOR CENTER  0  COORDINATES:    0.000000    0.000000    0.000000

 Program * Restricted Hartree-Fock

 Molecular orbitals read from record     2100.2  Type=RHF/CANONICAL  

 NELEC=   14   SYM=1   MS2= 0   THRE=1.0D-12   THRD=1.0D-06   THRG=1.0D-06  HFMA2=F  DIIS_START=2   DIIS_MAX=10   DIIS_INCORE=F

 Level shifts:    0.00 (CLOSED)    0.00 (OPEN)    0.30 (GAP_MIN)

 ITER           ETOT              DE          GRAD        DDIFF     DIIS  NEXP   TIME(IT)  TIME(TOT)  DIAG
   1      -76.85266183     -76.85266183     0.00D+00     0.16D+00     0     0       0.00      0.00    start
   2      -76.85266183       0.00000000     0.74D-09     0.49D-09     1     0       0.00      0.00    diag

 Final occupancy:   3   1   1   0   2   0   0   0

 !RHF STATE 1.1 Energy                -76.852661832867
  RHF One-electron energy            -151.566226108548
  RHF Two-electron energy              49.993644186943
  RHF Kinetic energy                   76.724716043016
  RHF Nuclear energy                   24.719920088737
  RHF Virial quotient                  -1.001667595482

 !RHF STATE 1.1 Dipole moment           0.00000000     0.00000000     0.00000000
 Dipole moment /Debye                   0.00000000     0.00000000     0.00000000

 Orbital energies:

           1.1          2.1          3.1          4.1          5.1
    -11.245087    -1.030060    -0.681745     0.318704     0.322277

           1.2          2.2          3.2
     -0.411340     0.452581     0.742232

           1.3          2.3          3.3
     -0.411340     0.452581     0.742232

           1.4          2.4
      0.642001     2.129462

           1.5          2.5          3.5          4.5
    -11.241354    -0.768543     0.272388     0.452749

           1.6          2.6
      0.189601     0.743983

           1.7          2.7
      0.189601     0.743983

           1.8          2.8
      0.997109     2.640448


 HOMO      1.3    -0.411340 =     -11.1931eV
 LUMO      1.6     0.189601 =       5.1593eV
 LUMO-HOMO         0.600941 =      16.3524eV

 Orbitals saved in record  2100.2


 **********************************************************************************************************************************
 DATASETS  * FILE   NREC   LENGTH (MB)   RECORD NAMES
              1      18       28.94       500      610      700      900      950      970     1000      129      960     1100   
                                          VAR    BASINP    GEOM    SYMINP    ZMAT    AOBASIS   BASIS     P2S    ABASIS      S 
                                         1400     1410     1200     1210     1080     1600     1650     1700   
                                           T        V       H0       H01     AOSYM     SMH    MOLCAS    OPER   

              2       8        0.58       700     1000      520     2100     4100     5300     5450     5400   
                                         GEOM     BASIS   MCVARS     RHF     CPHF     HESS     NMOD     FREQ   

 PROGRAMS   *        TOTAL    HF-SCF       MP2    HF-SCF       INT
 CPU TIMES  *        53.94      2.71      0.10      0.15      1.23
 REAL TIME  *        56.36 SEC
 DISK USED  *        71.20 MB (local),      727.42 MB (total)
 SF USED    *         0.77 MB
 GA USED    *         0.00 MB       (max)       0.00 MB       (current)
 **********************************************************************************************************************************


 PROGRAM * MP2 (Closed-shell)     Authors: C. Hampel, H.-J. Werner, 1991, M. Deegan, P.J. Knowles, 1992


 Convergence thresholds:  THRVAR = 1.00D-16  THRDEN = 1.00D-12

 Number of core orbitals:           2 (   1   0   0   0   1   0   0   0 )
 Number of closed-shell orbitals:   5 (   2   1   1   0   1   0   0   0 )
 Number of external orbitals:      81 (  17   9   9   4  18  10  10   4 )

 Molecular orbitals read from record     2100.2  Type=RHF/CANONICAL (state 1.1)

 Number of N-1 electron functions:               5
 Number of N-2 electron functions:              15
 Number of singly external CSFs:                70
 Number of doubly external CSFs:             11281
 Total number of CSFs:                       11352

 Length of J-op  integral file:               0.00 MB
 Length of K-op  integral file:               0.08 MB

 Integral transformation finished. Total CPU:   0.01 sec, npass=  1  Memory used:   0.08 MW

 Memory needed for MP2:                      0.01 MW

 SCS-MP2 correlation energy:           -0.314781978976   (PS=  1.200000  PT=  0.333333)
 SCS-MP2 total energy:                -77.167443811843


  Reference energy                    -76.852661832867
  MP2 singlet pair energy              -0.205669244400
  MP2 triplet pair energy              -0.109251780583
  MP2 correlation energy               -0.314921024983

 !MP2 total energy                    -77.167582857850

 KEXT needed  1 integral passes. Memory used:   0.08 MW  CPU time:      0.00 sec


 CPHF trial vector read from record  4100.2

 Starting Coupled-perturbed Hartree-Fock, convergence threshold= 1.0D-06

 ITER   MIC  DIIS      VAR         VARC       CPU
   1     0     1    0.16D-07    0.13D-08     0.00

 CPHF convergence reached in  1 macroiterations and    0 microiterations.   Accuracy: 1.6101D-08

 CPHF solution written to record  4100.2

 Dipole moments (unrelaxed):            0.00000000     0.00000000     0.00000000
 Orbital relaxation contribution:      -0.00000000    -0.00000000    -0.00000000
 !MP2 STATE 1.1 Dipole moment           0.00000000     0.00000000     0.00000000
 Dipole moment /Debye                   0.00000000     0.00000000     0.00000000

 CPU-time for density and lagrangian:                  0.00 sec
 CPU-time for coupled-perturbed hartree-fock:          0.00 sec

 MP2 gradient info saved on record         5200.1


 **********************************************************************************************************************************
 DATASETS  * FILE   NREC   LENGTH (MB)   RECORD NAMES
              1      20       29.28       500      610      700      900      950      970     1000      129      960     1100   
                                          VAR    BASINP    GEOM    SYMINP    ZMAT    AOBASIS   BASIS     P2S    ABASIS      S 
                                         1400     1410     1200     1210     1080     1600     1650     1700     1380     5200   
                                           T        V       H0       H01     AOSYM     SMH    MOLCAS    OPER     JKOP      MP2  

              2       8        0.58       700     1000      520     2100     4100     5300     5450     5400   
                                         GEOM     BASIS   MCVARS     RHF     CPHF     HESS     NMOD     FREQ   

 PROGRAMS   *        TOTAL       MP2       MP2    HF-SCF       INT
 CPU TIMES  *        54.03      0.09      0.10      0.15      1.23
 REAL TIME  *        56.48 SEC
 DISK USED  *        71.20 MB (local),      727.42 MB (total)
 SF USED    *         0.79 MB
 GA USED    *         0.00 MB       (max)       0.00 MB       (current)
 **********************************************************************************************************************************
