
 Working directory              : /scratch/emmanous/bh3.MP2.anopVTZ.com.52455/molpro.LfoX3elgrK/
 Global scratch directory       : /scratch/emmanous/bh3.MP2.anopVTZ.com.52455/molpro.LfoX3elgrK/
 Wavefunction directory         : /home/emmanous/wfu/
 Main file repository           : /scratch/emmanous/bh3.MP2.anopVTZ.com.52455/molpro.LfoX3elgrK/

 id        : wis

 Nodes     nprocs
 cff147       8
 GA implementation: MPI file
 GA implementation (serial work in mppx): MPI file

 Using DEFAULT tuning parameter for ncache   :   16384
 Using DEFAULT tuning parameter for mflopdgm :   10000
 Using DEFAULT tuning parameter for mflopdgv :    4000
 Using DEFAULT tuning parameter for mflopmxm :    5000
 Using DEFAULT tuning parameter for mflopmxv :    4000
 Using DEFAULT tuning parameter for mindgm   :       1
 Using DEFAULT tuning parameter for mindgc   :       4
 Using DEFAULT tuning parameter for mindgf   :    5000
 Using DEFAULT tuning parameter for mindgl   :       4
 Using DEFAULT tuning parameter for mindgr   :       1
 Using DEFAULT tuning parameter for mindgv   :      20
 Using DEFAULT tuning parameter for mincuda  :     500
 Using DEFAULT tuning parameter for mxmblk   :      64
 Using DEFAULT tuning parameter for mxmbln   :      64
 Using DEFAULT tuning parameter for nroll    :       2
 Using custom tuning parameter for ngpus     :       0
 Using customized tuning parameters: mindgm=1; mindgv=20; mindgc=4; mindgr=1; noblas=0; minvec=7

 Fortran compiler: integer size=8, double size=8, logical size=8
 default implementation of scratch files=sf  


 Variables initialized (1015), CPU time= 0.01 sec
 gthresh,energy=1d-12,gradient=1d-6,twoint=1d-18,prefac=1d-20
 noorient
 charge=0
 multiplicity=1
 geomtyp=xyz
 geom={
  B         -0.0000000000       -0.0000107613        0.0000000000
  H          0.0000000000        1.1891811079        0.0000000000
  H          1.0298423809       -0.5945851733        0.0000000000
  H         -1.0298423809       -0.5945851733        0.0000000000
 }
 MASS,ISO
 MASS,PRINT
 
 basis={
 Including file /gpfs01/work/emmanous/6Frequencies/implementation/MOLPRO/G4-Tano-F12-v2/EXAMPLE_BH3/ano-pVTZ.mbas
 }
 hf
 mp2
 {freq,analytic,print=3;noproject}
 Commands initialized (834), CPU time= 0.01 sec, 672 directives.
 Default parameters read. Elapsed time= 0.07 sec

 Using DEFAULT tuning parameter for mpplat   :       3
 Using DEFAULT tuning parameter for mppspeed :    1600
 Checking input...
 Passed
1


                                         ***  PROGRAM SYSTEM MOLPRO  ***
                                       Copyright, TTI GmbH Stuttgart, 2015
                                    Version 2022.2 linked Thu May  5 23:39:45 2022


 **********************************************************************************************************************************
 LABEL *                                                                                 
  64 bit mpp version                                                                     DATE: 12-Aug-23          TIME: 10:30:05  
 **********************************************************************************************************************************

 SHA1:             518bf5c5e315925380b88506c70af759aa1d1d96
 **********************************************************************************************************************************

 Memory per process:      1500 MW
 Total memory per node:  12000 MW

 GA preallocation disabled
 GA check disabled

 Variable memory set to 1500.0 MW


 THRESHOLDS:

 ZERO    =  1.00D-12  ONEINT  =  1.00D-12  TWOINT  =  1.00D-18  PREFAC  =  1.00D-20  XXXXXX  =  1.00D-09  EORDER  =  1.00D-04
 ENERGY  =  1.00D-12  ETEST   =  0.00D+00  EDENS   =  0.00D+00  THRDEDEF=  1.00D-06  GRADIENT=  1.00D-06  STEP    =  1.00D-03
 ORBITAL =  1.00D-05  CIVEC   =  1.00D-05  COEFF   =  1.00D-04  PRINTCI =  5.00D-02  PUNCHCI =  9.90D+01  OPTGRAD =  3.00D-04
 OPTENERG=  1.00D-06  OPTSTEP =  3.00D-04  THRGRAD =  1.00D-10  COMPRESS=  1.00D-11  VARMIN  =  1.00D-07  VARMAX  =  1.00D-03
 THRDOUB =  0.00D+00  THRDIV  =  1.00D-05  THRRED  =  1.00D-07  THRPSP  =  1.00D+00  THRDC   =  1.00D-10  THRCS   =  1.00D-10
 THRNRM  =  1.00D-08  THREQ   =  0.00D+00  THRDE   =  1.00D+00  THRREF  =  1.00D-05  SPARFAC =  1.00D+00  THRDLP  =  1.00D-07
 THRDIA  =  1.00D-10  THRDLS  =  1.00D-07  THRGPS  =  0.00D+00  THRKEX  =  0.00D+00  THRDIS  =  2.00D-01  THRVAR  =  1.00D-10
 THRLOC  =  1.00D-06  THRGAP  =  1.00D-06  THRLOCT = -1.00D+00  THRGAPT = -1.00D+00  THRORB  =  1.00D-06  THRMLTP =  0.00D+00
 THRCPQCI=  1.00D-10  KEXTA   =  0.00D+00  THRCOARS=  0.00D+00  SYMTOL  =  1.00D-06  GRADTOL =  1.00D-06  THROVL  =  1.00D-08
 THRORTH =  1.00D-08  THRDLOVL= -1.00D+00  GRID    =  1.00D-06  GRIDMAX =  1.00D-03  DTMAX   =  0.00D+00  THROCCDE=  1.00D-01
 THROCCDE=  1.00D-01  THRPRINT=  2.50D-01

 SETTING CHARGE         =      0.0000000D+00                                  
 SETTING MULTIPLICITY   =         1.00000000                                  
 SETTING GEOMTYP        =    XYZ


 Using masses of most abundant isotopes

 **********************************************************************************************************************************


 Atomic masses

 Center       Mass
 B         11.00931
 H          1.00782
 H          1.00782
 H          1.00782
 SETTING BASIS          =    USERDEF


 Recomputing integrals since basis changed


 Using spherical harmonics



 PROGRAM * SEWARD (Integral evaluation for generally contracted gaussian basis sets)     Author: Roland Lindh, 1990

 Geometry written to block  1 of record 700


 Point group  C2v 



 ATOMIC COORDINATES

 NR  ATOM    CHARGE       X              Y              Z

   1  B       5.00    0.000000000   -0.000020336    0.000000000
   2  H       1.00    0.000000000    2.247226607    0.000000000
   3  H       1.00    1.946120051   -1.123603135    0.000000000
   4  H       1.00   -1.946120051   -1.123603135    0.000000000

 Bond lengths in Bohr (Angstrom)

 1-2  2.247246942  1-3  2.247180803  1-4  2.247180803
     ( 1.189191869)     ( 1.189156870)     ( 1.189156870)

 Bond angles

  2-1-3  119.99977618   2-1-4  119.99977618   3-1-4  120.00044763

 NUCLEAR CHARGE:                    8
 NUMBER OF PRIMITIVE AOS:         266
 NUMBER OF SYMMETRY AOS:          237
 NUMBER OF CONTRACTIONS:           72   (   30A1  +   20B1  +   14B2  +    8A2  )
 NUMBER OF INNER CORE ORBITALS:     0   (    0A1  +    0B1  +    0B2  +    0A2  )
 NUMBER OF OUTER CORE ORBITALS:     1   (    1A1  +    0B1  +    0B2  +    0A2  )
 NUMBER OF VALENCE ORBITALS:        7   (    4A1  +    2B1  +    1B2  +    0A2  )


 NUCLEAR REPULSION ENERGY    7.44572339

 Eigenvalues of metric

         1 0.537E-03 0.540E-03 0.254E-01 0.340E-01 0.456E-01 0.478E-01 0.961E-01 0.343E+00
         2 0.540E-03 0.167E-01 0.254E-01 0.478E-01 0.961E-01 0.343E+00 0.488E+00 0.554E+00
         3 0.314E-01 0.364E-01 0.338E+00 0.461E+00 0.527E+00 0.673E+00 0.956E+00 0.100E+01
         4 0.364E-01 0.338E+00 0.461E+00 0.923E+00 0.956E+00 0.150E+01 0.173E+01 0.181E+01


 Contracted 2-electron integrals neglected if value below      1.0D-18
 AO integral compression algorithm  1   Integral accuracy      1.0D-18

     11.010 MB (compressed) written to integral file (100.0%)

     Node minimum: 1.311 MB, node maximum: 1.573 MB


 NUMBER OF SORTED TWO-ELECTRON INTEGRALS:     114459.     BUFFER LENGTH:  32768
 NUMBER OF SEGMENTS:   1  SEGMENT LENGTH:     114459      RECORD LENGTH: 524288

 Memory used in sort:       0.67 MW

 SORT1 READ     1221234. AND WROTE      111603. INTEGRALS IN      1 RECORDS. CPU TIME:     0.03 SEC, REAL TIME:     0.03 SEC
 SORT2 READ      901437. AND WROTE      928146. INTEGRALS IN     40 RECORDS. CPU TIME:     0.00 SEC, REAL TIME:     0.00 SEC

 Node minimum:      114156.  Node maximum:      120324. integrals

 OPERATOR DM      FOR CENTER  0  COORDINATES:    0.000000    0.000000    0.000000


 **********************************************************************************************************************************
 DATASETS  * FILE   NREC   LENGTH (MB)   RECORD NAMES
              1      18       28.93       500      610      700      900      950      970     1000      129      960     1100   
                                          VAR    BASINP    GEOM    SYMINP    ZMAT    AOBASIS   BASIS     P2S    ABASIS      S 
                                         1400     1410     1200     1210     1080     1600     1650     1700   
                                           T        V       H0       H01     AOSYM     SMH    MOLCAS    OPER   

 PROGRAMS   *        TOTAL       INT
 CPU TIMES  *         0.78      0.64
 REAL TIME  *         1.74 SEC
 DISK USED  *        29.27 MB (local),      273.71 MB (total)
 GA USED    *         0.00 MB       (max)       0.00 MB       (current)
 **********************************************************************************************************************************


 Program * Restricted Hartree-Fock

 Orbital guess generated from atomic densities.

 Initial occupancy:   3   1   0   0

 NELEC=    8   SYM=1   MS2= 0   THRE=1.0D-12   THRD=1.0D-06   THRG=1.0D-06  HFMA2=F  DIIS_START=2   DIIS_MAX=10   DIIS_INCORE=F

 Level shifts:    0.00 (CLOSED)    0.00 (OPEN)    0.30 (GAP_MIN)

 ITER           ETOT              DE          GRAD        DDIFF     DIIS  NEXP   TIME(IT)  TIME(TOT)  DIAG
   1      -26.39528996     -26.39528996     0.00D+00     0.95D-01     0     0       0.00      0.00    start
   2      -26.40081347      -0.00552351     0.58D-02     0.26D-02     1     0       0.01      0.01    diag
   3      -26.40112354      -0.00031007     0.13D-02     0.94D-03     2     0       0.00      0.01    diag
   4      -26.40113635      -0.00001281     0.25D-03     0.20D-03     3     0       0.00      0.01    diag
   5      -26.40113664      -0.00000029     0.32D-04     0.30D-04     4     0       0.00      0.01    diag
   6      -26.40113664      -0.00000001     0.42D-05     0.40D-05     5     0       0.00      0.01    diag
   7      -26.40113664      -0.00000000     0.64D-06     0.48D-06     6     0       0.00      0.01    diag
   8      -26.40113664      -0.00000000     0.45D-07     0.44D-07     7     0       0.00      0.01    fixocc
   9      -26.40113664       0.00000000     0.34D-08     0.23D-08     0     0       0.00      0.01    diag

 Final occupancy:   3   1   0   0

 !RHF STATE 1.1 Energy                -26.401136642463
  RHF One-electron energy             -49.055922940373
  RHF Two-electron energy              15.209062911580
  RHF Kinetic energy                   26.392513253795
  RHF Nuclear energy                    7.445723386331
  RHF Virial quotient                  -1.000326736169

 !RHF STATE 1.1 Dipole moment           0.00000000    -0.00002121     0.00000000
 Dipole moment /Debye                   0.00000000    -0.00005390     0.00000000

 Orbital energies:

           1.1          2.1          3.1          4.1          5.1
     -7.614101    -0.705739    -0.499526     0.255639     0.258372

           1.2          2.2          3.2
     -0.499533     0.255633     0.346398

           1.3          2.3
      0.063142     0.414853

           1.4          2.4
      0.446723     1.091123


 HOMO      3.1    -0.499526 =     -13.5928eV
 LUMO      1.3     0.063142 =       1.7182eV
 LUMO-HOMO         0.562667 =      15.3110eV

 Orbitals saved in record  2100.2


 **********************************************************************************************************************************
 DATASETS  * FILE   NREC   LENGTH (MB)   RECORD NAMES
              1      18       28.93       500      610      700      900      950      970     1000      129      960     1100   
                                          VAR    BASINP    GEOM    SYMINP    ZMAT    AOBASIS   BASIS     P2S    ABASIS      S 
                                         1400     1410     1200     1210     1080     1600     1650     1700   
                                           T        V       H0       H01     AOSYM     SMH    MOLCAS    OPER   

              2       4        0.44       700     1000      520     2100   
                                         GEOM     BASIS   MCVARS     RHF  

 PROGRAMS   *        TOTAL    HF-SCF       INT
 CPU TIMES  *         2.13      1.35      0.64
 REAL TIME  *         3.30 SEC
 DISK USED  *        29.53 MB (local),      275.78 MB (total)
 GA USED    *         0.00 MB       (max)       0.00 MB       (current)
 **********************************************************************************************************************************


 PROGRAM * MP2 (Closed-shell)     Authors: C. Hampel, H.-J. Werner, 1991, M. Deegan, P.J. Knowles, 1992


 Convergence thresholds:  THRVAR = 1.00D-16  THRDEN = 1.00D-12

 Number of core orbitals:           1 (   1   0   0   0 )
 Number of closed-shell orbitals:   3 (   2   1   0   0 )
 Number of external orbitals:      68 (  27  19  14   8 )

 Molecular orbitals read from record     2100.2  Type=RHF/CANONICAL  

 Number of N-1 electron functions:               3
 Number of N-2 electron functions:               6
 Number of singly external CSFs:                73
 Number of doubly external CSFs:              5977
 Total number of CSFs:                        6051

 Length of J-op  integral file:               0.00 MB
 Length of K-op  integral file:               0.11 MB

 Integral transformation finished. Total CPU:   0.01 sec, npass=  1  Memory used:   0.09 MW

 Memory needed for MP2:                      0.01 MW

 SCS-MP2 correlation energy:           -0.127718755638   (PS=  1.200000  PT=  0.333333)
 SCS-MP2 total energy:                -26.528855398100


  Reference energy                    -26.401136642463
  MP2 singlet pair energy              -0.097484158293
  MP2 triplet pair energy              -0.017257123424
  MP2 correlation energy               -0.114741281717

 !MP2 total energy                    -26.515877924180

 KEXT needed  1 integral passes. Memory used:   0.08 MW  CPU time:      0.00 sec

 CPHF start vector      0.2 not found

 Starting Coupled-perturbed Hartree-Fock, convergence threshold= 1.0D-06

 ITER   MIC  DIIS      VAR         VARC       CPU
   1     0     1    0.97D-02    0.84D-03     0.00
   2     4     2    0.21D-03    0.63D-04     0.00
   3     3     3    0.15D-05    0.62D-06     0.00
   4     1     4    0.37D-06    0.23D-07     0.00

 CPHF convergence reached in  4 macroiterations and    8 microiterations.   Accuracy: 3.7381D-07

 CPHF solution written to record  4100.2

 Dipole moments (unrelaxed):            0.00000000    -0.00002095     0.00000000
 Orbital relaxation contribution:      -0.00000000     0.00000268    -0.00000000
 !MP2 STATE 1.1 Dipole moment           0.00000000    -0.00001827     0.00000000
 Dipole moment /Debye                   0.00000000    -0.00004643     0.00000000

 CPU-time for density and lagrangian:                  0.00 sec
 CPU-time for coupled-perturbed hartree-fock:          0.00 sec

 MP2 gradient info saved on record         5200.1


 **********************************************************************************************************************************
 DATASETS  * FILE   NREC   LENGTH (MB)   RECORD NAMES
              1      20       29.16       500      610      700      900      950      970     1000      129      960     1100   
                                          VAR    BASINP    GEOM    SYMINP    ZMAT    AOBASIS   BASIS     P2S    ABASIS      S 
                                         1400     1410     1200     1210     1080     1600     1650     1700     1380     5200   
                                           T        V       H0       H01     AOSYM     SMH    MOLCAS    OPER     JKOP      MP2  

              2       5        0.51       700     1000      520     2100     4100   
                                         GEOM     BASIS   MCVARS     RHF     CPHF   

 PROGRAMS   *        TOTAL       MP2    HF-SCF       INT
 CPU TIMES  *         2.22      0.09      1.35      0.64
 REAL TIME  *         3.40 SEC
 DISK USED  *        29.73 MB (local),      277.39 MB (total)
 SF USED    *         0.53 MB
 GA USED    *         0.00 MB       (max)       0.00 MB       (current)
 **********************************************************************************************************************************


 PROGRAM * HESSIAN

 *** Long output written to logfile /gpfs01/work/emmanous/6Frequencies/implementation/MOLPRO/G4-Tano-F12-v2/EXAMPLE_BH3/bh3.MP2.anopVTZ.log ***


 Computing numerical hessian using default procedure for command MP2

 Symmetry elements for unique displacements: X  Z  

 Using AUTO symmetry option

 Running default procedure: HF-SCF000  MP2


 Numerically approximating hessian using central gradient differences

 Task list generated. Total number of displacements:     13

 All  13 tasks completed.  CPU=     39.86 sec, Elapsed=     39.95 sec.

 MP2 hessian saved to record  5300.2

 PROGRAM * FREQUENCIES (Calculation of harmonic vibrational spectra for MP2)


 Permanent Dipole Moment [debye]
   1-  3    0.000000   -0.000046    0.000000

 Dipole Moment Norm    0.0000464 [debye]

 Dipole Moment Derivatives [debye/ang]
              1             2             3             4             5             6             7             8
    1    2.52730496    0.00000000    0.00000000   -0.46551952    0.00000000    0.00000000   -1.03099139    0.32650124
    2    0.00000000    2.52740337    0.00000000    0.00000000   -1.21954736    0.00000000    0.32648195   -0.65403153
    3    0.00000000    0.00000000    2.25070471    0.00000000    0.00000000   -0.75025556    0.00000000    0.00000000
              9            10            11            12
    1    0.00000000   -1.03099139   -0.32650124    0.00000000
    2    0.00000000   -0.32648195   -0.65403153    0.00000000
    3   -0.75024368    0.00000000    0.00000000   -0.75024368

 Force Constants (Second Derivatives of the Energy) in [a.u.]
                             BX1         BY1         BZ1         HX2         HY2     
           BX1           0.4297251
           BY1           0.0000000   0.4296718
           BZ1           0.0000000   0.0000000   0.1244451
           HX2          -0.0428544   0.0000000   0.0000000   0.0351050
           HY2           0.0000000  -0.2435984   0.0000000   0.0000000   0.2548635
           HZ2           0.0000000   0.0000000  -0.0414861   0.0000000   0.0000000
           HX3          -0.1934331   0.0869401   0.0000000   0.0038750  -0.0014432
           HY3           0.0869408  -0.0930342   0.0000000   0.0179134  -0.0056347
           HZ3           0.0000000   0.0000000  -0.0414801   0.0000000   0.0000000
           HX4          -0.1934331  -0.0869401   0.0000000   0.0038750   0.0014432
           HY4          -0.0869408  -0.0930342   0.0000000  -0.0179134  -0.0056347
           HZ4           0.0000000   0.0000000  -0.0414801   0.0000000   0.0000000
                             HZ2         HX3         HY3         HZ3         HX4     
           HZ2           0.0139652
           HX3           0.0000000   0.1999446
           HY3           0.0000000  -0.0951734   0.0900388
           HZ3           0.0137607   0.0000000   0.0000000   0.0139588
           HX4           0.0000000  -0.0103891  -0.0096785   0.0000000   0.1999446
           HY4           0.0000000   0.0096785   0.0086297   0.0000000   0.0951734
           HZ4           0.0137607   0.0000000   0.0000000   0.0137611  -0.0000000
                             HY4         HZ4     
           HY4           0.0900388
           HZ4           0.0000000   0.0139588


 Atomic Masses
   1-  4   11.009310    1.007825    1.007825    1.007825

 Mass weighted Second Derivative Matrix
                             BX1         BY1         BZ1         HX2         HY2     
           BX1           0.0390329
           BY1           0.0000000   0.0390280
           BZ1           0.0000000   0.0000000   0.0113036
           HX2          -0.0128654   0.0000000   0.0000000   0.0348324
           HY2           0.0000000  -0.0731311   0.0000000   0.0000000   0.2528846
           HZ2           0.0000000   0.0000000  -0.0124546   0.0000000   0.0000000
           HX3          -0.0580708   0.0261004   0.0000000   0.0038449  -0.0014320
           HY3           0.0261006  -0.0279299   0.0000000   0.0177743  -0.0055909
           HZ3           0.0000000   0.0000000  -0.0124528   0.0000000   0.0000000
           HX4          -0.0580708  -0.0261004   0.0000000   0.0038449   0.0014320
           HY4          -0.0261006  -0.0279299   0.0000000  -0.0177743  -0.0055909
           HZ4           0.0000000   0.0000000  -0.0124528   0.0000000   0.0000000
                             HZ2         HX3         HY3         HZ3         HX4     
           HZ2           0.0138568
           HX3           0.0000000   0.1983922
           HY3           0.0000000  -0.0944344   0.0893398
           HZ3           0.0136538   0.0000000   0.0000000   0.0138504
           HX4           0.0000000  -0.0103084  -0.0096034   0.0000000   0.1983922
           HY4           0.0000000   0.0096034   0.0085627   0.0000000   0.0944344
           HZ4           0.0136538   0.0000000   0.0000000   0.0136543  -0.0000000
                             HY4         HZ4     
           HY4           0.0893398
           HZ4           0.0000000   0.0138504


 Mass Weighted 2nd Derivative Matrix Eigenvalues
   1- 10    0.000000    0.000000    0.000000    0.000193    0.000196    0.000201    0.052464    0.058368    0.058377    0.256013
  11- 12    0.284135    0.284156

 Mass Weighted 2nd Derivative Matrix Eigenvectors
              1             2             3             4             5             6             7             8
    1    0.88574340    0.00000005    0.00000000   -0.00064549    0.00000000    0.00000000    0.00000000    0.00000000
    2   -0.00000005    0.88574343   -0.00000051    0.00000000    0.00000000    0.00000000    0.00000000   -0.31351647
    3    0.00000000    0.00000051    0.88574581    0.00000000    0.00000000    0.00003028   -0.46417061    0.00000000
    4    0.26842839    0.00000002    0.00000000    0.57706209    0.00000000    0.00000000    0.00000000    0.00000000
    5   -0.00000002    0.26799559   -0.00000016    0.00000000    0.00000000    0.00000000    0.00000000   -0.08034852
    6    0.00000000    0.00000016    0.26798685    0.00000000    0.00000000    0.81646652    0.51143471    0.00000000
    7    0.26777279   -0.00000306    0.00000000   -0.28888911    0.00000000    0.00000000    0.00000000    0.36870187
    8   -0.00038516    0.26798968   -0.00000016   -0.50004254    0.00000000    0.00000000    0.00000000    0.55828729
    9    0.00000000    0.00000016    0.26799011    0.00000000    0.70710678   -0.40827835    0.51136102    0.00000000
   10    0.26777279    0.00000309    0.00000000   -0.28888911    0.00000000    0.00000000    0.00000000   -0.36870187
   11    0.00038513    0.26798968   -0.00000016    0.50004254    0.00000000    0.00000000    0.00000000    0.55828729
   12    0.00000000    0.00000016    0.26799011    0.00000000   -0.70710678   -0.40827835    0.51136102    0.00000000
              9            10            11            12
    1   -0.31350565    0.00000000    0.00000000   -0.34230458
    2    0.00000000   -0.00016553   -0.34229516    0.00000000
    3    0.00000000    0.00000000    0.00000000    0.00000000
    4    0.77122023    0.00000000    0.00000000   -0.01284154
    5    0.00000000    0.57770888    0.76679523    0.00000000
    6    0.00000000    0.00000000    0.00000000    0.00000000
    7    0.13248572    0.49984689   -0.33795269    0.57209121
    8    0.36866559   -0.28858153    0.18225676   -0.33770251
    9    0.00000000    0.00000000    0.00000000    0.00000000
   10    0.13248572   -0.49984689    0.33795269    0.57209121
   11   -0.36866559   -0.28858153    0.18225676    0.33770251
   12    0.00000000    0.00000000    0.00000000    0.00000000

 Imaginary Vibration  Wavenumber
        Nr             [1/cm] 
        1                0.06
        2                0.01
        3                0.01

     Vibration        Wavenumber
        Nr             [1/cm] 
        1               71.43
        2               71.99
        3               72.87
        4             1177.43
        5             1241.91
        6             1242.01
        7             2600.97
        8             2740.10
        9             2740.20

 FREQUENCIES * CALCULATION OF NORMAL MODES FOR MP2


 Atomic Coordinates

  Nr  Atom  Charge       X              Y              Z

   1   B     5.00    0.000000000   -0.000020336    0.000000000
   2   H     1.00    0.000000000    2.247226607    0.000000000
   3   H     1.00    1.946120051   -1.123603135    0.000000000
   4   H     1.00   -1.946120051   -1.123603135    0.000000000

 Normal Modes

                              1 B2        2 A2        3 B1        4 B1        5 A1 
 Wavenumbers [cm-1]           71.43       71.99       72.87     1177.43     1241.91
 Intensities [km/mol]          0.00        0.00        0.00       90.24       16.71
 Intensities [relative]        0.00        0.00        0.00       78.49       14.53
           BX1             -0.00019     0.00000     0.00000    -0.00000     0.00000
           BY1             -0.00000    -0.00000     0.00000     0.00000    -0.09449
           BZ1             -0.00000     0.00000     0.00001    -0.13989    -0.00000
           HX2              0.57482    -0.00000    -0.00000     0.00000    -0.00000
           HY2             -0.00000    -0.00000     0.00000    -0.00000    -0.08004
           HZ2              0.00000     0.00000     0.81329     0.50945     0.00000
           HX3             -0.28777     0.00000     0.00000    -0.00000     0.36727
           HY3             -0.49810    -0.00000     0.00000    -0.00000     0.55612
           HZ3             -0.00000     0.70436    -0.40669     0.50937     0.00000
           HX4             -0.28777    -0.00000     0.00000     0.00000    -0.36727
           HY4              0.49810    -0.00000    -0.00000    -0.00000     0.55612
           HZ4             -0.00000    -0.70436    -0.40669     0.50937     0.00000

                              6 B2        7 Err       8 Err       9 Err
 Wavenumbers [cm-1]         1242.01     2600.97     2740.10     2740.20
 Intensities [km/mol]         16.70        0.00      114.98      114.97
 Intensities [relative]       14.53        0.00      100.00      100.00
           BX1             -0.09449     0.00000    -0.00000    -0.10317
           BY1             -0.00000    -0.00005    -0.10316     0.00000
           BZ1              0.00000    -0.00000    -0.00000     0.00000
           HX2              0.76822     0.00000    -0.00000    -0.01279
           HY2             -0.00000     0.57546     0.76381    -0.00000
           HZ2             -0.00000     0.00000     0.00000     0.00000
           HX3              0.13197     0.49790    -0.33664     0.56987
           HY3              0.36723    -0.28746     0.18155    -0.33639
           HZ3             -0.00000     0.00000     0.00000     0.00000
           HX4              0.13197    -0.49790     0.33664     0.56987
           HY4             -0.36723    -0.28746     0.18155     0.33639
           HZ4             -0.00000     0.00000     0.00000     0.00000


 Normal Modes of imaginary frequencies

                                  1           2           3
 Wavenumbers [cm-1]            0.06        0.01        0.01
 Intensities [km/mol]          0.00        0.00        0.00
 Intensities [relative]        0.00        0.00        0.00
           BX1              0.26695     0.00000     0.00000
           BY1             -0.00000     0.26695    -0.00000
           BZ1             -0.00000     0.00000     0.26695
           HX2              0.26738     0.00000     0.00000
           HY2             -0.00000     0.26695    -0.00000
           HZ2             -0.00000     0.00000     0.26694
           HX3              0.26673    -0.00000     0.00000
           HY3             -0.00038     0.26695    -0.00000
           HZ3             -0.00000     0.00000     0.26695
           HX4              0.26673     0.00000     0.00000
           HY4              0.00038     0.26695    -0.00000
           HZ4             -0.00000     0.00000     0.26695


 Normal Modes of low/zero frequencies


 Wavenumbers [cm-1]
 Intensities [km/mol]
 Intensities [relative]
           BX1     
           BY1     
           BZ1     
           HX2     
           HY2     
           HZ2     
           HX3     
           HY3     
           HZ3     
           HX4     
           HY4     
           HZ4     


 Frequencies dumped to record   5400.2

 Zero point energy:  0.02724443 [H]     5979.46 [1/CM]       71.53 [KJ/MOL]
 Frequency information read from record  5400.2

 Recomputing wavefunction at initial geometry


 **********************************************************************************************************************************
 DATASETS  * FILE   NREC   LENGTH (MB)   RECORD NAMES
              1      20       29.16       500      610      700      900      950      970     1000      129      960     1100   
                                          VAR    BASINP    GEOM    SYMINP    ZMAT    AOBASIS   BASIS     P2S    ABASIS      S 
                                         1400     1410     1200     1210     1080     1600     1650     1700     1380     5200   
                                           T        V       H0       H01     AOSYM     SMH    MOLCAS    OPER     JKOP      MP2  

              2       8        0.54       700     1000      520     2100     4100     5300     5450     5400   
                                         GEOM     BASIS   MCVARS     RHF     CPHF     HESS     NMOD     FREQ   

 PROGRAMS   *        TOTAL      FREQ       MP2    HF-SCF       INT
 CPU TIMES  *        42.28     40.06      0.09      1.35      0.64
 REAL TIME  *        45.57 SEC
 DISK USED  *        66.35 MB (local),      579.35 MB (total)
 SF USED    *         0.53 MB
 GA USED    *         0.00 MB       (max)       0.00 MB       (current)
 **********************************************************************************************************************************

 MP2/USERDEF energy=    -26.515877924031

             MP2          HF-SCF
    -26.51587792    -26.40113664
 **********************************************************************************************************************************
 Molpro calculation terminated
