 Cartesian Coordinates are in [bohr]
 Creating new Variables:
 BX1               0.00000000
 BY1              -0.00002034
 BZ1               0.00000000
 HX2               0.00000000
 HY2               2.24722661
 HZ2               0.00000000
 HX3               1.94612005
 HY3              -1.12360314
 HZ3               0.00000000
 HX4              -1.94612005
 HY4              -1.12360314
 HZ4               0.00000000
 Task   1   Incrementing variable BX1   by    0.010 BOH (Skipping negative increment due to symmetry).
 Task   2   Incrementing variable BY1   by    0.010 BOH
 Task   3   Incrementing variable BY1   by   -0.010 BOH
 Task   4   Incrementing variable BZ1   by    0.010 BOH (Skipping negative increment due to symmetry).
 Task   5   Incrementing variable HX2   by    0.010 BOH (Skipping negative increment due to symmetry).
 Task   6   Incrementing variable HY2   by    0.010 BOH
 Task   7   Incrementing variable HY2   by   -0.010 BOH
 Task   8   Incrementing variable HZ2   by    0.010 BOH (Skipping negative increment due to symmetry).
 Task   9   Incrementing variable HX3   by    0.010 BOH
 Task  10   Incrementing variable HX3   by   -0.010 BOH
 Task  11   Incrementing variable HY3   by    0.010 BOH
 Task  12   Incrementing variable HY3   by   -0.010 BOH
 Task  13   Incrementing variable HZ3   by    0.010 BOH (Skipping negative increment due to symmetry).

 Switching to mppx mode, nproc=  8

 Starting task   7.  CPU=     0.01 sec, Elapsed=     0.01 sec
 Incrementing variable HY2              by -0.010000 BOH   to    2.237227 BOH


 Using spherical harmonics



 PROGRAM * SEWARD (Integral evaluation for generally contracted gaussian basis sets)     Author: Roland Lindh, 1990

 Geometry written to block  1 of record 701


 Point group  C2v 



 ATOMIC COORDINATES

 NR  ATOM    CHARGE       X              Y              Z

   1  B       5.00    0.000000000   -0.000020336    0.000000000
   2  H       1.00    0.000000000    2.237226607    0.000000000
   3  H       1.00    1.946120051   -1.123603135    0.000000000
   4  H       1.00   -1.946120051   -1.123603135    0.000000000

 Bond lengths in Bohr (Angstrom)

 1-2  2.237246942  1-3  2.247180803  1-4  2.247180803
     ( 1.183900097)     ( 1.189156870)     ( 1.189156870)

 Bond angles

  2-1-3  119.99977618   2-1-4  119.99977618   3-1-4  120.00044763

 NUCLEAR CHARGE:                    8
 NUMBER OF PRIMITIVE AOS:         266
 NUMBER OF SYMMETRY AOS:          237
 NUMBER OF CONTRACTIONS:           72   (   30A1  +   20B1  +   14B2  +    8A2  )
 NUMBER OF INNER CORE ORBITALS:     0   (    0A1  +    0B1  +    0B2  +    0A2  )
 NUMBER OF OUTER CORE ORBITALS:     1   (    1A1  +    0B1  +    0B2  +    0A2  )
 NUMBER OF VALENCE ORBITALS:        7   (    4A1  +    2B1  +    1B2  +    0A2  )


 NUCLEAR REPULSION ENERGY    7.45681380

 Eigenvalues of metric

         1 0.534E-03 0.538E-03 0.254E-01 0.338E-01 0.452E-01 0.474E-01 0.948E-01 0.343E+00
         2 0.540E-03 0.165E-01 0.252E-01 0.476E-01 0.960E-01 0.341E+00 0.488E+00 0.553E+00
         3 0.311E-01 0.359E-01 0.338E+00 0.458E+00 0.527E+00 0.672E+00 0.954E+00 0.100E+01
         4 0.364E-01 0.337E+00 0.460E+00 0.922E+00 0.956E+00 0.150E+01 0.173E+01 0.181E+01


 Contracted 2-electron integrals neglected if value below      1.0D-18
 AO integral compression algorithm  1   Integral accuracy      1.0D-18

     9.961 MB (compressed) written to integral file (100.0%)


 NUMBER OF SORTED TWO-ELECTRON INTEGRALS:     928146.     BUFFER LENGTH:  32768
 NUMBER OF SEGMENTS:   1  SEGMENT LENGTH:     928146      RECORD LENGTH: 524288

 Memory used in sort:       1.49 MW

 SORT1 READ     1221234. AND WROTE      901437. INTEGRALS IN      3 RECORDS. CPU TIME:     0.02 SEC, REAL TIME:     0.02 SEC
 SORT2 READ      901437. AND WROTE      928146. INTEGRALS IN     38 RECORDS. CPU TIME:     0.03 SEC, REAL TIME:     0.04 SEC

 FILE SIZES:   FILE 1:    40.6 MBYTE,  FILE 4:    12.6 MBYTE,   TOTAL:     53.2 MBYTE

 OPERATOR DM      FOR CENTER  0  COORDINATES:    0.000000    0.000000    0.000000

 Program * Restricted Hartree-Fock

 Molecular orbitals read from record     2100.2  Type=RHF/CANONICAL  

 NELEC=    8   SYM=1   MS2= 0   THRE=1.0D-12   THRD=1.0D-07   THRG=1.0D-07  HFMA2=F  DIIS_START=2   DIIS_MAX=10   DIIS_INCORE=F

 Level shifts:    0.00 (CLOSED)    0.00 (OPEN)    0.30 (GAP_MIN)

 ITER           ETOT              DE          GRAD        DDIFF     DIIS  NEXP   TIME(IT)  TIME(TOT)  DIAG
   1      -26.40112402     -26.40112402     0.00D+00     0.94D-01     0     0       0.00      0.01    start
   2      -26.40112760      -0.00000358     0.18D-03     0.10D-03     1     0       0.00      0.01    diag
   3      -26.40112783      -0.00000023     0.35D-04     0.21D-04     2     0       0.00      0.01    diag
   4      -26.40112785      -0.00000002     0.90D-05     0.69D-05     3     0       0.01      0.02    diag
   5      -26.40112785      -0.00000000     0.18D-05     0.17D-05     4     0       0.00      0.02    diag
   6      -26.40112785      -0.00000000     0.17D-06     0.17D-06     5     0       0.00      0.02    diag
   7      -26.40112785      -0.00000000     0.19D-07     0.17D-07     6     0       0.01      0.03    diag
   8      -26.40112785       0.00000000     0.26D-08     0.19D-08     0     0       0.00      0.03    fixocc

 Final occupancy:   3   1   0   0

 !RHF STATE 1.1 Energy                -26.401127852391
  RHF One-electron energy             -49.077343733241
  RHF Two-electron energy              15.219402079001
  RHF Kinetic energy                   26.398490962845
  RHF Nuclear energy                    7.456813801849
  RHF Virial quotient                  -1.000099887889

 !RHF STATE 1.1 Dipole moment           0.00000000     0.00292713     0.00000000
 Dipole moment /Debye                   0.00000000     0.00744002     0.00000000

 Orbital energies:

           1.1          2.1          3.1          4.1          5.1
     -7.613444    -0.706150    -0.500317     0.254611     0.258250

           1.2          2.2          3.2
     -0.499359     0.255680     0.346421

           1.3          2.3
      0.063218     0.414901

           1.4          2.4
      0.446775     1.091257


 HOMO      1.2    -0.499359 =     -13.5882eV
 LUMO      1.3     0.063218 =       1.7203eV
 LUMO-HOMO         0.562577 =      15.3085eV

 Orbitals saved in record  2100.1


 **********************************************************************************************************************************
 DATASETS  * FILE   NREC   LENGTH (MB)   RECORD NAMES
              1      21       36.32       500      610      700      701      900      950      970     1000      129      960   
                                          VAR    BASINP    GEOM     GEOM    SYMINP    ZMAT    AOBASIS   BASIS     P2S    ABASIS    
                                         1100     1400     1410     1200     1210     1080     1600     1650     1300     1700   
                                           S        T        V       H0       H01     AOSYM     SMH    MOLCAS    ERIS     OPER   
                                         2100   
                                          RHF  

              2       7        0.77       700     1000      520     2100     8500      701     5500   
                                         GEOM     BASIS   MCVARS     RHF     CPHF     GEOM     HINFO   

 PROGRAMS   *        TOTAL    HF-SCF   CCSD(T)    HF-SCF       INT
 CPU TIMES  *         3.81      2.49      0.51      0.02      0.65
 REAL TIME  *         5.25 SEC
 DISK USED  *        51.57 MB
 SF USED    *        19.94 MB
 **********************************************************************************************************************************


 PROGRAM * CCSD (Closed-shell coupled cluster)     Authors: C. Hampel, H.-J. Werner, 1991, M. Deegan, P.J. Knowles, 1992


 Convergence thresholds:  THRVAR = 1.00D-16  THRDEN = 1.00D-12

 CCSD(T)     terms to be evaluated (factor= 1.000)


 Using ITF CCSD(T) gradient implementation

 Number of core orbitals:           1 (   1   0   0   0 )
 Number of closed-shell orbitals:   3 (   2   1   0   0 )
 Number of external orbitals:      68 (  27  19  14   8 )

 Molecular orbitals read from record     2100.1  Type=RHF/CANONICAL (state 1.1)

 Integral transformation finished. Total CPU:   0.01 sec, npass=  1  Memory used:   0.17 MW
 Time for re-packing tensors:             0.00 sec
  Reference energy                    -26.401127852391

  MP2 correlation energy               -0.114741774713
  MP2 total energy                    -26.515869627105

 ITER.      SQ.NORM     CORR.ENERGY   TOTAL ENERGY   ENERGY CHANGE        DEN1      VAR(S)    VAR(P)  DIIS     TIME
   1      1.05422695    -0.13502896   -26.53615682    -0.02028719    -0.01501105  1.83e-04  1.33e-03  1  1     0.01
   2      1.05972356    -0.13652726   -26.53765511    -0.00149829    -0.00455239  1.21e-05  1.90e-04  2  2     0.03
   3      1.06215487    -0.13670270   -26.53783055    -0.00017544    -0.00171218  2.01e-07  1.74e-05  3  3     0.04
   4      1.06284203    -0.13667876   -26.53780661     0.00002393    -0.00046946  2.63e-08  1.67e-06  4  4     0.05
   5      1.06306342    -0.13666841   -26.53779626     0.00001036    -0.00013927  7.69e-10  9.11e-08  5  5     0.07
   6      1.06310846    -0.13666480   -26.53779265     0.00000361    -0.00003070  3.62e-10  5.10e-09  6  0     0.08
   7      1.06311446    -0.13666379   -26.53779164     0.00000101    -0.00000554  1.05e-12  3.20e-10  6  1     0.10
   8      1.06311549    -0.13666363   -26.53779148     0.00000016    -0.00000098  2.30e-13  4.88e-11  6  2     0.11
   9      1.06311572    -0.13666360   -26.53779145     0.00000003    -0.00000020  1.70e-13  3.80e-12  6  3     0.13
  10      1.06311575    -0.13666360   -26.53779145     0.00000000    -0.00000003  1.89e-15  2.94e-13  6  4     0.14
  11      1.06311574    -0.13666359   -26.53779145     0.00000000    -0.00000000  5.34e-16  1.62e-14  6  5     0.15
  12      1.06311574    -0.13666359   -26.53779145     0.00000000    -0.00000000  3.58e-18  4.19e-16  6  0     0.17
  13      1.06311574    -0.13666359   -26.53779145     0.00000000    -0.00000000  1.26e-18  4.59e-17  6  1     0.18
  14      1.06311574    -0.13666359   -26.53779145     0.00000000    -0.00000000  2.18e-19  4.86e-18  6  2     0.19
  15      1.06311574    -0.13666359   -26.53779145    -0.00000000    -0.00000000  5.17e-21  2.26e-19  6  3     0.21
  16      1.06311574    -0.13666359   -26.53779145     0.00000000    -0.00000000  7.20e-22  1.28e-20           0.22

 Norm of t1 vector:      0.02244329     S-energy:     -0.00000000   T1 diagnostic:  0.00647882

 Time per iteration:                      0.01 sec

 RESULTS
 =======

  Reference energy                    -26.401127852391
  CCSD correlation energy              -0.136663593898
  CCSD total energy                   -26.537791446290

  Triples (T) contribution             -0.002588338439
  Total correlation energy             -0.139251932337
  CCSD[T] total energy                -26.540431170255
 !CCSD(T) total energy                -26.540379784728

 Starting CP-CCSD(T) iterations.   Author: W. Gyorffy (2015)

 ITER.      NRM1           NRM2      VAR(S)+VAR(P)   DIIS    TIME
   1     0.00029596     0.13834406     3.94e-04      1  1    0.02
   2     0.00029529     0.14017179     1.72e-05      2  2    0.03
   3     0.00029712     0.14078425     1.53e-06      3  3    0.04
   4     0.00029958     0.14101255     8.19e-08      4  4    0.06
   5     0.00030115     0.14105611     8.21e-09      5  5    0.07
   6     0.00030173     0.14105440     7.24e-10      6  0    0.08
   7     0.00030184     0.14105115     4.15e-11      6  1    0.10
   8     0.00030183     0.14104994     2.15e-12      6  2    0.11
   9     0.00030182     0.14104966     1.11e-13      6  3    0.12
  10     0.00030182     0.14104960     6.66e-15      6  4    0.14
  11     0.00030182     0.14104959     4.46e-16      6  5    0.15
  12     0.00030182     0.14104959     2.78e-17      6  0    0.17
  13     0.00030182     0.14104958     2.34e-18      6  1    0.18
  14     0.00030182     0.14104958     4.02e-19      6  2    0.19
  15     0.00030182     0.14104958     5.30e-20      6  3    0.21
  16     0.00030182     0.14104958     5.64e-21              0.22


 Time per iteration:                      0.01 sec


 CPHF trial vector read from record  8500.2

 Starting Coupled-perturbed Hartree-Fock, convergence threshold= 1.0D-06

 ITER   MIC  DIIS      VAR         VARC       CPU
   1     0     1    0.85D-04    0.28D-04     0.01
   2     2     2    0.15D-05    0.12D-05     0.01
   3     1     3    0.10D-06    0.36D-07     0.01

 CPHF convergence reached in  3 macroiterations and    3 microiterations.   Accuracy: 1.0497D-07

 Dipole moments (unrelaxed):            0.00000000     0.00249110     0.00000000
 Orbital relaxation contribution:      -0.00000000     0.00001106    -0.00000000
 !CCSD(T) STATE 1.1 Dipole moment       0.00000000     0.00250216     0.00000000
 Dipole moment /Debye                   0.00000000     0.00635985     0.00000000

 CPU-time for coupled-perturbed hartree-fock:          0.01 sec

 Number of N-1 electron functions:               3
 Number of N-2 electron functions:               6
 Number of singly external CSFs:                73
 Number of doubly external CSFs:              5977
 Total number of CSFs:                        6051

 CCSD(T) gradient info saved on record        55555.1




 **********************************************************************************************************************************
 DATASETS  * FILE   NREC   LENGTH (MB)   RECORD NAMES
              1      24       39.10       500      610      700      701      900      950      970     1000      129      960   
                                          VAR    BASINP    GEOM     GEOM    SYMINP    ZMAT    AOBASIS   BASIS     P2S    ABASIS    
                                         1100     1400     1410     1200     1210     1080     1600     1650     1300     1700   
                                           S        T        V       H0       H01     AOSYM     SMH    MOLCAS    ERIS     OPER   
                                         2100     1380     3791    55555   
                                          RHF     JKOP             CCSD(T)    

              2       7        0.77       700     1000      520     2100     8500      701     5500   
                                         GEOM     BASIS   MCVARS     RHF     CPHF     GEOM     HINFO   

 PROGRAMS   *        TOTAL   CCSD(T)   CCSD(T)    HF-SCF       INT
 CPU TIMES  *         5.02      1.21      0.51      0.02      0.65
 REAL TIME  *         6.59 SEC
 DISK USED  *        58.84 MB
 SF USED    *        19.94 MB
 **********************************************************************************************************************************

 PROGRAM * ALASKA (Gradient of the energy)     Author: R. Lindh


 CCSD(T) Gradient info restored from record   55555.1

 Number of core orbitals:           1 (   1   0   0   0 )
 Number of closed-shell orbitals:   3 (   2   1   0   0 )
 Number of external orbitals:      68 (  27  19  14   8 )

 Integral thresholds in T2TRAN:            1.0D-10 (PROD)

 4-index transformation of triples contribution
    CPU used (ia|bd)=>(ia|AB):     0.00 secs
    algorithm:                     fully in-core
        memory used:               6.89 MW
    CPU used (ia|AB)=>(AB|ia):     0.01 secs
    CPU used (AB|ia)=>(AB|CD):     0.06 secs

 Available memory for Transformation:1497226022 words
 Memory needed for incore algorithm:     124543 words
 Minimum memory needed:                   72963 words

 Memory used for transformation:           0.19 MW
 Available memory for gradients:        1499.04 MW

 CPU for transformation:                   0.08 sec
 CPU for integrals and gradient:           9.50 sec
 Total CPU:                                9.58 sec

 Prescreening statistics:
 ========================

 Total number of shell quadruplets:        1.54D+03
 Number of shell quadruplets processed:    1.54D+03 (100.00%)

 CCSD(T) GRADIENT FOR STATE 1.1

 Atom          dE/dx               dE/dy               dE/dz

   1         0.000000000         0.002418506         0.000000000
   2         0.000000000        -0.004066730         0.000000000
   3        -0.001315508         0.000824112         0.000000000
   4         0.001315508         0.000824112         0.000000000

 Nuclear force contribution to virial =        -0.016070467
 Starting task  12.  CPU=    22.90 sec, Elapsed=    23.06 sec
 Incrementing variable HY3              by -0.010000 BOH   to   -1.133603 BOH


 Recomputing integrals since geometry and symmetry changed


 Using spherical harmonics



 PROGRAM * SEWARD (Integral evaluation for generally contracted gaussian basis sets)     Author: Roland Lindh, 1990

 Geometry written to block  1 of record 702


 Point group  Cs  



 ATOMIC COORDINATES

 NR  ATOM    CHARGE       X              Y              Z

   1  B       5.00    0.000000000   -0.000020336    0.000000000
   2  H       1.00    0.000000000    2.247226607    0.000000000
   3  H       1.00    1.946120051   -1.133603135    0.000000000
   4  H       1.00   -1.946120051   -1.123603135    0.000000000

 Bond lengths in Bohr (Angstrom)

 1-2  2.247246942  1-3  2.252197420  1-4  2.247180803
     ( 1.189191869)     ( 1.191811549)     ( 1.189156870)

 Bond angles

  2-1-3  120.22009361   2-1-4  119.99977618   3-1-4  119.78013020

 NUCLEAR CHARGE:                    8
 NUMBER OF PRIMITIVE AOS:         266
 NUMBER OF SYMMETRY AOS:          237
 NUMBER OF CONTRACTIONS:           72   (   50A'  +   22A"  )
 NUMBER OF INNER CORE ORBITALS:     0   (    0A'  +    0A"  )
 NUMBER OF OUTER CORE ORBITALS:     1   (    1A'  +    0A"  )
 NUMBER OF VALENCE ORBITALS:        7   (    6A'  +    1A"  )

 SYMMETRY CHANGED: INITIALIZING OCCUPATION


 NUCLEAR REPULSION ENERGY    7.44019590

 Eigenvalues of metric

         1 0.538E-03 0.540E-03 0.543E-03 0.168E-01 0.254E-01 0.256E-01 0.341E-01 0.458E-01
         2 0.316E-01 0.364E-01 0.367E-01 0.338E+00 0.340E+00 0.460E+00 0.462E+00 0.528E+00


 Contracted 2-electron integrals neglected if value below      1.0D-18
 AO integral compression algorithm  1   Integral accuracy      1.0D-18

     16.777 MB (compressed) written to integral file ( 96.6%)


 NUMBER OF SORTED TWO-ELECTRON INTEGRALS:    1813306.     BUFFER LENGTH:  32768
 NUMBER OF SEGMENTS:   1  SEGMENT LENGTH:    1813306      RECORD LENGTH: 524288

 Memory used in sort:       2.37 MW

 SORT1 READ     2164277. AND WROTE     1664847. INTEGRALS IN      5 RECORDS. CPU TIME:     0.02 SEC, REAL TIME:     0.03 SEC
 SORT2 READ     1664847. AND WROTE     1813306. INTEGRALS IN     64 RECORDS. CPU TIME:     0.04 SEC, REAL TIME:     0.05 SEC

 FILE SIZES:   FILE 1:    47.4 MBYTE,  FILE 4:    21.0 MBYTE,   TOTAL:     68.4 MBYTE

 OPERATOR DM      FOR CENTER  0  COORDINATES:    0.000000    0.000000    0.000000

 Program * Restricted Hartree-Fock

 Molecular orbitals read from record     2100.2  Type=RHF/CANONICAL  

 Present basis size:       50   22
 Previous basis size:      30   20   14    8
 Previous occupation:       3    1    0    0
 Previous closed-shells:    3    1    0    0
 Previous core-orbitals:    1    0    0    0
 Present occupation:        4    0
 Present closed-shells:     4    0
 Present core-orbitals:     1    0
 Wavefunction symmetry:    1   Singlet 

 Orbital overlap <old|new>:  < 1.1| 1.1> = 1.000000   < 2.1| 2.1> = 1.000000   < 3.1| 3.1> = 1.000000   < 1.2| 4.1> = 1.000000


 NELEC=    8   SYM=1   MS2= 0   THRE=1.0D-12   THRD=1.0D-07   THRG=1.0D-07  HFMA2=F  DIIS_START=2   DIIS_MAX=10   DIIS_INCORE=F

 Level shifts:    0.00 (CLOSED)    0.00 (OPEN)    0.30 (GAP_MIN)

 ITER           ETOT              DE          GRAD        DDIFF     DIIS  NEXP   TIME(IT)  TIME(TOT)  DIAG
   1      -26.40108267     -26.40108267     0.00D+00     0.69D-01     0     0       0.01      0.01    start
   2      -26.40112852      -0.00004585     0.58D-03     0.18D-03     1     0       0.00      0.01    diag
   3      -26.40112987      -0.00000135     0.75D-04     0.27D-04     2     0       0.01      0.02    diag
   4      -26.40112995      -0.00000008     0.13D-04     0.76D-05     3     0       0.01      0.03    diag
   5      -26.40112996      -0.00000001     0.37D-05     0.31D-05     4     0       0.00      0.03    diag
   6      -26.40112996      -0.00000000     0.56D-06     0.58D-06     5     0       0.01      0.04    diag
   7      -26.40112996      -0.00000000     0.73D-07     0.70D-07     6     0       0.00      0.04    diag
   8      -26.40112996      -0.00000000     0.13D-07     0.11D-07     7     0       0.01      0.05    fixocc
   9      -26.40112996       0.00000000     0.14D-08     0.12D-08     0     0       0.01      0.06    diag

 Final occupancy:   4   0

 !RHF STATE 1.1 Energy                -26.401129960275
  RHF One-electron energy             -49.045222865464
  RHF Two-electron energy              15.203897007877
  RHF Kinetic energy                   26.389540742364
  RHF Nuclear energy                    7.440195897312
  RHF Virial quotient                  -1.000439159515

 !RHF STATE 1.1 Dipole moment          -0.00081505     0.00153587     0.00000000
 Dipole moment /Debye                  -0.00207166     0.00390380     0.00000000

 Orbital energies:

           1.1          2.1          3.1          4.1          5.1          6.1
     -7.614430    -0.705537    -0.499810    -0.498937     0.255600     0.256083

           1.2          2.2
      0.063103     0.414829


 HOMO      4.1    -0.498937 =     -13.5768eV
 LUMO      1.2     0.063103 =       1.7171eV
 LUMO-HOMO         0.562040 =      15.2939eV

 Orbitals saved in record  2101.1


 **********************************************************************************************************************************
 DATASETS  * FILE   NREC   LENGTH (MB)   RECORD NAMES
              1      21       42.51       500      610      700      702      900      950      970     1001      129      960   
                                          VAR    BASINP    GEOM     GEOM    SYMINP    ZMAT    AOBASIS   BASIS     P2S    ABASIS    
                                         1100     1400     1410     1200     1210     1080     1600     1650     1300     1700   
                                           S        T        V       H0       H01     AOSYM     SMH    MOLCAS    ERIS     OPER   
                                         2101   
                                          RHF  

              2      10        1.02       700     1000      520     2100     8500      701     5500     9001      702     1001   
                                         GEOM     BASIS   MCVARS     RHF     CPHF     GEOM     HINFO   DEN_MP2   GEOM     BASIS   

              5       1       52.59      3791   
                                         TGRAD   

 PROGRAMS   *        TOTAL    HF-SCF   CCSD(T)    HF-SCF       INT
 CPU TIMES  *        18.50      3.60      0.51      0.02      0.65
 REAL TIME  *        29.80 SEC
 DISK USED  *       118.93 MB
 SF USED    *        19.94 MB
 **********************************************************************************************************************************


 PROGRAM * CCSD (Closed-shell coupled cluster)     Authors: C. Hampel, H.-J. Werner, 1991, M. Deegan, P.J. Knowles, 1992


 Convergence thresholds:  THRVAR = 1.00D-16  THRDEN = 1.00D-12

 CCSD(T)     terms to be evaluated (factor= 1.000)


 Using ITF CCSD(T) gradient implementation

 Number of core orbitals:           1 (   1   0 )
 Number of closed-shell orbitals:   3 (   3   0 )
 Number of external orbitals:      68 (  46  22 )

 Molecular orbitals read from record     2101.1  Type=RHF/CANONICAL (state 1.1)

 Integral transformation finished. Total CPU:   0.02 sec, npass=  1  Memory used:   0.38 MW
 Time for re-packing tensors:             0.00 sec
  Reference energy                    -26.401129960275

  MP2 correlation energy               -0.114741266801
  MP2 total energy                    -26.515871227076

 ITER.      SQ.NORM     CORR.ENERGY   TOTAL ENERGY   ENERGY CHANGE        DEN1      VAR(S)    VAR(P)  DIIS     TIME
   1      1.05434129    -0.13504518   -26.53617514    -0.02030391    -0.01501567  1.84e-04  1.33e-03  1  1     0.02
   2      1.05986142    -0.13654941   -26.53767937    -0.00150423    -0.00456206  1.21e-05  1.91e-04  2  2     0.03
   3      1.06230705    -0.13672617   -26.53785613    -0.00017677    -0.00171820  2.02e-07  1.76e-05  3  3     0.05
   4      1.06299925    -0.13670217   -26.53783213     0.00002400    -0.00047178  2.68e-08  1.69e-06  4  4     0.07
   5      1.06322257    -0.13669175   -26.53782171     0.00001042    -0.00014019  7.76e-10  9.22e-08  5  5     0.09
   6      1.06326801    -0.13668812   -26.53781808     0.00000364    -0.00003092  3.69e-10  5.19e-09  6  0     0.11
   7      1.06327406    -0.13668710   -26.53781706     0.00000102    -0.00000558  1.07e-12  3.28e-10  6  1     0.13
   8      1.06327510    -0.13668694   -26.53781690     0.00000016    -0.00000099  2.36e-13  5.01e-11  6  2     0.15
   9      1.06327533    -0.13668690   -26.53781686     0.00000003    -0.00000021  1.76e-13  3.87e-12  6  3     0.16
  10      1.06327536    -0.13668690   -26.53781686     0.00000000    -0.00000003  1.92e-15  2.99e-13  6  4     0.18
  11      1.06327535    -0.13668690   -26.53781686     0.00000000    -0.00000000  5.47e-16  1.66e-14  6  5     0.20
  12      1.06327535    -0.13668690   -26.53781686     0.00000000    -0.00000000  3.71e-18  4.36e-16  6  0     0.22
  13      1.06327535    -0.13668690   -26.53781686     0.00000000    -0.00000000  1.31e-18  4.80e-17  6  1     0.24
  14      1.06327535    -0.13668690   -26.53781686     0.00000000    -0.00000000  2.28e-19  5.10e-18  6  2     0.26
  15      1.06327535    -0.13668690   -26.53781686    -0.00000000    -0.00000000  5.41e-21  2.39e-19  6  3     0.28
  16      1.06327535    -0.13668690   -26.53781686     0.00000000    -0.00000000  7.60e-22  1.40e-20           0.30

 Norm of t1 vector:      0.02252177     S-energy:     -0.00000000   T1 diagnostic:  0.00650147

 Time per iteration:                      0.02 sec

 RESULTS
 =======

  Reference energy                    -26.401129960275
  CCSD correlation energy              -0.136686897448
  CCSD total energy                   -26.537816857723

  Triples (T) contribution             -0.002594070979
  Total correlation energy             -0.139280968427
  CCSD[T] total energy                -26.540462733210
 !CCSD(T) total energy                -26.540410928702

 Starting CP-CCSD(T) iterations.   Author: W. Gyorffy (2015)

 ITER.      NRM1           NRM2      VAR(S)+VAR(P)   DIIS    TIME
   1     0.00029738     0.13856100     3.96e-04      1  1    0.02
   2     0.00029658     0.14039020     1.72e-05      2  2    0.04
   3     0.00029834     0.14100315     1.55e-06      3  3    0.06
   4     0.00030077     0.14123225     8.26e-08      4  4    0.07
   5     0.00030234     0.14127594     8.29e-09      5  5    0.09
   6     0.00030292     0.14127422     7.33e-10      6  0    0.11
   7     0.00030303     0.14127096     4.20e-11      6  1    0.13
   8     0.00030302     0.14126974     2.17e-12      6  2    0.15
   9     0.00030301     0.14126945     1.12e-13      6  3    0.17
  10     0.00030301     0.14126940     6.67e-15      6  4    0.19
  11     0.00030301     0.14126939     4.50e-16      6  5    0.21
  12     0.00030301     0.14126938     2.83e-17      6  0    0.23
  13     0.00030301     0.14126938     2.40e-18      6  1    0.24
  14     0.00030301     0.14126938     4.15e-19      6  2    0.26
  15     0.00030301     0.14126938     5.47e-20      6  3    0.28
  16     0.00030301     0.14126938     5.85e-21              0.30


 Time per iteration:                      0.02 sec


 CPHF trial vector read from record  8500.2

 Starting Coupled-perturbed Hartree-Fock, convergence threshold= 1.0D-06

 ITER   MIC  DIIS      VAR         VARC       CPU
   1     0     1    0.58D-04    0.18D-04     0.01
   2     2     2    0.98D-06    0.80D-06     0.01

 CPHF convergence reached in  2 macroiterations and    2 microiterations.   Accuracy: 9.7519D-07

 Dipole moments (unrelaxed):           -0.00069147     0.00130866     0.00000000
 Orbital relaxation contribution:      -0.00000004     0.00001098    -0.00000000
 !CCSD(T) STATE 1.1 Dipole moment      -0.00069151     0.00131964     0.00000000
 Dipole moment /Debye                  -0.00175763     0.00335419     0.00000000

 CPU-time for coupled-perturbed hartree-fock:          0.01 sec

 Number of N-1 electron functions:               3
 Number of N-2 electron functions:               6
 Number of singly external CSFs:               138
 Number of doubly external CSFs:             11802
 Total number of CSFs:                       11941

 CCSD(T) gradient info saved on record        55555.1




 **********************************************************************************************************************************
 DATASETS  * FILE   NREC   LENGTH (MB)   RECORD NAMES
              1      24       48.04       500      610      700      702      900      950      970     1001      129      960   
                                          VAR    BASINP    GEOM     GEOM    SYMINP    ZMAT    AOBASIS   BASIS     P2S    ABASIS    
                                         1100     1400     1410     1200     1210     1080     1600     1650     1300     1700   
                                           S        T        V       H0       H01     AOSYM     SMH    MOLCAS    ERIS     OPER   
                                         2101     1380     3791    55555   
                                          RHF     JKOP             CCSD(T)    

              2      10        1.02       700     1000      520     2100     8500      701     5500     9001      702     1001   
                                         GEOM     BASIS   MCVARS     RHF     CPHF     GEOM     HINFO   DEN_MP2   GEOM     BASIS   

 PROGRAMS   *        TOTAL   CCSD(T)   CCSD(T)    HF-SCF       INT
 CPU TIMES  *        20.16      1.66      0.51      0.02      0.65
 REAL TIME  *        31.72 SEC
 DISK USED  *       118.93 MB
 SF USED    *        19.94 MB
 **********************************************************************************************************************************

 PROGRAM * ALASKA (Gradient of the energy)     Author: R. Lindh


 CCSD(T) Gradient info restored from record   55555.1

 Number of core orbitals:           1 (   1   0 )
 Number of closed-shell orbitals:   3 (   3   0 )
 Number of external orbitals:      68 (  46  22 )

 Integral thresholds in T2TRAN:            1.0D-10 (PROD)

 4-index transformation of triples contribution
    CPU used (ia|bd)=>(ia|AB):     0.00 secs
    algorithm:                     fully in-core
        memory used:              13.74 MW
    CPU used (ia|AB)=>(AB|ia):     0.01 secs
    CPU used (AB|ia)=>(AB|CD):     0.09 secs

 Available memory for Transformation:1497481909 words
 Memory needed for incore algorithm:     211358 words
 Minimum memory needed:                  103502 words

 Memory used for transformation:           0.32 MW
 Available memory for gradients:        1499.17 MW

 CPU for transformation:                   0.06 sec
 CPU for integrals and gradient:          17.32 sec
 Total CPU:                               17.38 sec

 Prescreening statistics:
 ========================

 Total number of shell quadruplets:        4.19D+03
 Number of shell quadruplets processed:    4.19D+03 (100.00%)

 CCSD(T) GRADIENT FOR STATE 1.1

 Atom          dE/dx               dE/dy               dE/dz

   1        -0.000857081         0.000890807         0.000000000
   2        -0.000175104        -0.001461779         0.000000000
   3        -0.000390975        -0.000112773         0.000000000
   4         0.001423161         0.000683745         0.000000000

 Nuclear force contribution to virial =        -0.007455912

 Tasks on processor    0 finished.  CPU=     63.79 sec, Elapsed=     64.11 sec. Waiting for other processors...

 Switching back to mpp mode, nproc=  8


 Recomputing wavefunction at initial geometry


 Using spherical harmonics



 PROGRAM * SEWARD (Integral evaluation for generally contracted gaussian basis sets)     Author: Roland Lindh, 1990

 Geometry written to block  1 of record 700


 Point group  C2v 



 ATOMIC COORDINATES

 NR  ATOM    CHARGE       X              Y              Z

   1  B       5.00    0.000000000   -0.000020336    0.000000000
   2  H       1.00    0.000000000    2.247226607    0.000000000
   3  H       1.00    1.946120051   -1.123603135    0.000000000
   4  H       1.00   -1.946120051   -1.123603135    0.000000000

 Bond lengths in Bohr (Angstrom)

 1-2  2.247246942  1-3  2.247180803  1-4  2.247180803
     ( 1.189191869)     ( 1.189156870)     ( 1.189156870)

 Bond angles

  2-1-3  119.99977618   2-1-4  119.99977618   3-1-4  120.00044763

 NUCLEAR CHARGE:                    8
 NUMBER OF PRIMITIVE AOS:         266
 NUMBER OF SYMMETRY AOS:          237
 NUMBER OF CONTRACTIONS:           72   (   30A1  +   20B1  +   14B2  +    8A2  )
 NUMBER OF INNER CORE ORBITALS:     0   (    0A1  +    0B1  +    0B2  +    0A2  )
 NUMBER OF OUTER CORE ORBITALS:     1   (    1A1  +    0B1  +    0B2  +    0A2  )
 NUMBER OF VALENCE ORBITALS:        7   (    4A1  +    2B1  +    1B2  +    0A2  )


 NUCLEAR REPULSION ENERGY    7.44572339

 Eigenvalues of metric

         1 0.537E-03 0.540E-03 0.254E-01 0.340E-01 0.456E-01 0.478E-01 0.961E-01 0.343E+00
         2 0.540E-03 0.167E-01 0.254E-01 0.478E-01 0.961E-01 0.343E+00 0.488E+00 0.554E+00
         3 0.314E-01 0.364E-01 0.338E+00 0.461E+00 0.527E+00 0.673E+00 0.956E+00 0.100E+01
         4 0.364E-01 0.338E+00 0.461E+00 0.923E+00 0.956E+00 0.150E+01 0.173E+01 0.181E+01


 Contracted 2-electron integrals neglected if value below      1.0D-18
 AO integral compression algorithm  1   Integral accuracy      1.0D-18

     10.748 MB (compressed) written to integral file (100.0%)

     Node minimum: 1.049 MB, node maximum: 1.573 MB


 NUMBER OF SORTED TWO-ELECTRON INTEGRALS:     114459.     BUFFER LENGTH:  32768
 NUMBER OF SEGMENTS:   1  SEGMENT LENGTH:     114459      RECORD LENGTH: 524288

 Memory used in sort:       0.67 MW

 SORT1 READ     1221234. AND WROTE      111603. INTEGRALS IN      1 RECORDS. CPU TIME:     0.03 SEC, REAL TIME:     0.02 SEC
 SORT2 READ      901437. AND WROTE      928146. INTEGRALS IN     40 RECORDS. CPU TIME:     0.00 SEC, REAL TIME:     0.01 SEC

 Node minimum:      114156.  Node maximum:      120324. integrals

 OPERATOR DM      FOR CENTER  0  COORDINATES:    0.000000    0.000000    0.000000

 Program * Restricted Hartree-Fock

 Molecular orbitals read from record     2100.2  Type=RHF/CANONICAL  

 NELEC=    8   SYM=1   MS2= 0   THRE=1.0D-12   THRD=1.0D-06   THRG=1.0D-06  HFMA2=F  DIIS_START=2   DIIS_MAX=10   DIIS_INCORE=F

 Level shifts:    0.00 (CLOSED)    0.00 (OPEN)    0.30 (GAP_MIN)

 ITER           ETOT              DE          GRAD        DDIFF     DIIS  NEXP   TIME(IT)  TIME(TOT)  DIAG
   1      -26.40113664     -26.40113664     0.00D+00     0.94D-01     0     0       0.00      0.00    start
   2      -26.40113664       0.00000000     0.82D-09     0.57D-09     1     0       0.00      0.00    diag

 Final occupancy:   3   1   0   0

 !RHF STATE 1.1 Energy                -26.401136642463
  RHF One-electron energy             -49.055922936999
  RHF Two-electron energy              15.209062908206
  RHF Kinetic energy                   26.392513258503
  RHF Nuclear energy                    7.445723386331
  RHF Virial quotient                  -1.000326735990

 !RHF STATE 1.1 Dipole moment           0.00000000    -0.00002121     0.00000000
 Dipole moment /Debye                   0.00000000    -0.00005390     0.00000000

 Orbital energies:

           1.1          2.1          3.1          4.1          5.1
     -7.614101    -0.705739    -0.499526     0.255639     0.258372

           1.2          2.2          3.2
     -0.499533     0.255633     0.346398

           1.3          2.3
      0.063142     0.414853

           1.4          2.4
      0.446723     1.091123


 HOMO      3.1    -0.499526 =     -13.5928eV
 LUMO      1.3     0.063142 =       1.7182eV
 LUMO-HOMO         0.562667 =      15.3110eV

 Orbitals saved in record  2100.2


 **********************************************************************************************************************************
 DATASETS  * FILE   NREC   LENGTH (MB)   RECORD NAMES
              1      18       28.93       500      610      700      900      950      970     1000      129      960     1100   
                                          VAR    BASINP    GEOM    SYMINP    ZMAT    AOBASIS   BASIS     P2S    ABASIS      S 
                                         1400     1410     1200     1210     1080     1600     1650     1700   
                                           T        V       H0       H01     AOSYM     SMH    MOLCAS    OPER   

              2       8        0.54       700     1000      520     2100     8500     5300     5450     5400   
                                         GEOM     BASIS   MCVARS     RHF     CPHF     HESS     NMOD     FREQ   

 PROGRAMS   *        TOTAL    HF-SCF   CCSD(T)    HF-SCF       INT
 CPU TIMES  *        62.47      0.83      0.51      0.02      0.65
 REAL TIME  *        92.66 SEC
 DISK USED  *       158.31 MB (local),        1.30 GB (total)
 SF USED    *        19.95 MB
 GA USED    *         0.00 MB       (max)       0.00 MB       (current)
 **********************************************************************************************************************************


 PROGRAM * CCSD (Closed-shell coupled cluster)     Authors: C. Hampel, H.-J. Werner, 1991, M. Deegan, P.J. Knowles, 1992


 Convergence thresholds:  THRVAR = 1.00D-16  THRDEN = 1.00D-12

 CCSD(T)     terms to be evaluated (factor= 1.000)


 Using ITF CCSD(T) gradient implementation

 Number of core orbitals:           1 (   1   0   0   0 )
 Number of closed-shell orbitals:   3 (   2   1   0   0 )
 Number of external orbitals:      68 (  27  19  14   8 )

 Molecular orbitals read from record     2100.2  Type=RHF/CANONICAL (state 1.1)

 Integral transformation finished. Total CPU:   0.01 sec, npass=  1  Memory used:   0.17 MW
 Time for re-packing tensors:             0.00 sec
  Reference energy                    -26.401136642463

  MP2 correlation energy               -0.114741281569
  MP2 total energy                    -26.515877924031

 ITER.      SQ.NORM     CORR.ENERGY   TOTAL ENERGY   ENERGY CHANGE        DEN1      VAR(S)    VAR(P)  DIIS     TIME
   1      1.05430287    -0.13503955   -26.53617619    -0.02029827    -0.01501410  1.84e-04  1.33e-03  1  1     0.00
   2      1.05981505    -0.13654177   -26.53767842    -0.00150222    -0.00455880  1.21e-05  1.91e-04  2  2     0.01
   3      1.06225586    -0.13671809   -26.53785473    -0.00017632    -0.00171619  2.02e-07  1.76e-05  3  3     0.02
   4      1.06294634    -0.13669411   -26.53783075     0.00002398    -0.00047099  2.66e-08  1.69e-06  4  4     0.02
   5      1.06316900    -0.13668371   -26.53782035     0.00001040    -0.00013987  7.74e-10  9.19e-08  5  5     0.03
   6      1.06321430    -0.13668009   -26.53781673     0.00000363    -0.00003084  3.66e-10  5.16e-09  6  0     0.04
   7      1.06322033    -0.13667907   -26.53781571     0.00000102    -0.00000556  1.06e-12  3.26e-10  6  1     0.05
   8      1.06322137    -0.13667891   -26.53781555     0.00000016    -0.00000099  2.34e-13  4.97e-11  6  2     0.05
   9      1.06322159    -0.13667888   -26.53781552     0.00000003    -0.00000021  1.74e-13  3.84e-12  6  3     0.06
  10      1.06322162    -0.13667887   -26.53781551     0.00000000    -0.00000003  1.91e-15  2.97e-13  6  4     0.07
  11      1.06322162    -0.13667887   -26.53781551     0.00000000    -0.00000000  5.42e-16  1.65e-14  6  5     0.08
  12      1.06322162    -0.13667887   -26.53781551     0.00000000    -0.00000000  3.66e-18  4.30e-16  6  0     0.08
  13      1.06322162    -0.13667887   -26.53781551     0.00000000    -0.00000000  1.30e-18  4.72e-17  6  1     0.09
  14      1.06322162    -0.13667887   -26.53781551     0.00000000    -0.00000000  2.24e-19  4.99e-18  6  2     0.10
  15      1.06322162    -0.13667887   -26.53781551    -0.00000000    -0.00000000  5.32e-21  2.30e-19  6  3     0.11
  16      1.06322162    -0.13667887   -26.53781551     0.00000000    -0.00000000  7.44e-22  1.28e-20           0.11

 Norm of t1 vector:      0.02249491     S-energy:      0.00000000   T1 diagnostic:  0.00649372

 Time per iteration:                      0.01 sec

 RESULTS
 =======

  Reference energy                    -26.401136642463
  CCSD correlation energy              -0.136678871278
  CCSD total energy                   -26.537815513740

  Triples (T) contribution             -0.002592139657
  Total correlation energy             -0.139271010934
  CCSD[T] total energy                -26.540459316432
 !CCSD(T) total energy                -26.540407653397

 Starting CP-CCSD(T) iterations.   Author: W. Gyorffy (2015)

 ITER.      NRM1           NRM2      VAR(S)+VAR(P)   DIIS    TIME
   1     0.00029688     0.13848802     3.96e-04      1  1    0.00
   2     0.00029613     0.14031675     1.72e-05      2  2    0.01
   3     0.00029791     0.14092953     1.54e-06      3  3    0.02
   4     0.00030035     0.14115837     8.24e-08      4  4    0.03
   5     0.00030192     0.14120202     8.27e-09      5  5    0.03
   6     0.00030250     0.14120030     7.30e-10      6  0    0.04
   7     0.00030261     0.14119704     4.18e-11      6  1    0.05
   8     0.00030260     0.14119582     2.16e-12      6  2    0.06
   9     0.00030259     0.14119554     1.12e-13      6  3    0.06
  10     0.00030259     0.14119548     6.67e-15      6  4    0.07
  11     0.00030259     0.14119547     4.49e-16      6  5    0.08
  12     0.00030259     0.14119547     2.81e-17      6  0    0.09
  13     0.00030259     0.14119547     2.37e-18      6  1    0.09
  14     0.00030259     0.14119547     4.09e-19      6  2    0.10
  15     0.00030259     0.14119547     5.40e-20      6  3    0.11
  16     0.00030259     0.14119547     5.78e-21              0.11


 Time per iteration:                      0.01 sec


 CPHF trial vector read from record  8500.2

 Starting Coupled-perturbed Hartree-Fock, convergence threshold= 1.0D-06

 ITER   MIC  DIIS      VAR         VARC       CPU
   1     0     1    0.27D-07    0.76D-09     0.00

 CPHF convergence reached in  1 macroiterations and    0 microiterations.   Accuracy: 2.7112D-08

 CPHF solution written to record  8500.2

 Dipole moments (unrelaxed):            0.00000000    -0.00001804     0.00000000
 Orbital relaxation contribution:      -0.00000000    -0.00000009    -0.00000000
 !CCSD(T) STATE 1.1 Dipole moment       0.00000000    -0.00001813     0.00000000
 Dipole moment /Debye                   0.00000000    -0.00004609     0.00000000

 CPU-time for coupled-perturbed hartree-fock:          0.00 sec

 Number of N-1 electron functions:               3
 Number of N-2 electron functions:               6
 Number of singly external CSFs:                73
 Number of doubly external CSFs:              5977
 Total number of CSFs:                        6051

 CCSD(T) gradient info saved on record        55555.1




 **********************************************************************************************************************************
 DATASETS  * FILE   NREC   LENGTH (MB)   RECORD NAMES
              1      21       31.70       500      610      700      900      950      970     1000      129      960     1100   
                                          VAR    BASINP    GEOM    SYMINP    ZMAT    AOBASIS   BASIS     P2S    ABASIS      S 
                                         1400     1410     1200     1210     1080     1600     1650     1700     1380     3791   
                                           T        V       H0       H01     AOSYM     SMH    MOLCAS    OPER     JKOP   
                                        55555   
                                        CCSD(T)    

              2       8        0.54       700     1000      520     2100     8500     5300     5450     5400   
                                         GEOM     BASIS   MCVARS     RHF     CPHF     HESS     NMOD     FREQ   

 PROGRAMS   *        TOTAL   CCSD(T)   CCSD(T)    HF-SCF       INT
 CPU TIMES  *        62.94      0.47      0.51      0.02      0.65
 REAL TIME  *        93.21 SEC
 DISK USED  *       158.31 MB (local),        1.30 GB (total)
 SF USED    *        19.95 MB
 GA USED    *         0.00 MB       (max)       0.00 MB       (current)
 **********************************************************************************************************************************
