
 Working directory              : /scratch/emmanous/bh3.CCSDt.anopVTZ.com.52692/molpro.k8mRNTkQxb/
 Global scratch directory       : /scratch/emmanous/bh3.CCSDt.anopVTZ.com.52692/molpro.k8mRNTkQxb/
 Wavefunction directory         : /home/emmanous/wfu/
 Main file repository           : /scratch/emmanous/bh3.CCSDt.anopVTZ.com.52692/molpro.k8mRNTkQxb/

 id        : wis

 Nodes     nprocs
 cff147       8
 GA implementation: MPI file
 GA implementation (serial work in mppx): MPI file

 Using DEFAULT tuning parameter for ncache   :   16384
 Using DEFAULT tuning parameter for mflopdgm :   10000
 Using DEFAULT tuning parameter for mflopdgv :    4000
 Using DEFAULT tuning parameter for mflopmxm :    5000
 Using DEFAULT tuning parameter for mflopmxv :    4000
 Using DEFAULT tuning parameter for mindgm   :       1
 Using DEFAULT tuning parameter for mindgc   :       4
 Using DEFAULT tuning parameter for mindgf   :    5000
 Using DEFAULT tuning parameter for mindgl   :       4
 Using DEFAULT tuning parameter for mindgr   :       1
 Using DEFAULT tuning parameter for mindgv   :      20
 Using DEFAULT tuning parameter for mincuda  :     500
 Using DEFAULT tuning parameter for mxmblk   :      64
 Using DEFAULT tuning parameter for mxmbln   :      64
 Using DEFAULT tuning parameter for nroll    :       2
 Using custom tuning parameter for ngpus     :       0
 Using customized tuning parameters: mindgm=1; mindgv=20; mindgc=4; mindgr=1; noblas=0; minvec=7

 Fortran compiler: integer size=8, double size=8, logical size=8
 default implementation of scratch files=sf  


 Variables initialized (1015), CPU time= 0.00 sec
 gthresh,energy=1d-12,gradient=1d-6,twoint=1d-18,prefac=1d-20
 noorient
 charge=0
 multiplicity=1
 geomtyp=xyz
 geom={
  B         -0.0000000000       -0.0000107613        0.0000000000
  H          0.0000000000        1.1891811079        0.0000000000
  H          1.0298423809       -0.5945851733        0.0000000000
  H         -1.0298423809       -0.5945851733        0.0000000000
 }
 MASS,ISO
 MASS,PRINT
 
 basis={
 Including file /gpfs01/work/emmanous/6Frequencies/implementation/MOLPRO/G4-Tano-F12-v2/EXAMPLE_BH3/ano-pVTZ.mbas
 }
 hf
 ccsd(t)
 {freq,print=3;noproject}
 Commands initialized (834), CPU time= 0.00 sec, 672 directives.
 Default parameters read. Elapsed time= 0.07 sec

 Using DEFAULT tuning parameter for mpplat   :       3
 Using DEFAULT tuning parameter for mppspeed :    1600
 Checking input...
 Passed
1


                                         ***  PROGRAM SYSTEM MOLPRO  ***
                                       Copyright, TTI GmbH Stuttgart, 2015
                                    Version 2022.2 linked Thu May  5 23:39:45 2022


 **********************************************************************************************************************************
 LABEL *                                                                                 
  64 bit mpp version                                                                     DATE: 12-Aug-23          TIME: 10:30:52  
 **********************************************************************************************************************************

 SHA1:             518bf5c5e315925380b88506c70af759aa1d1d96
 **********************************************************************************************************************************

 Memory per process:      1500 MW
 Total memory per node:  12000 MW

 GA preallocation disabled
 GA check disabled

 Variable memory set to 1500.0 MW


 THRESHOLDS:

 ZERO    =  1.00D-12  ONEINT  =  1.00D-12  TWOINT  =  1.00D-18  PREFAC  =  1.00D-20  XXXXXX  =  1.00D-09  EORDER  =  1.00D-04
 ENERGY  =  1.00D-12  ETEST   =  0.00D+00  EDENS   =  0.00D+00  THRDEDEF=  1.00D-06  GRADIENT=  1.00D-06  STEP    =  1.00D-03
 ORBITAL =  1.00D-05  CIVEC   =  1.00D-05  COEFF   =  1.00D-04  PRINTCI =  5.00D-02  PUNCHCI =  9.90D+01  OPTGRAD =  3.00D-04
 OPTENERG=  1.00D-06  OPTSTEP =  3.00D-04  THRGRAD =  1.00D-10  COMPRESS=  1.00D-11  VARMIN  =  1.00D-07  VARMAX  =  1.00D-03
 THRDOUB =  0.00D+00  THRDIV  =  1.00D-05  THRRED  =  1.00D-07  THRPSP  =  1.00D+00  THRDC   =  1.00D-10  THRCS   =  1.00D-10
 THRNRM  =  1.00D-08  THREQ   =  0.00D+00  THRDE   =  1.00D+00  THRREF  =  1.00D-05  SPARFAC =  1.00D+00  THRDLP  =  1.00D-07
 THRDIA  =  1.00D-10  THRDLS  =  1.00D-07  THRGPS  =  0.00D+00  THRKEX  =  0.00D+00  THRDIS  =  2.00D-01  THRVAR  =  1.00D-10
 THRLOC  =  1.00D-06  THRGAP  =  1.00D-06  THRLOCT = -1.00D+00  THRGAPT = -1.00D+00  THRORB  =  1.00D-06  THRMLTP =  0.00D+00
 THRCPQCI=  1.00D-10  KEXTA   =  0.00D+00  THRCOARS=  0.00D+00  SYMTOL  =  1.00D-06  GRADTOL =  1.00D-06  THROVL  =  1.00D-08
 THRORTH =  1.00D-08  THRDLOVL= -1.00D+00  GRID    =  1.00D-06  GRIDMAX =  1.00D-03  DTMAX   =  0.00D+00  THROCCDE=  1.00D-01
 THROCCDE=  1.00D-01  THRPRINT=  2.50D-01

 SETTING CHARGE         =      0.0000000D+00                                  
 SETTING MULTIPLICITY   =         1.00000000                                  
 SETTING GEOMTYP        =    XYZ


 Using masses of most abundant isotopes

 **********************************************************************************************************************************


 Atomic masses

 Center       Mass
 B         11.00931
 H          1.00782
 H          1.00782
 H          1.00782
 SETTING BASIS          =    USERDEF


 Recomputing integrals since basis changed


 Using spherical harmonics



 PROGRAM * SEWARD (Integral evaluation for generally contracted gaussian basis sets)     Author: Roland Lindh, 1990

 Geometry written to block  1 of record 700


 Point group  C2v 



 ATOMIC COORDINATES

 NR  ATOM    CHARGE       X              Y              Z

   1  B       5.00    0.000000000   -0.000020336    0.000000000
   2  H       1.00    0.000000000    2.247226607    0.000000000
   3  H       1.00    1.946120051   -1.123603135    0.000000000
   4  H       1.00   -1.946120051   -1.123603135    0.000000000

 Bond lengths in Bohr (Angstrom)

 1-2  2.247246942  1-3  2.247180803  1-4  2.247180803
     ( 1.189191869)     ( 1.189156870)     ( 1.189156870)

 Bond angles

  2-1-3  119.99977618   2-1-4  119.99977618   3-1-4  120.00044763

 NUCLEAR CHARGE:                    8
 NUMBER OF PRIMITIVE AOS:         266
 NUMBER OF SYMMETRY AOS:          237
 NUMBER OF CONTRACTIONS:           72   (   30A1  +   20B1  +   14B2  +    8A2  )
 NUMBER OF INNER CORE ORBITALS:     0   (    0A1  +    0B1  +    0B2  +    0A2  )
 NUMBER OF OUTER CORE ORBITALS:     1   (    1A1  +    0B1  +    0B2  +    0A2  )
 NUMBER OF VALENCE ORBITALS:        7   (    4A1  +    2B1  +    1B2  +    0A2  )


 NUCLEAR REPULSION ENERGY    7.44572339

 Eigenvalues of metric

         1 0.537E-03 0.540E-03 0.254E-01 0.340E-01 0.456E-01 0.478E-01 0.961E-01 0.343E+00
         2 0.540E-03 0.167E-01 0.254E-01 0.478E-01 0.961E-01 0.343E+00 0.488E+00 0.554E+00
         3 0.314E-01 0.364E-01 0.338E+00 0.461E+00 0.527E+00 0.673E+00 0.956E+00 0.100E+01
         4 0.364E-01 0.338E+00 0.461E+00 0.923E+00 0.956E+00 0.150E+01 0.173E+01 0.181E+01


 Contracted 2-electron integrals neglected if value below      1.0D-18
 AO integral compression algorithm  1   Integral accuracy      1.0D-18

     10.748 MB (compressed) written to integral file (100.0%)

     Node minimum: 1.311 MB, node maximum: 1.573 MB


 NUMBER OF SORTED TWO-ELECTRON INTEGRALS:     114459.     BUFFER LENGTH:  32768
 NUMBER OF SEGMENTS:   1  SEGMENT LENGTH:     114459      RECORD LENGTH: 524288

 Memory used in sort:       0.67 MW

 SORT1 READ     1221234. AND WROTE      111603. INTEGRALS IN      1 RECORDS. CPU TIME:     0.03 SEC, REAL TIME:     0.03 SEC
 SORT2 READ      901437. AND WROTE      928146. INTEGRALS IN     40 RECORDS. CPU TIME:     0.00 SEC, REAL TIME:     0.00 SEC

 Node minimum:      114156.  Node maximum:      120324. integrals

 OPERATOR DM      FOR CENTER  0  COORDINATES:    0.000000    0.000000    0.000000


 **********************************************************************************************************************************
 DATASETS  * FILE   NREC   LENGTH (MB)   RECORD NAMES
              1      18       28.93       500      610      700      900      950      970     1000      129      960     1100   
                                          VAR    BASINP    GEOM    SYMINP    ZMAT    AOBASIS   BASIS     P2S    ABASIS      S 
                                         1400     1410     1200     1210     1080     1600     1650     1700   
                                           T        V       H0       H01     AOSYM     SMH    MOLCAS    OPER   

 PROGRAMS   *        TOTAL       INT
 CPU TIMES  *         0.79      0.65
 REAL TIME  *         1.74 SEC
 DISK USED  *        29.27 MB (local),      273.71 MB (total)
 GA USED    *         0.00 MB       (max)       0.00 MB       (current)
 **********************************************************************************************************************************


 Program * Restricted Hartree-Fock

 Orbital guess generated from atomic densities.

 Initial occupancy:   3   1   0   0

 NELEC=    8   SYM=1   MS2= 0   THRE=1.0D-12   THRD=1.0D-06   THRG=1.0D-06  HFMA2=F  DIIS_START=2   DIIS_MAX=10   DIIS_INCORE=F

 Level shifts:    0.00 (CLOSED)    0.00 (OPEN)    0.30 (GAP_MIN)

 ITER           ETOT              DE          GRAD        DDIFF     DIIS  NEXP   TIME(IT)  TIME(TOT)  DIAG
   1      -26.39528996     -26.39528996     0.00D+00     0.95D-01     0     0       0.00      0.01    start
   2      -26.40081347      -0.00552351     0.58D-02     0.26D-02     1     0       0.00      0.01    diag
   3      -26.40112354      -0.00031007     0.13D-02     0.94D-03     2     0       0.00      0.01    diag
   4      -26.40113635      -0.00001281     0.25D-03     0.20D-03     3     0       0.00      0.01    diag
   5      -26.40113664      -0.00000029     0.32D-04     0.30D-04     4     0       0.00      0.01    diag
   6      -26.40113664      -0.00000001     0.42D-05     0.40D-05     5     0       0.00      0.01    diag
   7      -26.40113664      -0.00000000     0.64D-06     0.48D-06     6     0       0.00      0.01    diag
   8      -26.40113664      -0.00000000     0.45D-07     0.44D-07     7     0       0.00      0.01    fixocc
   9      -26.40113664       0.00000000     0.34D-08     0.23D-08     0     0       0.00      0.01    diag

 Final occupancy:   3   1   0   0

 !RHF STATE 1.1 Energy                -26.401136642463
  RHF One-electron energy             -49.055922940373
  RHF Two-electron energy              15.209062911580
  RHF Kinetic energy                   26.392513253795
  RHF Nuclear energy                    7.445723386331
  RHF Virial quotient                  -1.000326736169

 !RHF STATE 1.1 Dipole moment           0.00000000    -0.00002121     0.00000000
 Dipole moment /Debye                   0.00000000    -0.00005390     0.00000000

 Orbital energies:

           1.1          2.1          3.1          4.1          5.1
     -7.614101    -0.705739    -0.499526     0.255639     0.258372

           1.2          2.2          3.2
     -0.499533     0.255633     0.346398

           1.3          2.3
      0.063142     0.414853

           1.4          2.4
      0.446723     1.091123


 HOMO      3.1    -0.499526 =     -13.5928eV
 LUMO      1.3     0.063142 =       1.7182eV
 LUMO-HOMO         0.562667 =      15.3110eV

 Orbitals saved in record  2100.2


 **********************************************************************************************************************************
 DATASETS  * FILE   NREC   LENGTH (MB)   RECORD NAMES
              1      18       28.93       500      610      700      900      950      970     1000      129      960     1100   
                                          VAR    BASINP    GEOM    SYMINP    ZMAT    AOBASIS   BASIS     P2S    ABASIS      S 
                                         1400     1410     1200     1210     1080     1600     1650     1700   
                                           T        V       H0       H01     AOSYM     SMH    MOLCAS    OPER   

              2       4        0.44       700     1000      520     2100   
                                         GEOM     BASIS   MCVARS     RHF  

 PROGRAMS   *        TOTAL    HF-SCF       INT
 CPU TIMES  *         0.81      0.02      0.65
 REAL TIME  *         1.97 SEC
 DISK USED  *        29.53 MB (local),      275.78 MB (total)
 GA USED    *         0.00 MB       (max)       0.00 MB       (current)
 **********************************************************************************************************************************


 PROGRAM * CCSD (Closed-shell coupled cluster)     Authors: C. Hampel, H.-J. Werner, 1991, M. Deegan, P.J. Knowles, 1992


 Convergence thresholds:  THRVAR = 1.00D-16  THRDEN = 1.00D-12

 CCSD(T)     terms to be evaluated (factor= 1.000)


 Using ITF CCSD(T) gradient implementation

 Number of core orbitals:           1 (   1   0   0   0 )
 Number of closed-shell orbitals:   3 (   2   1   0   0 )
 Number of external orbitals:      68 (  27  19  14   8 )

 Molecular orbitals read from record     2100.2  Type=RHF/CANONICAL  

 Integral transformation finished. Total CPU:   0.01 sec, npass=  1  Memory used:   0.17 MW
 Time for re-packing tensors:             0.01 sec
  Reference energy                    -26.401136642463

  MP2 correlation energy               -0.114741281717
  MP2 total energy                    -26.515877924180

 ITER.      SQ.NORM     CORR.ENERGY   TOTAL ENERGY   ENERGY CHANGE        DEN1      VAR(S)    VAR(P)  DIIS     TIME
   1      1.05430287    -0.13503955   -26.53617619    -0.02029827    -0.01501410  1.84e-04  1.33e-03  1  1     0.01
   2      1.05981505    -0.13654177   -26.53767842    -0.00150222    -0.00455880  1.21e-05  1.91e-04  2  2     0.02
   3      1.06225586    -0.13671809   -26.53785473    -0.00017632    -0.00171619  2.02e-07  1.76e-05  3  3     0.02
   4      1.06294634    -0.13669411   -26.53783075     0.00002398    -0.00047099  2.66e-08  1.69e-06  4  4     0.03
   5      1.06316900    -0.13668371   -26.53782035     0.00001040    -0.00013987  7.74e-10  9.19e-08  5  5     0.04
   6      1.06321430    -0.13668009   -26.53781673     0.00000363    -0.00003084  3.66e-10  5.16e-09  6  0     0.05
   7      1.06322033    -0.13667907   -26.53781571     0.00000102    -0.00000556  1.06e-12  3.26e-10  6  1     0.05
   8      1.06322137    -0.13667891   -26.53781555     0.00000016    -0.00000099  2.34e-13  4.97e-11  6  2     0.06
   9      1.06322159    -0.13667888   -26.53781552     0.00000003    -0.00000021  1.74e-13  3.84e-12  6  3     0.07
  10      1.06322162    -0.13667887   -26.53781551     0.00000000    -0.00000003  1.91e-15  2.97e-13  6  4     0.07
  11      1.06322162    -0.13667887   -26.53781551     0.00000000    -0.00000000  5.42e-16  1.65e-14  6  5     0.08
  12      1.06322162    -0.13667887   -26.53781551     0.00000000    -0.00000000  3.66e-18  4.30e-16  6  0     0.09
  13      1.06322162    -0.13667887   -26.53781551     0.00000000    -0.00000000  1.30e-18  4.72e-17  6  1     0.10
  14      1.06322162    -0.13667887   -26.53781551     0.00000000    -0.00000000  2.24e-19  4.99e-18  6  2     0.10
  15      1.06322162    -0.13667887   -26.53781551    -0.00000000    -0.00000000  5.32e-21  2.31e-19  6  3     0.11
  16      1.06322162    -0.13667887   -26.53781551     0.00000000    -0.00000000  7.42e-22  1.28e-20           0.12

 Norm of t1 vector:      0.02249491     S-energy:      0.00000000   T1 diagnostic:  0.00649372

 Time per iteration:                      0.01 sec

 RESULTS
 =======

  Reference energy                    -26.401136642463
  CCSD correlation energy              -0.136678871267
  CCSD total energy                   -26.537815513729

  Triples (T) contribution             -0.002592139667
  Total correlation energy             -0.139271010933
  CCSD[T] total energy                -26.540459316423
 !CCSD(T) total energy                -26.540407653396

 Starting CP-CCSD(T) iterations.   Author: W. Gyorffy (2015)

 ITER.      NRM1           NRM2      VAR(S)+VAR(P)   DIIS    TIME
   1     0.00029688     0.13848802     3.96e-04      1  1    0.01
   2     0.00029613     0.14031675     1.72e-05      2  2    0.01
   3     0.00029791     0.14092953     1.54e-06      3  3    0.02
   4     0.00030035     0.14115837     8.24e-08      4  4    0.03
   5     0.00030192     0.14120202     8.27e-09      5  5    0.04
   6     0.00030250     0.14120030     7.30e-10      6  0    0.05
   7     0.00030261     0.14119704     4.18e-11      6  1    0.05
   8     0.00030260     0.14119582     2.16e-12      6  2    0.06
   9     0.00030259     0.14119554     1.12e-13      6  3    0.07
  10     0.00030259     0.14119548     6.67e-15      6  4    0.08
  11     0.00030259     0.14119547     4.49e-16      6  5    0.08
  12     0.00030259     0.14119547     2.81e-17      6  0    0.09
  13     0.00030259     0.14119547     2.37e-18      6  1    0.10
  14     0.00030259     0.14119547     4.09e-19      6  2    0.11
  15     0.00030259     0.14119547     5.40e-20      6  3    0.11
  16     0.00030259     0.14119547     5.78e-21              0.12


 Time per iteration:                      0.01 sec

 CPHF start vector      0.2 not found

 Starting Coupled-perturbed Hartree-Fock, convergence threshold= 1.0D-06

 ITER   MIC  DIIS      VAR         VARC       CPU
   1     0     1    0.92D-03    0.86D-03     0.00
   2     2     2    0.77D-04    0.11D-04     0.00
   3     3     3    0.17D-05    0.49D-06     0.00
   4     1     4    0.66D-07    0.92D-08     0.00

 CPHF convergence reached in  4 macroiterations and    6 microiterations.   Accuracy: 6.6373D-08

 CPHF solution written to record  8500.2

 Dipole moments (unrelaxed):            0.00000000    -0.00001804     0.00000000
 Orbital relaxation contribution:      -0.00000000    -0.00000009    -0.00000000
 !CCSD(T) STATE 1.1 Dipole moment       0.00000000    -0.00001813     0.00000000
 Dipole moment /Debye                   0.00000000    -0.00004609     0.00000000

 CPU-time for coupled-perturbed hartree-fock:          0.00 sec

 Number of N-1 electron functions:               3
 Number of N-2 electron functions:               6
 Number of singly external CSFs:                73
 Number of doubly external CSFs:              5977
 Total number of CSFs:                        6051

 CCSD(T) gradient info saved on record        55555.1




 **********************************************************************************************************************************
 DATASETS  * FILE   NREC   LENGTH (MB)   RECORD NAMES
              1      21       31.70       500      610      700      900      950      970     1000      129      960     1100   
                                          VAR    BASINP    GEOM    SYMINP    ZMAT    AOBASIS   BASIS     P2S    ABASIS      S 
                                         1400     1410     1200     1210     1080     1600     1650     1700     1380     3791   
                                           T        V       H0       H01     AOSYM     SMH    MOLCAS    OPER     JKOP   
                                        55555   
                                        CCSD(T)    

              2       5        0.51       700     1000      520     2100     8500   
                                         GEOM     BASIS   MCVARS     RHF     CPHF   

 PROGRAMS   *        TOTAL   CCSD(T)    HF-SCF       INT
 CPU TIMES  *         1.31      0.51      0.02      0.65
 REAL TIME  *         2.53 SEC
 DISK USED  *        32.27 MB (local),      297.71 MB (total)
 SF USED    *        19.94 MB
 GA USED    *         0.00 MB       (max)       0.00 MB       (current)
 **********************************************************************************************************************************


 PROGRAM * HESSIAN

 *** Long output written to logfile /gpfs01/work/emmanous/6Frequencies/implementation/MOLPRO/G4-Tano-F12-v2/EXAMPLE_BH3/bh3.CCSDt.anopVTZ.log ***


 Computing numerical hessian using default procedure for command CCSD(T)

 Symmetry elements for unique displacements: X  Z  

 Using AUTO symmetry option

 Running default procedure: HF-SCF000  CCSD(T)


 Numerically approximating hessian using central gradient differences

 Task list generated. Total number of displacements:     13

 All  13 tasks completed.  CPU=     88.22 sec, Elapsed=     88.60 sec.

 CCSD(T) hessian saved to record  5300.2

 PROGRAM * FREQUENCIES (Calculation of harmonic vibrational spectra for CCSD(T))


 Permanent Dipole Moment [debye]
   1-  3    0.000000   -0.000046    0.000000

 Dipole Moment Norm    0.0000461 [debye]

 Dipole Moment Derivatives [debye/ang]
              1             2             3             4             5             6             7             8
    1    2.49616110    0.00000000    0.00000000   -0.45078653    0.00000000    0.00000000   -1.02267226    0.33014959
    2    0.00000000    2.49625343    0.00000000    0.00000000   -1.21335480    0.00000000    0.33017038   -0.64140451
    3    0.00000000    0.00000000    2.14374898    0.00000000    0.00000000   -0.71465168    0.00000000    0.00000000
              9            10            11            12
    1    0.00000000   -1.02267226   -0.33014959    0.00000000
    2    0.00000000   -0.33017038   -0.64140451    0.00000000
    3   -0.71463878    0.00000000    0.00000000   -0.71463878

 Force Constants (Second Derivatives of the Energy) in [a.u.]
                             BX1         BY1         BZ1         HX2         HY2     
           BX1           0.4214761
           BY1           0.0000000   0.4214231
           BZ1           0.0000000   0.0000000   0.1193760
           HX2          -0.0408421   0.0000000   0.0000000   0.0334841
           HY2           0.0000000  -0.2401404   0.0000000   0.0000000   0.2515186
           HZ2           0.0000000   0.0000000  -0.0397849   0.0000000   0.0000000
           HX3          -0.1903304   0.0863245   0.0000000   0.0036876  -0.0013423
           HY3           0.0863256  -0.0906698   0.0000000   0.0175736  -0.0056867
           HZ3           0.0000000   0.0000000  -0.0397790   0.0000000   0.0000000
           HX4          -0.1903304  -0.0863245   0.0000000   0.0036876   0.0013423
           HY4          -0.0863256  -0.0906698   0.0000000  -0.0175736  -0.0056867
           HZ4           0.0000000   0.0000000  -0.0397790   0.0000000   0.0000000
                             HZ2         HX3         HY3         HZ3         HX4     
           HZ2           0.0127925
           HX3           0.0000000   0.1970222
           HY3           0.0000000  -0.0944448   0.0880064
           HZ3           0.0134907   0.0000000   0.0000000   0.0127861
           HX4           0.0000000  -0.0103747  -0.0094558   0.0000000   0.1970222
           HY4           0.0000000   0.0094558   0.0083762   0.0000000   0.0944448
           HZ4           0.0134907   0.0000000   0.0000000   0.0134911  -0.0000000
                             HY4         HZ4     
           HY4           0.0880064
           HZ4           0.0000000   0.0127861


 Atomic Masses
   1-  4   11.009310    1.007825    1.007825    1.007825

 Mass weighted Second Derivative Matrix
                             BX1         BY1         BZ1         HX2         HY2     
           BX1           0.0382836
           BY1           0.0000000   0.0382788
           BZ1           0.0000000   0.0000000   0.0108432
           HX2          -0.0122613   0.0000000   0.0000000   0.0332241
           HY2           0.0000000  -0.0720929   0.0000000   0.0000000   0.2495657
           HZ2           0.0000000   0.0000000  -0.0119439   0.0000000   0.0000000
           HX3          -0.0571394   0.0259156   0.0000000   0.0036590  -0.0013319
           HY3           0.0259159  -0.0272201   0.0000000   0.0174371  -0.0056425
           HZ3           0.0000000   0.0000000  -0.0119421   0.0000000   0.0000000
           HX4          -0.0571394  -0.0259156   0.0000000   0.0036590   0.0013319
           HY4          -0.0259159  -0.0272201   0.0000000  -0.0174371  -0.0056425
           HZ4           0.0000000   0.0000000  -0.0119421   0.0000000   0.0000000
                             HZ2         HX3         HY3         HZ3         HX4     
           HZ2           0.0126932
           HX3           0.0000000   0.1954925
           HY3           0.0000000  -0.0937115   0.0873231
           HZ3           0.0133859   0.0000000   0.0000000   0.0126869
           HX4           0.0000000  -0.0102941  -0.0093824   0.0000000   0.1954925
           HY4           0.0000000   0.0093824   0.0083111   0.0000000   0.0937115
           HZ4           0.0133859   0.0000000   0.0000000   0.0133864  -0.0000000
                             HY4         HZ4     
           HY4           0.0873231
           HZ4           0.0000000   0.0126869


 Mass Weighted 2nd Derivative Matrix Eigenvalues
   1- 10   -0.000700   -0.000695   -0.000648    0.000000    0.000000    0.000000    0.050304    0.056118    0.056128    0.252932
  11- 12    0.280216    0.280238

 Mass Weighted 2nd Derivative Matrix Eigenvectors
              1             2             3             4             5             6             7             8
    1    0.00000000    0.00000000   -0.00303744    0.00000000    0.00000000    0.88576539    0.00000000    0.00000000
    2    0.00000000    0.00000000    0.00000000    0.88579473    0.00000000    0.00000000    0.00000000   -0.31382535
    3    0.00000000    0.00002642    0.00000000    0.00000000    0.88569085    0.00000000   -0.46427548    0.00000000
    4    0.00000000    0.00000000    0.57630207    0.00000000    0.00000000    0.26995088    0.00000000    0.00000000
    5    0.00000000    0.00000000    0.00000000    0.26799655    0.00000000    0.00000000    0.00000000   -0.07930033
    6    0.00000000    0.81646471    0.00000000    0.00000000    0.26805139    0.00000000    0.51140378    0.00000000
    7    0.00000000    0.00000000   -0.28965993   -0.00003316    0.00000000    0.26696431    0.00000000    0.36832695
    8    0.00000000    0.00000000   -0.50003047    0.26790441    0.00000000   -0.00177483    0.00000000    0.55852288
    9    0.70710678   -0.40828016    0.00000000    0.00000000    0.26804866    0.00000000    0.51132888    0.00000000
   10    0.00000000    0.00000000   -0.28965993    0.00003316    0.00000000    0.26696431    0.00000000   -0.36832695
   11    0.00000000    0.00000000    0.50003047    0.26790441    0.00000000    0.00177483    0.00000000    0.55852288
   12   -0.70710678   -0.40828016    0.00000000    0.00000000    0.26804866    0.00000000    0.51132888    0.00000000
              9            10            11            12
    1   -0.31390240    0.00000000    0.00000000   -0.34187092
    2    0.00000000   -0.00028077   -0.34187902    0.00000000
    3    0.00000000    0.00000000    0.00000000    0.00000000
    4    0.77123985    0.00000000    0.00000000   -0.01383965
    5    0.00000000    0.57799725    0.76668670    0.00000000
    6    0.00000000    0.00000000    0.00000000    0.00000000
    7    0.13326495    0.49968565   -0.33859932    0.57189827
    8    0.36819511   -0.28857200    0.18167449   -0.33822882
    9    0.00000000    0.00000000    0.00000000    0.00000000
   10    0.13326495   -0.49968565    0.33859932    0.57189827
   11   -0.36819511   -0.28857200    0.18167449    0.33822882
   12    0.00000000    0.00000000    0.00000000    0.00000000

 Imaginary Vibration  Wavenumber
        Nr             [1/cm] 
        1              135.96
        2              135.49
        3              130.88
        4                0.19
        5                0.13

   Low Vibration      Wavenumber
        Nr             [1/cm] 
        1                0.45

     Vibration        Wavenumber
        Nr             [1/cm] 
        1             1152.94
        2             1217.74
        3             1217.85
        4             2585.27
        5             2721.14
        6             2721.25

 FREQUENCIES * CALCULATION OF NORMAL MODES FOR CCSD(T)


 Atomic Coordinates

  Nr  Atom  Charge       X              Y              Z

   1   B     5.00    0.000000000   -0.000020336    0.000000000
   2   H     1.00    0.000000000    2.247226607    0.000000000
   3   H     1.00    1.946120051   -1.123603135    0.000000000
   4   H     1.00   -1.946120051   -1.123603135    0.000000000

 Normal Modes

                              1 B1        2 A1        3 B2        4 A1        5 A1 
 Wavenumbers [cm-1]         1152.94     1217.74     1217.85     2585.27     2721.14
 Intensities [km/mol]         81.88       15.81       15.82        0.00      113.47
 Intensities [relative]       72.16       13.93       13.94        0.00      100.00
           BX1              0.00000    -0.00000    -0.09461     0.00000    -0.00000
           BY1              0.00000    -0.09458     0.00000    -0.00008    -0.10304
           BZ1             -0.13993    -0.00000    -0.00000    -0.00000     0.00000
           HX2             -0.00000     0.00000     0.76824     0.00000     0.00000
           HY2              0.00000    -0.07899     0.00000     0.57575     0.76370
           HZ2              0.50941     0.00000     0.00000     0.00000     0.00000
           HX3             -0.00000     0.36689     0.13275     0.49774    -0.33728
           HY3             -0.00000     0.55635     0.36676    -0.28745     0.18097
           HZ3              0.50934     0.00000     0.00000    -0.00000     0.00000
           HX4              0.00000    -0.36689     0.13275    -0.49774     0.33728
           HY4             -0.00000     0.55635    -0.36676    -0.28745     0.18097
           HZ4              0.50934     0.00000     0.00000     0.00000    -0.00000

                              6 B2 
 Wavenumbers [cm-1]         2721.25
 Intensities [km/mol]        113.46
 Intensities [relative]       99.99
           BX1             -0.10303
           BY1              0.00000
           BZ1             -0.00000
           HX2             -0.01379
           HY2             -0.00000
           HZ2             -0.00000
           HX3              0.56967
           HY3             -0.33691
           HZ3             -0.00000
           HX4              0.56967
           HY4              0.33691
           HZ4             -0.00000


 Normal Modes of imaginary frequencies

                                  1           2           3           4           5
 Wavenumbers [cm-1]          135.96      135.49      130.88        0.19        0.13
 Intensities [km/mol]          0.00        0.00        0.00        0.00        0.00
 Intensities [relative]        0.00        0.00        0.00        0.00        0.00
           BX1              0.00000     0.00000    -0.00092    -0.00000     0.00000
           BY1             -0.00000    -0.00000    -0.00000     0.26696     0.00000
           BZ1              0.00000     0.00001    -0.00000    -0.00000     0.26693
           HX2             -0.00000     0.00000     0.57406    -0.00000     0.00000
           HY2             -0.00000    -0.00000    -0.00000     0.26695     0.00000
           HZ2             -0.00000     0.81329    -0.00000    -0.00000     0.26701
           HX3              0.00000    -0.00000    -0.28853    -0.00003     0.00000
           HY3              0.00000    -0.00000    -0.49809     0.26686     0.00000
           HZ3              0.70436    -0.40669     0.00000    -0.00000     0.26701
           HX4              0.00000    -0.00000    -0.28853     0.00003     0.00000
           HY4             -0.00000     0.00000     0.49809     0.26686     0.00000
           HZ4             -0.70436    -0.40669    -0.00000    -0.00000     0.26701


 Normal Modes of low/zero frequencies

                                  1
 Wavenumbers [cm-1]            0.45
 Intensities [km/mol]          0.00
 Intensities [relative]        0.00
           BX1              0.26696
           BY1              0.00000
           BZ1             -0.00000
           HX2              0.26890
           HY2              0.00000
           HZ2             -0.00000
           HX3              0.26593
           HY3             -0.00177
           HZ3             -0.00000
           HX4              0.26593
           HY4              0.00177
           HZ4             -0.00000


 Frequencies dumped to record   5400.2

 Zero point energy:  0.02646363 [H]     5808.09 [1/CM]       69.48 [KJ/MOL]
 Frequency information read from record  5400.2

 Recomputing wavefunction at initial geometry


 **********************************************************************************************************************************
 DATASETS  * FILE   NREC   LENGTH (MB)   RECORD NAMES
              1      21       31.70       500      610      700      900      950      970     1000      129      960     1100   
                                          VAR    BASINP    GEOM    SYMINP    ZMAT    AOBASIS   BASIS     P2S    ABASIS      S 
                                         1400     1410     1200     1210     1080     1600     1650     1700     1380     3791   
                                           T        V       H0       H01     AOSYM     SMH    MOLCAS    OPER     JKOP   
                                        55555   
                                        CCSD(T)    

              2       8        0.54       700     1000      520     2100     8500     5300     5450     5400   
                                         GEOM     BASIS   MCVARS     RHF     CPHF     HESS     NMOD     FREQ   

 PROGRAMS   *        TOTAL      FREQ   CCSD(T)    HF-SCF       INT
 CPU TIMES  *        62.94     61.63      0.51      0.02      0.65
 REAL TIME  *        93.21 SEC
 DISK USED  *       158.31 MB (local),        1.30 GB (total)
 SF USED    *        19.95 MB
 GA USED    *         0.00 MB       (max)       0.00 MB       (current)
 **********************************************************************************************************************************

 CCSD(T)/USERDEF energy=    -26.540407653397

         CCSD(T)          HF-SCF
    -26.54040765    -26.40113664
 **********************************************************************************************************************************
 Molpro calculation terminated
