
 Working directory              : /scratch/emmanous/bh3.opt.com.50241/molpro.BtOqqKxDY4/
 Global scratch directory       : /scratch/emmanous/bh3.opt.com.50241/molpro.BtOqqKxDY4/
 Wavefunction directory         : /home/emmanous/wfu/
 Main file repository           : /scratch/emmanous/bh3.opt.com.50241/molpro.BtOqqKxDY4/

 id        : wis

 Nodes     nprocs
 cff147       8
 GA implementation: MPI file
 GA implementation (serial work in mppx): MPI file

 Using DEFAULT tuning parameter for ncache   :   16384
 Using DEFAULT tuning parameter for mflopdgm :   10000
 Using DEFAULT tuning parameter for mflopdgv :    4000
 Using DEFAULT tuning parameter for mflopmxm :    5000
 Using DEFAULT tuning parameter for mflopmxv :    4000
 Using DEFAULT tuning parameter for mindgm   :       1
 Using DEFAULT tuning parameter for mindgc   :       4
 Using DEFAULT tuning parameter for mindgf   :    5000
 Using DEFAULT tuning parameter for mindgl   :       4
 Using DEFAULT tuning parameter for mindgr   :       1
 Using DEFAULT tuning parameter for mindgv   :      20
 Using DEFAULT tuning parameter for mincuda  :     500
 Using DEFAULT tuning parameter for mxmblk   :      64
 Using DEFAULT tuning parameter for mxmbln   :      64
 Using DEFAULT tuning parameter for nroll    :       2
 Using custom tuning parameter for ngpus     :       0
 Using customized tuning parameters: mindgm=1; mindgv=20; mindgc=4; mindgr=1; noblas=0; minvec=7

 Fortran compiler: integer size=8, double size=8, logical size=8
 default implementation of scratch files=sf  


 Variables initialized (1015), CPU time= 0.00 sec
 ***,geometry optimization
 gthresh,energy=1d-12,gradient=1d-6,twoint=1d-18,prefac=1d-20
 GTHRESH, OPTSTEP=1d-5, OPTGRAD=1d-5, ENERGY=1d-11
 noorient
 charge=
 multiplicity=
 geomtyp=xyz
 geom={
 B        0.000000    0.000000    0.000000
 H        0.000000    1.189900    0.000000
 H        1.030484   -0.594950    0.000000
 H       -1.030484   -0.594950    0.000000
 }
 MASS,ISO
 MASS,PRINT
 label1
 
 basis=vqz-f12
 df-hf
 df-mp2-f12,ansatz=3*C(FIX,HY1),cabs=0,cabs_singles=0,ri_basis=optri
 e2=energy
 
 basis={
 Including file /gpfs01/work/emmanous/6Frequencies/implementation/MOLPRO/G4-Tano-F12-v2/EXAMPLE_BH3/ano-pVTZ.mbas
 }
 hf
 mp2
 emp2=energy
 ccsd(t)
 ehlc=(energy-emp2)
 etotal=e2+ehlc
 show,e*
 
 optg,startcmd=label1,variable=etotal
 Commands initialized (834), CPU time= 0.01 sec, 672 directives.
 Default parameters read. Elapsed time= 0.07 sec

 Using DEFAULT tuning parameter for mpplat   :       3
 Using DEFAULT tuning parameter for mppspeed :    1600
 Checking input...
 Passed
1


                                         ***  PROGRAM SYSTEM MOLPRO  ***
                                       Copyright, TTI GmbH Stuttgart, 2015
                                    Version 2022.2 linked Thu May  5 23:39:45 2022


 **********************************************************************************************************************************
 LABEL *   geometry optimization                                                         
  64 bit mpp version                                                                     DATE: 12-Aug-23          TIME: 10:18:58  
 **********************************************************************************************************************************

 SHA1:             518bf5c5e315925380b88506c70af759aa1d1d96
 **********************************************************************************************************************************

 Memory per process:      1500 MW
 Total memory per node:  12000 MW

 GA preallocation disabled
 GA check disabled

 Variable memory set to 1500.0 MW


 THRESHOLDS:

 ZERO    =  1.00D-12  ONEINT  =  1.00D-12  TWOINT  =  1.00D-18  PREFAC  =  1.00D-20  XXXXXX  =  1.00D-09  EORDER  =  1.00D-04
 ENERGY  =  1.00D-12  ETEST   =  0.00D+00  EDENS   =  0.00D+00  THRDEDEF=  1.00D-06  GRADIENT=  1.00D-06  STEP    =  1.00D-03
 ORBITAL =  1.00D-05  CIVEC   =  1.00D-05  COEFF   =  1.00D-04  PRINTCI =  5.00D-02  PUNCHCI =  9.90D+01  OPTGRAD =  3.00D-04
 OPTENERG=  1.00D-06  OPTSTEP =  3.00D-04  THRGRAD =  1.00D-10  COMPRESS=  1.00D-11  VARMIN  =  1.00D-07  VARMAX  =  1.00D-03
 THRDOUB =  0.00D+00  THRDIV  =  1.00D-05  THRRED  =  1.00D-07  THRPSP  =  1.00D+00  THRDC   =  1.00D-10  THRCS   =  1.00D-10
 THRNRM  =  1.00D-08  THREQ   =  0.00D+00  THRDE   =  1.00D+00  THRREF  =  1.00D-05  SPARFAC =  1.00D+00  THRDLP  =  1.00D-07
 THRDIA  =  1.00D-10  THRDLS  =  1.00D-07  THRGPS  =  0.00D+00  THRKEX  =  0.00D+00  THRDIS  =  2.00D-01  THRVAR  =  1.00D-10
 THRLOC  =  1.00D-06  THRGAP  =  1.00D-06  THRLOCT = -1.00D+00  THRGAPT = -1.00D+00  THRORB  =  1.00D-06  THRMLTP =  0.00D+00
 THRCPQCI=  1.00D-10  KEXTA   =  0.00D+00  THRCOARS=  0.00D+00  SYMTOL  =  1.00D-06  GRADTOL =  1.00D-06  THROVL  =  1.00D-08
 THRORTH =  1.00D-08  THRDLOVL= -1.00D+00  GRID    =  1.00D-06  GRIDMAX =  1.00D-03  DTMAX   =  0.00D+00  THROCCDE=  1.00D-01
 THROCCDE=  1.00D-01  THRPRINT=  2.50D-01


 THRESHOLDS:

 ZERO    =  1.00D-12  ONEINT  =  1.00D-12  TWOINT  =  1.00D-18  PREFAC  =  1.00D-20  XXXXXX  =  1.00D-09  EORDER  =  1.00D-04
 ENERGY  =  1.00D-11  ETEST   =  0.00D+00  EDENS   =  0.00D+00  THRDEDEF=  1.00D-06  GRADIENT=  1.00D-06  STEP    =  1.00D-03
 ORBITAL =  1.00D-05  CIVEC   =  1.00D-05  COEFF   =  1.00D-04  PRINTCI =  5.00D-02  PUNCHCI =  9.90D+01  OPTGRAD =  1.00D-05
 OPTENERG=  1.00D-06  OPTSTEP =  1.00D-05  THRGRAD =  1.00D-10  COMPRESS=  1.00D-11  VARMIN  =  1.00D-07  VARMAX  =  1.00D-03
 THRDOUB =  0.00D+00  THRDIV  =  1.00D-05  THRRED  =  1.00D-07  THRPSP  =  1.00D+00  THRDC   =  1.00D-10  THRCS   =  1.00D-10
 THRNRM  =  1.00D-08  THREQ   =  0.00D+00  THRDE   =  1.00D+00  THRREF  =  1.00D-05  SPARFAC =  1.00D+00  THRDLP  =  1.00D-07
 THRDIA  =  1.00D-10  THRDLS  =  1.00D-07  THRGPS  =  0.00D+00  THRKEX  =  0.00D+00  THRDIS  =  2.00D-01  THRVAR  =  1.00D-10
 THRLOC  =  1.00D-06  THRGAP  =  1.00D-06  THRLOCT = -1.00D+00  THRGAPT = -1.00D+00  THRORB  =  1.00D-06  THRMLTP =  0.00D+00
 THRCPQCI=  1.00D-10  KEXTA   =  0.00D+00  THRCOARS=  0.00D+00  SYMTOL  =  1.00D-06  GRADTOL =  1.00D-06  THROVL  =  1.00D-08
 THRORTH =  1.00D-08  THRDLOVL= -1.00D+00  GRID    =  1.00D-06  GRIDMAX =  1.00D-03  DTMAX   =  0.00D+00  THROCCDE=  1.00D-01
 THROCCDE=  1.00D-01  THRPRINT=  2.50D-01

 SETTING GEOMTYP        =    XYZ

 Turning off symmetry in density fitting calculation
 To re-enable, use 'symmetry,auto'



 Using masses of most abundant isotopes

 **********************************************************************************************************************************


 Atomic masses

 Center       Mass
 B         11.00931
 H          1.00782
 H          1.00782
 H          1.00782
 SETTING BASIS          =    VQZ-F12


 Recomputing integrals since basis changed


 Using spherical harmonics

 Library entry B      S cc-pVQZ-F12          selected for orbital group  1
 Library entry B      P cc-pVQZ-F12          selected for orbital group  1
 Library entry B      D cc-pVQZ-F12          selected for orbital group  1
 Library entry B      F cc-pVQZ-F12          selected for orbital group  1
 Library entry B      G cc-pVQZ-F12          selected for orbital group  1
 Library entry H      S cc-pVQZ-F12          selected for orbital group  2
 Library entry H      P cc-pVQZ-F12          selected for orbital group  2
 Library entry H      D cc-pVQZ-F12          selected for orbital group  2
 Library entry H      F cc-pVQZ-F12          selected for orbital group  2


 PROGRAM * SEWARD (Integral evaluation for generally contracted gaussian basis sets)     Author: Roland Lindh, 1990

 Geometry written to block  1 of record 700


 Point group  C1  



 ATOMIC COORDINATES

 NR  ATOM    CHARGE       X              Y              Z

   1  B       5.00    0.000000000    0.000000000    0.000000000
   2  H       1.00    0.000000000    2.248585116    0.000000000
   3  H       1.00    1.947332536   -1.124292558    0.000000000
   4  H       1.00   -1.947332536   -1.124292558    0.000000000

 Bond lengths in Bohr (Angstrom)

 1-2  2.248585116  1-3  2.248585725  1-4  2.248585725
     ( 1.189900000)     ( 1.189900322)     ( 1.189900322)

 Bond angles

  2-1-3  119.99999104   2-1-4  119.99999104   3-1-4  120.00001791

 NUCLEAR CHARGE:                    8
 NUMBER OF PRIMITIVE AOS:         252
 NUMBER OF SYMMETRY AOS:          212
 NUMBER OF CONTRACTIONS:          189   (  189A   )
 NUMBER OF INNER CORE ORBITALS:     0   (    0A   )
 NUMBER OF OUTER CORE ORBITALS:     1   (    1A   )
 NUMBER OF VALENCE ORBITALS:        7   (    7A   )


 NUCLEAR REPULSION ENERGY    7.44114495

 EXTRA SYMMETRY OF AOS IN SYMMETRY 1:   1 1 1 1 1 1 1 1 1 2   1 1 2 1 1 2 1 1 2 1   1 2 1 1 2 1 1 2 1 1   2 1 2 1 1 2 1 2 1 1
                                        2 1 2 1 1 2 1 2 1 1   2 1 2 1 2 1 1 2 1 2   1 2 1 1 2 1 2 1 2 1   1 2 1 2 1 1 2 2 1 1
                                        2 1 2 1 1 2 2 1 1 1   1 1 1 1 2 1 1 2 1 1   2 1 1 2 1 1 2 1 2 1   1 2 1 2 1 1 2 1 2 1
                                        2 1 1 1 1 1 1 1 2 1   1 2 1 1 2 1 1 2 1 1   2 1 2 1 1 2 1 2 1 1   2 1 2 1 2 1 1 1 1 1
                                        1 1 2 1 1 2 1 1 2 1   1 2 1 1 2 1 2 1 1 2   1 2 1 1 2 1 2 1 2

 Eigenvalues of metric

         1 0.253E-04 0.369E-04 0.369E-04 0.130E-03 0.167E-03 0.167E-03 0.270E-03 0.270E-03


 OPERATOR DM      FOR CENTER  0  COORDINATES:    0.000000    0.000000    0.000000


 **********************************************************************************************************************************
 DATASETS  * FILE   NREC   LENGTH (MB)   RECORD NAMES
              1      18       29.89       500      610      700      900      950      970     1000      129      960     1100   
                                          VAR    BASINP    GEOM    SYMINP    ZMAT    AOBASIS   BASIS     P2S    ABASIS      S 
                                         1400     1410     1200     1210     1080     1600     1650     1700   
                                           T        V       H0       H01     AOSYM     SMH    MOLCAS    OPER   

 PROGRAMS   *        TOTAL       INT
 CPU TIMES  *         0.40      0.25
 REAL TIME  *         1.36 SEC
 DISK USED  *        30.25 MB (local),      241.98 MB (total)
 GA USED    *         0.00 MB       (max)       0.00 MB       (current)
 **********************************************************************************************************************************


 Program * Restricted Hartree-Fock

 Basis set VQZ-F12/JKFIT generated.      Number of basis functions:   370 
 Coulomb and exchange fitting
 Thresholds for fitting:       THRAO_COUL= 1.0D-15    THRAO_EXCH= 1.0D-13    THRMO= 1.0D-12    THRPROD= 1.0D-12    THRASM= 1.0D-12
                               THR2HLF=    1.0D-12

 Basis set VQZ-F12-JKFIT loaded. Number of basis functions: 370

 Orbital guess generated from atomic densities. Full valence occupancy:    8
 Using density fitting in orbital guess


 Initial occupancy:   4

 NELEC=    8   SYM=1   MS2= 0   THRE=1.0D-12   THRD=1.0D-06   THRG=1.0D-06  HFMA2=F  DIIS_START=2   DIIS_MAX=10   DIIS_INCORE=F

 Level shifts:    0.00 (CLOSED)    0.00 (OPEN)    0.30 (GAP_MIN)

 ITER           ETOT              DE          GRAD        DDIFF     DIIS  NEXP   TIME(IT)  TIME(TOT)  DIAG
   1      -26.39654840     -26.39654840     0.00D+00     0.32D-01     0     0       0.03      0.08    start
   2      -26.40218840      -0.00564000     0.22D-02     0.15D-02     1     0       0.04      0.12    diag
   3      -26.40251511      -0.00032671     0.50D-03     0.42D-03     2     0       0.03      0.15    diag
   4      -26.40252952      -0.00001441     0.96D-04     0.94D-04     3     0       0.03      0.18    diag
   5      -26.40252985      -0.00000033     0.13D-04     0.13D-04     4     0       0.03      0.21    diag
   6      -26.40252986      -0.00000001     0.18D-05     0.21D-05     5     0       0.04      0.25    diag
   7      -26.40252986      -0.00000000     0.27D-06     0.70D-06     6     0       0.03      0.28    diag
   8      -26.40252986      -0.00000000     0.27D-07     0.11D-06     7     0       0.03      0.31    fixocc
   9      -26.40252986       0.00000000     0.22D-08     0.86D-08     8     0       0.04      0.35    diag
  10      -26.40252986       0.00000000     0.12D-09     0.69D-09     0     0       0.03      0.38    diag/orth

 Final occupancy:   4

 !RHF STATE 1.1 Energy                -26.402529859486
  RHF One-electron energy             -49.061453860795
  RHF Two-electron energy              15.217779047354
  RHF Kinetic energy                   26.391221150954
  RHF Nuclear energy                    7.441144953955
  RHF Virial quotient                  -1.000428502663

 !RHF STATE 1.1 Dipole moment          -0.00000000     0.00000012     0.00000000
 Dipole moment /Debye                  -0.00000000     0.00000032     0.00000000

 Orbital energies:

           1.1          2.1          3.1          4.1          5.1          6.1
     -7.611196    -0.704475    -0.498638    -0.498638     0.025309     0.037134


 HOMO      4.1    -0.498638 =     -13.5686eV
 LUMO      5.1     0.025309 =       0.6887eV
 LUMO-HOMO         0.523948 =      14.2573eV

 Orbitals saved in record  2100.2


 **********************************************************************************************************************************
 DATASETS  * FILE   NREC   LENGTH (MB)   RECORD NAMES
              1      18       29.89       500      610      700      900      950      970     1000      129      960     1100   
                                          VAR    BASINP    GEOM    SYMINP    ZMAT    AOBASIS   BASIS     P2S    ABASIS      S 
                                         1400     1410     1200     1210     1080     1600     1650     1700   
                                           T        V       H0       H01     AOSYM     SMH    MOLCAS    OPER   

              2       4        0.97       700     1000      520     2100   
                                         GEOM     BASIS   MCVARS     RHF  

 PROGRAMS   *        TOTAL     DF-HF       INT
 CPU TIMES  *         0.78      0.38      0.25
 REAL TIME  *         2.08 SEC
 DISK USED  *        33.26 MB (local),      266.07 MB (total)
 SF USED    *         4.27 MB
 GA USED    *         0.00 MB       (max)       0.00 MB       (current)
 **********************************************************************************************************************************


 PROGRAM * MP2 (Closed-shell)     Authors: C. Hampel, H.-J. Werner, 1991, M. Deegan, P.J. Knowles, 1992

                                   MP2-F12 implementation by H.-J. Werner, 2007

                   Density fitting integral evaluation by F.R. Manby, 2003,2007, G. Knizia, 2010


 Basis set CC-PVQZ-F12/OPTRI generated.  Number of basis functions:   236 
 Basis set CC-PVQZ-F12/CABS generated.   Number of basis functions:   425 
 Basis set VQZ-F12/MP2FIT generated.     Number of basis functions:   408 

 Convergence thresholds:  THRVAR = 1.00D-15  THRDEN = 1.00D-11

 Number of core orbitals:           1 (   1 )
 Number of closed-shell orbitals:   3 (   3 )
 Number of external orbitals:     185 ( 185 )

 Molecular orbitals read from record     2100.2  Type=RHF/CANONICAL  

 MP2-F12 correlation treatment (H.-J. Werner, 2006)
 ==================================================

 Using MP2-F12 with ansatz 3*C(FIX,NOZ,HY1)

 FOCKRIB=T FOCKRIC=T FOCKRIP=T CABSP=F CABSA=T CABSK=F CABSF=F GBC=F EBC=T DMAT=F NOFIK=T NOPAO=1 SOLVE=-1  USEPAO=0
 EXCH_A= T EXCH_B= F EXCH_C= F EXCH_P= F

 Hybrid approximation used. HY1=1  HYX=0

 Geminal basis:    OPTFULL  GEM_TYPE=SLATER  BETA=1.0  NGEM=6

 Optimizing Gaussian exponents for each gem_beta

 Geminal optimization for beta= 1.0000
 Weight function:   m=0, omega= 1.4646

 Augmented Hessian optimization of geminal fit. Trust ratio= 0.40000
 Convergence reached after   2 iterations. Final gradient= 8.66D-16, Step= 4.23D-06, Delta= 1.28D-09

 Alpha:                 0.19532     0.81920     2.85917     9.50073    35.69989   197.79328
 Coeff:                 0.27070     0.30552     0.18297     0.10986     0.06810     0.04224


 All pairs explicitly correlated. Number of r12-pairs:            6

 Excluding core orbitals from MO domains

 AO(A)-basis ORBITAL           loaded. Number of functions:     189
 RI(R)-basis CC-PVQZ-F12_CABS  loaded. Number of functions:     425
 DF-basis VQZ-F12/JKFIT        loaded. Number of functions:     370

 Screening thresholds:   THRAO=  1.00D-10  THRMO=  1.00D-10  THRPROD=  1.00D-10
                         THRSW=  1.00D-07  THROV=  1.00D-12  THRAOF12= 1.00D-08

 CPU time for Fock operators                      0.23 sec

 Construction of ABS:
 Smallest eigenvalue of S          3.11E-07  (threshold= 1.00E-08)
 Ratio eigmin/eigmax               2.04E-08  (threshold= 1.00E-09)
 Smallest eigenvalue of S kept     3.11E-07  (threshold= 3.11E-07, 0 functions deleted, 425 kept)


 CABS for double RI
 Construction of ABS:
 Smallest eigenvalue of S          3.11E-07  (threshold= 1.00E-08)
 Ratio eigmin/eigmax               2.04E-08  (threshold= 1.00E-09)
 Smallest eigenvalue of S kept     3.11E-07  (threshold= 3.11E-07, 0 functions deleted, 425 kept)

 Construction of CABS:
 Smallest eigenvalue of S         -3.85E-11  (threshold= 1.00E-08)
 Ratio eigmin/eigmax              -3.85E-11  (threshold= 1.00E-09)
 Smallest eigenvalue of S kept     1.00E+00  (threshold= 1.00E+00, 189 functions deleted, 236 kept)


 AO(A)-basis ORBITAL           loaded. Number of functions:     189
 RI(R)-basis CC-PVQZ-F12_CABS  loaded. Number of functions:     425
 DF-basis VQZ-F12/MP2FIT       loaded. Number of functions:     408

 Screening thresholds:   THRAO=  1.00D-10  THRMO=  1.00D-10  THRPROD=  1.00D-10
                         THRSW=  1.00D-07  THROV=  1.00D-12  THRAOF12= 1.00D-08

 CPU time for 3-index integral evaluation         0.60 sec
 CPU time for first  half transformation          0.01 sec (13770.5 MFLOP/sec)
 CPU time for fitting                             0.01 sec (20841.3 MFLOP/sec)
 CPU time for tilde quantities                    0.01 sec ( 6825.0 MFLOP/sec)
 CPU time for assembly                            0.02 sec (11349.5 MFLOP/sec)
 CPU time for f12 integrals (total)               0.69 sec, Elapsed time:      0.73 sec
 F12-matrices built in  6 passes.
 F12-matrices built in  6 passes.
 F12-matrices built in  6 passes.
 CPU time for f12 matrices (total)                0.01 sec, Elapsed time:      0.01 sec

 Diagonal F12 approximation with fixed coefficients:  TSING= 0.500,  TTRIP= 0.250 (scaled by -1/beta)

 DF-MP2-F12 energy corrections:
 ==============================
 Approx.                                    Singlet             Triplet             Total
 DF-MP2-F12/3*C(DX,FIX,NOZ,HY1)        -0.005180797905     -0.000121583977     -0.005302381882
 DF-MP2-F12/3*C(FIX,NOZ,HY1)           -0.005109180730     -0.000120528583     -0.005229709313

 DF-MP2-F12 correlation energies:
 ================================
 Approx.                                    Singlet             Triplet             Ecorr            Total Energy
 DF-MP2                                -0.102627013722     -0.017851350745     -0.120478364466    -26.523008223953
 DF-MP2-F12/3*C(DX,FIX,NOZ,HY1)        -0.107807811627     -0.017972934722     -0.125780746349    -26.528310605835
 DF-MP2-F12/3*C(FIX,NOZ,HY1)           -0.107736194452     -0.017971879328     -0.125708073779    -26.528237933265

 SCS-DF-MP2 energies (F_SING= 1.20000  F_TRIP= 0.62222  F_PARALLEL= 0.33333):
 ============================================================================
 SCS-DF-MP2                            -0.134259923596    -26.536789783082
 SCS-DF-MP2-F12/3*C(DX,FIX,NOZ,HY1)    -0.140552533334    -26.543082392821
 SCS-DF-MP2-F12/3*C(FIX,NOZ,HY1)       -0.140465936035    -26.542995795521


  Reference energy                    -26.402529859486
  F12 singlet correction               -0.005109180730
  F12 triplet correction               -0.000120528583
  F12 total correction                 -0.005229709313
  MP2-F12 singlet pair energy          -0.107736194452
  MP2-F12 triplet pair energy          -0.017971879328
  MP2-F12 correlation energy           -0.125708073779

 !MP2-F12 total energy                -26.528237933265


 **********************************************************************************************************************************
 DATASETS  * FILE   NREC   LENGTH (MB)   RECORD NAMES
              1      18       29.89       500      610      700      900      950      970     1000      129      960     1100   
                                          VAR    BASINP    GEOM    SYMINP    ZMAT    AOBASIS   BASIS     P2S    ABASIS      S 
                                         1400     1410     1200     1210     1080     1600     1650     1700   
                                           T        V       H0       H01     AOSYM     SMH    MOLCAS    OPER   

              2       5        2.26       700     1000      520     2100     7360   
                                         GEOM     BASIS   MCVARS     RHF    F12ABS    

 PROGRAMS   *        TOTAL   MP2-F12     DF-HF       INT
 CPU TIMES  *         1.88      1.10      0.38      0.25
 REAL TIME  *         3.29 SEC
 DISK USED  *        33.26 MB (local),      266.07 MB (total)
 SF USED    *        92.68 MB
 GA USED    *         3.05 MB       (max)       0.00 MB       (current)
 **********************************************************************************************************************************
 SETTING E2             =       -26.52823793  AU                              
 SETTING BASIS          =    USERDEF


 Recomputing integrals since basis changed


 Using spherical harmonics



 PROGRAM * SEWARD (Integral evaluation for generally contracted gaussian basis sets)     Author: Roland Lindh, 1990

 Geometry written to block  1 of record 700


 Point group  C1  



 ATOMIC COORDINATES

 NR  ATOM    CHARGE       X              Y              Z

   1  B       5.00    0.000000000    0.000000000    0.000000000
   2  H       1.00    0.000000000    2.248585116    0.000000000
   3  H       1.00    1.947332536   -1.124292558    0.000000000
   4  H       1.00   -1.947332536   -1.124292558    0.000000000

 Bond lengths in Bohr (Angstrom)

 1-2  2.248585116  1-3  2.248585725  1-4  2.248585725
     ( 1.189900000)     ( 1.189900322)     ( 1.189900322)

 Bond angles

  2-1-3  119.99999104   2-1-4  119.99999104   3-1-4  120.00001791

 NUCLEAR CHARGE:                    8
 NUMBER OF PRIMITIVE AOS:         266
 NUMBER OF SYMMETRY AOS:          237
 NUMBER OF CONTRACTIONS:           72   (   72A   )
 NUMBER OF INNER CORE ORBITALS:     0   (    0A   )
 NUMBER OF OUTER CORE ORBITALS:     1   (    1A   )
 NUMBER OF VALENCE ORBITALS:        7   (    7A   )


 NUCLEAR REPULSION ENERGY    7.44114495

 EXTRA SYMMETRY OF AOS IN SYMMETRY 1:   1 1 1 1 1 1 2 1 1 2   1 1 2 1 1 2 1 2 1 1   2 1 2 1 1 2 1 2 1 2   1 1 1 1 1 2 1 1 2 1
                                        1 2 1 2 1 1 1 1 1 2   1 1 2 1 1 2 1 2 1 1   1 1 1 2 1 1 2 1 1 2   1 2

 Eigenvalues of metric

         1 0.538E-03 0.541E-03 0.541E-03 0.168E-01 0.255E-01 0.255E-01 0.316E-01 0.340E-01


 Contracted 2-electron integrals neglected if value below      1.0D-18
 AO integral compression algorithm  1   Integral accuracy      1.0D-18

     18.350 MB (compressed) written to integral file ( 51.8%)

     Node minimum: 2.097 MB, node maximum: 2.621 MB


 NUMBER OF SORTED TWO-ELECTRON INTEGRALS:     431648.     BUFFER LENGTH:  32768
 NUMBER OF SEGMENTS:   1  SEGMENT LENGTH:     431648      RECORD LENGTH: 524288

 Memory used in sort:       0.99 MW

 SORT1 READ     4229553. AND WROTE      199293. INTEGRALS IN      1 RECORDS. CPU TIME:     0.03 SEC, REAL TIME:     0.04 SEC
 SORT2 READ     1611704. AND WROTE     3454506. INTEGRALS IN     64 RECORDS. CPU TIME:     0.01 SEC, REAL TIME:     0.01 SEC

 Node minimum:      430664.  Node maximum:      432964. integrals

 OPERATOR DM      FOR CENTER  0  COORDINATES:    0.000000    0.000000    0.000000


 **********************************************************************************************************************************
 DATASETS  * FILE   NREC   LENGTH (MB)   RECORD NAMES
              1      18       29.05       500      610      700      900      950      970     1001      129      960     1100   
                                          VAR    BASINP    GEOM    SYMINP    ZMAT    AOBASIS   BASIS     P2S    ABASIS      S 
                                         1400     1410     1200     1210     1080     1600     1650     1700   
                                           T        V       H0       H01     AOSYM     SMH    MOLCAS    OPER   

              2       6        2.29       700     1000      520     2100     7360     1001   
                                         GEOM     BASIS   MCVARS     RHF    F12ABS    BASIS   

 PROGRAMS   *        TOTAL       INT   MP2-F12     DF-HF       INT
 CPU TIMES  *         3.77      1.88      1.10      0.38      0.25
 REAL TIME  *         5.40 SEC
 DISK USED  *        33.26 MB (local),      311.71 MB (total)
 SF USED    *        92.68 MB
 GA USED    *         3.05 MB       (max)       0.00 MB       (current)
 **********************************************************************************************************************************


 Program * Restricted Hartree-Fock

 Molecular orbitals read from record     2100.2  Type=RHF/CANONICAL  

 Present basis size:       72
 Previous basis size:     189
 Previous occupation:       4
 Previous closed-shells:    4
 Previous core-orbitals:    1
 Present occupation:        4
 Present closed-shells:     4
 Present core-orbitals:     1
 Wavefunction symmetry:    1   Singlet 

 Orbital overlap <old|new>:  < 1.1| 1.1> = 1.000000   < 2.1| 2.1> = 0.999986   < 3.1| 3.1> = 0.999971   < 4.1| 4.1> = 0.999971


 Initial occupancy:   4

 NELEC=    8   SYM=1   MS2= 0   THRE=1.0D-12   THRD=1.0D-06   THRG=1.0D-06  HFMA2=F  DIIS_START=2   DIIS_MAX=10   DIIS_INCORE=F

 Level shifts:    0.00 (CLOSED)    0.00 (OPEN)    0.30 (GAP_MIN)

 ITER           ETOT              DE          GRAD        DDIFF     DIIS  NEXP   TIME(IT)  TIME(TOT)  DIAG
   1      -26.40078007     -26.40078007     0.00D+00     0.52D-01     0     0       0.01      0.01    start
   2      -26.40112687      -0.00034680     0.14D-02     0.29D-02     1     0       0.00      0.01    diag
   3      -26.40113407      -0.00000720     0.14D-03     0.19D-03     2     0       0.00      0.01    diag
   4      -26.40113418      -0.00000010     0.14D-04     0.13D-04     3     0       0.01      0.02    diag
   5      -26.40113418      -0.00000000     0.12D-05     0.13D-05     4     0       0.00      0.02    diag
   6      -26.40113418      -0.00000000     0.19D-06     0.15D-06     5     0       0.00      0.02    diag
   7      -26.40113418      -0.00000000     0.31D-07     0.17D-07     6     0       0.00      0.02    diag
   8      -26.40113418      -0.00000000     0.53D-08     0.31D-08     0     0       0.01      0.03    fixocc

 Final occupancy:   4

 !RHF STATE 1.1 Energy                -26.401134176405
  RHF One-electron energy             -49.047066137250
  RHF Two-electron energy              15.204787006889
  RHF Kinetic energy                   26.390050406692
  RHF Nuclear energy                    7.441144953955
  RHF Virial quotient                  -1.000419998050

 !RHF STATE 1.1 Dipole moment           0.00000000     0.00000011    -0.00000000
 Dipole moment /Debye                   0.00000000     0.00000029    -0.00000000

 Orbital energies:

           1.1          2.1          3.1          4.1          5.1          6.1
     -7.614373    -0.705571    -0.499401    -0.499401     0.063110     0.255820


 HOMO      4.1    -0.499401 =     -13.5894eV
 LUMO      5.1     0.063110 =       1.7173eV
 LUMO-HOMO         0.562511 =      15.3067eV

 Orbitals saved in record  2101.2


 **********************************************************************************************************************************
 DATASETS  * FILE   NREC   LENGTH (MB)   RECORD NAMES
              1      18       29.05       500      610      700      900      950      970     1001      129      960     1100   
                                          VAR    BASINP    GEOM    SYMINP    ZMAT    AOBASIS   BASIS     P2S    ABASIS      S 
                                         1400     1410     1200     1210     1080     1600     1650     1700   
                                           T        V       H0       H01     AOSYM     SMH    MOLCAS    OPER   

              2       7        2.47       700     1000      520     2100     7360     1001     2101   
                                         GEOM     BASIS   MCVARS     RHF    F12ABS    BASIS     RHF  

 PROGRAMS   *        TOTAL    HF-SCF       INT   MP2-F12     DF-HF       INT
 CPU TIMES  *         3.82      0.05      1.88      1.10      0.38      0.25
 REAL TIME  *         5.70 SEC
 DISK USED  *        33.26 MB (local),      311.71 MB (total)
 SF USED    *        92.68 MB
 GA USED    *         3.05 MB       (max)       0.00 MB       (current)
 **********************************************************************************************************************************


 PROGRAM * MP2 (Closed-shell)     Authors: C. Hampel, H.-J. Werner, 1991, M. Deegan, P.J. Knowles, 1992


 Convergence thresholds:  THRVAR = 1.00D-15  THRDEN = 1.00D-11

 Number of core orbitals:           1 (   1 )
 Number of closed-shell orbitals:   3 (   3 )
 Number of external orbitals:      68 (  68 )

 Molecular orbitals read from record     2101.2  Type=RHF/CANONICAL (state 1.1)

 Number of N-1 electron functions:               3
 Number of N-2 electron functions:               6
 Number of singly external CSFs:               204
 Number of doubly external CSFs:             20910
 Total number of CSFs:                       21115

 Length of J-op  integral file:               0.00 MB
 Length of K-op  integral file:               0.36 MB

 Integral transformation finished. Total CPU:   0.00 sec, npass=  1  Memory used:   0.19 MW

 Memory needed for MP2:                      0.03 MW

 SCS-MP2 correlation energy:           -0.127720865079   (PS=  1.200000  PT=  0.333333)
 SCS-MP2 total energy:                -26.528855041484


  Reference energy                    -26.401134176405
  MP2 singlet pair energy              -0.097487935891
  MP2 triplet pair energy              -0.017253228230
  MP2 correlation energy               -0.114741164121

 !MP2 total energy                    -26.515875340526


 **********************************************************************************************************************************
 DATASETS  * FILE   NREC   LENGTH (MB)   RECORD NAMES
              1      19       29.49       500      610      700      900      950      970     1001      129      960     1100   
                                          VAR    BASINP    GEOM    SYMINP    ZMAT    AOBASIS   BASIS     P2S    ABASIS      S 
                                         1400     1410     1200     1210     1080     1600     1650     1700     1380   
                                           T        V       H0       H01     AOSYM     SMH    MOLCAS    OPER     JKOP   

              2       7        2.47       700     1000      520     2100     7360     1001     2101   
                                         GEOM     BASIS   MCVARS     RHF    F12ABS    BASIS     RHF  

 PROGRAMS   *        TOTAL       MP2    HF-SCF       INT   MP2-F12     DF-HF       INT
 CPU TIMES  *         3.91      0.09      0.05      1.88      1.10      0.38      0.25
 REAL TIME  *         5.80 SEC
 DISK USED  *        33.26 MB (local),      311.71 MB (total)
 SF USED    *        92.68 MB
 GA USED    *         3.05 MB       (max)       0.00 MB       (current)
 **********************************************************************************************************************************
 SETTING EMP2           =       -26.51587534  AU                              


 PROGRAM * CCSD (Closed-shell coupled cluster)     Authors: C. Hampel, H.-J. Werner, 1991, M. Deegan, P.J. Knowles, 1992


 Convergence thresholds:  THRVAR = 1.00D-15  THRDEN = 1.00D-11

 CCSD(T)     terms to be evaluated (factor= 1.000)


 Number of core orbitals:           1 (   1 )
 Number of closed-shell orbitals:   3 (   3 )
 Number of external orbitals:      68 (  68 )

 Molecular orbitals read from record     2101.2  Type=RHF/CANONICAL (state 1.1)

 Number of N-1 electron functions:               3
 Number of N-2 electron functions:               6
 Number of singly external CSFs:               204
 Number of doubly external CSFs:             20910
 Total number of CSFs:                       21115

 Length of J-op  integral file:               0.00 MB
 Length of K-op  integral file:               0.36 MB
 Length of 3-ext integral record:             0.00 MB

 Memory could be reduced to 1.87 Mwords without degradation in triples

 Integral transformation finished. Total CPU:   0.03 sec, npass=  1  Memory used:   0.94 MW

 Reference energy:                    -26.40113418

 MP2 singlet pair energy:              -0.09748794
 MP2 triplet pair energy:              -0.01725323
 MP2 correlation energy:               -0.11474116
 MP2 total energy:                    -26.51587534

 SCS-MP2 correlation energy:           -0.12772087   (PS=  1.200000  PT=  0.333333)
 SCS-MP2 total energy:                -26.52885504

 ITER.      SQ.NORM     CORR.ENERGY   TOTAL ENERGY   ENERGY CHANGE        DEN1      VAR(S)    VAR(P)  DIIS     TIME  TIME/IT
   1      1.05432159    -0.13503523   -26.53616940    -0.02029406    -0.01501650  0.17D-03  0.13D-02  1  1     0.05     0.01
   2      1.06204558    -0.13666576   -26.53779994    -0.00163053    -0.00640703  0.56D-05  0.42D-04  2  2     0.06     0.01
   3      1.06301689    -0.13667849   -26.53781267    -0.00001273    -0.00044560  0.11D-05  0.26D-05  3  3     0.07     0.01
   4      1.06321561    -0.13668687   -26.53782105    -0.00000838    -0.00005906  0.74D-07  0.17D-06  4  4     0.08     0.01
   5      1.06326175    -0.13668649   -26.53782067     0.00000038    -0.00001544  0.44D-08  0.11D-07  5  5     0.08     0.01
   6      1.06326557    -0.13668530   -26.53781947     0.00000120    -0.00000070  0.34D-09  0.11D-08  6  6     0.09     0.01
   7      1.06326595    -0.13668536   -26.53781953    -0.00000006     0.00000010  0.13D-10  0.10D-09  6  1     0.10     0.01
   8      1.06326584    -0.13668536   -26.53781954    -0.00000001     0.00000007  0.78D-12  0.92D-11  6  2     0.11     0.01
   9      1.06326585    -0.13668536   -26.53781954     0.00000000    -0.00000003  0.25D-12  0.48D-12  6  3     0.12     0.01
  10      1.06326584    -0.13668536   -26.53781954    -0.00000000    -0.00000001  0.25D-13  0.32D-13  6  4     0.13     0.01
  11      1.06326584    -0.13668536   -26.53781954    -0.00000000    -0.00000000  0.25D-14  0.20D-14  6  5     0.14     0.01
  12      1.06326584    -0.13668536   -26.53781954    -0.00000000    -0.00000000  0.13D-15  0.15D-15  6  6     0.14     0.01
  13      1.06326584    -0.13668536   -26.53781954    -0.00000000    -0.00000000  0.56D-17  0.11D-16  6  1     0.15     0.01
  14      1.06326584    -0.13668536   -26.53781954     0.00000000    -0.00000000  0.37D-18  0.80D-18  6  2     0.16     0.01

 Norm of t1 vector:      0.02251684      S-energy:    -0.00000000      T1 diagnostic:  0.00650005
                                                                       D1 diagnostic:  0.00957581
                                                                       D2 diagnostic:  0.14060519 (internal)


 Total CPU time for triples:      0.01 sec


 RESULTS
 =======

  Reference energy                    -26.401134176405
  CCSD singlet pair energy             -0.118148002881
  CCSD triplet pair energy             -0.018537361069
  CCSD correlation energy              -0.136685364373

  Triples (T) contribution             -0.002593725944
  Total correlation energy             -0.139279090316

  CCSD total energy                   -26.537819540778
  CCSD[T] energy                      -26.540465046186
  CCSD-T energy                       -26.540387959002
 !CCSD(T) total energy                -26.540413266721

 Timing summary (sec):

 STEP                 CPU(USER)    SYS     CPU(TOT)    WALL
 Transformation          0.03      0.01      0.04      0.04
 CCSD iterations         0.14      0.01      0.15      0.13
 Triples                 0.01      0.00      0.01      0.01

 Program statistics:

 Available memory in ccsd:              1499999952
 Min. memory needed in ccsd:                133204
 Max. memory used in ccsd:                  145600
 Max. memory used in cckext:                118133 (14 integral passes)



 **********************************************************************************************************************************
 DATASETS  * FILE   NREC   LENGTH (MB)   RECORD NAMES
              1      19       33.14       500      610      700      900      950      970     1001      129      960     1100   
                                          VAR    BASINP    GEOM    SYMINP    ZMAT    AOBASIS   BASIS     P2S    ABASIS      S 
                                         1400     1410     1200     1210     1080     1600     1650     1700     1380   
                                           T        V       H0       H01     AOSYM     SMH    MOLCAS    OPER     JKOP   

              2       7        2.47       700     1000      520     2100     7360     1001     2101   
                                         GEOM     BASIS   MCVARS     RHF    F12ABS    BASIS     RHF  

 PROGRAMS   *        TOTAL   CCSD(T)       MP2    HF-SCF       INT   MP2-F12     DF-HF       INT
 CPU TIMES  *         4.16      0.25      0.09      0.05      1.88      1.10      0.38      0.25
 REAL TIME  *         6.06 SEC
 DISK USED  *        38.23 MB (local),      333.54 MB (total)
 SF USED    *        92.68 MB
 GA USED    *         3.05 MB       (max)       0.00 MB       (current)
 **********************************************************************************************************************************
 SETTING EHLC           =        -0.02453793  AU                              
 SETTING ETOTAL         =       -26.55277586  AU                              
 E2               =       -26.52823793 AU
 EMP2             =       -26.51587534 AU
 EHLC             =        -0.02453793 AU
 ETOTAL           =       -26.55277586 AU
 _ECHARG          =         0.00000000 C
 _ENULL           =         0.00000000 C/Vm
 _EMASS           =         0.00000000 kg
 _EV              =         0.03674932 HARTREE
 _EHOMO           =        -0.49940136  
 _ELUMO           =         0.06310956  
 _EMP2            =       -26.51587534 AU
 _EMP2_SING       =        -0.09748794 AU
 _EMP2_TRIP       =        -0.01725323 AU
 _EMP2_SCS        =       -26.52885504 AU
 _ECSING          =        -0.11814800 AU
 _ECTRIP          =        -0.01853736 AU
 _EF12_SING       =        -0.00510918 AU
 _EF12_TRIP       =        -0.00012053 AU
 _EF12_SCS        =        -0.00620601 AU
 _EF12_STRONG     =        -0.00522971 AU
 _EF12_CLOSE      =         0.00000000 AU
 _EF12_WEAK       =         0.00000000 AU
 _EF12_DIST       =         0.00000000 AU
 _EF12S_SING      =        -0.00510918 AU
 _EF12S_TRIP      =        -0.00012053 AU
 _EF12S_SCS       =        -0.00620601 AU
 _EF12S_STRONG    =        -0.00522971 AU
 _EF12S_CLOSE     =         0.00000000 AU
 _EF12S_WEAK      =         0.00000000 AU
 _EF12S_DIST      =         0.00000000 AU
 _EF12D_SING      =        -0.00518080 AU
 _EF12D_TRIP      =        -0.00012158 AU
 _EF12D_SCS       =        -0.00629261 AU
 _EF12D_STRONG    =        -0.00530238 AU
 _EF12D_CLOSE     =         0.00000000 AU
 _EF12D_WEAK      =         0.00000000 AU
 _EF12D_DIST      =         0.00000000 AU
 _ENERGC          =       -26.53781954 AU
 _ENERG_CC        =         0.00000000 AU
 _ENERG_CV        =         0.00000000 AU
 _ENERG_VV        =        -0.13668536 AU
 _ENERGR          =       -26.40113418 AU
 _ENERGT(1:3)     = [     -26.54041327   -26.54046505   -26.54038796] AU
 _ENERGY          =       -26.54041327 AU
 _ENERGY_METHOD   =    CCSD(T)
 _ENERGY_BASIS    =    USERDEF
 _ENUC            =         7.44114495 AU
 _ECDIAG          =        -0.05840308 AU
 _EPDIAG          =        -0.05840308 AU
 _ERF             =    ERF
 _ERFC            =    ERFC
 _EXP             =    EXP
 _EMBEDENERGY     =         0.00000000 AU
 _EMBE_CORR       =         0.00000000 AU
 _EMBED_SCF                       =    FALSE   
 _EOMCCSD_CONV                    =    FALSE   


 PROGRAM * OPT (Geometry optimization)     Authors: F. Eckert and H.-J. Werner


 Using mppx in numerical gradients

 BFGS update of hessian

 Geometry optimization using start command=LABEL1

 Optimizing variable ETOTAL; current value:    -26.55277586 AU

 Geometry written to block  1 of record 700

 *** Long output written to logfile /gpfs01/work/emmanous/6Frequencies/implementation/MOLPRO/G4-Tano-F12-v2/EXAMPLE_BH3/bh3.opt.log ***


 Generated   3 symmetrical displacements

 Making model hessian for cartesian coordinates

 Entering Rational Function Geometry Optimization

 ITER.   ENERGY(OLD)    ENERGY(NEW)      DE          GRADMAX     GRADNORM    GRADRMS     STEPMAX     STEPLEN     STEPRMS   CPU-time
   1   -26.55277586   -26.55277653    -0.00000067  0.00060203  0.00060240  0.00010040  0.00172670  0.00172693  0.00086347     19.88
   2   -26.55277653   -26.55277659    -0.00000006  0.00016818  0.00016831  0.00002805  0.00066936  0.00066943  0.00033472     38.53
   3   -26.55277659   -26.55277660    -0.00000000  0.00000030  0.00000039  0.00000007  0.00000346  0.00000367  0.00000184     56.22

 END OF GEOMETRY OPTIMIZATION.

 Geometry written to block  1 of record 700

 Current geometry (xyz format, in Angstrom)

    4
 CCSD(T)/USERDEF  ENERGY=-26.55277660
 B         -0.0000000000       -0.0000107613        0.0000000000
 H          0.0000000000        1.1891811079        0.0000000000
 H          1.0298423809       -0.5945851733        0.0000000000
 H         -1.0298423809       -0.5945851733        0.0000000000

 **********************************************************************************************************************************


 **********************************************************************************************************************************
 DATASETS  * FILE   NREC   LENGTH (MB)   RECORD NAMES
              1      19       33.14       500      610      700      900      950      970     1001      129      960     1100   
                                          VAR    BASINP    GEOM    SYMINP    ZMAT    AOBASIS   BASIS     P2S    ABASIS      S 
                                         1400     1410     1200     1210     1080     1600     1650     1700     1380   
                                           T        V       H0       H01     AOSYM     SMH    MOLCAS    OPER     JKOP   

              2       9        3.18       700     1000      520     2100     7360     1001     2101     5600     2102   
                                         GEOM     BASIS   MCVARS     RHF    F12ABS    BASIS     RHF     GINFO     RHF  

 PROGRAMS   *        TOTAL      OPTG   CCSD(T)       MP2    HF-SCF       INT   MP2-F12     DF-HF       INT
 CPU TIMES  *        60.38     56.22      0.25      0.09      0.05      1.88      1.10      0.38      0.25
 REAL TIME  *        73.49 SEC
 DISK USED  *       122.52 MB (local),        1.00 GB (total)
 SF USED    *        92.68 MB
 GA USED    *         3.05 MB       (max)       0.00 MB       (current)
 **********************************************************************************************************************************

 CCSD(T)/USERDEF//CCSD(T)/USERDEF energy=    -26.540407653376

   OPTG(CCSD(T))         CCSD(T)             MP2          HF-SCF      DF-MP2-F12           DF-HF
    -26.55277660    -26.54041327    -26.51587534    -26.40113418    -26.52823793    -26.40252986
 **********************************************************************************************************************************
 Molpro calculation terminated
