 Cartesian Coordinates are in [bohr]
 Creating new Variables:
 BX1              -0.00000000
 BY1              -0.00002034
 BZ1               0.00000000
 HX2               0.00000000
 HY2               2.24722661
 HZ2               0.00000000
 HX3               1.94612005
 HY3              -1.12360314
 HZ3               0.00000000
 HX4              -1.94612005
 HY4              -1.12360314
 HZ4               0.00000000
 Task   1   Incrementing variable BX1   by    0.010 BOH (Skipping negative increment due to symmetry).
 Task   2   Incrementing variable BY1   by    0.010 BOH
 Task   3   Incrementing variable BY1   by   -0.010 BOH
 Task   4   Incrementing variable BZ1   by    0.010 BOH (Skipping negative increment due to symmetry).
 Task   5   Incrementing variable HX2   by    0.010 BOH (Skipping negative increment due to symmetry).
 Task   6   Incrementing variable HY2   by    0.010 BOH
 Task   7   Incrementing variable HY2   by   -0.010 BOH
 Task   8   Incrementing variable HZ2   by    0.010 BOH (Skipping negative increment due to symmetry).
 Task   9   Incrementing variable HX3   by    0.010 BOH
 Task  10   Incrementing variable HX3   by   -0.010 BOH
 Task  11   Incrementing variable HY3   by    0.010 BOH
 Task  12   Incrementing variable HY3   by   -0.010 BOH
 Task  13   Incrementing variable HZ3   by    0.010 BOH (Skipping negative increment due to symmetry).

 Switching to mppx mode, nproc=  8

 Starting task   1.  CPU=     0.00 sec, Elapsed=     0.00 sec
 Incrementing variable BX1              by  0.010000 BOH   to    0.010000 BOH


 Recomputing integrals since geometry changed


 PROGRAM * SEWARD (Integral evaluation for generally contracted gaussian basis sets)     Author: Roland Lindh, 1990

 Geometry written to block  1 of record 701


 Point group  C1  



 ATOMIC COORDINATES

 NR  ATOM    CHARGE       X              Y              Z

   1  B       5.00    0.010000000   -0.000020336    0.000000000
   2  H       1.00    0.000000000    2.247226607    0.000000000
   3  H       1.00    1.946120051   -1.123603135    0.000000000
   4  H       1.00   -1.946120051   -1.123603135    0.000000000

 Bond lengths in Bohr (Angstrom)

 1-2  2.247269192  1-3  2.238526113  1-4  2.255846618
     ( 1.189203643)     ( 1.184577005)     ( 1.193742621)

 Bond angles

  2-1-3  120.38271019   2-1-4  119.61782479   3-1-4  119.99946502

 NUCLEAR CHARGE:                    8
 NUMBER OF PRIMITIVE AOS:         252
 NUMBER OF SYMMETRY AOS:          212
 NUMBER OF CONTRACTIONS:          189   (  189A   )
 NUMBER OF INNER CORE ORBITALS:     0   (    0A   )
 NUMBER OF OUTER CORE ORBITALS:     1   (    1A   )
 NUMBER OF VALENCE ORBITALS:        7   (    7A   )


 NUCLEAR REPULSION ENERGY    7.44575643

 EXTRA SYMMETRY OF AOS IN SYMMETRY 1:   1 1 1 1 1 1 1 1 1 2   1 1 2 1 1 2 1 1 2 1   1 2 1 1 2 1 1 2 1 1   2 1 2 1 1 2 1 2 1 1
                                        2 1 2 1 1 2 1 2 1 1   2 1 2 1 2 1 1 2 1 2   1 2 1 1 2 1 2 1 2 1   1 2 1 2 1 1 2 2 1 1
                                        2 1 2 1 1 2 2 1 1 1   1 1 1 1 2 1 1 2 1 1   2 1 1 2 1 1 2 1 2 1   1 2 1 2 1 1 2 1 2 1
                                        2 1 1 1 1 1 1 1 2 1   1 2 1 1 2 1 1 2 1 1   2 1 2 1 1 2 1 2 1 1   2 1 2 1 2 1 1 1 1 1
                                        1 1 2 1 1 2 1 1 2 1   1 2 1 1 2 1 2 1 1 2   1 2 1 1 2 1 2 1 2

 Eigenvalues of metric

         1 0.253E-04 0.364E-04 0.372E-04 0.130E-03 0.165E-03 0.168E-03 0.270E-03 0.270E-03


 OPERATOR DM      FOR CENTER  0  COORDINATES:    0.000000    0.000000    0.000000

 Program * Restricted Hartree-Fock

 Basis set VQZ-F12/JKFIT generated.      Number of basis functions:   370 
 Coulomb and exchange fitting
 Thresholds for fitting:       THRAO_COUL= 1.0D-17    THRAO_EXCH= 1.0D-15    THRMO= 1.0D-14    THRPROD= 1.0D-14    THRASM= 1.0D-14
                               THR2HLF=    1.0D-14

 Basis set VQZ-F12-JKFIT loaded. Number of basis functions: 370

 Molecular orbitals read from record     2100.2  Type=RHF/CANONICAL  

 NELEC=    8   SYM=1   MS2= 0   THRE=1.0D-12   THRD=1.0D-07   THRG=1.0D-07  HFMA2=F  DIIS_START=2   DIIS_MAX=10   DIIS_INCORE=F

 Level shifts:    0.00 (CLOSED)    0.00 (OPEN)    0.30 (GAP_MIN)

 ITER           ETOT              DE          GRAD        DDIFF     DIIS  NEXP   TIME(IT)  TIME(TOT)  DIAG
   1      -26.40250746     -26.40250746     0.00D+00     0.33D-01     0     0       0.18      0.20    start
   2      -26.40251367      -0.00000621     0.99D-04     0.15D-03     1     0       0.19      0.39    diag
   3      -26.40251416      -0.00000049     0.17D-04     0.20D-04     2     0       0.18      0.57    diag
   4      -26.40251421      -0.00000005     0.49D-05     0.70D-05     3     0       0.19      0.76    diag
   5      -26.40251421      -0.00000000     0.52D-06     0.82D-06     4     0       0.19      0.95    diag
   6      -26.40251421      -0.00000000     0.50D-07     0.10D-06     5     0       0.18      1.13    diag
   7      -26.40251421      -0.00000000     0.47D-08     0.17D-07     6     0       0.19      1.32    diag
   8      -26.40251421       0.00000000     0.56D-09     0.19D-08     0     0       0.18      1.50    fixocc

 Final occupancy:   4

 !RHF STATE 1.1 Energy                -26.402514214811
  RHF One-electron energy             -49.070327951561
  RHF Two-electron energy              15.222057301787
  RHF Kinetic energy                   26.393712771417
  RHF Nuclear energy                    7.445756434963
  RHF Virial quotient                  -1.000333467423

 !RHF STATE 1.1 Dipole moment           0.00637181    -0.00000168     0.00000000
 Dipole moment /Debye                   0.01619551    -0.00000427     0.00000000

 Orbital energies:

           1.1          2.1          3.1          4.1          5.1          6.1
     -7.610926    -0.704651    -0.500133    -0.497397     0.025317     0.037111


 HOMO      4.1    -0.497397 =     -13.5349eV
 LUMO      5.1     0.025317 =       0.6889eV
 LUMO-HOMO         0.522714 =      14.2238eV

 Orbitals saved in record  2100.1


 **********************************************************************************************************************************
 DATASETS  * FILE   NREC   LENGTH (MB)   RECORD NAMES
              1      20       30.77       500      610      700      900      701      950      970     1000      129      960   
                                          VAR    BASINP    GEOM    SYMINP    GEOM     ZMAT    AOBASIS   BASIS     P2S    ABASIS    
                                         1100     1400     1410     1200     1210     1080     1600     1650     1700     2100   
                                           S        T        V       H0       H01     AOSYM     SMH    MOLCAS    OPER      RHF  

              2       8        2.31       700     1000      520     2100    57001     8500      701     5500   
                                         GEOM     BASIS   MCVARS     RHF              CPHF     GEOM     HINFO   

 PROGRAMS   *        TOTAL     DF-HF   MP2-F12     DF-HF       INT
 CPU TIMES  *        26.50      1.85     23.69      0.52      0.28
 REAL TIME  *        35.56 SEC
 DISK USED  *        37.77 MB
 SF USED    *         9.57 GB
 **********************************************************************************************************************************


 PROGRAM * MP2 (Closed-shell)     Authors: C. Hampel, H.-J. Werner, 1991, M. Deegan, P.J. Knowles, 1992

                                   MP2-F12 implementation by H.-J. Werner, 2007

                   Density fitting integral evaluation by F.R. Manby, 2003,2007, G. Knizia, 2010


 Basis set CC-PVQZ-F12/OPTRI generated.  Number of basis functions:   236 
 Basis set CC-PVQZ-F12/CABS generated.   Number of basis functions:   425 
 Basis set VQZ-F12/MP2FIT generated.     Number of basis functions:   408 

 Convergence thresholds:  THRVAR = 1.00D-16  THRDEN = 1.00D-12

 Using ITF DF-MP2-F12 gradient implementation

 Number of core orbitals:           1 (   1 )
 Number of closed-shell orbitals:   3 (   3 )
 Number of external orbitals:     185 ( 185 )

 Molecular orbitals read from record     2100.1  Type=RHF/CANONICAL (state 1.1)
 Ansatz: F12/3*C(FIX,HY1)
 Enter DF-MP2-F12 [ITF]

 Geminal basis:    OPTFULL  GEM_TYPE=SLATER  BETA=1.0  NGEM=6

 Optimizing Gaussian exponents for each gem_beta

 Geminal optimization for beta= 1.0000
 Weight function:   m=0, omega= 1.4646

 Augmented Hessian optimization of geminal fit. Trust ratio= 0.40000
 Convergence reached after   2 iterations. Final gradient= 8.66D-16, Step= 4.23D-06, Delta= 1.28D-09

 Alpha:                 0.19532     0.81920     2.85917     9.50073    35.69989   197.79328
 Coeff:                 0.27070     0.30552     0.18297     0.10986     0.06810     0.04224


  SCS-MP2 correlation energy:           -0.13425967   (PS=  1.200000  PT=  0.333333)
  SCS-MP2 total energy                -26.536773883251

  Norm of first-order wave function     0.036259141556

  Reference energy                    -26.402514214811
  MP2 singlet pair energy              -0.102624562227
  MP2 triplet pair energy              -0.017855668556
  MP2 correlation energy               -0.120480230782
 !MP2 total energy                    -26.522994445593


  DF-MP2-F12 energy corrections:
  ==============================
  Approx.                                    Total
  DF-MP2-F12/3*C(DX,FIX):              -0.005304170897
  DF-MP2-F12/3*C(FIX):                 -0.005231181775

  DF-MP2-F12 correlation energies:
  ================================
  Approx.                                    Ecorr
  DF-MP2:                              -0.120480230782
  DF-MP2-F12/3*C(DX,FIX):              -0.125784401680
  DF-MP2-F12/3*C(FIX):                 -0.125711412557

  Reference energy                    -26.402514214811
  MP2-F12 correlation energy           -0.125711412557

 !MP2-F12 total energy                -26.528225627368


 ===============================================================
 One-body density matrix check:   DF-MP2-F12 energy corrections:
  DF-MP2-F12/3*C(FIX)(1rdm):           -0.005231181775
 ===============================================================

  CPHF trial vector read from disk.
 Starting coupled-perturbed Hartree-Fock, convergence threshold= 1e-06

 ITER   MIC  DIIS         VAR       VAReC       VARec      CPU
    1           1    4.28e-04    2.50e-05    4.27e-04     0.19
    2           2    1.39e-04    2.76e-06    1.39e-04     0.37
    3           3    2.02e-05    6.46e-07    2.01e-05     0.54
    4           4    2.34e-06    2.25e-08    2.34e-06     0.73
    5                1.99e-07    1.07e-08    1.99e-07     0.90

 CPHF convergence reached in 5 macroiterations. Accuracy: 1.99e-07
  Timings in the CPHF solver


 Dipole moments (unrelaxed,MP2):       -0.00007744    -0.00000001     0.00000000
 Dipole moments (unrelaxed,F12):       -0.00000067     0.00000000     0.00000000

 Dipole moments (unrelaxed):            0.00629370    -0.00000169     0.00000000
 Orbital relaxation contribution:      -0.00079619    -0.00000011     0.00000000
 ! STATE 1.1 Dipole moment              0.00549751    -0.00000180     0.00000000
 Dipole moment /Debye                   0.01397327    -0.00000458     0.00000000

 Number of N-1 electron functions:               3
 Number of N-2 electron functions:               6
 Number of singly external CSFs:               555
 Number of doubly external CSFs:            154290
 Total number of CSFs:                      154846

 DF-MP2-F12 gradient info saved on record        55555.1




 **********************************************************************************************************************************
 DATASETS  * FILE   NREC   LENGTH (MB)   RECORD NAMES
              1      21       32.00       500      610      700      900      701      950      970     1000      129      960   
                                          VAR    BASINP    GEOM    SYMINP    GEOM     ZMAT    AOBASIS   BASIS     P2S    ABASIS    
                                         1100     1400     1410     1200     1210     1080     1600     1650     1700     2100   
                                           S        T        V       H0       H01     AOSYM     SMH    MOLCAS    OPER      RHF  
                                        55555   
                                          MP2  

              2       8        2.31       700     1000      520     2100    57001     8500      701     5500   
                                         GEOM     BASIS   MCVARS     RHF              CPHF     GEOM     HINFO   

 PROGRAMS   *        TOTAL   MP2-F12   MP2-F12     DF-HF       INT
 CPU TIMES  *       126.15     99.64     23.69      0.52      0.28
 REAL TIME  *       347.02 SEC
 DISK USED  *         9.60 GB
 SF USED    *         9.57 GB
 **********************************************************************************************************************************

 PROGRAM * ALASKA (Gradient of the energy)     Author: R. Lindh


 MP2      Gradient info restored from record   55555.1

 Number of core orbitals:           1 (   1 )
 Number of closed-shell orbitals:   3 (   3 )
 Number of external orbitals:     185 ( 185 )

 DF-MP2-F12 GRADIENT FOR STATE 1.1

 Atom          dE/dx               dE/dy               dE/dz

   1         0.004247617        -0.000052159        -0.000000000
   2        -0.000428766         0.001992886         0.000000000
   3        -0.000221142        -0.000115387         0.000000000
   4        -0.003597709        -0.001825340        -0.000000000

 Nuclear force contribution to virial =         0.013272753
 Starting task  11.  CPU=   111.34 sec, Elapsed=   313.80 sec
 Incrementing variable HY3              by  0.010000 BOH   to   -1.113603 BOH


 Recomputing integrals since geometry changed


 PROGRAM * SEWARD (Integral evaluation for generally contracted gaussian basis sets)     Author: Roland Lindh, 1990

 Geometry written to block  1 of record 701


 Point group  C1  



 ATOMIC COORDINATES

 NR  ATOM    CHARGE       X              Y              Z

   1  B       5.00    0.000000000   -0.000020336    0.000000000
   2  H       1.00    0.000000000    2.247226607    0.000000000
   3  H       1.00    1.946120051   -1.113603135    0.000000000
   4  H       1.00   -1.946120051   -1.123603135    0.000000000

 Bond lengths in Bohr (Angstrom)

 1-2  2.247246942  1-3  2.242197562  1-4  2.247180803
     ( 1.189191869)     ( 1.186519852)     ( 1.189156870)

 Bond angles

  2-1-3  119.77847617   2-1-4  119.99977618   3-1-4  120.22174765

 NUCLEAR CHARGE:                    8
 NUMBER OF PRIMITIVE AOS:         252
 NUMBER OF SYMMETRY AOS:          212
 NUMBER OF CONTRACTIONS:          189   (  189A   )
 NUMBER OF INNER CORE ORBITALS:     0   (    0A   )
 NUMBER OF OUTER CORE ORBITALS:     1   (    1A   )
 NUMBER OF VALENCE ORBITALS:        7   (    7A   )


 NUCLEAR REPULSION ENERGY    7.45124028

 EXTRA SYMMETRY OF AOS IN SYMMETRY 1:   1 1 1 1 1 1 1 1 1 2   1 1 2 1 1 2 1 1 2 1   1 2 1 1 2 1 1 2 1 1   2 1 2 1 1 2 1 2 1 1
                                        2 1 2 1 1 2 1 2 1 1   2 1 2 1 2 1 1 2 1 2   1 2 1 1 2 1 2 1 2 1   1 2 1 2 1 1 2 2 1 1
                                        2 1 2 1 1 2 2 1 1 1   1 1 1 1 2 1 1 2 1 1   2 1 1 2 1 1 2 1 2 1   1 2 1 2 1 1 2 1 2 1
                                        2 1 1 1 1 1 1 1 2 1   1 2 1 1 2 1 1 2 1 1   2 1 2 1 1 2 1 2 1 1   2 1 2 1 2 1 1 1 1 1
                                        1 1 2 1 1 2 1 1 2 1   1 2 1 1 2 1 2 1 1 2   1 2 1 1 2 1 2 1 2

 Eigenvalues of metric

         1 0.252E-04 0.365E-04 0.368E-04 0.130E-03 0.166E-03 0.167E-03 0.270E-03 0.270E-03


 OPERATOR DM      FOR CENTER  0  COORDINATES:    0.000000    0.000000    0.000000

 Program * Restricted Hartree-Fock

 Basis set VQZ-F12/JKFIT generated.      Number of basis functions:   370 
 Coulomb and exchange fitting
 Thresholds for fitting:       THRAO_COUL= 1.0D-17    THRAO_EXCH= 1.0D-15    THRMO= 1.0D-14    THRPROD= 1.0D-14    THRASM= 1.0D-14
                               THR2HLF=    1.0D-14

 Basis set VQZ-F12-JKFIT loaded. Number of basis functions: 370

 Molecular orbitals read from record     2100.2  Type=RHF/CANONICAL  

 NELEC=    8   SYM=1   MS2= 0   THRE=1.0D-12   THRD=1.0D-07   THRG=1.0D-07  HFMA2=F  DIIS_START=2   DIIS_MAX=10   DIIS_INCORE=F

 Level shifts:    0.00 (CLOSED)    0.00 (OPEN)    0.30 (GAP_MIN)

 ITER           ETOT              DE          GRAD        DDIFF     DIIS  NEXP   TIME(IT)  TIME(TOT)  DIAG
   1      -26.40253608     -26.40253608     0.00D+00     0.33D-01     0     0       0.19      0.20    start
   2      -26.40253741      -0.00000133     0.45D-04     0.65D-04     1     0       0.18      0.38    diag
   3      -26.40253750      -0.00000009     0.79D-05     0.85D-05     2     0       0.19      0.57    diag
   4      -26.40253751      -0.00000001     0.20D-05     0.25D-05     3     0       0.18      0.75    diag
   5      -26.40253751      -0.00000000     0.34D-06     0.48D-06     4     0       0.19      0.94    diag
   6      -26.40253751      -0.00000000     0.62D-07     0.11D-06     5     0       0.19      1.13    diag
   7      -26.40253751      -0.00000000     0.10D-07     0.25D-07     6     0       0.18      1.31    diag
   8      -26.40253751       0.00000000     0.16D-08     0.33D-08     0     0       0.19      1.50    fixocc

 Final occupancy:   4

 !RHF STATE 1.1 Energy                -26.402537512213
  RHF One-electron energy             -49.080995735518
  RHF Two-electron energy              15.227217940257
  RHF Kinetic energy                   26.396637969836
  RHF Nuclear energy                    7.451240283048
  RHF Virial quotient                  -1.000223495976

 !RHF STATE 1.1 Dipole moment           0.00087865    -0.00163197     0.00000000
 Dipole moment /Debye                   0.00223330    -0.00414806     0.00000000

 Orbital energies:

           1.1          2.1          3.1          4.1          5.1          6.1
     -7.610593    -0.704848    -0.499365    -0.498474     0.025327     0.037124


 HOMO      4.1    -0.498474 =     -13.5642eV
 LUMO      5.1     0.025327 =       0.6892eV
 LUMO-HOMO         0.523801 =      14.2533eV

 Orbitals saved in record  2100.1


 **********************************************************************************************************************************
 DATASETS  * FILE   NREC   LENGTH (MB)   RECORD NAMES
              1      20       30.77       500      610      700      900      701      950      970     1000      129      960   
                                          VAR    BASINP    GEOM    SYMINP    GEOM     ZMAT    AOBASIS   BASIS     P2S    ABASIS    
                                         1100     1400     1410     1200     1210     1080     1600     1650     1700     2100   
                                           S        T        V       H0       H01     AOSYM     SMH    MOLCAS    OPER      RHF  

              2       8        2.31       700     1000      520     2100    57001     8500      701     5500   
                                         GEOM     BASIS   MCVARS     RHF              CPHF     GEOM     HINFO   

 PROGRAMS   *        TOTAL     DF-HF   MP2-F12     DF-HF       INT
 CPU TIMES  *       128.01      1.85     23.69      0.52      0.28
 REAL TIME  *       349.30 SEC
 DISK USED  *         9.60 GB
 SF USED    *         9.57 GB
 **********************************************************************************************************************************


 PROGRAM * MP2 (Closed-shell)     Authors: C. Hampel, H.-J. Werner, 1991, M. Deegan, P.J. Knowles, 1992

                                   MP2-F12 implementation by H.-J. Werner, 2007

                   Density fitting integral evaluation by F.R. Manby, 2003,2007, G. Knizia, 2010


 Basis set CC-PVQZ-F12/OPTRI generated.  Number of basis functions:   236 
 Basis set CC-PVQZ-F12/CABS generated.   Number of basis functions:   425 
 Basis set VQZ-F12/MP2FIT generated.     Number of basis functions:   408 

 Convergence thresholds:  THRVAR = 1.00D-16  THRDEN = 1.00D-12

 Using ITF DF-MP2-F12 gradient implementation

 Number of core orbitals:           1 (   1 )
 Number of closed-shell orbitals:   3 (   3 )
 Number of external orbitals:     185 ( 185 )

 Molecular orbitals read from record     2100.1  Type=RHF/CANONICAL (state 1.1)
 Ansatz: F12/3*C(FIX,HY1)
 Enter DF-MP2-F12 [ITF]

 Geminal basis:    OPTFULL  GEM_TYPE=SLATER  BETA=1.0  NGEM=6

 Optimizing Gaussian exponents for each gem_beta

 Geminal optimization for beta= 1.0000
 Weight function:   m=0, omega= 1.4646

 Augmented Hessian optimization of geminal fit. Trust ratio= 0.40000
 Convergence reached after   2 iterations. Final gradient= 8.66D-16, Step= 4.23D-06, Delta= 1.28D-09

 Alpha:                 0.19532     0.81920     2.85917     9.50073    35.69989   197.79328
 Coeff:                 0.27070     0.30552     0.18297     0.10986     0.06810     0.04224


  SCS-MP2 correlation energy:           -0.13425858   (PS=  1.200000  PT=  0.333333)
  SCS-MP2 total energy                -26.536796088944

  Norm of first-order wave function     0.036233889862

  Reference energy                    -26.402537512213
  MP2 singlet pair energy              -0.102620977184
  MP2 triplet pair energy              -0.017860828034
  MP2 correlation energy               -0.120481805218
 !MP2 total energy                    -26.523019317431


  DF-MP2-F12 energy corrections:
  ==============================
  Approx.                                    Total
  DF-MP2-F12/3*C(DX,FIX):              -0.005306305039
  DF-MP2-F12/3*C(FIX):                 -0.005232937133

  DF-MP2-F12 correlation energies:
  ================================
  Approx.                                    Ecorr
  DF-MP2:                              -0.120481805218
  DF-MP2-F12/3*C(DX,FIX):              -0.125788110257
  DF-MP2-F12/3*C(FIX):                 -0.125714742352

  Reference energy                    -26.402537512213
  MP2-F12 correlation energy           -0.125714742352

 !MP2-F12 total energy                -26.528252254564


 ===============================================================
 One-body density matrix check:   DF-MP2-F12 energy corrections:
  DF-MP2-F12/3*C(FIX)(1rdm):           -0.005232937133
 ===============================================================

  CPHF trial vector read from disk.
 Starting coupled-perturbed Hartree-Fock, convergence threshold= 1e-06

 ITER   MIC  DIIS         VAR       VAReC       VARec      CPU
    1           1    4.10e-04    2.01e-05    4.09e-04     0.18
    2           2    1.27e-04    2.30e-06    1.27e-04     0.37
    3           3    2.04e-05    4.86e-07    2.04e-05     0.55
    4           4    2.42e-06    3.31e-08    2.42e-06     0.73
    5                2.44e-07    8.02e-09    2.44e-07     0.91

 CPHF convergence reached in 5 macroiterations. Accuracy: 2.44e-07
  Timings in the CPHF solver


 Dipole moments (unrelaxed,MP2):       -0.00000194     0.00002484    -0.00000000
 Dipole moments (unrelaxed,F12):        0.00000004     0.00000025    -0.00000000

 Dipole moments (unrelaxed):            0.00087675    -0.00160689     0.00000000
 Orbital relaxation contribution:      -0.00012789     0.00019335     0.00000000
 ! STATE 1.1 Dipole moment              0.00074885    -0.00141353     0.00000000
 Dipole moment /Debye                   0.00190339    -0.00359285     0.00000000

 Number of N-1 electron functions:               3
 Number of N-2 electron functions:               6
 Number of singly external CSFs:               555
 Number of doubly external CSFs:            154290
 Total number of CSFs:                      154846

 DF-MP2-F12 gradient info saved on record        55555.1




 **********************************************************************************************************************************
 DATASETS  * FILE   NREC   LENGTH (MB)   RECORD NAMES
              1      21       32.00       500      610      700      900      701      950      970     1000      129      960   
                                          VAR    BASINP    GEOM    SYMINP    GEOM     ZMAT    AOBASIS   BASIS     P2S    ABASIS    
                                         1100     1400     1410     1200     1210     1080     1600     1650     1700     2100   
                                           S        T        V       H0       H01     AOSYM     SMH    MOLCAS    OPER      RHF  
                                        55555   
                                          MP2  

              2       8        2.31       700     1000      520     2100    57001     8500      701     5500   
                                         GEOM     BASIS   MCVARS     RHF              CPHF     GEOM     HINFO   

 PROGRAMS   *        TOTAL   MP2-F12   MP2-F12     DF-HF       INT
 CPU TIMES  *       226.81     98.79     23.69      0.52      0.28
 REAL TIME  *       548.53 SEC
 DISK USED  *         9.60 GB
 SF USED    *         9.57 GB
 **********************************************************************************************************************************

 PROGRAM * ALASKA (Gradient of the energy)     Author: R. Lindh


 MP2      Gradient info restored from record   55555.1

 Number of core orbitals:           1 (   1 )
 Number of closed-shell orbitals:   3 (   3 )
 Number of external orbitals:     185 ( 185 )

 DF-MP2-F12 GRADIENT FOR STATE 1.1

 Atom          dE/dx               dE/dy               dE/dz

   1         0.000860857        -0.000938389         0.000000000
   2         0.000177639         0.001931238        -0.000000000
   3         0.000764835        -0.000092107        -0.000000000
   4        -0.001803330        -0.000900741        -0.000000000

 Nuclear force contribution to virial =         0.010452553

 Tasks on processor    0 finished.  CPU=    222.27 sec, Elapsed=    515.31 sec. Waiting for other processors...

 Switching back to mpp mode, nproc=  8


 Recomputing wavefunction at initial geometry


 Using spherical harmonics

 Library entry B      S cc-pVQZ-F12          selected for orbital group  1
 Library entry B      P cc-pVQZ-F12          selected for orbital group  1
 Library entry B      D cc-pVQZ-F12          selected for orbital group  1
 Library entry B      F cc-pVQZ-F12          selected for orbital group  1
 Library entry B      G cc-pVQZ-F12          selected for orbital group  1
 Library entry H      S cc-pVQZ-F12          selected for orbital group  2
 Library entry H      P cc-pVQZ-F12          selected for orbital group  2
 Library entry H      D cc-pVQZ-F12          selected for orbital group  2
 Library entry H      F cc-pVQZ-F12          selected for orbital group  2


 PROGRAM * SEWARD (Integral evaluation for generally contracted gaussian basis sets)     Author: Roland Lindh, 1990

 Geometry written to block  1 of record 700


 Point group  C1  



 ATOMIC COORDINATES

 NR  ATOM    CHARGE       X              Y              Z

   1  B       5.00    0.000000000   -0.000020336    0.000000000
   2  H       1.00    0.000000000    2.247226607    0.000000000
   3  H       1.00    1.946120051   -1.123603135    0.000000000
   4  H       1.00   -1.946120051   -1.123603135    0.000000000

 Bond lengths in Bohr (Angstrom)

 1-2  2.247246942  1-3  2.247180803  1-4  2.247180803
     ( 1.189191869)     ( 1.189156870)     ( 1.189156870)

 Bond angles

  2-1-3  119.99977618   2-1-4  119.99977618   3-1-4  120.00044763

 NUCLEAR CHARGE:                    8
 NUMBER OF PRIMITIVE AOS:         252
 NUMBER OF SYMMETRY AOS:          212
 NUMBER OF CONTRACTIONS:          189   (  189A   )
 NUMBER OF INNER CORE ORBITALS:     0   (    0A   )
 NUMBER OF OUTER CORE ORBITALS:     1   (    1A   )
 NUMBER OF VALENCE ORBITALS:        7   (    7A   )


 NUCLEAR REPULSION ENERGY    7.44572339

 EXTRA SYMMETRY OF AOS IN SYMMETRY 1:   1 1 1 1 1 1 1 1 1 2   1 1 2 1 1 2 1 1 2 1   1 2 1 1 2 1 1 2 1 1   2 1 2 1 1 2 1 2 1 1
                                        2 1 2 1 1 2 1 2 1 1   2 1 2 1 2 1 1 2 1 2   1 2 1 1 2 1 2 1 2 1   1 2 1 2 1 1 2 2 1 1
                                        2 1 2 1 1 2 2 1 1 1   1 1 1 1 2 1 1 2 1 1   2 1 1 2 1 1 2 1 2 1   1 2 1 2 1 1 2 1 2 1
                                        2 1 1 1 1 1 1 1 2 1   1 2 1 1 2 1 1 2 1 1   2 1 2 1 1 2 1 2 1 1   2 1 2 1 2 1 1 1 1 1
                                        1 1 2 1 1 2 1 1 2 1   1 2 1 1 2 1 2 1 1 2   1 2 1 1 2 1 2 1 2

 Eigenvalues of metric

         1 0.253E-04 0.368E-04 0.368E-04 0.130E-03 0.167E-03 0.167E-03 0.270E-03 0.270E-03


 OPERATOR DM      FOR CENTER  0  COORDINATES:    0.000000    0.000000    0.000000

 Program * Restricted Hartree-Fock

 Basis set VQZ-F12/JKFIT generated.      Number of basis functions:   370 
 Coulomb and exchange fitting
 Thresholds for fitting:       THRAO_COUL= 1.0D-15    THRAO_EXCH= 1.0D-13    THRMO= 1.0D-12    THRPROD= 1.0D-12    THRASM= 1.0D-12
                               THR2HLF=    1.0D-12

 Basis set VQZ-F12-JKFIT loaded. Number of basis functions: 370

 Molecular orbitals read from record     2100.2  Type=RHF/CANONICAL  

 NELEC=    8   SYM=1   MS2= 0   THRE=1.0D-12   THRD=1.0D-06   THRG=1.0D-06  HFMA2=F  DIIS_START=2   DIIS_MAX=10   DIIS_INCORE=F

 Level shifts:    0.00 (CLOSED)    0.00 (OPEN)    0.30 (GAP_MIN)

 ITER           ETOT              DE          GRAD        DDIFF     DIIS  NEXP   TIME(IT)  TIME(TOT)  DIAG
   1      -26.40253586     -26.40253586     0.00D+00     0.33D-01     0     0       0.03      0.05    start
   2      -26.40253586      -0.00000000     0.26D-10     0.12D-09     1     0       0.03      0.08    diag

 Final occupancy:   4

 !RHF STATE 1.1 Energy                -26.402535855884
  RHF One-electron energy             -49.070321594263
  RHF Two-electron energy              15.222062352049
  RHF Kinetic energy                   26.393676961954
  RHF Nuclear energy                    7.445723386331
  RHF Virial quotient                  -1.000335644554

 !RHF STATE 1.1 Dipole moment          -0.00000000    -0.00002248     0.00000000
 Dipole moment /Debye                  -0.00000000    -0.00005714     0.00000000

 Orbital energies:

           1.1          2.1          3.1          4.1          5.1          6.1
     -7.610922    -0.704644    -0.498770    -0.498763     0.025317     0.037132


 HOMO      4.1    -0.498763 =     -13.5720eV
 LUMO      5.1     0.025317 =       0.6889eV
 LUMO-HOMO         0.524080 =      14.2609eV

 Orbitals saved in record  2100.2


 **********************************************************************************************************************************
 DATASETS  * FILE   NREC   LENGTH (MB)   RECORD NAMES
              1      18       29.89       500      610      700      900      950      970     1000      129      960     1100   
                                          VAR    BASINP    GEOM    SYMINP    ZMAT    AOBASIS   BASIS     P2S    ABASIS      S 
                                         1400     1410     1200     1210     1080     1600     1650     1700   
                                           T        V       H0       H01     AOSYM     SMH    MOLCAS    OPER   

              2       9        2.08       700     1000      520     2100    57001     8500     5300     5450     5400   
                                         GEOM     BASIS   MCVARS     RHF              CPHF     HESS     NMOD     FREQ   

 PROGRAMS   *        TOTAL     DF-HF   MP2-F12     DF-HF       INT
 CPU TIMES  *       233.87      0.82     23.69      0.52      0.28
 REAL TIME  *       556.46 SEC
 DISK USED  *         9.60 GB (local),       76.79 GB (total)
 SF USED    *         9.57 GB
 GA USED    *         0.00 MB       (max)       0.00 MB       (current)
 **********************************************************************************************************************************


 PROGRAM * MP2 (Closed-shell)     Authors: C. Hampel, H.-J. Werner, 1991, M. Deegan, P.J. Knowles, 1992

                                   MP2-F12 implementation by H.-J. Werner, 2007

                   Density fitting integral evaluation by F.R. Manby, 2003,2007, G. Knizia, 2010


 Basis set CC-PVQZ-F12/OPTRI generated.  Number of basis functions:   236 
 Basis set CC-PVQZ-F12/CABS generated.   Number of basis functions:   425 
 Basis set VQZ-F12/MP2FIT generated.     Number of basis functions:   408 

 Convergence thresholds:  THRVAR = 1.00D-16  THRDEN = 1.00D-12

 Using ITF DF-MP2-F12 gradient implementation

 Number of core orbitals:           1 (   1 )
 Number of closed-shell orbitals:   3 (   3 )
 Number of external orbitals:     185 ( 185 )

 Molecular orbitals read from record     2100.2  Type=RHF/CANONICAL (state 1.1)
 Ansatz: F12/3*C(FIX,HY1)
 Enter DF-MP2-F12 [ITF]

 Geminal basis:    OPTFULL  GEM_TYPE=SLATER  BETA=1.0  NGEM=6

 Optimizing Gaussian exponents for each gem_beta

 Geminal optimization for beta= 1.0000
 Weight function:   m=0, omega= 1.4646

 Augmented Hessian optimization of geminal fit. Trust ratio= 0.40000
 Convergence reached after   2 iterations. Final gradient= 8.66D-16, Step= 4.23D-06, Delta= 1.28D-09

 Alpha:                 0.19532     0.81920     2.85917     9.50073    35.69989   197.79328
 Coeff:                 0.27070     0.30552     0.18297     0.10986     0.06810     0.04224


  SCS-MP2 correlation energy:           -0.13425922   (PS=  1.200000  PT=  0.333333)
  SCS-MP2 total energy                -26.536795080499

  Norm of first-order wave function     0.036258576096

  Reference energy                    -26.402535855884
  MP2 singlet pair energy              -0.102624218821
  MP2 triplet pair energy              -0.017855617549
  MP2 correlation energy               -0.120479836370
 !MP2 total energy                    -26.523015692254


  DF-MP2-F12 energy corrections:
  ==============================
  Approx.                                    Total
  DF-MP2-F12/3*C(DX,FIX):              -0.005304160923
  DF-MP2-F12/3*C(FIX):                 -0.005231172790

  DF-MP2-F12 correlation energies:
  ================================
  Approx.                                    Ecorr
  DF-MP2:                              -0.120479836370
  DF-MP2-F12/3*C(DX,FIX):              -0.125783997293
  DF-MP2-F12/3*C(FIX):                 -0.125711009159

  Reference energy                    -26.402535855884
  MP2-F12 correlation energy           -0.125711009159

 !MP2-F12 total energy                -26.528246865043


 ===============================================================
 One-body density matrix check:   DF-MP2-F12 energy corrections:
  DF-MP2-F12/3*C(FIX)(1rdm):           -0.005231172789
 ===============================================================

  CPHF trial vector read from disk.
 Starting coupled-perturbed Hartree-Fock, convergence threshold= 1e-06

 ITER   MIC  DIIS         VAR       VAReC       VARec      CPU
    1           1    1.67e-04    8.93e-06    1.66e-04     0.03
    2           2    4.72e-05    8.87e-07    4.71e-05     0.05
    3           3    8.19e-06    2.39e-07    8.19e-06     0.08
    4                9.95e-07    2.20e-08    9.95e-07     0.11

 CPHF convergence reached in 4 macroiterations. Accuracy: 9.95e-07
  Timings in the CPHF solver


 Dipole moments (unrelaxed,MP2):       -0.00000000     0.00000022    -0.00000000
 Dipole moments (unrelaxed,F12):       -0.00000000     0.00000000     0.00000000

 CPHF solution written to record  8500.2

 Dipole moments (unrelaxed):           -0.00000000    -0.00002226     0.00000000
 Orbital relaxation contribution:      -0.00000017     0.00000327    -0.00000000
 ! STATE 1.1 Dipole moment             -0.00000017    -0.00001899    -0.00000000
 Dipole moment /Debye                  -0.00000044    -0.00004826    -0.00000000

 Number of N-1 electron functions:               3
 Number of N-2 electron functions:               6
 Number of singly external CSFs:               555
 Number of doubly external CSFs:            154290
 Total number of CSFs:                      154846

 DF-MP2-F12 gradient info saved on record        55555.1




 **********************************************************************************************************************************
 DATASETS  * FILE   NREC   LENGTH (MB)   RECORD NAMES
              1      19       30.72       500      610      700      900      950      970     1000      129      960     1100   
                                          VAR    BASINP    GEOM    SYMINP    ZMAT    AOBASIS   BASIS     P2S    ABASIS      S 
                                         1400     1410     1200     1210     1080     1600     1650     1700    55555   
                                           T        V       H0       H01     AOSYM     SMH    MOLCAS    OPER      MP2  

              2       9        2.08       700     1000      520     2100    57001     8500     5300     5450     5400   
                                         GEOM     BASIS   MCVARS     RHF              CPHF     HESS     NMOD     FREQ   

 PROGRAMS   *        TOTAL   MP2-F12   MP2-F12     DF-HF       INT
 CPU TIMES  *       256.63     22.76     23.69      0.52      0.28
 REAL TIME  *       590.60 SEC
 DISK USED  *         9.60 GB (local),       76.79 GB (total)
 SF USED    *         9.57 GB
 GA USED    *         0.00 MB       (max)       0.00 MB       (current)
 **********************************************************************************************************************************
