
 Working directory              : /scratch/emmanous/hf.opt.com.50709/molpro.0PDHXTslxy/
 Global scratch directory       : /scratch/emmanous/hf.opt.com.50709/molpro.0PDHXTslxy/
 Wavefunction directory         : /home/emmanous/wfu/
 Main file repository           : /scratch/emmanous/hf.opt.com.50709/molpro.0PDHXTslxy/

 id        : wis

 Nodes     nprocs
 cff164       8
 GA implementation: MPI file
 GA implementation (serial work in mppx): MPI file

 Using DEFAULT tuning parameter for ncache   :   16384
 Using DEFAULT tuning parameter for mflopdgm :   10000
 Using DEFAULT tuning parameter for mflopdgv :    4000
 Using DEFAULT tuning parameter for mflopmxm :    5000
 Using DEFAULT tuning parameter for mflopmxv :    4000
 Using DEFAULT tuning parameter for mindgm   :       1
 Using DEFAULT tuning parameter for mindgc   :       4
 Using DEFAULT tuning parameter for mindgf   :    5000
 Using DEFAULT tuning parameter for mindgl   :       4
 Using DEFAULT tuning parameter for mindgr   :       1
 Using DEFAULT tuning parameter for mindgv   :      20
 Using DEFAULT tuning parameter for mincuda  :     500
 Using DEFAULT tuning parameter for mxmblk   :      64
 Using DEFAULT tuning parameter for mxmbln   :      64
 Using DEFAULT tuning parameter for nroll    :       2
 Using custom tuning parameter for ngpus     :       0
 Using customized tuning parameters: mindgm=1; mindgv=20; mindgc=4; mindgr=1; noblas=0; minvec=7

 Fortran compiler: integer size=8, double size=8, logical size=8
 default implementation of scratch files=sf  


 Variables initialized (1015), CPU time= 0.01 sec
 ***,geometry optimization
 gthresh,energy=1d-12,gradient=1d-6,twoint=1d-18,prefac=1d-20
 GTHRESH, OPTSTEP=1d-5, OPTGRAD=1d-5, ENERGY=1d-11
 noorient
 charge=
 multiplicity=
 geomtyp=xyz
 geom={
 F        0.000000    0.000000    0.091577
 H        0.000000    0.000000   -0.824192
 }
 MASS,ISO
 MASS,PRINT
 label1
 
 basis=vqz-f12
 df-hf
 df-mp2-f12,ansatz=3*C(FIX,HY1),cabs=0,cabs_singles=0,ri_basis=optri
 e2=energy
 
 basis={
 Including file /gpfs01/work/emmanous/6Frequencies/implementation/MOLPRO/G4-Tano-F12-v2/EXAMPLE_HF/ano-pVTZ.mbas
 }
 hf
 mp2
 emp2=energy
 ccsd(t)
 ehlc=(energy-emp2)
 etotal=e2+ehlc
 show,e*
 
 optg,startcmd=label1,variable=etotal
 Commands initialized (834), CPU time= 0.01 sec, 672 directives.
 Default parameters read. Elapsed time= 0.07 sec

 Using DEFAULT tuning parameter for mpplat   :       3
 Using DEFAULT tuning parameter for mppspeed :    1600
 Checking input...
 Passed
1


                                         ***  PROGRAM SYSTEM MOLPRO  ***
                                       Copyright, TTI GmbH Stuttgart, 2015
                                    Version 2022.2 linked Thu May  5 23:39:45 2022


 **********************************************************************************************************************************
 LABEL *   geometry optimization                                                         
  64 bit mpp version                                                                     DATE: 12-Aug-23          TIME: 10:21:23  
 **********************************************************************************************************************************

 SHA1:             518bf5c5e315925380b88506c70af759aa1d1d96
 **********************************************************************************************************************************

 Memory per process:      1500 MW
 Total memory per node:  12000 MW

 GA preallocation disabled
 GA check disabled

 Variable memory set to 1500.0 MW


 THRESHOLDS:

 ZERO    =  1.00D-12  ONEINT  =  1.00D-12  TWOINT  =  1.00D-18  PREFAC  =  1.00D-20  XXXXXX  =  1.00D-09  EORDER  =  1.00D-04
 ENERGY  =  1.00D-12  ETEST   =  0.00D+00  EDENS   =  0.00D+00  THRDEDEF=  1.00D-06  GRADIENT=  1.00D-06  STEP    =  1.00D-03
 ORBITAL =  1.00D-05  CIVEC   =  1.00D-05  COEFF   =  1.00D-04  PRINTCI =  5.00D-02  PUNCHCI =  9.90D+01  OPTGRAD =  3.00D-04
 OPTENERG=  1.00D-06  OPTSTEP =  3.00D-04  THRGRAD =  1.00D-10  COMPRESS=  1.00D-11  VARMIN  =  1.00D-07  VARMAX  =  1.00D-03
 THRDOUB =  0.00D+00  THRDIV  =  1.00D-05  THRRED  =  1.00D-07  THRPSP  =  1.00D+00  THRDC   =  1.00D-10  THRCS   =  1.00D-10
 THRNRM  =  1.00D-08  THREQ   =  0.00D+00  THRDE   =  1.00D+00  THRREF  =  1.00D-05  SPARFAC =  1.00D+00  THRDLP  =  1.00D-07
 THRDIA  =  1.00D-10  THRDLS  =  1.00D-07  THRGPS  =  0.00D+00  THRKEX  =  0.00D+00  THRDIS  =  2.00D-01  THRVAR  =  1.00D-10
 THRLOC  =  1.00D-06  THRGAP  =  1.00D-06  THRLOCT = -1.00D+00  THRGAPT = -1.00D+00  THRORB  =  1.00D-06  THRMLTP =  0.00D+00
 THRCPQCI=  1.00D-10  KEXTA   =  0.00D+00  THRCOARS=  0.00D+00  SYMTOL  =  1.00D-06  GRADTOL =  1.00D-06  THROVL  =  1.00D-08
 THRORTH =  1.00D-08  THRDLOVL= -1.00D+00  GRID    =  1.00D-06  GRIDMAX =  1.00D-03  DTMAX   =  0.00D+00  THROCCDE=  1.00D-01
 THROCCDE=  1.00D-01  THRPRINT=  2.50D-01


 THRESHOLDS:

 ZERO    =  1.00D-12  ONEINT  =  1.00D-12  TWOINT  =  1.00D-18  PREFAC  =  1.00D-20  XXXXXX  =  1.00D-09  EORDER  =  1.00D-04
 ENERGY  =  1.00D-11  ETEST   =  0.00D+00  EDENS   =  0.00D+00  THRDEDEF=  1.00D-06  GRADIENT=  1.00D-06  STEP    =  1.00D-03
 ORBITAL =  1.00D-05  CIVEC   =  1.00D-05  COEFF   =  1.00D-04  PRINTCI =  5.00D-02  PUNCHCI =  9.90D+01  OPTGRAD =  1.00D-05
 OPTENERG=  1.00D-06  OPTSTEP =  1.00D-05  THRGRAD =  1.00D-10  COMPRESS=  1.00D-11  VARMIN  =  1.00D-07  VARMAX  =  1.00D-03
 THRDOUB =  0.00D+00  THRDIV  =  1.00D-05  THRRED  =  1.00D-07  THRPSP  =  1.00D+00  THRDC   =  1.00D-10  THRCS   =  1.00D-10
 THRNRM  =  1.00D-08  THREQ   =  0.00D+00  THRDE   =  1.00D+00  THRREF  =  1.00D-05  SPARFAC =  1.00D+00  THRDLP  =  1.00D-07
 THRDIA  =  1.00D-10  THRDLS  =  1.00D-07  THRGPS  =  0.00D+00  THRKEX  =  0.00D+00  THRDIS  =  2.00D-01  THRVAR  =  1.00D-10
 THRLOC  =  1.00D-06  THRGAP  =  1.00D-06  THRLOCT = -1.00D+00  THRGAPT = -1.00D+00  THRORB  =  1.00D-06  THRMLTP =  0.00D+00
 THRCPQCI=  1.00D-10  KEXTA   =  0.00D+00  THRCOARS=  0.00D+00  SYMTOL  =  1.00D-06  GRADTOL =  1.00D-06  THROVL  =  1.00D-08
 THRORTH =  1.00D-08  THRDLOVL= -1.00D+00  GRID    =  1.00D-06  GRIDMAX =  1.00D-03  DTMAX   =  0.00D+00  THROCCDE=  1.00D-01
 THROCCDE=  1.00D-01  THRPRINT=  2.50D-01

 SETTING GEOMTYP        =    XYZ

 Turning off symmetry in density fitting calculation
 To re-enable, use 'symmetry,auto'



 Using masses of most abundant isotopes

 **********************************************************************************************************************************


 Atomic masses

 Center       Mass
 F         18.99840
 H          1.00782
 SETTING BASIS          =    VQZ-F12


 Recomputing integrals since basis changed


 Using spherical harmonics

 Library entry F      S cc-pVQZ-F12          selected for orbital group  1
 Library entry F      P cc-pVQZ-F12          selected for orbital group  1
 Library entry F      D cc-pVQZ-F12          selected for orbital group  1
 Library entry F      F cc-pVQZ-F12          selected for orbital group  1
 Library entry F      G cc-pVQZ-F12          selected for orbital group  1
 Library entry H      S cc-pVQZ-F12          selected for orbital group  2
 Library entry H      P cc-pVQZ-F12          selected for orbital group  2
 Library entry H      D cc-pVQZ-F12          selected for orbital group  2
 Library entry H      F cc-pVQZ-F12          selected for orbital group  2


 PROGRAM * SEWARD (Integral evaluation for generally contracted gaussian basis sets)     Author: Roland Lindh, 1990

 Geometry written to block  1 of record 700


 Point group  C1  



 ATOMIC COORDINATES

 NR  ATOM    CHARGE       X              Y              Z

   1  F       9.00    0.000000000    0.000000000    0.173055449
   2  H       1.00    0.000000000    0.000000000   -1.557497154

 Bond lengths in Bohr (Angstrom)

 1-2  1.730552603
     ( 0.915769000)

 NUCLEAR CHARGE:                   10
 NUMBER OF PRIMITIVE AOS:         168
 NUMBER OF SYMMETRY AOS:          138
 NUMBER OF CONTRACTIONS:          121   (  121A   )
 NUMBER OF INNER CORE ORBITALS:     0   (    0A   )
 NUMBER OF OUTER CORE ORBITALS:     1   (    1A   )
 NUMBER OF VALENCE ORBITALS:        5   (    5A   )


 NUCLEAR REPULSION ENERGY    5.20065093

 EXTRA SYMMETRY OF AOS IN SYMMETRY 1:   1 1 1 1 1 1 1 2 3 1   2 3 1 2 3 1 2 3 1 2   3 1 2 3 1 2 3 1 1 4   2 5 3 1 4 2 5 3 1 4
                                        2 5 3 1 4 2 5 3 2 3   1 6 4 7 5 2 3 1 6 4   7 5 2 3 1 6 4 7 5 1   4 2 8 3 5 9 6 7 1 4
                                        2 8 3 5 9 6 7 1 1 1   1 1 2 3 1 2 3 1 2 3   1 2 3 1 1 4 2 5 3 1   4 2 5 3 2 3 1 6 4 7
                                        5

 Eigenvalues of metric

         1 0.785E-04 0.228E-03 0.436E-03 0.515E-03 0.535E-03 0.535E-03 0.773E-03 0.108E-02


 OPERATOR DM      FOR CENTER  0  COORDINATES:    0.000000    0.000000    0.000000


 **********************************************************************************************************************************
 DATASETS  * FILE   NREC   LENGTH (MB)   RECORD NAMES
              1      18       29.11       500      610      700      900      950      970     1000      129      960     1100   
                                          VAR    BASINP    GEOM    SYMINP    ZMAT    AOBASIS   BASIS     P2S    ABASIS      S 
                                         1400     1410     1200     1210     1080     1600     1650     1700   
                                           T        V       H0       H01     AOSYM     SMH    MOLCAS    OPER   

 PROGRAMS   *        TOTAL       INT
 CPU TIMES  *         0.39      0.24
 REAL TIME  *         1.30 SEC
 DISK USED  *        29.42 MB (local),      235.32 MB (total)
 GA USED    *         0.00 MB       (max)       0.00 MB       (current)
 **********************************************************************************************************************************


 Program * Restricted Hartree-Fock

 Basis set VQZ-F12/JKFIT generated.      Number of basis functions:   218 
 Coulomb and exchange fitting
 Thresholds for fitting:       THRAO_COUL= 1.0D-15    THRAO_EXCH= 1.0D-13    THRMO= 1.0D-12    THRPROD= 1.0D-12    THRASM= 1.0D-12
                               THR2HLF=    1.0D-12

 Basis set VQZ-F12-JKFIT loaded. Number of basis functions: 218

 Orbital guess generated from atomic densities. Full valence occupancy:    6
 Using density fitting in orbital guess


 Initial occupancy:   5

 NELEC=   10   SYM=1   MS2= 0   THRE=1.0D-12   THRD=1.0D-06   THRG=1.0D-06  HFMA2=F  DIIS_START=2   DIIS_MAX=10   DIIS_INCORE=F

 Level shifts:    0.00 (CLOSED)    0.00 (OPEN)    0.30 (GAP_MIN)

 ITER           ETOT              DE          GRAD        DDIFF     DIIS  NEXP   TIME(IT)  TIME(TOT)  DIAG
   1     -100.04386833    -100.04386833     0.00D+00     0.52D-01     0     0       0.01      0.04    start
   2     -100.06402673      -0.02015840     0.80D-02     0.63D-02     1     0       0.01      0.05    diag
   3     -100.07041448      -0.00638775     0.49D-02     0.21D-02     2     0       0.02      0.07    diag
   4     -100.07053365      -0.00011917     0.47D-03     0.31D-03     3     0       0.01      0.08    diag
   5     -100.07055055      -0.00001690     0.14D-03     0.13D-03     4     0       0.01      0.09    diag
   6     -100.07055196      -0.00000141     0.33D-04     0.38D-04     5     0       0.01      0.10    diag
   7     -100.07055201      -0.00000005     0.58D-05     0.71D-05     6     0       0.01      0.11    diag
   8     -100.07055201      -0.00000000     0.64D-06     0.78D-06     7     0       0.02      0.13    fixocc
   9     -100.07055201      -0.00000000     0.71D-07     0.14D-06     8     0       0.01      0.14    diag
  10     -100.07055201      -0.00000000     0.58D-08     0.11D-07     9     0       0.01      0.15    diag/orth
  11     -100.07055201       0.00000000     0.28D-09     0.63D-09     0     0       0.01      0.16    diag

 Final occupancy:   5

 !RHF STATE 1.1 Energy               -100.070552011106
  RHF One-electron energy            -150.610593854029
  RHF Two-electron energy              45.339390916623
  RHF Kinetic energy                  100.028432950522
  RHF Nuclear energy                    5.200650926300
  RHF Virial quotient                  -1.000421070883

 !RHF STATE 1.1 Dipole moment           0.00000000     0.00000000    -0.75591433
 Dipole moment /Debye                   0.00000000     0.00000000    -1.92134257

 Orbital energies:

           1.1          2.1          3.1          4.1          5.1          6.1          7.1
    -26.294652    -1.601462    -0.768733    -0.650530    -0.650530     0.076786     0.126586


 HOMO      5.1    -0.650530 =     -17.7018eV
 LUMO      6.1     0.076786 =       2.0894eV
 LUMO-HOMO         0.727315 =      19.7913eV

 Orbitals saved in record  2100.2


 **********************************************************************************************************************************
 DATASETS  * FILE   NREC   LENGTH (MB)   RECORD NAMES
              1      18       29.11       500      610      700      900      950      970     1000      129      960     1100   
                                          VAR    BASINP    GEOM    SYMINP    ZMAT    AOBASIS   BASIS     P2S    ABASIS      S 
                                         1400     1410     1200     1210     1080     1600     1650     1700   
                                           T        V       H0       H01     AOSYM     SMH    MOLCAS    OPER   

              2       4        0.60       700     1000      520     2100   
                                         GEOM     BASIS   MCVARS     RHF  

 PROGRAMS   *        TOTAL     DF-HF       INT
 CPU TIMES  *         0.65      0.26      0.24
 REAL TIME  *         1.76 SEC
 DISK USED  *        30.78 MB (local),      246.28 MB (total)
 SF USED    *         1.21 MB
 GA USED    *         0.00 MB       (max)       0.00 MB       (current)
 **********************************************************************************************************************************


 PROGRAM * MP2 (Closed-shell)     Authors: C. Hampel, H.-J. Werner, 1991, M. Deegan, P.J. Knowles, 1992

                                   MP2-F12 implementation by H.-J. Werner, 2007

                   Density fitting integral evaluation by F.R. Manby, 2003,2007, G. Knizia, 2010


 Basis set CC-PVQZ-F12/OPTRI generated.  Number of basis functions:   136 
 Basis set CC-PVQZ-F12/CABS generated.   Number of basis functions:   257 
 Basis set VQZ-F12/MP2FIT generated.     Number of basis functions:   248 

 Convergence thresholds:  THRVAR = 1.00D-15  THRDEN = 1.00D-11

 Number of core orbitals:           1 (   1 )
 Number of closed-shell orbitals:   4 (   4 )
 Number of external orbitals:     116 ( 116 )

 Molecular orbitals read from record     2100.2  Type=RHF/CANONICAL  

 MP2-F12 correlation treatment (H.-J. Werner, 2006)
 ==================================================

 Using MP2-F12 with ansatz 3*C(FIX,NOZ,HY1)

 FOCKRIB=T FOCKRIC=T FOCKRIP=T CABSP=F CABSA=T CABSK=F CABSF=F GBC=F EBC=T DMAT=F NOFIK=T NOPAO=1 SOLVE=-1  USEPAO=0
 EXCH_A= T EXCH_B= F EXCH_C= F EXCH_P= F

 Hybrid approximation used. HY1=1  HYX=0

 Geminal basis:    OPTFULL  GEM_TYPE=SLATER  BETA=1.0  NGEM=6

 Optimizing Gaussian exponents for each gem_beta

 Geminal optimization for beta= 1.0000
 Weight function:   m=0, omega= 1.4646

 Augmented Hessian optimization of geminal fit. Trust ratio= 0.40000
 Convergence reached after   2 iterations. Final gradient= 8.66D-16, Step= 4.23D-06, Delta= 1.28D-09

 Alpha:                 0.19532     0.81920     2.85917     9.50073    35.69989   197.79328
 Coeff:                 0.27070     0.30552     0.18297     0.10986     0.06810     0.04224


 All pairs explicitly correlated. Number of r12-pairs:           10

 Excluding core orbitals from MO domains

 AO(A)-basis ORBITAL           loaded. Number of functions:     121
 RI(R)-basis CC-PVQZ-F12_CABS  loaded. Number of functions:     257
 DF-basis VQZ-F12/JKFIT        loaded. Number of functions:     218

 Screening thresholds:   THRAO=  1.00D-10  THRMO=  1.00D-10  THRPROD=  1.00D-10
                         THRSW=  1.00D-07  THROV=  1.00D-12  THRAOF12= 1.00D-08

 CPU time for Fock operators                      0.08 sec

 Construction of ABS:
 Smallest eigenvalue of S          4.69E-08  (threshold= 1.00E-08)
 Ratio eigmin/eigmax               4.14E-09  (threshold= 1.00E-09)
 Smallest eigenvalue of S kept     4.69E-08  (threshold= 4.69E-08, 0 functions deleted, 257 kept)


 CABS for double RI
 Construction of ABS:
 Smallest eigenvalue of S          4.69E-08  (threshold= 1.00E-08)
 Ratio eigmin/eigmax               4.14E-09  (threshold= 1.00E-09)
 Smallest eigenvalue of S kept     4.69E-08  (threshold= 4.69E-08, 0 functions deleted, 257 kept)

 Construction of CABS:
 Smallest eigenvalue of S         -5.09E-12  (threshold= 1.00E-08)
 Ratio eigmin/eigmax              -5.09E-12  (threshold= 1.00E-09)
 Smallest eigenvalue of S kept     1.00E+00  (threshold= 1.00E+00, 121 functions deleted, 136 kept)


 AO(A)-basis ORBITAL           loaded. Number of functions:     121
 RI(R)-basis CC-PVQZ-F12_CABS  loaded. Number of functions:     257
 DF-basis VQZ-F12/MP2FIT       loaded. Number of functions:     248

 Screening thresholds:   THRAO=  1.00D-10  THRMO=  1.00D-10  THRPROD=  1.00D-10
                         THRSW=  1.00D-07  THROV=  1.00D-12  THRAOF12= 1.00D-08

 CPU time for 3-index integral evaluation         0.19 sec
 CPU time for f12 integrals (total)               0.20 sec, Elapsed time:      0.22 sec
 F12-matrices built in  5 passes.
 F12-matrices built in  5 passes.
 F12-matrices built in  5 passes.
 CPU time for f12 matrices (total)                0.01 sec, Elapsed time:      0.01 sec

 Diagonal F12 approximation with fixed coefficients:  TSING= 0.500,  TTRIP= 0.250 (scaled by -1/beta)

 DF-MP2-F12 energy corrections:
 ==============================
 Approx.                                    Singlet             Triplet             Total
 DF-MP2-F12/3*C(DX,FIX,NOZ,HY1)        -0.015553442651     -0.001239491791     -0.016792934441
 DF-MP2-F12/3*C(FIX,NOZ,HY1)           -0.014624205446     -0.001073094028     -0.015697299473

 DF-MP2-F12 correlation energies:
 ================================
 Approx.                                    Singlet             Triplet             Ecorr            Total Energy
 DF-MP2                                -0.191847784926     -0.111625888575     -0.303473673501   -100.374025684607
 DF-MP2-F12/3*C(DX,FIX,NOZ,HY1)        -0.207401227577     -0.112865380365     -0.320266607942   -100.390818619048
 DF-MP2-F12/3*C(FIX,NOZ,HY1)           -0.206471990372     -0.112698982602     -0.319170972974   -100.389722984080

 SCS-DF-MP2 energies (F_SING= 1.20000  F_TRIP= 0.62222  F_PARALLEL= 0.33333):
 ============================================================================
 SCS-DF-MP2                            -0.299673450358   -100.370225461464
 SCS-DF-MP2-F12/3*C(DX,FIX,NOZ,HY1)    -0.319108820875   -100.389660831981
 SCS-DF-MP2-F12/3*C(FIX,NOZ,HY1)       -0.317890199843   -100.388442210949


  Reference energy                   -100.070552011106
  F12 singlet correction               -0.014624205446
  F12 triplet correction               -0.001073094028
  F12 total correction                 -0.015697299473
  MP2-F12 singlet pair energy          -0.206471990372
  MP2-F12 triplet pair energy          -0.112698982602
  MP2-F12 correlation energy           -0.319170972974

 !MP2-F12 total energy               -100.389722984080


 **********************************************************************************************************************************
 DATASETS  * FILE   NREC   LENGTH (MB)   RECORD NAMES
              1      18       29.11       500      610      700      900      950      970     1000      129      960     1100   
                                          VAR    BASINP    GEOM    SYMINP    ZMAT    AOBASIS   BASIS     P2S    ABASIS      S 
                                         1400     1410     1200     1210     1080     1600     1650     1700   
                                           T        V       H0       H01     AOSYM     SMH    MOLCAS    OPER   

              2       5        1.12       700     1000      520     2100     7360   
                                         GEOM     BASIS   MCVARS     RHF    F12ABS    

 PROGRAMS   *        TOTAL   MP2-F12     DF-HF       INT
 CPU TIMES  *         1.03      0.37      0.26      0.24
 REAL TIME  *         2.19 SEC
 DISK USED  *        30.78 MB (local),      246.28 MB (total)
 SF USED    *        46.50 MB
 GA USED    *         3.05 MB       (max)       0.00 MB       (current)
 **********************************************************************************************************************************
 SETTING E2             =      -100.38972298  AU                              
 SETTING BASIS          =    USERDEF


 Recomputing integrals since basis changed


 Using spherical harmonics



 PROGRAM * SEWARD (Integral evaluation for generally contracted gaussian basis sets)     Author: Roland Lindh, 1990

 Geometry written to block  1 of record 700


 Point group  C1  



 ATOMIC COORDINATES

 NR  ATOM    CHARGE       X              Y              Z

   1  F       9.00    0.000000000    0.000000000    0.173055449
   2  H       1.00    0.000000000    0.000000000   -1.557497154

 Bond lengths in Bohr (Angstrom)

 1-2  1.730552603
     ( 0.915769000)

 NUCLEAR CHARGE:                   10
 NUMBER OF PRIMITIVE AOS:         166
 NUMBER OF SYMMETRY AOS:          145
 NUMBER OF CONTRACTIONS:           44   (   44A   )
 NUMBER OF INNER CORE ORBITALS:     0   (    0A   )
 NUMBER OF OUTER CORE ORBITALS:     1   (    1A   )
 NUMBER OF VALENCE ORBITALS:        5   (    5A   )


 NUCLEAR REPULSION ENERGY    5.20065093

 EXTRA SYMMETRY OF AOS IN SYMMETRY 1:   1 1 1 1 2 3 1 2 3 1   2 3 1 1 4 2 5 3 1 4   2 5 3 2 3 1 6 4 7 5   1 1 1 2 3 1 2 3 1 1
                                        4 2 5 3

 Eigenvalues of metric

         1 0.152E-02 0.390E-01 0.390E-01 0.711E-01 0.899E-01 0.469E+00 0.469E+00 0.485E+00


 Contracted 2-electron integrals neglected if value below      1.0D-18
 AO integral compression algorithm  1   Integral accuracy      1.0D-18

     2.097 MB (compressed) written to integral file ( 51.3%)

     Node minimum: 0.262 MB, node maximum: 0.262 MB


 NUMBER OF SORTED TWO-ELECTRON INTEGRALS:      61008.     BUFFER LENGTH:  32768
 NUMBER OF SEGMENTS:   1  SEGMENT LENGTH:      61008      RECORD LENGTH: 524288

 Memory used in sort:       0.62 MW

 SORT1 READ      634518. AND WROTE       12776. INTEGRALS IN      1 RECORDS. CPU TIME:     0.05 SEC, REAL TIME:     0.06 SEC
 SORT2 READ      101837. AND WROTE      490545. INTEGRALS IN      8 RECORDS. CPU TIME:     0.01 SEC, REAL TIME:     0.00 SEC

 Node minimum:       60885.  Node maximum:       61752. integrals

 OPERATOR DM      FOR CENTER  0  COORDINATES:    0.000000    0.000000    0.000000


 **********************************************************************************************************************************
 DATASETS  * FILE   NREC   LENGTH (MB)   RECORD NAMES
              1      18       28.89       500      610      700      900      950      970     1001      129      960     1100   
                                          VAR    BASINP    GEOM    SYMINP    ZMAT    AOBASIS   BASIS     P2S    ABASIS      S 
                                         1400     1410     1200     1210     1080     1600     1650     1700   
                                           T        V       H0       H01     AOSYM     SMH    MOLCAS    OPER   

              2       6        1.14       700     1000      520     2100     7360     1001   
                                         GEOM     BASIS   MCVARS     RHF    F12ABS    BASIS   

 PROGRAMS   *        TOTAL       INT   MP2-F12     DF-HF       INT
 CPU TIMES  *         1.77      0.73      0.37      0.26      0.24
 REAL TIME  *         3.01 SEC
 DISK USED  *        30.78 MB (local),      279.32 MB (total)
 SF USED    *        46.50 MB
 GA USED    *         3.05 MB       (max)       0.00 MB       (current)
 **********************************************************************************************************************************


 Program * Restricted Hartree-Fock

 Molecular orbitals read from record     2100.2  Type=RHF/CANONICAL  

 Present basis size:       44
 Previous basis size:     121
 Previous occupation:       5
 Previous closed-shells:    5
 Previous core-orbitals:    1
 Present occupation:        5
 Present closed-shells:     5
 Present core-orbitals:     1
 Wavefunction symmetry:    1   Singlet 

 Orbital overlap <old|new>:  < 1.1| 1.1> = 1.000000   < 2.1| 2.1> = 0.999989   < 3.1| 3.1> = 0.999945   < 4.1| 4.1> = 0.999987
                             < 5.1| 5.1> = 0.999987


 Initial occupancy:   5

 NELEC=   10   SYM=1   MS2= 0   THRE=1.0D-12   THRD=1.0D-06   THRG=1.0D-06  HFMA2=F  DIIS_START=2   DIIS_MAX=10   DIIS_INCORE=F

 Level shifts:    0.00 (CLOSED)    0.00 (OPEN)    0.30 (GAP_MIN)

 ITER           ETOT              DE          GRAD        DDIFF     DIIS  NEXP   TIME(IT)  TIME(TOT)  DIAG
   1     -100.06888788    -100.06888788     0.00D+00     0.13D+00     0     0       0.00      0.01    start
   2     -100.06929186      -0.00040398     0.21D-02     0.45D-02     1     0       0.00      0.01    diag
   3     -100.06929875      -0.00000689     0.20D-03     0.39D-03     2     0       0.00      0.01    diag
   4     -100.06929901      -0.00000026     0.28D-04     0.26D-04     3     0       0.00      0.01    diag
   5     -100.06929904      -0.00000003     0.11D-04     0.81D-05     4     0       0.00      0.01    diag
   6     -100.06929905      -0.00000001     0.48D-05     0.39D-05     5     0       0.00      0.01    diag
   7     -100.06929905      -0.00000000     0.81D-06     0.77D-06     6     0       0.00      0.01    diag
   8     -100.06929905      -0.00000000     0.14D-06     0.12D-06     7     0       0.00      0.01    fixocc
   9     -100.06929905       0.00000000     0.15D-07     0.15D-07     8     0       0.00      0.01    diag
  10     -100.06929905      -0.00000000     0.90D-09     0.47D-09     0     0       0.01      0.02    diag/orth

 Final occupancy:   5

 !RHF STATE 1.1 Energy               -100.069299049902
  RHF One-electron energy            -150.624154114071
  RHF Two-electron energy              45.354204137869
  RHF Kinetic energy                  100.041674501103
  RHF Nuclear energy                    5.200650926300
  RHF Virial quotient                  -1.000276130412

 !RHF STATE 1.1 Dipole moment           0.00000000    -0.00000000    -0.76361504
 Dipole moment /Debye                   0.00000000    -0.00000000    -1.94091583

 Orbital energies:

           1.1          2.1          3.1          4.1          5.1          6.1          7.1
    -26.292104    -1.599950    -0.766931    -0.649444    -0.649444     0.209807     0.715385


 HOMO      5.1    -0.649444 =     -17.6723eV
 LUMO      6.1     0.209807 =       5.7091eV
 LUMO-HOMO         0.859251 =      23.3814eV

 Orbitals saved in record  2101.2


 **********************************************************************************************************************************
 DATASETS  * FILE   NREC   LENGTH (MB)   RECORD NAMES
              1      18       28.89       500      610      700      900      950      970     1001      129      960     1100   
                                          VAR    BASINP    GEOM    SYMINP    ZMAT    AOBASIS   BASIS     P2S    ABASIS      S 
                                         1400     1410     1200     1210     1080     1600     1650     1700   
                                           T        V       H0       H01     AOSYM     SMH    MOLCAS    OPER   

              2       7        1.26       700     1000      520     2100     7360     1001     2101   
                                         GEOM     BASIS   MCVARS     RHF    F12ABS    BASIS     RHF  

 PROGRAMS   *        TOTAL    HF-SCF       INT   MP2-F12     DF-HF       INT
 CPU TIMES  *         1.89      0.12      0.73      0.37      0.26      0.24
 REAL TIME  *         3.30 SEC
 DISK USED  *        30.78 MB (local),      279.32 MB (total)
 SF USED    *        46.50 MB
 GA USED    *         3.05 MB       (max)       0.00 MB       (current)
 **********************************************************************************************************************************


 PROGRAM * MP2 (Closed-shell)     Authors: C. Hampel, H.-J. Werner, 1991, M. Deegan, P.J. Knowles, 1992


 Convergence thresholds:  THRVAR = 1.00D-15  THRDEN = 1.00D-11

 Number of core orbitals:           1 (   1 )
 Number of closed-shell orbitals:   4 (   4 )
 Number of external orbitals:      39 (  39 )

 Molecular orbitals read from record     2101.2  Type=RHF/CANONICAL (state 1.1)

 Number of N-1 electron functions:               4
 Number of N-2 electron functions:              10
 Number of singly external CSFs:               156
 Number of doubly external CSFs:             12246
 Total number of CSFs:                       12403

 Length of J-op  integral file:               0.00 MB
 Length of K-op  integral file:               0.13 MB

 Integral transformation finished. Total CPU:   0.00 sec, npass=  1  Memory used:   0.13 MW

 Memory needed for MP2:                      0.01 MW

 SCS-MP2 correlation energy:           -0.273023903812   (PS=  1.200000  PT=  0.333333)
 SCS-MP2 total energy:               -100.342322953713


  Reference energy                   -100.069299049902
  MP2 singlet pair energy              -0.172077561149
  MP2 triplet pair energy              -0.106924548911
  MP2 correlation energy               -0.279002110059

 !MP2 total energy                   -100.348301159961


 **********************************************************************************************************************************
 DATASETS  * FILE   NREC   LENGTH (MB)   RECORD NAMES
              1      19       29.14       500      610      700      900      950      970     1001      129      960     1100   
                                          VAR    BASINP    GEOM    SYMINP    ZMAT    AOBASIS   BASIS     P2S    ABASIS      S 
                                         1400     1410     1200     1210     1080     1600     1650     1700     1380   
                                           T        V       H0       H01     AOSYM     SMH    MOLCAS    OPER     JKOP   

              2       7        1.26       700     1000      520     2100     7360     1001     2101   
                                         GEOM     BASIS   MCVARS     RHF    F12ABS    BASIS     RHF  

 PROGRAMS   *        TOTAL       MP2    HF-SCF       INT   MP2-F12     DF-HF       INT
 CPU TIMES  *         1.99      0.09      0.12      0.73      0.37      0.26      0.24
 REAL TIME  *         3.42 SEC
 DISK USED  *        30.78 MB (local),      279.32 MB (total)
 SF USED    *        46.50 MB
 GA USED    *         3.05 MB       (max)       0.00 MB       (current)
 **********************************************************************************************************************************
 SETTING EMP2           =      -100.34830116  AU                              


 PROGRAM * CCSD (Closed-shell coupled cluster)     Authors: C. Hampel, H.-J. Werner, 1991, M. Deegan, P.J. Knowles, 1992


 Convergence thresholds:  THRVAR = 1.00D-15  THRDEN = 1.00D-11

 CCSD(T)     terms to be evaluated (factor= 1.000)


 Number of core orbitals:           1 (   1 )
 Number of closed-shell orbitals:   4 (   4 )
 Number of external orbitals:      39 (  39 )

 Molecular orbitals read from record     2101.2  Type=RHF/CANONICAL (state 1.1)

 Number of N-1 electron functions:               4
 Number of N-2 electron functions:              10
 Number of singly external CSFs:               156
 Number of doubly external CSFs:             12246
 Total number of CSFs:                       12403

 Length of J-op  integral file:               0.00 MB
 Length of K-op  integral file:               0.13 MB
 Length of 3-ext integral record:             0.00 MB

 Memory could be reduced to 0.49 Mwords without degradation in triples

 Integral transformation finished. Total CPU:   0.01 sec, npass=  1  Memory used:   0.34 MW

 Reference energy:                   -100.06929905

 MP2 singlet pair energy:              -0.17207756
 MP2 triplet pair energy:              -0.10692455
 MP2 correlation energy:               -0.27900211
 MP2 total energy:                   -100.34830116

 SCS-MP2 correlation energy:           -0.27302390   (PS=  1.200000  PT=  0.333333)
 SCS-MP2 total energy:               -100.34232295

 ITER.      SQ.NORM     CORR.ENERGY   TOTAL ENERGY   ENERGY CHANGE        DEN1      VAR(S)    VAR(P)  DIIS     TIME  TIME/IT
   1      1.04959464    -0.28122241  -100.35052146    -0.00222030     0.00259076  0.62D-03  0.65D-03  1  1     0.02     0.01
   2      1.05201743    -0.28124720  -100.35054625    -0.00002479    -0.00414968  0.25D-05  0.69D-04  2  2     0.03     0.01
   3      1.05266324    -0.28128776  -100.35058681    -0.00004057    -0.00055593  0.36D-05  0.27D-05  3  3     0.03     0.01
   4      1.05285022    -0.28127257  -100.35057162     0.00001519    -0.00013307  0.42D-07  0.18D-06  4  4     0.03     0.00
   5      1.05288009    -0.28127201  -100.35057106     0.00000057    -0.00001993  0.89D-08  0.64D-08  5  5     0.04     0.00
   6      1.05288394    -0.28127136  -100.35057041     0.00000065    -0.00000141  0.91D-09  0.23D-09  6  6     0.04     0.00
   7      1.05288462    -0.28127137  -100.35057042    -0.00000001    -0.00000022  0.11D-09  0.29D-10  6  1     0.05     0.00
   8      1.05288466    -0.28127140  -100.35057045    -0.00000002     0.00000022  0.71D-11  0.22D-11  6  2     0.05     0.00
   9      1.05288475    -0.28127137  -100.35057042     0.00000002    -0.00000003  0.17D-12  0.15D-12  6  3     0.05     0.00
  10      1.05288474    -0.28127138  -100.35057043    -0.00000000     0.00000001  0.77D-14  0.56D-14  6  4     0.06     0.00
  11      1.05288474    -0.28127138  -100.35057043    -0.00000000     0.00000000  0.11D-14  0.24D-15  6  5     0.06     0.00
  12      1.05288474    -0.28127138  -100.35057043    -0.00000000     0.00000000  0.35D-16  0.24D-16  6  6     0.06     0.00
  13      1.05288474    -0.28127138  -100.35057043    -0.00000000     0.00000000  0.16D-17  0.19D-17  6  2     0.07     0.00
  14      1.05288474    -0.28127138  -100.35057043    -0.00000000     0.00000000  0.53D-19  0.26D-19  6  1     0.07     0.00
  15      1.05288474    -0.28127138  -100.35057043    -0.00000000    -0.00000000  0.14D-20  0.23D-20  6  4     0.07     0.00

 Norm of t1 vector:      0.02949880      S-energy:    -0.00000000      T1 diagnostic:  0.00737470
                                                                       D1 diagnostic:  0.01178703
                                                                       D2 diagnostic:  0.11931154 (internal)


 Total CPU time for triples:      0.01 sec


 RESULTS
 =======

  Reference energy                   -100.069299049902
  CCSD singlet pair energy             -0.185631174080
  CCSD triplet pair energy             -0.095640203542
  CCSD correlation energy              -0.281271377628

  Triples (T) contribution             -0.006929099743
  Total correlation energy             -0.288200477371

  CCSD total energy                  -100.350570427530
  CCSD[T] energy                     -100.357778609296
  CCSD-T energy                      -100.357329479849
 !CCSD(T) total energy               -100.357499527273

 Timing summary (sec):

 STEP                 CPU(USER)    SYS     CPU(TOT)    WALL
 Transformation          0.01      0.00      0.01      0.01
 CCSD iterations         0.06      0.02      0.08      0.08
 Triples                 0.01      0.00      0.01      0.00

 Program statistics:

 Available memory in ccsd:              1499999921
 Min. memory needed in ccsd:                 62242
 Max. memory used in ccsd:                   69864
 Max. memory used in cckext:                 81794 (15 integral passes)



 **********************************************************************************************************************************
 DATASETS  * FILE   NREC   LENGTH (MB)   RECORD NAMES
              1      19       30.07       500      610      700      900      950      970     1001      129      960     1100   
                                          VAR    BASINP    GEOM    SYMINP    ZMAT    AOBASIS   BASIS     P2S    ABASIS      S 
                                         1400     1410     1200     1210     1080     1600     1650     1700     1380   
                                           T        V       H0       H01     AOSYM     SMH    MOLCAS    OPER     JKOP   

              2       7        1.26       700     1000      520     2100     7360     1001     2101   
                                         GEOM     BASIS   MCVARS     RHF    F12ABS    BASIS     RHF  

 PROGRAMS   *        TOTAL   CCSD(T)       MP2    HF-SCF       INT   MP2-F12     DF-HF       INT
 CPU TIMES  *         2.14      0.16      0.09      0.12      0.73      0.37      0.26      0.24
 REAL TIME  *         3.60 SEC
 DISK USED  *        32.79 MB (local),      285.52 MB (total)
 SF USED    *        46.50 MB
 GA USED    *         3.05 MB       (max)       0.00 MB       (current)
 **********************************************************************************************************************************
 SETTING EHLC           =        -0.00919837  AU                              
 SETTING ETOTAL         =      -100.39892135  AU                              
 E2               =      -100.38972298 AU
 EMP2             =      -100.34830116 AU
 EHLC             =        -0.00919837 AU
 ETOTAL           =      -100.39892135 AU
 _ECHARG          =         0.00000000 C
 _ENULL           =         0.00000000 C/Vm
 _EMASS           =         0.00000000 kg
 _EV              =         0.03674932 HARTREE
 _EHOMO           =        -0.64944386  
 _ELUMO           =         0.20980713  
 _EMP2            =      -100.34830116 AU
 _EMP2_SING       =        -0.17207756 AU
 _EMP2_TRIP       =        -0.10692455 AU
 _EMP2_SCS        =      -100.34232295 AU
 _ECSING          =        -0.18563117 AU
 _ECTRIP          =        -0.09564020 AU
 _EF12_SING       =        -0.01462421 AU
 _EF12_TRIP       =        -0.00107309 AU
 _EF12_SCS        =        -0.01821675 AU
 _EF12_STRONG     =        -0.01569730 AU
 _EF12_CLOSE      =         0.00000000 AU
 _EF12_WEAK       =         0.00000000 AU
 _EF12_DIST       =         0.00000000 AU
 _EF12S_SING      =        -0.01462421 AU
 _EF12S_TRIP      =        -0.00107309 AU
 _EF12S_SCS       =        -0.01821675 AU
 _EF12S_STRONG    =        -0.01569730 AU
 _EF12S_CLOSE     =         0.00000000 AU
 _EF12S_WEAK      =         0.00000000 AU
 _EF12S_DIST      =         0.00000000 AU
 _EF12D_SING      =        -0.01555344 AU
 _EF12D_TRIP      =        -0.00123949 AU
 _EF12D_SCS       =        -0.01943537 AU
 _EF12D_STRONG    =        -0.01679293 AU
 _EF12D_CLOSE     =         0.00000000 AU
 _EF12D_WEAK      =         0.00000000 AU
 _EF12D_DIST      =         0.00000000 AU
 _ENERGC          =      -100.35057043 AU
 _ENERG_CC        =         0.00000000 AU
 _ENERG_CV        =         0.00000000 AU
 _ENERG_VV        =        -0.28127138 AU
 _ENERGR          =      -100.06929905 AU
 _ENERGT(1:3)     = [    -100.35749953  -100.35777861  -100.35732948] AU
 _ENERGY          =      -100.35749953 AU
 _ENERGY_METHOD   =    CCSD(T)
 _ENERGY_BASIS    =    USERDEF
 _ENUC            =         5.20065093 AU
 _ECDIAG          =        -0.08756042 AU
 _EPDIAG          =        -0.08756042 AU
 _ERF             =    ERF
 _ERFC            =    ERFC
 _EXP             =    EXP
 _EMBEDENERGY     =         0.00000000 AU
 _EMBE_CORR       =         0.00000000 AU
 _EMBED_SCF                       =    FALSE   
 _EOMCCSD_CONV                    =    FALSE   


 PROGRAM * OPT (Geometry optimization)     Authors: F. Eckert and H.-J. Werner


 Using mppx in numerical gradients

 BFGS update of hessian

 Geometry optimization using start command=LABEL1

 Optimizing variable ETOTAL; current value:   -100.39892135 AU

 Geometry written to block  1 of record 700

 *** Long output written to logfile /gpfs01/work/emmanous/6Frequencies/implementation/MOLPRO/G4-Tano-F12-v2/EXAMPLE_HF/hf.opt.log ***


 Generated   1 symmetrical displacements
 Waited for other processes for   1.37 seconds

 Making model hessian for cartesian coordinates

 Entering Rational Function Geometry Optimization

 ITER.   ENERGY(OLD)    ENERGY(NEW)      DE          GRADMAX     GRADNORM    GRADRMS     STEPMAX     STEPLEN     STEPRMS   CPU-time
   1  -100.39892135  -100.39892574    -0.00000439  0.00348553  0.00348553  0.00348553  0.00221470  0.00221470  0.00156603      8.51
 Waited for other processes for   5.67 seconds
   2  -100.39892574  -100.39892588    -0.00000014  0.00071395  0.00071395  0.00071395  0.00057050  0.00057050  0.00040340     22.60
   3  -100.39892588  -100.39892589    -0.00000001  0.00000544  0.00000544  0.00000544  0.00000438  0.00000438  0.00000310     29.99

 END OF GEOMETRY OPTIMIZATION.

 Geometry written to block  1 of record 700

 Current geometry (xyz format, in Angstrom)

    2
 CCSD(T)/USERDEF  ENERGY=-100.39892589
 F          0.0000000000        0.0000000000        0.0926208203
 H          0.0000000000        0.0000000000       -0.8252358203

 **********************************************************************************************************************************


 **********************************************************************************************************************************
 DATASETS  * FILE   NREC   LENGTH (MB)   RECORD NAMES
              1      19       30.07       500      610      700      900      950      970     1001      129      960     1100   
                                          VAR    BASINP    GEOM    SYMINP    ZMAT    AOBASIS   BASIS     P2S    ABASIS      S 
                                         1400     1410     1200     1210     1080     1600     1650     1700     1380   
                                           T        V       H0       H01     AOSYM     SMH    MOLCAS    OPER     JKOP   

              2       9        1.61       700     1000      520     2100     7360     1001     2101     5600     2102   
                                         GEOM     BASIS   MCVARS     RHF    F12ABS    BASIS     RHF     GINFO     RHF  

 PROGRAMS   *        TOTAL      OPTG   CCSD(T)       MP2    HF-SCF       INT   MP2-F12     DF-HF       INT
 CPU TIMES  *        32.13     29.99      0.16      0.09      0.12      0.73      0.37      0.26      0.24
 REAL TIME  *        43.02 SEC
 DISK USED  *        76.56 MB (local),      466.19 MB (total)
 SF USED    *        46.56 MB
 GA USED    *         3.05 MB       (max)       0.00 MB       (current)
 **********************************************************************************************************************************

 CCSD(T)/USERDEF//CCSD(T)/USERDEF energy=   -100.357516801163

   OPTG(CCSD(T))         CCSD(T)             MP2          HF-SCF      DF-MP2-F12           DF-HF
   -100.39892589   -100.35749953   -100.34830116   -100.06929905   -100.38972298   -100.07055201
 **********************************************************************************************************************************
 Molpro calculation terminated
