
 Working directory              : /scratch/emmanous/bh3.CCSDt.anopVTZ.com.50011/molpro.9POYcAzo6p/
 Global scratch directory       : /scratch/emmanous/bh3.CCSDt.anopVTZ.com.50011/molpro.9POYcAzo6p/
 Wavefunction directory         : /home/emmanous/wfu/
 Main file repository           : /scratch/emmanous/bh3.CCSDt.anopVTZ.com.50011/molpro.9POYcAzo6p/

 id        : wis

 Nodes     nprocs
 cff142       8
 GA implementation: MPI file
 GA implementation (serial work in mppx): MPI file

 Using DEFAULT tuning parameter for ncache   :   16384
 Using DEFAULT tuning parameter for mflopdgm :   10000
 Using DEFAULT tuning parameter for mflopdgv :    4000
 Using DEFAULT tuning parameter for mflopmxm :    5000
 Using DEFAULT tuning parameter for mflopmxv :    4000
 Using DEFAULT tuning parameter for mindgm   :       1
 Using DEFAULT tuning parameter for mindgc   :       4
 Using DEFAULT tuning parameter for mindgf   :    5000
 Using DEFAULT tuning parameter for mindgl   :       4
 Using DEFAULT tuning parameter for mindgr   :       1
 Using DEFAULT tuning parameter for mindgv   :      20
 Using DEFAULT tuning parameter for mincuda  :     500
 Using DEFAULT tuning parameter for mxmblk   :      64
 Using DEFAULT tuning parameter for mxmbln   :      64
 Using DEFAULT tuning parameter for nroll    :       2
 Using custom tuning parameter for ngpus     :       0
 Using customized tuning parameters: mindgm=1; mindgv=20; mindgc=4; mindgr=1; noblas=0; minvec=7

 Fortran compiler: integer size=8, double size=8, logical size=8
 default implementation of scratch files=sf  


 Variables initialized (1015), CPU time= 0.01 sec
 gthresh,energy=1d-12,gradient=1d-6,twoint=1d-18,prefac=1d-20
 noorient
 charge=0
 multiplicity=1
 geomtyp=xyz
 geom={
  B          0.0000000000       -0.0000107308        0.0000000000
  H          0.0000000000        1.1897675832        0.0000000000
  H          1.0303502879       -0.5948784262        0.0000000000
  H         -1.0303502879       -0.5948784262        0.0000000000
 }
 MASS,ISO
 MASS,PRINT
 
 basis={
 Including file /gpfs01/work/emmanous/6Frequencies/implementation/MOLPRO/G4-Tano-v2/EXAMPLE_BH3/ano-pVTZ.mbas
 }
 hf
 ccsd(t)
 {freq,print=3;noproject}
 Commands initialized (834), CPU time= 0.01 sec, 672 directives.
 Default parameters read. Elapsed time= 0.07 sec

 Using DEFAULT tuning parameter for mpplat   :       3
 Using DEFAULT tuning parameter for mppspeed :    1600
 Checking input...
 Passed
1


                                         ***  PROGRAM SYSTEM MOLPRO  ***
                                       Copyright, TTI GmbH Stuttgart, 2015
                                    Version 2022.2 linked Thu May  5 23:39:45 2022


 **********************************************************************************************************************************
 LABEL *                                                                                 
  64 bit mpp version                                                                     DATE: 12-Aug-23          TIME: 08:07:00  
 **********************************************************************************************************************************

 SHA1:             518bf5c5e315925380b88506c70af759aa1d1d96
 **********************************************************************************************************************************

 Memory per process:      1500 MW
 Total memory per node:  12000 MW

 GA preallocation disabled
 GA check disabled

 Variable memory set to 1500.0 MW


 THRESHOLDS:

 ZERO    =  1.00D-12  ONEINT  =  1.00D-12  TWOINT  =  1.00D-18  PREFAC  =  1.00D-20  XXXXXX  =  1.00D-09  EORDER  =  1.00D-04
 ENERGY  =  1.00D-12  ETEST   =  0.00D+00  EDENS   =  0.00D+00  THRDEDEF=  1.00D-06  GRADIENT=  1.00D-06  STEP    =  1.00D-03
 ORBITAL =  1.00D-05  CIVEC   =  1.00D-05  COEFF   =  1.00D-04  PRINTCI =  5.00D-02  PUNCHCI =  9.90D+01  OPTGRAD =  3.00D-04
 OPTENERG=  1.00D-06  OPTSTEP =  3.00D-04  THRGRAD =  1.00D-10  COMPRESS=  1.00D-11  VARMIN  =  1.00D-07  VARMAX  =  1.00D-03
 THRDOUB =  0.00D+00  THRDIV  =  1.00D-05  THRRED  =  1.00D-07  THRPSP  =  1.00D+00  THRDC   =  1.00D-10  THRCS   =  1.00D-10
 THRNRM  =  1.00D-08  THREQ   =  0.00D+00  THRDE   =  1.00D+00  THRREF  =  1.00D-05  SPARFAC =  1.00D+00  THRDLP  =  1.00D-07
 THRDIA  =  1.00D-10  THRDLS  =  1.00D-07  THRGPS  =  0.00D+00  THRKEX  =  0.00D+00  THRDIS  =  2.00D-01  THRVAR  =  1.00D-10
 THRLOC  =  1.00D-06  THRGAP  =  1.00D-06  THRLOCT = -1.00D+00  THRGAPT = -1.00D+00  THRORB  =  1.00D-06  THRMLTP =  0.00D+00
 THRCPQCI=  1.00D-10  KEXTA   =  0.00D+00  THRCOARS=  0.00D+00  SYMTOL  =  1.00D-06  GRADTOL =  1.00D-06  THROVL  =  1.00D-08
 THRORTH =  1.00D-08  THRDLOVL= -1.00D+00  GRID    =  1.00D-06  GRIDMAX =  1.00D-03  DTMAX   =  0.00D+00  THROCCDE=  1.00D-01
 THROCCDE=  1.00D-01  THRPRINT=  2.50D-01

 SETTING CHARGE         =      0.0000000D+00                                  
 SETTING MULTIPLICITY   =         1.00000000                                  
 SETTING GEOMTYP        =    XYZ


 Using masses of most abundant isotopes

 **********************************************************************************************************************************


 Atomic masses

 Center       Mass
 B         11.00931
 H          1.00782
 H          1.00782
 H          1.00782
 SETTING BASIS          =    USERDEF


 Recomputing integrals since basis changed


 Using spherical harmonics



 PROGRAM * SEWARD (Integral evaluation for generally contracted gaussian basis sets)     Author: Roland Lindh, 1990

 Geometry written to block  1 of record 700


 Point group  C2v 



 ATOMIC COORDINATES

 NR  ATOM    CHARGE       X              Y              Z

   1  B       5.00    0.000000000   -0.000020278    0.000000000
   2  H       1.00    0.000000000    2.248334884    0.000000000
   3  H       1.00    1.947079857   -1.124157303    0.000000000
   4  H       1.00   -1.947079857   -1.124157303    0.000000000

 Bond lengths in Bohr (Angstrom)

 1-2  2.248355162  1-3  2.248289131  1-4  2.248289131
     ( 1.189778314)     ( 1.189743372)     ( 1.189743372)

 Bond angles

  2-1-3  119.99977810   2-1-4  119.99977810   3-1-4  120.00044381

 NUCLEAR CHARGE:                    8
 NUMBER OF PRIMITIVE AOS:         266
 NUMBER OF SYMMETRY AOS:          237
 NUMBER OF CONTRACTIONS:           72   (   30A1  +   20B1  +   14B2  +    8A2  )
 NUMBER OF INNER CORE ORBITALS:     0   (    0A1  +    0B1  +    0B2  +    0A2  )
 NUMBER OF OUTER CORE ORBITALS:     1   (    1A1  +    0B1  +    0B2  +    0A2  )
 NUMBER OF VALENCE ORBITALS:        7   (    4A1  +    2B1  +    1B2  +    0A2  )


 NUCLEAR REPULSION ENERGY    7.44205306

 Eigenvalues of metric

         1 0.538E-03 0.541E-03 0.255E-01 0.340E-01 0.458E-01 0.479E-01 0.963E-01 0.344E+00
         2 0.541E-03 0.168E-01 0.255E-01 0.479E-01 0.963E-01 0.344E+00 0.488E+00 0.554E+00
         3 0.315E-01 0.365E-01 0.339E+00 0.461E+00 0.528E+00 0.673E+00 0.956E+00 0.100E+01
         4 0.365E-01 0.339E+00 0.461E+00 0.923E+00 0.956E+00 0.150E+01 0.173E+01 0.181E+01


 Contracted 2-electron integrals neglected if value below      1.0D-18
 AO integral compression algorithm  1   Integral accuracy      1.0D-18

     10.748 MB (compressed) written to integral file (100.0%)

     Node minimum: 1.049 MB, node maximum: 1.573 MB


 NUMBER OF SORTED TWO-ELECTRON INTEGRALS:     114459.     BUFFER LENGTH:  32768
 NUMBER OF SEGMENTS:   1  SEGMENT LENGTH:     114459      RECORD LENGTH: 524288

 Memory used in sort:       0.67 MW

 SORT1 READ     1221234. AND WROTE      111436. INTEGRALS IN      1 RECORDS. CPU TIME:     0.03 SEC, REAL TIME:     0.03 SEC
 SORT2 READ      899822. AND WROTE      928146. INTEGRALS IN     40 RECORDS. CPU TIME:     0.00 SEC, REAL TIME:     0.00 SEC

 Node minimum:      114156.  Node maximum:      120324. integrals

 OPERATOR DM      FOR CENTER  0  COORDINATES:    0.000000    0.000000    0.000000


 **********************************************************************************************************************************
 DATASETS  * FILE   NREC   LENGTH (MB)   RECORD NAMES
              1      18       28.93       500      610      700      900      950      970     1000      129      960     1100   
                                          VAR    BASINP    GEOM    SYMINP    ZMAT    AOBASIS   BASIS     P2S    ABASIS      S 
                                         1400     1410     1200     1210     1080     1600     1650     1700   
                                           T        V       H0       H01     AOSYM     SMH    MOLCAS    OPER   

 PROGRAMS   *        TOTAL       INT
 CPU TIMES  *         0.77      0.64
 REAL TIME  *         1.71 SEC
 DISK USED  *        29.27 MB (local),      273.71 MB (total)
 GA USED    *         0.00 MB       (max)       0.00 MB       (current)
 **********************************************************************************************************************************


 Program * Restricted Hartree-Fock

 Orbital guess generated from atomic densities.

 Initial occupancy:   3   1   0   0

 NELEC=    8   SYM=1   MS2= 0   THRE=1.0D-12   THRD=1.0D-06   THRG=1.0D-06  HFMA2=F  DIIS_START=2   DIIS_MAX=10   DIIS_INCORE=F

 Level shifts:    0.00 (CLOSED)    0.00 (OPEN)    0.30 (GAP_MIN)

 ITER           ETOT              DE          GRAD        DDIFF     DIIS  NEXP   TIME(IT)  TIME(TOT)  DIAG
   1      -26.39528176     -26.39528176     0.00D+00     0.95D-01     0     0       0.00      0.01    start
   2      -26.40081146      -0.00552970     0.58D-02     0.26D-02     1     0       0.00      0.01    diag
   3      -26.40112163      -0.00031017     0.13D-02     0.94D-03     2     0       0.00      0.01    diag
   4      -26.40113449      -0.00001286     0.25D-03     0.20D-03     3     0       0.00      0.01    diag
   5      -26.40113478      -0.00000029     0.32D-04     0.30D-04     4     0       0.00      0.01    diag
   6      -26.40113479      -0.00000001     0.42D-05     0.40D-05     5     0       0.00      0.01    diag
   7      -26.40113479      -0.00000000     0.64D-06     0.49D-06     6     0       0.00      0.01    diag
   8      -26.40113479      -0.00000000     0.45D-07     0.44D-07     7     0       0.00      0.01    fixocc
   9      -26.40113479      -0.00000000     0.34D-08     0.23D-08     0     0       0.00      0.01    diag

 Final occupancy:   3   1   0   0

 !RHF STATE 1.1 Energy                -26.401134785834
  RHF One-electron energy             -49.048823068592
  RHF Two-electron energy              15.205635223469
  RHF Kinetic energy                   26.390538783857
  RHF Nuclear energy                    7.442053059289
  RHF Virial quotient                  -1.000401507603

 !RHF STATE 1.1 Dipole moment           0.00000000    -0.00002117     0.00000000
 Dipole moment /Debye                   0.00000000    -0.00005381     0.00000000

 Orbital energies:

           1.1          2.1          3.1          4.1          5.1
     -7.614319    -0.705604    -0.499423     0.255787     0.258440

           1.2          2.2          3.2
     -0.499431     0.255780     0.346312

           1.3          2.3
      0.063116     0.414837

           1.4          2.4
      0.446707     1.090914


 HOMO      3.1    -0.499423 =     -13.5900eV
 LUMO      1.3     0.063116 =       1.7175eV
 LUMO-HOMO         0.562539 =      15.3075eV

 Orbitals saved in record  2100.2


 **********************************************************************************************************************************
 DATASETS  * FILE   NREC   LENGTH (MB)   RECORD NAMES
              1      18       28.93       500      610      700      900      950      970     1000      129      960     1100   
                                          VAR    BASINP    GEOM    SYMINP    ZMAT    AOBASIS   BASIS     P2S    ABASIS      S 
                                         1400     1410     1200     1210     1080     1600     1650     1700   
                                           T        V       H0       H01     AOSYM     SMH    MOLCAS    OPER   

              2       4        0.44       700     1000      520     2100   
                                         GEOM     BASIS   MCVARS     RHF  

 PROGRAMS   *        TOTAL    HF-SCF       INT
 CPU TIMES  *         0.80      0.03      0.64
 REAL TIME  *         2.01 SEC
 DISK USED  *        29.53 MB (local),      275.78 MB (total)
 GA USED    *         0.00 MB       (max)       0.00 MB       (current)
 **********************************************************************************************************************************


 PROGRAM * CCSD (Closed-shell coupled cluster)     Authors: C. Hampel, H.-J. Werner, 1991, M. Deegan, P.J. Knowles, 1992


 Convergence thresholds:  THRVAR = 1.00D-16  THRDEN = 1.00D-12

 CCSD(T)     terms to be evaluated (factor= 1.000)


 Using ITF CCSD(T) gradient implementation

 Number of core orbitals:           1 (   1   0   0   0 )
 Number of closed-shell orbitals:   3 (   2   1   0   0 )
 Number of external orbitals:      68 (  27  19  14   8 )

 Molecular orbitals read from record     2100.2  Type=RHF/CANONICAL  

 Integral transformation finished. Total CPU:   0.01 sec, npass=  1  Memory used:   0.17 MW
 Time for re-packing tensors:             0.00 sec
  Reference energy                    -26.401134785834

  MP2 correlation energy               -0.114741185301
  MP2 total energy                    -26.515875971134

 ITER.      SQ.NORM     CORR.ENERGY   TOTAL ENERGY   ENERGY CHANGE        DEN1      VAR(S)    VAR(P)  DIIS     TIME
   1      1.05432823    -0.13504317   -26.53617796    -0.02030199    -0.01501513  1.84e-04  1.33e-03  1  1     0.00
   2      1.05984564    -0.13654672   -26.53768150    -0.00150354    -0.00456095  1.21e-05  1.91e-04  2  2     0.01
   3      1.06228963    -0.13672333   -26.53785811    -0.00017661    -0.00171752  2.02e-07  1.76e-05  3  3     0.02
   4      1.06298124    -0.13669933   -26.53783412     0.00002399    -0.00047151  2.67e-08  1.69e-06  4  4     0.02
   5      1.06320433    -0.13668892   -26.53782371     0.00001041    -0.00014008  7.75e-10  9.21e-08  5  5     0.03
   6      1.06324972    -0.13668529   -26.53782007     0.00000363    -0.00003089  3.68e-10  5.18e-09  6  0     0.04
   7      1.06325576    -0.13668427   -26.53781906     0.00000102    -0.00000557  1.07e-12  3.28e-10  6  1     0.05
   8      1.06325680    -0.13668411   -26.53781890     0.00000016    -0.00000099  2.36e-13  5.00e-11  6  2     0.06
   9      1.06325703    -0.13668408   -26.53781886     0.00000003    -0.00000021  1.75e-13  3.86e-12  6  3     0.07
  10      1.06325706    -0.13668407   -26.53781886     0.00000000    -0.00000003  1.92e-15  2.98e-13  6  4     0.08
  11      1.06325706    -0.13668407   -26.53781886     0.00000000    -0.00000000  5.45e-16  1.66e-14  6  5     0.08
  12      1.06325705    -0.13668407   -26.53781886     0.00000000    -0.00000000  3.69e-18  4.34e-16  6  0     0.09
  13      1.06325705    -0.13668407   -26.53781886     0.00000000    -0.00000000  1.31e-18  4.76e-17  6  1     0.10
  14      1.06325705    -0.13668407   -26.53781886     0.00000000    -0.00000000  2.26e-19  5.04e-18  6  2     0.11
  15      1.06325705    -0.13668407   -26.53781886    -0.00000000    -0.00000000  5.37e-21  2.33e-19  6  3     0.11
  16      1.06325705    -0.13668407   -26.53781886     0.00000000    -0.00000000  7.51e-22  1.29e-20           0.12

 Norm of t1 vector:      0.02251246     S-energy:      0.00000000   T1 diagnostic:  0.00649879

 Time per iteration:                      0.01 sec

 RESULTS
 =======

  Reference energy                    -26.401134785834
  CCSD correlation energy              -0.136684071755
  CCSD total energy                   -26.537818857589

  Triples (T) contribution             -0.002593410932
  Total correlation energy             -0.139277482686
  CCSD[T] total energy                -26.540464024798
 !CCSD(T) total energy                -26.540412268520

 Starting CP-CCSD(T) iterations.   Author: W. Gyorffy (2015)

 ITER.      NRM1           NRM2      VAR(S)+VAR(P)   DIIS    TIME
   1     0.00029720     0.13853605     3.96e-04      1  1    0.01
   2     0.00029642     0.14036510     1.72e-05      2  2    0.01
   3     0.00029819     0.14097798     1.54e-06      3  3    0.02
   4     0.00030062     0.14120700     8.25e-08      4  4    0.03
   5     0.00030219     0.14125068     8.28e-09      5  5    0.04
   6     0.00030277     0.14124895     7.32e-10      6  0    0.05
   7     0.00030288     0.14124569     4.19e-11      6  1    0.05
   8     0.00030287     0.14124447     2.16e-12      6  2    0.06
   9     0.00030286     0.14124419     1.12e-13      6  3    0.07
  10     0.00030286     0.14124413     6.67e-15      6  4    0.08
  11     0.00030286     0.14124412     4.49e-16      6  5    0.09
  12     0.00030286     0.14124412     2.82e-17      6  0    0.10
  13     0.00030286     0.14124412     2.39e-18      6  1    0.11
  14     0.00030286     0.14124412     4.11e-19      6  2    0.11
  15     0.00030286     0.14124412     5.44e-20      6  3    0.12
  16     0.00030286     0.14124412     5.82e-21              0.13


 Time per iteration:                      0.01 sec

 CPHF start vector      0.2 not found

 Starting Coupled-perturbed Hartree-Fock, convergence threshold= 1.0D-06

 ITER   MIC  DIIS      VAR         VARC       CPU
   1     0     1    0.92D-03    0.87D-03     0.00
   2     2     2    0.77D-04    0.11D-04     0.00
   3     3     3    0.17D-05    0.49D-06     0.00
   4     1     4    0.66D-07    0.92D-08     0.00

 CPHF convergence reached in  4 macroiterations and    6 microiterations.   Accuracy: 6.6376D-08

 CPHF solution written to record  8500.2

 Dipole moments (unrelaxed):            0.00000000    -0.00001801     0.00000000
 Orbital relaxation contribution:      -0.00000000    -0.00000009    -0.00000000
 !CCSD(T) STATE 1.1 Dipole moment       0.00000000    -0.00001810     0.00000000
 Dipole moment /Debye                   0.00000000    -0.00004602     0.00000000

 CPU-time for coupled-perturbed hartree-fock:          0.00 sec

 Number of N-1 electron functions:               3
 Number of N-2 electron functions:               6
 Number of singly external CSFs:                73
 Number of doubly external CSFs:              5977
 Total number of CSFs:                        6051

 CCSD(T) gradient info saved on record        55555.1




 **********************************************************************************************************************************
 DATASETS  * FILE   NREC   LENGTH (MB)   RECORD NAMES
              1      21       31.70       500      610      700      900      950      970     1000      129      960     1100   
                                          VAR    BASINP    GEOM    SYMINP    ZMAT    AOBASIS   BASIS     P2S    ABASIS      S 
                                         1400     1410     1200     1210     1080     1600     1650     1700     1380     3791   
                                           T        V       H0       H01     AOSYM     SMH    MOLCAS    OPER     JKOP   
                                        55555   
                                        CCSD(T)    

              2       5        0.51       700     1000      520     2100     8500   
                                         GEOM     BASIS   MCVARS     RHF     CPHF   

 PROGRAMS   *        TOTAL   CCSD(T)    HF-SCF       INT
 CPU TIMES  *         1.31      0.49      0.03      0.64
 REAL TIME  *         2.60 SEC
 DISK USED  *        32.27 MB (local),      297.71 MB (total)
 SF USED    *        19.94 MB
 GA USED    *         0.00 MB       (max)       0.00 MB       (current)
 **********************************************************************************************************************************


 PROGRAM * HESSIAN

 *** Long output written to logfile /gpfs01/work/emmanous/6Frequencies/implementation/MOLPRO/G4-Tano-v2/EXAMPLE_BH3/bh3.CCSDt.anopVTZ.log ***


 Computing numerical hessian using default procedure for command CCSD(T)

 Symmetry elements for unique displacements: X  Z  

 Using AUTO symmetry option

 Running default procedure: HF-SCF000  CCSD(T)


 Numerically approximating hessian using central gradient differences

 Task list generated. Total number of displacements:     13

 All  13 tasks completed.  CPU=     87.54 sec, Elapsed=     87.76 sec.

 CCSD(T) hessian saved to record  5300.2

 PROGRAM * FREQUENCIES (Calculation of harmonic vibrational spectra for CCSD(T))


 Permanent Dipole Moment [debye]
   1-  3    0.000000   -0.000046    0.000000

 Dipole Moment Norm    0.0000460 [debye]

 Dipole Moment Derivatives [debye/ang]
              1             2             3             4             5             6             7             8
    1    2.49760726    0.00000000    0.00000000   -0.45131955    0.00000000    0.00000000   -1.02312881    0.33010550
    2    0.00000000    2.49769933    0.00000000    0.00000000   -1.21378562    0.00000000    0.33012618   -0.64191207
    3    0.00000000    0.00000000    2.14198633    0.00000000    0.00000000   -0.71406423    0.00000000    0.00000000
              9            10            11            12
    1    0.00000000   -1.02312881   -0.33010550    0.00000000
    2    0.00000000   -0.33012618   -0.64191207    0.00000000
    3   -0.71405132    0.00000000    0.00000000   -0.71405132

 Force Constants (Second Derivatives of the Energy) in [a.u.]
                             BX1         BY1         BZ1         HX2         HY2     
           BX1           0.4204797
           BY1           0.0000000   0.4204270
           BZ1           0.0000000   0.0000000   0.1195930
           HX2          -0.0409051   0.0000000   0.0000000   0.0335616
           HY2           0.0000000  -0.2394132   0.0000000   0.0000000   0.2507873
           HZ2           0.0000000   0.0000000  -0.0398572   0.0000000   0.0000000
           HX3          -0.1898006   0.0859822   0.0000000   0.0036803  -0.0013349
           HY3           0.0859834  -0.0905353   0.0000000   0.0175500  -0.0056846
           HZ3           0.0000000   0.0000000  -0.0398514   0.0000000   0.0000000
           HX4          -0.1898006  -0.0859822   0.0000000   0.0036803   0.0013349
           HY4          -0.0859834  -0.0905353   0.0000000  -0.0175500  -0.0056846
           HZ4           0.0000000   0.0000000  -0.0398514   0.0000000   0.0000000
                             HZ2         HX3         HY3         HZ3         HX4     
           HZ2           0.0129005
           HX3           0.0000000   0.1964931
           HY3           0.0000000  -0.0940945   0.0878818
           HZ3           0.0134729   0.0000000   0.0000000   0.0128942
           HX4           0.0000000  -0.0103680  -0.0094403   0.0000000   0.1964931
           HY4           0.0000000   0.0094403   0.0083642   0.0000000   0.0940945
           HZ4           0.0134729   0.0000000   0.0000000   0.0134733  -0.0000000
                             HY4         HZ4     
           HY4           0.0878818
           HZ4           0.0000000   0.0128942


 Atomic Masses
   1-  4   11.009310    1.007825    1.007825    1.007825

 Mass weighted Second Derivative Matrix
                             BX1         BY1         BZ1         HX2         HY2     
           BX1           0.0381931
           BY1           0.0000000   0.0381883
           BZ1           0.0000000   0.0000000   0.0108629
           HX2          -0.0122802   0.0000000   0.0000000   0.0333010
           HY2           0.0000000  -0.0718746   0.0000000   0.0000000   0.2488401
           HZ2           0.0000000   0.0000000  -0.0119656   0.0000000   0.0000000
           HX3          -0.0569803   0.0258128   0.0000000   0.0036518  -0.0013245
           HY3           0.0258132  -0.0271798   0.0000000   0.0174137  -0.0056405
           HZ3           0.0000000   0.0000000  -0.0119638   0.0000000   0.0000000
           HX4          -0.0569803  -0.0258128   0.0000000   0.0036518   0.0013245
           HY4          -0.0258132  -0.0271798   0.0000000  -0.0174137  -0.0056405
           HZ4           0.0000000   0.0000000  -0.0119638   0.0000000   0.0000000
                             HZ2         HX3         HY3         HZ3         HX4     
           HZ2           0.0128004
           HX3           0.0000000   0.1949674
           HY3           0.0000000  -0.0933639   0.0871994
           HZ3           0.0133683   0.0000000   0.0000000   0.0127941
           HX4           0.0000000  -0.0102875  -0.0093670   0.0000000   0.1949674
           HY4           0.0000000   0.0093670   0.0082993   0.0000000   0.0933639
           HZ4           0.0133683   0.0000000   0.0000000   0.0133687  -0.0000000
                             HY4         HZ4     
           HY4           0.0871994
           HZ4           0.0000000   0.0127941


 Mass Weighted 2nd Derivative Matrix Eigenvalues
   1- 10   -0.000575   -0.000570   -0.000523    0.000000    0.000000    0.000000    0.050396    0.056178    0.056188    0.252217
  11- 12    0.279387    0.279410

 Mass Weighted 2nd Derivative Matrix Eigenvectors
              1             2             3             4             5             6             7             8
    1    0.00000000    0.00000000   -0.00376432    0.00000000    0.00000000    0.88576247    0.00000000    0.00000000
    2    0.00000000    0.00000000    0.00000000    0.88579458    0.00000000    0.00000000    0.00000000   -0.31382278
    3    0.00000000    0.00002584    0.00000000    0.00000000    0.88569116    0.00000000   -0.46427488    0.00000000
    4    0.00000000    0.00000000    0.57608076    0.00000000    0.00000000    0.27042401    0.00000000    0.00000000
    5    0.00000000    0.00000000    0.00000000    0.26799648    0.00000000    0.00000000    0.00000000   -0.07930720
    6    0.00000000    0.81646476    0.00000000    0.00000000    0.26805143    0.00000000    0.51140369    0.00000000
    7    0.00000000    0.00000000   -0.28987900   -0.00003288    0.00000000    0.26672659    0.00000000    0.36833014
    8    0.00000000    0.00000000   -0.50002856    0.26790468    0.00000000   -0.00218497    0.00000000    0.55852101
    9    0.70710678   -0.40828011    0.00000000    0.00000000    0.26804812    0.00000000    0.51132920    0.00000000
   10    0.00000000    0.00000000   -0.28987900    0.00003288    0.00000000    0.26672659    0.00000000   -0.36833014
   11    0.00000000    0.00000000    0.50002856    0.26790468    0.00000000    0.00218497    0.00000000    0.55852101
   12   -0.70710678   -0.40828011    0.00000000    0.00000000    0.26804812    0.00000000    0.51132920    0.00000000
              9            10            11            12
    1   -0.31389985    0.00000000    0.00000000   -0.34187360
    2    0.00000000   -0.00028121   -0.34188177    0.00000000
    3    0.00000000    0.00000000    0.00000000    0.00000000
    4    0.77123956    0.00000000    0.00000000   -0.01383287
    5    0.00000000    0.57799828    0.76668523    0.00000000
    6    0.00000000    0.00000000    0.00000000    0.00000000
    7    0.13326008    0.49968509   -0.33859668    0.57189933
    8    0.36819826   -0.28857194    0.18167992   -0.33822582
    9    0.00000000    0.00000000    0.00000000    0.00000000
   10    0.13326008   -0.49968509    0.33859668    0.57189933
   11   -0.36819826   -0.28857194    0.18167992    0.33822582
   12    0.00000000    0.00000000    0.00000000    0.00000000

 Imaginary Vibration  Wavenumber
        Nr             [1/cm] 
        1              123.22
        2              122.71
        3              117.61
        4                0.19
        5                0.13

   Low Vibration      Wavenumber
        Nr             [1/cm] 
        1                0.50

     Vibration        Wavenumber
        Nr             [1/cm] 
        1             1153.99
        2             1218.39
        3             1218.50
        4             2581.62
        5             2717.11
        6             2717.22

 FREQUENCIES * CALCULATION OF NORMAL MODES FOR CCSD(T)


 Atomic Coordinates

  Nr  Atom  Charge       X              Y              Z

   1   B     5.00    0.000000000   -0.000020278    0.000000000
   2   H     1.00    0.000000000    2.248334884    0.000000000
   3   H     1.00    1.947079857   -1.124157303    0.000000000
   4   H     1.00   -1.947079857   -1.124157303    0.000000000

 Normal Modes

                              1 B1        2 A1        3 B2        4 A1        5 A1 
 Wavenumbers [cm-1]         1153.99     1218.39     1218.50     2581.62     2717.11
 Intensities [km/mol]         81.74       15.85       15.85        0.00      113.56
 Intensities [relative]       71.98       13.95       13.96        0.00      100.00
           BX1             -0.00000    -0.00000    -0.09460    -0.00000     0.00000
           BY1             -0.00000    -0.09458     0.00000    -0.00008    -0.10304
           BZ1             -0.13992     0.00000     0.00000     0.00000    -0.00000
           HX2              0.00000     0.00000     0.76824     0.00000     0.00000
           HY2             -0.00000    -0.07900     0.00000     0.57575     0.76370
           HZ2              0.50941    -0.00000    -0.00000    -0.00000    -0.00000
           HX3              0.00000     0.36690     0.13274     0.49774    -0.33728
           HY3              0.00000     0.55635     0.36677    -0.28745     0.18097
           HZ3              0.50934    -0.00000    -0.00000    -0.00000    -0.00000
           HX4             -0.00000    -0.36690     0.13274    -0.49774     0.33728
           HY4              0.00000     0.55635    -0.36677    -0.28745     0.18097
           HZ4              0.50934    -0.00000    -0.00000    -0.00000    -0.00000

                              6 B2 
 Wavenumbers [cm-1]         2717.22
 Intensities [km/mol]        113.55
 Intensities [relative]       99.99
           BX1             -0.10304
           BY1             -0.00000
           BZ1              0.00000
           HX2             -0.01378
           HY2              0.00000
           HZ2              0.00000
           HX3              0.56967
           HY3             -0.33691
           HZ3              0.00000
           HX4              0.56967
           HY4              0.33691
           HZ4              0.00000


 Normal Modes of imaginary frequencies

                                  1           2           3           4           5
 Wavenumbers [cm-1]          123.22      122.71      117.61        0.19        0.13
 Intensities [km/mol]          0.00        0.00        0.00        0.00        0.00
 Intensities [relative]        0.00        0.00        0.00        0.00        0.00
           BX1              0.00000    -0.00000    -0.00113     0.00000    -0.00000
           BY1             -0.00000    -0.00000    -0.00000     0.26696    -0.00000
           BZ1             -0.00000     0.00001     0.00000     0.00000     0.26693
           HX2             -0.00000     0.00000     0.57384     0.00000    -0.00000
           HY2             -0.00000    -0.00000    -0.00000     0.26695    -0.00000
           HZ2              0.00000     0.81329    -0.00000     0.00000     0.26701
           HX3              0.00000    -0.00000    -0.28875    -0.00003    -0.00000
           HY3             -0.00000    -0.00000    -0.49808     0.26686    -0.00000
           HZ3              0.70436    -0.40669     0.00000     0.00000     0.26701
           HX4             -0.00000    -0.00000    -0.28875     0.00003    -0.00000
           HY4             -0.00000     0.00000     0.49808     0.26686    -0.00000
           HZ4             -0.70436    -0.40669     0.00000     0.00000     0.26701


 Normal Modes of low/zero frequencies

                                  1
 Wavenumbers [cm-1]            0.50
 Intensities [km/mol]          0.00
 Intensities [relative]        0.00
           BX1              0.26695
           BY1             -0.00000
           BZ1              0.00000
           HX2              0.26937
           HY2             -0.00000
           HZ2              0.00000
           HX3              0.26569
           HY3             -0.00218
           HZ3              0.00000
           HX4              0.26569
           HY4              0.00218
           HZ4              0.00000


 Frequencies dumped to record   5400.2

 Zero point energy:  0.02644230 [H]     5803.41 [1/CM]       69.42 [KJ/MOL]
 Frequency information read from record  5400.2

 Recomputing wavefunction at initial geometry


 **********************************************************************************************************************************
 DATASETS  * FILE   NREC   LENGTH (MB)   RECORD NAMES
              1      21       31.70       500      610      700      900      950      970     1000      129      960     1100   
                                          VAR    BASINP    GEOM    SYMINP    ZMAT    AOBASIS   BASIS     P2S    ABASIS      S 
                                         1400     1410     1200     1210     1080     1600     1650     1700     1380     3791   
                                           T        V       H0       H01     AOSYM     SMH    MOLCAS    OPER     JKOP   
                                        55555   
                                        CCSD(T)    

              2       8        0.54       700     1000      520     2100     8500     5300     5450     5400   
                                         GEOM     BASIS   MCVARS     RHF     CPHF     HESS     NMOD     FREQ   

 PROGRAMS   *        TOTAL      FREQ   CCSD(T)    HF-SCF       INT
 CPU TIMES  *        56.02     54.71      0.49      0.03      0.64
 REAL TIME  *        93.76 SEC
 DISK USED  *       170.99 MB (local),        1.25 GB (total)
 SF USED    *        19.95 MB
 GA USED    *         0.00 MB       (max)       0.00 MB       (current)
 **********************************************************************************************************************************

 CCSD(T)/USERDEF energy=    -26.540412268521

         CCSD(T)          HF-SCF
    -26.54041227    -26.40113479
 **********************************************************************************************************************************
 Molpro calculation terminated
