
 Working directory              : /scratch/emmanous/bh3.MP2.anopV5Z.com.48573/molpro.3o4RgdfOv3/
 Global scratch directory       : /scratch/emmanous/bh3.MP2.anopV5Z.com.48573/molpro.3o4RgdfOv3/
 Wavefunction directory         : /home/emmanous/wfu/
 Main file repository           : /scratch/emmanous/bh3.MP2.anopV5Z.com.48573/molpro.3o4RgdfOv3/

 id        : wis

 Nodes     nprocs
 cff142       8
 GA implementation: MPI file
 GA implementation (serial work in mppx): MPI file

 Using DEFAULT tuning parameter for ncache   :   16384
 Using DEFAULT tuning parameter for mflopdgm :   10000
 Using DEFAULT tuning parameter for mflopdgv :    4000
 Using DEFAULT tuning parameter for mflopmxm :    5000
 Using DEFAULT tuning parameter for mflopmxv :    4000
 Using DEFAULT tuning parameter for mindgm   :       1
 Using DEFAULT tuning parameter for mindgc   :       4
 Using DEFAULT tuning parameter for mindgf   :    5000
 Using DEFAULT tuning parameter for mindgl   :       4
 Using DEFAULT tuning parameter for mindgr   :       1
 Using DEFAULT tuning parameter for mindgv   :      20
 Using DEFAULT tuning parameter for mincuda  :     500
 Using DEFAULT tuning parameter for mxmblk   :      64
 Using DEFAULT tuning parameter for mxmbln   :      64
 Using DEFAULT tuning parameter for nroll    :       2
 Using custom tuning parameter for ngpus     :       0
 Using customized tuning parameters: mindgm=1; mindgv=20; mindgc=4; mindgr=1; noblas=0; minvec=7

 Fortran compiler: integer size=8, double size=8, logical size=8
 default implementation of scratch files=sf  


 Variables initialized (1015), CPU time= 0.01 sec
 gthresh,energy=1d-12,gradient=1d-6,twoint=1d-18,prefac=1d-20
 noorient
 charge=0
 multiplicity=1
 geomtyp=xyz
 geom={
  B          0.0000000000       -0.0000107308        0.0000000000
  H          0.0000000000        1.1897675832        0.0000000000
  H          1.0303502879       -0.5948784262        0.0000000000
  H         -1.0303502879       -0.5948784262        0.0000000000
 }
 MASS,ISO
 MASS,PRINT
 
 basis={
 Including file /gpfs01/work/emmanous/6Frequencies/implementation/MOLPRO/G4-Tano-v2/EXAMPLE_BH3/ano-pV5Z.mbas
 }
 hf
 mp2
 {freq,analytic,print=3;noproject}
 
 Commands initialized (834), CPU time= 0.00 sec, 672 directives.
 Default parameters read. Elapsed time= 0.07 sec

 Using DEFAULT tuning parameter for mpplat   :       3
 Using DEFAULT tuning parameter for mppspeed :    1600
 Checking input...
 Passed
1


                                         ***  PROGRAM SYSTEM MOLPRO  ***
                                       Copyright, TTI GmbH Stuttgart, 2015
                                    Version 2022.2 linked Thu May  5 23:39:45 2022


 **********************************************************************************************************************************
 LABEL *                                                                                 
  64 bit mpp version                                                                     DATE: 12-Aug-23          TIME: 08:00:46  
 **********************************************************************************************************************************

 SHA1:             518bf5c5e315925380b88506c70af759aa1d1d96
 **********************************************************************************************************************************

 Memory per process:      1500 MW
 Total memory per node:  12000 MW

 GA preallocation disabled
 GA check disabled

 Variable memory set to 1500.0 MW


 THRESHOLDS:

 ZERO    =  1.00D-12  ONEINT  =  1.00D-12  TWOINT  =  1.00D-18  PREFAC  =  1.00D-20  XXXXXX  =  1.00D-09  EORDER  =  1.00D-04
 ENERGY  =  1.00D-12  ETEST   =  0.00D+00  EDENS   =  0.00D+00  THRDEDEF=  1.00D-06  GRADIENT=  1.00D-06  STEP    =  1.00D-03
 ORBITAL =  1.00D-05  CIVEC   =  1.00D-05  COEFF   =  1.00D-04  PRINTCI =  5.00D-02  PUNCHCI =  9.90D+01  OPTGRAD =  3.00D-04
 OPTENERG=  1.00D-06  OPTSTEP =  3.00D-04  THRGRAD =  1.00D-10  COMPRESS=  1.00D-11  VARMIN  =  1.00D-07  VARMAX  =  1.00D-03
 THRDOUB =  0.00D+00  THRDIV  =  1.00D-05  THRRED  =  1.00D-07  THRPSP  =  1.00D+00  THRDC   =  1.00D-10  THRCS   =  1.00D-10
 THRNRM  =  1.00D-08  THREQ   =  0.00D+00  THRDE   =  1.00D+00  THRREF  =  1.00D-05  SPARFAC =  1.00D+00  THRDLP  =  1.00D-07
 THRDIA  =  1.00D-10  THRDLS  =  1.00D-07  THRGPS  =  0.00D+00  THRKEX  =  0.00D+00  THRDIS  =  2.00D-01  THRVAR  =  1.00D-10
 THRLOC  =  1.00D-06  THRGAP  =  1.00D-06  THRLOCT = -1.00D+00  THRGAPT = -1.00D+00  THRORB  =  1.00D-06  THRMLTP =  0.00D+00
 THRCPQCI=  1.00D-10  KEXTA   =  0.00D+00  THRCOARS=  0.00D+00  SYMTOL  =  1.00D-06  GRADTOL =  1.00D-06  THROVL  =  1.00D-08
 THRORTH =  1.00D-08  THRDLOVL= -1.00D+00  GRID    =  1.00D-06  GRIDMAX =  1.00D-03  DTMAX   =  0.00D+00  THROCCDE=  1.00D-01
 THROCCDE=  1.00D-01  THRPRINT=  2.50D-01

 SETTING CHARGE         =      0.0000000D+00                                  
 SETTING MULTIPLICITY   =         1.00000000                                  
 SETTING GEOMTYP        =    XYZ


 Using masses of most abundant isotopes

 **********************************************************************************************************************************


 Atomic masses

 Center       Mass
 B         11.00931
 H          1.00782
 H          1.00782
 H          1.00782
 SETTING BASIS          =    USERDEF


 Recomputing integrals since basis changed


 Using spherical harmonics



 PROGRAM * SEWARD (Integral evaluation for generally contracted gaussian basis sets)     Author: Roland Lindh, 1990

 Geometry written to block  1 of record 700


 Point group  C2v 



 ATOMIC COORDINATES

 NR  ATOM    CHARGE       X              Y              Z

   1  B       5.00    0.000000000   -0.000020278    0.000000000
   2  H       1.00    0.000000000    2.248334884    0.000000000
   3  H       1.00    1.947079857   -1.124157303    0.000000000
   4  H       1.00   -1.947079857   -1.124157303    0.000000000

 Bond lengths in Bohr (Angstrom)

 1-2  2.248355162  1-3  2.248289131  1-4  2.248289131
     ( 1.189778314)     ( 1.189743372)     ( 1.189743372)

 Bond angles

  2-1-3  119.99977810   2-1-4  119.99977810   3-1-4  120.00044381

 NUCLEAR CHARGE:                    8
 NUMBER OF PRIMITIVE AOS:         443
 NUMBER OF SYMMETRY AOS:          349
 NUMBER OF CONTRACTIONS:          181   (   67A1  +   49B1  +   39B2  +   26A2  )
 NUMBER OF INNER CORE ORBITALS:     0   (    0A1  +    0B1  +    0B2  +    0A2  )
 NUMBER OF OUTER CORE ORBITALS:     1   (    1A1  +    0B1  +    0B2  +    0A2  )
 NUMBER OF VALENCE ORBITALS:        7   (    4A1  +    2B1  +    1B2  +    0A2  )


 NUCLEAR REPULSION ENERGY    7.44205306

 Eigenvalues of metric

         1 0.709E-04 0.909E-04 0.501E-03 0.808E-03 0.120E-02 0.145E-02 0.223E-02 0.212E-01
         2 0.709E-04 0.476E-03 0.501E-03 0.808E-03 0.223E-02 0.154E-01 0.212E-01 0.369E-01
         3 0.522E-03 0.613E-03 0.305E-01 0.349E-01 0.377E-01 0.672E-01 0.943E-01 0.310E+00
         4 0.613E-03 0.302E-01 0.305E-01 0.377E-01 0.943E-01 0.310E+00 0.426E+00 0.436E+00


 Contracted 2-electron integrals neglected if value below      1.0D-18
 AO integral compression algorithm  1   Integral accuracy      1.0D-18

     342.360 MB (compressed) written to integral file (100.0%)

     Node minimum: 37.487 MB, node maximum: 49.283 MB


 NUMBER OF SORTED TWO-ELECTRON INTEGRALS:    4331905.     BUFFER LENGTH:  32768
 NUMBER OF SEGMENTS:   1  SEGMENT LENGTH:    4331905      RECORD LENGTH: 524288

 Memory used in sort:       4.89 MW

 SORT1 READ    42228336. AND WROTE     4149511. INTEGRALS IN     12 RECORDS. CPU TIME:     0.72 SEC, REAL TIME:     0.76 SEC
 SORT2 READ    33311853. AND WROTE    34778627. INTEGRALS IN   1376 RECORDS. CPU TIME:     0.07 SEC, REAL TIME:     0.10 SEC

 Node minimum:     4331905.  Node maximum:     4362678. integrals

 OPERATOR DM      FOR CENTER  0  COORDINATES:    0.000000    0.000000    0.000000


 **********************************************************************************************************************************
 DATASETS  * FILE   NREC   LENGTH (MB)   RECORD NAMES
              1      18       29.41       500      610      700      900      950      970     1000      129      960     1100   
                                          VAR    BASINP    GEOM    SYMINP    ZMAT    AOBASIS   BASIS     P2S    ABASIS      S 
                                         1400     1410     1200     1210     1080     1600     1650     1700   
                                           T        V       H0       H01     AOSYM     SMH    MOLCAS    OPER   

 PROGRAMS   *        TOTAL       INT
 CPU TIMES  *         3.23      3.10
 REAL TIME  *         4.37 SEC
 DISK USED  *        29.79 MB (local),      921.19 MB (total)
 GA USED    *         0.00 MB       (max)       0.00 MB       (current)
 **********************************************************************************************************************************


 Program * Restricted Hartree-Fock

 Orbital guess generated from atomic densities.

 Initial occupancy:   3   1   0   0

 NELEC=    8   SYM=1   MS2= 0   THRE=1.0D-12   THRD=1.0D-06   THRG=1.0D-06  HFMA2=F  DIIS_START=2   DIIS_MAX=10   DIIS_INCORE=F

 Level shifts:    0.00 (CLOSED)    0.00 (OPEN)    0.30 (GAP_MIN)

 ITER           ETOT              DE          GRAD        DDIFF     DIIS  NEXP   TIME(IT)  TIME(TOT)  DIAG
   1      -26.39642905     -26.39642905     0.00D+00     0.41D-01     0     0       0.01      0.02    start
   2      -26.40209639      -0.00566734     0.38D-02     0.12D-02     1     0       0.01      0.03    diag
   3      -26.40242365      -0.00032726     0.88D-03     0.32D-03     2     0       0.02      0.05    diag
   4      -26.40243783      -0.00001417     0.17D-03     0.81D-04     3     0       0.01      0.06    diag
   5      -26.40243815      -0.00000032     0.22D-04     0.18D-04     4     0       0.01      0.07    diag
   6      -26.40243816      -0.00000001     0.32D-05     0.33D-05     5     0       0.01      0.08    diag
   7      -26.40243816      -0.00000000     0.45D-06     0.36D-06     6     0       0.01      0.09    diag
   8      -26.40243816      -0.00000000     0.46D-07     0.43D-07     7     0       0.01      0.10    fixocc
   9      -26.40243816      -0.00000000     0.31D-08     0.26D-08     8     0       0.01      0.11    diag
  10      -26.40243816      -0.00000000     0.19D-09     0.35D-09     0     0       0.01      0.12    diag/orth

 Final occupancy:   3   1   0   0

 !RHF STATE 1.1 Energy                -26.402438157218
  RHF One-electron energy             -49.063616068633
  RHF Two-electron energy              15.219124852126
  RHF Kinetic energy                   26.394097925093
  RHF Nuclear energy                    7.442053059289
  RHF Virial quotient                  -1.000315988527

 !RHF STATE 1.1 Dipole moment           0.00000000    -0.00002226     0.00000000
 Dipole moment /Debye                   0.00000000    -0.00005658     0.00000000

 Orbital energies:

           1.1          2.1          3.1          4.1          5.1
     -7.611055    -0.704411    -0.498604     0.136600     0.160113

           1.2          2.2          3.2
     -0.498612     0.160112     0.261799

           1.3          2.3
      0.052902     0.263259

           1.4          2.4
      0.307375     0.797779


 HOMO      3.1    -0.498604 =     -13.5677eV
 LUMO      1.3     0.052902 =       1.4395eV
 LUMO-HOMO         0.551507 =      15.0073eV

 Orbitals saved in record  2100.2


 **********************************************************************************************************************************
 DATASETS  * FILE   NREC   LENGTH (MB)   RECORD NAMES
              1      18       29.41       500      610      700      900      950      970     1000      129      960     1100   
                                          VAR    BASINP    GEOM    SYMINP    ZMAT    AOBASIS   BASIS     P2S    ABASIS      S 
                                         1400     1410     1200     1210     1080     1600     1650     1700   
                                           T        V       H0       H01     AOSYM     SMH    MOLCAS    OPER   

              2       4        0.58       700     1000      520     2100   
                                         GEOM     BASIS   MCVARS     RHF  

 PROGRAMS   *        TOTAL    HF-SCF       INT
 CPU TIMES  *         3.36      0.13      3.10
 REAL TIME  *         4.54 SEC
 DISK USED  *        30.67 MB (local),      928.26 MB (total)
 GA USED    *         0.00 MB       (max)       0.00 MB       (current)
 **********************************************************************************************************************************


 PROGRAM * MP2 (Closed-shell)     Authors: C. Hampel, H.-J. Werner, 1991, M. Deegan, P.J. Knowles, 1992


 Convergence thresholds:  THRVAR = 1.00D-16  THRDEN = 1.00D-12

 Number of core orbitals:           1 (   1   0   0   0 )
 Number of closed-shell orbitals:   3 (   2   1   0   0 )
 Number of external orbitals:     177 (  64  48  39  26 )

 Molecular orbitals read from record     2100.2  Type=RHF/CANONICAL  

 Number of N-1 electron functions:               3
 Number of N-2 electron functions:               6
 Number of singly external CSFs:               176
 Number of doubly external CSFs:             38102
 Total number of CSFs:                       38279

 Length of J-op  integral file:               0.00 MB
 Length of K-op  integral file:               0.62 MB

 Integral transformation finished. Total CPU:   0.02 sec, npass=  1  Memory used:   0.17 MW

 Memory needed for MP2:                      0.05 MW

 SCS-MP2 correlation energy:           -0.135944339169   (PS=  1.200000  PT=  0.333333)
 SCS-MP2 total energy:                -26.538382496387


  Reference energy                    -26.402438157218
  MP2 singlet pair energy              -0.104015982015
  MP2 triplet pair energy              -0.017879722636
  MP2 correlation energy               -0.121895704651

 !MP2 total energy                    -26.524333861869

 KEXT needed  1 integral passes. Memory used:   0.45 MW  CPU time:      0.03 sec

 CPHF start vector      0.2 not found

 Starting Coupled-perturbed Hartree-Fock, convergence threshold= 1.0D-06

 ITER   MIC  DIIS      VAR         VARC       CPU
   1     0     1    0.10D-01    0.91D-03     0.00
   2     4     2    0.21D-03    0.60D-04     0.02
   3     3     3    0.97D-06    0.85D-06     0.03

 CPHF convergence reached in  3 macroiterations and    7 microiterations.   Accuracy: 9.6786D-07

 CPHF solution written to record  4100.2

 Dipole moments (unrelaxed):            0.00000000    -0.00002203     0.00000000
 Orbital relaxation contribution:      -0.00000000     0.00000290    -0.00000000
 !MP2 STATE 1.1 Dipole moment           0.00000000    -0.00001912     0.00000000
 Dipole moment /Debye                   0.00000000    -0.00004860     0.00000000

 CPU-time for density and lagrangian:                  0.01 sec
 CPU-time for coupled-perturbed hartree-fock:          0.03 sec

 MP2 gradient info saved on record         5200.1


 **********************************************************************************************************************************
 DATASETS  * FILE   NREC   LENGTH (MB)   RECORD NAMES
              1      20       30.77       500      610      700      900      950      970     1000      129      960     1100   
                                          VAR    BASINP    GEOM    SYMINP    ZMAT    AOBASIS   BASIS     P2S    ABASIS      S 
                                         1400     1410     1200     1210     1080     1600     1650     1700     1380     5200   
                                           T        V       H0       H01     AOSYM     SMH    MOLCAS    OPER     JKOP      MP2  

              2       5        1.00       700     1000      520     2100     4100   
                                         GEOM     BASIS   MCVARS     RHF     CPHF   

 PROGRAMS   *        TOTAL       MP2    HF-SCF       INT
 CPU TIMES  *         3.57      0.21      0.13      3.10
 REAL TIME  *         4.79 SEC
 DISK USED  *        31.86 MB (local),      937.79 MB (total)
 SF USED    *         3.40 MB
 GA USED    *         0.00 MB       (max)       0.00 MB       (current)
 **********************************************************************************************************************************


 PROGRAM * HESSIAN

 *** Long output written to logfile /gpfs01/work/emmanous/6Frequencies/implementation/MOLPRO/G4-Tano-v2/EXAMPLE_BH3/bh3.MP2.anopV5Z.log ***


 Computing numerical hessian using default procedure for command MP2

 Symmetry elements for unique displacements: X  Z  

 Using AUTO symmetry option

 Running default procedure: HF-SCF000  MP2


 Numerically approximating hessian using central gradient differences

 Task list generated. Total number of displacements:     13

 All  13 tasks completed.  CPU=    314.08 sec, Elapsed=    317.40 sec.

 MP2 hessian saved to record  5300.2

 PROGRAM * FREQUENCIES (Calculation of harmonic vibrational spectra for MP2)


 Permanent Dipole Moment [debye]
   1-  3    0.000000   -0.000049    0.000000

 Dipole Moment Norm    0.0000486 [debye]

 Dipole Moment Derivatives [debye/ang]
              1             2             3             4             5             6             7             8
    1    2.61488340    0.00000000    0.00000000   -0.45674974    0.00000000    0.00000000   -1.07904359    0.35932555
    2    0.00000000    2.61501642    0.00000000    0.00000000   -1.28651351    0.00000000    0.35929634   -0.66420150
    3    0.00000000    0.00000000    2.22196275    0.00000000    0.00000000   -0.74067317    0.00000000    0.00000000
              9            10            11            12
    1    0.00000000   -1.07904359   -0.35932555    0.00000000
    2    0.00000000   -0.35929634   -0.66420150    0.00000000
    3   -0.74065904    0.00000000    0.00000000   -0.74065904

 Force Constants (Second Derivatives of the Energy) in [a.u.]
                             BX1         BY1         BZ1         HX2         HY2     
           BX1           0.4244976
           BY1           0.0000000   0.4244439
           BZ1           0.0000000   0.0000000   0.1253036
           HX2          -0.0429130   0.0000000   0.0000000   0.0353552
           HY2           0.0000000  -0.2400588   0.0000000   0.0000000   0.2513465
           HZ2           0.0000000   0.0000000  -0.0417722   0.0000000   0.0000000
           HX3          -0.1907928   0.0853817   0.0000000   0.0037789  -0.0013995
           HY3           0.0853825  -0.0921931   0.0000000   0.0177189  -0.0056437
           HZ3           0.0000000   0.0000000  -0.0417664   0.0000000   0.0000000
           HX4          -0.1907928  -0.0853817   0.0000000   0.0037789   0.0013995
           HY4          -0.0853825  -0.0921931   0.0000000  -0.0177189  -0.0056437
           HZ4           0.0000000   0.0000000  -0.0417664   0.0000000   0.0000000
                             HZ2         HX3         HY3         HZ3         HX4     
           HZ2           0.0145168
           HX3           0.0000000   0.1973690
           HY3           0.0000000  -0.0935418   0.0893473
           HZ3           0.0136279   0.0000000   0.0000000   0.0145105
           HX4           0.0000000  -0.0103546  -0.0095593   0.0000000   0.1973690
           HY4           0.0000000   0.0095593   0.0084900   0.0000000   0.0935418
           HZ4           0.0136279   0.0000000   0.0000000   0.0136284  -0.0000000
                             HY4         HZ4     
           HY4           0.0893473
           HZ4           0.0000000   0.0145105


 Atomic Masses
   1-  4   11.009310    1.007825    1.007825    1.007825

 Mass weighted Second Derivative Matrix
                             BX1         BY1         BZ1         HX2         HY2     
           BX1           0.0385581
           BY1           0.0000000   0.0385532
           BZ1           0.0000000   0.0000000   0.0113816
           HX2          -0.0128830   0.0000000   0.0000000   0.0350807
           HY2           0.0000000  -0.0720684   0.0000000   0.0000000   0.2493950
           HZ2           0.0000000   0.0000000  -0.0125405   0.0000000   0.0000000
           HX3          -0.0572782   0.0256326   0.0000000   0.0037495  -0.0013886
           HY3           0.0256328  -0.0276774   0.0000000   0.0175813  -0.0055999
           HZ3           0.0000000   0.0000000  -0.0125387   0.0000000   0.0000000
           HX4          -0.0572782  -0.0256326   0.0000000   0.0037495   0.0013886
           HY4          -0.0256328  -0.0276774   0.0000000  -0.0175813  -0.0055999
           HZ4           0.0000000   0.0000000  -0.0125387   0.0000000   0.0000000
                             HZ2         HX3         HY3         HZ3         HX4     
           HZ2           0.0144041
           HX3           0.0000000   0.1958365
           HY3           0.0000000  -0.0928155   0.0886536
           HZ3           0.0135221   0.0000000   0.0000000   0.0143978
           HX4           0.0000000  -0.0102742  -0.0094851   0.0000000   0.1958365
           HY4           0.0000000   0.0094851   0.0084241   0.0000000   0.0928155
           HZ4           0.0135221   0.0000000   0.0000000   0.0135226  -0.0000000
                             HY4         HZ4     
           HY4           0.0886536
           HZ4           0.0000000   0.0143978


 Mass Weighted 2nd Derivative Matrix Eigenvalues
   1- 10    0.000000    0.000000    0.000000    0.000871    0.000875    0.000880    0.052826    0.058406    0.058414    0.252607
  11- 12    0.280124    0.280145

 Mass Weighted 2nd Derivative Matrix Eigenvectors
              1             2             3             4             5             6             7             8
    1    0.88574449    0.00000004    0.00000035   -0.00014853    0.00000000    0.00000000    0.00000000    0.00000000
    2   -0.00000035   -0.00000587    0.88574463    0.00000000    0.00000000    0.00000000    0.00000000   -0.31357426
    3   -0.00000004    0.88574579    0.00000587    0.00000000    0.00000000    0.00002815   -0.46417065    0.00000000
    4    0.26810654    0.00000001    0.00000011    0.57721348    0.00000000    0.00000000    0.00000000    0.00000000
    5   -0.00000011   -0.00000178    0.26799118    0.00000000    0.00000000    0.00000000    0.00000000   -0.08022397
    6   -0.00000001    0.26798845    0.00000178    0.00000000    0.00000000    0.81646648    0.51143394    0.00000000
    7    0.26793242    0.00000001   -0.00000026   -0.28873843    0.00000000    0.00000000    0.00000000    0.36864682
    8   -0.00010172   -0.00000178    0.26798990   -0.50004241    0.00000000    0.00000000    0.00000000    0.55831637
    9   -0.00000001    0.26798935    0.00000178    0.00000000    0.70710678   -0.40827839    0.51136139    0.00000000
   10    0.26793242    0.00000001    0.00000047   -0.28873843    0.00000000    0.00000000    0.00000000   -0.36864682
   11    0.00010150   -0.00000178    0.26798990    0.50004241    0.00000000    0.00000000    0.00000000    0.55831637
   12   -0.00000001    0.26798935    0.00000178    0.00000000   -0.70710678   -0.40827839    0.51136139    0.00000000
              9            10            11            12
    1   -0.31356376    0.00000000    0.00000000   -0.34224910
    2    0.00000000   -0.00016533   -0.34223911    0.00000000
    3    0.00000000    0.00000000    0.00000000    0.00000000
    4    0.77121681    0.00000000    0.00000000   -0.01296566
    5    0.00000000    0.57770848    0.76681012    0.00000000
    6    0.00000000    0.00000000    0.00000000    0.00000000
    7    0.13257823    0.49984701   -0.33801255    0.57207111
    8    0.36861119   -0.28858172    0.18216705   -0.33776230
    9    0.00000000    0.00000000    0.00000000    0.00000000
   10    0.13257823   -0.49984701    0.33801255    0.57207111
   11   -0.36861119   -0.28858172    0.18216705    0.33776230
   12    0.00000000    0.00000000    0.00000000    0.00000000

 Imaginary Vibration  Wavenumber
        Nr             [1/cm] 
        1                0.03
        2                0.01
        3                0.00

     Vibration        Wavenumber
        Nr             [1/cm] 
        1              151.73
        2              152.08
        3              152.49
        4             1181.49
        5             1242.31
        6             1242.41
        7             2583.61
        8             2720.69
        9             2720.79

 FREQUENCIES * CALCULATION OF NORMAL MODES FOR MP2


 Atomic Coordinates

  Nr  Atom  Charge       X              Y              Z

   1   B     5.00    0.000000000   -0.000020278    0.000000000
   2   H     1.00    0.000000000    2.248334884    0.000000000
   3   H     1.00    1.947079857   -1.124157303    0.000000000
   4   H     1.00   -1.947079857   -1.124157303    0.000000000

 Normal Modes

                              1 B2        2 A2        3 B1        4 B1        5 A1 
 Wavenumbers [cm-1]          151.73      152.08      152.49     1181.49     1242.31
 Intensities [km/mol]          0.00        0.00        0.00       87.95       16.20
 Intensities [relative]        0.00        0.00        0.00       69.11       12.73
           BX1             -0.00004    -0.00000    -0.00000    -0.00000    -0.00000
           BY1             -0.00000     0.00000    -0.00000     0.00000    -0.09451
           BZ1              0.00000     0.00000     0.00001    -0.13989    -0.00000
           HX2              0.57497     0.00000     0.00000     0.00000     0.00000
           HY2              0.00000     0.00000    -0.00000     0.00000    -0.07991
           HZ2             -0.00000     0.00000     0.81329     0.50944     0.00000
           HX3             -0.28762    -0.00000    -0.00000    -0.00000     0.36721
           HY3             -0.49810     0.00000    -0.00000    -0.00000     0.55614
           HZ3              0.00000     0.70436    -0.40669     0.50937     0.00000
           HX4             -0.28762     0.00000    -0.00000     0.00000    -0.36721
           HY4              0.49810     0.00000     0.00000    -0.00000     0.55614
           HZ4              0.00000    -0.70436    -0.40669     0.50937     0.00000

                              6 B2        7 Err       8 Err       9 Err
 Wavenumbers [cm-1]         1242.41     2583.61     2720.69     2720.79
 Intensities [km/mol]         16.20        0.00      127.26      127.26
 Intensities [relative]       12.73        0.00      100.00      100.00
           BX1             -0.09450    -0.00000    -0.00000    -0.10315
           BY1              0.00000    -0.00005    -0.10315     0.00000
           BZ1              0.00000     0.00000    -0.00000     0.00000
           HX2              0.76822    -0.00000    -0.00000    -0.01292
           HY2              0.00000     0.57546     0.76383    -0.00000
           HZ2             -0.00000    -0.00000    -0.00000     0.00000
           HX3              0.13206     0.49790    -0.33670     0.56985
           HY3              0.36718    -0.28746     0.18146    -0.33645
           HZ3             -0.00000    -0.00000     0.00000     0.00000
           HX4              0.13206    -0.49790     0.33670     0.56985
           HY4             -0.36718    -0.28746     0.18146     0.33645
           HZ4             -0.00000    -0.00000     0.00000     0.00000


 Normal Modes of imaginary frequencies

                                  1           2           3
 Wavenumbers [cm-1]            0.03        0.01        0.00
 Intensities [km/mol]          0.00        0.00        0.00
 Intensities [relative]        0.00        0.00        0.00
           BX1              0.26695     0.00000     0.00000
           BY1             -0.00000    -0.00000     0.26695
           BZ1             -0.00000     0.26695     0.00000
           HX2              0.26706     0.00000     0.00000
           HY2             -0.00000    -0.00000     0.26695
           HZ2             -0.00000     0.26695     0.00000
           HX3              0.26689     0.00000    -0.00000
           HY3             -0.00010    -0.00000     0.26695
           HZ3             -0.00000     0.26695     0.00000
           HX4              0.26689     0.00000     0.00000
           HY4              0.00010    -0.00000     0.26695
           HZ4             -0.00000     0.26695     0.00000


 Normal Modes of low/zero frequencies


 Wavenumbers [cm-1]
 Intensities [km/mol]
 Intensities [relative]
           BX1     
           BY1     
           BZ1     
           HX2     
           HY2     
           HZ2     
           HX3     
           HY3     
           HZ3     
           HX4     
           HY4     
           HZ4     


 Frequencies dumped to record   5400.2

 Zero point energy:  0.02767428 [H]     6073.80 [1/CM]       72.66 [KJ/MOL]
 Frequency information read from record  5400.2

 Recomputing wavefunction at initial geometry


 **********************************************************************************************************************************
 DATASETS  * FILE   NREC   LENGTH (MB)   RECORD NAMES
              1      20       30.77       500      610      700      900      950      970     1000      129      960     1100   
                                          VAR    BASINP    GEOM    SYMINP    ZMAT    AOBASIS   BASIS     P2S    ABASIS      S 
                                         1400     1410     1200     1210     1080     1600     1650     1700     1380     5200   
                                           T        V       H0       H01     AOSYM     SMH    MOLCAS    OPER     JKOP      MP2  

              2       8        1.19       700     1000      520     2100     4100     5300     5450     5400   
                                         GEOM     BASIS   MCVARS     RHF     CPHF     HESS     NMOD     FREQ   

 PROGRAMS   *        TOTAL      FREQ       MP2    HF-SCF       INT
 CPU TIMES  *       315.62    312.04      0.21      0.13      3.10
 REAL TIME  *       326.52 SEC
 DISK USED  *         1.35 GB (local),       10.65 GB (total)
 SF USED    *         3.40 MB
 GA USED    *         0.00 MB       (max)       0.00 MB       (current)
 **********************************************************************************************************************************

 MP2/USERDEF energy=    -26.524333861862

             MP2          HF-SCF
    -26.52433386    -26.40243816
 **********************************************************************************************************************************
 Molpro calculation terminated
