 Cartesian Coordinates are in [bohr]
 Creating new Variables:
 BX1               0.00000000
 BY1              -0.00002028
 BZ1               0.00000000
 HX2               0.00000000
 HY2               2.24833488
 HZ2               0.00000000
 HX3               1.94707986
 HY3              -1.12415730
 HZ3               0.00000000
 HX4              -1.94707986
 HY4              -1.12415730
 HZ4               0.00000000
 Task   1   Incrementing variable BX1   by    0.010 BOH (Skipping negative increment due to symmetry).
 Task   2   Incrementing variable BY1   by    0.010 BOH
 Task   3   Incrementing variable BY1   by   -0.010 BOH
 Task   4   Incrementing variable BZ1   by    0.010 BOH (Skipping negative increment due to symmetry).
 Task   5   Incrementing variable HX2   by    0.010 BOH (Skipping negative increment due to symmetry).
 Task   6   Incrementing variable HY2   by    0.010 BOH
 Task   7   Incrementing variable HY2   by   -0.010 BOH
 Task   8   Incrementing variable HZ2   by    0.010 BOH (Skipping negative increment due to symmetry).
 Task   9   Incrementing variable HX3   by    0.010 BOH
 Task  10   Incrementing variable HX3   by   -0.010 BOH
 Task  11   Incrementing variable HY3   by    0.010 BOH
 Task  12   Incrementing variable HY3   by   -0.010 BOH
 Task  13   Incrementing variable HZ3   by    0.010 BOH (Skipping negative increment due to symmetry).

 Switching to mppx mode, nproc=  8

 Starting task   1.  CPU=     0.00 sec, Elapsed=     0.01 sec
 Incrementing variable BX1              by  0.010000 BOH   to    0.010000 BOH


 Using spherical harmonics



 PROGRAM * SEWARD (Integral evaluation for generally contracted gaussian basis sets)     Author: Roland Lindh, 1990

 Geometry written to block  1 of record 702


 Point group  Cs  



 ATOMIC COORDINATES

 NR  ATOM    CHARGE       X              Y              Z

   1  B       5.00    0.010000000   -0.000020278    0.000000000
   2  H       1.00    0.000000000    2.248334884    0.000000000
   3  H       1.00    1.947079857   -1.124157303    0.000000000
   4  H       1.00   -1.947079857   -1.124157303    0.000000000

 Bond lengths in Bohr (Angstrom)

 1-2  2.248377401  1-3  2.239634439  1-4  2.256954943
     ( 1.189790082)     ( 1.185163506)     ( 1.194329122)

 Bond angles

  2-1-3  120.38252311   2-1-4  119.61801472   3-1-4  119.99946217

 NUCLEAR CHARGE:                    8
 NUMBER OF PRIMITIVE AOS:         266
 NUMBER OF SYMMETRY AOS:          237
 NUMBER OF CONTRACTIONS:           72   (   50A'  +   22A"  )
 NUMBER OF INNER CORE ORBITALS:     0   (    0A'  +    0A"  )
 NUMBER OF OUTER CORE ORBITALS:     1   (    1A'  +    0A"  )
 NUMBER OF VALENCE ORBITALS:        7   (    6A'  +    1A"  )

 SYMMETRY CHANGED: INITIALIZING OCCUPATION


 NUCLEAR REPULSION ENERGY    7.44208606

 Eigenvalues of metric

         1 0.535E-03 0.539E-03 0.546E-03 0.168E-01 0.255E-01 0.255E-01 0.340E-01 0.457E-01
         2 0.315E-01 0.362E-01 0.368E-01 0.339E+00 0.339E+00 0.459E+00 0.463E+00 0.528E+00


 Contracted 2-electron integrals neglected if value below      1.0D-18
 AO integral compression algorithm  1   Integral accuracy      1.0D-18

     17.564 MB (compressed) written to integral file (100.0%)


 NUMBER OF SORTED TWO-ELECTRON INTEGRALS:    1813306.     BUFFER LENGTH:  32768
 NUMBER OF SEGMENTS:   1  SEGMENT LENGTH:    1813306      RECORD LENGTH: 524288

 Memory used in sort:       2.37 MW

 SORT1 READ     2164277. AND WROTE     1743159. INTEGRALS IN      5 RECORDS. CPU TIME:     0.02 SEC, REAL TIME:     0.02 SEC
 SORT2 READ     1743159. AND WROTE     1813306. INTEGRALS IN     67 RECORDS. CPU TIME:     0.05 SEC, REAL TIME:     0.06 SEC

 FILE SIZES:   FILE 1:    48.2 MBYTE,  FILE 4:    21.0 MBYTE,   TOTAL:     69.2 MBYTE

 OPERATOR DM      FOR CENTER  0  COORDINATES:    0.000000    0.000000    0.000000

 Program * Restricted Hartree-Fock

 Molecular orbitals read from record     2100.2  Type=RHF/CANONICAL  

 Present basis size:       50   22
 Previous basis size:      30   20   14    8
 Previous occupation:       3    1    0    0
 Previous closed-shells:    3    1    0    0
 Previous core-orbitals:    1    0    0    0
 Present occupation:        4    0
 Present closed-shells:     4    0
 Present core-orbitals:     1    0
 Wavefunction symmetry:    1   Singlet 

 Orbital overlap <old|new>:  < 1.1| 1.1> = 0.999763   < 2.1| 2.1> = 0.999990   < 3.1| 3.1> = 1.000000   < 1.2| 4.1> = 1.000000


 NELEC=    8   SYM=1   MS2= 0   THRE=1.0D-12   THRD=1.0D-07   THRG=1.0D-07  HFMA2=F  DIIS_START=2   DIIS_MAX=10   DIIS_INCORE=F

 Level shifts:    0.00 (CLOSED)    0.00 (OPEN)    0.30 (GAP_MIN)

 ITER           ETOT              DE          GRAD        DDIFF     DIIS  NEXP   TIME(IT)  TIME(TOT)  DIAG
   1      -26.39638338     -26.39638338     0.00D+00     0.69D-01     0     0       0.00      0.01    start
   2      -26.40106266      -0.00467928     0.11D-01     0.83D-02     1     0       0.01      0.02    diag
   3      -26.40111178      -0.00004912     0.89D-03     0.35D-03     2     0       0.01      0.03    diag
   4      -26.40111297      -0.00000120     0.78D-04     0.26D-04     3     0       0.00      0.03    diag
   5      -26.40111303      -0.00000006     0.11D-04     0.73D-05     4     0       0.01      0.04    diag
   6      -26.40111303      -0.00000000     0.13D-05     0.12D-05     5     0       0.01      0.05    diag
   7      -26.40111303      -0.00000000     0.19D-06     0.19D-06     6     0       0.00      0.05    diag
   8      -26.40111303      -0.00000000     0.28D-07     0.22D-07     7     0       0.01      0.06    fixocc
   9      -26.40111303       0.00000000     0.56D-08     0.33D-08     0     0       0.00      0.06    diag

 Final occupancy:   4   0

 !RHF STATE 1.1 Energy                -26.401113029847
  RHF One-electron energy             -49.048831138963
  RHF Two-electron energy              15.205632050053
  RHF Kinetic energy                   26.390576499722
  RHF Nuclear energy                    7.442086059062
  RHF Virial quotient                  -1.000399253503

 !RHF STATE 1.1 Dipole moment           0.00606830    -0.00000243     0.00000000
 Dipole moment /Debye                   0.01542408    -0.00000618     0.00000000

 Orbital energies:

           1.1          2.1          3.1          4.1          5.1          6.1
     -7.614322    -0.705611    -0.500788    -0.498062     0.255048     0.256241

           1.2          2.2
      0.063115     0.414834


 HOMO      4.1    -0.498062 =     -13.5530eV
 LUMO      1.2     0.063115 =       1.7174eV
 LUMO-HOMO         0.561177 =      15.2704eV

 Orbitals saved in record  2101.1


 **********************************************************************************************************************************
 DATASETS  * FILE   NREC   LENGTH (MB)   RECORD NAMES
              1      21       43.11       500      610      700      702      900      950      970     1001      129      960   
                                          VAR    BASINP    GEOM     GEOM    SYMINP    ZMAT    AOBASIS   BASIS     P2S    ABASIS    
                                         1100     1400     1410     1200     1210     1080     1600     1650     1300     1700   
                                           S        T        V       H0       H01     AOSYM     SMH    MOLCAS    ERIS     OPER   
                                         2101   
                                          RHF  

              2       9        1.02       700     1000      520     2100     8500      701     5500      702     1001   
                                         GEOM     BASIS   MCVARS     RHF     CPHF     GEOM     HINFO    GEOM     BASIS   

 PROGRAMS   *        TOTAL    HF-SCF   CCSD(T)    HF-SCF       INT
 CPU TIMES  *         4.97      3.65      0.49      0.03      0.64
 REAL TIME  *         7.02 SEC
 DISK USED  *        67.09 MB
 SF USED    *        19.94 MB
 **********************************************************************************************************************************


 PROGRAM * CCSD (Closed-shell coupled cluster)     Authors: C. Hampel, H.-J. Werner, 1991, M. Deegan, P.J. Knowles, 1992


 Convergence thresholds:  THRVAR = 1.00D-16  THRDEN = 1.00D-12

 CCSD(T)     terms to be evaluated (factor= 1.000)


 Using ITF CCSD(T) gradient implementation

 Number of core orbitals:           1 (   1   0 )
 Number of closed-shell orbitals:   3 (   3   0 )
 Number of external orbitals:      68 (  46  22 )

 Molecular orbitals read from record     2101.1  Type=RHF/CANONICAL (state 1.1)

 Integral transformation finished. Total CPU:   0.01 sec, npass=  1  Memory used:   0.38 MW
 Time for re-packing tensors:             0.01 sec
  Reference energy                    -26.401113029847

  MP2 correlation energy               -0.114741504743
  MP2 total energy                    -26.515854534590

 ITER.      SQ.NORM     CORR.ENERGY   TOTAL ENERGY   ENERGY CHANGE        DEN1      VAR(S)    VAR(P)  DIIS     TIME
   1      1.05432915    -0.13504373   -26.53615676    -0.02030223    -0.01501523  1.84e-04  1.33e-03  1  1     0.02
   2      1.05984691    -0.13654737   -26.53766039    -0.00150364    -0.00456107  1.21e-05  1.91e-04  2  2     0.04
   3      1.06229113    -0.13672400   -26.53783703    -0.00017664    -0.00171759  2.02e-07  1.76e-05  3  3     0.06
   4      1.06298284    -0.13670001   -26.53781304     0.00002399    -0.00047155  2.67e-08  1.69e-06  4  4     0.07
   5      1.06320598    -0.13668959   -26.53780262     0.00001041    -0.00014009  7.75e-10  9.21e-08  5  5     0.09
   6      1.06325138    -0.13668596   -26.53779899     0.00000363    -0.00003090  3.68e-10  5.18e-09  6  0     0.10
   7      1.06325742    -0.13668494   -26.53779797     0.00000102    -0.00000557  1.07e-12  3.28e-10  6  1     0.12
   8      1.06325846    -0.13668478   -26.53779781     0.00000016    -0.00000099  2.36e-13  5.00e-11  6  2     0.14
   9      1.06325869    -0.13668475   -26.53779778     0.00000003    -0.00000021  1.75e-13  3.86e-12  6  3     0.16
  10      1.06325872    -0.13668474   -26.53779777     0.00000000    -0.00000003  1.92e-15  2.98e-13  6  4     0.18
  11      1.06325871    -0.13668474   -26.53779777     0.00000000    -0.00000000  5.46e-16  1.66e-14  6  5     0.20
  12      1.06325871    -0.13668474   -26.53779777     0.00000000    -0.00000000  3.70e-18  4.35e-16  6  0     0.22
  13      1.06325871    -0.13668474   -26.53779777     0.00000000    -0.00000000  1.31e-18  4.78e-17  6  1     0.24
  14      1.06325871    -0.13668474   -26.53779777     0.00000000    -0.00000000  2.26e-19  5.08e-18  6  2     0.25
  15      1.06325871    -0.13668474   -26.53779777    -0.00000000    -0.00000000  5.37e-21  2.38e-19  6  3     0.27
  16      1.06325871    -0.13668474   -26.53779777     0.00000000    -0.00000000  7.52e-22  1.39e-20           0.29

 Norm of t1 vector:      0.02251576     S-energy:     -0.00000000   T1 diagnostic:  0.00649974

 Time per iteration:                      0.02 sec

 RESULTS
 =======

  Reference energy                    -26.401113029847
  CCSD correlation energy              -0.136684743747
  CCSD total energy                   -26.537797773595

  Triples (T) contribution             -0.002593471417
  Total correlation energy             -0.139278215165
  CCSD[T] total energy                -26.540443008297
 !CCSD(T) total energy                -26.540391245012

 Starting CP-CCSD(T) iterations.   Author: W. Gyorffy (2015)

 ITER.      NRM1           NRM2      VAR(S)+VAR(P)   DIIS    TIME
   1     0.00029731     0.13853805     3.96e-04      1  1    0.02
   2     0.00029653     0.14036705     1.72e-05      2  2    0.04
   3     0.00029829     0.14097992     1.54e-06      3  3    0.06
   4     0.00030073     0.14120894     8.25e-08      4  4    0.07
   5     0.00030230     0.14125262     8.29e-09      5  5    0.09
   6     0.00030288     0.14125089     7.32e-10      6  0    0.11
   7     0.00030299     0.14124763     4.19e-11      6  1    0.13
   8     0.00030297     0.14124641     2.17e-12      6  2    0.15
   9     0.00030297     0.14124613     1.12e-13      6  3    0.17
  10     0.00030296     0.14124607     6.69e-15      6  4    0.19
  11     0.00030296     0.14124606     4.53e-16      6  5    0.21
  12     0.00030296     0.14124606     2.86e-17      6  0    0.23
  13     0.00030296     0.14124606     2.46e-18      6  1    0.25
  14     0.00030296     0.14124606     4.25e-19      6  2    0.27
  15     0.00030296     0.14124606     5.56e-20      6  3    0.29
  16     0.00030296     0.14124606     5.87e-21              0.31


 Time per iteration:                      0.02 sec


 CPHF trial vector read from record  8500.2

 Starting Coupled-perturbed Hartree-Fock, convergence threshold= 1.0D-06

 ITER   MIC  DIIS      VAR         VARC       CPU
   1     0     1    0.12D-03    0.31D-04     0.01
   2     2     2    0.21D-05    0.16D-05     0.02
   3     1     3    0.16D-06    0.55D-07     0.03

 CPHF convergence reached in  3 macroiterations and    3 microiterations.   Accuracy: 1.5887D-07

 Dipole moments (unrelaxed):            0.00516621    -0.00000294     0.00000000
 Orbital relaxation contribution:       0.00003366    -0.00000003    -0.00000000
 !CCSD(T) STATE 1.1 Dipole moment       0.00519988    -0.00000297     0.00000000
 Dipole moment /Debye                   0.01321677    -0.00000755     0.00000000

 CPU-time for coupled-perturbed hartree-fock:          0.03 sec

 Number of N-1 electron functions:               3
 Number of N-2 electron functions:               6
 Number of singly external CSFs:               138
 Number of doubly external CSFs:             11802
 Total number of CSFs:                       11941

 CCSD(T) gradient info saved on record        55555.1




 **********************************************************************************************************************************
 DATASETS  * FILE   NREC   LENGTH (MB)   RECORD NAMES
              1      24       48.64       500      610      700      702      900      950      970     1001      129      960   
                                          VAR    BASINP    GEOM     GEOM    SYMINP    ZMAT    AOBASIS   BASIS     P2S    ABASIS    
                                         1100     1400     1410     1200     1210     1080     1600     1650     1300     1700   
                                           S        T        V       H0       H01     AOSYM     SMH    MOLCAS    ERIS     OPER   
                                         2101     1380     3791    55555   
                                          RHF     JKOP             CCSD(T)    

              2       9        1.02       700     1000      520     2100     8500      701     5500      702     1001   
                                         GEOM     BASIS   MCVARS     RHF     CPHF     GEOM     HINFO    GEOM     BASIS   

 PROGRAMS   *        TOTAL   CCSD(T)   CCSD(T)    HF-SCF       INT
 CPU TIMES  *         6.67      1.69      0.49      0.03      0.64
 REAL TIME  *         8.94 SEC
 DISK USED  *        88.54 MB
 SF USED    *        19.94 MB
 **********************************************************************************************************************************

 PROGRAM * ALASKA (Gradient of the energy)     Author: R. Lindh


 CCSD(T) Gradient info restored from record   55555.1

 Number of core orbitals:           1 (   1   0 )
 Number of closed-shell orbitals:   3 (   3   0 )
 Number of external orbitals:      68 (  46  22 )

 Integral thresholds in T2TRAN:            1.0D-10 (PROD)

 4-index transformation of triples contribution
    CPU used (ia|bd)=>(ia|AB):     0.01 secs
    algorithm:                     fully in-core
        memory used:              13.74 MW
    CPU used (ia|AB)=>(AB|ia):     0.01 secs
    CPU used (AB|ia)=>(AB|CD):     0.10 secs

 Available memory for Transformation:1497481909 words
 Memory needed for incore algorithm:     211358 words
 Minimum memory needed:                  103502 words

 Memory used for transformation:           0.32 MW
 Available memory for gradients:        1499.17 MW

 CPU for transformation:                   0.09 sec
 CPU for integrals and gradient:          16.94 sec
 Total CPU:                               17.03 sec

 Prescreening statistics:
 ========================

 Total number of shell quadruplets:        4.19D+03
 Number of shell quadruplets processed:    4.19D+03 (100.00%)

 CCSD(T) GRADIENT FOR STATE 1.1

 Atom          dE/dx               dE/dy               dE/dz

   1         0.004204797        -0.000052235         0.000000000
   2        -0.000408800        -0.001231555         0.000000000
   3        -0.003002288         0.001501802         0.000000000
   4        -0.000793708        -0.000218012         0.000000000

 Nuclear force contribution to virial =        -0.008470364
 Starting task   9.  CPU=    40.03 sec, Elapsed=    40.13 sec
 Incrementing variable HX3              by  0.010000 BOH   to    1.957080 BOH


 Recomputing integrals since geometry changed


 PROGRAM * SEWARD (Integral evaluation for generally contracted gaussian basis sets)     Author: Roland Lindh, 1990

 Geometry written to block  1 of record 702


 Point group  Cs  



 ATOMIC COORDINATES

 NR  ATOM    CHARGE       X              Y              Z

   1  B       5.00    0.000000000   -0.000020278    0.000000000
   2  H       1.00    0.000000000    2.248334884    0.000000000
   3  H       1.00    1.957079857   -1.124157303    0.000000000
   4  H       1.00   -1.947079857   -1.124157303    0.000000000

 Bond lengths in Bohr (Angstrom)

 1-2  2.248355162  1-3  2.256954943  1-4  2.248289131
     ( 1.189778314)     ( 1.194329122)     ( 1.189743372)

 Bond angles

  2-1-3  119.87284724   2-1-4  119.99977810   3-1-4  120.12737466

 NUCLEAR CHARGE:                    8
 NUMBER OF PRIMITIVE AOS:         266
 NUMBER OF SYMMETRY AOS:          237
 NUMBER OF CONTRACTIONS:           72   (   50A'  +   22A"  )
 NUMBER OF INNER CORE ORBITALS:     0   (    0A'  +    0A"  )
 NUMBER OF OUTER CORE ORBITALS:     1   (    1A'  +    0A"  )
 NUMBER OF VALENCE ORBITALS:        7   (    6A'  +    1A"  )


 NUCLEAR REPULSION ENERGY    7.43252645

 Eigenvalues of metric

         1 0.539E-03 0.541E-03 0.545E-03 0.170E-01 0.255E-01 0.257E-01 0.342E-01 0.461E-01
         2 0.318E-01 0.365E-01 0.369E-01 0.339E+00 0.340E+00 0.461E+00 0.463E+00 0.528E+00


 Contracted 2-electron integrals neglected if value below      1.0D-18
 AO integral compression algorithm  1   Integral accuracy      1.0D-18

     16.515 MB (compressed) written to integral file ( 95.7%)


 NUMBER OF SORTED TWO-ELECTRON INTEGRALS:    1813306.     BUFFER LENGTH:  32768
 NUMBER OF SEGMENTS:   1  SEGMENT LENGTH:    1813306      RECORD LENGTH: 524288

 Memory used in sort:       2.37 MW

 SORT1 READ     2164277. AND WROTE     1646929. INTEGRALS IN      5 RECORDS. CPU TIME:     0.02 SEC, REAL TIME:     0.03 SEC
 SORT2 READ     1646929. AND WROTE     1813306. INTEGRALS IN     63 RECORDS. CPU TIME:     0.05 SEC, REAL TIME:     0.05 SEC

 FILE SIZES:   FILE 1:    47.2 MBYTE,  FILE 4:    21.0 MBYTE,   TOTAL:     68.2 MBYTE

 OPERATOR DM      FOR CENTER  0  COORDINATES:    0.000000    0.000000    0.000000

 Program * Restricted Hartree-Fock

 Molecular orbitals read from record     2100.2  Type=RHF/CANONICAL  

 Present basis size:       50   22
 Previous basis size:      30   20   14    8
 Previous occupation:       3    1    0    0
 Previous closed-shells:    3    1    0    0
 Previous core-orbitals:    1    0    0    0
 Present occupation:        4    0
 Present closed-shells:     4    0
 Present core-orbitals:     1    0
 Wavefunction symmetry:    1   Singlet 

 Orbital overlap <old|new>:  < 1.1| 1.1> = 1.000000   < 2.1| 2.1> = 1.000000   < 3.1| 3.1> = 1.000000   < 1.2| 4.1> = 1.000000


 NELEC=    8   SYM=1   MS2= 0   THRE=1.0D-12   THRD=1.0D-07   THRG=1.0D-07  HFMA2=F  DIIS_START=2   DIIS_MAX=10   DIIS_INCORE=F

 Level shifts:    0.00 (CLOSED)    0.00 (OPEN)    0.30 (GAP_MIN)

 ITER           ETOT              DE          GRAD        DDIFF     DIIS  NEXP   TIME(IT)  TIME(TOT)  DIAG
   1      -26.40106809     -26.40106809     0.00D+00     0.69D-01     0     0       0.01      0.02    start
   2      -26.40111704      -0.00004896     0.61D-03     0.24D-03     1     0       0.01      0.03    diag
   3      -26.40111856      -0.00000151     0.79D-04     0.30D-04     2     0       0.00      0.03    diag
   4      -26.40111865      -0.00000009     0.14D-04     0.76D-05     3     0       0.01      0.04    diag
   5      -26.40111866      -0.00000001     0.43D-05     0.33D-05     4     0       0.00      0.04    diag
   6      -26.40111866      -0.00000000     0.52D-06     0.56D-06     5     0       0.01      0.05    diag
   7      -26.40111866      -0.00000000     0.69D-07     0.72D-07     6     0       0.01      0.06    diag
   8      -26.40111866      -0.00000000     0.14D-07     0.13D-07     7     0       0.00      0.06    fixocc
   9      -26.40111866      -0.00000000     0.16D-08     0.15D-08     0     0       0.01      0.07    diag

 Final occupancy:   4   0

 !RHF STATE 1.1 Energy                -26.401118662227
  RHF One-electron energy             -49.030369834779
  RHF Two-electron energy              15.196724721181
  RHF Kinetic energy                   26.385422236871
  RHF Nuclear energy                    7.432526451370
  RHF Virial quotient                  -1.000594890058

 !RHF STATE 1.1 Dipole moment          -0.00249694     0.00079246     0.00000000
 Dipole moment /Debye                  -0.00634659     0.00201423     0.00000000

 Orbital energies:

           1.1          2.1          3.1          4.1          5.1          6.1
     -7.614887    -0.705256    -0.499629    -0.498689     0.255742     0.256483

           1.2          2.2
      0.063049     0.414794


 HOMO      4.1    -0.498689 =     -13.5700eV
 LUMO      1.2     0.063049 =       1.7156eV
 LUMO-HOMO         0.561737 =      15.2857eV

 Orbitals saved in record  2101.1


 **********************************************************************************************************************************
 DATASETS  * FILE   NREC   LENGTH (MB)   RECORD NAMES
              1      21       42.37       500      610      700      702      900      950      970     1001      129      960   
                                          VAR    BASINP    GEOM     GEOM    SYMINP    ZMAT    AOBASIS   BASIS     P2S    ABASIS    
                                         1100     1400     1410     1200     1210     1080     1600     1650     1300     1700   
                                           S        T        V       H0       H01     AOSYM     SMH    MOLCAS    ERIS     OPER   
                                         2101   
                                          RHF  

              2      10        1.03       700     1000      520     2100     8500      701     5500      702     1001     9001   
                                         GEOM     BASIS   MCVARS     RHF     CPHF     GEOM     HINFO    GEOM     BASIS   DEN_MP2    

              5       1      104.89      3791   
                                         TGRAD   

 PROGRAMS   *        TOTAL    HF-SCF   CCSD(T)    HF-SCF       INT
 CPU TIMES  *        27.66      3.59      0.49      0.03      0.64
 REAL TIME  *        47.90 SEC
 DISK USED  *       170.99 MB
 SF USED    *        19.94 MB
 **********************************************************************************************************************************


 PROGRAM * CCSD (Closed-shell coupled cluster)     Authors: C. Hampel, H.-J. Werner, 1991, M. Deegan, P.J. Knowles, 1992


 Convergence thresholds:  THRVAR = 1.00D-16  THRDEN = 1.00D-12

 CCSD(T)     terms to be evaluated (factor= 1.000)


 Using ITF CCSD(T) gradient implementation

 Number of core orbitals:           1 (   1   0 )
 Number of closed-shell orbitals:   3 (   3   0 )
 Number of external orbitals:      68 (  46  22 )

 Molecular orbitals read from record     2101.1  Type=RHF/CANONICAL (state 1.1)

 Integral transformation finished. Total CPU:   0.01 sec, npass=  1  Memory used:   0.38 MW
 Time for re-packing tensors:             0.01 sec
  Reference energy                    -26.401118662227

  MP2 correlation energy               -0.114741125774
  MP2 total energy                    -26.515859788002

 ITER.      SQ.NORM     CORR.ENERGY   TOTAL ENERGY   ENERGY CHANGE        DEN1      VAR(S)    VAR(P)  DIIS     TIME
   1      1.05439462    -0.13505289   -26.53617155    -0.02031176    -0.01501784  1.85e-04  1.33e-03  1  1     0.02
   2      1.05992580    -0.13655991   -26.53767857    -0.00150702    -0.00456659  1.21e-05  1.92e-04  2  2     0.04
   3      1.06237819    -0.13673731   -26.53785597    -0.00017740    -0.00172104  2.03e-07  1.77e-05  3  3     0.06
   4      1.06307278    -0.13671327   -26.53783194     0.00002403    -0.00047288  2.70e-08  1.70e-06  4  4     0.08
   5      1.06329701    -0.13670282   -26.53782149     0.00001045    -0.00014061  7.79e-10  9.28e-08  5  5     0.10
   6      1.06334263    -0.13669917   -26.53781783     0.00000365    -0.00003102  3.72e-10  5.24e-09  6  0     0.12
   7      1.06334870    -0.13669815   -26.53781681     0.00000103    -0.00000560  1.08e-12  3.32e-10  6  1     0.14
   8      1.06334975    -0.13669799   -26.53781665     0.00000016    -0.00000100  2.39e-13  5.08e-11  6  2     0.16
   9      1.06334998    -0.13669795   -26.53781661     0.00000004    -0.00000021  1.79e-13  3.90e-12  6  3     0.17
  10      1.06335001    -0.13669795   -26.53781661     0.00000000    -0.00000003  1.94e-15  3.01e-13  6  4     0.19
  11      1.06335001    -0.13669795   -26.53781661     0.00000000    -0.00000000  5.53e-16  1.68e-14  6  5     0.21
  12      1.06335000    -0.13669795   -26.53781661     0.00000000    -0.00000000  3.77e-18  4.44e-16  6  0     0.23
  13      1.06335000    -0.13669795   -26.53781661     0.00000000    -0.00000000  1.34e-18  4.89e-17  6  1     0.25
  14      1.06335000    -0.13669795   -26.53781661     0.00000000    -0.00000000  2.32e-19  5.19e-18  6  2     0.27
  15      1.06335000    -0.13669795   -26.53781661    -0.00000000    -0.00000000  5.52e-21  2.41e-19  6  3     0.29
  16      1.06335000    -0.13669795   -26.53781661     0.00000000    -0.00000000  7.76e-22  1.37e-20           0.31

 Norm of t1 vector:      0.02255912     S-energy:     -0.00000000   T1 diagnostic:  0.00651226

 Time per iteration:                      0.02 sec

 RESULTS
 =======

  Reference energy                    -26.401118662227
  CCSD correlation energy              -0.136697947432
  CCSD total energy                   -26.537816609660

  Triples (T) contribution             -0.002596744971
  Total correlation energy             -0.139294692403
  CCSD[T] total energy                -26.540465356341
 !CCSD(T) total energy                -26.540413354630

 Starting CP-CCSD(T) iterations.   Author: W. Gyorffy (2015)

 ITER.      NRM1           NRM2      VAR(S)+VAR(P)   DIIS    TIME
   1     0.00029806     0.13866176     3.97e-04      1  1    0.02
   2     0.00029721     0.14049161     1.72e-05      2  2    0.04
   3     0.00029894     0.14110476     1.55e-06      3  3    0.06
   4     0.00030136     0.14133424     8.29e-08      4  4    0.08
   5     0.00030292     0.14137799     8.34e-09      5  5    0.10
   6     0.00030350     0.14137626     7.37e-10      6  0    0.12
   7     0.00030361     0.14137299     4.22e-11      6  1    0.13
   8     0.00030360     0.14137177     2.18e-12      6  2    0.15
   9     0.00030359     0.14137148     1.12e-13      6  3    0.17
  10     0.00030359     0.14137143     6.68e-15      6  4    0.19
  11     0.00030359     0.14137142     4.52e-16      6  5    0.21
  12     0.00030359     0.14137141     2.85e-17      6  0    0.22
  13     0.00030359     0.14137141     2.42e-18      6  1    0.25
  14     0.00030359     0.14137141     4.18e-19      6  2    0.27
  15     0.00030359     0.14137141     5.53e-20      6  3    0.28
  16     0.00030359     0.14137141     5.94e-21              0.30


 Time per iteration:                      0.02 sec


 CPHF trial vector read from record  8500.2

 Starting Coupled-perturbed Hartree-Fock, convergence threshold= 1.0D-06

 ITER   MIC  DIIS      VAR         VARC       CPU
   1     0     1    0.76D-04    0.25D-04     0.01
   2     2     2    0.13D-05    0.10D-05     0.01
   3     1     3    0.88D-07    0.31D-07     0.02

 CPHF convergence reached in  3 macroiterations and    3 microiterations.   Accuracy: 8.7613D-08

 Dipole moments (unrelaxed):           -0.00212352     0.00067192     0.00000000
 Orbital relaxation contribution:      -0.00001134     0.00000003    -0.00000000
 !CCSD(T) STATE 1.1 Dipole moment      -0.00213485     0.00067194     0.00000000
 Dipole moment /Debye                  -0.00542626     0.00170791     0.00000000

 CPU-time for coupled-perturbed hartree-fock:          0.02 sec

 Number of N-1 electron functions:               3
 Number of N-2 electron functions:               6
 Number of singly external CSFs:               138
 Number of doubly external CSFs:             11802
 Total number of CSFs:                       11941

 CCSD(T) gradient info saved on record        55555.1




 **********************************************************************************************************************************
 DATASETS  * FILE   NREC   LENGTH (MB)   RECORD NAMES
              1      24       47.91       500      610      700      702      900      950      970     1001      129      960   
                                          VAR    BASINP    GEOM     GEOM    SYMINP    ZMAT    AOBASIS   BASIS     P2S    ABASIS    
                                         1100     1400     1410     1200     1210     1080     1600     1650     1300     1700   
                                           S        T        V       H0       H01     AOSYM     SMH    MOLCAS    ERIS     OPER   
                                         2101     1380     3791    55555   
                                          RHF     JKOP             CCSD(T)    

              2      10        1.03       700     1000      520     2100     8500      701     5500      702     1001     9001   
                                         GEOM     BASIS   MCVARS     RHF     CPHF     GEOM     HINFO    GEOM     BASIS   DEN_MP2    

 PROGRAMS   *        TOTAL   CCSD(T)   CCSD(T)    HF-SCF       INT
 CPU TIMES  *        29.35      1.69      0.49      0.03      0.64
 REAL TIME  *        49.79 SEC
 DISK USED  *       170.99 MB
 SF USED    *        19.94 MB
 **********************************************************************************************************************************

 PROGRAM * ALASKA (Gradient of the energy)     Author: R. Lindh


 CCSD(T) Gradient info restored from record   55555.1

 Number of core orbitals:           1 (   1   0 )
 Number of closed-shell orbitals:   3 (   3   0 )
 Number of external orbitals:      68 (  46  22 )

 Integral thresholds in T2TRAN:            1.0D-10 (PROD)

 4-index transformation of triples contribution
    CPU used (ia|bd)=>(ia|AB):     0.00 secs
    algorithm:                     fully in-core
        memory used:              13.74 MW
    CPU used (ia|AB)=>(AB|ia):     0.02 secs
    CPU used (AB|ia)=>(AB|CD):     0.08 secs

 Available memory for Transformation:1497481909 words
 Memory needed for incore algorithm:     211358 words
 Minimum memory needed:                  103502 words

 Memory used for transformation:           0.32 MW
 Available memory for gradients:        1499.17 MW

 CPU for transformation:                   0.18 sec
 CPU for integrals and gradient:          16.60 sec
 Total CPU:                               16.78 sec

 Prescreening statistics:
 ========================

 Total number of shell quadruplets:        4.19D+03
 Number of shell quadruplets processed:    4.19D+03 (100.00%)

 CCSD(T) GRADIENT FOR STATE 1.1

 Atom          dE/dx               dE/dy               dE/dz

   1        -0.001878851         0.000828563         0.000000000
   2         0.000036289        -0.001249193         0.000000000
   3         0.000861130        -0.000299858         0.000000000
   4         0.000981432         0.000720488         0.000000000

 Nuclear force contribution to virial =        -0.003507102

 Tasks on processor    0 finished.  CPU=     80.44 sec, Elapsed=     80.65 sec. Waiting for other processors...

 Switching back to mpp mode, nproc=  8


 Recomputing wavefunction at initial geometry


 Using spherical harmonics



 PROGRAM * SEWARD (Integral evaluation for generally contracted gaussian basis sets)     Author: Roland Lindh, 1990

 Geometry written to block  1 of record 700


 Point group  C2v 



 ATOMIC COORDINATES

 NR  ATOM    CHARGE       X              Y              Z

   1  B       5.00    0.000000000   -0.000020278    0.000000000
   2  H       1.00    0.000000000    2.248334884    0.000000000
   3  H       1.00    1.947079857   -1.124157303    0.000000000
   4  H       1.00   -1.947079857   -1.124157303    0.000000000

 Bond lengths in Bohr (Angstrom)

 1-2  2.248355162  1-3  2.248289131  1-4  2.248289131
     ( 1.189778314)     ( 1.189743372)     ( 1.189743372)

 Bond angles

  2-1-3  119.99977810   2-1-4  119.99977810   3-1-4  120.00044381

 NUCLEAR CHARGE:                    8
 NUMBER OF PRIMITIVE AOS:         266
 NUMBER OF SYMMETRY AOS:          237
 NUMBER OF CONTRACTIONS:           72   (   30A1  +   20B1  +   14B2  +    8A2  )
 NUMBER OF INNER CORE ORBITALS:     0   (    0A1  +    0B1  +    0B2  +    0A2  )
 NUMBER OF OUTER CORE ORBITALS:     1   (    1A1  +    0B1  +    0B2  +    0A2  )
 NUMBER OF VALENCE ORBITALS:        7   (    4A1  +    2B1  +    1B2  +    0A2  )


 NUCLEAR REPULSION ENERGY    7.44205306

 Eigenvalues of metric

         1 0.538E-03 0.541E-03 0.255E-01 0.340E-01 0.458E-01 0.479E-01 0.963E-01 0.344E+00
         2 0.541E-03 0.168E-01 0.255E-01 0.479E-01 0.963E-01 0.344E+00 0.488E+00 0.554E+00
         3 0.315E-01 0.365E-01 0.339E+00 0.461E+00 0.528E+00 0.673E+00 0.956E+00 0.100E+01
         4 0.365E-01 0.339E+00 0.461E+00 0.923E+00 0.956E+00 0.150E+01 0.173E+01 0.181E+01


 Contracted 2-electron integrals neglected if value below      1.0D-18
 AO integral compression algorithm  1   Integral accuracy      1.0D-18

     10.486 MB (compressed) written to integral file (100.0%)

     Node minimum: 1.049 MB, node maximum: 1.573 MB


 NUMBER OF SORTED TWO-ELECTRON INTEGRALS:     114459.     BUFFER LENGTH:  32768
 NUMBER OF SEGMENTS:   1  SEGMENT LENGTH:     114459      RECORD LENGTH: 524288

 Memory used in sort:       0.67 MW

 SORT1 READ     1221234. AND WROTE      111436. INTEGRALS IN      1 RECORDS. CPU TIME:     0.06 SEC, REAL TIME:     0.06 SEC
 SORT2 READ      899822. AND WROTE      928146. INTEGRALS IN     32 RECORDS. CPU TIME:     0.01 SEC, REAL TIME:     0.01 SEC

 Node minimum:      114156.  Node maximum:      120324. integrals

 OPERATOR DM      FOR CENTER  0  COORDINATES:    0.000000    0.000000    0.000000

 Program * Restricted Hartree-Fock

 Molecular orbitals read from record     2100.2  Type=RHF/CANONICAL  

 NELEC=    8   SYM=1   MS2= 0   THRE=1.0D-12   THRD=1.0D-06   THRG=1.0D-06  HFMA2=F  DIIS_START=2   DIIS_MAX=10   DIIS_INCORE=F

 Level shifts:    0.00 (CLOSED)    0.00 (OPEN)    0.30 (GAP_MIN)

 ITER           ETOT              DE          GRAD        DDIFF     DIIS  NEXP   TIME(IT)  TIME(TOT)  DIAG
   1      -26.40113479     -26.40113479     0.00D+00     0.94D-01     0     0       0.00      0.00    start
   2      -26.40113479      -0.00000000     0.82D-09     0.57D-09     1     0       0.01      0.01    diag

 Final occupancy:   3   1   0   0

 !RHF STATE 1.1 Energy                -26.401134785834
  RHF One-electron energy             -49.048823065211
  RHF Two-electron energy              15.205635220088
  RHF Kinetic energy                   26.390538788574
  RHF Nuclear energy                    7.442053059289
  RHF Virial quotient                  -1.000401507424

 !RHF STATE 1.1 Dipole moment           0.00000000    -0.00002117     0.00000000
 Dipole moment /Debye                   0.00000000    -0.00005381     0.00000000

 Orbital energies:

           1.1          2.1          3.1          4.1          5.1
     -7.614319    -0.705604    -0.499423     0.255787     0.258440

           1.2          2.2          3.2
     -0.499431     0.255780     0.346312

           1.3          2.3
      0.063116     0.414837

           1.4          2.4
      0.446707     1.090914


 HOMO      3.1    -0.499423 =     -13.5900eV
 LUMO      1.3     0.063116 =       1.7175eV
 LUMO-HOMO         0.562539 =      15.3075eV

 Orbitals saved in record  2100.2


 **********************************************************************************************************************************
 DATASETS  * FILE   NREC   LENGTH (MB)   RECORD NAMES
              1      18       28.93       500      610      700      900      950      970     1000      129      960     1100   
                                          VAR    BASINP    GEOM    SYMINP    ZMAT    AOBASIS   BASIS     P2S    ABASIS      S 
                                         1400     1410     1200     1210     1080     1600     1650     1700   
                                           T        V       H0       H01     AOSYM     SMH    MOLCAS    OPER   

              2       8        0.54       700     1000      520     2100     8500     5300     5450     5400   
                                         GEOM     BASIS   MCVARS     RHF     CPHF     HESS     NMOD     FREQ   

 PROGRAMS   *        TOTAL    HF-SCF   CCSD(T)    HF-SCF       INT
 CPU TIMES  *        55.53      2.12      0.49      0.03      0.64
 REAL TIME  *        93.20 SEC
 DISK USED  *       170.99 MB (local),        1.25 GB (total)
 SF USED    *        19.95 MB
 GA USED    *         0.00 MB       (max)       0.00 MB       (current)
 **********************************************************************************************************************************


 PROGRAM * CCSD (Closed-shell coupled cluster)     Authors: C. Hampel, H.-J. Werner, 1991, M. Deegan, P.J. Knowles, 1992


 Convergence thresholds:  THRVAR = 1.00D-16  THRDEN = 1.00D-12

 CCSD(T)     terms to be evaluated (factor= 1.000)


 Using ITF CCSD(T) gradient implementation

 Number of core orbitals:           1 (   1   0   0   0 )
 Number of closed-shell orbitals:   3 (   2   1   0   0 )
 Number of external orbitals:      68 (  27  19  14   8 )

 Molecular orbitals read from record     2100.2  Type=RHF/CANONICAL (state 1.1)

 Integral transformation finished. Total CPU:   0.01 sec, npass=  1  Memory used:   0.17 MW
 Time for re-packing tensors:             0.00 sec
  Reference energy                    -26.401134785834

  MP2 correlation energy               -0.114741185152
  MP2 total energy                    -26.515875970986

 ITER.      SQ.NORM     CORR.ENERGY   TOTAL ENERGY   ENERGY CHANGE        DEN1      VAR(S)    VAR(P)  DIIS     TIME
   1      1.05432823    -0.13504317   -26.53617796    -0.02030199    -0.01501513  1.84e-04  1.33e-03  1  1     0.00
   2      1.05984564    -0.13654672   -26.53768150    -0.00150354    -0.00456095  1.21e-05  1.91e-04  2  2     0.01
   3      1.06228963    -0.13672333   -26.53785811    -0.00017661    -0.00171752  2.02e-07  1.76e-05  3  3     0.02
   4      1.06298124    -0.13669933   -26.53783412     0.00002399    -0.00047151  2.67e-08  1.69e-06  4  4     0.02
   5      1.06320433    -0.13668892   -26.53782371     0.00001041    -0.00014008  7.75e-10  9.21e-08  5  5     0.03
   6      1.06324972    -0.13668529   -26.53782007     0.00000363    -0.00003089  3.68e-10  5.18e-09  6  0     0.04
   7      1.06325576    -0.13668427   -26.53781906     0.00000102    -0.00000557  1.07e-12  3.28e-10  6  1     0.05
   8      1.06325680    -0.13668411   -26.53781890     0.00000016    -0.00000099  2.36e-13  5.00e-11  6  2     0.05
   9      1.06325703    -0.13668408   -26.53781886     0.00000003    -0.00000021  1.75e-13  3.86e-12  6  3     0.06
  10      1.06325706    -0.13668407   -26.53781886     0.00000000    -0.00000003  1.92e-15  2.98e-13  6  4     0.07
  11      1.06325706    -0.13668407   -26.53781886     0.00000000    -0.00000000  5.45e-16  1.66e-14  6  5     0.08
  12      1.06325705    -0.13668407   -26.53781886     0.00000000    -0.00000000  3.69e-18  4.34e-16  6  0     0.09
  13      1.06325705    -0.13668407   -26.53781886     0.00000000    -0.00000000  1.31e-18  4.76e-17  6  1     0.09
  14      1.06325705    -0.13668407   -26.53781886     0.00000000    -0.00000000  2.26e-19  5.04e-18  6  2     0.10
  15      1.06325705    -0.13668407   -26.53781886    -0.00000000    -0.00000000  5.37e-21  2.33e-19  6  3     0.11
  16      1.06325705    -0.13668407   -26.53781886     0.00000000    -0.00000000  7.50e-22  1.29e-20           0.12

 Norm of t1 vector:      0.02251246     S-energy:      0.00000000   T1 diagnostic:  0.00649879

 Time per iteration:                      0.01 sec

 RESULTS
 =======

  Reference energy                    -26.401134785834
  CCSD correlation energy              -0.136684071766
  CCSD total energy                   -26.537818857600

  Triples (T) contribution             -0.002593410921
  Total correlation energy             -0.139277482687
  CCSD[T] total energy                -26.540464024807
 !CCSD(T) total energy                -26.540412268521

 Starting CP-CCSD(T) iterations.   Author: W. Gyorffy (2015)

 ITER.      NRM1           NRM2      VAR(S)+VAR(P)   DIIS    TIME
   1     0.00029720     0.13853605     3.96e-04      1  1    0.00
   2     0.00029642     0.14036510     1.72e-05      2  2    0.01
   3     0.00029819     0.14097798     1.54e-06      3  3    0.02
   4     0.00030062     0.14120700     8.25e-08      4  4    0.03
   5     0.00030219     0.14125068     8.28e-09      5  5    0.03
   6     0.00030277     0.14124895     7.32e-10      6  0    0.04
   7     0.00030288     0.14124569     4.19e-11      6  1    0.05
   8     0.00030287     0.14124447     2.16e-12      6  2    0.06
   9     0.00030286     0.14124419     1.12e-13      6  3    0.06
  10     0.00030286     0.14124413     6.67e-15      6  4    0.07
  11     0.00030286     0.14124412     4.49e-16      6  5    0.08
  12     0.00030286     0.14124412     2.82e-17      6  0    0.09
  13     0.00030286     0.14124412     2.39e-18      6  1    0.09
  14     0.00030286     0.14124412     4.11e-19      6  2    0.10
  15     0.00030286     0.14124412     5.44e-20      6  3    0.11
  16     0.00030286     0.14124412     5.82e-21              0.12


 Time per iteration:                      0.01 sec


 CPHF trial vector read from record  8500.2

 Starting Coupled-perturbed Hartree-Fock, convergence threshold= 1.0D-06

 ITER   MIC  DIIS      VAR         VARC       CPU
   1     0     1    0.27D-07    0.76D-09     0.00

 CPHF convergence reached in  1 macroiterations and    0 microiterations.   Accuracy: 2.7102D-08

 CPHF solution written to record  8500.2

 Dipole moments (unrelaxed):            0.00000000    -0.00001801     0.00000000
 Orbital relaxation contribution:      -0.00000000    -0.00000009    -0.00000000
 !CCSD(T) STATE 1.1 Dipole moment       0.00000000    -0.00001810     0.00000000
 Dipole moment /Debye                   0.00000000    -0.00004602     0.00000000

 CPU-time for coupled-perturbed hartree-fock:          0.00 sec

 Number of N-1 electron functions:               3
 Number of N-2 electron functions:               6
 Number of singly external CSFs:                73
 Number of doubly external CSFs:              5977
 Total number of CSFs:                        6051

 CCSD(T) gradient info saved on record        55555.1




 **********************************************************************************************************************************
 DATASETS  * FILE   NREC   LENGTH (MB)   RECORD NAMES
              1      21       31.70       500      610      700      900      950      970     1000      129      960     1100   
                                          VAR    BASINP    GEOM    SYMINP    ZMAT    AOBASIS   BASIS     P2S    ABASIS      S 
                                         1400     1410     1200     1210     1080     1600     1650     1700     1380     3791   
                                           T        V       H0       H01     AOSYM     SMH    MOLCAS    OPER     JKOP   
                                        55555   
                                        CCSD(T)    

              2       8        0.54       700     1000      520     2100     8500     5300     5450     5400   
                                         GEOM     BASIS   MCVARS     RHF     CPHF     HESS     NMOD     FREQ   

 PROGRAMS   *        TOTAL   CCSD(T)   CCSD(T)    HF-SCF       INT
 CPU TIMES  *        56.01      0.47      0.49      0.03      0.64
 REAL TIME  *        93.76 SEC
 DISK USED  *       170.99 MB (local),        1.25 GB (total)
 SF USED    *        19.95 MB
 GA USED    *         0.00 MB       (max)       0.00 MB       (current)
 **********************************************************************************************************************************
