 Cartesian Coordinates are in [bohr]
 Creating new Variables:
 HX1               0.00000000
 HY1               0.00000000
 HZ1               3.14958393
 CX2               0.00000000
 CY2               0.00000000
 CZ2               1.14052662
 CX3               0.00000000
 CY3               0.00000000
 CZ3              -1.14052662
 HX4               0.00000000
 HY4               0.00000000
 HZ4              -3.14958393
 Task   1   Incrementing variable HX1   by    0.010 BOH (Skipping negative increment due to symmetry).
 Task   2   Incrementing variable HY1   by    0.010 BOH (Skipping negative increment due to symmetry).
 Task   3   Incrementing variable HZ1   by    0.010 BOH
 Task   4   Incrementing variable HZ1   by   -0.010 BOH
 Task   5   Incrementing variable CX2   by    0.010 BOH (Skipping negative increment due to symmetry).
 Task   6   Incrementing variable CY2   by    0.010 BOH (Skipping negative increment due to symmetry).
 Task   7   Incrementing variable CZ2   by    0.010 BOH
 Task   8   Incrementing variable CZ2   by   -0.010 BOH

 Switching to mppx mode, nproc=  8

 Starting task   5.  CPU=     0.01 sec, Elapsed=     0.01 sec
 Incrementing variable CX2              by  0.010000 BOH   to    0.010000 BOH


 Using spherical harmonics



 PROGRAM * SEWARD (Integral evaluation for generally contracted gaussian basis sets)     Author: Roland Lindh, 1990

 Geometry written to block  1 of record 702


 Point group  Cs  



 ATOMIC COORDINATES

 NR  ATOM    CHARGE       X              Y              Z

   1  H       1.00    0.000000000    0.000000000    3.149583933
   2  C       6.00    0.010000000    0.000000000    1.140526624
   3  C       6.00    0.000000000    0.000000000   -1.140526624
   4  H       1.00    0.000000000    0.000000000   -3.149583933

 Bond lengths in Bohr (Angstrom)

 1-2  2.009082196  2-3  2.281075168  3-4  2.009057308
     ( 1.063160513)     ( 1.207092995)     ( 1.063147343)

 Bond angles

  1-2-3  179.46363534   2-3-4  179.74882036

 NUCLEAR CHARGE:                   14
 NUMBER OF PRIMITIVE AOS:         482
 NUMBER OF SYMMETRY AOS:          386
 NUMBER OF CONTRACTIONS:          170   (  110A'  +   60A"  )
 NUMBER OF INNER CORE ORBITALS:     0   (    0A'  +    0A"  )
 NUMBER OF OUTER CORE ORBITALS:     2   (    2A'  +    0A"  )
 NUMBER OF VALENCE ORBITALS:       10   (    8A'  +    2A"  )

 SYMMETRY CHANGED: INITIALIZING OCCUPATION


 NUCLEAR REPULSION ENERGY   24.71082305


 Eigenvalues of metric

         1 0.324E-04 0.146E-03 0.180E-03 0.340E-03 0.588E-03 0.803E-03 0.110E-02 0.120E-02
         2 0.340E-03 0.803E-03 0.110E-02 0.131E-01 0.202E-01 0.442E-01 0.524E-01 0.621E-01


 Contracted 2-electron integrals neglected if value below      1.0D-18
 AO integral compression algorithm  1   Integral accuracy      1.0D-18

     441.975 MB (compressed) written to integral file ( 87.5%)


 NUMBER OF SORTED TWO-ELECTRON INTEGRALS:   53830380.     BUFFER LENGTH:  32768
 NUMBER OF SEGMENTS:   4  SEGMENT LENGTH:   15997996      RECORD LENGTH: 524288

 Memory used in sort:      16.56 MW

 SORT1 READ    63121451. AND WROTE    46671892. INTEGRALS IN    135 RECORDS. CPU TIME:     0.56 SEC, REAL TIME:     1.76 SEC
 SORT2 READ    46671892. AND WROTE    53830380. INTEGRALS IN   1686 RECORDS. CPU TIME:     0.70 SEC, REAL TIME:     4.39 SEC

 FILE SIZES:   FILE 1:   473.4 MBYTE,  FILE 4:   566.3 MBYTE,   TOTAL:   1039.6 MBYTE

 OPERATOR DM      FOR CENTER  0  COORDINATES:    0.000000    0.000000    0.000000

 Program * Restricted Hartree-Fock

 Molecular orbitals read from record     2100.2  Type=RHF/CANONICAL  

 Present basis size:      110   60
 Previous basis size:      35   20   20   10   35   20   20   10
 Previous occupation:       3    1    1    0    2    0    0    0
 Previous closed-shells:    3    1    1    0    2    0    0    0
 Previous core-orbitals:    1    0    0    0    1    0    0    0
 Present occupation:        6    1
 Present closed-shells:     6    1
 Present core-orbitals:     2    0
 Wavefunction symmetry:    1   Singlet 

 Orbital overlap <old|new>:  < 1.1| 1.1> = 0.999886   < 1.5| 2.1> = 0.999885   < 2.1| 3.1> = 0.999993   < 3.1| 4.1> = 1.000000
                             < 1.2| 5.1> = 1.000000   < 1.3| 1.2> = 1.000000   < 2.5| 6.1> = 0.999997


 NELEC=   14   SYM=1   MS2= 0   THRE=1.0D-12   THRD=1.0D-07   THRG=1.0D-07  HFMA2=F  DIIS_START=2   DIIS_MAX=10   DIIS_INCORE=F

 Level shifts:    0.00 (CLOSED)    0.00 (OPEN)    0.30 (GAP_MIN)

 ITER           ETOT              DE          GRAD        DDIFF     DIIS  NEXP   TIME(IT)  TIME(TOT)  DIAG
   1      -76.83492214     -76.83492214     0.00D+00     0.46D-01     0     0       0.20      0.22    start
   2      -76.85447550      -0.01955336     0.15D-01     0.74D-02     1     0       0.21      0.43    diag
   3      -76.85468548      -0.00020998     0.10D-02     0.22D-03     2     0       0.20      0.63    diag
   4      -76.85469333      -0.00000785     0.14D-03     0.31D-04     3     0       0.21      0.84    diag
   5      -76.85469413      -0.00000080     0.27D-04     0.15D-04     4     0       0.19      1.03    diag
   6      -76.85469427      -0.00000013     0.12D-04     0.76D-05     5     0       0.22      1.25    diag
   7      -76.85469430      -0.00000003     0.52D-05     0.39D-05     6     0       0.19      1.44    diag
   8      -76.85469430      -0.00000000     0.84D-06     0.14D-05     7     0       0.20      1.64    fixocc
   9      -76.85469430      -0.00000000     0.17D-06     0.17D-06     8     0       0.21      1.85    diag
  10      -76.85469430      -0.00000000     0.49D-07     0.42D-07     9     0       0.22      2.07    diag/orth
  11      -76.85469430      -0.00000000     0.13D-07     0.24D-07     9     0       0.21      2.28    diag
  12      -76.85469430       0.00000000     0.48D-08     0.64D-08     0     0       0.20      2.48    diag

 Final occupancy:   6   1

 !RHF STATE 1.1 Energy                -76.854694299127
  RHF One-electron energy            -151.567472406247
  RHF Two-electron energy              50.001955057694
  RHF Kinetic energy                   76.687011897953
  RHF Nuclear energy                   24.710823049425
  RHF Virial quotient                  -1.002186581496

 !RHF STATE 1.1 Dipole moment          -0.00233088     0.00000000    -0.00001708
 Dipole moment /Debye                  -0.00592452     0.00000000    -0.00004341

 Orbital energies:

           1.1          2.1          3.1          4.1          5.1          6.1          7.1          8.1
    -11.243794   -11.240071    -1.028764    -0.767909    -0.681035    -0.410104     0.167342     0.194428

           1.2          2.2          3.2
     -0.410104     0.167358     0.329812


 HOMO      1.2    -0.410104 =     -11.1595eV
 LUMO      7.1     0.167342 =       4.5536eV
 LUMO-HOMO         0.577446 =      15.7131eV

 Orbitals saved in record  2101.1


 **********************************************************************************************************************************
 DATASETS  * FILE   NREC   LENGTH (MB)   RECORD NAMES
              1      21      392.68       500      610      700      702      900      950      970     1001      129      960   
                                          VAR    BASINP    GEOM     GEOM    SYMINP    ZMAT    AOBASIS   BASIS     P2S    ABASIS    
                                         1100     1400     1410     1200     1210     1080     1600     1650     1300     1700   
                                           S        T        V       H0       H01     AOSYM     SMH    MOLCAS    ERIS     OPER   
                                         2101   
                                          RHF  

              2       9        1.51       700     1000      520     2100     4100      701     5500      702     1001   
                                         GEOM     BASIS   MCVARS     RHF     CPHF     GEOM     HINFO    GEOM     BASIS   

 PROGRAMS   *        TOTAL    HF-SCF       MP2    HF-SCF       INT
 CPU TIMES  *        39.54     35.14      0.16      0.20      3.89
 REAL TIME  *        47.34 SEC
 DISK USED  *       993.07 MB
 SF USED    *         2.91 MB
 **********************************************************************************************************************************


 PROGRAM * MP2 (Closed-shell)     Authors: C. Hampel, H.-J. Werner, 1991, M. Deegan, P.J. Knowles, 1992


 Convergence thresholds:  THRVAR = 1.00D-16  THRDEN = 1.00D-12

 Number of core orbitals:           2 (   2   0 )
 Number of closed-shell orbitals:   5 (   4   1 )
 Number of external orbitals:     163 ( 104  59 )

 Molecular orbitals read from record     2101.1  Type=RHF/CANONICAL (state 1.1)

 Number of N-1 electron functions:               5
 Number of N-2 electron functions:              15
 Number of singly external CSFs:               475
 Number of doubly external CSFs:            171020
 Total number of CSFs:                      171496

 Length of J-op  integral file:               0.00 MB
 Length of K-op  integral file:               1.11 MB

 Integral transformation finished. Total CPU:   0.30 sec, npass=  1  Memory used:   0.47 MW

 Memory needed for MP2:                      0.08 MW

 SCS-MP2 correlation energy:           -0.333083023853   (PS=  1.200000  PT=  0.333333)
 SCS-MP2 total energy:                -77.187777322980


  Reference energy                    -76.854694299127
  MP2 singlet pair energy              -0.219691779237
  MP2 triplet pair energy              -0.111620714093
  MP2 correlation energy               -0.331312493329

 !MP2 total energy                    -77.186006792457

 KEXT needed  1 integral passes. Memory used:   1.33 MW  CPU time:      0.39 sec


 CPHF trial vector read from record  4100.2

 Starting Coupled-perturbed Hartree-Fock, convergence threshold= 1.0D-06

 ITER   MIC  DIIS      VAR         VARC       CPU
   1     0     0    0.18D+01    0.18D+01     0.20
   2     1     0    0.57D-01    0.46D-01     0.40
   3     3     1    0.30D-02    0.21D-02     0.61
   4     3     2    0.16D-03    0.77D-04     0.80
   5     4     3    0.12D-04    0.26D-05     1.00
   6     2     4    0.52D-06    0.89D-07     1.19

 CPHF convergence reached in  6 macroiterations and   13 microiterations.   Accuracy: 5.1795D-07

 Dipole moments (unrelaxed):           -0.00231389     0.00000000    -0.00001668
 Orbital relaxation contribution:       0.00025780    -0.00000000     0.00000241
 !MP2 STATE 1.1 Dipole moment          -0.00205610     0.00000000    -0.00001427
 Dipole moment /Debye                  -0.00522607     0.00000000    -0.00003627

 CPU-time for density and lagrangian:                  0.20 sec
 CPU-time for coupled-perturbed hartree-fock:          1.20 sec

 MP2 gradient info saved on record         5200.1


 **********************************************************************************************************************************
 DATASETS  * FILE   NREC   LENGTH (MB)   RECORD NAMES
              1      23      397.63       500      610      700      702      900      950      970     1001      129      960   
                                          VAR    BASINP    GEOM     GEOM    SYMINP    ZMAT    AOBASIS   BASIS     P2S    ABASIS    
                                         1100     1400     1410     1200     1210     1080     1600     1650     1300     1700   
                                           S        T        V       H0       H01     AOSYM     SMH    MOLCAS    ERIS     OPER   
                                         2101     1380     5200   
                                          RHF     JKOP      MP2  

              2       9        1.51       700     1000      520     2100     4100      701     5500      702     1001   
                                         GEOM     BASIS   MCVARS     RHF     CPHF     GEOM     HINFO    GEOM     BASIS   

 PROGRAMS   *        TOTAL       MP2       MP2    HF-SCF       INT
 CPU TIMES  *        41.92      2.38      0.16      0.20      3.89
 REAL TIME  *        50.29 SEC
 DISK USED  *       993.07 MB
 SF USED    *         2.91 MB
 **********************************************************************************************************************************

 PROGRAM * ALASKA (Gradient of the energy)     Author: R. Lindh


 MP2      Gradient info restored from record    5200.1

 Number of core orbitals:           2 (   2   0 )
 Number of closed-shell orbitals:   5 (   4   1 )
 Number of external orbitals:     163 ( 104  59 )

 Integral thresholds in T2TRAN:            1.0D-10 (PROD)

 Available memory for Transformation:1496183891 words
 Memory needed for incore algorithm:     494697 words
 Minimum memory needed:                  187297 words

 Memory used for transformation:           0.49 MW
 Available memory for gradients:        1497.69 MW

 CPU for transformation:                   0.62 sec
 CPU for integrals and gradient:         188.02 sec
 Total CPU:                              188.64 sec

 Prescreening statistics:
 ========================

 Total number of shell quadruplets:        1.47D+04
 Number of shell quadruplets processed:    1.47D+04 ( 99.92%)

 MP2 GRADIENT FOR STATE 1.1

 Atom          dE/dx               dE/dy               dE/dz

   1        -0.000232366         0.000000000         0.001649788
   2         0.000436503         0.000000000        -0.004858716
   3        -0.000227730         0.000000000         0.004850061
   4         0.000023594         0.000000000        -0.001641133

 Nuclear force contribution to virial =        -0.000703720

 Tasks on processor    0 finished.  CPU=    230.80 sec, Elapsed=    235.80 sec. Waiting for other processors...

 Switching back to mpp mode, nproc=  8


 Recomputing wavefunction at initial geometry


 Using spherical harmonics



 PROGRAM * SEWARD (Integral evaluation for generally contracted gaussian basis sets)     Author: Roland Lindh, 1990

 Geometry written to block  1 of record 700


 Point group  D2h 



 ATOMIC COORDINATES

 NR  ATOM    CHARGE       X              Y              Z

   1  H       1.00    0.000000000    0.000000000    3.149583933
   2  H       1.00    0.000000000    0.000000000   -3.149583933
   3  C       6.00    0.000000000    0.000000000    1.140526624
   4  C       6.00    0.000000000    0.000000000   -1.140526624

 Bond lengths in Bohr (Angstrom)

 1-3  2.009057308  2-4  2.009057308  3-4  2.281053249
     ( 1.063147343)     ( 1.063147343)     ( 1.207081396)

 Bond angles

  1-3-4  180.00000000   2-4-3  180.00000000

 NUCLEAR CHARGE:                   14
 NUMBER OF PRIMITIVE AOS:         482
 NUMBER OF SYMMETRY AOS:          386
 NUMBER OF CONTRACTIONS:          170   (   35Ag  +   20B3u +   20B2u +   10B1g +   35B1u +   20B2g +   20B3g +   10Au  )
 NUMBER OF INNER CORE ORBITALS:     0   (    0Ag  +    0B3u +    0B2u +    0B1g +    0B1u +    0B2g +    0B3g +    0Au  )
 NUMBER OF OUTER CORE ORBITALS:     2   (    1Ag  +    0B3u +    0B2u +    0B1g +    1B1u +    0B2g +    0B3g +    0Au  )
 NUMBER OF VALENCE ORBITALS:       10   (    3Ag  +    1B3u +    1B2u +    0B1g +    3B1u +    1B2g +    1B3g +    0Au  )


 NUCLEAR REPULSION ENERGY   24.71101550

 EXTRA SYMMETRY OF AOS IN SYMMETRY 1:   1 1 1 1 1 1 1 1 2 1   2 1 2 1 1 1 1 1 1 1   1 1 1 2 1 2 1 2 1 2   1 2 1 3 2
 EXTRA SYMMETRY OF AOS IN SYMMETRY 2:   1 1 1 1 1 1 2 1 1 1   1 1 1 1 1 2 1 2 1 2
 EXTRA SYMMETRY OF AOS IN SYMMETRY 3:   1 1 1 1 1 1 2 1 1 1   1 1 1 1 1 2 1 2 1 2
 EXTRA SYMMETRY OF AOS IN SYMMETRY 4:   1 1 1 1 1 1 1 1 1 2
 EXTRA SYMMETRY OF AOS IN SYMMETRY 5:   1 1 1 1 1 1 1 1 2 1   2 1 2 1 1 1 1 1 1 1   1 1 1 2 1 2 1 2 1 2   1 2 1 3 2
 EXTRA SYMMETRY OF AOS IN SYMMETRY 6:   1 1 1 1 1 1 2 1 1 1   1 1 1 1 1 2 1 2 1 2
 EXTRA SYMMETRY OF AOS IN SYMMETRY 7:   1 1 1 1 1 1 2 1 1 1   1 1 1 1 1 2 1 2 1 2
 EXTRA SYMMETRY OF AOS IN SYMMETRY 8:   1 1 1 1 1 1 1 1 1 2

 Eigenvalues of metric

         1 0.180E-03 0.120E-02 0.180E-02 0.285E-02 0.258E-01 0.684E-01 0.906E-01 0.170E+00
         2 0.110E-02 0.442E-01 0.621E-01 0.173E+00 0.580E+00 0.591E+00 0.696E+00 0.911E+00
         3 0.110E-02 0.442E-01 0.621E-01 0.173E+00 0.580E+00 0.591E+00 0.696E+00 0.911E+00
         4 0.684E-01 0.451E+00 0.703E+00 0.101E+01 0.106E+01 0.114E+01 0.141E+01 0.175E+01
         5 0.324E-04 0.146E-03 0.588E-03 0.195E-02 0.250E-02 0.202E-01 0.231E-01 0.524E-01
         6 0.340E-03 0.803E-03 0.131E-01 0.803E-01 0.111E+00 0.325E+00 0.341E+00 0.511E+00
         7 0.340E-03 0.803E-03 0.131E-01 0.803E-01 0.111E+00 0.325E+00 0.341E+00 0.511E+00
         8 0.202E-01 0.524E-01 0.265E+00 0.568E+00 0.856E+00 0.916E+00 0.101E+01 0.126E+01


 Contracted 2-electron integrals neglected if value below      1.0D-18
 AO integral compression algorithm  1   Integral accuracy      1.0D-18

     137.101 MB (compressed) written to integral file ( 85.8%)

     Node minimum: 13.894 MB, node maximum: 21.496 MB


 NUMBER OF SORTED TWO-ELECTRON INTEGRALS:    1705524.     BUFFER LENGTH:  32768
 NUMBER OF SEGMENTS:   1  SEGMENT LENGTH:    1705524      RECORD LENGTH: 524288

 Memory used in sort:       2.26 MW

 SORT1 READ    19911704. AND WROTE     1537083. INTEGRALS IN      5 RECORDS. CPU TIME:     0.67 SEC, REAL TIME:     0.81 SEC
 SORT2 READ    12356827. AND WROTE    13738505. INTEGRALS IN    576 RECORDS. CPU TIME:     0.06 SEC, REAL TIME:     0.07 SEC

 Node minimum:     1705524.  Node maximum:     1734464. integrals

 OPERATOR DM      FOR CENTER  0  COORDINATES:    0.000000    0.000000    0.000000

 Program * Restricted Hartree-Fock

 Molecular orbitals read from record     2100.2  Type=RHF/CANONICAL  

 NELEC=   14   SYM=1   MS2= 0   THRE=1.0D-12   THRD=1.0D-06   THRG=1.0D-06  HFMA2=F  DIIS_START=2   DIIS_MAX=10   DIIS_INCORE=F

 Level shifts:    0.00 (CLOSED)    0.00 (OPEN)    0.30 (GAP_MIN)

 ITER           ETOT              DE          GRAD        DDIFF     DIIS  NEXP   TIME(IT)  TIME(TOT)  DIAG
   1      -76.85469895     -76.85469895     0.00D+00     0.88D-01     0     0       0.00      0.00    start
   2      -76.85469895       0.00000000     0.85D-09     0.50D-09     1     0       0.01      0.01    diag

 Final occupancy:   3   1   1   0   2   0   0   0

 !RHF STATE 1.1 Energy                -76.854698950751
  RHF One-electron energy            -151.567860181106
  RHF Two-electron energy              50.002145730987
  RHF Kinetic energy                   76.687074201685
  RHF Nuclear energy                   24.711015499367
  RHF Virial quotient                  -1.002185827935

 !RHF STATE 1.1 Dipole moment           0.00000000     0.00000000     0.00000000
 Dipole moment /Debye                   0.00000000     0.00000000     0.00000000

 Orbital energies:

           1.1          2.1          3.1          4.1          5.1
    -11.243790    -1.028766    -0.681041     0.216721     0.266157

           1.2          2.2          3.2
     -0.410106     0.329810     0.616926

           1.3          2.3          3.3
     -0.410106     0.329810     0.616926

           1.4          2.4
      0.539756     1.527860

           1.5          2.5          3.5          4.5
    -11.240066    -0.767910     0.194422     0.330674

           1.6          2.6
      0.167360     0.488987

           1.7          2.7
      0.167360     0.488987

           1.8          2.8
      0.834080     1.894052


 HOMO      1.3    -0.410106 =     -11.1595eV
 LUMO      1.6     0.167360 =       4.5541eV
 LUMO-HOMO         0.577466 =      15.7136eV

 Orbitals saved in record  2100.2


 **********************************************************************************************************************************
 DATASETS  * FILE   NREC   LENGTH (MB)   RECORD NAMES
              1      18       29.18       500      610      700      900      950      970     1000      129      960     1100   
                                          VAR    BASINP    GEOM    SYMINP    ZMAT    AOBASIS   BASIS     P2S    ABASIS      S 
                                         1400     1410     1200     1210     1080     1600     1650     1700   
                                           T        V       H0       H01     AOSYM     SMH    MOLCAS    OPER   

              2       8        1.01       700     1000      520     2100     4100     5300     5450     5400   
                                         GEOM     BASIS   MCVARS     RHF     CPHF     HESS     NMOD     FREQ   

 PROGRAMS   *        TOTAL    HF-SCF       MP2    HF-SCF       INT
 CPU TIMES  *       239.39      4.51      0.16      0.20      3.89
 REAL TIME  *       249.30 SEC
 DISK USED  *       993.07 MB (local),        5.82 GB (total)
 SF USED    *         2.91 MB
 GA USED    *         0.00 MB       (max)       0.00 MB       (current)
 **********************************************************************************************************************************


 PROGRAM * MP2 (Closed-shell)     Authors: C. Hampel, H.-J. Werner, 1991, M. Deegan, P.J. Knowles, 1992


 Convergence thresholds:  THRVAR = 1.00D-16  THRDEN = 1.00D-12

 Number of core orbitals:           2 (   1   0   0   0   1   0   0   0 )
 Number of closed-shell orbitals:   5 (   2   1   1   0   1   0   0   0 )
 Number of external orbitals:     163 (  32  19  19  10  33  20  20  10 )

 Molecular orbitals read from record     2100.2  Type=RHF/CANONICAL (state 1.1)

 Number of N-1 electron functions:               5
 Number of N-2 electron functions:              15
 Number of singly external CSFs:               135
 Number of doubly external CSFs:             44208
 Total number of CSFs:                       44344

 Length of J-op  integral file:               0.00 MB
 Length of K-op  integral file:               0.29 MB

 Integral transformation finished. Total CPU:   0.01 sec, npass=  1  Memory used:   0.13 MW

 Memory needed for MP2:                      0.02 MW

 SCS-MP2 correlation energy:           -0.333080594310   (PS=  1.200000  PT=  0.333333)
 SCS-MP2 total energy:                -77.187779545061


  Reference energy                    -76.854698950751
  MP2 singlet pair energy              -0.219690233709
  MP2 triplet pair energy              -0.111619790130
  MP2 correlation energy               -0.331310023839

 !MP2 total energy                    -77.186008974591

 KEXT needed  1 integral passes. Memory used:   0.22 MW  CPU time:      0.01 sec


 CPHF trial vector read from record  4100.2

 Starting Coupled-perturbed Hartree-Fock, convergence threshold= 1.0D-06

 ITER   MIC  DIIS      VAR         VARC       CPU
   1     0     1    0.31D-07    0.14D-08     0.00

 CPHF convergence reached in  1 macroiterations and    0 microiterations.   Accuracy: 3.0548D-08

 CPHF solution written to record  4100.2

 Dipole moments (unrelaxed):            0.00000000     0.00000000     0.00000000
 Orbital relaxation contribution:      -0.00000000    -0.00000000    -0.00000000
 !MP2 STATE 1.1 Dipole moment           0.00000000     0.00000000     0.00000000
 Dipole moment /Debye                   0.00000000     0.00000000     0.00000000

 CPU-time for density and lagrangian:                  0.01 sec
 CPU-time for coupled-perturbed hartree-fock:          0.00 sec

 MP2 gradient info saved on record         5200.1


 **********************************************************************************************************************************
 DATASETS  * FILE   NREC   LENGTH (MB)   RECORD NAMES
              1      20       30.43       500      610      700      900      950      970     1000      129      960     1100   
                                          VAR    BASINP    GEOM    SYMINP    ZMAT    AOBASIS   BASIS     P2S    ABASIS      S 
                                         1400     1410     1200     1210     1080     1600     1650     1700     1380     5200   
                                           T        V       H0       H01     AOSYM     SMH    MOLCAS    OPER     JKOP      MP2  

              2       8        1.01       700     1000      520     2100     4100     5300     5450     5400   
                                         GEOM     BASIS   MCVARS     RHF     CPHF     HESS     NMOD     FREQ   

 PROGRAMS   *        TOTAL       MP2       MP2    HF-SCF       INT
 CPU TIMES  *       239.52      0.13      0.16      0.20      3.89
 REAL TIME  *       249.48 SEC
 DISK USED  *       993.07 MB (local),        5.82 GB (total)
 SF USED    *         2.91 MB
 GA USED    *         0.00 MB       (max)       0.00 MB       (current)
 **********************************************************************************************************************************
