 Cartesian Coordinates are in [bohr]
 Creating new Variables:
 HX1               0.00000000
 HY1               0.00000000
 HZ1               3.14958393
 CX2               0.00000000
 CY2               0.00000000
 CZ2               1.14052662
 CX3               0.00000000
 CY3               0.00000000
 CZ3              -1.14052662
 HX4               0.00000000
 HY4               0.00000000
 HZ4              -3.14958393
 Task   1   Incrementing variable HX1   by    0.010 BOH (Skipping negative increment due to symmetry).
 Task   2   Incrementing variable HY1   by    0.010 BOH (Skipping negative increment due to symmetry).
 Task   3   Incrementing variable HZ1   by    0.010 BOH
 Task   4   Incrementing variable HZ1   by   -0.010 BOH
 Task   5   Incrementing variable CX2   by    0.010 BOH (Skipping negative increment due to symmetry).
 Task   6   Incrementing variable CY2   by    0.010 BOH (Skipping negative increment due to symmetry).
 Task   7   Incrementing variable CZ2   by    0.010 BOH
 Task   8   Incrementing variable CZ2   by   -0.010 BOH

 Switching to mppx mode, nproc=  8

 Starting task   2.  CPU=     0.00 sec, Elapsed=     0.01 sec
 Incrementing variable HY1              by  0.010000 BOH   to    0.010000 BOH


 Using spherical harmonics



 PROGRAM * SEWARD (Integral evaluation for generally contracted gaussian basis sets)     Author: Roland Lindh, 1990

 Geometry written to block  1 of record 702


 Point group  Cs  



 ATOMIC COORDINATES

 NR  ATOM    CHARGE       X              Y              Z

   1  H       1.00    0.000000000    0.010000000    3.149583933
   2  C       6.00    0.000000000    0.000000000    1.140526624
   3  C       6.00    0.000000000    0.000000000   -1.140526624
   4  H       1.00    0.000000000    0.000000000   -3.149583933

 Bond lengths in Bohr (Angstrom)

 1-2  2.009082196  2-3  2.281053249  3-4  2.009057308
     ( 1.063160513)     ( 1.207081396)     ( 1.063147343)

 Bond angles

  1-2-3  179.71481497   2-3-4  180.00000000

 NUCLEAR CHARGE:                   14
 NUMBER OF PRIMITIVE AOS:         332
 NUMBER OF SYMMETRY AOS:          290
 NUMBER OF CONTRACTIONS:           88   (   60A'  +   28A"  )
 NUMBER OF INNER CORE ORBITALS:     0   (    0A'  +    0A"  )
 NUMBER OF OUTER CORE ORBITALS:     2   (    2A'  +    0A"  )
 NUMBER OF VALENCE ORBITALS:       10   (    8A'  +    2A"  )

 SYMMETRY CHANGED: INITIALIZING OCCUPATION


 NUCLEAR REPULSION ENERGY   24.71097451


 Eigenvalues of metric

         1 0.180E-03 0.424E-03 0.424E-03 0.429E-02 0.504E-02 0.624E-02 0.174E-01 0.182E-01
         2 0.429E-02 0.174E-01 0.258E-01 0.154E+00 0.177E+00 0.262E+00 0.379E+00 0.413E+00


 Contracted 2-electron integrals neglected if value below      1.0D-18
 AO integral compression algorithm  1   Integral accuracy      1.0D-18

     28.312 MB (compressed) written to integral file ( 73.1%)


 NUMBER OF SORTED TWO-ELECTRON INTEGRALS:    3986926.     BUFFER LENGTH:  32768
 NUMBER OF SEGMENTS:   1  SEGMENT LENGTH:    3986926      RECORD LENGTH: 524288

 Memory used in sort:       4.54 MW

 SORT1 READ     4811084. AND WROTE     2854338. INTEGRALS IN      9 RECORDS. CPU TIME:     0.04 SEC, REAL TIME:     0.05 SEC
 SORT2 READ     2854338. AND WROTE     3986926. INTEGRALS IN    108 RECORDS. CPU TIME:     0.07 SEC, REAL TIME:     0.09 SEC

 FILE SIZES:   FILE 1:    59.1 MBYTE,  FILE 4:    37.8 MBYTE,   TOTAL:     96.8 MBYTE

 OPERATOR DM      FOR CENTER  0  COORDINATES:    0.000000    0.000000    0.000000

 Program * Restricted Hartree-Fock

 Molecular orbitals read from record     2100.2  Type=RHF/CANONICAL  

 Present basis size:       60   28
 Previous basis size:      20   10   10    4   20   10   10    4
 Previous occupation:       3    1    1    0    2    0    0    0
 Previous closed-shells:    3    1    1    0    2    0    0    0
 Previous core-orbitals:    1    0    0    0    1    0    0    0
 Present occupation:        6    1
 Present closed-shells:     6    1
 Present core-orbitals:     2    0
 Wavefunction symmetry:    1   Singlet 

 Orbital overlap <old|new>:  < 1.1| 1.1> = 1.000000   < 1.5| 2.1> = 1.000000   < 2.1| 3.1> = 1.000000   < 3.1| 4.1> = 1.000000
                             < 1.2| 1.2> = 1.000000   < 1.3| 5.1> = 1.000000   < 2.5| 6.1> = 1.000000


 NELEC=   14   SYM=1   MS2= 0   THRE=1.0D-12   THRD=1.0D-07   THRG=1.0D-07  HFMA2=F  DIIS_START=2   DIIS_MAX=10   DIIS_INCORE=F

 Level shifts:    0.00 (CLOSED)    0.00 (OPEN)    0.30 (GAP_MIN)

 ITER           ETOT              DE          GRAD        DDIFF     DIIS  NEXP   TIME(IT)  TIME(TOT)  DIAG
   1      -76.85254018     -76.85254018     0.00D+00     0.83D-01     0     0       0.01      0.02    start
   2      -76.85258099      -0.00004080     0.40D-03     0.10D-03     1     0       0.02      0.04    diag
   3      -76.85258243      -0.00000144     0.57D-04     0.26D-04     2     0       0.02      0.06    diag
   4      -76.85258253      -0.00000011     0.11D-04     0.82D-05     3     0       0.02      0.08    diag
   5      -76.85258255      -0.00000002     0.42D-05     0.53D-05     4     0       0.01      0.09    diag
   6      -76.85258255      -0.00000000     0.88D-06     0.12D-05     5     0       0.02      0.11    diag
   7      -76.85258255      -0.00000000     0.31D-06     0.24D-06     6     0       0.01      0.12    diag
   8      -76.85258255      -0.00000000     0.11D-06     0.78D-07     7     0       0.02      0.14    fixocc
   9      -76.85258255      -0.00000000     0.16D-07     0.19D-07     8     0       0.01      0.15    diag
  10      -76.85258255       0.00000000     0.26D-08     0.28D-08     0     0       0.02      0.17    diag/orth

 Final occupancy:   6   1

 !RHF STATE 1.1 Energy                -76.852582554629
  RHF One-electron energy            -151.547590196919
  RHF Two-electron energy              49.984033136774
  RHF Kinetic energy                   76.721868437899
  RHF Nuclear energy                   24.710974505516
  RHF Virial quotient                  -1.001703740008

 !RHF STATE 1.1 Dipole moment           0.00000000     0.00234105    -0.00000629
 Dipole moment /Debye                   0.00000000     0.00595035    -0.00001598

 Orbital energies:

           1.1          2.1          3.1          4.1          5.1          6.1          7.1          8.1
    -11.245313   -11.241598    -1.029857    -0.768805    -0.681850    -0.411170     0.189344     0.272372

           1.2          2.2          3.2
     -0.411170     0.189348     0.452655


 HOMO      6.1    -0.411170 =     -11.1885eV
 LUMO      7.1     0.189344 =       5.1523eV
 LUMO-HOMO         0.600513 =      16.3408eV

 Orbitals saved in record  2101.1


 **********************************************************************************************************************************
 DATASETS  * FILE   NREC   LENGTH (MB)   RECORD NAMES
              1      21       51.71       500      610      700      702      900      950      970     1001      129      960   
                                          VAR    BASINP    GEOM     GEOM    SYMINP    ZMAT    AOBASIS   BASIS     P2S    ABASIS    
                                         1100     1400     1410     1200     1210     1080     1600     1650     1300     1700   
                                           S        T        V       H0       H01     AOSYM     SMH    MOLCAS    ERIS     OPER   
                                         2101   
                                          RHF  

              2       9        1.06       700     1000      520     2100     4100      701     5500      702     1001   
                                         GEOM     BASIS   MCVARS     RHF     CPHF     GEOM     HINFO    GEOM     BASIS   

 PROGRAMS   *        TOTAL    HF-SCF       MP2    HF-SCF       INT
 CPU TIMES  *         9.92      7.89      0.10      0.54      1.24
 REAL TIME  *        11.37 SEC
 DISK USED  *        93.47 MB
 SF USED    *         0.77 MB
 **********************************************************************************************************************************


 PROGRAM * MP2 (Closed-shell)     Authors: C. Hampel, H.-J. Werner, 1991, M. Deegan, P.J. Knowles, 1992


 Convergence thresholds:  THRVAR = 1.00D-16  THRDEN = 1.00D-12

 Number of core orbitals:           2 (   2   0 )
 Number of closed-shell orbitals:   5 (   4   1 )
 Number of external orbitals:      81 (  54  27 )

 Molecular orbitals read from record     2101.1  Type=RHF/CANONICAL (state 1.1)

 Number of N-1 electron functions:               5
 Number of N-2 electron functions:              15
 Number of singly external CSFs:               243
 Number of doubly external CSFs:             42849
 Total number of CSFs:                       43093

 Length of J-op  integral file:               0.00 MB
 Length of K-op  integral file:               0.33 MB

 Integral transformation finished. Total CPU:   0.03 sec, npass=  1  Memory used:   0.18 MW

 Memory needed for MP2:                      0.02 MW

 SCS-MP2 correlation energy:           -0.314870803526   (PS=  1.200000  PT=  0.333333)
 SCS-MP2 total energy:                -77.167453358155


  Reference energy                    -76.852582554629
  MP2 singlet pair energy              -0.205722394722
  MP2 triplet pair energy              -0.109292030131
  MP2 correlation energy               -0.315014424853

 !MP2 total energy                    -77.167596979483

 KEXT needed  1 integral passes. Memory used:   0.29 MW  CPU time:      0.04 sec


 CPHF trial vector read from record  4100.2

 Starting Coupled-perturbed Hartree-Fock, convergence threshold= 1.0D-06

 ITER   MIC  DIIS      VAR         VARC       CPU
   1     0     0    0.11D+01    0.10D+01     0.02
   2     1     1    0.39D-01    0.28D-01     0.03
   3     3     2    0.14D-02    0.43D-03     0.05
   4     4     3    0.70D-04    0.24D-04     0.06
   5     5     4    0.40D-05    0.14D-05     0.08
   6     2     5    0.31D-06    0.38D-07     0.10

 CPHF convergence reached in  6 macroiterations and   15 microiterations.   Accuracy: 3.1293D-07

 Dipole moments (unrelaxed):            0.00000000     0.00232460    -0.00000621
 Orbital relaxation contribution:      -0.00000000    -0.00024962     0.00000113
 !MP2 STATE 1.1 Dipole moment           0.00000000     0.00207499    -0.00000508
 Dipole moment /Debye                   0.00000000     0.00527409    -0.00001291

 CPU-time for density and lagrangian:                  0.01 sec
 CPU-time for coupled-perturbed hartree-fock:          0.10 sec

 MP2 gradient info saved on record         5200.1


 **********************************************************************************************************************************
 DATASETS  * FILE   NREC   LENGTH (MB)   RECORD NAMES
              1      23       53.03       500      610      700      702      900      950      970     1001      129      960   
                                          VAR    BASINP    GEOM     GEOM    SYMINP    ZMAT    AOBASIS   BASIS     P2S    ABASIS    
                                         1100     1400     1410     1200     1210     1080     1600     1650     1300     1700   
                                           S        T        V       H0       H01     AOSYM     SMH    MOLCAS    ERIS     OPER   
                                         2101     1380     5200   
                                          RHF     JKOP      MP2  

              2       9        1.06       700     1000      520     2100     4100      701     5500      702     1001   
                                         GEOM     BASIS   MCVARS     RHF     CPHF     GEOM     HINFO    GEOM     BASIS   

 PROGRAMS   *        TOTAL       MP2       MP2    HF-SCF       INT
 CPU TIMES  *        10.19      0.27      0.10      0.54      1.24
 REAL TIME  *        11.68 SEC
 DISK USED  *        93.47 MB
 SF USED    *         0.77 MB
 **********************************************************************************************************************************

 PROGRAM * ALASKA (Gradient of the energy)     Author: R. Lindh


 MP2      Gradient info restored from record    5200.1

 Number of core orbitals:           2 (   2   0 )
 Number of closed-shell orbitals:   5 (   4   1 )
 Number of external orbitals:      81 (  54  27 )

 Integral thresholds in T2TRAN:            1.0D-10 (PROD)

 Available memory for Transformation:1497289458 words
 Memory needed for incore algorithm:     128980 words
 Minimum memory needed:                   50148 words

 Memory used for transformation:           0.13 MW
 Available memory for gradients:        1499.16 MW

 CPU for transformation:                   0.12 sec
 CPU for integrals and gradient:          40.69 sec
 Total CPU:                               40.81 sec

 Prescreening statistics:
 ========================

 Total number of shell quadruplets:        5.56D+03
 Number of shell quadruplets processed:    5.56D+03 ( 99.98%)

 MP2 GRADIENT FOR STATE 1.1

 Atom          dE/dx               dE/dy               dE/dz

   1         0.000000000         0.000149654         0.000620174
   2         0.000000000        -0.000228893        -0.009228827
   3         0.000000000         0.000022652         0.009219408
   4         0.000000000         0.000056587        -0.000610755

 Nuclear force contribution to virial =        -0.017162290

 Tasks on processor    0 finished.  CPU=     49.84 sec, Elapsed=     49.97 sec. Waiting for other processors...

 Switching back to mpp mode, nproc=  8


 Recomputing wavefunction at initial geometry


 Using spherical harmonics



 PROGRAM * SEWARD (Integral evaluation for generally contracted gaussian basis sets)     Author: Roland Lindh, 1990

 Geometry written to block  1 of record 700


 Point group  D2h 



 ATOMIC COORDINATES

 NR  ATOM    CHARGE       X              Y              Z

   1  H       1.00    0.000000000    0.000000000    3.149583933
   2  H       1.00    0.000000000    0.000000000   -3.149583933
   3  C       6.00    0.000000000    0.000000000    1.140526624
   4  C       6.00    0.000000000    0.000000000   -1.140526624

 Bond lengths in Bohr (Angstrom)

 1-3  2.009057308  2-4  2.009057308  3-4  2.281053249
     ( 1.063147343)     ( 1.063147343)     ( 1.207081396)

 Bond angles

  1-3-4  180.00000000   2-4-3  180.00000000

 NUCLEAR CHARGE:                   14
 NUMBER OF PRIMITIVE AOS:         332
 NUMBER OF SYMMETRY AOS:          290
 NUMBER OF CONTRACTIONS:           88   (   20Ag  +   10B3u +   10B2u +    4B1g +   20B1u +   10B2g +   10B3g +    4Au  )
 NUMBER OF INNER CORE ORBITALS:     0   (    0Ag  +    0B3u +    0B2u +    0B1g +    0B1u +    0B2g +    0B3g +    0Au  )
 NUMBER OF OUTER CORE ORBITALS:     2   (    1Ag  +    0B3u +    0B2u +    0B1g +    1B1u +    0B2g +    0B3g +    0Au  )
 NUMBER OF VALENCE ORBITALS:       10   (    3Ag  +    1B3u +    1B2u +    0B1g +    3B1u +    1B2g +    1B3g +    0Au  )


 NUCLEAR REPULSION ENERGY   24.71101550

 EXTRA SYMMETRY OF AOS IN SYMMETRY 1:   1 1 1 1 1 1 2 1 1 1   1 1 1 1 1 2 1 2 1 2
 EXTRA SYMMETRY OF AOS IN SYMMETRY 2:   1 1 1 1 1 1 1 1 1 2
 EXTRA SYMMETRY OF AOS IN SYMMETRY 3:   1 1 1 1 1 1 1 1 1 2
 EXTRA SYMMETRY OF AOS IN SYMMETRY 5:   1 1 1 1 1 1 2 1 1 1   1 1 1 1 1 2 1 2 1 2
 EXTRA SYMMETRY OF AOS IN SYMMETRY 6:   1 1 1 1 1 1 1 1 1 2
 EXTRA SYMMETRY OF AOS IN SYMMETRY 7:   1 1 1 1 1 1 1 1 1 2

 Eigenvalues of metric

         1 0.424E-03 0.624E-02 0.182E-01 0.655E-01 0.393E+00 0.444E+00 0.512E+00 0.743E+00
         2 0.258E-01 0.262E+00 0.564E+00 0.878E+00 0.104E+01 0.124E+01 0.157E+01 0.175E+01
         3 0.258E-01 0.262E+00 0.564E+00 0.878E+00 0.104E+01 0.124E+01 0.157E+01 0.175E+01
         4 0.444E+00 0.107E+01 0.163E+01 0.182E+01
         5 0.180E-03 0.424E-03 0.504E-02 0.304E-01 0.440E-01 0.177E+00 0.299E+00 0.379E+00
         6 0.429E-02 0.174E-01 0.154E+00 0.413E+00 0.763E+00 0.781E+00 0.967E+00 0.140E+01
         7 0.429E-02 0.174E-01 0.154E+00 0.413E+00 0.763E+00 0.781E+00 0.967E+00 0.140E+01
         8 0.177E+00 0.379E+00 0.903E+00 0.157E+01


 Contracted 2-electron integrals neglected if value below      1.0D-18
 AO integral compression algorithm  1   Integral accuracy      1.0D-18

     12.845 MB (compressed) written to integral file ( 96.6%)

     Node minimum: 1.311 MB, node maximum: 2.097 MB


 NUMBER OF SORTED TWO-ELECTRON INTEGRALS:     125554.     BUFFER LENGTH:  32768
 NUMBER OF SEGMENTS:   1  SEGMENT LENGTH:     125554      RECORD LENGTH: 524288

 Memory used in sort:       0.68 MW

 SORT1 READ     1627520. AND WROTE      113835. INTEGRALS IN      1 RECORDS. CPU TIME:     0.05 SEC, REAL TIME:     0.07 SEC
 SORT2 READ      940589. AND WROTE     1044030. INTEGRALS IN     64 RECORDS. CPU TIME:     0.01 SEC, REAL TIME:     0.01 SEC

 Node minimum:      125554.  Node maximum:      134456. integrals

 OPERATOR DM      FOR CENTER  0  COORDINATES:    0.000000    0.000000    0.000000

 Program * Restricted Hartree-Fock

 Molecular orbitals read from record     2100.2  Type=RHF/CANONICAL  

 NELEC=   14   SYM=1   MS2= 0   THRE=1.0D-12   THRD=1.0D-06   THRG=1.0D-06  HFMA2=F  DIIS_START=2   DIIS_MAX=10   DIIS_INCORE=F

 Level shifts:    0.00 (CLOSED)    0.00 (OPEN)    0.30 (GAP_MIN)

 ITER           ETOT              DE          GRAD        DDIFF     DIIS  NEXP   TIME(IT)  TIME(TOT)  DIAG
   1      -76.85258368     -76.85258368     0.00D+00     0.16D+00     0     0       0.00      0.00    start
   2      -76.85258368      -0.00000000     0.74D-09     0.49D-09     1     0       0.00      0.00    diag

 Final occupancy:   3   1   1   0   2   0   0   0

 !RHF STATE 1.1 Energy                -76.852583677419
  RHF One-electron energy            -151.547664444595
  RHF Two-electron energy              49.984065267809
  RHF Kinetic energy                   76.721887034307
  RHF Nuclear energy                   24.711015499367
  RHF Virial quotient                  -1.001703511842

 !RHF STATE 1.1 Dipole moment           0.00000000     0.00000000     0.00000000
 Dipole moment /Debye                   0.00000000     0.00000000     0.00000000

 Orbital energies:

           1.1          2.1          3.1          4.1          5.1
    -11.245312    -1.029857    -0.681853     0.318665     0.322353

           1.2          2.2          3.2
     -0.411170     0.452655     0.742126

           1.3          2.3          3.3
     -0.411170     0.452655     0.742126

           1.4          2.4
      0.641968     2.129282

           1.5          2.5          3.5          4.5
    -11.241597    -0.768808     0.272373     0.452533

           1.6          2.6
      0.189348     0.743785

           1.7          2.7
      0.189348     0.743785

           1.8          2.8
      0.996907     2.640356


 HOMO      1.3    -0.411170 =     -11.1885eV
 LUMO      1.6     0.189348 =       5.1524eV
 LUMO-HOMO         0.600518 =      16.3409eV

 Orbitals saved in record  2100.2


 **********************************************************************************************************************************
 DATASETS  * FILE   NREC   LENGTH (MB)   RECORD NAMES
              1      18       28.94       500      610      700      900      950      970     1000      129      960     1100   
                                          VAR    BASINP    GEOM    SYMINP    ZMAT    AOBASIS   BASIS     P2S    ABASIS      S 
                                         1400     1410     1200     1210     1080     1600     1650     1700   
                                           T        V       H0       H01     AOSYM     SMH    MOLCAS    OPER   

              2       8        0.58       700     1000      520     2100     4100     5300     5450     5400   
                                         GEOM     BASIS   MCVARS     RHF     CPHF     HESS     NMOD     FREQ   

 PROGRAMS   *        TOTAL    HF-SCF       MP2    HF-SCF       INT
 CPU TIMES  *        53.55      2.08      0.10      0.54      1.24
 REAL TIME  *        55.85 SEC
 DISK USED  *        93.47 MB (local),      727.43 MB (total)
 SF USED    *         0.77 MB
 GA USED    *         0.00 MB       (max)       0.00 MB       (current)
 **********************************************************************************************************************************


 PROGRAM * MP2 (Closed-shell)     Authors: C. Hampel, H.-J. Werner, 1991, M. Deegan, P.J. Knowles, 1992


 Convergence thresholds:  THRVAR = 1.00D-16  THRDEN = 1.00D-12

 Number of core orbitals:           2 (   1   0   0   0   1   0   0   0 )
 Number of closed-shell orbitals:   5 (   2   1   1   0   1   0   0   0 )
 Number of external orbitals:      81 (  17   9   9   4  18  10  10   4 )

 Molecular orbitals read from record     2100.2  Type=RHF/CANONICAL (state 1.1)

 Number of N-1 electron functions:               5
 Number of N-2 electron functions:              15
 Number of singly external CSFs:                70
 Number of doubly external CSFs:             11281
 Total number of CSFs:                       11352

 Length of J-op  integral file:               0.00 MB
 Length of K-op  integral file:               0.08 MB

 Integral transformation finished. Total CPU:   0.00 sec, npass=  1  Memory used:   0.08 MW

 Memory needed for MP2:                      0.01 MW

 SCS-MP2 correlation energy:           -0.314870419724   (PS=  1.200000  PT=  0.333333)
 SCS-MP2 total energy:                -77.167454097143


  Reference energy                    -76.852583677419
  MP2 singlet pair energy              -0.205722134743
  MP2 triplet pair energy              -0.109291914695
  MP2 correlation energy               -0.315014049438

 !MP2 total energy                    -77.167597726857

 KEXT needed  1 integral passes. Memory used:   0.08 MW  CPU time:      0.00 sec


 CPHF trial vector read from record  4100.2

 Starting Coupled-perturbed Hartree-Fock, convergence threshold= 1.0D-06

 ITER   MIC  DIIS      VAR         VARC       CPU
   1     0     1    0.16D-07    0.13D-08     0.00

 CPHF convergence reached in  1 macroiterations and    0 microiterations.   Accuracy: 1.6026D-08

 CPHF solution written to record  4100.2

 Dipole moments (unrelaxed):            0.00000000     0.00000000     0.00000000
 Orbital relaxation contribution:      -0.00000000    -0.00000000    -0.00000000
 !MP2 STATE 1.1 Dipole moment           0.00000000     0.00000000     0.00000000
 Dipole moment /Debye                   0.00000000     0.00000000     0.00000000

 CPU-time for density and lagrangian:                  0.00 sec
 CPU-time for coupled-perturbed hartree-fock:          0.00 sec

 MP2 gradient info saved on record         5200.1


 **********************************************************************************************************************************
 DATASETS  * FILE   NREC   LENGTH (MB)   RECORD NAMES
              1      20       29.28       500      610      700      900      950      970     1000      129      960     1100   
                                          VAR    BASINP    GEOM    SYMINP    ZMAT    AOBASIS   BASIS     P2S    ABASIS      S 
                                         1400     1410     1200     1210     1080     1600     1650     1700     1380     5200   
                                           T        V       H0       H01     AOSYM     SMH    MOLCAS    OPER     JKOP      MP2  

              2       8        0.58       700     1000      520     2100     4100     5300     5450     5400   
                                         GEOM     BASIS   MCVARS     RHF     CPHF     HESS     NMOD     FREQ   

 PROGRAMS   *        TOTAL       MP2       MP2    HF-SCF       INT
 CPU TIMES  *        53.66      0.09      0.10      0.54      1.24
 REAL TIME  *        55.98 SEC
 DISK USED  *        93.47 MB (local),      727.43 MB (total)
 SF USED    *         0.77 MB
 GA USED    *         0.00 MB       (max)       0.00 MB       (current)
 **********************************************************************************************************************************
