
 Working directory              : /scratch/emmanous/c2h2.MP2.anopVQZ.com.40436/molpro.OrDVvGctLe/
 Global scratch directory       : /scratch/emmanous/c2h2.MP2.anopVQZ.com.40436/molpro.OrDVvGctLe/
 Wavefunction directory         : /home/emmanous/wfu/
 Main file repository           : /scratch/emmanous/c2h2.MP2.anopVQZ.com.40436/molpro.OrDVvGctLe/

 id        : wis

 Nodes     nprocs
 cff155       8
 GA implementation: MPI file
 GA implementation (serial work in mppx): MPI file

 Using DEFAULT tuning parameter for ncache   :   16384
 Using DEFAULT tuning parameter for mflopdgm :   10000
 Using DEFAULT tuning parameter for mflopdgv :    4000
 Using DEFAULT tuning parameter for mflopmxm :    5000
 Using DEFAULT tuning parameter for mflopmxv :    4000
 Using DEFAULT tuning parameter for mindgm   :       1
 Using DEFAULT tuning parameter for mindgc   :       4
 Using DEFAULT tuning parameter for mindgf   :    5000
 Using DEFAULT tuning parameter for mindgl   :       4
 Using DEFAULT tuning parameter for mindgr   :       1
 Using DEFAULT tuning parameter for mindgv   :      20
 Using DEFAULT tuning parameter for mincuda  :     500
 Using DEFAULT tuning parameter for mxmblk   :      64
 Using DEFAULT tuning parameter for mxmbln   :      64
 Using DEFAULT tuning parameter for nroll    :       2
 Using custom tuning parameter for ngpus     :       0
 Using customized tuning parameters: mindgm=1; mindgv=20; mindgc=4; mindgr=1; noblas=0; minvec=7

 Fortran compiler: integer size=8, double size=8, logical size=8
 default implementation of scratch files=sf  


 Variables initialized (1015), CPU time= 0.01 sec
 gthresh,energy=1d-12,gradient=1d-6,twoint=1d-18,prefac=1d-20
 noorient
 charge=0
 multiplicity=1
 geomtyp=xyz
 geom={
  H          0.0000000000        0.0000000000        1.6666880410
  C          0.0000000000        0.0000000000        0.6035406980
  C          0.0000000000        0.0000000000       -0.6035406980
  H          0.0000000000        0.0000000000       -1.6666880410
 }
 MASS,ISO
 MASS,PRINT
 
 basis={
 Including file /gpfs01/work/emmanous/6Frequencies/implementation/MOLPRO/G4-Tano-v1/EXAMPLE_C2H2/ano-pVQZ.mbas
 }
 hf
 mp2
 {freq,analytic,print=3;noproject}
 
 Commands initialized (834), CPU time= 0.00 sec, 672 directives.
 Default parameters read. Elapsed time= 0.07 sec

 Using DEFAULT tuning parameter for mpplat   :       3
 Using DEFAULT tuning parameter for mppspeed :    1600
 Checking input...
 Passed
1


                                         ***  PROGRAM SYSTEM MOLPRO  ***
                                       Copyright, TTI GmbH Stuttgart, 2015
                                    Version 2022.2 linked Thu May  5 23:39:45 2022


 **********************************************************************************************************************************
 LABEL *                                                                                 
  64 bit mpp version                                                                     DATE: 12-Aug-23          TIME: 09:56:59  
 **********************************************************************************************************************************

 SHA1:             518bf5c5e315925380b88506c70af759aa1d1d96
 **********************************************************************************************************************************

 Memory per process:      1500 MW
 Total memory per node:  12000 MW

 GA preallocation disabled
 GA check disabled

 Variable memory set to 1500.0 MW


 THRESHOLDS:

 ZERO    =  1.00D-12  ONEINT  =  1.00D-12  TWOINT  =  1.00D-18  PREFAC  =  1.00D-20  XXXXXX  =  1.00D-09  EORDER  =  1.00D-04
 ENERGY  =  1.00D-12  ETEST   =  0.00D+00  EDENS   =  0.00D+00  THRDEDEF=  1.00D-06  GRADIENT=  1.00D-06  STEP    =  1.00D-03
 ORBITAL =  1.00D-05  CIVEC   =  1.00D-05  COEFF   =  1.00D-04  PRINTCI =  5.00D-02  PUNCHCI =  9.90D+01  OPTGRAD =  3.00D-04
 OPTENERG=  1.00D-06  OPTSTEP =  3.00D-04  THRGRAD =  1.00D-10  COMPRESS=  1.00D-11  VARMIN  =  1.00D-07  VARMAX  =  1.00D-03
 THRDOUB =  0.00D+00  THRDIV  =  1.00D-05  THRRED  =  1.00D-07  THRPSP  =  1.00D+00  THRDC   =  1.00D-10  THRCS   =  1.00D-10
 THRNRM  =  1.00D-08  THREQ   =  0.00D+00  THRDE   =  1.00D+00  THRREF  =  1.00D-05  SPARFAC =  1.00D+00  THRDLP  =  1.00D-07
 THRDIA  =  1.00D-10  THRDLS  =  1.00D-07  THRGPS  =  0.00D+00  THRKEX  =  0.00D+00  THRDIS  =  2.00D-01  THRVAR  =  1.00D-10
 THRLOC  =  1.00D-06  THRGAP  =  1.00D-06  THRLOCT = -1.00D+00  THRGAPT = -1.00D+00  THRORB  =  1.00D-06  THRMLTP =  0.00D+00
 THRCPQCI=  1.00D-10  KEXTA   =  0.00D+00  THRCOARS=  0.00D+00  SYMTOL  =  1.00D-06  GRADTOL =  1.00D-06  THROVL  =  1.00D-08
 THRORTH =  1.00D-08  THRDLOVL= -1.00D+00  GRID    =  1.00D-06  GRIDMAX =  1.00D-03  DTMAX   =  0.00D+00  THROCCDE=  1.00D-01
 THROCCDE=  1.00D-01  THRPRINT=  2.50D-01

 SETTING CHARGE         =      0.0000000D+00                                  
 SETTING MULTIPLICITY   =         1.00000000                                  
 SETTING GEOMTYP        =    XYZ


 Using masses of most abundant isotopes

 **********************************************************************************************************************************


 Atomic masses

 Center       Mass
 H          1.00782
 C         12.00000
 C         12.00000
 H          1.00782
 SETTING BASIS          =    USERDEF


 Recomputing integrals since basis changed


 Using spherical harmonics



 PROGRAM * SEWARD (Integral evaluation for generally contracted gaussian basis sets)     Author: Roland Lindh, 1990

 Geometry written to block  1 of record 700


 Point group  D2h 



 ATOMIC COORDINATES

 NR  ATOM    CHARGE       X              Y              Z

   1  H       1.00    0.000000000    0.000000000    3.149583933
   2  H       1.00    0.000000000    0.000000000   -3.149583933
   3  C       6.00    0.000000000    0.000000000    1.140526624
   4  C       6.00    0.000000000    0.000000000   -1.140526624

 Bond lengths in Bohr (Angstrom)

 1-3  2.009057308  2-4  2.009057308  3-4  2.281053249
     ( 1.063147343)     ( 1.063147343)     ( 1.207081396)

 Bond angles

  1-3-4  180.00000000   2-4-3  180.00000000

 NUCLEAR CHARGE:                   14
 NUMBER OF PRIMITIVE AOS:         482
 NUMBER OF SYMMETRY AOS:          386
 NUMBER OF CONTRACTIONS:          170   (   35Ag  +   20B3u +   20B2u +   10B1g +   35B1u +   20B2g +   20B3g +   10Au  )
 NUMBER OF INNER CORE ORBITALS:     0   (    0Ag  +    0B3u +    0B2u +    0B1g +    0B1u +    0B2g +    0B3g +    0Au  )
 NUMBER OF OUTER CORE ORBITALS:     2   (    1Ag  +    0B3u +    0B2u +    0B1g +    1B1u +    0B2g +    0B3g +    0Au  )
 NUMBER OF VALENCE ORBITALS:       10   (    3Ag  +    1B3u +    1B2u +    0B1g +    3B1u +    1B2g +    1B3g +    0Au  )


 NUCLEAR REPULSION ENERGY   24.71101550

 EXTRA SYMMETRY OF AOS IN SYMMETRY 1:   1 1 1 1 1 1 1 1 2 1   2 1 2 1 1 1 1 1 1 1   1 1 1 2 1 2 1 2 1 2   1 2 1 3 2
 EXTRA SYMMETRY OF AOS IN SYMMETRY 2:   1 1 1 1 1 1 2 1 1 1   1 1 1 1 1 2 1 2 1 2
 EXTRA SYMMETRY OF AOS IN SYMMETRY 3:   1 1 1 1 1 1 2 1 1 1   1 1 1 1 1 2 1 2 1 2
 EXTRA SYMMETRY OF AOS IN SYMMETRY 4:   1 1 1 1 1 1 1 1 1 2
 EXTRA SYMMETRY OF AOS IN SYMMETRY 5:   1 1 1 1 1 1 1 1 2 1   2 1 2 1 1 1 1 1 1 1   1 1 1 2 1 2 1 2 1 2   1 2 1 3 2
 EXTRA SYMMETRY OF AOS IN SYMMETRY 6:   1 1 1 1 1 1 2 1 1 1   1 1 1 1 1 2 1 2 1 2
 EXTRA SYMMETRY OF AOS IN SYMMETRY 7:   1 1 1 1 1 1 2 1 1 1   1 1 1 1 1 2 1 2 1 2
 EXTRA SYMMETRY OF AOS IN SYMMETRY 8:   1 1 1 1 1 1 1 1 1 2

 Eigenvalues of metric

         1 0.180E-03 0.120E-02 0.180E-02 0.285E-02 0.258E-01 0.684E-01 0.906E-01 0.170E+00
         2 0.110E-02 0.442E-01 0.621E-01 0.173E+00 0.580E+00 0.591E+00 0.696E+00 0.911E+00
         3 0.110E-02 0.442E-01 0.621E-01 0.173E+00 0.580E+00 0.591E+00 0.696E+00 0.911E+00
         4 0.684E-01 0.451E+00 0.703E+00 0.101E+01 0.106E+01 0.114E+01 0.141E+01 0.175E+01
         5 0.324E-04 0.146E-03 0.588E-03 0.195E-02 0.250E-02 0.202E-01 0.231E-01 0.524E-01
         6 0.340E-03 0.803E-03 0.131E-01 0.803E-01 0.111E+00 0.325E+00 0.341E+00 0.511E+00
         7 0.340E-03 0.803E-03 0.131E-01 0.803E-01 0.111E+00 0.325E+00 0.341E+00 0.511E+00
         8 0.202E-01 0.524E-01 0.265E+00 0.568E+00 0.856E+00 0.916E+00 0.101E+01 0.126E+01


 Contracted 2-electron integrals neglected if value below      1.0D-18
 AO integral compression algorithm  1   Integral accuracy      1.0D-18

     136.839 MB (compressed) written to integral file ( 86.0%)

     Node minimum: 13.631 MB, node maximum: 20.709 MB


 NUMBER OF SORTED TWO-ELECTRON INTEGRALS:    1705524.     BUFFER LENGTH:  32768
 NUMBER OF SEGMENTS:   1  SEGMENT LENGTH:    1705524      RECORD LENGTH: 524288

 Memory used in sort:       2.26 MW

 SORT1 READ    19911704. AND WROTE     1537083. INTEGRALS IN      5 RECORDS. CPU TIME:     0.73 SEC, REAL TIME:     0.87 SEC
 SORT2 READ    12356827. AND WROTE    13738505. INTEGRALS IN    568 RECORDS. CPU TIME:     0.05 SEC, REAL TIME:     0.07 SEC

 Node minimum:     1705524.  Node maximum:     1734464. integrals

 OPERATOR DM      FOR CENTER  0  COORDINATES:    0.000000    0.000000    0.000000


 **********************************************************************************************************************************
 DATASETS  * FILE   NREC   LENGTH (MB)   RECORD NAMES
              1      18       29.17       500      610      700      900      950      970     1000      129      960     1100   
                                          VAR    BASINP    GEOM    SYMINP    ZMAT    AOBASIS   BASIS     P2S    ABASIS      S 
                                         1400     1410     1200     1210     1080     1600     1650     1700   
                                           T        V       H0       H01     AOSYM     SMH    MOLCAS    OPER   

 PROGRAMS   *        TOTAL       INT
 CPU TIMES  *         4.03      3.89
 REAL TIME  *         5.20 SEC
 DISK USED  *        29.56 MB (local),      503.25 MB (total)
 GA USED    *         0.00 MB       (max)       0.00 MB       (current)
 **********************************************************************************************************************************


 Program * Restricted Hartree-Fock

 Orbital guess generated from atomic densities.

 Initial occupancy:   3   1   1   0   2   0   0   0

 NELEC=   14   SYM=1   MS2= 0   THRE=1.0D-12   THRD=1.0D-06   THRG=1.0D-06  HFMA2=F  DIIS_START=2   DIIS_MAX=10   DIIS_INCORE=F

 Level shifts:    0.00 (CLOSED)    0.00 (OPEN)    0.30 (GAP_MIN)

 ITER           ETOT              DE          GRAD        DDIFF     DIIS  NEXP   TIME(IT)  TIME(TOT)  DIAG
   1      -76.83909841     -76.83909841     0.00D+00     0.88D-01     0     0       0.00      0.01    start
   2      -76.85321752      -0.01411911     0.87D-02     0.32D-02     1     0       0.01      0.02    diag
   3      -76.85456906      -0.00135154     0.26D-02     0.10D-02     2     0       0.00      0.02    diag
   4      -76.85469351      -0.00012446     0.54D-03     0.42D-03     3     0       0.01      0.03    diag
   5      -76.85469877      -0.00000525     0.11D-03     0.94D-04     4     0       0.00      0.03    diag
   6      -76.85469895      -0.00000018     0.20D-04     0.17D-04     5     0       0.01      0.04    diag
   7      -76.85469895      -0.00000000     0.26D-05     0.21D-05     6     0       0.00      0.04    diag
   8      -76.85469895      -0.00000000     0.36D-06     0.43D-06     7     0       0.00      0.04    fixocc
   9      -76.85469895      -0.00000000     0.29D-07     0.46D-07     8     0       0.01      0.05    diag
  10      -76.85469895       0.00000000     0.31D-08     0.19D-08     0     0       0.00      0.05    diag/orth

 Final occupancy:   3   1   1   0   2   0   0   0

 !RHF STATE 1.1 Energy                -76.854698950752
  RHF One-electron energy            -151.567860255861
  RHF Two-electron energy              50.002145805742
  RHF Kinetic energy                   76.687074254011
  RHF Nuclear energy                   24.711015499367
  RHF Virial quotient                  -1.002185827251

 !RHF STATE 1.1 Dipole moment           0.00000000     0.00000000     0.00000000
 Dipole moment /Debye                   0.00000000     0.00000000     0.00000000

 Orbital energies:

           1.1          2.1          3.1          4.1          5.1
    -11.243790    -1.028766    -0.681041     0.216721     0.266157

           1.2          2.2          3.2
     -0.410106     0.329810     0.616926

           1.3          2.3          3.3
     -0.410106     0.329810     0.616926

           1.4          2.4
      0.539756     1.527860

           1.5          2.5          3.5          4.5
    -11.240066    -0.767910     0.194422     0.330674

           1.6          2.6
      0.167360     0.488987

           1.7          2.7
      0.167360     0.488987

           1.8          2.8
      0.834080     1.894052


 HOMO      1.3    -0.410106 =     -11.1595eV
 LUMO      1.6     0.167360 =       4.5541eV
 LUMO-HOMO         0.577466 =      15.7136eV

 Orbitals saved in record  2100.2


 **********************************************************************************************************************************
 DATASETS  * FILE   NREC   LENGTH (MB)   RECORD NAMES
              1      18       29.18       500      610      700      900      950      970     1000      129      960     1100   
                                          VAR    BASINP    GEOM    SYMINP    ZMAT    AOBASIS   BASIS     P2S    ABASIS      S 
                                         1400     1410     1200     1210     1080     1600     1650     1700   
                                           T        V       H0       H01     AOSYM     SMH    MOLCAS    OPER   

              2       4        0.51       700     1000      520     2100   
                                         GEOM     BASIS   MCVARS     RHF  

 PROGRAMS   *        TOTAL    HF-SCF       INT
 CPU TIMES  *         4.22      0.20      3.89
 REAL TIME  *         5.55 SEC
 DISK USED  *        30.06 MB (local),      507.21 MB (total)
 GA USED    *         0.00 MB       (max)       0.00 MB       (current)
 **********************************************************************************************************************************


 PROGRAM * MP2 (Closed-shell)     Authors: C. Hampel, H.-J. Werner, 1991, M. Deegan, P.J. Knowles, 1992


 Convergence thresholds:  THRVAR = 1.00D-16  THRDEN = 1.00D-12

 Number of core orbitals:           2 (   1   0   0   0   1   0   0   0 )
 Number of closed-shell orbitals:   5 (   2   1   1   0   1   0   0   0 )
 Number of external orbitals:     163 (  32  19  19  10  33  20  20  10 )

 Molecular orbitals read from record     2100.2  Type=RHF/CANONICAL  

 Number of N-1 electron functions:               5
 Number of N-2 electron functions:              15
 Number of singly external CSFs:               135
 Number of doubly external CSFs:             44208
 Total number of CSFs:                       44344

 Length of J-op  integral file:               0.00 MB
 Length of K-op  integral file:               0.29 MB

 Integral transformation finished. Total CPU:   0.02 sec, npass=  1  Memory used:   0.13 MW

 Memory needed for MP2:                      0.02 MW

 SCS-MP2 correlation energy:           -0.333080596312   (PS=  1.200000  PT=  0.333333)
 SCS-MP2 total energy:                -77.187779547063


  Reference energy                    -76.854698950751
  MP2 singlet pair energy              -0.219690234979
  MP2 triplet pair energy              -0.111619790898
  MP2 correlation energy               -0.331310025877

 !MP2 total energy                    -77.186008976629

 KEXT needed  1 integral passes. Memory used:   0.22 MW  CPU time:      0.02 sec

 CPHF start vector      0.2 not found

 Starting Coupled-perturbed Hartree-Fock, convergence threshold= 1.0D-06

 ITER   MIC  DIIS      VAR         VARC       CPU
   1     0     1    0.35D-01    0.26D-02     0.01
   2     4     2    0.44D-03    0.12D-03     0.01
   3     3     3    0.27D-04    0.47D-05     0.01
   4     3     4    0.18D-05    0.27D-06     0.02
   5     1     5    0.86D-07    0.18D-07     0.02

 CPHF convergence reached in  5 macroiterations and   11 microiterations.   Accuracy: 8.6479D-08

 CPHF solution written to record  4100.2

 Dipole moments (unrelaxed):            0.00000000     0.00000000     0.00000000
 Orbital relaxation contribution:      -0.00000000    -0.00000000    -0.00000000
 !MP2 STATE 1.1 Dipole moment           0.00000000     0.00000000     0.00000000
 Dipole moment /Debye                   0.00000000     0.00000000     0.00000000

 CPU-time for density and lagrangian:                  0.00 sec
 CPU-time for coupled-perturbed hartree-fock:          0.02 sec

 MP2 gradient info saved on record         5200.1


 **********************************************************************************************************************************
 DATASETS  * FILE   NREC   LENGTH (MB)   RECORD NAMES
              1      20       30.43       500      610      700      900      950      970     1000      129      960     1100   
                                          VAR    BASINP    GEOM    SYMINP    ZMAT    AOBASIS   BASIS     P2S    ABASIS      S 
                                         1400     1410     1200     1210     1080     1600     1650     1700     1380     5200   
                                           T        V       H0       H01     AOSYM     SMH    MOLCAS    OPER     JKOP      MP2  

              2       5        0.81       700     1000      520     2100     4100   
                                         GEOM     BASIS   MCVARS     RHF     CPHF   

 PROGRAMS   *        TOTAL       MP2    HF-SCF       INT
 CPU TIMES  *         4.39      0.16      0.20      3.89
 REAL TIME  *         5.73 SEC
 DISK USED  *        31.33 MB (local),      517.41 MB (total)
 SF USED    *         2.91 MB
 GA USED    *         0.00 MB       (max)       0.00 MB       (current)
 **********************************************************************************************************************************


 PROGRAM * HESSIAN

 *** Long output written to logfile /gpfs01/work/emmanous/6Frequencies/implementation/MOLPRO/G4-Tano-v1/EXAMPLE_C2H2/c2h2.MP2.anopVQZ.log ***


 Computing numerical hessian using default procedure for command MP2

 Symmetry elements for unique displacements: X  Y  Z  

 Using AUTO symmetry option

 Running default procedure: HF-SCF000  MP2


 Numerically approximating hessian using central gradient differences

 Task list generated. Total number of displacements:      8

 All   8 tasks completed.  CPU=    233.17 sec, Elapsed=    238.17 sec.

 MP2 hessian saved to record  5300.2

 PROGRAM * FREQUENCIES (Calculation of harmonic vibrational spectra for MP2)


 Permanent Dipole Moment [debye]
   1-  3    0.000000    0.000000    0.000000

 Dipole Moment Norm    0.0000000 [debye]

 Dipole Moment Derivatives [debye/ang]
              1             2             3             4             5             6             7             8
    1    0.98760363    0.00000000    0.00000000   -0.98758454    0.00000000    0.00000000   -0.98758454    0.00000000
    2    0.00000000    0.98753515    0.00000000    0.00000000   -0.98764660    0.00000000    0.00000000   -0.98764660
    3    0.00000000    0.00000000    1.02109199    0.00000000    0.00000000   -1.02113099    0.00000000    0.00000000
              9            10            11            12
    1    0.00000000    0.98760363    0.00000000    0.00000000
    2    0.00000000    0.00000000    0.98753515    0.00000000
    3   -1.02113099    0.00000000    0.00000000    1.02109199

 Force Constants (Second Derivatives of the Energy) in [a.u.]
                             HX1         HY1         HZ1         CX2         CY2     
           HX1           0.0153357
           HY1           0.0000000   0.0153355
           HZ1           0.0000000   0.0000000   0.4131271
           CX2          -0.0232369   0.0000000   0.0000000   0.0436503
           CY2           0.0000000  -0.0232368   0.0000000   0.0000000   0.0436508
           CZ2           0.0000000   0.0000000  -0.4211112   0.0000000   0.0000000
           CX3           0.0023594   0.0000000   0.0000000  -0.0227730   0.0000000
           CY3           0.0000000   0.0023592   0.0000000   0.0000000  -0.0227734
           CZ3           0.0000000   0.0000000   0.0080656   0.0000000   0.0000000
           HX4           0.0055421   0.0000000   0.0000000   0.0023594   0.0000000
           HY4           0.0000000   0.0055422   0.0000000   0.0000000   0.0023592
           HZ4           0.0000000   0.0000000  -0.0000820   0.0000000   0.0000000
                             CZ2         CX3         CY3         CZ3         HX4     
           CZ2           1.4520853
           CX3           0.0000000   0.0436503
           CY3           0.0000000   0.0000000   0.0436508
           CZ3          -1.0390391  -0.0000000  -0.0000000   1.4520853
           HX4           0.0000000  -0.0232369   0.0000000  -0.0000000   0.0153357
           HY4           0.0000000   0.0000000  -0.0232368  -0.0000000   0.0000000
           HZ4           0.0080656  -0.0000000  -0.0000000  -0.4211112  -0.0000000
                             HY4         HZ4     
           HY4           0.0153355
           HZ4          -0.0000000   0.4131271


 Atomic Masses
   1-  4    1.007825   12.000000   12.000000    1.007825

 Mass weighted Second Derivative Matrix
                             HX1         HY1         HZ1         CX2         CY2     
           HX1           0.0152167
           HY1           0.0000000   0.0152164
           HZ1           0.0000000   0.0000000   0.4099195
           CX2          -0.0066818   0.0000000   0.0000000   0.0036375
           CY2           0.0000000  -0.0066818   0.0000000   0.0000000   0.0036376
           CZ2           0.0000000   0.0000000  -0.1210915   0.0000000   0.0000000
           CX3           0.0006784   0.0000000   0.0000000  -0.0018978   0.0000000
           CY3           0.0000000   0.0006784   0.0000000   0.0000000  -0.0018978
           CZ3           0.0000000   0.0000000   0.0023193   0.0000000   0.0000000
           HX4           0.0054990   0.0000000   0.0000000   0.0006784   0.0000000
           HY4           0.0000000   0.0054992   0.0000000   0.0000000   0.0006784
           HZ4           0.0000000   0.0000000  -0.0000814   0.0000000   0.0000000
                             CZ2         CX3         CY3         CZ3         HX4     
           CZ2           0.1210071
           CX3           0.0000000   0.0036375
           CY3           0.0000000   0.0000000   0.0036376
           CZ3          -0.0865866  -0.0000000  -0.0000000   0.1210071
           HX4           0.0000000  -0.0066818   0.0000000  -0.0000000   0.0152167
           HY4           0.0000000   0.0000000  -0.0066818  -0.0000000   0.0000000
           HZ4           0.0023193  -0.0000000  -0.0000000  -0.1210915  -0.0000000
                             HY4         HZ4     
           HY4           0.0152164
           HZ4          -0.0000000   0.4099195


 Mass Weighted 2nd Derivative Matrix Eigenvalues
   1- 10   -0.000025   -0.000025    0.000000    0.000000    0.000000    0.015278    0.015278    0.022455    0.022455    0.149197
  11- 12    0.444259    0.468398

 Mass Weighted 2nd Derivative Matrix Eigenvectors
              1             2             3             4             5             6             7             8
    1    0.00000000    0.42623352    0.19682035    0.00000385    0.00000072    0.00000000    0.56420296    0.00000000
    2    0.42624157    0.00000000   -0.00000385    0.19682108    0.00000349    0.56419688    0.00000000    0.67916232
    3    0.00000000    0.00000000   -0.00000072   -0.00000349    0.19682297    0.00000000    0.00000000    0.00000000
    4    0.00000000    0.56420296    0.67916254    0.00001328    0.00000250    0.00000000   -0.42623352    0.00000000
    5    0.56419688    0.00000000   -0.00001328    0.67916232    0.00001204   -0.42624157    0.00000000   -0.19682108
    6    0.00000000    0.00000000   -0.00000250   -0.00001204    0.67916178    0.00000000    0.00000000    0.00000000
    7    0.00000000   -0.56420296    0.67916254    0.00001328    0.00000250    0.00000000    0.42623352    0.00000000
    8   -0.56419688    0.00000000   -0.00001328    0.67916232    0.00001204    0.42624157    0.00000000   -0.19682108
    9    0.00000000    0.00000000   -0.00000250   -0.00001204    0.67916178    0.00000000    0.00000000    0.00000000
   10    0.00000000   -0.42623352    0.19682035    0.00000385    0.00000072    0.00000000   -0.56420296    0.00000000
   11   -0.42624157    0.00000000   -0.00000385    0.19682108    0.00000349   -0.56419688    0.00000000    0.67916232
   12    0.00000000    0.00000000   -0.00000072   -0.00000349    0.19682297    0.00000000    0.00000000    0.00000000
              9            10            11            12
    1    0.67916254    0.00000000    0.00000000    0.00000000
    2    0.00000000    0.00000000    0.00000000    0.00000000
    3    0.00000000    0.30244629    0.67916178    0.63916058
    4   -0.19682035    0.00000000    0.00000000    0.00000000
    5    0.00000000    0.00000000    0.00000000    0.00000000
    6    0.00000000    0.63916058   -0.19682297   -0.30244629
    7   -0.19682035    0.00000000    0.00000000    0.00000000
    8    0.00000000    0.00000000    0.00000000    0.00000000
    9    0.00000000   -0.63916058   -0.19682297    0.30244629
   10    0.67916254    0.00000000    0.00000000    0.00000000
   11    0.00000000    0.00000000    0.00000000    0.00000000
   12    0.00000000   -0.30244629    0.67916178   -0.63916058

 Imaginary Vibration  Wavenumber
        Nr             [1/cm] 
        1               25.79
        2               25.76
        3                0.00
        4                0.00

   Low Vibration      Wavenumber
        Nr             [1/cm] 
        1                0.00

     Vibration        Wavenumber
        Nr             [1/cm] 
        1              635.38
        2              635.39
        3              770.31
        4              770.31
        5             1985.56
        6             3426.27
        7             3518.13

 FREQUENCIES * CALCULATION OF NORMAL MODES FOR MP2


 Atomic Coordinates

  Nr  Atom  Charge       X              Y              Z

   1   H     1.00    0.000000000    0.000000000    3.149583933
   2   C     6.00    0.000000000    0.000000000    1.140526624
   3   C     6.00    0.000000000    0.000000000   -1.140526624
   4   H     1.00    0.000000000    0.000000000   -3.149583933

 Normal Modes

                              1 B3g       2 B2g       3 B2u       4 B3u       5 Ag 
 Wavenumbers [cm-1]          635.38      635.39      770.31      770.31     1985.56
 Intensities [km/mol]          0.00        0.00       88.65       88.66        0.00
 Intensities [relative]        0.00        0.00       93.54       93.55        0.00
           HX1             -0.00000     0.56201     0.00000     0.67652    -0.00000
           HY1              0.56200     0.00000     0.67652    -0.00000     0.00000
           HZ1             -0.00000    -0.00000     0.00000     0.00000     0.30127
           CX2              0.00000    -0.12304    -0.00000    -0.05682     0.00000
           CY2             -0.12305    -0.00000    -0.05682     0.00000    -0.00000
           CZ2              0.00000     0.00000     0.00000    -0.00000     0.18451
           CX3             -0.00000     0.12304    -0.00000    -0.05682    -0.00000
           CY3              0.12305     0.00000    -0.05682     0.00000     0.00000
           CZ3              0.00000     0.00000     0.00000    -0.00000    -0.18451
           HX4              0.00000    -0.56201     0.00000     0.67652     0.00000
           HY4             -0.56200    -0.00000     0.67652    -0.00000     0.00000
           HZ4              0.00000     0.00000     0.00000     0.00000    -0.30127

                              6 B1u       7 Ag 
 Wavenumbers [cm-1]         3426.27     3518.13
 Intensities [km/mol]         94.77        0.00
 Intensities [relative]      100.00        0.00
           HX1             -0.00000    -0.00000
           HY1             -0.00000    -0.00000
           HZ1              0.67652     0.63667
           CX2              0.00000     0.00000
           CY2             -0.00000     0.00000
           CZ2             -0.05682    -0.08731
           CX3             -0.00000    -0.00000
           CY3             -0.00000     0.00000
           CZ3             -0.05682     0.08731
           HX4             -0.00000     0.00000
           HY4              0.00000    -0.00000
           HZ4              0.67652    -0.63667


 Normal Modes of imaginary frequencies

                                  1           2           3           4
 Wavenumbers [cm-1]           25.79       25.76        0.00        0.00
 Intensities [km/mol]          0.00        0.00        0.00        0.00
 Intensities [relative]        0.00        0.00        0.00        0.00
           HX1              0.00000     0.42458     0.19605     0.00000
           HY1              0.42458    -0.00000    -0.00000     0.19606
           HZ1              0.00000     0.00000    -0.00000    -0.00000
           CX2              0.00000     0.16287     0.19606     0.00000
           CY2              0.16287    -0.00000    -0.00000     0.19606
           CZ2              0.00000     0.00000    -0.00000    -0.00000
           CX3             -0.00000    -0.16287     0.19606     0.00000
           CY3             -0.16287     0.00000    -0.00000     0.19606
           CZ3              0.00000     0.00000    -0.00000    -0.00000
           HX4             -0.00000    -0.42458     0.19605     0.00000
           HY4             -0.42458     0.00000    -0.00000     0.19606
           HZ4              0.00000     0.00000    -0.00000    -0.00000


 Normal Modes of low/zero frequencies

                                  1
 Wavenumbers [cm-1]            0.00
 Intensities [km/mol]          0.00
 Intensities [relative]        0.00
           HX1              0.00000
           HY1              0.00000
           HZ1              0.19606
           CX2              0.00000
           CY2              0.00000
           CZ2              0.19606
           CX3              0.00000
           CY3              0.00000
           CZ3              0.19606
           HX4              0.00000
           HY4              0.00000
           HZ4              0.19606


 Frequencies dumped to record   5400.2

 Zero point energy:  0.02674877 [H]     5870.68 [1/CM]       70.23 [KJ/MOL]
 Frequency information read from record  5400.2

 Recomputing wavefunction at initial geometry


 **********************************************************************************************************************************
 DATASETS  * FILE   NREC   LENGTH (MB)   RECORD NAMES
              1      20       30.43       500      610      700      900      950      970     1000      129      960     1100   
                                          VAR    BASINP    GEOM    SYMINP    ZMAT    AOBASIS   BASIS     P2S    ABASIS      S 
                                         1400     1410     1200     1210     1080     1600     1650     1700     1380     5200   
                                           T        V       H0       H01     AOSYM     SMH    MOLCAS    OPER     JKOP      MP2  

              2       8        1.01       700     1000      520     2100     4100     5300     5450     5400   
                                         GEOM     BASIS   MCVARS     RHF     CPHF     HESS     NMOD     FREQ   

 PROGRAMS   *        TOTAL      FREQ       MP2    HF-SCF       INT
 CPU TIMES  *       239.53    235.13      0.16      0.20      3.89
 REAL TIME  *       249.48 SEC
 DISK USED  *       993.07 MB (local),        5.82 GB (total)
 SF USED    *         2.91 MB
 GA USED    *         0.00 MB       (max)       0.00 MB       (current)
 **********************************************************************************************************************************

 MP2/USERDEF energy=    -77.186008974591

             MP2          HF-SCF
    -77.18600898    -76.85469895
 **********************************************************************************************************************************
 Molpro calculation terminated
