
 Working directory              : /scratch/emmanous/c2h2.CCSDt.anopVTZ.com.41638/molpro.3YckJfZchD/
 Global scratch directory       : /scratch/emmanous/c2h2.CCSDt.anopVTZ.com.41638/molpro.3YckJfZchD/
 Wavefunction directory         : /home/emmanous/wfu/
 Main file repository           : /scratch/emmanous/c2h2.CCSDt.anopVTZ.com.41638/molpro.3YckJfZchD/

 id        : wis

 Nodes     nprocs
 cff155       8
 GA implementation: MPI file
 GA implementation (serial work in mppx): MPI file

 Using DEFAULT tuning parameter for ncache   :   16384
 Using DEFAULT tuning parameter for mflopdgm :   10000
 Using DEFAULT tuning parameter for mflopdgv :    4000
 Using DEFAULT tuning parameter for mflopmxm :    5000
 Using DEFAULT tuning parameter for mflopmxv :    4000
 Using DEFAULT tuning parameter for mindgm   :       1
 Using DEFAULT tuning parameter for mindgc   :       4
 Using DEFAULT tuning parameter for mindgf   :    5000
 Using DEFAULT tuning parameter for mindgl   :       4
 Using DEFAULT tuning parameter for mindgr   :       1
 Using DEFAULT tuning parameter for mindgv   :      20
 Using DEFAULT tuning parameter for mincuda  :     500
 Using DEFAULT tuning parameter for mxmblk   :      64
 Using DEFAULT tuning parameter for mxmbln   :      64
 Using DEFAULT tuning parameter for nroll    :       2
 Using custom tuning parameter for ngpus     :       0
 Using customized tuning parameters: mindgm=1; mindgv=20; mindgc=4; mindgr=1; noblas=0; minvec=7

 Fortran compiler: integer size=8, double size=8, logical size=8
 default implementation of scratch files=sf  


 Variables initialized (1015), CPU time= 0.00 sec
 gthresh,energy=1d-12,gradient=1d-6,twoint=1d-18,prefac=1d-20
 noorient
 charge=0
 multiplicity=1
 geomtyp=xyz
 geom={
  H          0.0000000000        0.0000000000        1.6666880410
  C          0.0000000000        0.0000000000        0.6035406980
  C          0.0000000000        0.0000000000       -0.6035406980
  H          0.0000000000        0.0000000000       -1.6666880410
 }
 MASS,ISO
 MASS,PRINT
 
 basis={
 Including file /gpfs01/work/emmanous/6Frequencies/implementation/MOLPRO/G4-Tano-v1/EXAMPLE_C2H2/ano-pVTZ.mbas
 }
 hf
 ccsd(t)
 {freq,print=3;noproject}
 Commands initialized (834), CPU time= 0.00 sec, 672 directives.
 Default parameters read. Elapsed time= 0.07 sec

 Using DEFAULT tuning parameter for mpplat   :       3
 Using DEFAULT tuning parameter for mppspeed :    1600
 Checking input...
 Passed
1


                                         ***  PROGRAM SYSTEM MOLPRO  ***
                                       Copyright, TTI GmbH Stuttgart, 2015
                                    Version 2022.2 linked Thu May  5 23:39:45 2022


 **********************************************************************************************************************************
 LABEL *                                                                                 
  64 bit mpp version                                                                     DATE: 12-Aug-23          TIME: 10:02:07  
 **********************************************************************************************************************************

 SHA1:             518bf5c5e315925380b88506c70af759aa1d1d96
 **********************************************************************************************************************************

 Memory per process:      1500 MW
 Total memory per node:  12000 MW

 GA preallocation disabled
 GA check disabled

 Variable memory set to 1500.0 MW


 THRESHOLDS:

 ZERO    =  1.00D-12  ONEINT  =  1.00D-12  TWOINT  =  1.00D-18  PREFAC  =  1.00D-20  XXXXXX  =  1.00D-09  EORDER  =  1.00D-04
 ENERGY  =  1.00D-12  ETEST   =  0.00D+00  EDENS   =  0.00D+00  THRDEDEF=  1.00D-06  GRADIENT=  1.00D-06  STEP    =  1.00D-03
 ORBITAL =  1.00D-05  CIVEC   =  1.00D-05  COEFF   =  1.00D-04  PRINTCI =  5.00D-02  PUNCHCI =  9.90D+01  OPTGRAD =  3.00D-04
 OPTENERG=  1.00D-06  OPTSTEP =  3.00D-04  THRGRAD =  1.00D-10  COMPRESS=  1.00D-11  VARMIN  =  1.00D-07  VARMAX  =  1.00D-03
 THRDOUB =  0.00D+00  THRDIV  =  1.00D-05  THRRED  =  1.00D-07  THRPSP  =  1.00D+00  THRDC   =  1.00D-10  THRCS   =  1.00D-10
 THRNRM  =  1.00D-08  THREQ   =  0.00D+00  THRDE   =  1.00D+00  THRREF  =  1.00D-05  SPARFAC =  1.00D+00  THRDLP  =  1.00D-07
 THRDIA  =  1.00D-10  THRDLS  =  1.00D-07  THRGPS  =  0.00D+00  THRKEX  =  0.00D+00  THRDIS  =  2.00D-01  THRVAR  =  1.00D-10
 THRLOC  =  1.00D-06  THRGAP  =  1.00D-06  THRLOCT = -1.00D+00  THRGAPT = -1.00D+00  THRORB  =  1.00D-06  THRMLTP =  0.00D+00
 THRCPQCI=  1.00D-10  KEXTA   =  0.00D+00  THRCOARS=  0.00D+00  SYMTOL  =  1.00D-06  GRADTOL =  1.00D-06  THROVL  =  1.00D-08
 THRORTH =  1.00D-08  THRDLOVL= -1.00D+00  GRID    =  1.00D-06  GRIDMAX =  1.00D-03  DTMAX   =  0.00D+00  THROCCDE=  1.00D-01
 THROCCDE=  1.00D-01  THRPRINT=  2.50D-01

 SETTING CHARGE         =      0.0000000D+00                                  
 SETTING MULTIPLICITY   =         1.00000000                                  
 SETTING GEOMTYP        =    XYZ


 Using masses of most abundant isotopes

 **********************************************************************************************************************************


 Atomic masses

 Center       Mass
 H          1.00782
 C         12.00000
 C         12.00000
 H          1.00782
 SETTING BASIS          =    USERDEF


 Recomputing integrals since basis changed


 Using spherical harmonics



 PROGRAM * SEWARD (Integral evaluation for generally contracted gaussian basis sets)     Author: Roland Lindh, 1990

 Geometry written to block  1 of record 700


 Point group  D2h 



 ATOMIC COORDINATES

 NR  ATOM    CHARGE       X              Y              Z

   1  H       1.00    0.000000000    0.000000000    3.149583933
   2  H       1.00    0.000000000    0.000000000   -3.149583933
   3  C       6.00    0.000000000    0.000000000    1.140526624
   4  C       6.00    0.000000000    0.000000000   -1.140526624

 Bond lengths in Bohr (Angstrom)

 1-3  2.009057308  2-4  2.009057308  3-4  2.281053249
     ( 1.063147343)     ( 1.063147343)     ( 1.207081396)

 Bond angles

  1-3-4  180.00000000   2-4-3  180.00000000

 NUCLEAR CHARGE:                   14
 NUMBER OF PRIMITIVE AOS:         332
 NUMBER OF SYMMETRY AOS:          290
 NUMBER OF CONTRACTIONS:           88   (   20Ag  +   10B3u +   10B2u +    4B1g +   20B1u +   10B2g +   10B3g +    4Au  )
 NUMBER OF INNER CORE ORBITALS:     0   (    0Ag  +    0B3u +    0B2u +    0B1g +    0B1u +    0B2g +    0B3g +    0Au  )
 NUMBER OF OUTER CORE ORBITALS:     2   (    1Ag  +    0B3u +    0B2u +    0B1g +    1B1u +    0B2g +    0B3g +    0Au  )
 NUMBER OF VALENCE ORBITALS:       10   (    3Ag  +    1B3u +    1B2u +    0B1g +    3B1u +    1B2g +    1B3g +    0Au  )


 NUCLEAR REPULSION ENERGY   24.71101550

 EXTRA SYMMETRY OF AOS IN SYMMETRY 1:   1 1 1 1 1 1 2 1 1 1   1 1 1 1 1 2 1 2 1 2
 EXTRA SYMMETRY OF AOS IN SYMMETRY 2:   1 1 1 1 1 1 1 1 1 2
 EXTRA SYMMETRY OF AOS IN SYMMETRY 3:   1 1 1 1 1 1 1 1 1 2
 EXTRA SYMMETRY OF AOS IN SYMMETRY 5:   1 1 1 1 1 1 2 1 1 1   1 1 1 1 1 2 1 2 1 2
 EXTRA SYMMETRY OF AOS IN SYMMETRY 6:   1 1 1 1 1 1 1 1 1 2
 EXTRA SYMMETRY OF AOS IN SYMMETRY 7:   1 1 1 1 1 1 1 1 1 2

 Eigenvalues of metric

         1 0.424E-03 0.624E-02 0.182E-01 0.655E-01 0.393E+00 0.444E+00 0.512E+00 0.743E+00
         2 0.258E-01 0.262E+00 0.564E+00 0.878E+00 0.104E+01 0.124E+01 0.157E+01 0.175E+01
         3 0.258E-01 0.262E+00 0.564E+00 0.878E+00 0.104E+01 0.124E+01 0.157E+01 0.175E+01
         4 0.444E+00 0.107E+01 0.163E+01 0.182E+01
         5 0.180E-03 0.424E-03 0.504E-02 0.304E-01 0.440E-01 0.177E+00 0.299E+00 0.379E+00
         6 0.429E-02 0.174E-01 0.154E+00 0.413E+00 0.763E+00 0.781E+00 0.967E+00 0.140E+01
         7 0.429E-02 0.174E-01 0.154E+00 0.413E+00 0.763E+00 0.781E+00 0.967E+00 0.140E+01
         8 0.177E+00 0.379E+00 0.903E+00 0.157E+01


 Contracted 2-electron integrals neglected if value below      1.0D-18
 AO integral compression algorithm  1   Integral accuracy      1.0D-18

     12.583 MB (compressed) written to integral file ( 98.6%)

     Node minimum: 1.311 MB, node maximum: 2.097 MB


 NUMBER OF SORTED TWO-ELECTRON INTEGRALS:     125554.     BUFFER LENGTH:  32768
 NUMBER OF SEGMENTS:   1  SEGMENT LENGTH:     125554      RECORD LENGTH: 524288

 Memory used in sort:       0.68 MW

 SORT1 READ     1627520. AND WROTE      113835. INTEGRALS IN      1 RECORDS. CPU TIME:     0.08 SEC, REAL TIME:     0.10 SEC
 SORT2 READ      940589. AND WROTE     1044030. INTEGRALS IN     48 RECORDS. CPU TIME:     0.02 SEC, REAL TIME:     0.01 SEC

 Node minimum:      125554.  Node maximum:      134456. integrals

 OPERATOR DM      FOR CENTER  0  COORDINATES:    0.000000    0.000000    0.000000


 **********************************************************************************************************************************
 DATASETS  * FILE   NREC   LENGTH (MB)   RECORD NAMES
              1      18       28.94       500      610      700      900      950      970     1000      129      960     1100   
                                          VAR    BASINP    GEOM    SYMINP    ZMAT    AOBASIS   BASIS     P2S    ABASIS      S 
                                         1400     1410     1200     1210     1080     1600     1650     1700   
                                           T        V       H0       H01     AOSYM     SMH    MOLCAS    OPER   

 PROGRAMS   *        TOTAL       INT
 CPU TIMES  *         1.31      1.18
 REAL TIME  *         2.31 SEC
 DISK USED  *        29.29 MB (local),      274.56 MB (total)
 GA USED    *         0.00 MB       (max)       0.00 MB       (current)
 **********************************************************************************************************************************


 Program * Restricted Hartree-Fock

 Orbital guess generated from atomic densities.

 Initial occupancy:   3   1   1   0   2   0   0   0

 NELEC=   14   SYM=1   MS2= 0   THRE=1.0D-12   THRD=1.0D-06   THRG=1.0D-06  HFMA2=F  DIIS_START=2   DIIS_MAX=10   DIIS_INCORE=F

 Level shifts:    0.00 (CLOSED)    0.00 (OPEN)    0.30 (GAP_MIN)

 ITER           ETOT              DE          GRAD        DDIFF     DIIS  NEXP   TIME(IT)  TIME(TOT)  DIAG
   1      -76.83707187     -76.83707187     0.00D+00     0.16D+00     0     0       0.00      0.01    start
   2      -76.85114735      -0.01407548     0.12D-01     0.58D-02     1     0       0.00      0.01    diag
   3      -76.85246541      -0.00131806     0.35D-02     0.12D-02     2     0       0.00      0.01    diag
   4      -76.85257964      -0.00011423     0.74D-03     0.55D-03     3     0       0.01      0.02    diag
   5      -76.85258355      -0.00000391     0.14D-03     0.84D-04     4     0       0.00      0.02    diag
   6      -76.85258368      -0.00000012     0.23D-04     0.17D-04     5     0       0.00      0.02    diag
   7      -76.85258368      -0.00000000     0.30D-05     0.27D-05     6     0       0.00      0.02    diag
   8      -76.85258368      -0.00000000     0.39D-06     0.46D-06     7     0       0.00      0.02    fixocc
   9      -76.85258368      -0.00000000     0.35D-07     0.35D-07     8     0       0.00      0.02    diag
  10      -76.85258368      -0.00000000     0.27D-08     0.20D-08     0     0       0.00      0.02    diag/orth

 Final occupancy:   3   1   1   0   2   0   0   0

 !RHF STATE 1.1 Energy                -76.852583677419
  RHF One-electron energy            -151.547664498728
  RHF Two-electron energy              49.984065321942
  RHF Kinetic energy                   76.721887072244
  RHF Nuclear energy                   24.711015499367
  RHF Virial quotient                  -1.001703511347

 !RHF STATE 1.1 Dipole moment           0.00000000     0.00000000     0.00000000
 Dipole moment /Debye                   0.00000000     0.00000000     0.00000000

 Orbital energies:

           1.1          2.1          3.1          4.1          5.1
    -11.245312    -1.029857    -0.681853     0.318665     0.322353

           1.2          2.2          3.2
     -0.411170     0.452655     0.742126

           1.3          2.3          3.3
     -0.411170     0.452655     0.742126

           1.4          2.4
      0.641968     2.129282

           1.5          2.5          3.5          4.5
    -11.241597    -0.768808     0.272373     0.452533

           1.6          2.6
      0.189348     0.743785

           1.7          2.7
      0.189348     0.743785

           1.8          2.8
      0.996907     2.640356


 HOMO      1.3    -0.411170 =     -11.1885eV
 LUMO      1.6     0.189348 =       5.1524eV
 LUMO-HOMO         0.600518 =      16.3409eV

 Orbitals saved in record  2100.2


 **********************************************************************************************************************************
 DATASETS  * FILE   NREC   LENGTH (MB)   RECORD NAMES
              1      18       28.94       500      610      700      900      950      970     1000      129      960     1100   
                                          VAR    BASINP    GEOM    SYMINP    ZMAT    AOBASIS   BASIS     P2S    ABASIS      S 
                                         1400     1410     1200     1210     1080     1600     1650     1700   
                                           T        V       H0       H01     AOSYM     SMH    MOLCAS    OPER   

              2       4        0.44       700     1000      520     2100   
                                         GEOM     BASIS   MCVARS     RHF  

 PROGRAMS   *        TOTAL    HF-SCF       INT
 CPU TIMES  *         1.42      0.11      1.18
 REAL TIME  *         2.61 SEC
 DISK USED  *        29.53 MB (local),      276.49 MB (total)
 GA USED    *         0.00 MB       (max)       0.00 MB       (current)
 **********************************************************************************************************************************


 PROGRAM * CCSD (Closed-shell coupled cluster)     Authors: C. Hampel, H.-J. Werner, 1991, M. Deegan, P.J. Knowles, 1992


 Convergence thresholds:  THRVAR = 1.00D-16  THRDEN = 1.00D-12

 CCSD(T)     terms to be evaluated (factor= 1.000)


 Using ITF CCSD(T) gradient implementation

 Number of core orbitals:           2 (   1   0   0   0   1   0   0   0 )
 Number of closed-shell orbitals:   5 (   2   1   1   0   1   0   0   0 )
 Number of external orbitals:      81 (  17   9   9   4  18  10  10   4 )

 Molecular orbitals read from record     2100.2  Type=RHF/CANONICAL  

 Integral transformation finished. Total CPU:   0.02 sec, npass=  1  Memory used:   0.21 MW
 Time for re-packing tensors:             0.00 sec
  Reference energy                    -76.852583677419

  MP2 correlation energy               -0.315014050638
  MP2 total energy                    -77.167597728057

 ITER.      SQ.NORM     CORR.ENERGY   TOTAL ENERGY   ENERGY CHANGE        DEN1      VAR(S)    VAR(P)  DIIS     TIME
   1      1.12075116    -0.32510471   -77.17768839    -0.01009066     0.00040517  2.20e-03  2.31e-03  1  1     0.02
   2      1.13066867    -0.32619254   -77.17877622    -0.00108783    -0.00917362  3.74e-05  4.43e-04  2  2     0.03
   3      1.13337906    -0.32653996   -77.17912364    -0.00034743    -0.00098136  1.10e-05  9.93e-05  3  3     0.05
   4      1.13598035    -0.32664644   -77.17923011    -0.00010647    -0.00130070  1.00e-07  2.28e-05  4  4     0.07
   5      1.13721586    -0.32665777   -77.17924144    -0.00001133    -0.00040686  5.03e-08  3.02e-06  5  5     0.09
   6      1.13770529    -0.32665077   -77.17923445     0.00000700    -0.00014488  1.09e-09  1.76e-07  6  0     0.11
   7      1.13780013    -0.32664619   -77.17922987     0.00000458    -0.00002537  1.37e-10  8.52e-09  6  1     0.13
   8      1.13781169    -0.32664521   -77.17922889     0.00000098    -0.00000297  7.49e-12  6.42e-10  6  2     0.15
   9      1.13781270    -0.32664507   -77.17922875     0.00000014    -0.00000035  1.14e-12  5.89e-11  6  3     0.17
  10      1.13781337    -0.32664509   -77.17922876    -0.00000002    -0.00000010  6.21e-14  2.91e-12  6  4     0.19
  11      1.13781343    -0.32664508   -77.17922876     0.00000000    -0.00000002  3.60e-15  1.52e-13  6  5     0.21
  12      1.13781340    -0.32664508   -77.17922876    -0.00000000     0.00000001  6.89e-16  1.42e-14  6  0     0.23
  13      1.13781338    -0.32664508   -77.17922876     0.00000000     0.00000000  7.63e-17  1.38e-15  6  1     0.25
  14      1.13781337    -0.32664508   -77.17922876    -0.00000000     0.00000000  1.29e-18  1.14e-16  6  2     0.27
  15      1.13781336    -0.32664508   -77.17922876    -0.00000000     0.00000000  3.60e-19  1.23e-17  6  3     0.29
  16      1.13781336    -0.32664508   -77.17922876    -0.00000000     0.00000000  4.82e-21  1.08e-18  6  4     0.31
  17      1.13781336    -0.32664508   -77.17922876    -0.00000000     0.00000000  2.88e-21  1.30e-19  6  5     0.33
  18      1.13781336    -0.32664508   -77.17922876    -0.00000000     0.00000000  1.30e-22  1.42e-20  6  0     0.36
  19      1.13781336    -0.32664508   -77.17922876    -0.00000000     0.00000000  2.64e-23  1.21e-21           0.37

 Norm of t1 vector:      0.05837765     S-energy:      0.00000000   T1 diagnostic:  0.01305364

 Time per iteration:                      0.02 sec

 RESULTS
 =======

  Reference energy                    -76.852583677419
  CCSD correlation energy              -0.326645084771
  CCSD total energy                   -77.179228762190

  Triples (T) contribution             -0.017036711257
  Total correlation energy             -0.343681796028
  CCSD[T] total energy                -77.196893395991
 !CCSD(T) total energy                -77.196265473447

 Starting CP-CCSD(T) iterations.   Author: W. Gyorffy (2015)

 ITER.      NRM1           NRM2      VAR(S)+VAR(P)   DIIS    TIME
   1     0.00164054     0.47469826     7.58e-03      1  1    0.02
   2     0.00185942     0.46725811     2.30e-04      2  2    0.04
   3     0.00182782     0.46795514     2.35e-05      3  3    0.07
   4     0.00184016     0.46705021     7.03e-06      4  4    0.09
   5     0.00185077     0.46618540     1.06e-06      5  5    0.11
   6     0.00185619     0.46573559     6.48e-08      6  0    0.13
   7     0.00185740     0.46560941     1.32e-09      6  1    0.16
   8     0.00185745     0.46559386     7.14e-11      6  2    0.18
   9     0.00185743     0.46559213     6.45e-12      6  3    0.21
  10     0.00185742     0.46559149     4.63e-13      6  4    0.23
  11     0.00185743     0.46559136     4.64e-14      6  5    0.25
  12     0.00185743     0.46559134     3.81e-15      6  0    0.27
  13     0.00185743     0.46559134     4.43e-16      6  1    0.29
  14     0.00185743     0.46559134     9.31e-17      6  2    0.32
  15     0.00185743     0.46559134     1.69e-17      6  3    0.34
  16     0.00185743     0.46559134     1.07e-18      6  4    0.37
  17     0.00185743     0.46559135     8.66e-20      6  5    0.39
  18     0.00185743     0.46559135     4.89e-21              0.41


 Time per iteration:                      0.02 sec

 CPHF start vector      0.2 not found

 Starting Coupled-perturbed Hartree-Fock, convergence threshold= 1.0D-06

 ITER   MIC  DIIS      VAR         VARC       CPU
   1     0     1    0.22D-02    0.19D-02     0.00
   2     2     2    0.23D-03    0.29D-04     0.01
   3     3     3    0.52D-05    0.24D-05     0.01
   4     2     4    0.31D-06    0.33D-07     0.01

 CPHF convergence reached in  4 macroiterations and    7 microiterations.   Accuracy: 3.1357D-07

 CPHF solution written to record  8500.2

 Dipole moments (unrelaxed):            0.00000000     0.00000000     0.00000000
 Orbital relaxation contribution:      -0.00000000    -0.00000000    -0.00000000
 !CCSD(T) STATE 1.1 Dipole moment       0.00000000     0.00000000     0.00000000
 Dipole moment /Debye                   0.00000000     0.00000000     0.00000000

 CPU-time for coupled-perturbed hartree-fock:          0.01 sec

 Number of N-1 electron functions:               5
 Number of N-2 electron functions:              15
 Number of singly external CSFs:                70
 Number of doubly external CSFs:             11281
 Total number of CSFs:                       11352

 CCSD(T) gradient info saved on record        55555.1




 **********************************************************************************************************************************
 DATASETS  * FILE   NREC   LENGTH (MB)   RECORD NAMES
              1      21       33.11       500      610      700      900      950      970     1000      129      960     1100   
                                          VAR    BASINP    GEOM    SYMINP    ZMAT    AOBASIS   BASIS     P2S    ABASIS      S 
                                         1400     1410     1200     1210     1080     1600     1650     1700     1380     3791   
                                           T        V       H0       H01     AOSYM     SMH    MOLCAS    OPER     JKOP   
                                        55555   
                                        CCSD(T)    

              2       5        0.52       700     1000      520     2100     8500   
                                         GEOM     BASIS   MCVARS     RHF     CPHF   

 PROGRAMS   *        TOTAL   CCSD(T)    HF-SCF       INT
 CPU TIMES  *         2.89      1.46      0.11      1.18
 REAL TIME  *         4.21 SEC
 DISK USED  *        33.70 MB (local),      309.84 MB (total)
 SF USED    *        29.83 MB
 GA USED    *         0.00 MB       (max)       0.00 MB       (current)
 **********************************************************************************************************************************


 PROGRAM * HESSIAN

 *** Long output written to logfile /gpfs01/work/emmanous/6Frequencies/implementation/MOLPRO/G4-Tano-v1/EXAMPLE_C2H2/c2h2.CCSDt.anopVTZ.log ***


 Computing numerical hessian using default procedure for command CCSD(T)

 Symmetry elements for unique displacements: X  Y  Z  

 Using AUTO symmetry option

 Running default procedure: HF-SCF000  CCSD(T)


 Numerically approximating hessian using central gradient differences

 Task list generated. Total number of displacements:      8

 All   8 tasks completed.  CPU=    100.82 sec, Elapsed=    101.41 sec.

 CCSD(T) hessian saved to record  5300.2

 PROGRAM * FREQUENCIES (Calculation of harmonic vibrational spectra for CCSD(T))


 Permanent Dipole Moment [debye]
   1-  3    0.000000    0.000000    0.000000

 Dipole Moment Norm    0.0000000 [debye]

 Dipole Moment Derivatives [debye/ang]
              1             2             3             4             5             6             7             8
    1    0.99674499    0.00000000    0.00000000   -0.99677590    0.00000000    0.00000000   -0.99677590    0.00000000
    2    0.00000000    0.99675542    0.00000000    0.00000000   -0.99676845    0.00000000    0.00000000   -0.99676845
    3    0.00000000    0.00000000    0.96163450    0.00000000    0.00000000   -0.96164594    0.00000000    0.00000000
              9            10            11            12
    1    0.00000000    0.99674499    0.00000000    0.00000000
    2    0.00000000    0.00000000    0.99675542    0.00000000
    3   -0.96164594    0.00000000    0.00000000    0.96163450

 Force Constants (Second Derivatives of the Energy) in [a.u.]
                             HX1         HY1         HZ1         CX2         CY2     
           HX1           0.0138058
           HY1           0.0000000   0.0138054
           HZ1           0.0000000   0.0000000   0.4135718
           CX2          -0.0213727   0.0000000   0.0000000   0.0399591
           CY2           0.0000000  -0.0213725   0.0000000   0.0000000   0.0399597
           CZ2           0.0000000   0.0000000  -0.4214520   0.0000000   0.0000000
           CX3           0.0018473   0.0000000   0.0000000  -0.0204345   0.0000000
           CY3           0.0000000   0.0018471   0.0000000   0.0000000  -0.0204346
           CZ3           0.0000000   0.0000000   0.0081015   0.0000000   0.0000000
           HX4           0.0057206   0.0000000   0.0000000   0.0018473   0.0000000
           HY4           0.0000000   0.0057203   0.0000000   0.0000000   0.0018471
           HZ4           0.0000000   0.0000000  -0.0002211   0.0000000   0.0000000
                             CZ2         CX3         CY3         CZ3         HX4     
           CZ2           1.4844494
           CX3           0.0000000   0.0399591
           CY3           0.0000000   0.0000000   0.0399597
           CZ3          -1.0710990  -0.0000000  -0.0000000   1.4844494
           HX4           0.0000000  -0.0213727   0.0000000  -0.0000000   0.0138058
           HY4           0.0000000   0.0000000  -0.0213725  -0.0000000   0.0000000
           HZ4           0.0081015  -0.0000000  -0.0000000  -0.4214520  -0.0000000
                             HY4         HZ4     
           HY4           0.0138054
           HZ4          -0.0000000   0.4135718


 Atomic Masses
   1-  4    1.007825   12.000000   12.000000    1.007825

 Mass weighted Second Derivative Matrix
                             HX1         HY1         HZ1         CX2         CY2     
           HX1           0.0136986
           HY1           0.0000000   0.0136982
           HZ1           0.0000000   0.0000000   0.4103607
           CX2          -0.0061458   0.0000000   0.0000000   0.0033299
           CY2           0.0000000  -0.0061457   0.0000000   0.0000000   0.0033300
           CZ2           0.0000000   0.0000000  -0.1211895   0.0000000   0.0000000
           CX3           0.0005312   0.0000000   0.0000000  -0.0017029   0.0000000
           CY3           0.0000000   0.0005311   0.0000000   0.0000000  -0.0017029
           CZ3           0.0000000   0.0000000   0.0023296   0.0000000   0.0000000
           HX4           0.0056762   0.0000000   0.0000000   0.0005312   0.0000000
           HY4           0.0000000   0.0056759   0.0000000   0.0000000   0.0005311
           HZ4           0.0000000   0.0000000  -0.0002194   0.0000000   0.0000000
                             CZ2         CX3         CY3         CZ3         HX4     
           CZ2           0.1237041
           CX3           0.0000000   0.0033299
           CY3           0.0000000   0.0000000   0.0033300
           CZ3          -0.0892583  -0.0000000  -0.0000000   0.1237041
           HX4           0.0000000  -0.0061458   0.0000000  -0.0000000   0.0136986
           HY4           0.0000000   0.0000000  -0.0061457  -0.0000000   0.0000000
           HZ4           0.0023296  -0.0000000  -0.0000000  -0.1211895  -0.0000000
                             HY4         HZ4     
           HY4           0.0136982
           HZ4          -0.0000000   0.4103607


 Mass Weighted 2nd Derivative Matrix Eigenvalues
   1- 10   -0.000315   -0.000315    0.000000    0.000000    0.000000    0.013370    0.013370    0.021001    0.021002    0.153594
  11- 12    0.444587    0.469949

 Mass Weighted 2nd Derivative Matrix Eigenvectors
              1             2             3             4             5             6             7             8
    1    0.44202219    0.00000000    0.19681439   -0.00000038   -0.00000053    0.00000000    0.55192063    0.00000000
    2    0.00000000    0.44202292    0.00000038    0.19682005   -0.00000454    0.55192005    0.00000000    0.67916262
    3    0.00000000    0.00000000    0.00000053    0.00000454    0.19682267    0.00000000    0.00000000    0.00000000
    4    0.55192063    0.00000000    0.67916426   -0.00000132   -0.00000184    0.00000000   -0.44202219    0.00000000
    5    0.00000000    0.55192005    0.00000132    0.67916262   -0.00001565   -0.44202292    0.00000000   -0.19682005
    6    0.00000000    0.00000000    0.00000184    0.00001565    0.67916186    0.00000000    0.00000000    0.00000000
    7   -0.55192063    0.00000000    0.67916426   -0.00000132   -0.00000184    0.00000000    0.44202219    0.00000000
    8    0.00000000   -0.55192005    0.00000132    0.67916262   -0.00001565    0.44202292    0.00000000   -0.19682005
    9    0.00000000    0.00000000    0.00000184    0.00001565    0.67916186    0.00000000    0.00000000    0.00000000
   10   -0.44202219    0.00000000    0.19681439   -0.00000038   -0.00000053    0.00000000   -0.55192063    0.00000000
   11    0.00000000   -0.44202292    0.00000038    0.19682005   -0.00000454   -0.55192005    0.00000000    0.67916262
   12    0.00000000    0.00000000    0.00000053    0.00000454    0.19682267    0.00000000    0.00000000    0.00000000
              9            10            11            12
    1    0.67916426    0.00000000    0.00000000    0.00000000
    2    0.00000000    0.00000000    0.00000000    0.00000000
    3    0.00000000    0.30632072    0.67916186    0.63731281
    4   -0.19681439    0.00000000    0.00000000    0.00000000
    5    0.00000000    0.00000000    0.00000000    0.00000000
    6    0.00000000    0.63731281   -0.19682267   -0.30632072
    7   -0.19681439    0.00000000    0.00000000    0.00000000
    8    0.00000000    0.00000000    0.00000000    0.00000000
    9    0.00000000   -0.63731281   -0.19682267    0.30632072
   10    0.67916426    0.00000000    0.00000000    0.00000000
   11    0.00000000    0.00000000    0.00000000    0.00000000
   12    0.00000000   -0.30632072    0.67916186   -0.63731281

 Imaginary Vibration  Wavenumber
        Nr             [1/cm] 
        1               91.18
        2               91.16
        3                0.01
        4                0.00

   Low Vibration      Wavenumber
        Nr             [1/cm] 
        1                0.00

     Vibration        Wavenumber
        Nr             [1/cm] 
        1              594.38
        2              594.38
        3              744.95
        4              744.96
        5             2014.61
        6             3427.54
        7             3523.95

 FREQUENCIES * CALCULATION OF NORMAL MODES FOR CCSD(T)


 Atomic Coordinates

  Nr  Atom  Charge       X              Y              Z

   1   H     1.00    0.000000000    0.000000000    3.149583933
   2   C     6.00    0.000000000    0.000000000    1.140526624
   3   C     6.00    0.000000000    0.000000000   -1.140526624
   4   H     1.00    0.000000000    0.000000000   -3.149583933

 Normal Modes

                              1 B3g       2 B2g       3 B2u       4 B3u       5 Ag 
 Wavenumbers [cm-1]          594.38      594.38      744.95      744.96     2014.61
 Intensities [km/mol]          0.00        0.00       90.31       90.31        0.00
 Intensities [relative]        0.00        0.00      100.00      100.00        0.00
           HX1             -0.00000     0.54977     0.00000     0.67652     0.00000
           HY1              0.54977     0.00000     0.67652    -0.00000    -0.00000
           HZ1              0.00000     0.00000     0.00000    -0.00000     0.30513
           CX2              0.00000    -0.12760    -0.00000    -0.05682    -0.00000
           CY2             -0.12760    -0.00000    -0.05682     0.00000     0.00000
           CZ2              0.00000    -0.00000     0.00000     0.00000     0.18398
           CX3             -0.00000     0.12760    -0.00000    -0.05682    -0.00000
           CY3              0.12760     0.00000    -0.05682     0.00000     0.00000
           CZ3              0.00000    -0.00000     0.00000     0.00000    -0.18398
           HX4              0.00000    -0.54977     0.00000     0.67652    -0.00000
           HY4             -0.54977    -0.00000     0.67652    -0.00000     0.00000
           HZ4              0.00000    -0.00000    -0.00000     0.00000    -0.30513

                              6 B1u       7 Ag 
 Wavenumbers [cm-1]         3427.54     3523.95
 Intensities [km/mol]         84.06        0.00
 Intensities [relative]       93.08        0.00
           HX1             -0.00000    -0.00000
           HY1              0.00000    -0.00000
           HZ1              0.67652     0.63483
           CX2              0.00000     0.00000
           CY2             -0.00000     0.00000
           CZ2             -0.05682    -0.08843
           CX3              0.00000    -0.00000
           CY3             -0.00000     0.00000
           CZ3             -0.05682     0.08843
           HX4              0.00000     0.00000
           HY4              0.00000    -0.00000
           HZ4              0.67652    -0.63483


 Normal Modes of imaginary frequencies

                                  1           2           3           4
 Wavenumbers [cm-1]           91.18       91.16        0.01        0.00
 Intensities [km/mol]          0.00        0.00        0.00        0.00
 Intensities [relative]        0.00        0.00        0.00        0.00
           HX1              0.44030     0.00000     0.19605    -0.00000
           HY1             -0.00000     0.44030     0.00000     0.19605
           HZ1             -0.00000     0.00000     0.00000     0.00000
           CX2              0.15933     0.00000     0.19606    -0.00000
           CY2             -0.00000     0.15933     0.00000     0.19606
           CZ2             -0.00000     0.00000     0.00000     0.00000
           CX3             -0.15933    -0.00000     0.19606    -0.00000
           CY3              0.00000    -0.15933     0.00000     0.19606
           CZ3             -0.00000     0.00000     0.00000     0.00000
           HX4             -0.44030    -0.00000     0.19605    -0.00000
           HY4              0.00000    -0.44030     0.00000     0.19605
           HZ4             -0.00000     0.00000     0.00000     0.00000


 Normal Modes of low/zero frequencies

                                  1
 Wavenumbers [cm-1]            0.00
 Intensities [km/mol]          0.00
 Intensities [relative]        0.00
           HX1             -0.00000
           HY1             -0.00000
           HZ1              0.19606
           CX2             -0.00000
           CY2             -0.00000
           CZ2              0.19606
           CX3             -0.00000
           CY3             -0.00000
           CZ3              0.19606
           HX4             -0.00000
           HY4             -0.00000
           HZ4              0.19606


 Frequencies dumped to record   5400.2

 Zero point energy:  0.02652875 [H]     5822.39 [1/CM]       69.65 [KJ/MOL]
 Frequency information read from record  5400.2

 Recomputing wavefunction at initial geometry


 **********************************************************************************************************************************
 DATASETS  * FILE   NREC   LENGTH (MB)   RECORD NAMES
              1      21       33.11       500      610      700      900      950      970     1000      129      960     1100   
                                          VAR    BASINP    GEOM    SYMINP    ZMAT    AOBASIS   BASIS     P2S    ABASIS      S 
                                         1400     1410     1200     1210     1080     1600     1650     1700     1380     3791   
                                           T        V       H0       H01     AOSYM     SMH    MOLCAS    OPER     JKOP   
                                        55555   
                                        CCSD(T)    

              2       8        0.58       700     1000      520     2100     8500     5300     5450     5400   
                                         GEOM     BASIS   MCVARS     RHF     CPHF     HESS     NMOD     FREQ   

 PROGRAMS   *        TOTAL      FREQ   CCSD(T)    HF-SCF       INT
 CPU TIMES  *        67.02     64.12      1.46      0.11      1.18
 REAL TIME  *       109.50 SEC
 DISK USED  *       314.14 MB (local),        1.97 GB (total)
 SF USED    *        29.83 MB
 GA USED    *         0.00 MB       (max)       0.00 MB       (current)
 **********************************************************************************************************************************

 CCSD(T)/USERDEF energy=    -77.196265473404

         CCSD(T)          HF-SCF
    -77.19626547    -76.85258368
 **********************************************************************************************************************************
 Molpro calculation terminated
