 Cartesian Coordinates are in [bohr]
 Creating new Variables:
 FX1               0.00000000
 FY1               0.00000000
 FZ1               0.17531030
 HX2               0.00000000
 HY2               0.00000000
 HZ2              -1.55975200
 Task   1   Incrementing variable FX1   by    0.010 BOH (Skipping negative increment due to symmetry).
 Task   2   Incrementing variable FY1   by    0.010 BOH (Skipping negative increment due to symmetry).
 Task   3   Incrementing variable FZ1   by    0.010 BOH
 Task   4   Incrementing variable FZ1   by   -0.010 BOH
 Task   5   Incrementing variable HX2   by    0.010 BOH (Skipping negative increment due to symmetry).
 Task   6   Incrementing variable HY2   by    0.010 BOH (Skipping negative increment due to symmetry).
 Task   7   Incrementing variable HZ2   by    0.010 BOH
 Task   8   Incrementing variable HZ2   by   -0.010 BOH

 Switching to mppx mode, nproc=  8

 Starting task   1.  CPU=     0.00 sec, Elapsed=     0.01 sec
 Incrementing variable FX1              by  0.010000 BOH   to    0.010000 BOH


 Using spherical harmonics



 PROGRAM * SEWARD (Integral evaluation for generally contracted gaussian basis sets)     Author: Roland Lindh, 1990

 Geometry written to block  1 of record 702


 Point group  Cs  



 ATOMIC COORDINATES

 NR  ATOM    CHARGE       X              Y              Z

   1  F       9.00    0.010000000    0.000000000    0.175310299
   2  H       1.00    0.000000000    0.000000000   -1.559752003

 Bond lengths in Bohr (Angstrom)

 1-2  1.735091119
     ( 0.918170679)

 NUCLEAR CHARGE:                   10
 NUMBER OF PRIMITIVE AOS:         283
 NUMBER OF SYMMETRY AOS:          215
 NUMBER OF CONTRACTIONS:          121   (   76A'  +   45A"  )
 NUMBER OF INNER CORE ORBITALS:     0   (    0A'  +    0A"  )
 NUMBER OF OUTER CORE ORBITALS:     1   (    1A'  +    0A"  )
 NUMBER OF VALENCE ORBITALS:        5   (    4A'  +    1A"  )

 SYMMETRY CHANGED: INITIALIZING OCCUPATION


 NUCLEAR REPULSION ENERGY    5.18704747


 Eigenvalues of metric

         1 0.212E-03 0.757E-03 0.150E-02 0.443E-02 0.475E-01 0.553E-01 0.768E-01 0.109E+00
         2 0.757E-03 0.475E-01 0.553E-01 0.109E+00 0.432E+00 0.468E+00 0.501E+00 0.679E+00


 Contracted 2-electron integrals neglected if value below      1.0D-18
 AO integral compression algorithm  1   Integral accuracy      1.0D-18

     105.644 MB (compressed) written to integral file ( 85.5%)


 NUMBER OF SORTED TWO-ELECTRON INTEGRALS:   13903561.     BUFFER LENGTH:  32768
 NUMBER OF SEGMENTS:   1  SEGMENT LENGTH:   13903561      RECORD LENGTH: 524288

 Memory used in sort:      14.46 MW

 SORT1 READ    15422058. AND WROTE    10390720. INTEGRALS IN     30 RECORDS. CPU TIME:     0.09 SEC, REAL TIME:     0.16 SEC
 SORT2 READ    10390720. AND WROTE    13903561. INTEGRALS IN    403 RECORDS. CPU TIME:     0.20 SEC, REAL TIME:     0.25 SEC

 FILE SIZES:   FILE 1:   136.7 MBYTE,  FILE 4:   125.9 MBYTE,   TOTAL:    262.5 MBYTE

 OPERATOR DM      FOR CENTER  0  COORDINATES:    0.000000    0.000000    0.000000

 Program * Restricted Hartree-Fock

 Molecular orbitals read from record     2100.2  Type=RHF/CANONICAL  

 Present basis size:       76   45
 Previous basis size:      47   29   29   16
 Previous occupation:       3    1    1    0
 Previous closed-shells:    3    1    1    0
 Previous core-orbitals:    1    0    0    0
 Present occupation:        4    1
 Present closed-shells:     4    1
 Present core-orbitals:     1    0
 Wavefunction symmetry:    1   Singlet 

 Orbital overlap <old|new>:  < 1.1| 1.1> = 0.999510   < 2.1| 2.1> = 0.999970   < 3.1| 3.1> = 0.999998   < 1.2| 4.1> = 0.999998
                             < 1.3| 1.2> = 0.999999


 NELEC=   10   SYM=1   MS2= 0   THRE=1.0D-12   THRD=1.0D-07   THRG=1.0D-07  HFMA2=F  DIIS_START=2   DIIS_MAX=10   DIIS_INCORE=F

 Level shifts:    0.00 (CLOSED)    0.00 (OPEN)    0.30 (GAP_MIN)

 ITER           ETOT              DE          GRAD        DDIFF     DIIS  NEXP   TIME(IT)  TIME(TOT)  DIAG
   1      -99.95551589     -99.95551589     0.00D+00     0.65D-01     0     0       0.05      0.06    start
   2     -100.06951419      -0.11399830     0.81D-01     0.20D-02     1     0       0.05      0.11    diag
   3     -100.07040835      -0.00089416     0.36D-02     0.34D-03     2     0       0.05      0.16    diag
   4     -100.07043866      -0.00003031     0.58D-03     0.65D-04     3     0       0.05      0.21    diag
   5     -100.07044179      -0.00000314     0.87D-04     0.37D-04     4     0       0.04      0.25    diag
   6     -100.07044218      -0.00000038     0.36D-04     0.13D-04     5     0       0.05      0.30    diag
   7     -100.07044226      -0.00000008     0.11D-04     0.89D-05     6     0       0.05      0.35    diag
   8     -100.07044226      -0.00000001     0.23D-05     0.30D-05     7     0       0.04      0.39    fixocc
   9     -100.07044226      -0.00000000     0.43D-06     0.30D-06     8     0       0.05      0.44    diag
  10     -100.07044226      -0.00000000     0.29D-07     0.63D-07     9     0       0.05      0.49    diag/orth
  11     -100.07044226      -0.00000000     0.22D-08     0.35D-08     0     0       0.06      0.55    diag

 Final occupancy:   4   1

 !RHF STATE 1.1 Energy               -100.070442261020
  RHF One-electron energy            -150.590599879375
  RHF Two-electron energy              45.333110148781
  RHF Kinetic energy                  100.031986900808
  RHF Nuclear energy                    5.187047469574
  RHF Virial quotient                  -1.000384430635

 !RHF STATE 1.1 Dipole moment          -0.00438545     0.00000000    -0.76090071
 Dipole moment /Debye                  -0.01114670     0.00000000    -1.93401669

 Orbital energies:

           1.1          2.1          3.1          4.1          5.1          6.1
    -26.294194    -1.600328    -0.767487    -0.650090     0.154466     0.417844

           1.2          2.2          3.2
     -0.650090     0.460017     0.658863


 HOMO      1.2    -0.650090 =     -17.6899eV
 LUMO      5.1     0.154466 =       4.2032eV
 LUMO-HOMO         0.804556 =      21.8931eV

 Orbitals saved in record  2101.1


 **********************************************************************************************************************************
 DATASETS  * FILE   NREC   LENGTH (MB)   RECORD NAMES
              1      21      109.38       500      610      700      702      900      950      970     1001      129      960   
                                          VAR    BASINP    GEOM     GEOM    SYMINP    ZMAT    AOBASIS   BASIS     P2S    ABASIS    
                                         1100     1400     1410     1200     1210     1080     1600     1650     1300     1700   
                                           S        T        V       H0       H01     AOSYM     SMH    MOLCAS    ERIS     OPER   
                                         2101   
                                          RHF  

              2       9        1.14       700     1000      520     2100     4100      701     5500      702     1001   
                                         GEOM     BASIS   MCVARS     RHF     CPHF     GEOM     HINFO    GEOM     BASIS   

 PROGRAMS   *        TOTAL    HF-SCF       MP2    HF-SCF       INT
 CPU TIMES  *         5.73      4.37      0.16      0.06      0.99
 REAL TIME  *         7.59 SEC
 DISK USED  *       251.56 MB
 SF USED    *         1.99 MB
 **********************************************************************************************************************************


 PROGRAM * MP2 (Closed-shell)     Authors: C. Hampel, H.-J. Werner, 1991, M. Deegan, P.J. Knowles, 1992


 Convergence thresholds:  THRVAR = 1.00D-16  THRDEN = 1.00D-12

 Number of core orbitals:           1 (   1   0 )
 Number of closed-shell orbitals:   4 (   3   1 )
 Number of external orbitals:     116 (  72  44 )

 Molecular orbitals read from record     2101.1  Type=RHF/CANONICAL (state 1.1)

 Number of N-1 electron functions:               4
 Number of N-2 electron functions:              10
 Number of singly external CSFs:               260
 Number of doubly external CSFs:             54840
 Total number of CSFs:                       55101

 Length of J-op  integral file:               0.00 MB
 Length of K-op  integral file:               0.57 MB

 Integral transformation finished. Total CPU:   0.07 sec, npass=  1  Memory used:   0.21 MW

 Memory needed for MP2:                      0.04 MW

 SCS-MP2 correlation energy:           -0.305638670376   (PS=  1.200000  PT=  0.333333)
 SCS-MP2 total energy:               -100.376080931396


  Reference energy                   -100.070442261020
  MP2 singlet pair energy              -0.196616095191
  MP2 triplet pair energy              -0.112016822379
  MP2 correlation energy               -0.308632917570

 !MP2 total energy                   -100.379075178590

 KEXT needed  1 integral passes. Memory used:   0.50 MW  CPU time:      0.11 sec


 CPHF trial vector read from record  4100.2

 Starting Coupled-perturbed Hartree-Fock, convergence threshold= 1.0D-06

 ITER   MIC  DIIS      VAR         VARC       CPU
   1     0     1    0.55D-02    0.94D-04     0.04
   2     4     2    0.34D-05    0.32D-05     0.08
   3     1     3    0.59D-06    0.50D-07     0.13

 CPHF convergence reached in  3 macroiterations and    5 microiterations.   Accuracy: 5.8537D-07

 Dipole moments (unrelaxed):           -0.00429723     0.00000000    -0.74559324
 Orbital relaxation contribution:       0.00015419    -0.00000000     0.02672480
 !MP2 STATE 1.1 Dipole moment          -0.00414303     0.00000000    -0.71886844
 Dipole moment /Debye                  -0.01053054     0.00000000    -1.82718132

 CPU-time for density and lagrangian:                  0.05 sec
 CPU-time for coupled-perturbed hartree-fock:          0.13 sec

 MP2 gradient info saved on record         5200.1


 **********************************************************************************************************************************
 DATASETS  * FILE   NREC   LENGTH (MB)   RECORD NAMES
              1      23      111.16       500      610      700      702      900      950      970     1001      129      960   
                                          VAR    BASINP    GEOM     GEOM    SYMINP    ZMAT    AOBASIS   BASIS     P2S    ABASIS    
                                         1100     1400     1410     1200     1210     1080     1600     1650     1300     1700   
                                           S        T        V       H0       H01     AOSYM     SMH    MOLCAS    ERIS     OPER   
                                         2101     1380     5200   
                                          RHF     JKOP      MP2  

              2       9        1.14       700     1000      520     2100     4100      701     5500      702     1001   
                                         GEOM     BASIS   MCVARS     RHF     CPHF     GEOM     HINFO    GEOM     BASIS   

 PROGRAMS   *        TOTAL       MP2       MP2    HF-SCF       INT
 CPU TIMES  *         6.23      0.50      0.16      0.06      0.99
 REAL TIME  *         8.18 SEC
 DISK USED  *       251.56 MB
 SF USED    *         1.99 MB
 **********************************************************************************************************************************

 PROGRAM * ALASKA (Gradient of the energy)     Author: R. Lindh


 MP2      Gradient info restored from record    5200.1

 Number of core orbitals:           1 (   1   0 )
 Number of closed-shell orbitals:   4 (   3   1 )
 Number of external orbitals:     116 (  72  44 )

 Integral thresholds in T2TRAN:            1.0D-10 (PROD)

 Available memory for Transformation:1496776195 words
 Memory needed for incore algorithm:     323564 words
 Minimum memory needed:                  245542 words

 Memory used for transformation:           0.32 MW
 Available memory for gradients:        1498.45 MW

 CPU for transformation:                   0.09 sec
 CPU for integrals and gradient:          15.61 sec
 Total CPU:                               15.70 sec

 Prescreening statistics:
 ========================

 Total number of shell quadruplets:        1.54D+03
 Number of shell quadruplets processed:    1.54D+03 (100.00%)

 MP2 GRADIENT FOR STATE 1.1

 Atom          dE/dx               dE/dy               dE/dz

   1        -0.000005510         0.000000000        -0.000952852
   2         0.000005510         0.000000000         0.000952852

 Nuclear force contribution to virial =        -0.001653313

 Tasks on processor    0 finished.  CPU=     22.29 sec, Elapsed=     22.56 sec. Waiting for other processors...

 Switching back to mpp mode, nproc=  8


 Recomputing wavefunction at initial geometry


 Using spherical harmonics



 PROGRAM * SEWARD (Integral evaluation for generally contracted gaussian basis sets)     Author: Roland Lindh, 1990

 Geometry written to block  1 of record 700


 Point group  C2v 



 ATOMIC COORDINATES

 NR  ATOM    CHARGE       X              Y              Z

   1  F       9.00    0.000000000    0.000000000    0.175310299
   2  H       1.00    0.000000000    0.000000000   -1.559752003

 Bond lengths in Bohr (Angstrom)

 1-2  1.735062302
     ( 0.918155430)

 NUCLEAR CHARGE:                   10
 NUMBER OF PRIMITIVE AOS:         283
 NUMBER OF SYMMETRY AOS:          215
 NUMBER OF CONTRACTIONS:          121   (   47A1  +   29B1  +   29B2  +   16A2  )
 NUMBER OF INNER CORE ORBITALS:     0   (    0A1  +    0B1  +    0B2  +    0A2  )
 NUMBER OF OUTER CORE ORBITALS:     1   (    1A1  +    0B1  +    0B2  +    0A2  )
 NUMBER OF VALENCE ORBITALS:        5   (    3A1  +    1B1  +    1B2  +    0A2  )


 NUCLEAR REPULSION ENERGY    5.18713362

 EXTRA SYMMETRY OF AOS IN SYMMETRY 1:   1 1 1 1 1 1 1 1 1 1   1 1 2 1 2 1 2 1 2 1   2 1 2 1 2 1 3 2 1 3   2 2 3 1 1 1 1 1 1 1
                                        1 1 2 1 2 1 2
 EXTRA SYMMETRY OF AOS IN SYMMETRY 2:   1 1 1 1 1 1 1 1 1 1   2 1 2 1 2 1 2 1 2 1   2 3 1 1 1 1 1 1 2
 EXTRA SYMMETRY OF AOS IN SYMMETRY 3:   1 1 1 1 1 1 1 1 1 1   2 1 2 1 2 1 2 1 2 1   2 3 1 1 1 1 1 1 2
 EXTRA SYMMETRY OF AOS IN SYMMETRY 4:   1 1 1 1 1 1 1 1 2 1   2 2 1 1 1 1

 Eigenvalues of metric

         1 0.212E-03 0.150E-02 0.443E-02 0.475E-01 0.767E-01 0.111E+00 0.154E+00 0.468E+00
         2 0.757E-03 0.553E-01 0.109E+00 0.432E+00 0.501E+00 0.679E+00 0.834E+00 0.100E+01
         3 0.757E-03 0.553E-01 0.109E+00 0.432E+00 0.501E+00 0.679E+00 0.834E+00 0.100E+01
         4 0.475E-01 0.468E+00 0.736E+00 0.100E+01 0.100E+01 0.100E+01 0.100E+01 0.100E+01


 Contracted 2-electron integrals neglected if value below      1.0D-18
 AO integral compression algorithm  1   Integral accuracy      1.0D-18

     51.118 MB (compressed) written to integral file ( 83.4%)

     Node minimum: 5.243 MB, node maximum: 8.126 MB


 NUMBER OF SORTED TWO-ELECTRON INTEGRALS:     880074.     BUFFER LENGTH:  32768
 NUMBER OF SEGMENTS:   1  SEGMENT LENGTH:     880074      RECORD LENGTH: 524288

 Memory used in sort:       1.44 MW

 SORT1 READ     7752462. AND WROTE      661733. INTEGRALS IN      2 RECORDS. CPU TIME:     0.15 SEC, REAL TIME:     0.17 SEC
 SORT2 READ     5306994. AND WROTE     7059967. INTEGRALS IN    160 RECORDS. CPU TIME:     0.02 SEC, REAL TIME:     0.02 SEC

 Node minimum:      879010.  Node maximum:      887687. integrals

 OPERATOR DM      FOR CENTER  0  COORDINATES:    0.000000    0.000000    0.000000

 Program * Restricted Hartree-Fock

 Molecular orbitals read from record     2100.2  Type=RHF/CANONICAL  

 NELEC=   10   SYM=1   MS2= 0   THRE=1.0D-12   THRD=1.0D-06   THRG=1.0D-06  HFMA2=F  DIIS_START=2   DIIS_MAX=10   DIIS_INCORE=F

 Level shifts:    0.00 (CLOSED)    0.00 (OPEN)    0.30 (GAP_MIN)

 ITER           ETOT              DE          GRAD        DDIFF     DIIS  NEXP   TIME(IT)  TIME(TOT)  DIAG
   1     -100.07044303    -100.07044303     0.00D+00     0.89D-01     0     0       0.00      0.00    start
   2     -100.07044303      -0.00000000     0.24D-09     0.14D-09     1     0       0.01      0.01    diag

 Final occupancy:   3   1   1   0

 !RHF STATE 1.1 Energy               -100.070443026183
  RHF One-electron energy            -150.590745025404
  RHF Two-electron energy              45.333168379411
  RHF Kinetic energy                  100.032019473095
  RHF Nuclear energy                    5.187133619810
  RHF Virial quotient                  -1.000384112540

 !RHF STATE 1.1 Dipole moment           0.00000000     0.00000000    -0.76090154
 Dipole moment /Debye                   0.00000000     0.00000000    -1.93401881

 Orbital energies:

           1.1          2.1          3.1          4.1          5.1
    -26.294194    -1.600333    -0.767493     0.154469     0.417843

           1.2          2.2          3.2
     -0.650092     0.460017     0.658866

           1.3          2.3          3.3
     -0.650092     0.460017     0.658866

           1.4          2.4
      1.127374     1.771078


 HOMO      1.3    -0.650092 =     -17.6899eV
 LUMO      4.1     0.154469 =       4.2033eV
 LUMO-HOMO         0.804560 =      21.8932eV

 Orbitals saved in record  2100.2


 **********************************************************************************************************************************
 DATASETS  * FILE   NREC   LENGTH (MB)   RECORD NAMES
              1      18       29.17       500      610      700      900      950      970     1000      129      960     1100   
                                          VAR    BASINP    GEOM    SYMINP    ZMAT    AOBASIS   BASIS     P2S    ABASIS      S 
                                         1400     1410     1200     1210     1080     1600     1650     1700   
                                           T        V       H0       H01     AOSYM     SMH    MOLCAS    OPER   

              2       8        0.73       700     1000      520     2100     4100     5300     5450     5400   
                                         GEOM     BASIS   MCVARS     RHF     CPHF     HESS     NMOD     FREQ   

 PROGRAMS   *        TOTAL    HF-SCF       MP2    HF-SCF       INT
 CPU TIMES  *        26.28      2.76      0.16      0.06      0.99
 REAL TIME  *        29.08 SEC
 DISK USED  *       251.56 MB (local),        1.64 GB (total)
 SF USED    *         1.99 MB
 GA USED    *         0.00 MB       (max)       0.00 MB       (current)
 **********************************************************************************************************************************


 PROGRAM * MP2 (Closed-shell)     Authors: C. Hampel, H.-J. Werner, 1991, M. Deegan, P.J. Knowles, 1992


 Convergence thresholds:  THRVAR = 1.00D-16  THRDEN = 1.00D-12

 Number of core orbitals:           1 (   1   0   0   0 )
 Number of closed-shell orbitals:   4 (   2   1   1   0 )
 Number of external orbitals:     116 (  44  28  28  16 )

 Molecular orbitals read from record     2100.2  Type=RHF/CANONICAL (state 1.1)

 Number of N-1 electron functions:               4
 Number of N-2 electron functions:              10
 Number of singly external CSFs:               144
 Number of doubly external CSFs:             27928
 Total number of CSFs:                       28073

 Length of J-op  integral file:               0.00 MB
 Length of K-op  integral file:               0.28 MB

 Integral transformation finished. Total CPU:   0.01 sec, npass=  1  Memory used:   0.11 MW

 Memory needed for MP2:                      0.02 MW

 SCS-MP2 correlation energy:           -0.305637888369   (PS=  1.200000  PT=  0.333333)
 SCS-MP2 total energy:               -100.376080914551


  Reference energy                   -100.070443026183
  MP2 singlet pair energy              -0.196615596105
  MP2 triplet pair energy              -0.112016528104
  MP2 correlation energy               -0.308632124209

 !MP2 total energy                   -100.379075150392

 KEXT needed  1 integral passes. Memory used:   0.21 MW  CPU time:      0.01 sec


 CPHF trial vector read from record  4100.2

 Starting Coupled-perturbed Hartree-Fock, convergence threshold= 1.0D-06

 ITER   MIC  DIIS      VAR         VARC       CPU
   1     0     1    0.22D-06    0.46D-08     0.00

 CPHF convergence reached in  1 macroiterations and    0 microiterations.   Accuracy: 2.1505D-07

 CPHF solution written to record  4100.2

 Dipole moments (unrelaxed):            0.00000000     0.00000000    -0.74559458
 Orbital relaxation contribution:      -0.00000000    -0.00000000     0.02672443
 !MP2 STATE 1.1 Dipole moment           0.00000000     0.00000000    -0.71887015
 Dipole moment /Debye                   0.00000000     0.00000000    -1.82718566

 CPU-time for density and lagrangian:                  0.01 sec
 CPU-time for coupled-perturbed hartree-fock:          0.00 sec

 MP2 gradient info saved on record         5200.1


 **********************************************************************************************************************************
 DATASETS  * FILE   NREC   LENGTH (MB)   RECORD NAMES
              1      20       30.04       500      610      700      900      950      970     1000      129      960     1100   
                                          VAR    BASINP    GEOM    SYMINP    ZMAT    AOBASIS   BASIS     P2S    ABASIS      S 
                                         1400     1410     1200     1210     1080     1600     1650     1700     1380     5200   
                                           T        V       H0       H01     AOSYM     SMH    MOLCAS    OPER     JKOP      MP2  

              2       8        0.73       700     1000      520     2100     4100     5300     5450     5400   
                                         GEOM     BASIS   MCVARS     RHF     CPHF     HESS     NMOD     FREQ   

 PROGRAMS   *        TOTAL       MP2       MP2    HF-SCF       INT
 CPU TIMES  *        26.43      0.15      0.16      0.06      0.99
 REAL TIME  *        29.29 SEC
 DISK USED  *       251.56 MB (local),        1.64 GB (total)
 SF USED    *         2.16 MB
 GA USED    *         0.00 MB       (max)       0.00 MB       (current)
 **********************************************************************************************************************************
