
 Working directory              : /scratch/emmanous/hf.opt.com.33078/molpro.yvIL6oIRrX/
 Global scratch directory       : /scratch/emmanous/hf.opt.com.33078/molpro.yvIL6oIRrX/
 Wavefunction directory         : /home/emmanous/wfu/
 Main file repository           : /scratch/emmanous/hf.opt.com.33078/molpro.yvIL6oIRrX/

 id        : wis

 Nodes     nprocs
 cff051       8
 GA implementation: MPI file
 GA implementation (serial work in mppx): MPI file

 Using DEFAULT tuning parameter for ncache   :   16384
 Using DEFAULT tuning parameter for mflopdgm :   10000
 Using DEFAULT tuning parameter for mflopdgv :    4000
 Using DEFAULT tuning parameter for mflopmxm :    5000
 Using DEFAULT tuning parameter for mflopmxv :    4000
 Using DEFAULT tuning parameter for mindgm   :       1
 Using DEFAULT tuning parameter for mindgc   :       4
 Using DEFAULT tuning parameter for mindgf   :    5000
 Using DEFAULT tuning parameter for mindgl   :       4
 Using DEFAULT tuning parameter for mindgr   :       1
 Using DEFAULT tuning parameter for mindgv   :      20
 Using DEFAULT tuning parameter for mincuda  :     500
 Using DEFAULT tuning parameter for mxmblk   :      64
 Using DEFAULT tuning parameter for mxmbln   :      64
 Using DEFAULT tuning parameter for nroll    :       2
 Using custom tuning parameter for ngpus     :       0
 Using customized tuning parameters: mindgm=1; mindgv=20; mindgc=4; mindgr=1; noblas=0; minvec=7

 Fortran compiler: integer size=8, double size=8, logical size=8
 default implementation of scratch files=sf  


 Variables initialized (1015), CPU time= 0.00 sec
 ***,geometry optimization
 gthresh,energy=1d-12,gradient=1d-6,twoint=1d-18,prefac=1d-20
 GTHRESH, OPTSTEP=1d-5, OPTGRAD=1d-5, ENERGY=1d-11
 noorient
 charge=
 multiplicity=
 geomtyp=xyz
 geom={
 F        0.000000    0.000000    0.091577
 H        0.000000    0.000000   -0.824192
 }
 MASS,ISO
 MASS,PRINT
 label1
 
 basis={
 Including file /gpfs01/work/emmanous/6Frequencies/implementation/MOLPRO/G4-Tano-v2/EXAMPLE_HF/ano-pV5Z.mbas
 }
 hf
 mp2
 e2=energy
 
 basis={
 Including file /gpfs01/work/emmanous/6Frequencies/implementation/MOLPRO/G4-Tano-v2/EXAMPLE_HF/ano-pVTZ.mbas
 }
 hf
 mp2
 emp2=energy
 ccsd(t)
 ehlc=(energy-emp2)
 etotal=e2+ehlc
 show,e*
 
 optg,startcmd=label1,variable=etotal
 Commands initialized (834), CPU time= 0.01 sec, 672 directives.
 Default parameters read. Elapsed time= 0.07 sec

 Using DEFAULT tuning parameter for mpplat   :       3
 Using DEFAULT tuning parameter for mppspeed :    1600
 Checking input...
 Passed
1


                                         ***  PROGRAM SYSTEM MOLPRO  ***
                                       Copyright, TTI GmbH Stuttgart, 2015
                                    Version 2022.2 linked Thu May  5 23:39:45 2022


 **********************************************************************************************************************************
 LABEL *   geometry optimization                                                         
  64 bit mpp version                                                                     DATE: 12-Aug-23          TIME: 08:06:17  
 **********************************************************************************************************************************

 SHA1:             518bf5c5e315925380b88506c70af759aa1d1d96
 **********************************************************************************************************************************

 Memory per process:      1500 MW
 Total memory per node:  12000 MW

 GA preallocation disabled
 GA check disabled

 Variable memory set to 1500.0 MW


 THRESHOLDS:

 ZERO    =  1.00D-12  ONEINT  =  1.00D-12  TWOINT  =  1.00D-18  PREFAC  =  1.00D-20  XXXXXX  =  1.00D-09  EORDER  =  1.00D-04
 ENERGY  =  1.00D-12  ETEST   =  0.00D+00  EDENS   =  0.00D+00  THRDEDEF=  1.00D-06  GRADIENT=  1.00D-06  STEP    =  1.00D-03
 ORBITAL =  1.00D-05  CIVEC   =  1.00D-05  COEFF   =  1.00D-04  PRINTCI =  5.00D-02  PUNCHCI =  9.90D+01  OPTGRAD =  3.00D-04
 OPTENERG=  1.00D-06  OPTSTEP =  3.00D-04  THRGRAD =  1.00D-10  COMPRESS=  1.00D-11  VARMIN  =  1.00D-07  VARMAX  =  1.00D-03
 THRDOUB =  0.00D+00  THRDIV  =  1.00D-05  THRRED  =  1.00D-07  THRPSP  =  1.00D+00  THRDC   =  1.00D-10  THRCS   =  1.00D-10
 THRNRM  =  1.00D-08  THREQ   =  0.00D+00  THRDE   =  1.00D+00  THRREF  =  1.00D-05  SPARFAC =  1.00D+00  THRDLP  =  1.00D-07
 THRDIA  =  1.00D-10  THRDLS  =  1.00D-07  THRGPS  =  0.00D+00  THRKEX  =  0.00D+00  THRDIS  =  2.00D-01  THRVAR  =  1.00D-10
 THRLOC  =  1.00D-06  THRGAP  =  1.00D-06  THRLOCT = -1.00D+00  THRGAPT = -1.00D+00  THRORB  =  1.00D-06  THRMLTP =  0.00D+00
 THRCPQCI=  1.00D-10  KEXTA   =  0.00D+00  THRCOARS=  0.00D+00  SYMTOL  =  1.00D-06  GRADTOL =  1.00D-06  THROVL  =  1.00D-08
 THRORTH =  1.00D-08  THRDLOVL= -1.00D+00  GRID    =  1.00D-06  GRIDMAX =  1.00D-03  DTMAX   =  0.00D+00  THROCCDE=  1.00D-01
 THROCCDE=  1.00D-01  THRPRINT=  2.50D-01


 THRESHOLDS:

 ZERO    =  1.00D-12  ONEINT  =  1.00D-12  TWOINT  =  1.00D-18  PREFAC  =  1.00D-20  XXXXXX  =  1.00D-09  EORDER  =  1.00D-04
 ENERGY  =  1.00D-11  ETEST   =  0.00D+00  EDENS   =  0.00D+00  THRDEDEF=  1.00D-06  GRADIENT=  1.00D-06  STEP    =  1.00D-03
 ORBITAL =  1.00D-05  CIVEC   =  1.00D-05  COEFF   =  1.00D-04  PRINTCI =  5.00D-02  PUNCHCI =  9.90D+01  OPTGRAD =  1.00D-05
 OPTENERG=  1.00D-06  OPTSTEP =  1.00D-05  THRGRAD =  1.00D-10  COMPRESS=  1.00D-11  VARMIN  =  1.00D-07  VARMAX  =  1.00D-03
 THRDOUB =  0.00D+00  THRDIV  =  1.00D-05  THRRED  =  1.00D-07  THRPSP  =  1.00D+00  THRDC   =  1.00D-10  THRCS   =  1.00D-10
 THRNRM  =  1.00D-08  THREQ   =  0.00D+00  THRDE   =  1.00D+00  THRREF  =  1.00D-05  SPARFAC =  1.00D+00  THRDLP  =  1.00D-07
 THRDIA  =  1.00D-10  THRDLS  =  1.00D-07  THRGPS  =  0.00D+00  THRKEX  =  0.00D+00  THRDIS  =  2.00D-01  THRVAR  =  1.00D-10
 THRLOC  =  1.00D-06  THRGAP  =  1.00D-06  THRLOCT = -1.00D+00  THRGAPT = -1.00D+00  THRORB  =  1.00D-06  THRMLTP =  0.00D+00
 THRCPQCI=  1.00D-10  KEXTA   =  0.00D+00  THRCOARS=  0.00D+00  SYMTOL  =  1.00D-06  GRADTOL =  1.00D-06  THROVL  =  1.00D-08
 THRORTH =  1.00D-08  THRDLOVL= -1.00D+00  GRID    =  1.00D-06  GRIDMAX =  1.00D-03  DTMAX   =  0.00D+00  THROCCDE=  1.00D-01
 THROCCDE=  1.00D-01  THRPRINT=  2.50D-01

 SETTING GEOMTYP        =    XYZ


 Using masses of most abundant isotopes

 **********************************************************************************************************************************


 Atomic masses

 Center       Mass
 F         18.99840
 H          1.00782
 SETTING BASIS          =    USERDEF


 Recomputing integrals since basis changed


 Using spherical harmonics



 PROGRAM * SEWARD (Integral evaluation for generally contracted gaussian basis sets)     Author: Roland Lindh, 1990

 Geometry written to block  1 of record 700


 Point group  C2v 



 ATOMIC COORDINATES

 NR  ATOM    CHARGE       X              Y              Z

   1  F       9.00    0.000000000    0.000000000    0.173055449
   2  H       1.00    0.000000000    0.000000000   -1.557497154

 Bond lengths in Bohr (Angstrom)

 1-2  1.730552603
     ( 0.915769000)

 NUCLEAR CHARGE:                   10
 NUMBER OF PRIMITIVE AOS:         283
 NUMBER OF SYMMETRY AOS:          215
 NUMBER OF CONTRACTIONS:          121   (   47A1  +   29B1  +   29B2  +   16A2  )
 NUMBER OF INNER CORE ORBITALS:     0   (    0A1  +    0B1  +    0B2  +    0A2  )
 NUMBER OF OUTER CORE ORBITALS:     1   (    1A1  +    0B1  +    0B2  +    0A2  )
 NUMBER OF VALENCE ORBITALS:        5   (    3A1  +    1B1  +    1B2  +    0A2  )


 NUCLEAR REPULSION ENERGY    5.20065093

 EXTRA SYMMETRY OF AOS IN SYMMETRY 1:   1 1 1 1 1 1 1 1 1 1   1 1 2 1 2 1 2 1 2 1   2 1 2 1 2 1 3 2 1 3   2 2 3 1 1 1 1 1 1 1
                                        1 1 2 1 2 1 2
 EXTRA SYMMETRY OF AOS IN SYMMETRY 2:   1 1 1 1 1 1 1 1 1 1   2 1 2 1 2 1 2 1 2 1   2 3 1 1 1 1 1 1 2
 EXTRA SYMMETRY OF AOS IN SYMMETRY 3:   1 1 1 1 1 1 1 1 1 1   2 1 2 1 2 1 2 1 2 1   2 3 1 1 1 1 1 1 2
 EXTRA SYMMETRY OF AOS IN SYMMETRY 4:   1 1 1 1 1 1 1 1 2 1   2 2 1 1 1 1

 Eigenvalues of metric

         1 0.211E-03 0.147E-02 0.437E-02 0.467E-01 0.757E-01 0.110E+00 0.152E+00 0.466E+00
         2 0.742E-03 0.545E-01 0.107E+00 0.430E+00 0.499E+00 0.676E+00 0.832E+00 0.100E+01
         3 0.742E-03 0.545E-01 0.107E+00 0.430E+00 0.499E+00 0.676E+00 0.832E+00 0.100E+01
         4 0.467E-01 0.466E+00 0.733E+00 0.100E+01 0.100E+01 0.100E+01 0.100E+01 0.100E+01


 Contracted 2-electron integrals neglected if value below      1.0D-18
 AO integral compression algorithm  1   Integral accuracy      1.0D-18

     51.642 MB (compressed) written to integral file ( 82.6%)

     Node minimum: 5.243 MB, node maximum: 8.389 MB


 NUMBER OF SORTED TWO-ELECTRON INTEGRALS:     880074.     BUFFER LENGTH:  32768
 NUMBER OF SEGMENTS:   1  SEGMENT LENGTH:     880074      RECORD LENGTH: 524288

 Memory used in sort:       1.44 MW

 SORT1 READ     7752462. AND WROTE      661854. INTEGRALS IN      2 RECORDS. CPU TIME:     0.11 SEC, REAL TIME:     0.12 SEC
 SORT2 READ     5307415. AND WROTE     7059967. INTEGRALS IN    168 RECORDS. CPU TIME:     0.02 SEC, REAL TIME:     0.03 SEC

 Node minimum:      879010.  Node maximum:      887687. integrals

 OPERATOR DM      FOR CENTER  0  COORDINATES:    0.000000    0.000000    0.000000


 **********************************************************************************************************************************
 DATASETS  * FILE   NREC   LENGTH (MB)   RECORD NAMES
              1      18       29.16       500      610      700      900      950      970     1000      129      960     1100   
                                          VAR    BASINP    GEOM    SYMINP    ZMAT    AOBASIS   BASIS     P2S    ABASIS      S 
                                         1400     1410     1200     1210     1080     1600     1650     1700   
                                           T        V       H0       H01     AOSYM     SMH    MOLCAS    OPER   

 PROGRAMS   *        TOTAL       INT
 CPU TIMES  *         1.18      1.01
 REAL TIME  *         2.14 SEC
 DISK USED  *        29.48 MB (local),      337.99 MB (total)
 GA USED    *         0.00 MB       (max)       0.00 MB       (current)
 **********************************************************************************************************************************


 Program * Restricted Hartree-Fock

 Orbital guess generated from atomic densities.

 Initial occupancy:   3   1   1   0

 NELEC=   10   SYM=1   MS2= 0   THRE=1.0D-12   THRD=1.0D-06   THRG=1.0D-06  HFMA2=F  DIIS_START=2   DIIS_MAX=10   DIIS_INCORE=F

 Level shifts:    0.00 (CLOSED)    0.00 (OPEN)    0.30 (GAP_MIN)

 ITER           ETOT              DE          GRAD        DDIFF     DIIS  NEXP   TIME(IT)  TIME(TOT)  DIAG
   1     -100.04356020    -100.04356020     0.00D+00     0.90D-01     0     0       0.01      0.02    start
   2     -100.06390767      -0.02034747     0.14D-01     0.48D-02     1     0       0.00      0.02    diag
   3     -100.07042192      -0.00651425     0.86D-02     0.15D-02     2     0       0.00      0.02    diag
   4     -100.07053829      -0.00011637     0.81D-03     0.22D-03     3     0       0.01      0.03    diag
   5     -100.07055496      -0.00001667     0.25D-03     0.10D-03     4     0       0.00      0.03    diag
   6     -100.07055633      -0.00000137     0.57D-04     0.39D-04     5     0       0.00      0.03    diag
   7     -100.07055637      -0.00000005     0.99D-05     0.93D-05     6     0       0.01      0.04    diag
   8     -100.07055637      -0.00000000     0.11D-05     0.87D-06     7     0       0.00      0.04    fixocc
   9     -100.07055637      -0.00000000     0.11D-06     0.11D-06     8     0       0.00      0.04    diag
  10     -100.07055637       0.00000000     0.72D-08     0.71D-08     9     0       0.01      0.05    diag/orth
  11     -100.07055637      -0.00000000     0.45D-09     0.41D-09     0     0       0.00      0.05    diag

 Final occupancy:   3   1   1   0

 !RHF STATE 1.1 Energy               -100.070556373986
  RHF One-electron energy            -150.613518532362
  RHF Two-electron energy              45.342311232076
  RHF Kinetic energy                  100.037149808972
  RHF Nuclear energy                    5.200650926300
  RHF Virial quotient                  -1.000333941591

 !RHF STATE 1.1 Dipole moment           0.00000000     0.00000000    -0.75905573
 Dipole moment /Debye                   0.00000000     0.00000000    -1.92932723

 Orbital energies:

           1.1          2.1          3.1          4.1          5.1
    -26.294149    -1.601186    -0.768441     0.154867     0.417690

           1.2          2.2          3.2
     -0.650336     0.460003     0.659227

           1.3          2.3          3.3
     -0.650336     0.460003     0.659227

           1.4          2.4
      1.127339     1.772167


 HOMO      1.3    -0.650336 =     -17.6965eV
 LUMO      4.1     0.154867 =       4.2141eV
 LUMO-HOMO         0.805203 =      21.9107eV

 Orbitals saved in record  2100.2


 **********************************************************************************************************************************
 DATASETS  * FILE   NREC   LENGTH (MB)   RECORD NAMES
              1      18       29.17       500      610      700      900      950      970     1000      129      960     1100   
                                          VAR    BASINP    GEOM    SYMINP    ZMAT    AOBASIS   BASIS     P2S    ABASIS      S 
                                         1400     1410     1200     1210     1080     1600     1650     1700   
                                           T        V       H0       H01     AOSYM     SMH    MOLCAS    OPER   

              2       4        0.45       700     1000      520     2100   
                                         GEOM     BASIS   MCVARS     RHF  

 PROGRAMS   *        TOTAL    HF-SCF       INT
 CPU TIMES  *         1.36      0.18      1.01
 REAL TIME  *         2.48 SEC
 DISK USED  *        29.97 MB (local),      341.94 MB (total)
 GA USED    *         0.00 MB       (max)       0.00 MB       (current)
 **********************************************************************************************************************************


 PROGRAM * MP2 (Closed-shell)     Authors: C. Hampel, H.-J. Werner, 1991, M. Deegan, P.J. Knowles, 1992


 Convergence thresholds:  THRVAR = 1.00D-15  THRDEN = 1.00D-11

 Number of core orbitals:           1 (   1   0   0   0 )
 Number of closed-shell orbitals:   4 (   2   1   1   0 )
 Number of external orbitals:     116 (  44  28  28  16 )

 Molecular orbitals read from record     2100.2  Type=RHF/CANONICAL  

 Number of N-1 electron functions:               4
 Number of N-2 electron functions:              10
 Number of singly external CSFs:               144
 Number of doubly external CSFs:             27928
 Total number of CSFs:                       28073

 Length of J-op  integral file:               0.00 MB
 Length of K-op  integral file:               0.28 MB

 Integral transformation finished. Total CPU:   0.01 sec, npass=  1  Memory used:   0.11 MW

 Memory needed for MP2:                      0.02 MW

 SCS-MP2 correlation energy:           -0.305515606019   (PS=  1.200000  PT=  0.333333)
 SCS-MP2 total energy:               -100.376071980005


  Reference energy                   -100.070556373986
  MP2 singlet pair energy              -0.196537579734
  MP2 triplet pair energy              -0.111970463044
  MP2 correlation energy               -0.308508042778

 !MP2 total energy                   -100.379064416764


 **********************************************************************************************************************************
 DATASETS  * FILE   NREC   LENGTH (MB)   RECORD NAMES
              1      19       29.68       500      610      700      900      950      970     1000      129      960     1100   
                                          VAR    BASINP    GEOM    SYMINP    ZMAT    AOBASIS   BASIS     P2S    ABASIS      S 
                                         1400     1410     1200     1210     1080     1600     1650     1700     1380   
                                           T        V       H0       H01     AOSYM     SMH    MOLCAS    OPER     JKOP   

              2       4        0.45       700     1000      520     2100   
                                         GEOM     BASIS   MCVARS     RHF  

 PROGRAMS   *        TOTAL       MP2    HF-SCF       INT
 CPU TIMES  *         1.49      0.12      0.18      1.01
 REAL TIME  *         2.61 SEC
 DISK USED  *        30.19 MB (local),      343.66 MB (total)
 SF USED    *         1.29 MB
 GA USED    *         0.00 MB       (max)       0.00 MB       (current)
 **********************************************************************************************************************************
 SETTING E2             =      -100.37906442  AU                              
 SETTING BASIS          =    USERDEF


 Recomputing integrals since basis changed


 Using spherical harmonics



 PROGRAM * SEWARD (Integral evaluation for generally contracted gaussian basis sets)     Author: Roland Lindh, 1990

 Geometry written to block  1 of record 700


 Point group  C2v 



 ATOMIC COORDINATES

 NR  ATOM    CHARGE       X              Y              Z

   1  F       9.00    0.000000000    0.000000000    0.173055449
   2  H       1.00    0.000000000    0.000000000   -1.557497154

 Bond lengths in Bohr (Angstrom)

 1-2  1.730552603
     ( 0.915769000)

 NUCLEAR CHARGE:                   10
 NUMBER OF PRIMITIVE AOS:         166
 NUMBER OF SYMMETRY AOS:          145
 NUMBER OF CONTRACTIONS:           44   (   20A1  +   10B1  +   10B2  +    4A2  )
 NUMBER OF INNER CORE ORBITALS:     0   (    0A1  +    0B1  +    0B2  +    0A2  )
 NUMBER OF OUTER CORE ORBITALS:     1   (    1A1  +    0B1  +    0B2  +    0A2  )
 NUMBER OF VALENCE ORBITALS:        5   (    3A1  +    1B1  +    1B2  +    0A2  )


 NUCLEAR REPULSION ENERGY    5.20065093

 EXTRA SYMMETRY OF AOS IN SYMMETRY 1:   1 1 1 1 1 1 1 1 2 1   2 1 2 1 1 1 1 1 1 2
 EXTRA SYMMETRY OF AOS IN SYMMETRY 2:   1 1 1 1 1 1 2 1 1 1
 EXTRA SYMMETRY OF AOS IN SYMMETRY 3:   1 1 1 1 1 1 2 1 1 1

 Eigenvalues of metric

         1 0.152E-02 0.711E-01 0.899E-01 0.485E+00 0.591E+00 0.704E+00 0.785E+00 0.100E+01
         2 0.390E-01 0.469E+00 0.691E+00 0.100E+01 0.100E+01 0.100E+01 0.100E+01 0.135E+01
         3 0.390E-01 0.469E+00 0.691E+00 0.100E+01 0.100E+01 0.100E+01 0.100E+01 0.135E+01
         4 0.485E+00 0.100E+01 0.100E+01 0.152E+01


 Contracted 2-electron integrals neglected if value below      1.0D-18
 AO integral compression algorithm  1   Integral accuracy      1.0D-18

     2.097 MB (compressed) written to integral file (100.0%)

     Node minimum: 0.262 MB, node maximum: 0.262 MB


 NUMBER OF SORTED TWO-ELECTRON INTEGRALS:      15662.     BUFFER LENGTH:  32768
 NUMBER OF SEGMENTS:   1  SEGMENT LENGTH:      15662      RECORD LENGTH: 524288

 Memory used in sort:       0.57 MW

 SORT1 READ      164934. AND WROTE       12566. INTEGRALS IN      1 RECORDS. CPU TIME:     0.04 SEC, REAL TIME:     0.04 SEC
 SORT2 READ      108724. AND WROTE      137265. INTEGRALS IN      8 RECORDS. CPU TIME:     0.01 SEC, REAL TIME:     0.01 SEC

 Node minimum:       15662.  Node maximum:       18133. integrals

 OPERATOR DM      FOR CENTER  0  COORDINATES:    0.000000    0.000000    0.000000


 **********************************************************************************************************************************
 DATASETS  * FILE   NREC   LENGTH (MB)   RECORD NAMES
              1      18       28.84       500      610      700      900      950      970     1001      129      960     1100   
                                          VAR    BASINP    GEOM    SYMINP    ZMAT    AOBASIS   BASIS     P2S    ABASIS      S 
                                         1400     1410     1200     1210     1080     1600     1650     1700   
                                           T        V       H0       H01     AOSYM     SMH    MOLCAS    OPER   

              2       5        0.51       700     1000      520     2100     1001   
                                         GEOM     BASIS   MCVARS     RHF     BASIS   

 PROGRAMS   *        TOTAL       INT       MP2    HF-SCF       INT
 CPU TIMES  *         2.40      0.90      0.12      0.18      1.01
 REAL TIME  *         3.64 SEC
 DISK USED  *        30.19 MB (local),      343.66 MB (total)
 SF USED    *         1.29 MB
 GA USED    *         0.00 MB       (max)       0.00 MB       (current)
 **********************************************************************************************************************************


 Program * Restricted Hartree-Fock

 Molecular orbitals read from record     2100.2  Type=RHF/CANONICAL  

 Present basis size:       20   10   10    4
 Previous basis size:      47   29   29   16
 Previous occupation:       3    1    1    0
 Previous closed-shells:    3    1    1    0
 Previous core-orbitals:    1    0    0    0
 Present occupation:        3    1    1    0
 Present closed-shells:     3    1    1    0
 Present core-orbitals:     1    0    0    0
 Wavefunction symmetry:    1   Singlet 

 Orbital overlap <old|new>:  < 1.1| 1.1> = 1.000000   < 2.1| 2.1> = 0.999989   < 3.1| 3.1> = 0.999971   < 1.2| 1.2> = 0.999993
                             < 1.3| 1.3> = 0.999993


 Initial occupancy:   3   1   1   0

 NELEC=   10   SYM=1   MS2= 0   THRE=1.0D-12   THRD=1.0D-06   THRG=1.0D-06  HFMA2=F  DIIS_START=2   DIIS_MAX=10   DIIS_INCORE=F

 Level shifts:    0.00 (CLOSED)    0.00 (OPEN)    0.30 (GAP_MIN)

 ITER           ETOT              DE          GRAD        DDIFF     DIIS  NEXP   TIME(IT)  TIME(TOT)  DIAG
   1     -100.06905162    -100.06905162     0.00D+00     0.23D+00     0     0       0.00      0.01    start
   2     -100.06929411      -0.00024249     0.25D-02     0.31D-02     1     0       0.00      0.01    diag
   3     -100.06929885      -0.00000474     0.27D-03     0.32D-03     2     0       0.00      0.01    diag
   4     -100.06929903      -0.00000018     0.37D-04     0.36D-04     3     0       0.00      0.01    diag
   5     -100.06929905      -0.00000002     0.13D-04     0.12D-04     4     0       0.00      0.01    diag
   6     -100.06929905      -0.00000000     0.66D-05     0.51D-05     5     0       0.00      0.01    diag
   7     -100.06929905      -0.00000000     0.12D-05     0.96D-06     6     0       0.00      0.01    diag
   8     -100.06929905      -0.00000000     0.20D-06     0.16D-06     7     0       0.00      0.01    fixocc
   9     -100.06929905      -0.00000000     0.23D-07     0.27D-07     8     0       0.00      0.01    diag
  10     -100.06929905       0.00000000     0.13D-08     0.74D-09     0     0       0.00      0.01    diag/orth

 Final occupancy:   3   1   1   0

 !RHF STATE 1.1 Energy               -100.069299049901
  RHF One-electron energy            -150.624154093867
  RHF Two-electron energy              45.354204117666
  RHF Kinetic energy                  100.041674477188
  RHF Nuclear energy                    5.200650926300
  RHF Virial quotient                  -1.000276130651

 !RHF STATE 1.1 Dipole moment           0.00000000     0.00000000    -0.76361504
 Dipole moment /Debye                   0.00000000     0.00000000    -1.94091582

 Orbital energies:

           1.1          2.1          3.1          4.1          5.1
    -26.292104    -1.599950    -0.766931     0.209807     0.715385

           1.2          2.2          3.2
     -0.649444     0.745506     1.025424

           1.3          2.3          3.3
     -0.649444     0.745506     1.025424

           1.4          2.4
      1.709706     2.664950


 HOMO      1.3    -0.649444 =     -17.6723eV
 LUMO      4.1     0.209807 =       5.7091eV
 LUMO-HOMO         0.859251 =      23.3814eV

 Orbitals saved in record  2101.2


 **********************************************************************************************************************************
 DATASETS  * FILE   NREC   LENGTH (MB)   RECORD NAMES
              1      18       28.84       500      610      700      900      950      970     1001      129      960     1100   
                                          VAR    BASINP    GEOM    SYMINP    ZMAT    AOBASIS   BASIS     P2S    ABASIS      S 
                                         1400     1410     1200     1210     1080     1600     1650     1700   
                                           T        V       H0       H01     AOSYM     SMH    MOLCAS    OPER   

              2       6        0.62       700     1000      520     2100     1001     2101   
                                         GEOM     BASIS   MCVARS     RHF     BASIS     RHF  

 PROGRAMS   *        TOTAL    HF-SCF       INT       MP2    HF-SCF       INT
 CPU TIMES  *         2.52      0.12      0.90      0.12      0.18      1.01
 REAL TIME  *         3.92 SEC
 DISK USED  *        30.19 MB (local),      343.66 MB (total)
 SF USED    *         1.29 MB
 GA USED    *         0.00 MB       (max)       0.00 MB       (current)
 **********************************************************************************************************************************


 PROGRAM * MP2 (Closed-shell)     Authors: C. Hampel, H.-J. Werner, 1991, M. Deegan, P.J. Knowles, 1992


 Convergence thresholds:  THRVAR = 1.00D-15  THRDEN = 1.00D-11

 Number of core orbitals:           1 (   1   0   0   0 )
 Number of closed-shell orbitals:   4 (   2   1   1   0 )
 Number of external orbitals:      39 (  17   9   9   4 )

 Molecular orbitals read from record     2101.2  Type=RHF/CANONICAL (state 1.1)

 Number of N-1 electron functions:               4
 Number of N-2 electron functions:              10
 Number of singly external CSFs:                52
 Number of doubly external CSFs:              3289
 Total number of CSFs:                        3342

 Length of J-op  integral file:               0.00 MB
 Length of K-op  integral file:               0.04 MB

 Integral transformation finished. Total CPU:   0.00 sec, npass=  1  Memory used:   0.07 MW

 Memory needed for MP2:                      0.00 MW

 SCS-MP2 correlation energy:           -0.273023903645   (PS=  1.200000  PT=  0.333333)
 SCS-MP2 total energy:               -100.342322953546


  Reference energy                   -100.069299049901
  MP2 singlet pair energy              -0.172077561051
  MP2 triplet pair energy              -0.106924548830
  MP2 correlation energy               -0.279002109881

 !MP2 total energy                   -100.348301159783


 **********************************************************************************************************************************
 DATASETS  * FILE   NREC   LENGTH (MB)   RECORD NAMES
              1      19       28.92       500      610      700      900      950      970     1001      129      960     1100   
                                          VAR    BASINP    GEOM    SYMINP    ZMAT    AOBASIS   BASIS     P2S    ABASIS      S 
                                         1400     1410     1200     1210     1080     1600     1650     1700     1380   
                                           T        V       H0       H01     AOSYM     SMH    MOLCAS    OPER     JKOP   

              2       6        0.62       700     1000      520     2100     1001     2101   
                                         GEOM     BASIS   MCVARS     RHF     BASIS     RHF  

 PROGRAMS   *        TOTAL       MP2    HF-SCF       INT       MP2    HF-SCF       INT
 CPU TIMES  *         2.62      0.09      0.12      0.90      0.12      0.18      1.01
 REAL TIME  *         4.02 SEC
 DISK USED  *        30.19 MB (local),      343.66 MB (total)
 SF USED    *         1.29 MB
 GA USED    *         0.00 MB       (max)       0.00 MB       (current)
 **********************************************************************************************************************************
 SETTING EMP2           =      -100.34830116  AU                              


 PROGRAM * CCSD (Closed-shell coupled cluster)     Authors: C. Hampel, H.-J. Werner, 1991, M. Deegan, P.J. Knowles, 1992


 Convergence thresholds:  THRVAR = 1.00D-15  THRDEN = 1.00D-11

 CCSD(T)     terms to be evaluated (factor= 1.000)


 Number of core orbitals:           1 (   1   0   0   0 )
 Number of closed-shell orbitals:   4 (   2   1   1   0 )
 Number of external orbitals:      39 (  17   9   9   4 )

 Molecular orbitals read from record     2101.2  Type=RHF/CANONICAL (state 1.1)

 Number of N-1 electron functions:               4
 Number of N-2 electron functions:              10
 Number of singly external CSFs:                52
 Number of doubly external CSFs:              3289
 Total number of CSFs:                        3342

 Length of J-op  integral file:               0.00 MB
 Length of K-op  integral file:               0.04 MB
 Length of 3-ext integral record:             0.00 MB

 Memory could be reduced to 0.16 Mwords without degradation in triples

 Integral transformation finished. Total CPU:   0.00 sec, npass=  1  Memory used:   0.09 MW

 Reference energy:                   -100.06929905

 MP2 singlet pair energy:              -0.17207756
 MP2 triplet pair energy:              -0.10692455
 MP2 correlation energy:               -0.27900211
 MP2 total energy:                   -100.34830116

 SCS-MP2 correlation energy:           -0.27302390   (PS=  1.200000  PT=  0.333333)
 SCS-MP2 total energy:               -100.34232295

 ITER.      SQ.NORM     CORR.ENERGY   TOTAL ENERGY   ENERGY CHANGE        DEN1      VAR(S)    VAR(P)  DIIS     TIME  TIME/IT
   1      1.04959464    -0.28122241  -100.35052146    -0.00222030     0.00259076  0.62D-03  0.65D-03  1  1     0.03     0.00
   2      1.05201743    -0.28124720  -100.35054625    -0.00002479    -0.00414968  0.25D-05  0.69D-04  2  2     0.03     0.00
   3      1.05266324    -0.28128776  -100.35058681    -0.00004057    -0.00055593  0.36D-05  0.27D-05  3  3     0.03     0.00
   4      1.05285022    -0.28127257  -100.35057162     0.00001519    -0.00013307  0.42D-07  0.18D-06  4  4     0.03     0.00
   5      1.05288009    -0.28127201  -100.35057106     0.00000057    -0.00001993  0.89D-08  0.64D-08  5  5     0.03     0.00
   6      1.05288394    -0.28127136  -100.35057041     0.00000065    -0.00000141  0.91D-09  0.23D-09  6  6     0.04     0.00
   7      1.05288462    -0.28127137  -100.35057042    -0.00000001    -0.00000022  0.11D-09  0.29D-10  6  1     0.04     0.00
   8      1.05288466    -0.28127140  -100.35057045    -0.00000002     0.00000022  0.71D-11  0.22D-11  6  2     0.04     0.00
   9      1.05288475    -0.28127137  -100.35057042     0.00000002    -0.00000003  0.17D-12  0.15D-12  6  3     0.04     0.00
  10      1.05288474    -0.28127138  -100.35057043    -0.00000000     0.00000001  0.77D-14  0.56D-14  6  4     0.04     0.00
  11      1.05288474    -0.28127138  -100.35057043    -0.00000000     0.00000000  0.11D-14  0.24D-15  6  5     0.04     0.00
  12      1.05288474    -0.28127138  -100.35057043    -0.00000000     0.00000000  0.35D-16  0.24D-16  6  6     0.04     0.00
  13      1.05288474    -0.28127138  -100.35057043    -0.00000000     0.00000000  0.16D-17  0.19D-17  6  2     0.05     0.00
  14      1.05288474    -0.28127138  -100.35057043    -0.00000000     0.00000000  0.53D-19  0.26D-19  6  1     0.05     0.00
  15      1.05288474    -0.28127138  -100.35057043    -0.00000000    -0.00000000  0.14D-20  0.23D-20  6  4     0.05     0.00

 Norm of t1 vector:      0.02949880      S-energy:     0.00000000      T1 diagnostic:  0.00737470
                                                                       D1 diagnostic:  0.01178703
                                                                       D2 diagnostic:  0.11931154 (internal)


 Total CPU time for triples:      0.00 sec


 RESULTS
 =======

  Reference energy                   -100.069299049901
  CCSD singlet pair energy             -0.185631174088
  CCSD triplet pair energy             -0.095640203543
  CCSD correlation energy              -0.281271377620

  Triples (T) contribution             -0.006929099738
  Total correlation energy             -0.288200477358

  CCSD total energy                  -100.350570427521
  CCSD[T] energy                     -100.357778609275
  CCSD-T energy                      -100.357329479844
 !CCSD(T) total energy               -100.357499527259

 Timing summary (sec):

 STEP                 CPU(USER)    SYS     CPU(TOT)    WALL
 CCSD iterations         0.05      0.01      0.06      0.04

 Program statistics:

 Available memory in ccsd:              1499999927
 Min. memory needed in ccsd:                 18178
 Max. memory used in ccsd:                   20183
 Max. memory used in cckext:                 51386 (15 integral passes)



 **********************************************************************************************************************************
 DATASETS  * FILE   NREC   LENGTH (MB)   RECORD NAMES
              1      19       29.16       500      610      700      900      950      970     1001      129      960     1100   
                                          VAR    BASINP    GEOM    SYMINP    ZMAT    AOBASIS   BASIS     P2S    ABASIS      S 
                                         1400     1410     1200     1210     1080     1600     1650     1700     1380   
                                           T        V       H0       H01     AOSYM     SMH    MOLCAS    OPER     JKOP   

              2       6        0.62       700     1000      520     2100     1001     2101   
                                         GEOM     BASIS   MCVARS     RHF     BASIS     RHF  

 PROGRAMS   *        TOTAL   CCSD(T)       MP2    HF-SCF       INT       MP2    HF-SCF       INT
 CPU TIMES  *         2.75      0.12      0.09      0.12      0.90      0.12      0.18      1.01
 REAL TIME  *         4.16 SEC
 DISK USED  *        30.21 MB (local),      343.69 MB (total)
 SF USED    *         1.29 MB
 GA USED    *         0.00 MB       (max)       0.00 MB       (current)
 **********************************************************************************************************************************
 SETTING EHLC           =        -0.00919837  AU                              
 SETTING ETOTAL         =      -100.38826278  AU                              
 E2               =      -100.37906442 AU
 EMP2             =      -100.34830116 AU
 EHLC             =        -0.00919837 AU
 ETOTAL           =      -100.38826278 AU
 _ECHARG          =         0.00000000 C
 _ENULL           =         0.00000000 C/Vm
 _EMASS           =         0.00000000 kg
 _EV              =         0.03674932 HARTREE
 _EHOMO           =        -0.64944386  
 _ELUMO           =         0.20980713  
 _EMP2            =      -100.34830116 AU
 _EMP2_SING       =        -0.17207756 AU
 _EMP2_TRIP       =        -0.10692455 AU
 _EMP2_SCS        =      -100.34232295 AU
 _ECSING          =        -0.18563117 AU
 _ECTRIP          =        -0.09564020 AU
 _ENERGC          =      -100.35057043 AU
 _ENERG_CC        =         0.00000000 AU
 _ENERG_CV        =         0.00000000 AU
 _ENERG_VV        =        -0.28127138 AU
 _ENERGR          =      -100.06929905 AU
 _ENERGT(1:3)     = [    -100.35749953  -100.35777861  -100.35732948] AU
 _ENERGY          =      -100.35749953 AU
 _ENERGY_METHOD   =    CCSD(T)
 _ENERGY_BASIS    =    USERDEF
 _ENUC            =         5.20065093 AU
 _ECDIAG          =        -0.08756042 AU
 _EPDIAG          =        -0.08756042 AU
 _ERF             =    ERF
 _ERFC            =    ERFC
 _EXP             =    EXP
 _EMBEDENERGY     =         0.00000000 AU
 _EMBE_CORR       =         0.00000000 AU
 _EMBED_SCF                       =    FALSE   
 _EOMCCSD_CONV                    =    FALSE   


 PROGRAM * OPT (Geometry optimization)     Authors: F. Eckert and H.-J. Werner


 Using mppx in numerical gradients

 BFGS update of hessian

 Geometry optimization using start command=LABEL1

 Optimizing variable ETOTAL; current value:   -100.38826278 AU

 Geometry written to block  1 of record 700

 *** Long output written to logfile /gpfs01/work/emmanous/6Frequencies/implementation/MOLPRO/G4-Tano-v2/EXAMPLE_HF/hf.opt.log ***


 Generated   1 symmetrical displacements
 Waited for other processes for   1.11 seconds

 Making model hessian for cartesian coordinates

 Entering Rational Function Geometry Optimization

 ITER.   ENERGY(OLD)    ENERGY(NEW)      DE          GRADMAX     GRADNORM    GRADRMS     STEPMAX     STEPLEN     STEPRMS   CPU-time
   1  -100.38826278  -100.38826855    -0.00000577  0.00397967  0.00397967  0.00397967  0.00252867  0.00252867  0.00178804     11.22
 Waited for other processes for   3.19 seconds
   2  -100.38826855  -100.38826875    -0.00000019  0.00081819  0.00081819  0.00081819  0.00065442  0.00065442  0.00046275     24.74
 Waited for other processes for   1.09 seconds
   3  -100.38826875  -100.38826876    -0.00000001  0.00000712  0.00000712  0.00000712  0.00000574  0.00000574  0.00000406     36.87

 END OF GEOMETRY OPTIMIZATION.

 Geometry written to block  1 of record 700

 Current geometry (xyz format, in Angstrom)

    2
 CCSD(T)/USERDEF  ENERGY=-100.38826876
 F          0.0000000000        0.0000000000        0.0927702149
 H          0.0000000000        0.0000000000       -0.8253852149

 **********************************************************************************************************************************


 **********************************************************************************************************************************
 DATASETS  * FILE   NREC   LENGTH (MB)   RECORD NAMES
              1      19       29.16       500      610      700      900      950      970     1001      129      960     1100   
                                          VAR    BASINP    GEOM    SYMINP    ZMAT    AOBASIS   BASIS     P2S    ABASIS      S 
                                         1400     1410     1200     1210     1080     1600     1650     1700     1380   
                                           T        V       H0       H01     AOSYM     SMH    MOLCAS    OPER     JKOP   

              2       8        0.79       700     1000      520     2100     1001     2101     5600     2102   
                                         GEOM     BASIS   MCVARS     RHF     BASIS     RHF     GINFO     RHF  

 PROGRAMS   *        TOTAL      OPTG   CCSD(T)       MP2    HF-SCF       INT       MP2    HF-SCF       INT
 CPU TIMES  *        39.63     36.87      0.12      0.09      0.12      0.90      0.12      0.18      1.01
 REAL TIME  *        49.95 SEC
 DISK USED  *        30.55 MB (local),      794.10 MB (total)
 SF USED    *         1.46 MB
 GA USED    *         0.00 MB       (max)       0.00 MB       (current)
 **********************************************************************************************************************************

 CCSD(T)/USERDEF//CCSD(T)/USERDEF energy=   -100.357518460502

   OPTG(CCSD(T))         CCSD(T)             MP2          HF-SCF             MP2          HF-SCF
   -100.38826876   -100.35749953   -100.34830116   -100.06929905   -100.37906442   -100.07055637
 **********************************************************************************************************************************
 Molpro calculation terminated
